2019-04-01 15:17:21 INFO     Loading Data
2019-04-01 15:17:22 INFO     Model Setting Up
2019-04-01 15:17:30 INFO     Start Training
2019-04-01 15:17:40 INFO     Batch: [0/120] Epoch: [0] Loss: [2.3196489810943604]
2019-04-01 15:17:43 INFO     Accuracy: [0.06545454545454545]

2019-04-01 15:17:43 INFO     Batch: [1/120] Epoch: [0] Loss: [2.315575361251831]
2019-04-01 15:17:43 INFO     Batch: [2/120] Epoch: [0] Loss: [2.3126593430836997]
2019-04-01 15:17:44 INFO     Batch: [3/120] Epoch: [0] Loss: [2.3072898387908936]
2019-04-01 15:17:44 INFO     Batch: [4/120] Epoch: [0] Loss: [2.3021249771118164]
2019-04-01 15:17:44 INFO     Batch: [5/120] Epoch: [0] Loss: [2.298039436340332]
2019-04-01 15:17:45 INFO     Batch: [6/120] Epoch: [0] Loss: [2.294545820781163]
2019-04-01 15:17:45 INFO     Batch: [7/120] Epoch: [0] Loss: [2.2912727892398834]
2019-04-01 15:17:46 INFO     Batch: [8/120] Epoch: [0] Loss: [2.288429710600111]
2019-04-01 15:17:46 INFO     Batch: [9/120] Epoch: [0] Loss: [2.286376452445984]
2019-04-01 15:17:46 INFO     Batch: [10/120] Epoch: [0] Loss: [2.2837105014107446]
2019-04-01 15:17:47 INFO     Batch: [11/120] Epoch: [0] Loss: [2.281199355920156]
2019-04-01 15:17:47 INFO     Batch: [12/120] Epoch: [0] Loss: [2.278497732602633]
2019-04-01 15:17:47 INFO     Batch: [13/120] Epoch: [0] Loss: [2.2753193208149503]
2019-04-01 15:17:48 INFO     Batch: [14/120] Epoch: [0] Loss: [2.2723969141642253]
2019-04-01 15:17:48 INFO     Batch: [15/120] Epoch: [0] Loss: [2.269494816660881]
2019-04-01 15:17:49 INFO     Batch: [16/120] Epoch: [0] Loss: [2.266627451952766]
2019-04-01 15:17:49 INFO     Batch: [17/120] Epoch: [0] Loss: [2.2632159524493747]
2019-04-01 15:17:49 INFO     Batch: [18/120] Epoch: [0] Loss: [2.260236438951994]
2019-04-01 15:17:50 INFO     Batch: [19/120] Epoch: [0] Loss: [2.25806667804718]
2019-04-01 15:17:50 INFO     Batch: [20/120] Epoch: [0] Loss: [2.254163776125227]
2019-04-01 15:17:50 INFO     Batch: [21/120] Epoch: [0] Loss: [2.25133169781078]
2019-04-01 15:17:51 INFO     Batch: [22/120] Epoch: [0] Loss: [2.2488305154054062]
2019-04-01 15:17:51 INFO     Batch: [23/120] Epoch: [0] Loss: [2.2468214631080627]
2019-04-01 15:17:52 INFO     Batch: [24/120] Epoch: [0] Loss: [2.244651517868042]
2019-04-01 15:17:52 INFO     Batch: [25/120] Epoch: [0] Loss: [2.241374318416302]
2019-04-01 15:17:52 INFO     Batch: [26/120] Epoch: [0] Loss: [2.239076949931957]
2019-04-01 15:17:53 INFO     Batch: [27/120] Epoch: [0] Loss: [2.236175528594426]
2019-04-01 15:17:53 INFO     Batch: [28/120] Epoch: [0] Loss: [2.2331873466228616]
2019-04-01 15:17:53 INFO     Batch: [29/120] Epoch: [0] Loss: [2.2298386255900065]
2019-04-01 15:17:54 INFO     Batch: [30/120] Epoch: [0] Loss: [2.22758646165171]
2019-04-01 15:17:54 INFO     Batch: [31/120] Epoch: [0] Loss: [2.2253349497914314]
2019-04-01 15:17:55 INFO     Batch: [32/120] Epoch: [0] Loss: [2.2232742526314477]
2019-04-01 15:17:55 INFO     Batch: [33/120] Epoch: [0] Loss: [2.2208701302023495]
2019-04-01 15:17:55 INFO     Batch: [34/120] Epoch: [0] Loss: [2.218055670601981]
2019-04-01 15:17:56 INFO     Batch: [35/120] Epoch: [0] Loss: [2.2157157328393726]
2019-04-01 15:17:56 INFO     Batch: [36/120] Epoch: [0] Loss: [2.212594038731343]
2019-04-01 15:17:57 INFO     Batch: [37/120] Epoch: [0] Loss: [2.2104282567375586]
2019-04-01 15:17:57 INFO     Batch: [38/120] Epoch: [0] Loss: [2.208287000656128]
2019-04-01 15:17:57 INFO     Batch: [39/120] Epoch: [0] Loss: [2.2062704086303713]
2019-04-01 15:17:58 INFO     Batch: [40/120] Epoch: [0] Loss: [2.203864475575889]
2019-04-01 15:17:58 INFO     Batch: [41/120] Epoch: [0] Loss: [2.2021892297835577]
2019-04-01 15:17:58 INFO     Batch: [42/120] Epoch: [0] Loss: [2.1996265344841537]
2019-04-01 15:17:59 INFO     Batch: [43/120] Epoch: [0] Loss: [2.1970017606561836]
2019-04-01 15:17:59 INFO     Batch: [44/120] Epoch: [0] Loss: [2.1948167694939507]
2019-04-01 15:18:00 INFO     Batch: [45/120] Epoch: [0] Loss: [2.192273419836293]
2019-04-01 15:18:00 INFO     Batch: [46/120] Epoch: [0] Loss: [2.18990487748004]
2019-04-01 15:18:00 INFO     Batch: [47/120] Epoch: [0] Loss: [2.1875879814227424]
2019-04-01 15:18:01 INFO     Batch: [48/120] Epoch: [0] Loss: [2.1857032629908346]
2019-04-01 15:18:01 INFO     Batch: [49/120] Epoch: [0] Loss: [2.183805136680603]
2019-04-01 15:18:01 INFO     Batch: [50/120] Epoch: [0] Loss: [2.1819205097123686]
2019-04-01 15:18:02 INFO     Batch: [51/120] Epoch: [0] Loss: [2.1790153430058408]
2019-04-01 15:18:02 INFO     Batch: [52/120] Epoch: [0] Loss: [2.177049016052822]
2019-04-01 15:18:02 INFO     Batch: [53/120] Epoch: [0] Loss: [2.1746337678697376]
2019-04-01 15:18:03 INFO     Batch: [54/120] Epoch: [0] Loss: [2.172504030574452]
2019-04-01 15:18:03 INFO     Batch: [55/120] Epoch: [0] Loss: [2.1703818312713077]
2019-04-01 15:18:04 INFO     Batch: [56/120] Epoch: [0] Loss: [2.1682183826178836]
2019-04-01 15:18:04 INFO     Batch: [57/120] Epoch: [0] Loss: [2.166215522535916]
2019-04-01 15:18:04 INFO     Batch: [58/120] Epoch: [0] Loss: [2.1644388174606584]
2019-04-01 15:18:05 INFO     Batch: [59/120] Epoch: [0] Loss: [2.1622097293535867]
2019-04-01 15:18:05 INFO     Batch: [60/120] Epoch: [0] Loss: [2.160597586240925]
2019-04-01 15:18:05 INFO     Batch: [61/120] Epoch: [0] Loss: [2.15835072917323]
2019-04-01 15:18:06 INFO     Batch: [62/120] Epoch: [0] Loss: [2.1561802341824485]
2019-04-01 15:18:06 INFO     Batch: [63/120] Epoch: [0] Loss: [2.1545176468789577]
2019-04-01 15:18:06 INFO     Batch: [64/120] Epoch: [0] Loss: [2.15258118556096]
2019-04-01 15:18:07 INFO     Batch: [65/120] Epoch: [0] Loss: [2.1506349895939683]
2019-04-01 15:18:07 INFO     Batch: [66/120] Epoch: [0] Loss: [2.14872232123987]
2019-04-01 15:18:08 INFO     Batch: [67/120] Epoch: [0] Loss: [2.1468277608647064]
2019-04-01 15:18:08 INFO     Batch: [68/120] Epoch: [0] Loss: [2.1454097637231797]
2019-04-01 15:18:08 INFO     Batch: [69/120] Epoch: [0] Loss: [2.14369193145207]
2019-04-01 15:18:09 INFO     Batch: [70/120] Epoch: [0] Loss: [2.142567960309311]
2019-04-01 15:18:09 INFO     Batch: [71/120] Epoch: [0] Loss: [2.1411222517490387]
2019-04-01 15:18:10 INFO     Batch: [72/120] Epoch: [0] Loss: [2.139580827869781]
2019-04-01 15:18:10 INFO     Batch: [73/120] Epoch: [0] Loss: [2.137793041564323]
2019-04-01 15:18:10 INFO     Batch: [74/120] Epoch: [0] Loss: [2.1357178354263304]
2019-04-01 15:18:11 INFO     Batch: [75/120] Epoch: [0] Loss: [2.1338106158532595]
2019-04-01 15:18:11 INFO     Batch: [76/120] Epoch: [0] Loss: [2.13131257156273]
2019-04-01 15:18:11 INFO     Batch: [77/120] Epoch: [0] Loss: [2.1302871948633437]
2019-04-01 15:18:12 INFO     Batch: [78/120] Epoch: [0] Loss: [2.128634534304655]
2019-04-01 15:18:12 INFO     Batch: [79/120] Epoch: [0] Loss: [2.127432769536972]
2019-04-01 15:18:13 INFO     Batch: [80/120] Epoch: [0] Loss: [2.1263472033135686]
2019-04-01 15:18:13 INFO     Batch: [81/120] Epoch: [0] Loss: [2.1245961363722636]
2019-04-01 15:18:13 INFO     Batch: [82/120] Epoch: [0] Loss: [2.123205848487027]
2019-04-01 15:18:14 INFO     Batch: [83/120] Epoch: [0] Loss: [2.1218981572559903]
2019-04-01 15:18:14 INFO     Batch: [84/120] Epoch: [0] Loss: [2.120112455592436]
2019-04-01 15:18:15 INFO     Batch: [85/120] Epoch: [0] Loss: [2.118309869322666]
2019-04-01 15:18:15 INFO     Batch: [86/120] Epoch: [0] Loss: [2.117351764920114]
2019-04-01 15:18:15 INFO     Batch: [87/120] Epoch: [0] Loss: [2.115587520328435]
2019-04-01 15:18:16 INFO     Batch: [88/120] Epoch: [0] Loss: [2.1136383407571344]
2019-04-01 15:18:16 INFO     Batch: [89/120] Epoch: [0] Loss: [2.1116986526383292]
2019-04-01 15:18:16 INFO     Batch: [90/120] Epoch: [0] Loss: [2.109905664737408]
2019-04-01 15:18:17 INFO     Batch: [91/120] Epoch: [0] Loss: [2.1084454888882846]
2019-04-01 15:18:17 INFO     Batch: [92/120] Epoch: [0] Loss: [2.1077493570184194]
2019-04-01 15:18:18 INFO     Batch: [93/120] Epoch: [0] Loss: [2.105955003423894]
2019-04-01 15:18:18 INFO     Batch: [94/120] Epoch: [0] Loss: [2.1049239271565487]
2019-04-01 15:18:18 INFO     Batch: [95/120] Epoch: [0] Loss: [2.1031855617960296]
2019-04-01 15:18:19 INFO     Batch: [96/120] Epoch: [0] Loss: [2.1017489851135567]
2019-04-01 15:18:19 INFO     Batch: [97/120] Epoch: [0] Loss: [2.1003258629721038]
2019-04-01 15:18:19 INFO     Batch: [98/120] Epoch: [0] Loss: [2.098381615648366]
2019-04-01 15:18:20 INFO     Batch: [99/120] Epoch: [0] Loss: [2.0964589858055116]
2019-04-01 15:18:20 INFO     Batch: [100/120] Epoch: [0] Loss: [2.0955084101988537]
2019-04-01 15:18:21 INFO     Batch: [101/120] Epoch: [0] Loss: [2.0941957527515935]
2019-04-01 15:18:21 INFO     Batch: [102/120] Epoch: [0] Loss: [2.0918754883182857]
2019-04-01 15:18:21 INFO     Batch: [103/120] Epoch: [0] Loss: [2.090227476679362]
2019-04-01 15:18:22 INFO     Batch: [104/120] Epoch: [0] Loss: [2.0886418092818486]
2019-04-01 15:18:22 INFO     Batch: [105/120] Epoch: [0] Loss: [2.0870760667998836]
2019-04-01 15:18:22 INFO     Batch: [106/120] Epoch: [0] Loss: [2.085345183577493]
2019-04-01 15:18:23 INFO     Batch: [107/120] Epoch: [0] Loss: [2.084086509766402]
2019-04-01 15:18:23 INFO     Batch: [108/120] Epoch: [0] Loss: [2.082424700806994]
2019-04-01 15:18:24 INFO     Batch: [109/120] Epoch: [0] Loss: [2.0808883862061935]
2019-04-01 15:18:24 INFO     Batch: [110/120] Epoch: [0] Loss: [2.0797374656608514]
2019-04-01 15:18:24 INFO     Batch: [111/120] Epoch: [0] Loss: [2.078385796930109]
2019-04-01 15:18:25 INFO     Batch: [112/120] Epoch: [0] Loss: [2.077476286255153]
2019-04-01 15:18:25 INFO     Batch: [113/120] Epoch: [0] Loss: [2.076169390427439]
2019-04-01 15:18:26 INFO     Batch: [114/120] Epoch: [0] Loss: [2.0749050347701363]
2019-04-01 15:18:26 INFO     Batch: [115/120] Epoch: [0] Loss: [2.0733828554893363]
2019-04-01 15:18:26 INFO     Batch: [116/120] Epoch: [0] Loss: [2.0722745718100133]
2019-04-01 15:18:27 INFO     Batch: [117/120] Epoch: [0] Loss: [2.071118618472148]
2019-04-01 15:18:27 INFO     Batch: [118/120] Epoch: [0] Loss: [2.0697555361675617]
2019-04-01 15:18:27 INFO     Batch: [119/120] Epoch: [0] Loss: [2.068581888079643]
2019-04-01 15:18:30 INFO     Epoch: [0/200] Loss: [2.068581888079643] Accuracy: [0.3278181818181818]
2019-04-01 15:18:31 INFO     Batch: [0/120] Epoch: [1] Loss: [1.9738608598709106]
2019-04-01 15:18:34 INFO     Accuracy: [0.3374545454545454]

2019-04-01 15:18:34 INFO     Batch: [1/120] Epoch: [1] Loss: [1.9304755926132202]
2019-04-01 15:18:35 INFO     Batch: [2/120] Epoch: [1] Loss: [1.9385450681050618]
2019-04-01 15:18:35 INFO     Batch: [3/120] Epoch: [1] Loss: [1.9305973052978516]
2019-04-01 15:18:35 INFO     Batch: [4/120] Epoch: [1] Loss: [1.9399163007736206]
2019-04-01 15:18:36 INFO     Batch: [5/120] Epoch: [1] Loss: [1.9344591697057087]
2019-04-01 15:18:36 INFO     Batch: [6/120] Epoch: [1] Loss: [1.9350852966308594]
2019-04-01 15:18:37 INFO     Batch: [7/120] Epoch: [1] Loss: [1.9330624788999557]
2019-04-01 15:18:37 INFO     Batch: [8/120] Epoch: [1] Loss: [1.9338727394739788]
2019-04-01 15:18:37 INFO     Batch: [9/120] Epoch: [1] Loss: [1.9314638376235962]
2019-04-01 15:18:38 INFO     Batch: [10/120] Epoch: [1] Loss: [1.929976831782948]
2019-04-01 15:18:38 INFO     Batch: [11/120] Epoch: [1] Loss: [1.9291005829970043]
2019-04-01 15:18:38 INFO     Batch: [12/120] Epoch: [1] Loss: [1.9239462797458355]
2019-04-01 15:18:39 INFO     Batch: [13/120] Epoch: [1] Loss: [1.922580327306475]
2019-04-01 15:18:39 INFO     Batch: [14/120] Epoch: [1] Loss: [1.9202938477198284]
2019-04-01 15:18:40 INFO     Batch: [15/120] Epoch: [1] Loss: [1.9188293367624283]
2019-04-01 15:18:40 INFO     Batch: [16/120] Epoch: [1] Loss: [1.917927054797902]
2019-04-01 15:18:40 INFO     Batch: [17/120] Epoch: [1] Loss: [1.9166162874963548]
2019-04-01 15:18:41 INFO     Batch: [18/120] Epoch: [1] Loss: [1.9131476816378141]
2019-04-01 15:18:41 INFO     Batch: [19/120] Epoch: [1] Loss: [1.914204126596451]
2019-04-01 15:18:41 INFO     Batch: [20/120] Epoch: [1] Loss: [1.9120377472468786]
2019-04-01 15:18:42 INFO     Batch: [21/120] Epoch: [1] Loss: [1.9086919210173867]
2019-04-01 15:18:42 INFO     Batch: [22/120] Epoch: [1] Loss: [1.906158835991569]
2019-04-01 15:18:43 INFO     Batch: [23/120] Epoch: [1] Loss: [1.9076623370250065]
2019-04-01 15:18:43 INFO     Batch: [24/120] Epoch: [1] Loss: [1.9060962533950805]
2019-04-01 15:18:43 INFO     Batch: [25/120] Epoch: [1] Loss: [1.9061802258858314]
2019-04-01 15:18:44 INFO     Batch: [26/120] Epoch: [1] Loss: [1.9050295882754855]
2019-04-01 15:18:44 INFO     Batch: [27/120] Epoch: [1] Loss: [1.9044186515467507]
2019-04-01 15:18:44 INFO     Batch: [28/120] Epoch: [1] Loss: [1.903365887444595]
2019-04-01 15:18:45 INFO     Batch: [29/120] Epoch: [1] Loss: [1.9036335269610087]
2019-04-01 15:18:45 INFO     Batch: [30/120] Epoch: [1] Loss: [1.902697963099326]
2019-04-01 15:18:46 INFO     Batch: [31/120] Epoch: [1] Loss: [1.9004450589418411]
2019-04-01 15:18:46 INFO     Batch: [32/120] Epoch: [1] Loss: [1.898877902464433]
2019-04-01 15:18:46 INFO     Batch: [33/120] Epoch: [1] Loss: [1.8978142843526953]
2019-04-01 15:18:47 INFO     Batch: [34/120] Epoch: [1] Loss: [1.8960170473371234]
2019-04-01 15:18:47 INFO     Batch: [35/120] Epoch: [1] Loss: [1.8961161341932085]
2019-04-01 15:18:47 INFO     Batch: [36/120] Epoch: [1] Loss: [1.8963848932369336]
2019-04-01 15:18:48 INFO     Batch: [37/120] Epoch: [1] Loss: [1.895466707254711]
2019-04-01 15:18:48 INFO     Batch: [38/120] Epoch: [1] Loss: [1.89628939750867]
2019-04-01 15:18:49 INFO     Batch: [39/120] Epoch: [1] Loss: [1.8961450785398484]
2019-04-01 15:18:49 INFO     Batch: [40/120] Epoch: [1] Loss: [1.8968213447710363]
2019-04-01 15:18:49 INFO     Batch: [41/120] Epoch: [1] Loss: [1.8962462033544267]
2019-04-01 15:18:50 INFO     Batch: [42/120] Epoch: [1] Loss: [1.896152751390324]
2019-04-01 15:18:50 INFO     Batch: [43/120] Epoch: [1] Loss: [1.8967894667928868]
2019-04-01 15:18:50 INFO     Batch: [44/120] Epoch: [1] Loss: [1.8962749693128798]
2019-04-01 15:18:51 INFO     Batch: [45/120] Epoch: [1] Loss: [1.8958976139192996]
2019-04-01 15:18:51 INFO     Batch: [46/120] Epoch: [1] Loss: [1.897029496253805]
2019-04-01 15:18:52 INFO     Batch: [47/120] Epoch: [1] Loss: [1.8969868421554565]
2019-04-01 15:18:52 INFO     Batch: [48/120] Epoch: [1] Loss: [1.8962048486787446]
2019-04-01 15:18:52 INFO     Batch: [49/120] Epoch: [1] Loss: [1.8949104046821594]
2019-04-01 15:18:53 INFO     Batch: [50/120] Epoch: [1] Loss: [1.8934216148713057]
2019-04-01 15:18:53 INFO     Batch: [51/120] Epoch: [1] Loss: [1.892984030338434]
2019-04-01 15:18:53 INFO     Batch: [52/120] Epoch: [1] Loss: [1.8928175107488092]
2019-04-01 15:18:54 INFO     Batch: [53/120] Epoch: [1] Loss: [1.8921558702433552]
2019-04-01 15:18:54 INFO     Batch: [54/120] Epoch: [1] Loss: [1.891137712652033]
2019-04-01 15:18:55 INFO     Batch: [55/120] Epoch: [1] Loss: [1.8898640700748988]
2019-04-01 15:18:55 INFO     Batch: [56/120] Epoch: [1] Loss: [1.8892331708941543]
2019-04-01 15:18:55 INFO     Batch: [57/120] Epoch: [1] Loss: [1.8877994192057643]
2019-04-01 15:18:56 INFO     Batch: [58/120] Epoch: [1] Loss: [1.8881181478500366]
2019-04-01 15:18:56 INFO     Batch: [59/120] Epoch: [1] Loss: [1.8867190659046174]
2019-04-01 15:18:57 INFO     Batch: [60/120] Epoch: [1] Loss: [1.885811358201699]
2019-04-01 15:18:57 INFO     Batch: [61/120] Epoch: [1] Loss: [1.8840733478146214]
2019-04-01 15:18:57 INFO     Batch: [62/120] Epoch: [1] Loss: [1.8830912075345478]
2019-04-01 15:18:58 INFO     Batch: [63/120] Epoch: [1] Loss: [1.8820670638233423]
2019-04-01 15:18:58 INFO     Batch: [64/120] Epoch: [1] Loss: [1.8820303421754103]
2019-04-01 15:18:58 INFO     Batch: [65/120] Epoch: [1] Loss: [1.880796401789694]
2019-04-01 15:18:59 INFO     Batch: [66/120] Epoch: [1] Loss: [1.8799246567398755]
2019-04-01 15:18:59 INFO     Batch: [67/120] Epoch: [1] Loss: [1.8794271542745478]
2019-04-01 15:18:59 INFO     Batch: [68/120] Epoch: [1] Loss: [1.8788994239724202]
2019-04-01 15:19:00 INFO     Batch: [69/120] Epoch: [1] Loss: [1.8788001367024012]
2019-04-01 15:19:00 INFO     Batch: [70/120] Epoch: [1] Loss: [1.877880358360183]
2019-04-01 15:19:01 INFO     Batch: [71/120] Epoch: [1] Loss: [1.878024958901935]
2019-04-01 15:19:01 INFO     Batch: [72/120] Epoch: [1] Loss: [1.87707277030161]
2019-04-01 15:19:01 INFO     Batch: [73/120] Epoch: [1] Loss: [1.8766339679022093]
2019-04-01 15:19:02 INFO     Batch: [74/120] Epoch: [1] Loss: [1.8765244658788045]
2019-04-01 15:19:02 INFO     Batch: [75/120] Epoch: [1] Loss: [1.8765801128588224]
2019-04-01 15:19:03 INFO     Batch: [76/120] Epoch: [1] Loss: [1.8765813050332008]
2019-04-01 15:19:03 INFO     Batch: [77/120] Epoch: [1] Loss: [1.8770796075845375]
2019-04-01 15:19:03 INFO     Batch: [78/120] Epoch: [1] Loss: [1.8766327296631247]
2019-04-01 15:19:04 INFO     Batch: [79/120] Epoch: [1] Loss: [1.875957702100277]
2019-04-01 15:19:04 INFO     Batch: [80/120] Epoch: [1] Loss: [1.875038974079085]
2019-04-01 15:19:04 INFO     Batch: [81/120] Epoch: [1] Loss: [1.874336344439809]
2019-04-01 15:19:05 INFO     Batch: [82/120] Epoch: [1] Loss: [1.8745198809956929]
2019-04-01 15:19:05 INFO     Batch: [83/120] Epoch: [1] Loss: [1.873992152157284]
2019-04-01 15:19:06 INFO     Batch: [84/120] Epoch: [1] Loss: [1.8742673340965719]
2019-04-01 15:19:06 INFO     Batch: [85/120] Epoch: [1] Loss: [1.87408741962078]
2019-04-01 15:19:06 INFO     Batch: [86/120] Epoch: [1] Loss: [1.8737423639187867]
2019-04-01 15:19:07 INFO     Batch: [87/120] Epoch: [1] Loss: [1.8735866194421595]
2019-04-01 15:19:07 INFO     Batch: [88/120] Epoch: [1] Loss: [1.872877867034312]
2019-04-01 15:19:07 INFO     Batch: [89/120] Epoch: [1] Loss: [1.8735499898592631]
2019-04-01 15:19:08 INFO     Batch: [90/120] Epoch: [1] Loss: [1.8731347178364848]
2019-04-01 15:19:08 INFO     Batch: [91/120] Epoch: [1] Loss: [1.8730349203814631]
2019-04-01 15:19:09 INFO     Batch: [92/120] Epoch: [1] Loss: [1.8727198928915045]
2019-04-01 15:19:09 INFO     Batch: [93/120] Epoch: [1] Loss: [1.872457708450074]
2019-04-01 15:19:09 INFO     Batch: [94/120] Epoch: [1] Loss: [1.8725620834450973]
2019-04-01 15:19:10 INFO     Batch: [95/120] Epoch: [1] Loss: [1.8727275108297665]
2019-04-01 15:19:10 INFO     Batch: [96/120] Epoch: [1] Loss: [1.8717558912395202]
2019-04-01 15:19:10 INFO     Batch: [97/120] Epoch: [1] Loss: [1.8710459811346871]
2019-04-01 15:19:11 INFO     Batch: [98/120] Epoch: [1] Loss: [1.8706579786358457]
2019-04-01 15:19:11 INFO     Batch: [99/120] Epoch: [1] Loss: [1.8700367152690887]
2019-04-01 15:19:12 INFO     Batch: [100/120] Epoch: [1] Loss: [1.8694853711836408]
2019-04-01 15:19:12 INFO     Batch: [101/120] Epoch: [1] Loss: [1.8698958544170154]
2019-04-01 15:19:12 INFO     Batch: [102/120] Epoch: [1] Loss: [1.8692995923236735]
2019-04-01 15:19:13 INFO     Batch: [103/120] Epoch: [1] Loss: [1.869063098843281]
2019-04-01 15:19:13 INFO     Batch: [104/120] Epoch: [1] Loss: [1.868473067737761]
2019-04-01 15:19:13 INFO     Batch: [105/120] Epoch: [1] Loss: [1.867669996225609]
2019-04-01 15:19:14 INFO     Batch: [106/120] Epoch: [1] Loss: [1.8675185887613028]
2019-04-01 15:19:14 INFO     Batch: [107/120] Epoch: [1] Loss: [1.8671997520658705]
2019-04-01 15:19:15 INFO     Batch: [108/120] Epoch: [1] Loss: [1.866211276535594]
2019-04-01 15:19:15 INFO     Batch: [109/120] Epoch: [1] Loss: [1.8659714005210184]
2019-04-01 15:19:15 INFO     Batch: [110/120] Epoch: [1] Loss: [1.8664520356032226]
2019-04-01 15:19:16 INFO     Batch: [111/120] Epoch: [1] Loss: [1.8664772127355849]
2019-04-01 15:19:16 INFO     Batch: [112/120] Epoch: [1] Loss: [1.8666024724994086]
2019-04-01 15:19:16 INFO     Batch: [113/120] Epoch: [1] Loss: [1.866395626151771]
2019-04-01 15:19:17 INFO     Batch: [114/120] Epoch: [1] Loss: [1.8659147666848224]
2019-04-01 15:19:17 INFO     Batch: [115/120] Epoch: [1] Loss: [1.8657865287928745]
2019-04-01 15:19:18 INFO     Batch: [116/120] Epoch: [1] Loss: [1.8658513360553317]
2019-04-01 15:19:18 INFO     Batch: [117/120] Epoch: [1] Loss: [1.8657148025803647]
2019-04-01 15:19:18 INFO     Batch: [118/120] Epoch: [1] Loss: [1.8653912404004265]
2019-04-01 15:19:19 INFO     Batch: [119/120] Epoch: [1] Loss: [1.8649448076883952]
2019-04-01 15:19:22 INFO     Epoch: [1/200] Loss: [1.8649448076883952] Accuracy: [0.3427272727272727]
2019-04-01 15:19:22 INFO     Batch: [0/120] Epoch: [2] Loss: [1.8640072345733643]
2019-04-01 15:19:25 INFO     Accuracy: [0.348]

2019-04-01 15:19:26 INFO     Batch: [1/120] Epoch: [2] Loss: [1.8481733202934265]
2019-04-01 15:19:26 INFO     Batch: [2/120] Epoch: [2] Loss: [1.8524494965871174]
2019-04-01 15:19:26 INFO     Batch: [3/120] Epoch: [2] Loss: [1.8431859910488129]
2019-04-01 15:19:27 INFO     Batch: [4/120] Epoch: [2] Loss: [1.849450707435608]
2019-04-01 15:19:27 INFO     Batch: [5/120] Epoch: [2] Loss: [1.8477025230725606]
2019-04-01 15:19:27 INFO     Batch: [6/120] Epoch: [2] Loss: [1.8506937708173479]
2019-04-01 15:19:28 INFO     Batch: [7/120] Epoch: [2] Loss: [1.8546446859836578]
2019-04-01 15:19:28 INFO     Batch: [8/120] Epoch: [2] Loss: [1.849316676457723]
2019-04-01 15:19:28 INFO     Batch: [9/120] Epoch: [2] Loss: [1.8512380480766297]
2019-04-01 15:19:29 INFO     Batch: [10/120] Epoch: [2] Loss: [1.8570274331352927]
2019-04-01 15:19:29 INFO     Batch: [11/120] Epoch: [2] Loss: [1.8633449574311574]
2019-04-01 15:19:30 INFO     Batch: [12/120] Epoch: [2] Loss: [1.8630577600919282]
2019-04-01 15:19:30 INFO     Batch: [13/120] Epoch: [2] Loss: [1.8592566847801208]
2019-04-01 15:19:30 INFO     Batch: [14/120] Epoch: [2] Loss: [1.860438593228658]
2019-04-01 15:19:31 INFO     Batch: [15/120] Epoch: [2] Loss: [1.8620468527078629]
2019-04-01 15:19:31 INFO     Batch: [16/120] Epoch: [2] Loss: [1.8590283534106087]
2019-04-01 15:19:31 INFO     Batch: [17/120] Epoch: [2] Loss: [1.854500624868605]
2019-04-01 15:19:32 INFO     Batch: [18/120] Epoch: [2] Loss: [1.8547962276559127]
2019-04-01 15:19:32 INFO     Batch: [19/120] Epoch: [2] Loss: [1.8531833469867707]
2019-04-01 15:19:33 INFO     Batch: [20/120] Epoch: [2] Loss: [1.8544277406874157]
2019-04-01 15:19:33 INFO     Batch: [21/120] Epoch: [2] Loss: [1.8547084439884534]
2019-04-01 15:19:33 INFO     Batch: [22/120] Epoch: [2] Loss: [1.855058747789134]
2019-04-01 15:19:34 INFO     Batch: [23/120] Epoch: [2] Loss: [1.8540397087732952]
2019-04-01 15:19:34 INFO     Batch: [24/120] Epoch: [2] Loss: [1.8529793787002564]
2019-04-01 15:19:35 INFO     Batch: [25/120] Epoch: [2] Loss: [1.8534445120738103]
2019-04-01 15:19:35 INFO     Batch: [26/120] Epoch: [2] Loss: [1.8537869497581765]
2019-04-01 15:19:35 INFO     Batch: [27/120] Epoch: [2] Loss: [1.8536373972892761]
2019-04-01 15:19:36 INFO     Batch: [28/120] Epoch: [2] Loss: [1.853225272277306]
2019-04-01 15:19:36 INFO     Batch: [29/120] Epoch: [2] Loss: [1.8540019671122232]
2019-04-01 15:19:36 INFO     Batch: [30/120] Epoch: [2] Loss: [1.8532436470831595]
2019-04-01 15:19:37 INFO     Batch: [31/120] Epoch: [2] Loss: [1.854146309196949]
2019-04-01 15:19:37 INFO     Batch: [32/120] Epoch: [2] Loss: [1.8548357306104717]
2019-04-01 15:19:38 INFO     Batch: [33/120] Epoch: [2] Loss: [1.855408910442801]
2019-04-01 15:19:38 INFO     Batch: [34/120] Epoch: [2] Loss: [1.8534732273646763]
2019-04-01 15:19:38 INFO     Batch: [35/120] Epoch: [2] Loss: [1.8530059390597873]
2019-04-01 15:19:39 INFO     Batch: [36/120] Epoch: [2] Loss: [1.854101664311177]
2019-04-01 15:19:39 INFO     Batch: [37/120] Epoch: [2] Loss: [1.8536865052423979]
2019-04-01 15:19:39 INFO     Batch: [38/120] Epoch: [2] Loss: [1.8547668579297187]
2019-04-01 15:19:40 INFO     Batch: [39/120] Epoch: [2] Loss: [1.8551177710294724]
2019-04-01 15:19:40 INFO     Batch: [40/120] Epoch: [2] Loss: [1.853607491749089]
2019-04-01 15:19:41 INFO     Batch: [41/120] Epoch: [2] Loss: [1.852822760740916]
2019-04-01 15:19:41 INFO     Batch: [42/120] Epoch: [2] Loss: [1.8505401500435763]
2019-04-01 15:19:41 INFO     Batch: [43/120] Epoch: [2] Loss: [1.8490331823175603]
2019-04-01 15:19:42 INFO     Batch: [44/120] Epoch: [2] Loss: [1.8489315509796143]
2019-04-01 15:19:42 INFO     Batch: [45/120] Epoch: [2] Loss: [1.8475706680961277]
2019-04-01 15:19:42 INFO     Batch: [46/120] Epoch: [2] Loss: [1.84667355202614]
2019-04-01 15:19:43 INFO     Batch: [47/120] Epoch: [2] Loss: [1.8460850690801938]
2019-04-01 15:19:43 INFO     Batch: [48/120] Epoch: [2] Loss: [1.844280050725353]
2019-04-01 15:19:44 INFO     Batch: [49/120] Epoch: [2] Loss: [1.843180329799652]
2019-04-01 15:19:44 INFO     Batch: [50/120] Epoch: [2] Loss: [1.8419765561234718]
2019-04-01 15:19:44 INFO     Batch: [51/120] Epoch: [2] Loss: [1.8412933189135332]
2019-04-01 15:19:45 INFO     Batch: [52/120] Epoch: [2] Loss: [1.8410671814432684]
2019-04-01 15:19:45 INFO     Batch: [53/120] Epoch: [2] Loss: [1.8418710916130632]
2019-04-01 15:19:45 INFO     Batch: [54/120] Epoch: [2] Loss: [1.8402093128724533]
2019-04-01 15:19:46 INFO     Batch: [55/120] Epoch: [2] Loss: [1.838707453438214]
2019-04-01 15:19:46 INFO     Batch: [56/120] Epoch: [2] Loss: [1.8366004625956218]
2019-04-01 15:19:47 INFO     Batch: [57/120] Epoch: [2] Loss: [1.8368581286792098]
2019-04-01 15:19:47 INFO     Batch: [58/120] Epoch: [2] Loss: [1.8361758519027194]
2019-04-01 15:19:47 INFO     Batch: [59/120] Epoch: [2] Loss: [1.835459731022517]
2019-04-01 15:19:48 INFO     Batch: [60/120] Epoch: [2] Loss: [1.8357440370028135]
2019-04-01 15:19:48 INFO     Batch: [61/120] Epoch: [2] Loss: [1.8358182464876482]
2019-04-01 15:19:49 INFO     Batch: [62/120] Epoch: [2] Loss: [1.8348423431790064]
2019-04-01 15:19:49 INFO     Batch: [63/120] Epoch: [2] Loss: [1.834558866918087]
2019-04-01 15:19:49 INFO     Batch: [64/120] Epoch: [2] Loss: [1.8343836032427274]
2019-04-01 15:19:50 INFO     Batch: [65/120] Epoch: [2] Loss: [1.8340762835560422]
2019-04-01 15:19:50 INFO     Batch: [66/120] Epoch: [2] Loss: [1.8330952783129109]
2019-04-01 15:19:50 INFO     Batch: [67/120] Epoch: [2] Loss: [1.8327840443919687]
2019-04-01 15:19:51 INFO     Batch: [68/120] Epoch: [2] Loss: [1.8322873737501062]
2019-04-01 15:19:51 INFO     Batch: [69/120] Epoch: [2] Loss: [1.832384286608015]
2019-04-01 15:19:52 INFO     Batch: [70/120] Epoch: [2] Loss: [1.832046261975463]
2019-04-01 15:19:52 INFO     Batch: [71/120] Epoch: [2] Loss: [1.8320082210832171]
2019-04-01 15:19:52 INFO     Batch: [72/120] Epoch: [2] Loss: [1.8323824813921157]
2019-04-01 15:19:53 INFO     Batch: [73/120] Epoch: [2] Loss: [1.8322266920192822]
2019-04-01 15:19:53 INFO     Batch: [74/120] Epoch: [2] Loss: [1.8333870077133179]
2019-04-01 15:19:53 INFO     Batch: [75/120] Epoch: [2] Loss: [1.833231552651054]
2019-04-01 15:19:54 INFO     Batch: [76/120] Epoch: [2] Loss: [1.8332840281647522]
2019-04-01 15:19:54 INFO     Batch: [77/120] Epoch: [2] Loss: [1.8339237035849156]
2019-04-01 15:19:55 INFO     Batch: [78/120] Epoch: [2] Loss: [1.8345562702492824]
2019-04-01 15:19:55 INFO     Batch: [79/120] Epoch: [2] Loss: [1.8348788365721702]
2019-04-01 15:19:55 INFO     Batch: [80/120] Epoch: [2] Loss: [1.8359988633497262]
2019-04-01 15:19:56 INFO     Batch: [81/120] Epoch: [2] Loss: [1.8365286297914458]
2019-04-01 15:19:56 INFO     Batch: [82/120] Epoch: [2] Loss: [1.8375600202974067]
2019-04-01 15:19:56 INFO     Batch: [83/120] Epoch: [2] Loss: [1.8380943025861467]
2019-04-01 15:19:57 INFO     Batch: [84/120] Epoch: [2] Loss: [1.8385480530121747]
2019-04-01 15:19:57 INFO     Batch: [85/120] Epoch: [2] Loss: [1.8394439109536105]
2019-04-01 15:19:58 INFO     Batch: [86/120] Epoch: [2] Loss: [1.8402384231830466]
2019-04-01 15:19:58 INFO     Batch: [87/120] Epoch: [2] Loss: [1.8406645967201753]
2019-04-01 15:19:58 INFO     Batch: [88/120] Epoch: [2] Loss: [1.8410025044773402]
2019-04-01 15:19:59 INFO     Batch: [89/120] Epoch: [2] Loss: [1.8410528818766276]
2019-04-01 15:19:59 INFO     Batch: [90/120] Epoch: [2] Loss: [1.840947198343801]
2019-04-01 15:19:59 INFO     Batch: [91/120] Epoch: [2] Loss: [1.841797718535299]
2019-04-01 15:20:00 INFO     Batch: [92/120] Epoch: [2] Loss: [1.8422168224088606]
2019-04-01 15:20:00 INFO     Batch: [93/120] Epoch: [2] Loss: [1.8432181680456121]
2019-04-01 15:20:01 INFO     Batch: [94/120] Epoch: [2] Loss: [1.8434136152267455]
2019-04-01 15:20:01 INFO     Batch: [95/120] Epoch: [2] Loss: [1.843092189480861]
2019-04-01 15:20:01 INFO     Batch: [96/120] Epoch: [2] Loss: [1.842258509901381]
2019-04-01 15:20:02 INFO     Batch: [97/120] Epoch: [2] Loss: [1.8428249821370961]
2019-04-01 15:20:02 INFO     Batch: [98/120] Epoch: [2] Loss: [1.843226069151753]
2019-04-01 15:20:03 INFO     Batch: [99/120] Epoch: [2] Loss: [1.8435744214057923]
2019-04-01 15:20:03 INFO     Batch: [100/120] Epoch: [2] Loss: [1.8441266104726508]
2019-04-01 15:20:03 INFO     Batch: [101/120] Epoch: [2] Loss: [1.8445835966689914]
2019-04-01 15:20:04 INFO     Batch: [102/120] Epoch: [2] Loss: [1.843879867525934]
2019-04-01 15:20:04 INFO     Batch: [103/120] Epoch: [2] Loss: [1.84494344660869]
2019-04-01 15:20:04 INFO     Batch: [104/120] Epoch: [2] Loss: [1.8446271544411068]
2019-04-01 15:20:05 INFO     Batch: [105/120] Epoch: [2] Loss: [1.8451399477022998]
2019-04-01 15:20:05 INFO     Batch: [106/120] Epoch: [2] Loss: [1.8455788019661592]
2019-04-01 15:20:05 INFO     Batch: [107/120] Epoch: [2] Loss: [1.8462659970477775]
2019-04-01 15:20:06 INFO     Batch: [108/120] Epoch: [2] Loss: [1.8463110584731495]
2019-04-01 15:20:06 INFO     Batch: [109/120] Epoch: [2] Loss: [1.8465856660496105]
2019-04-01 15:20:07 INFO     Batch: [110/120] Epoch: [2] Loss: [1.846813619673789]
2019-04-01 15:20:07 INFO     Batch: [111/120] Epoch: [2] Loss: [1.8464049963014466]
2019-04-01 15:20:07 INFO     Batch: [112/120] Epoch: [2] Loss: [1.8454602693034485]
2019-04-01 15:20:08 INFO     Batch: [113/120] Epoch: [2] Loss: [1.8452698065523516]
2019-04-01 15:20:08 INFO     Batch: [114/120] Epoch: [2] Loss: [1.844940159631812]
2019-04-01 15:20:08 INFO     Batch: [115/120] Epoch: [2] Loss: [1.8449802737811516]
2019-04-01 15:20:09 INFO     Batch: [116/120] Epoch: [2] Loss: [1.845146466524173]
2019-04-01 15:20:09 INFO     Batch: [117/120] Epoch: [2] Loss: [1.8450958456023265]
2019-04-01 15:20:10 INFO     Batch: [118/120] Epoch: [2] Loss: [1.8450629620992838]
2019-04-01 15:20:10 INFO     Batch: [119/120] Epoch: [2] Loss: [1.8447742839654286]
2019-04-01 15:20:13 INFO     Epoch: [2/200] Loss: [1.8447742839654286] Accuracy: [0.34545454545454546]
2019-04-01 15:20:14 INFO     Batch: [0/120] Epoch: [3] Loss: [1.8581538200378418]
2019-04-01 15:20:17 INFO     Accuracy: [0.3523636363636363]

2019-04-01 15:20:17 INFO     Batch: [1/120] Epoch: [3] Loss: [1.8544965386390686]
2019-04-01 15:20:17 INFO     Batch: [2/120] Epoch: [3] Loss: [1.8622705141703289]
2019-04-01 15:20:18 INFO     Batch: [3/120] Epoch: [3] Loss: [1.8394611477851868]
2019-04-01 15:20:18 INFO     Batch: [4/120] Epoch: [3] Loss: [1.8343350172042847]
2019-04-01 15:20:18 INFO     Batch: [5/120] Epoch: [3] Loss: [1.8414019743601482]
2019-04-01 15:20:19 INFO     Batch: [6/120] Epoch: [3] Loss: [1.842052936553955]
2019-04-01 15:20:19 INFO     Batch: [7/120] Epoch: [3] Loss: [1.8453208953142166]
2019-04-01 15:20:20 INFO     Batch: [8/120] Epoch: [3] Loss: [1.851671404308743]
2019-04-01 15:20:20 INFO     Batch: [9/120] Epoch: [3] Loss: [1.8556533098220824]
2019-04-01 15:20:20 INFO     Batch: [10/120] Epoch: [3] Loss: [1.8472345092079856]
2019-04-01 15:20:21 INFO     Batch: [11/120] Epoch: [3] Loss: [1.848656952381134]
2019-04-01 15:20:21 INFO     Batch: [12/120] Epoch: [3] Loss: [1.8437939882278442]
2019-04-01 15:20:21 INFO     Batch: [13/120] Epoch: [3] Loss: [1.8391903127942766]
2019-04-01 15:20:22 INFO     Batch: [14/120] Epoch: [3] Loss: [1.8355107307434082]
2019-04-01 15:20:22 INFO     Batch: [15/120] Epoch: [3] Loss: [1.8337871208786964]
2019-04-01 15:20:23 INFO     Batch: [16/120] Epoch: [3] Loss: [1.8347653010312248]
2019-04-01 15:20:23 INFO     Batch: [17/120] Epoch: [3] Loss: [1.8368725379308064]
2019-04-01 15:20:23 INFO     Batch: [18/120] Epoch: [3] Loss: [1.8350830140866732]
2019-04-01 15:20:24 INFO     Batch: [19/120] Epoch: [3] Loss: [1.834594875574112]
2019-04-01 15:20:24 INFO     Batch: [20/120] Epoch: [3] Loss: [1.8324878896985735]
2019-04-01 15:20:24 INFO     Batch: [21/120] Epoch: [3] Loss: [1.8315784606066616]
2019-04-01 15:20:25 INFO     Batch: [22/120] Epoch: [3] Loss: [1.8307600228682808]
2019-04-01 15:20:25 INFO     Batch: [23/120] Epoch: [3] Loss: [1.832335834701856]
2019-04-01 15:20:25 INFO     Batch: [24/120] Epoch: [3] Loss: [1.8323582363128663]
2019-04-01 15:20:26 INFO     Batch: [25/120] Epoch: [3] Loss: [1.829634272135221]
2019-04-01 15:20:26 INFO     Batch: [26/120] Epoch: [3] Loss: [1.829966871826737]
2019-04-01 15:20:27 INFO     Batch: [27/120] Epoch: [3] Loss: [1.8276166021823883]
2019-04-01 15:20:27 INFO     Batch: [28/120] Epoch: [3] Loss: [1.82635183992057]
2019-04-01 15:20:27 INFO     Batch: [29/120] Epoch: [3] Loss: [1.8238677501678466]
2019-04-01 15:20:28 INFO     Batch: [30/120] Epoch: [3] Loss: [1.825825568168394]
2019-04-01 15:20:28 INFO     Batch: [31/120] Epoch: [3] Loss: [1.8288035951554775]
2019-04-01 15:20:28 INFO     Batch: [32/120] Epoch: [3] Loss: [1.82769318782922]
2019-04-01 15:20:29 INFO     Batch: [33/120] Epoch: [3] Loss: [1.8234978528583752]
2019-04-01 15:20:29 INFO     Batch: [34/120] Epoch: [3] Loss: [1.822432460103716]
2019-04-01 15:20:30 INFO     Batch: [35/120] Epoch: [3] Loss: [1.8234752714633942]
2019-04-01 15:20:30 INFO     Batch: [36/120] Epoch: [3] Loss: [1.8224811876142346]
2019-04-01 15:20:30 INFO     Batch: [37/120] Epoch: [3] Loss: [1.8221967283048128]
2019-04-01 15:20:31 INFO     Batch: [38/120] Epoch: [3] Loss: [1.82388720756922]
2019-04-01 15:20:31 INFO     Batch: [39/120] Epoch: [3] Loss: [1.824128767848015]
2019-04-01 15:20:31 INFO     Batch: [40/120] Epoch: [3] Loss: [1.8264323821881923]
2019-04-01 15:20:32 INFO     Batch: [41/120] Epoch: [3] Loss: [1.825747399103074]
2019-04-01 15:20:32 INFO     Batch: [42/120] Epoch: [3] Loss: [1.8258181560871214]
2019-04-01 15:20:33 INFO     Batch: [43/120] Epoch: [3] Loss: [1.8250847946513782]
2019-04-01 15:20:33 INFO     Batch: [44/120] Epoch: [3] Loss: [1.8261013719770642]
2019-04-01 15:20:33 INFO     Batch: [45/120] Epoch: [3] Loss: [1.8260630472846653]
2019-04-01 15:20:34 INFO     Batch: [46/120] Epoch: [3] Loss: [1.8259065024396206]
2019-04-01 15:20:34 INFO     Batch: [47/120] Epoch: [3] Loss: [1.8262762700517972]
2019-04-01 15:20:34 INFO     Batch: [48/120] Epoch: [3] Loss: [1.8264565857089297]
2019-04-01 15:20:35 INFO     Batch: [49/120] Epoch: [3] Loss: [1.828820436000824]
2019-04-01 15:20:35 INFO     Batch: [50/120] Epoch: [3] Loss: [1.8325836635103412]
2019-04-01 15:20:35 INFO     Batch: [51/120] Epoch: [3] Loss: [1.8317837898547833]
2019-04-01 15:20:36 INFO     Batch: [52/120] Epoch: [3] Loss: [1.832645591699852]
2019-04-01 15:20:36 INFO     Batch: [53/120] Epoch: [3] Loss: [1.8336896432770624]
2019-04-01 15:20:37 INFO     Batch: [54/120] Epoch: [3] Loss: [1.8335363843224266]
2019-04-01 15:20:37 INFO     Batch: [55/120] Epoch: [3] Loss: [1.8346710779837199]
2019-04-01 15:20:37 INFO     Batch: [56/120] Epoch: [3] Loss: [1.8363967694734271]
2019-04-01 15:20:38 INFO     Batch: [57/120] Epoch: [3] Loss: [1.837325291386966]
2019-04-01 15:20:38 INFO     Batch: [58/120] Epoch: [3] Loss: [1.8396370188664581]
2019-04-01 15:20:38 INFO     Batch: [59/120] Epoch: [3] Loss: [1.841246392329534]
2019-04-01 15:20:39 INFO     Batch: [60/120] Epoch: [3] Loss: [1.843057143883627]
2019-04-01 15:20:39 INFO     Batch: [61/120] Epoch: [3] Loss: [1.8454628740587542]
2019-04-01 15:20:40 INFO     Batch: [62/120] Epoch: [3] Loss: [1.8449586819088648]
2019-04-01 15:20:40 INFO     Batch: [63/120] Epoch: [3] Loss: [1.8463681600987911]
2019-04-01 15:20:40 INFO     Batch: [64/120] Epoch: [3] Loss: [1.8477213034263025]
2019-04-01 15:20:41 INFO     Batch: [65/120] Epoch: [3] Loss: [1.8480971491698064]
2019-04-01 15:20:41 INFO     Batch: [66/120] Epoch: [3] Loss: [1.8507112157878591]
2019-04-01 15:20:41 INFO     Batch: [67/120] Epoch: [3] Loss: [1.8512780210551094]
2019-04-01 15:20:42 INFO     Batch: [68/120] Epoch: [3] Loss: [1.8514281476753345]
2019-04-01 15:20:42 INFO     Batch: [69/120] Epoch: [3] Loss: [1.8537196585110256]
2019-04-01 15:20:42 INFO     Batch: [70/120] Epoch: [3] Loss: [1.8544924108075425]
2019-04-01 15:20:43 INFO     Batch: [71/120] Epoch: [3] Loss: [1.8565240916278627]
2019-04-01 15:20:43 INFO     Batch: [72/120] Epoch: [3] Loss: [1.857296453763361]
2019-04-01 15:20:44 INFO     Batch: [73/120] Epoch: [3] Loss: [1.8584054047996934]
2019-04-01 15:20:44 INFO     Batch: [74/120] Epoch: [3] Loss: [1.858544611930847]
2019-04-01 15:20:44 INFO     Batch: [75/120] Epoch: [3] Loss: [1.8583136153848547]
2019-04-01 15:20:45 INFO     Batch: [76/120] Epoch: [3] Loss: [1.8599242420939657]
2019-04-01 15:20:45 INFO     Batch: [77/120] Epoch: [3] Loss: [1.8615259757408729]
2019-04-01 15:20:46 INFO     Batch: [78/120] Epoch: [3] Loss: [1.8619939466065998]
2019-04-01 15:20:46 INFO     Batch: [79/120] Epoch: [3] Loss: [1.8617931082844734]
2019-04-01 15:20:46 INFO     Batch: [80/120] Epoch: [3] Loss: [1.8621286551157634]
2019-04-01 15:20:47 INFO     Batch: [81/120] Epoch: [3] Loss: [1.8620470108055487]
2019-04-01 15:20:47 INFO     Batch: [82/120] Epoch: [3] Loss: [1.8618146712521473]
2019-04-01 15:20:47 INFO     Batch: [83/120] Epoch: [3] Loss: [1.8621421470528556]
2019-04-01 15:20:48 INFO     Batch: [84/120] Epoch: [3] Loss: [1.8631986646091236]
2019-04-01 15:20:48 INFO     Batch: [85/120] Epoch: [3] Loss: [1.8629294814065445]
2019-04-01 15:20:49 INFO     Batch: [86/120] Epoch: [3] Loss: [1.8639568145247711]
2019-04-01 15:20:49 INFO     Batch: [87/120] Epoch: [3] Loss: [1.863582196560773]
2019-04-01 15:20:49 INFO     Batch: [88/120] Epoch: [3] Loss: [1.8636301394258992]
2019-04-01 15:20:50 INFO     Batch: [89/120] Epoch: [3] Loss: [1.8639187216758728]
2019-04-01 15:20:50 INFO     Batch: [90/120] Epoch: [3] Loss: [1.8641895488068299]
2019-04-01 15:20:50 INFO     Batch: [91/120] Epoch: [3] Loss: [1.864620874757352]
2019-04-01 15:20:51 INFO     Batch: [92/120] Epoch: [3] Loss: [1.8645175439055248]
2019-04-01 15:20:51 INFO     Batch: [93/120] Epoch: [3] Loss: [1.8650169372558594]
2019-04-01 15:20:52 INFO     Batch: [94/120] Epoch: [3] Loss: [1.865996073421679]
2019-04-01 15:20:52 INFO     Batch: [95/120] Epoch: [3] Loss: [1.8657584960261981]
2019-04-01 15:20:52 INFO     Batch: [96/120] Epoch: [3] Loss: [1.8661023673323012]
2019-04-01 15:20:53 INFO     Batch: [97/120] Epoch: [3] Loss: [1.865050460611071]
2019-04-01 15:20:53 INFO     Batch: [98/120] Epoch: [3] Loss: [1.8646584749221802]
2019-04-01 15:20:53 INFO     Batch: [99/120] Epoch: [3] Loss: [1.865316253900528]
2019-04-01 15:20:54 INFO     Batch: [100/120] Epoch: [3] Loss: [1.8656397149114325]
2019-04-01 15:20:54 INFO     Batch: [101/120] Epoch: [3] Loss: [1.8652658135283227]
2019-04-01 15:20:55 INFO     Batch: [102/120] Epoch: [3] Loss: [1.8656586223435634]
2019-04-01 15:20:55 INFO     Batch: [103/120] Epoch: [3] Loss: [1.8650908527465968]
2019-04-01 15:20:55 INFO     Batch: [104/120] Epoch: [3] Loss: [1.8649910041264126]
2019-04-01 15:20:56 INFO     Batch: [105/120] Epoch: [3] Loss: [1.8652841032675977]
2019-04-01 15:20:56 INFO     Batch: [106/120] Epoch: [3] Loss: [1.8647154179688925]
2019-04-01 15:20:56 INFO     Batch: [107/120] Epoch: [3] Loss: [1.8650121324592166]
2019-04-01 15:20:57 INFO     Batch: [108/120] Epoch: [3] Loss: [1.8643542593772258]
2019-04-01 15:20:57 INFO     Batch: [109/120] Epoch: [3] Loss: [1.8637111403725364]
2019-04-01 15:20:58 INFO     Batch: [110/120] Epoch: [3] Loss: [1.8632420505489315]
2019-04-01 15:20:58 INFO     Batch: [111/120] Epoch: [3] Loss: [1.8627524226903915]
2019-04-01 15:20:58 INFO     Batch: [112/120] Epoch: [3] Loss: [1.8628841332629718]
2019-04-01 15:20:59 INFO     Batch: [113/120] Epoch: [3] Loss: [1.8623923418814676]
2019-04-01 15:20:59 INFO     Batch: [114/120] Epoch: [3] Loss: [1.8620822636977485]
2019-04-01 15:20:59 INFO     Batch: [115/120] Epoch: [3] Loss: [1.862245620324694]
2019-04-01 15:21:00 INFO     Batch: [116/120] Epoch: [3] Loss: [1.8621784356924205]
2019-04-01 15:21:00 INFO     Batch: [117/120] Epoch: [3] Loss: [1.8619585279691018]
2019-04-01 15:21:01 INFO     Batch: [118/120] Epoch: [3] Loss: [1.8619552399931836]
2019-04-01 15:21:01 INFO     Batch: [119/120] Epoch: [3] Loss: [1.862146548430125]
2019-04-01 15:21:04 INFO     Epoch: [3/200] Loss: [1.862146548430125] Accuracy: [0.3559999999999999]
2019-04-01 15:21:04 INFO     Batch: [0/120] Epoch: [4] Loss: [1.8353307247161865]
2019-04-01 15:21:07 INFO     Accuracy: [0.35127272727272724]

2019-04-01 15:21:08 INFO     Batch: [1/120] Epoch: [4] Loss: [1.8078652024269104]
2019-04-01 15:21:08 INFO     Batch: [2/120] Epoch: [4] Loss: [1.8060253858566284]
2019-04-01 15:21:09 INFO     Batch: [3/120] Epoch: [4] Loss: [1.816945731639862]
2019-04-01 15:21:09 INFO     Batch: [4/120] Epoch: [4] Loss: [1.8288997650146483]
2019-04-01 15:21:09 INFO     Batch: [5/120] Epoch: [4] Loss: [1.8482813437779744]
2019-04-01 15:21:10 INFO     Batch: [6/120] Epoch: [4] Loss: [1.8511034420558385]
2019-04-01 15:21:10 INFO     Batch: [7/120] Epoch: [4] Loss: [1.8426274061203003]
2019-04-01 15:21:10 INFO     Batch: [8/120] Epoch: [4] Loss: [1.847277945942349]
2019-04-01 15:21:11 INFO     Batch: [9/120] Epoch: [4] Loss: [1.8446466684341432]
2019-04-01 15:21:11 INFO     Batch: [10/120] Epoch: [4] Loss: [1.8490556911988691]
2019-04-01 15:21:11 INFO     Batch: [11/120] Epoch: [4] Loss: [1.8531263868014018]
2019-04-01 15:21:12 INFO     Batch: [12/120] Epoch: [4] Loss: [1.8507710420168364]
2019-04-01 15:21:12 INFO     Batch: [13/120] Epoch: [4] Loss: [1.851668460028512]
2019-04-01 15:21:13 INFO     Batch: [14/120] Epoch: [4] Loss: [1.853045153617859]
2019-04-01 15:21:13 INFO     Batch: [15/120] Epoch: [4] Loss: [1.8511718809604645]
2019-04-01 15:21:13 INFO     Batch: [16/120] Epoch: [4] Loss: [1.853626945439507]
2019-04-01 15:21:14 INFO     Batch: [17/120] Epoch: [4] Loss: [1.8530095285839505]
2019-04-01 15:21:14 INFO     Batch: [18/120] Epoch: [4] Loss: [1.8534206402929205]
2019-04-01 15:21:14 INFO     Batch: [19/120] Epoch: [4] Loss: [1.856637293100357]
2019-04-01 15:21:15 INFO     Batch: [20/120] Epoch: [4] Loss: [1.8588746388753254]
2019-04-01 15:21:15 INFO     Batch: [21/120] Epoch: [4] Loss: [1.8543164134025574]
2019-04-01 15:21:16 INFO     Batch: [22/120] Epoch: [4] Loss: [1.8605554414832073]
2019-04-01 15:21:16 INFO     Batch: [23/120] Epoch: [4] Loss: [1.8619663218657176]
2019-04-01 15:21:16 INFO     Batch: [24/120] Epoch: [4] Loss: [1.864459481239319]
2019-04-01 15:21:17 INFO     Batch: [25/120] Epoch: [4] Loss: [1.8627572472278888]
2019-04-01 15:21:17 INFO     Batch: [26/120] Epoch: [4] Loss: [1.8610972121909812]
2019-04-01 15:21:17 INFO     Batch: [27/120] Epoch: [4] Loss: [1.8662503446851457]
2019-04-01 15:21:18 INFO     Batch: [28/120] Epoch: [4] Loss: [1.8689346930076336]
2019-04-01 15:21:18 INFO     Batch: [29/120] Epoch: [4] Loss: [1.8707448244094849]
2019-04-01 15:21:19 INFO     Batch: [30/120] Epoch: [4] Loss: [1.8734859997226345]
2019-04-01 15:21:19 INFO     Batch: [31/120] Epoch: [4] Loss: [1.874490287154913]
2019-04-01 15:21:19 INFO     Batch: [32/120] Epoch: [4] Loss: [1.8711414084290012]
2019-04-01 15:21:20 INFO     Batch: [33/120] Epoch: [4] Loss: [1.8708153612473433]
2019-04-01 15:21:20 INFO     Batch: [34/120] Epoch: [4] Loss: [1.8743646723883494]
2019-04-01 15:21:20 INFO     Batch: [35/120] Epoch: [4] Loss: [1.877217408683565]
2019-04-01 15:21:21 INFO     Batch: [36/120] Epoch: [4] Loss: [1.8786090032474414]
2019-04-01 15:21:21 INFO     Batch: [37/120] Epoch: [4] Loss: [1.8775856275307505]
2019-04-01 15:21:21 INFO     Batch: [38/120] Epoch: [4] Loss: [1.8775086953089788]
2019-04-01 15:21:22 INFO     Batch: [39/120] Epoch: [4] Loss: [1.8773996233940125]
2019-04-01 15:21:22 INFO     Batch: [40/120] Epoch: [4] Loss: [1.877019323953768]
2019-04-01 15:21:23 INFO     Batch: [41/120] Epoch: [4] Loss: [1.8788926289195107]
2019-04-01 15:21:23 INFO     Batch: [42/120] Epoch: [4] Loss: [1.8799920276153919]
2019-04-01 15:21:23 INFO     Batch: [43/120] Epoch: [4] Loss: [1.8813452883200212]
2019-04-01 15:21:24 INFO     Batch: [44/120] Epoch: [4] Loss: [1.8807386292351618]
2019-04-01 15:21:24 INFO     Batch: [45/120] Epoch: [4] Loss: [1.8828900611918906]
2019-04-01 15:21:25 INFO     Batch: [46/120] Epoch: [4] Loss: [1.8831225278529715]
2019-04-01 15:21:25 INFO     Batch: [47/120] Epoch: [4] Loss: [1.8847910091280937]
2019-04-01 15:21:25 INFO     Batch: [48/120] Epoch: [4] Loss: [1.8869861364364624]
2019-04-01 15:21:26 INFO     Batch: [49/120] Epoch: [4] Loss: [1.8852572870254516]
2019-04-01 15:21:26 INFO     Batch: [50/120] Epoch: [4] Loss: [1.888127238142724]
2019-04-01 15:21:26 INFO     Batch: [51/120] Epoch: [4] Loss: [1.887303840655547]
2019-04-01 15:21:27 INFO     Batch: [52/120] Epoch: [4] Loss: [1.8874387268750172]
2019-04-01 15:21:27 INFO     Batch: [53/120] Epoch: [4] Loss: [1.8873578839831882]
2019-04-01 15:21:27 INFO     Batch: [54/120] Epoch: [4] Loss: [1.8867923389781605]
2019-04-01 15:21:28 INFO     Batch: [55/120] Epoch: [4] Loss: [1.8882146775722504]
2019-04-01 15:21:28 INFO     Batch: [56/120] Epoch: [4] Loss: [1.888671504823785]
2019-04-01 15:21:29 INFO     Batch: [57/120] Epoch: [4] Loss: [1.888834990304092]
2019-04-01 15:21:29 INFO     Batch: [58/120] Epoch: [4] Loss: [1.8866258031230863]
2019-04-01 15:21:29 INFO     Batch: [59/120] Epoch: [4] Loss: [1.888559913635254]
2019-04-01 15:21:30 INFO     Batch: [60/120] Epoch: [4] Loss: [1.8890047386044362]
2019-04-01 15:21:30 INFO     Batch: [61/120] Epoch: [4] Loss: [1.8901355151207215]
2019-04-01 15:21:30 INFO     Batch: [62/120] Epoch: [4] Loss: [1.8901504429559859]
2019-04-01 15:21:31 INFO     Batch: [63/120] Epoch: [4] Loss: [1.8916215598583221]
2019-04-01 15:21:31 INFO     Batch: [64/120] Epoch: [4] Loss: [1.8928765553694504]
2019-04-01 15:21:32 INFO     Batch: [65/120] Epoch: [4] Loss: [1.8922863783258381]
2019-04-01 15:21:32 INFO     Batch: [66/120] Epoch: [4] Loss: [1.8912901095489958]
2019-04-01 15:21:32 INFO     Batch: [67/120] Epoch: [4] Loss: [1.8921542816302355]
2019-04-01 15:21:33 INFO     Batch: [68/120] Epoch: [4] Loss: [1.8918326678483381]
2019-04-01 15:21:33 INFO     Batch: [69/120] Epoch: [4] Loss: [1.8921238899230957]
2019-04-01 15:21:33 INFO     Batch: [70/120] Epoch: [4] Loss: [1.8922740808674987]
2019-04-01 15:21:34 INFO     Batch: [71/120] Epoch: [4] Loss: [1.8942854205767314]
2019-04-01 15:21:34 INFO     Batch: [72/120] Epoch: [4] Loss: [1.8941803468416816]
2019-04-01 15:21:35 INFO     Batch: [73/120] Epoch: [4] Loss: [1.8945392112474184]
2019-04-01 15:21:35 INFO     Batch: [74/120] Epoch: [4] Loss: [1.8949472824732463]
2019-04-01 15:21:35 INFO     Batch: [75/120] Epoch: [4] Loss: [1.8949982994481136]
2019-04-01 15:21:36 INFO     Batch: [76/120] Epoch: [4] Loss: [1.895444450440345]
2019-04-01 15:21:36 INFO     Batch: [77/120] Epoch: [4] Loss: [1.8953165885729668]
2019-04-01 15:21:36 INFO     Batch: [78/120] Epoch: [4] Loss: [1.8961632221559934]
2019-04-01 15:21:37 INFO     Batch: [79/120] Epoch: [4] Loss: [1.8963248237967492]
2019-04-01 15:21:37 INFO     Batch: [80/120] Epoch: [4] Loss: [1.8951669445744268]
2019-04-01 15:21:37 INFO     Batch: [81/120] Epoch: [4] Loss: [1.8951238262944106]
2019-04-01 15:21:38 INFO     Batch: [82/120] Epoch: [4] Loss: [1.8949453557830258]
2019-04-01 15:21:38 INFO     Batch: [83/120] Epoch: [4] Loss: [1.8957529678231193]
2019-04-01 15:21:39 INFO     Batch: [84/120] Epoch: [4] Loss: [1.8958744778352625]
2019-04-01 15:21:39 INFO     Batch: [85/120] Epoch: [4] Loss: [1.8953640197598658]
2019-04-01 15:21:39 INFO     Batch: [86/120] Epoch: [4] Loss: [1.8942770327644787]
2019-04-01 15:21:40 INFO     Batch: [87/120] Epoch: [4] Loss: [1.8948892788453535]
2019-04-01 15:21:40 INFO     Batch: [88/120] Epoch: [4] Loss: [1.8951193362139584]
2019-04-01 15:21:40 INFO     Batch: [89/120] Epoch: [4] Loss: [1.8946921639972263]
2019-04-01 15:21:41 INFO     Batch: [90/120] Epoch: [4] Loss: [1.895117041828868]
2019-04-01 15:21:41 INFO     Batch: [91/120] Epoch: [4] Loss: [1.8951764275198397]
2019-04-01 15:21:42 INFO     Batch: [92/120] Epoch: [4] Loss: [1.8952533442486998]
2019-04-01 15:21:42 INFO     Batch: [93/120] Epoch: [4] Loss: [1.8945110452936051]
2019-04-01 15:21:42 INFO     Batch: [94/120] Epoch: [4] Loss: [1.8941323230141087]
2019-04-01 15:21:43 INFO     Batch: [95/120] Epoch: [4] Loss: [1.893540910134713]
2019-04-01 15:21:43 INFO     Batch: [96/120] Epoch: [4] Loss: [1.8940185333035655]
2019-04-01 15:21:43 INFO     Batch: [97/120] Epoch: [4] Loss: [1.8936239541793356]
2019-04-01 15:21:44 INFO     Batch: [98/120] Epoch: [4] Loss: [1.893674858892807]
2019-04-01 15:21:44 INFO     Batch: [99/120] Epoch: [4] Loss: [1.8934252631664277]
2019-04-01 15:21:45 INFO     Batch: [100/120] Epoch: [4] Loss: [1.894168218763748]
2019-04-01 15:21:45 INFO     Batch: [101/120] Epoch: [4] Loss: [1.893513990383522]
2019-04-01 15:21:45 INFO     Batch: [102/120] Epoch: [4] Loss: [1.893716245021635]
2019-04-01 15:21:46 INFO     Batch: [103/120] Epoch: [4] Loss: [1.8927314075139852]
2019-04-01 15:21:46 INFO     Batch: [104/120] Epoch: [4] Loss: [1.8932560103280203]
2019-04-01 15:21:46 INFO     Batch: [105/120] Epoch: [4] Loss: [1.8935607862922381]
2019-04-01 15:21:47 INFO     Batch: [106/120] Epoch: [4] Loss: [1.895072893561604]
2019-04-01 15:21:47 INFO     Batch: [107/120] Epoch: [4] Loss: [1.8947841900366325]
2019-04-01 15:21:47 INFO     Batch: [108/120] Epoch: [4] Loss: [1.8945742517436317]
2019-04-01 15:21:48 INFO     Batch: [109/120] Epoch: [4] Loss: [1.8953023173592307]
2019-04-01 15:21:48 INFO     Batch: [110/120] Epoch: [4] Loss: [1.8955806343405097]
2019-04-01 15:21:49 INFO     Batch: [111/120] Epoch: [4] Loss: [1.895998273577009]
2019-04-01 15:21:49 INFO     Batch: [112/120] Epoch: [4] Loss: [1.8968855121494395]
2019-04-01 15:21:49 INFO     Batch: [113/120] Epoch: [4] Loss: [1.8972748988553096]
2019-04-01 15:21:50 INFO     Batch: [114/120] Epoch: [4] Loss: [1.8969830284947935]
2019-04-01 15:21:50 INFO     Batch: [115/120] Epoch: [4] Loss: [1.8970471702772995]
2019-04-01 15:21:50 INFO     Batch: [116/120] Epoch: [4] Loss: [1.8970758700982118]
2019-04-01 15:21:51 INFO     Batch: [117/120] Epoch: [4] Loss: [1.8982696341255965]
2019-04-01 15:21:51 INFO     Batch: [118/120] Epoch: [4] Loss: [1.8990478165009443]
2019-04-01 15:21:52 INFO     Batch: [119/120] Epoch: [4] Loss: [1.8992628892262777]
2019-04-01 15:21:54 INFO     Epoch: [4/200] Loss: [1.8992628892262777] Accuracy: [0.3029090909090909]
2019-04-01 15:21:55 INFO     Batch: [0/120] Epoch: [5] Loss: [1.9790446758270264]
2019-04-01 15:21:58 INFO     Accuracy: [0.2998181818181818]

2019-04-01 15:21:58 INFO     Batch: [1/120] Epoch: [5] Loss: [1.9516908526420593]
2019-04-01 15:21:59 INFO     Batch: [2/120] Epoch: [5] Loss: [1.9588119983673096]
2019-04-01 15:21:59 INFO     Batch: [3/120] Epoch: [5] Loss: [1.9453715682029724]
2019-04-01 15:21:59 INFO     Batch: [4/120] Epoch: [5] Loss: [1.9524433612823486]
2019-04-01 15:22:00 INFO     Batch: [5/120] Epoch: [5] Loss: [1.9492747982343037]
2019-04-01 15:22:00 INFO     Batch: [6/120] Epoch: [5] Loss: [1.9436423778533936]
2019-04-01 15:22:01 INFO     Batch: [7/120] Epoch: [5] Loss: [1.9451134502887726]
2019-04-01 15:22:01 INFO     Batch: [8/120] Epoch: [5] Loss: [1.9465284877353244]
2019-04-01 15:22:01 INFO     Batch: [9/120] Epoch: [5] Loss: [1.951602280139923]
2019-04-01 15:22:02 INFO     Batch: [10/120] Epoch: [5] Loss: [1.9383830590681597]
2019-04-01 15:22:02 INFO     Batch: [11/120] Epoch: [5] Loss: [1.9404694338639576]
2019-04-01 15:22:02 INFO     Batch: [12/120] Epoch: [5] Loss: [1.9423993734213023]
2019-04-01 15:22:03 INFO     Batch: [13/120] Epoch: [5] Loss: [1.943932524749211]
2019-04-01 15:22:03 INFO     Batch: [14/120] Epoch: [5] Loss: [1.9413346608479818]
2019-04-01 15:22:04 INFO     Batch: [15/120] Epoch: [5] Loss: [1.935584306716919]
2019-04-01 15:22:04 INFO     Batch: [16/120] Epoch: [5] Loss: [1.941414187936222]
2019-04-01 15:22:04 INFO     Batch: [17/120] Epoch: [5] Loss: [1.9395109216372173]
2019-04-01 15:22:05 INFO     Batch: [18/120] Epoch: [5] Loss: [1.9398267833810103]
2019-04-01 15:22:05 INFO     Batch: [19/120] Epoch: [5] Loss: [1.9395950973033904]
2019-04-01 15:22:05 INFO     Batch: [20/120] Epoch: [5] Loss: [1.9379213594254994]
2019-04-01 15:22:06 INFO     Batch: [21/120] Epoch: [5] Loss: [1.9337326342409307]
2019-04-01 15:22:06 INFO     Batch: [22/120] Epoch: [5] Loss: [1.934444292731907]
2019-04-01 15:22:07 INFO     Batch: [23/120] Epoch: [5] Loss: [1.9285422265529633]
2019-04-01 15:22:07 INFO     Batch: [24/120] Epoch: [5] Loss: [1.9257095956802368]
2019-04-01 15:22:07 INFO     Batch: [25/120] Epoch: [5] Loss: [1.9229670900564928]
2019-04-01 15:22:08 INFO     Batch: [26/120] Epoch: [5] Loss: [1.9221626343550506]
2019-04-01 15:22:08 INFO     Batch: [27/120] Epoch: [5] Loss: [1.9202439486980438]
2019-04-01 15:22:08 INFO     Batch: [28/120] Epoch: [5] Loss: [1.9212092161178589]
2019-04-01 15:22:09 INFO     Batch: [29/120] Epoch: [5] Loss: [1.9192916711171468]
2019-04-01 15:22:09 INFO     Batch: [30/120] Epoch: [5] Loss: [1.916635597905805]
2019-04-01 15:22:10 INFO     Batch: [31/120] Epoch: [5] Loss: [1.9176682569086552]
2019-04-01 15:22:10 INFO     Batch: [32/120] Epoch: [5] Loss: [1.9158598112337517]
2019-04-01 15:22:10 INFO     Batch: [33/120] Epoch: [5] Loss: [1.913347552804386]
2019-04-01 15:22:11 INFO     Batch: [34/120] Epoch: [5] Loss: [1.9106512035642351]
2019-04-01 15:22:11 INFO     Batch: [35/120] Epoch: [5] Loss: [1.9110017783111997]
