2019-04-05 20:31:53 INFO     Loading Data
2019-04-05 20:31:54 INFO     Model Setting Up
2019-04-05 20:32:02 INFO     Start Training
2019-04-05 20:32:02 INFO     train_dir: ../mnist/train
2019-04-05 20:32:02 INFO     test_dir: ../mnist/test
2019-04-05 20:32:02 INFO     save_dir: ./save
2019-04-05 20:32:02 INFO     num_epochs: 2000
2019-04-05 20:32:02 INFO     batch_size: 500
2019-04-05 20:32:02 INFO     num_points: 512
2019-04-05 20:32:02 INFO     sigma: 0.01
2019-04-05 20:32:02 INFO     log_interval: 1000
2019-04-05 20:32:02 INFO     save_interval: 50
2019-04-05 20:32:02 INFO     baselr: 5e-05
2019-04-05 20:32:02 INFO     density_radius: 0.3
2019-04-05 20:32:02 INFO     feature_out1: 8
2019-04-05 20:32:02 INFO     feature_out2: 16
2019-04-05 20:32:02 INFO     feature_out3: 32
2019-04-05 20:32:02 INFO     feature_out4: 64
2019-04-05 20:32:02 INFO     num_classes: 10
2019-04-05 20:32:02 INFO     bandwidth_0: 8
2019-04-05 20:32:02 INFO     bandwidth_out1: 8
2019-04-05 20:32:02 INFO     bandwidth_out2: 6
2019-04-05 20:32:02 INFO     bandwidth_out3: 4
2019-04-05 20:32:02 INFO     bandwidth_out4: 2
2019-04-05 20:32:09 INFO     Batch: [0/120] Epoch: [0] Loss: [2.311013698577881]
2019-04-05 20:32:10 INFO     Accuracy: [0.0869090909090909]

2019-04-05 20:32:10 INFO     Batch: [1/120] Epoch: [0] Loss: [2.310853600502014]
2019-04-05 20:32:10 INFO     Batch: [2/120] Epoch: [0] Loss: [2.309755325317383]
2019-04-05 20:32:10 INFO     Batch: [3/120] Epoch: [0] Loss: [2.308805286884308]
2019-04-05 20:32:10 INFO     Batch: [4/120] Epoch: [0] Loss: [2.3088507652282715]
2019-04-05 20:32:10 INFO     Batch: [5/120] Epoch: [0] Loss: [2.3095080852508545]
2019-04-05 20:32:10 INFO     Batch: [6/120] Epoch: [0] Loss: [2.3090406145368303]
2019-04-05 20:32:10 INFO     Batch: [7/120] Epoch: [0] Loss: [2.307267874479294]
2019-04-05 20:32:11 INFO     Batch: [8/120] Epoch: [0] Loss: [2.306528435813056]
2019-04-05 20:32:11 INFO     Batch: [9/120] Epoch: [0] Loss: [2.3069342374801636]
2019-04-05 20:32:11 INFO     Batch: [10/120] Epoch: [0] Loss: [2.306644244627519]
2019-04-05 20:32:11 INFO     Batch: [11/120] Epoch: [0] Loss: [2.306098719437917]
2019-04-05 20:32:11 INFO     Batch: [12/120] Epoch: [0] Loss: [2.305741255099957]
2019-04-05 20:32:11 INFO     Batch: [13/120] Epoch: [0] Loss: [2.305365187781198]
2019-04-05 20:32:11 INFO     Batch: [14/120] Epoch: [0] Loss: [2.3049874623616535]
2019-04-05 20:32:11 INFO     Batch: [15/120] Epoch: [0] Loss: [2.3046911656856537]
2019-04-05 20:32:11 INFO     Batch: [16/120] Epoch: [0] Loss: [2.304541125017054]
2019-04-05 20:32:11 INFO     Batch: [17/120] Epoch: [0] Loss: [2.3040888177023993]
2019-04-05 20:32:11 INFO     Batch: [18/120] Epoch: [0] Loss: [2.3038228060069836]
2019-04-05 20:32:11 INFO     Batch: [19/120] Epoch: [0] Loss: [2.3036248803138735]
2019-04-05 20:32:11 INFO     Batch: [20/120] Epoch: [0] Loss: [2.3035077935173396]
2019-04-05 20:32:11 INFO     Batch: [21/120] Epoch: [0] Loss: [2.3032090230421587]
2019-04-05 20:32:12 INFO     Batch: [22/120] Epoch: [0] Loss: [2.3028876159502114]
2019-04-05 20:32:12 INFO     Batch: [23/120] Epoch: [0] Loss: [2.30254719654719]
2019-04-05 20:32:12 INFO     Batch: [24/120] Epoch: [0] Loss: [2.3021860790252684]
2019-04-05 20:32:12 INFO     Batch: [25/120] Epoch: [0] Loss: [2.3017250207754283]
2019-04-05 20:32:12 INFO     Batch: [26/120] Epoch: [0] Loss: [2.3012593498936407]
2019-04-05 20:32:12 INFO     Batch: [27/120] Epoch: [0] Loss: [2.3012180583817616]
2019-04-05 20:32:12 INFO     Batch: [28/120] Epoch: [0] Loss: [2.3010898376333304]
2019-04-05 20:32:12 INFO     Batch: [29/120] Epoch: [0] Loss: [2.300949311256409]
2019-04-05 20:32:12 INFO     Batch: [30/120] Epoch: [0] Loss: [2.300769167561685]
2019-04-05 20:32:12 INFO     Batch: [31/120] Epoch: [0] Loss: [2.300428532063961]
2019-04-05 20:32:12 INFO     Batch: [32/120] Epoch: [0] Loss: [2.3001077897620923]
2019-04-05 20:32:12 INFO     Batch: [33/120] Epoch: [0] Loss: [2.2998542224659637]
2019-04-05 20:32:12 INFO     Batch: [34/120] Epoch: [0] Loss: [2.2998066765921457]
2019-04-05 20:32:13 INFO     Batch: [35/120] Epoch: [0] Loss: [2.2994525763723583]
2019-04-05 20:32:13 INFO     Batch: [36/120] Epoch: [0] Loss: [2.2991644885088944]
2019-04-05 20:32:13 INFO     Batch: [37/120] Epoch: [0] Loss: [2.298921635276393]
2019-04-05 20:32:13 INFO     Batch: [38/120] Epoch: [0] Loss: [2.2986718874711256]
2019-04-05 20:32:13 INFO     Batch: [39/120] Epoch: [0] Loss: [2.2986294865608214]
2019-04-05 20:32:13 INFO     Batch: [40/120] Epoch: [0] Loss: [2.298613955334919]
2019-04-05 20:32:13 INFO     Batch: [41/120] Epoch: [0] Loss: [2.2984935953503562]
2019-04-05 20:32:13 INFO     Batch: [42/120] Epoch: [0] Loss: [2.2983202379803327]
2019-04-05 20:32:13 INFO     Batch: [43/120] Epoch: [0] Loss: [2.2982518022710625]
2019-04-05 20:32:13 INFO     Batch: [44/120] Epoch: [0] Loss: [2.2980831305185956]
2019-04-05 20:32:13 INFO     Batch: [45/120] Epoch: [0] Loss: [2.2976743086524634]
2019-04-05 20:32:13 INFO     Batch: [46/120] Epoch: [0] Loss: [2.2975373876855727]
2019-04-05 20:32:13 INFO     Batch: [47/120] Epoch: [0] Loss: [2.2972715497016907]
2019-04-05 20:32:14 INFO     Batch: [48/120] Epoch: [0] Loss: [2.297156202549837]
2019-04-05 20:32:14 INFO     Batch: [49/120] Epoch: [0] Loss: [2.2969184064865114]
2019-04-05 20:32:14 INFO     Batch: [50/120] Epoch: [0] Loss: [2.296702973982867]
2019-04-05 20:32:14 INFO     Batch: [51/120] Epoch: [0] Loss: [2.2965883429233847]
2019-04-05 20:32:14 INFO     Batch: [52/120] Epoch: [0] Loss: [2.2963917075463063]
2019-04-05 20:32:14 INFO     Batch: [53/120] Epoch: [0] Loss: [2.2960841876489146]
2019-04-05 20:32:14 INFO     Batch: [54/120] Epoch: [0] Loss: [2.2958661556243896]
2019-04-05 20:32:14 INFO     Batch: [55/120] Epoch: [0] Loss: [2.295701103551047]
2019-04-05 20:32:14 INFO     Batch: [56/120] Epoch: [0] Loss: [2.295537547061318]
2019-04-05 20:32:14 INFO     Batch: [57/120] Epoch: [0] Loss: [2.2952873131324507]
2019-04-05 20:32:14 INFO     Batch: [58/120] Epoch: [0] Loss: [2.2949353355472373]
2019-04-05 20:32:14 INFO     Batch: [59/120] Epoch: [0] Loss: [2.2947787404060365]
2019-04-05 20:32:14 INFO     Batch: [60/120] Epoch: [0] Loss: [2.294600607918911]
2019-04-05 20:32:15 INFO     Batch: [61/120] Epoch: [0] Loss: [2.294287316260799]
2019-04-05 20:32:15 INFO     Batch: [62/120] Epoch: [0] Loss: [2.293944688070388]
2019-04-05 20:32:15 INFO     Batch: [63/120] Epoch: [0] Loss: [2.293752484023571]
2019-04-05 20:32:15 INFO     Batch: [64/120] Epoch: [0] Loss: [2.2934289418734037]
2019-04-05 20:32:15 INFO     Batch: [65/120] Epoch: [0] Loss: [2.293206709803957]
2019-04-05 20:32:15 INFO     Batch: [66/120] Epoch: [0] Loss: [2.2929449045836034]
2019-04-05 20:32:15 INFO     Batch: [67/120] Epoch: [0] Loss: [2.2928072564742146]
2019-04-05 20:32:15 INFO     Batch: [68/120] Epoch: [0] Loss: [2.2925001918405727]
2019-04-05 20:32:15 INFO     Batch: [69/120] Epoch: [0] Loss: [2.2923731565475465]
2019-04-05 20:32:15 INFO     Batch: [70/120] Epoch: [0] Loss: [2.292220931657603]
2019-04-05 20:32:15 INFO     Batch: [71/120] Epoch: [0] Loss: [2.292078951994578]
2019-04-05 20:32:15 INFO     Batch: [72/120] Epoch: [0] Loss: [2.291830386200996]
2019-04-05 20:32:15 INFO     Batch: [73/120] Epoch: [0] Loss: [2.291667616045153]
2019-04-05 20:32:15 INFO     Batch: [74/120] Epoch: [0] Loss: [2.2913697465260823]
2019-04-05 20:32:16 INFO     Batch: [75/120] Epoch: [0] Loss: [2.291082887273086]
2019-04-05 20:32:16 INFO     Batch: [76/120] Epoch: [0] Loss: [2.2909675883008287]
2019-04-05 20:32:16 INFO     Batch: [77/120] Epoch: [0] Loss: [2.2907321758759327]
2019-04-05 20:32:16 INFO     Batch: [78/120] Epoch: [0] Loss: [2.2905220381821256]
2019-04-05 20:32:16 INFO     Batch: [79/120] Epoch: [0] Loss: [2.29028263092041]
2019-04-05 20:32:16 INFO     Batch: [80/120] Epoch: [0] Loss: [2.2901401843553706]
2019-04-05 20:32:16 INFO     Batch: [81/120] Epoch: [0] Loss: [2.2899603000501307]
2019-04-05 20:32:16 INFO     Batch: [82/120] Epoch: [0] Loss: [2.2896507360849037]
2019-04-05 20:32:16 INFO     Batch: [83/120] Epoch: [0] Loss: [2.289440910021464]
2019-04-05 20:32:16 INFO     Batch: [84/120] Epoch: [0] Loss: [2.289249221016379]
2019-04-05 20:32:16 INFO     Batch: [85/120] Epoch: [0] Loss: [2.28896132458088]
2019-04-05 20:32:16 INFO     Batch: [86/120] Epoch: [0] Loss: [2.2887473161193146]
2019-04-05 20:32:16 INFO     Batch: [87/120] Epoch: [0] Loss: [2.2885517965663564]
2019-04-05 20:32:17 INFO     Batch: [88/120] Epoch: [0] Loss: [2.2883005249366333]
2019-04-05 20:32:17 INFO     Batch: [89/120] Epoch: [0] Loss: [2.2879521555370754]
2019-04-05 20:32:17 INFO     Batch: [90/120] Epoch: [0] Loss: [2.2876840371351976]
2019-04-05 20:32:17 INFO     Batch: [91/120] Epoch: [0] Loss: [2.287519019582997]
2019-04-05 20:32:17 INFO     Batch: [92/120] Epoch: [0] Loss: [2.2873050243623796]
2019-04-05 20:32:17 INFO     Batch: [93/120] Epoch: [0] Loss: [2.2871247200255698]
2019-04-05 20:32:17 INFO     Batch: [94/120] Epoch: [0] Loss: [2.286909610346744]
2019-04-05 20:32:17 INFO     Batch: [95/120] Epoch: [0] Loss: [2.286684031287829]
2019-04-05 20:32:17 INFO     Batch: [96/120] Epoch: [0] Loss: [2.2863888568484905]
2019-04-05 20:32:17 INFO     Batch: [97/120] Epoch: [0] Loss: [2.286222521139651]
2019-04-05 20:32:17 INFO     Batch: [98/120] Epoch: [0] Loss: [2.2859754249303026]
2019-04-05 20:32:17 INFO     Batch: [99/120] Epoch: [0] Loss: [2.285819456577301]
2019-04-05 20:32:17 INFO     Batch: [100/120] Epoch: [0] Loss: [2.285668179540351]
2019-04-05 20:32:18 INFO     Batch: [101/120] Epoch: [0] Loss: [2.2854691860722562]
2019-04-05 20:32:18 INFO     Batch: [102/120] Epoch: [0] Loss: [2.285252635918775]
2019-04-05 20:32:18 INFO     Batch: [103/120] Epoch: [0] Loss: [2.2849759321946363]
2019-04-05 20:32:18 INFO     Batch: [104/120] Epoch: [0] Loss: [2.2847410542624336]
2019-04-05 20:32:18 INFO     Batch: [105/120] Epoch: [0] Loss: [2.2844745640484794]
2019-04-05 20:32:18 INFO     Batch: [106/120] Epoch: [0] Loss: [2.2842494104510154]
2019-04-05 20:32:18 INFO     Batch: [107/120] Epoch: [0] Loss: [2.2840970555941262]
2019-04-05 20:32:18 INFO     Batch: [108/120] Epoch: [0] Loss: [2.28391274180981]
2019-04-05 20:32:18 INFO     Batch: [109/120] Epoch: [0] Loss: [2.28369590585882]
2019-04-05 20:32:18 INFO     Batch: [110/120] Epoch: [0] Loss: [2.283395799430641]
2019-04-05 20:32:18 INFO     Batch: [111/120] Epoch: [0] Loss: [2.283070723925318]
2019-04-05 20:32:18 INFO     Batch: [112/120] Epoch: [0] Loss: [2.2828558293064085]
2019-04-05 20:32:18 INFO     Batch: [113/120] Epoch: [0] Loss: [2.282583242968509]
2019-04-05 20:32:19 INFO     Batch: [114/120] Epoch: [0] Loss: [2.282330085920251]
2019-04-05 20:32:19 INFO     Batch: [115/120] Epoch: [0] Loss: [2.2820925959225358]
2019-04-05 20:32:19 INFO     Batch: [116/120] Epoch: [0] Loss: [2.2818372677534056]
2019-04-05 20:32:19 INFO     Batch: [117/120] Epoch: [0] Loss: [2.281601002660848]
2019-04-05 20:32:19 INFO     Batch: [118/120] Epoch: [0] Loss: [2.281401796501224]
2019-04-05 20:32:19 INFO     Batch: [119/120] Epoch: [0] Loss: [2.281177089611689]
2019-04-05 20:32:20 INFO     Epoch: [0/2000] Loss: [2.281177089611689] Accuracy: [0.22981818181818187]
2019-04-05 20:32:20 INFO     Batch: [0/120] Epoch: [1] Loss: [2.240706205368042]
2019-04-05 20:32:21 INFO     Accuracy: [0.22872727272727278]

2019-04-05 20:32:21 INFO     Batch: [1/120] Epoch: [1] Loss: [2.2489829063415527]
2019-04-05 20:32:21 INFO     Batch: [2/120] Epoch: [1] Loss: [2.251532236735026]
2019-04-05 20:32:21 INFO     Batch: [3/120] Epoch: [1] Loss: [2.251772701740265]
2019-04-05 20:32:21 INFO     Batch: [4/120] Epoch: [1] Loss: [2.2521360397338865]
2019-04-05 20:32:21 INFO     Batch: [5/120] Epoch: [1] Loss: [2.2521223624547324]
2019-04-05 20:32:21 INFO     Batch: [6/120] Epoch: [1] Loss: [2.251149892807007]
2019-04-05 20:32:21 INFO     Batch: [7/120] Epoch: [1] Loss: [2.248943567276001]
2019-04-05 20:32:21 INFO     Batch: [8/120] Epoch: [1] Loss: [2.2478244569566517]
2019-04-05 20:32:22 INFO     Batch: [9/120] Epoch: [1] Loss: [2.2475138187408445]
2019-04-05 20:32:22 INFO     Batch: [10/120] Epoch: [1] Loss: [2.24800105528398]
2019-04-05 20:32:22 INFO     Batch: [11/120] Epoch: [1] Loss: [2.2482118010520935]
2019-04-05 20:32:22 INFO     Batch: [12/120] Epoch: [1] Loss: [2.2480033177595873]
2019-04-05 20:32:22 INFO     Batch: [13/120] Epoch: [1] Loss: [2.247360348701477]
2019-04-05 20:32:22 INFO     Batch: [14/120] Epoch: [1] Loss: [2.24734050432841]
2019-04-05 20:32:22 INFO     Batch: [15/120] Epoch: [1] Loss: [2.2474523335695267]
2019-04-05 20:32:22 INFO     Batch: [16/120] Epoch: [1] Loss: [2.2470704246969784]
2019-04-05 20:32:22 INFO     Batch: [17/120] Epoch: [1] Loss: [2.2474635574552746]
2019-04-05 20:32:22 INFO     Batch: [18/120] Epoch: [1] Loss: [2.246708920127467]
2019-04-05 20:32:22 INFO     Batch: [19/120] Epoch: [1] Loss: [2.2464922070503235]
2019-04-05 20:32:22 INFO     Batch: [20/120] Epoch: [1] Loss: [2.2458750066303073]
2019-04-05 20:32:22 INFO     Batch: [21/120] Epoch: [1] Loss: [2.2454271858388726]
2019-04-05 20:32:23 INFO     Batch: [22/120] Epoch: [1] Loss: [2.245322496994682]
2019-04-05 20:32:23 INFO     Batch: [23/120] Epoch: [1] Loss: [2.2449260155359902]
2019-04-05 20:32:23 INFO     Batch: [24/120] Epoch: [1] Loss: [2.2446259689331054]
2019-04-05 20:32:23 INFO     Batch: [25/120] Epoch: [1] Loss: [2.244391780633193]
2019-04-05 20:32:23 INFO     Batch: [26/120] Epoch: [1] Loss: [2.243919840565434]
2019-04-05 20:32:23 INFO     Batch: [27/120] Epoch: [1] Loss: [2.2432187625340054]
2019-04-05 20:32:23 INFO     Batch: [28/120] Epoch: [1] Loss: [2.2432057775300125]
2019-04-05 20:32:23 INFO     Batch: [29/120] Epoch: [1] Loss: [2.242712148030599]
2019-04-05 20:32:23 INFO     Batch: [30/120] Epoch: [1] Loss: [2.2425689081991873]
2019-04-05 20:32:23 INFO     Batch: [31/120] Epoch: [1] Loss: [2.2419997304677963]
2019-04-05 20:32:23 INFO     Batch: [32/120] Epoch: [1] Loss: [2.2420580676107695]
2019-04-05 20:32:23 INFO     Batch: [33/120] Epoch: [1] Loss: [2.2418990275439095]
2019-04-05 20:32:23 INFO     Batch: [34/120] Epoch: [1] Loss: [2.241499049322946]
2019-04-05 20:32:24 INFO     Batch: [35/120] Epoch: [1] Loss: [2.2411338554488287]
2019-04-05 20:32:24 INFO     Batch: [36/120] Epoch: [1] Loss: [2.240802339605383]
2019-04-05 20:32:24 INFO     Batch: [37/120] Epoch: [1] Loss: [2.240780190417641]
2019-04-05 20:32:24 INFO     Batch: [38/120] Epoch: [1] Loss: [2.2406000051742945]
2019-04-05 20:32:24 INFO     Batch: [39/120] Epoch: [1] Loss: [2.2403576493263246]
2019-04-05 20:32:24 INFO     Batch: [40/120] Epoch: [1] Loss: [2.2400684647443816]
2019-04-05 20:32:24 INFO     Batch: [41/120] Epoch: [1] Loss: [2.2397551252728416]
2019-04-05 20:32:24 INFO     Batch: [42/120] Epoch: [1] Loss: [2.23931454503259]
2019-04-05 20:32:24 INFO     Batch: [43/120] Epoch: [1] Loss: [2.238946410742673]
2019-04-05 20:32:24 INFO     Batch: [44/120] Epoch: [1] Loss: [2.238698312971327]
2019-04-05 20:32:24 INFO     Batch: [45/120] Epoch: [1] Loss: [2.2382784459901894]
2019-04-05 20:32:24 INFO     Batch: [46/120] Epoch: [1] Loss: [2.2382863988267614]
2019-04-05 20:32:24 INFO     Batch: [47/120] Epoch: [1] Loss: [2.2380750129620233]
2019-04-05 20:32:24 INFO     Batch: [48/120] Epoch: [1] Loss: [2.2377504280635288]
2019-04-05 20:32:25 INFO     Batch: [49/120] Epoch: [1] Loss: [2.2374096727371215]
2019-04-05 20:32:25 INFO     Batch: [50/120] Epoch: [1] Loss: [2.2370939815745636]
2019-04-05 20:32:25 INFO     Batch: [51/120] Epoch: [1] Loss: [2.2368807655114393]
2019-04-05 20:32:25 INFO     Batch: [52/120] Epoch: [1] Loss: [2.2366633505191444]
2019-04-05 20:32:25 INFO     Batch: [53/120] Epoch: [1] Loss: [2.2366769357963845]
2019-04-05 20:32:25 INFO     Batch: [54/120] Epoch: [1] Loss: [2.236552299152721]
2019-04-05 20:32:25 INFO     Batch: [55/120] Epoch: [1] Loss: [2.2364115629877364]
2019-04-05 20:32:25 INFO     Batch: [56/120] Epoch: [1] Loss: [2.2362328914173863]
2019-04-05 20:32:25 INFO     Batch: [57/120] Epoch: [1] Loss: [2.235763800555262]
2019-04-05 20:32:25 INFO     Batch: [58/120] Epoch: [1] Loss: [2.2357271202539994]
2019-04-05 20:32:25 INFO     Batch: [59/120] Epoch: [1] Loss: [2.2353944500287373]
2019-04-05 20:32:25 INFO     Batch: [60/120] Epoch: [1] Loss: [2.235060172002824]
2019-04-05 20:32:25 INFO     Batch: [61/120] Epoch: [1] Loss: [2.2346635979990803]
2019-04-05 20:32:26 INFO     Batch: [62/120] Epoch: [1] Loss: [2.234440765683613]
2019-04-05 20:32:26 INFO     Batch: [63/120] Epoch: [1] Loss: [2.2342443093657494]
2019-04-05 20:32:26 INFO     Batch: [64/120] Epoch: [1] Loss: [2.2341450361105113]
2019-04-05 20:32:26 INFO     Batch: [65/120] Epoch: [1] Loss: [2.234082063039144]
2019-04-05 20:32:26 INFO     Batch: [66/120] Epoch: [1] Loss: [2.2338238367393837]
2019-04-05 20:32:26 INFO     Batch: [67/120] Epoch: [1] Loss: [2.233456587090212]
2019-04-05 20:32:26 INFO     Batch: [68/120] Epoch: [1] Loss: [2.2333248421765757]
2019-04-05 20:32:26 INFO     Batch: [69/120] Epoch: [1] Loss: [2.2333313022341046]
2019-04-05 20:32:26 INFO     Batch: [70/120] Epoch: [1] Loss: [2.232964690302459]
2019-04-05 20:32:26 INFO     Batch: [71/120] Epoch: [1] Loss: [2.232710735665427]
2019-04-05 20:32:26 INFO     Batch: [72/120] Epoch: [1] Loss: [2.2325781273515255]
2019-04-05 20:32:26 INFO     Batch: [73/120] Epoch: [1] Loss: [2.232242329700573]
2019-04-05 20:32:26 INFO     Batch: [74/120] Epoch: [1] Loss: [2.2318899822235108]
2019-04-05 20:32:27 INFO     Batch: [75/120] Epoch: [1] Loss: [2.2316892837223254]
2019-04-05 20:32:27 INFO     Batch: [76/120] Epoch: [1] Loss: [2.2314885189006857]
2019-04-05 20:32:27 INFO     Batch: [77/120] Epoch: [1] Loss: [2.2312387778208804]
2019-04-05 20:32:27 INFO     Batch: [78/120] Epoch: [1] Loss: [2.2310208851778053]
2019-04-05 20:32:27 INFO     Batch: [79/120] Epoch: [1] Loss: [2.230666571855545]
2019-04-05 20:32:27 INFO     Batch: [80/120] Epoch: [1] Loss: [2.2305063907011053]
2019-04-05 20:32:27 INFO     Batch: [81/120] Epoch: [1] Loss: [2.230388260469204]
2019-04-05 20:32:27 INFO     Batch: [82/120] Epoch: [1] Loss: [2.2301901535815505]
2019-04-05 20:32:27 INFO     Batch: [83/120] Epoch: [1] Loss: [2.229973634084066]
2019-04-05 20:32:27 INFO     Batch: [84/120] Epoch: [1] Loss: [2.229861009822172]
2019-04-05 20:32:27 INFO     Batch: [85/120] Epoch: [1] Loss: [2.229573981706486]
2019-04-05 20:32:27 INFO     Batch: [86/120] Epoch: [1] Loss: [2.2292830971465714]
2019-04-05 20:32:27 INFO     Batch: [87/120] Epoch: [1] Loss: [2.2289784957062113]
2019-04-05 20:32:28 INFO     Batch: [88/120] Epoch: [1] Loss: [2.2285775709687994]
2019-04-05 20:32:28 INFO     Batch: [89/120] Epoch: [1] Loss: [2.2284318844477338]
2019-04-05 20:32:28 INFO     Batch: [90/120] Epoch: [1] Loss: [2.2281320173661787]
2019-04-05 20:32:28 INFO     Batch: [91/120] Epoch: [1] Loss: [2.2279402743215146]
2019-04-05 20:32:28 INFO     Batch: [92/120] Epoch: [1] Loss: [2.227705501740979]
2019-04-05 20:32:28 INFO     Batch: [93/120] Epoch: [1] Loss: [2.2273476656447064]
2019-04-05 20:32:28 INFO     Batch: [94/120] Epoch: [1] Loss: [2.227149978436922]
2019-04-05 20:32:28 INFO     Batch: [95/120] Epoch: [1] Loss: [2.226878007253011]
2019-04-05 20:32:28 INFO     Batch: [96/120] Epoch: [1] Loss: [2.226485390024087]
2019-04-05 20:32:28 INFO     Batch: [97/120] Epoch: [1] Loss: [2.226171359723928]
2019-04-05 20:32:28 INFO     Batch: [98/120] Epoch: [1] Loss: [2.2257717691286647]
2019-04-05 20:32:28 INFO     Batch: [99/120] Epoch: [1] Loss: [2.2254066467285156]
2019-04-05 20:32:28 INFO     Batch: [100/120] Epoch: [1] Loss: [2.225307797441388]
2019-04-05 20:32:28 INFO     Batch: [101/120] Epoch: [1] Loss: [2.225004616905661]
2019-04-05 20:32:29 INFO     Batch: [102/120] Epoch: [1] Loss: [2.2246494408950066]
2019-04-05 20:32:29 INFO     Batch: [103/120] Epoch: [1] Loss: [2.224413078564864]
2019-04-05 20:32:29 INFO     Batch: [104/120] Epoch: [1] Loss: [2.2241357962290444]
2019-04-05 20:32:29 INFO     Batch: [105/120] Epoch: [1] Loss: [2.2238598027319276]
2019-04-05 20:32:29 INFO     Batch: [106/120] Epoch: [1] Loss: [2.223578912075435]
2019-04-05 20:32:29 INFO     Batch: [107/120] Epoch: [1] Loss: [2.223350441014325]
2019-04-05 20:32:29 INFO     Batch: [108/120] Epoch: [1] Loss: [2.223084541635776]
2019-04-05 20:32:29 INFO     Batch: [109/120] Epoch: [1] Loss: [2.222806798328053]
2019-04-05 20:32:29 INFO     Batch: [110/120] Epoch: [1] Loss: [2.222547524684184]
2019-04-05 20:32:29 INFO     Batch: [111/120] Epoch: [1] Loss: [2.2223344147205353]
2019-04-05 20:32:29 INFO     Batch: [112/120] Epoch: [1] Loss: [2.222118561246754]
2019-04-05 20:32:29 INFO     Batch: [113/120] Epoch: [1] Loss: [2.221840766438267]
2019-04-05 20:32:29 INFO     Batch: [114/120] Epoch: [1] Loss: [2.2215476989746095]
2019-04-05 20:32:30 INFO     Batch: [115/120] Epoch: [1] Loss: [2.2211706145056365]
2019-04-05 20:32:30 INFO     Batch: [116/120] Epoch: [1] Loss: [2.2207326990926366]
2019-04-05 20:32:30 INFO     Batch: [117/120] Epoch: [1] Loss: [2.2205408205420283]
2019-04-05 20:32:30 INFO     Batch: [118/120] Epoch: [1] Loss: [2.2203332115622127]
2019-04-05 20:32:30 INFO     Batch: [119/120] Epoch: [1] Loss: [2.219911636908849]
2019-04-05 20:32:31 INFO     Epoch: [1/2000] Loss: [2.219911636908849] Accuracy: [0.2698181818181818]
2019-04-05 20:32:31 INFO     Batch: [0/120] Epoch: [2] Loss: [2.1855719089508057]
2019-04-05 20:32:32 INFO     Accuracy: [0.264]

2019-04-05 20:32:32 INFO     Batch: [1/120] Epoch: [2] Loss: [2.184158205986023]
2019-04-05 20:32:32 INFO     Batch: [2/120] Epoch: [2] Loss: [2.1811339060465493]
2019-04-05 20:32:32 INFO     Batch: [3/120] Epoch: [2] Loss: [2.1783276200294495]
2019-04-05 20:32:32 INFO     Batch: [4/120] Epoch: [2] Loss: [2.1812716007232664]
2019-04-05 20:32:32 INFO     Batch: [5/120] Epoch: [2] Loss: [2.181631406148275]
2019-04-05 20:32:32 INFO     Batch: [6/120] Epoch: [2] Loss: [2.1805480207715715]
2019-04-05 20:32:32 INFO     Batch: [7/120] Epoch: [2] Loss: [2.1805099546909332]
2019-04-05 20:32:32 INFO     Batch: [8/120] Epoch: [2] Loss: [2.177973084979587]
2019-04-05 20:32:32 INFO     Batch: [9/120] Epoch: [2] Loss: [2.179280686378479]
2019-04-05 20:32:33 INFO     Batch: [10/120] Epoch: [2] Loss: [2.179323586550626]
2019-04-05 20:32:33 INFO     Batch: [11/120] Epoch: [2] Loss: [2.17870302995046]
2019-04-05 20:32:33 INFO     Batch: [12/120] Epoch: [2] Loss: [2.178928026786217]
2019-04-05 20:32:33 INFO     Batch: [13/120] Epoch: [2] Loss: [2.1788975170680454]
2019-04-05 20:32:33 INFO     Batch: [14/120] Epoch: [2] Loss: [2.1787665049235025]
2019-04-05 20:32:33 INFO     Batch: [15/120] Epoch: [2] Loss: [2.179047867655754]
2019-04-05 20:32:33 INFO     Batch: [16/120] Epoch: [2] Loss: [2.1786517956677605]
2019-04-05 20:32:33 INFO     Batch: [17/120] Epoch: [2] Loss: [2.179121626747979]
2019-04-05 20:32:33 INFO     Batch: [18/120] Epoch: [2] Loss: [2.178823282844142]
2019-04-05 20:32:33 INFO     Batch: [19/120] Epoch: [2] Loss: [2.1785473227500916]
2019-04-05 20:32:33 INFO     Batch: [20/120] Epoch: [2] Loss: [2.1781844525110152]
2019-04-05 20:32:33 INFO     Batch: [21/120] Epoch: [2] Loss: [2.178078456358476]
2019-04-05 20:32:33 INFO     Batch: [22/120] Epoch: [2] Loss: [2.178351288256438]
2019-04-05 20:32:34 INFO     Batch: [23/120] Epoch: [2] Loss: [2.1784871915976205]
2019-04-05 20:32:34 INFO     Batch: [24/120] Epoch: [2] Loss: [2.1774093532562255]
2019-04-05 20:32:34 INFO     Batch: [25/120] Epoch: [2] Loss: [2.177238235106835]
2019-04-05 20:32:34 INFO     Batch: [26/120] Epoch: [2] Loss: [2.177016682094998]
2019-04-05 20:32:34 INFO     Batch: [27/120] Epoch: [2] Loss: [2.1765146596091136]
2019-04-05 20:32:34 INFO     Batch: [28/120] Epoch: [2] Loss: [2.17598006643098]
2019-04-05 20:32:34 INFO     Batch: [29/120] Epoch: [2] Loss: [2.175996987024943]
2019-04-05 20:32:34 INFO     Batch: [30/120] Epoch: [2] Loss: [2.1757534165536203]
2019-04-05 20:32:34 INFO     Batch: [31/120] Epoch: [2] Loss: [2.17552250623703]
2019-04-05 20:32:34 INFO     Batch: [32/120] Epoch: [2] Loss: [2.175524451515891]
2019-04-05 20:32:34 INFO     Batch: [33/120] Epoch: [2] Loss: [2.1747695628334496]
2019-04-05 20:32:34 INFO     Batch: [34/120] Epoch: [2] Loss: [2.174996771131243]
2019-04-05 20:32:34 INFO     Batch: [35/120] Epoch: [2] Loss: [2.1746090518103705]
2019-04-05 20:32:34 INFO     Batch: [36/120] Epoch: [2] Loss: [2.1742266255456046]
2019-04-05 20:32:35 INFO     Batch: [37/120] Epoch: [2] Loss: [2.174075252131412]
2019-04-05 20:32:35 INFO     Batch: [38/120] Epoch: [2] Loss: [2.1737137941213756]
2019-04-05 20:32:35 INFO     Batch: [39/120] Epoch: [2] Loss: [2.1731658816337585]
2019-04-05 20:32:35 INFO     Batch: [40/120] Epoch: [2] Loss: [2.173479487256306]
2019-04-05 20:32:35 INFO     Batch: [41/120] Epoch: [2] Loss: [2.173012273652213]
2019-04-05 20:32:35 INFO     Batch: [42/120] Epoch: [2] Loss: [2.172225652739059]
2019-04-05 20:32:35 INFO     Batch: [43/120] Epoch: [2] Loss: [2.1718637726523657]
2019-04-05 20:32:35 INFO     Batch: [44/120] Epoch: [2] Loss: [2.1718343257904054]
2019-04-05 20:32:35 INFO     Batch: [45/120] Epoch: [2] Loss: [2.171443996222123]
2019-04-05 20:32:35 INFO     Batch: [46/120] Epoch: [2] Loss: [2.1711590492979007]
2019-04-05 20:32:35 INFO     Batch: [47/120] Epoch: [2] Loss: [2.171100010474523]
2019-04-05 20:32:35 INFO     Batch: [48/120] Epoch: [2] Loss: [2.17057517110085]
2019-04-05 20:32:35 INFO     Batch: [49/120] Epoch: [2] Loss: [2.1702532291412355]
2019-04-05 20:32:36 INFO     Batch: [50/120] Epoch: [2] Loss: [2.169534496232575]
2019-04-05 20:32:36 INFO     Batch: [51/120] Epoch: [2] Loss: [2.169221442479354]
2019-04-05 20:32:36 INFO     Batch: [52/120] Epoch: [2] Loss: [2.169073905584947]
2019-04-05 20:32:36 INFO     Batch: [53/120] Epoch: [2] Loss: [2.1686733431286283]
2019-04-05 20:32:36 INFO     Batch: [54/120] Epoch: [2] Loss: [2.168582461097024]
2019-04-05 20:32:36 INFO     Batch: [55/120] Epoch: [2] Loss: [2.168100403887885]
2019-04-05 20:32:36 INFO     Batch: [56/120] Epoch: [2] Loss: [2.1680423209541724]
2019-04-05 20:32:36 INFO     Batch: [57/120] Epoch: [2] Loss: [2.167730746598079]
2019-04-05 20:32:36 INFO     Batch: [58/120] Epoch: [2] Loss: [2.167089474403252]
2019-04-05 20:32:36 INFO     Batch: [59/120] Epoch: [2] Loss: [2.1666490475336713]
2019-04-05 20:32:36 INFO     Batch: [60/120] Epoch: [2] Loss: [2.1669215296135573]
2019-04-05 20:32:36 INFO     Batch: [61/120] Epoch: [2] Loss: [2.1665236103919243]
2019-04-05 20:32:36 INFO     Batch: [62/120] Epoch: [2] Loss: [2.1660136041187106]
2019-04-05 20:32:37 INFO     Batch: [63/120] Epoch: [2] Loss: [2.1655437909066677]
2019-04-05 20:32:37 INFO     Batch: [64/120] Epoch: [2] Loss: [2.165045444781964]
2019-04-05 20:32:37 INFO     Batch: [65/120] Epoch: [2] Loss: [2.164712728876056]
2019-04-05 20:32:37 INFO     Batch: [66/120] Epoch: [2] Loss: [2.1642029214261185]
2019-04-05 20:32:37 INFO     Batch: [67/120] Epoch: [2] Loss: [2.1638764353359448]
2019-04-05 20:32:37 INFO     Batch: [68/120] Epoch: [2] Loss: [2.163477793983791]
2019-04-05 20:32:37 INFO     Batch: [69/120] Epoch: [2] Loss: [2.16321029322488]
2019-04-05 20:32:37 INFO     Batch: [70/120] Epoch: [2] Loss: [2.1628268369486636]
2019-04-05 20:32:37 INFO     Batch: [71/120] Epoch: [2] Loss: [2.1627320051193237]
2019-04-05 20:32:37 INFO     Batch: [72/120] Epoch: [2] Loss: [2.162016078217389]
2019-04-05 20:32:37 INFO     Batch: [73/120] Epoch: [2] Loss: [2.161685463544485]
2019-04-05 20:32:37 INFO     Batch: [74/120] Epoch: [2] Loss: [2.1613569990793864]
2019-04-05 20:32:37 INFO     Batch: [75/120] Epoch: [2] Loss: [2.1610199495365747]
2019-04-05 20:32:38 INFO     Batch: [76/120] Epoch: [2] Loss: [2.160812356255271]
2019-04-05 20:32:38 INFO     Batch: [77/120] Epoch: [2] Loss: [2.1603633776689186]
2019-04-05 20:32:38 INFO     Batch: [78/120] Epoch: [2] Loss: [2.159903918640523]
2019-04-05 20:32:38 INFO     Batch: [79/120] Epoch: [2] Loss: [2.159597983956337]
2019-04-05 20:32:38 INFO     Batch: [80/120] Epoch: [2] Loss: [2.1590698000825483]
2019-04-05 20:32:38 INFO     Batch: [81/120] Epoch: [2] Loss: [2.158592360775645]
2019-04-05 20:32:38 INFO     Batch: [82/120] Epoch: [2] Loss: [2.1580378808170915]
2019-04-05 20:32:38 INFO     Batch: [83/120] Epoch: [2] Loss: [2.1575617364474704]
2019-04-05 20:32:38 INFO     Batch: [84/120] Epoch: [2] Loss: [2.1571688063004437]
2019-04-05 20:32:38 INFO     Batch: [85/120] Epoch: [2] Loss: [2.156708975170934]
2019-04-05 20:32:38 INFO     Batch: [86/120] Epoch: [2] Loss: [2.1564123192052733]
2019-04-05 20:32:38 INFO     Batch: [87/120] Epoch: [2] Loss: [2.156288821588863]
2019-04-05 20:32:38 INFO     Batch: [88/120] Epoch: [2] Loss: [2.155991299768512]
2019-04-05 20:32:39 INFO     Batch: [89/120] Epoch: [2] Loss: [2.1553037219577367]
2019-04-05 20:32:39 INFO     Batch: [90/120] Epoch: [2] Loss: [2.155146598815918]
2019-04-05 20:32:39 INFO     Batch: [91/120] Epoch: [2] Loss: [2.1546993255615234]
2019-04-05 20:32:39 INFO     Batch: [92/120] Epoch: [2] Loss: [2.154142177233132]
2019-04-05 20:32:39 INFO     Batch: [93/120] Epoch: [2] Loss: [2.1536885474590544]
2019-04-05 20:32:39 INFO     Batch: [94/120] Epoch: [2] Loss: [2.153400902999075]
2019-04-05 20:32:39 INFO     Batch: [95/120] Epoch: [2] Loss: [2.153040423989296]
2019-04-05 20:32:39 INFO     Batch: [96/120] Epoch: [2] Loss: [2.152769474639106]
2019-04-05 20:32:39 INFO     Batch: [97/120] Epoch: [2] Loss: [2.152468333438951]
2019-04-05 20:32:39 INFO     Batch: [98/120] Epoch: [2] Loss: [2.152124376008005]
2019-04-05 20:32:39 INFO     Batch: [99/120] Epoch: [2] Loss: [2.151482229232788]
2019-04-05 20:32:39 INFO     Batch: [100/120] Epoch: [2] Loss: [2.1511138500553546]
2019-04-05 20:32:39 INFO     Batch: [101/120] Epoch: [2] Loss: [2.1508988539377847]
2019-04-05 20:32:39 INFO     Batch: [102/120] Epoch: [2] Loss: [2.150425244303583]
2019-04-05 20:32:40 INFO     Batch: [103/120] Epoch: [2] Loss: [2.1501377133222728]
2019-04-05 20:32:40 INFO     Batch: [104/120] Epoch: [2] Loss: [2.1499155203501386]
2019-04-05 20:32:40 INFO     Batch: [105/120] Epoch: [2] Loss: [2.1493698538474315]
2019-04-05 20:32:40 INFO     Batch: [106/120] Epoch: [2] Loss: [2.148860184945793]
2019-04-05 20:32:40 INFO     Batch: [107/120] Epoch: [2] Loss: [2.148683170477549]
2019-04-05 20:32:40 INFO     Batch: [108/120] Epoch: [2] Loss: [2.1483256620004636]
2019-04-05 20:32:40 INFO     Batch: [109/120] Epoch: [2] Loss: [2.1477298563176936]
2019-04-05 20:32:40 INFO     Batch: [110/120] Epoch: [2] Loss: [2.1474506940927593]
2019-04-05 20:32:40 INFO     Batch: [111/120] Epoch: [2] Loss: [2.146980264357158]
2019-04-05 20:32:40 INFO     Batch: [112/120] Epoch: [2] Loss: [2.1466270463656536]
2019-04-05 20:32:40 INFO     Batch: [113/120] Epoch: [2] Loss: [2.146295198223047]
2019-04-05 20:32:40 INFO     Batch: [114/120] Epoch: [2] Loss: [2.1458424153535263]
2019-04-05 20:32:40 INFO     Batch: [115/120] Epoch: [2] Loss: [2.145376195167673]
2019-04-05 20:32:41 INFO     Batch: [116/120] Epoch: [2] Loss: [2.1451599618308563]
2019-04-05 20:32:41 INFO     Batch: [117/120] Epoch: [2] Loss: [2.1447136301105307]
2019-04-05 20:32:41 INFO     Batch: [118/120] Epoch: [2] Loss: [2.1443158818894075]
2019-04-05 20:32:41 INFO     Batch: [119/120] Epoch: [2] Loss: [2.1438545902570088]
2019-04-05 20:32:42 INFO     Epoch: [2/2000] Loss: [2.1438545902570088] Accuracy: [0.29163636363636364]
2019-04-05 20:32:42 INFO     Batch: [0/120] Epoch: [3] Loss: [2.094330072402954]
2019-04-05 20:32:43 INFO     Accuracy: [0.29218181818181815]

2019-04-05 20:32:43 INFO     Batch: [1/120] Epoch: [3] Loss: [2.0950440168380737]
2019-04-05 20:32:43 INFO     Batch: [2/120] Epoch: [3] Loss: [2.097919305165609]
2019-04-05 20:32:43 INFO     Batch: [3/120] Epoch: [3] Loss: [2.101061999797821]
2019-04-05 20:32:43 INFO     Batch: [4/120] Epoch: [3] Loss: [2.0988320827484133]
2019-04-05 20:32:43 INFO     Batch: [5/120] Epoch: [3] Loss: [2.0997756322224936]
2019-04-05 20:32:43 INFO     Batch: [6/120] Epoch: [3] Loss: [2.1007092680249895]
2019-04-05 20:32:43 INFO     Batch: [7/120] Epoch: [3] Loss: [2.0992907285690308]
2019-04-05 20:32:43 INFO     Batch: [8/120] Epoch: [3] Loss: [2.0969645977020264]
2019-04-05 20:32:43 INFO     Batch: [9/120] Epoch: [3] Loss: [2.096721577644348]
2019-04-05 20:32:43 INFO     Batch: [10/120] Epoch: [3] Loss: [2.095250975001942]
2019-04-05 20:32:44 INFO     Batch: [11/120] Epoch: [3] Loss: [2.0931499203046164]
2019-04-05 20:32:44 INFO     Batch: [12/120] Epoch: [3] Loss: [2.0926628296191874]
2019-04-05 20:32:44 INFO     Batch: [13/120] Epoch: [3] Loss: [2.0924443176814487]
2019-04-05 20:32:44 INFO     Batch: [14/120] Epoch: [3] Loss: [2.092690881093343]
2019-04-05 20:32:44 INFO     Batch: [15/120] Epoch: [3] Loss: [2.091648191213608]
2019-04-05 20:32:44 INFO     Batch: [16/120] Epoch: [3] Loss: [2.0916081877315746]
2019-04-05 20:32:44 INFO     Batch: [17/120] Epoch: [3] Loss: [2.0914853943718805]
2019-04-05 20:32:44 INFO     Batch: [18/120] Epoch: [3] Loss: [2.08980729705409]
2019-04-05 20:32:44 INFO     Batch: [19/120] Epoch: [3] Loss: [2.0889211177825926]
2019-04-05 20:32:44 INFO     Batch: [20/120] Epoch: [3] Loss: [2.0883100486937023]
2019-04-05 20:32:44 INFO     Batch: [21/120] Epoch: [3] Loss: [2.087980194525285]
2019-04-05 20:32:44 INFO     Batch: [22/120] Epoch: [3] Loss: [2.0885984379312266]
2019-04-05 20:32:44 INFO     Batch: [23/120] Epoch: [3] Loss: [2.087356964747111]
2019-04-05 20:32:45 INFO     Batch: [24/120] Epoch: [3] Loss: [2.088103132247925]
2019-04-05 20:32:45 INFO     Batch: [25/120] Epoch: [3] Loss: [2.0887172038738546]
2019-04-05 20:32:45 INFO     Batch: [26/120] Epoch: [3] Loss: [2.088594260039153]
2019-04-05 20:32:45 INFO     Batch: [27/120] Epoch: [3] Loss: [2.0890064239501953]
2019-04-05 20:32:45 INFO     Batch: [28/120] Epoch: [3] Loss: [2.0891398396985283]
2019-04-05 20:32:45 INFO     Batch: [29/120] Epoch: [3] Loss: [2.0886945565541586]
2019-04-05 20:32:45 INFO     Batch: [30/120] Epoch: [3] Loss: [2.0890281969501125]
2019-04-05 20:32:45 INFO     Batch: [31/120] Epoch: [3] Loss: [2.0891304314136505]
2019-04-05 20:32:45 INFO     Batch: [32/120] Epoch: [3] Loss: [2.0884394790187026]
2019-04-05 20:32:45 INFO     Batch: [33/120] Epoch: [3] Loss: [2.088440348120297]
2019-04-05 20:32:45 INFO     Batch: [34/120] Epoch: [3] Loss: [2.0881115777151926]
2019-04-05 20:32:45 INFO     Batch: [35/120] Epoch: [3] Loss: [2.0871684617466397]
2019-04-05 20:32:45 INFO     Batch: [36/120] Epoch: [3] Loss: [2.0870846799902014]
2019-04-05 20:32:45 INFO     Batch: [37/120] Epoch: [3] Loss: [2.086691837561758]
2019-04-05 20:32:46 INFO     Batch: [38/120] Epoch: [3] Loss: [2.086231048290546]
2019-04-05 20:32:46 INFO     Batch: [39/120] Epoch: [3] Loss: [2.0857350885868073]
2019-04-05 20:32:46 INFO     Batch: [40/120] Epoch: [3] Loss: [2.08506838868304]
2019-04-05 20:32:46 INFO     Batch: [41/120] Epoch: [3] Loss: [2.084755261739095]
2019-04-05 20:32:46 INFO     Batch: [42/120] Epoch: [3] Loss: [2.084451159765554]
2019-04-05 20:32:46 INFO     Batch: [43/120] Epoch: [3] Loss: [2.084265649318695]
2019-04-05 20:32:46 INFO     Batch: [44/120] Epoch: [3] Loss: [2.0841398027208116]
2019-04-05 20:32:46 INFO     Batch: [45/120] Epoch: [3] Loss: [2.083952250687972]
2019-04-05 20:32:46 INFO     Batch: [46/120] Epoch: [3] Loss: [2.083003546329255]
2019-04-05 20:32:46 INFO     Batch: [47/120] Epoch: [3] Loss: [2.082967052857081]
2019-04-05 20:32:46 INFO     Batch: [48/120] Epoch: [3] Loss: [2.0823560490900155]
2019-04-05 20:32:46 INFO     Batch: [49/120] Epoch: [3] Loss: [2.0826874446868895]
2019-04-05 20:32:46 INFO     Batch: [50/120] Epoch: [3] Loss: [2.081809347751094]
2019-04-05 20:32:47 INFO     Batch: [51/120] Epoch: [3] Loss: [2.081751291568463]
2019-04-05 20:32:47 INFO     Batch: [52/120] Epoch: [3] Loss: [2.080428753259047]
2019-04-05 20:32:47 INFO     Batch: [53/120] Epoch: [3] Loss: [2.0802136924531727]
2019-04-05 20:32:47 INFO     Batch: [54/120] Epoch: [3] Loss: [2.0800348975441674]
2019-04-05 20:32:47 INFO     Batch: [55/120] Epoch: [3] Loss: [2.079041370323726]
2019-04-05 20:32:47 INFO     Batch: [56/120] Epoch: [3] Loss: [2.078586741497642]
2019-04-05 20:32:47 INFO     Batch: [57/120] Epoch: [3] Loss: [2.0779934381616525]
2019-04-05 20:32:47 INFO     Batch: [58/120] Epoch: [3] Loss: [2.077535928305933]
2019-04-05 20:32:47 INFO     Batch: [59/120] Epoch: [3] Loss: [2.077444676558177]
2019-04-05 20:32:47 INFO     Batch: [60/120] Epoch: [3] Loss: [2.0769315547630436]
2019-04-05 20:32:47 INFO     Batch: [61/120] Epoch: [3] Loss: [2.07671707676303]
2019-04-05 20:32:47 INFO     Batch: [62/120] Epoch: [3] Loss: [2.076427894925314]
2019-04-05 20:32:47 INFO     Batch: [63/120] Epoch: [3] Loss: [2.0763695165514946]
2019-04-05 20:32:48 INFO     Batch: [64/120] Epoch: [3] Loss: [2.076077259503878]
2019-04-05 20:32:48 INFO     Batch: [65/120] Epoch: [3] Loss: [2.075218034513069]
2019-04-05 20:32:48 INFO     Batch: [66/120] Epoch: [3] Loss: [2.074900566641964]
2019-04-05 20:32:48 INFO     Batch: [67/120] Epoch: [3] Loss: [2.0745656069587257]
2019-04-05 20:32:48 INFO     Batch: [68/120] Epoch: [3] Loss: [2.0739989902662193]
2019-04-05 20:32:48 INFO     Batch: [69/120] Epoch: [3] Loss: [2.0735085351126537]
2019-04-05 20:32:48 INFO     Batch: [70/120] Epoch: [3] Loss: [2.072846301844422]
2019-04-05 20:32:48 INFO     Batch: [71/120] Epoch: [3] Loss: [2.0726081331570945]
2019-04-05 20:32:48 INFO     Batch: [72/120] Epoch: [3] Loss: [2.072205465133876]
2019-04-05 20:32:48 INFO     Batch: [73/120] Epoch: [3] Loss: [2.072194885563206]
2019-04-05 20:32:48 INFO     Batch: [74/120] Epoch: [3] Loss: [2.071733512878418]
2019-04-05 20:32:48 INFO     Batch: [75/120] Epoch: [3] Loss: [2.071769821016412]
2019-04-05 20:32:48 INFO     Batch: [76/120] Epoch: [3] Loss: [2.0716580075102966]
2019-04-05 20:32:49 INFO     Batch: [77/120] Epoch: [3] Loss: [2.0712625644145866]
2019-04-05 20:32:49 INFO     Batch: [78/120] Epoch: [3] Loss: [2.070724155329451]
2019-04-05 20:32:49 INFO     Batch: [79/120] Epoch: [3] Loss: [2.070236638188362]
2019-04-05 20:32:49 INFO     Batch: [80/120] Epoch: [3] Loss: [2.069969762990504]
2019-04-05 20:32:49 INFO     Batch: [81/120] Epoch: [3] Loss: [2.069711670642946]
2019-04-05 20:32:49 INFO     Batch: [82/120] Epoch: [3] Loss: [2.0694826195038947]
2019-04-05 20:32:49 INFO     Batch: [83/120] Epoch: [3] Loss: [2.069155202025459]
2019-04-05 20:32:49 INFO     Batch: [84/120] Epoch: [3] Loss: [2.0688798399532544]
2019-04-05 20:32:49 INFO     Batch: [85/120] Epoch: [3] Loss: [2.068462457767753]
2019-04-05 20:32:49 INFO     Batch: [86/120] Epoch: [3] Loss: [2.068262678453292]
2019-04-05 20:32:49 INFO     Batch: [87/120] Epoch: [3] Loss: [2.0678547566587273]
2019-04-05 20:32:49 INFO     Batch: [88/120] Epoch: [3] Loss: [2.0673445476574845]
2019-04-05 20:32:49 INFO     Batch: [89/120] Epoch: [3] Loss: [2.067009295357598]
2019-04-05 20:32:50 INFO     Batch: [90/120] Epoch: [3] Loss: [2.0663222140008277]
2019-04-05 20:32:50 INFO     Batch: [91/120] Epoch: [3] Loss: [2.0658419831939367]
2019-04-05 20:32:50 INFO     Batch: [92/120] Epoch: [3] Loss: [2.0651270715139245]
2019-04-05 20:32:50 INFO     Batch: [93/120] Epoch: [3] Loss: [2.064903296054678]
2019-04-05 20:32:50 INFO     Batch: [94/120] Epoch: [3] Loss: [2.0642420204062213]
2019-04-05 20:32:50 INFO     Batch: [95/120] Epoch: [3] Loss: [2.0644175770382085]
2019-04-05 20:32:50 INFO     Batch: [96/120] Epoch: [3] Loss: [2.063900294992113]
2019-04-05 20:32:50 INFO     Batch: [97/120] Epoch: [3] Loss: [2.063526921126307]
2019-04-05 20:32:50 INFO     Batch: [98/120] Epoch: [3] Loss: [2.063015271918942]
2019-04-05 20:32:50 INFO     Batch: [99/120] Epoch: [3] Loss: [2.0627976882457735]
2019-04-05 20:32:50 INFO     Batch: [100/120] Epoch: [3] Loss: [2.06240177036512]
2019-04-05 20:32:50 INFO     Batch: [101/120] Epoch: [3] Loss: [2.0620629261521732]
2019-04-05 20:32:50 INFO     Batch: [102/120] Epoch: [3] Loss: [2.061531956913402]
2019-04-05 20:32:50 INFO     Batch: [103/120] Epoch: [3] Loss: [2.0608876187067766]
2019-04-05 20:32:51 INFO     Batch: [104/120] Epoch: [3] Loss: [2.060265706834339]
2019-04-05 20:32:51 INFO     Batch: [105/120] Epoch: [3] Loss: [2.059904379664727]
2019-04-05 20:32:51 INFO     Batch: [106/120] Epoch: [3] Loss: [2.0594737908550513]
2019-04-05 20:32:51 INFO     Batch: [107/120] Epoch: [3] Loss: [2.0592094041683056]
2019-04-05 20:32:51 INFO     Batch: [108/120] Epoch: [3] Loss: [2.0588285616778452]
2019-04-05 20:32:51 INFO     Batch: [109/120] Epoch: [3] Loss: [2.058462884209373]
2019-04-05 20:32:51 INFO     Batch: [110/120] Epoch: [3] Loss: [2.057831999417898]
2019-04-05 20:32:51 INFO     Batch: [111/120] Epoch: [3] Loss: [2.0573093507971083]
2019-04-05 20:32:51 INFO     Batch: [112/120] Epoch: [3] Loss: [2.057025278564048]
2019-04-05 20:32:51 INFO     Batch: [113/120] Epoch: [3] Loss: [2.0565258766475476]
2019-04-05 20:32:51 INFO     Batch: [114/120] Epoch: [3] Loss: [2.0561216831207276]
2019-04-05 20:32:51 INFO     Batch: [115/120] Epoch: [3] Loss: [2.055493925152154]
2019-04-05 20:32:51 INFO     Batch: [116/120] Epoch: [3] Loss: [2.055089330061888]
2019-04-05 20:32:52 INFO     Batch: [117/120] Epoch: [3] Loss: [2.054481733653505]
2019-04-05 20:32:52 INFO     Batch: [118/120] Epoch: [3] Loss: [2.0537676991534832]
2019-04-05 20:32:52 INFO     Batch: [119/120] Epoch: [3] Loss: [2.053413822253545]
2019-04-05 20:32:53 INFO     Epoch: [3/2000] Loss: [2.053413822253545] Accuracy: [0.3052727272727273]
2019-04-05 20:32:53 INFO     Batch: [0/120] Epoch: [4] Loss: [2.04286527633667]
2019-04-05 20:32:54 INFO     Accuracy: [0.3090909090909091]

2019-04-05 20:32:54 INFO     Batch: [1/120] Epoch: [4] Loss: [2.0287567377090454]
2019-04-05 20:32:54 INFO     Batch: [2/120] Epoch: [4] Loss: [2.0199342568715415]
2019-04-05 20:32:54 INFO     Batch: [3/120] Epoch: [4] Loss: [2.0219829082489014]
2019-04-05 20:32:54 INFO     Batch: [4/120] Epoch: [4] Loss: [2.017781066894531]
2019-04-05 20:32:54 INFO     Batch: [5/120] Epoch: [4] Loss: [2.0110629399617515]
2019-04-05 20:32:54 INFO     Batch: [6/120] Epoch: [4] Loss: [2.0108220917837962]
2019-04-05 20:32:54 INFO     Batch: [7/120] Epoch: [4] Loss: [2.0103533267974854]
2019-04-05 20:32:54 INFO     Batch: [8/120] Epoch: [4] Loss: [2.009481350580851]
2019-04-05 20:32:54 INFO     Batch: [9/120] Epoch: [4] Loss: [2.0091382026672364]
2019-04-05 20:32:54 INFO     Batch: [10/120] Epoch: [4] Loss: [2.008195931261236]
2019-04-05 20:32:54 INFO     Batch: [11/120] Epoch: [4] Loss: [2.010448068380356]
2019-04-05 20:32:54 INFO     Batch: [12/120] Epoch: [4] Loss: [2.0085104337105384]
2019-04-05 20:32:55 INFO     Batch: [13/120] Epoch: [4] Loss: [2.007471902029855]
2019-04-05 20:32:55 INFO     Batch: [14/120] Epoch: [4] Loss: [2.006188329060872]
2019-04-05 20:32:55 INFO     Batch: [15/120] Epoch: [4] Loss: [2.0054613202810287]
2019-04-05 20:32:55 INFO     Batch: [16/120] Epoch: [4] Loss: [2.0055493747486786]
2019-04-05 20:32:55 INFO     Batch: [17/120] Epoch: [4] Loss: [2.003571695751614]
2019-04-05 20:32:55 INFO     Batch: [18/120] Epoch: [4] Loss: [2.002852251655177]
2019-04-05 20:32:55 INFO     Batch: [19/120] Epoch: [4] Loss: [2.0018914520740507]
2019-04-05 20:32:55 INFO     Batch: [20/120] Epoch: [4] Loss: [2.0001890318734303]
2019-04-05 20:32:55 INFO     Batch: [21/120] Epoch: [4] Loss: [1.999613951552998]
2019-04-05 20:32:55 INFO     Batch: [22/120] Epoch: [4] Loss: [1.9979282306588215]
2019-04-05 20:32:55 INFO     Batch: [23/120] Epoch: [4] Loss: [1.9970741768678029]
2019-04-05 20:32:55 INFO     Batch: [24/120] Epoch: [4] Loss: [1.9948617649078368]
2019-04-05 20:32:55 INFO     Batch: [25/120] Epoch: [4] Loss: [1.993748197188744]
2019-04-05 20:32:56 INFO     Batch: [26/120] Epoch: [4] Loss: [1.993976566526625]
2019-04-05 20:32:56 INFO     Batch: [27/120] Epoch: [4] Loss: [1.994926563331059]
2019-04-05 20:32:56 INFO     Batch: [28/120] Epoch: [4] Loss: [1.993877599979269]
2019-04-05 20:32:56 INFO     Batch: [29/120] Epoch: [4] Loss: [1.9929857452710469]
