2019-04-05 14:04:23 INFO     Loading Data
2019-04-05 14:04:23 INFO     Model Setting Up
2019-04-05 14:04:31 INFO     Start Training
2019-04-05 14:04:31 INFO     train_dir: ../mnist/train
2019-04-05 14:04:31 INFO     test_dir: ../mnist/test
2019-04-05 14:04:31 INFO     save_dir: ./save
2019-04-05 14:04:31 INFO     num_epochs: 2000
2019-04-05 14:04:31 INFO     batch_size: 500
2019-04-05 14:04:31 INFO     num_points: 512
2019-04-05 14:04:31 INFO     sigma: 0.05
2019-04-05 14:04:31 INFO     log_interval: 1000
2019-04-05 14:04:31 INFO     save_interval: 50
2019-04-05 14:04:31 INFO     baselr: 4.5e-05
2019-04-05 14:04:31 INFO     density_radius: 0.3
2019-04-05 14:04:31 INFO     feature_out1: 8
2019-04-05 14:04:31 INFO     feature_out2: 16
2019-04-05 14:04:31 INFO     feature_out3: 32
2019-04-05 14:04:31 INFO     feature_out4: 64
2019-04-05 14:04:31 INFO     num_classes: 10
2019-04-05 14:04:31 INFO     bandwidth_0: 8
2019-04-05 14:04:31 INFO     bandwidth_out1: 8
2019-04-05 14:04:31 INFO     bandwidth_out2: 6
2019-04-05 14:04:31 INFO     bandwidth_out3: 4
2019-04-05 14:04:31 INFO     bandwidth_out4: 2
2019-04-05 14:04:38 INFO     Batch: [0/120] Epoch: [0] Loss: [2.3383424282073975]
2019-04-05 14:04:39 INFO     Accuracy: [0.04745454545454546]

2019-04-05 14:04:39 INFO     Batch: [1/120] Epoch: [0] Loss: [2.3381458520889282]
2019-04-05 14:04:39 INFO     Batch: [2/120] Epoch: [0] Loss: [2.336233059565226]
2019-04-05 14:04:39 INFO     Batch: [3/120] Epoch: [0] Loss: [2.33750456571579]
2019-04-05 14:04:39 INFO     Batch: [4/120] Epoch: [0] Loss: [2.3357937335968018]
2019-04-05 14:04:39 INFO     Batch: [5/120] Epoch: [0] Loss: [2.33429225285848]
2019-04-05 14:04:40 INFO     Batch: [6/120] Epoch: [0] Loss: [2.3327204159327914]
2019-04-05 14:04:40 INFO     Batch: [7/120] Epoch: [0] Loss: [2.332208067178726]
2019-04-05 14:04:40 INFO     Batch: [8/120] Epoch: [0] Loss: [2.3312509854634604]
2019-04-05 14:04:40 INFO     Batch: [9/120] Epoch: [0] Loss: [2.3314565658569335]
2019-04-05 14:04:40 INFO     Batch: [10/120] Epoch: [0] Loss: [2.3307848193428735]
2019-04-05 14:04:40 INFO     Batch: [11/120] Epoch: [0] Loss: [2.3306835889816284]
2019-04-05 14:04:40 INFO     Batch: [12/120] Epoch: [0] Loss: [2.3301087526174693]
2019-04-05 14:04:40 INFO     Batch: [13/120] Epoch: [0] Loss: [2.3295834745679582]
2019-04-05 14:04:40 INFO     Batch: [14/120] Epoch: [0] Loss: [2.3283469835917154]
2019-04-05 14:04:40 INFO     Batch: [15/120] Epoch: [0] Loss: [2.3277668952941895]
2019-04-05 14:04:40 INFO     Batch: [16/120] Epoch: [0] Loss: [2.32686643039479]
2019-04-05 14:04:40 INFO     Batch: [17/120] Epoch: [0] Loss: [2.3266905546188354]
2019-04-05 14:04:40 INFO     Batch: [18/120] Epoch: [0] Loss: [2.325561134438766]
2019-04-05 14:04:40 INFO     Batch: [19/120] Epoch: [0] Loss: [2.3250356912612915]
2019-04-05 14:04:41 INFO     Batch: [20/120] Epoch: [0] Loss: [2.324790523165748]
2019-04-05 14:04:41 INFO     Batch: [21/120] Epoch: [0] Loss: [2.324139432473616]
2019-04-05 14:04:41 INFO     Batch: [22/120] Epoch: [0] Loss: [2.3234034621197246]
2019-04-05 14:04:41 INFO     Batch: [23/120] Epoch: [0] Loss: [2.323179562886556]
2019-04-05 14:04:41 INFO     Batch: [24/120] Epoch: [0] Loss: [2.3224445152282716]
2019-04-05 14:04:41 INFO     Batch: [25/120] Epoch: [0] Loss: [2.321968069443336]
2019-04-05 14:04:41 INFO     Batch: [26/120] Epoch: [0] Loss: [2.320974341145268]
2019-04-05 14:04:41 INFO     Batch: [27/120] Epoch: [0] Loss: [2.320120062146868]
2019-04-05 14:04:41 INFO     Batch: [28/120] Epoch: [0] Loss: [2.319354509485179]
2019-04-05 14:04:41 INFO     Batch: [29/120] Epoch: [0] Loss: [2.318464763959249]
2019-04-05 14:04:41 INFO     Batch: [30/120] Epoch: [0] Loss: [2.317826940167335]
2019-04-05 14:04:41 INFO     Batch: [31/120] Epoch: [0] Loss: [2.3173774257302284]
2019-04-05 14:04:41 INFO     Batch: [32/120] Epoch: [0] Loss: [2.3168357574578486]
2019-04-05 14:04:42 INFO     Batch: [33/120] Epoch: [0] Loss: [2.3160760402679443]
2019-04-05 14:04:42 INFO     Batch: [34/120] Epoch: [0] Loss: [2.3157435417175294]
2019-04-05 14:04:42 INFO     Batch: [35/120] Epoch: [0] Loss: [2.315014428562588]
2019-04-05 14:04:42 INFO     Batch: [36/120] Epoch: [0] Loss: [2.314350534129787]
2019-04-05 14:04:42 INFO     Batch: [37/120] Epoch: [0] Loss: [2.313725835398624]
2019-04-05 14:04:42 INFO     Batch: [38/120] Epoch: [0] Loss: [2.312973517637986]
2019-04-05 14:04:42 INFO     Batch: [39/120] Epoch: [0] Loss: [2.31222123503685]
2019-04-05 14:04:42 INFO     Batch: [40/120] Epoch: [0] Loss: [2.3114542030706637]
2019-04-05 14:04:42 INFO     Batch: [41/120] Epoch: [0] Loss: [2.3107834486734298]
2019-04-05 14:04:42 INFO     Batch: [42/120] Epoch: [0] Loss: [2.310235943905143]
2019-04-05 14:04:42 INFO     Batch: [43/120] Epoch: [0] Loss: [2.3097539110617205]
2019-04-05 14:04:42 INFO     Batch: [44/120] Epoch: [0] Loss: [2.3090763409932453]
2019-04-05 14:04:42 INFO     Batch: [45/120] Epoch: [0] Loss: [2.3087165200191997]
2019-04-05 14:04:43 INFO     Batch: [46/120] Epoch: [0] Loss: [2.3081569215084645]
2019-04-05 14:04:43 INFO     Batch: [47/120] Epoch: [0] Loss: [2.307236005862554]
2019-04-05 14:04:43 INFO     Batch: [48/120] Epoch: [0] Loss: [2.306493262855374]
2019-04-05 14:04:43 INFO     Batch: [49/120] Epoch: [0] Loss: [2.305749282836914]
2019-04-05 14:04:43 INFO     Batch: [50/120] Epoch: [0] Loss: [2.3050610832139555]
2019-04-05 14:04:43 INFO     Batch: [51/120] Epoch: [0] Loss: [2.304365497369033]
2019-04-05 14:04:43 INFO     Batch: [52/120] Epoch: [0] Loss: [2.303715449459148]
2019-04-05 14:04:43 INFO     Batch: [53/120] Epoch: [0] Loss: [2.303070629084552]
2019-04-05 14:04:43 INFO     Batch: [54/120] Epoch: [0] Loss: [2.302295788851651]
2019-04-05 14:04:43 INFO     Batch: [55/120] Epoch: [0] Loss: [2.3018299681799754]
2019-04-05 14:04:43 INFO     Batch: [56/120] Epoch: [0] Loss: [2.301196483143589]
2019-04-05 14:04:43 INFO     Batch: [57/120] Epoch: [0] Loss: [2.3005936269102425]
2019-04-05 14:04:43 INFO     Batch: [58/120] Epoch: [0] Loss: [2.3000782950449796]
2019-04-05 14:04:44 INFO     Batch: [59/120] Epoch: [0] Loss: [2.2994319438934325]
2019-04-05 14:04:44 INFO     Batch: [60/120] Epoch: [0] Loss: [2.2987781391769158]
2019-04-05 14:04:44 INFO     Batch: [61/120] Epoch: [0] Loss: [2.2979223497452272]
2019-04-05 14:04:44 INFO     Batch: [62/120] Epoch: [0] Loss: [2.297220922651745]
2019-04-05 14:04:44 INFO     Batch: [63/120] Epoch: [0] Loss: [2.2964678443968296]
2019-04-05 14:04:44 INFO     Batch: [64/120] Epoch: [0] Loss: [2.2958479771247275]
2019-04-05 14:04:44 INFO     Batch: [65/120] Epoch: [0] Loss: [2.2952323068271983]
2019-04-05 14:04:44 INFO     Batch: [66/120] Epoch: [0] Loss: [2.2946674681421535]
2019-04-05 14:04:44 INFO     Batch: [67/120] Epoch: [0] Loss: [2.293935989632326]
2019-04-05 14:04:44 INFO     Batch: [68/120] Epoch: [0] Loss: [2.2933207733043726]
2019-04-05 14:04:44 INFO     Batch: [69/120] Epoch: [0] Loss: [2.2926282269614084]
2019-04-05 14:04:44 INFO     Batch: [70/120] Epoch: [0] Loss: [2.291780283753301]
2019-04-05 14:04:44 INFO     Batch: [71/120] Epoch: [0] Loss: [2.291271686553955]
2019-04-05 14:04:45 INFO     Batch: [72/120] Epoch: [0] Loss: [2.2906681380859792]
2019-04-05 14:04:45 INFO     Batch: [73/120] Epoch: [0] Loss: [2.290032657417091]
2019-04-05 14:04:45 INFO     Batch: [74/120] Epoch: [0] Loss: [2.2893520069122313]
2019-04-05 14:04:45 INFO     Batch: [75/120] Epoch: [0] Loss: [2.2886870691650794]
2019-04-05 14:04:45 INFO     Batch: [76/120] Epoch: [0] Loss: [2.2880910836256945]
2019-04-05 14:04:45 INFO     Batch: [77/120] Epoch: [0] Loss: [2.2874459486741285]
2019-04-05 14:04:45 INFO     Batch: [78/120] Epoch: [0] Loss: [2.287018290048913]
2019-04-05 14:04:45 INFO     Batch: [79/120] Epoch: [0] Loss: [2.286271461844444]
2019-04-05 14:04:45 INFO     Batch: [80/120] Epoch: [0] Loss: [2.2856537765926785]
2019-04-05 14:04:45 INFO     Batch: [81/120] Epoch: [0] Loss: [2.2850900394160574]
2019-04-05 14:04:45 INFO     Batch: [82/120] Epoch: [0] Loss: [2.284547877598958]
2019-04-05 14:04:45 INFO     Batch: [83/120] Epoch: [0] Loss: [2.283990720907847]
2019-04-05 14:04:45 INFO     Batch: [84/120] Epoch: [0] Loss: [2.2832663872662713]
2019-04-05 14:04:46 INFO     Batch: [85/120] Epoch: [0] Loss: [2.2827362293420834]
2019-04-05 14:04:46 INFO     Batch: [86/120] Epoch: [0] Loss: [2.2821458509598656]
2019-04-05 14:04:46 INFO     Batch: [87/120] Epoch: [0] Loss: [2.281519841064106]
2019-04-05 14:04:46 INFO     Batch: [88/120] Epoch: [0] Loss: [2.2810603661483593]
2019-04-05 14:04:46 INFO     Batch: [89/120] Epoch: [0] Loss: [2.2804846207300824]
2019-04-05 14:04:46 INFO     Batch: [90/120] Epoch: [0] Loss: [2.2800649312826304]
2019-04-05 14:04:46 INFO     Batch: [91/120] Epoch: [0] Loss: [2.27925100274708]
2019-04-05 14:04:46 INFO     Batch: [92/120] Epoch: [0] Loss: [2.278656808278894]
2019-04-05 14:04:46 INFO     Batch: [93/120] Epoch: [0] Loss: [2.278047302935986]
2019-04-05 14:04:46 INFO     Batch: [94/120] Epoch: [0] Loss: [2.2773408262353194]
2019-04-05 14:04:46 INFO     Batch: [95/120] Epoch: [0] Loss: [2.276791679362456]
2019-04-05 14:04:46 INFO     Batch: [96/120] Epoch: [0] Loss: [2.2763072313721646]
2019-04-05 14:04:46 INFO     Batch: [97/120] Epoch: [0] Loss: [2.27569249698094]
2019-04-05 14:04:47 INFO     Batch: [98/120] Epoch: [0] Loss: [2.275135538794778]
2019-04-05 14:04:47 INFO     Batch: [99/120] Epoch: [0] Loss: [2.274449770450592]
2019-04-05 14:04:47 INFO     Batch: [100/120] Epoch: [0] Loss: [2.2739983950511062]
2019-04-05 14:04:47 INFO     Batch: [101/120] Epoch: [0] Loss: [2.273445077970916]
2019-04-05 14:04:47 INFO     Batch: [102/120] Epoch: [0] Loss: [2.27294961688588]
2019-04-05 14:04:47 INFO     Batch: [103/120] Epoch: [0] Loss: [2.2724870443344116]
2019-04-05 14:04:47 INFO     Batch: [104/120] Epoch: [0] Loss: [2.272004849570138]
2019-04-05 14:04:47 INFO     Batch: [105/120] Epoch: [0] Loss: [2.2714710572980485]
2019-04-05 14:04:47 INFO     Batch: [106/120] Epoch: [0] Loss: [2.270880745950146]
2019-04-05 14:04:47 INFO     Batch: [107/120] Epoch: [0] Loss: [2.270384618529567]
2019-04-05 14:04:47 INFO     Batch: [108/120] Epoch: [0] Loss: [2.2698958051314047]
2019-04-05 14:04:47 INFO     Batch: [109/120] Epoch: [0] Loss: [2.269341655211015]
2019-04-05 14:04:47 INFO     Batch: [110/120] Epoch: [0] Loss: [2.2688954155724326]
2019-04-05 14:04:47 INFO     Batch: [111/120] Epoch: [0] Loss: [2.2683816871472766]
2019-04-05 14:04:48 INFO     Batch: [112/120] Epoch: [0] Loss: [2.2680143276147082]
2019-04-05 14:04:48 INFO     Batch: [113/120] Epoch: [0] Loss: [2.267387680840074]
2019-04-05 14:04:48 INFO     Batch: [114/120] Epoch: [0] Loss: [2.2668117129284404]
2019-04-05 14:04:48 INFO     Batch: [115/120] Epoch: [0] Loss: [2.266249253832061]
2019-04-05 14:04:48 INFO     Batch: [116/120] Epoch: [0] Loss: [2.2656816437713103]
2019-04-05 14:04:48 INFO     Batch: [117/120] Epoch: [0] Loss: [2.265026264271494]
2019-04-05 14:04:48 INFO     Batch: [118/120] Epoch: [0] Loss: [2.2643403365832415]
2019-04-05 14:04:48 INFO     Batch: [119/120] Epoch: [0] Loss: [2.2639218966166177]
2019-04-05 14:04:49 INFO     Epoch: [0/2000] Loss: [2.2639218966166177] Accuracy: [0.22763636363636364]
2019-04-05 14:04:49 INFO     Batch: [0/120] Epoch: [1] Loss: [2.2117867469787598]
2019-04-05 14:04:50 INFO     Accuracy: [0.21963636363636363]

2019-04-05 14:04:50 INFO     Batch: [1/120] Epoch: [1] Loss: [2.1917898654937744]
2019-04-05 14:04:50 INFO     Batch: [2/120] Epoch: [1] Loss: [2.1974755128224692]
2019-04-05 14:04:50 INFO     Batch: [3/120] Epoch: [1] Loss: [2.1947113275527954]
2019-04-05 14:04:50 INFO     Batch: [4/120] Epoch: [1] Loss: [2.1936718463897704]
2019-04-05 14:04:50 INFO     Batch: [5/120] Epoch: [1] Loss: [2.1945863564809165]
2019-04-05 14:04:50 INFO     Batch: [6/120] Epoch: [1] Loss: [2.1918959277016774]
2019-04-05 14:04:51 INFO     Batch: [7/120] Epoch: [1] Loss: [2.192202389240265]
2019-04-05 14:04:51 INFO     Batch: [8/120] Epoch: [1] Loss: [2.1940626038445368]
2019-04-05 14:04:51 INFO     Batch: [9/120] Epoch: [1] Loss: [2.1934717416763307]
2019-04-05 14:04:51 INFO     Batch: [10/120] Epoch: [1] Loss: [2.1920488964427602]
2019-04-05 14:04:51 INFO     Batch: [11/120] Epoch: [1] Loss: [2.1911622881889343]
2019-04-05 14:04:51 INFO     Batch: [12/120] Epoch: [1] Loss: [2.1913525324601393]
2019-04-05 14:04:51 INFO     Batch: [13/120] Epoch: [1] Loss: [2.1922375985554288]
2019-04-05 14:04:51 INFO     Batch: [14/120] Epoch: [1] Loss: [2.190950075785319]
2019-04-05 14:04:51 INFO     Batch: [15/120] Epoch: [1] Loss: [2.190015211701393]
2019-04-05 14:04:51 INFO     Batch: [16/120] Epoch: [1] Loss: [2.190938725191004]
2019-04-05 14:04:51 INFO     Batch: [17/120] Epoch: [1] Loss: [2.1900923517015247]
2019-04-05 14:04:51 INFO     Batch: [18/120] Epoch: [1] Loss: [2.189104481747276]
2019-04-05 14:04:51 INFO     Batch: [19/120] Epoch: [1] Loss: [2.1882486939430237]
2019-04-05 14:04:52 INFO     Batch: [20/120] Epoch: [1] Loss: [2.18821610723223]
2019-04-05 14:04:52 INFO     Batch: [21/120] Epoch: [1] Loss: [2.1884324333884497]
2019-04-05 14:04:52 INFO     Batch: [22/120] Epoch: [1] Loss: [2.187217567277991]
2019-04-05 14:04:52 INFO     Batch: [23/120] Epoch: [1] Loss: [2.186163693666458]
2019-04-05 14:04:52 INFO     Batch: [24/120] Epoch: [1] Loss: [2.1855792236328124]
2019-04-05 14:04:52 INFO     Batch: [25/120] Epoch: [1] Loss: [2.1848530310850878]
2019-04-05 14:04:52 INFO     Batch: [26/120] Epoch: [1] Loss: [2.1844969855414496]
2019-04-05 14:04:52 INFO     Batch: [27/120] Epoch: [1] Loss: [2.184614190033504]
2019-04-05 14:04:52 INFO     Batch: [28/120] Epoch: [1] Loss: [2.183809453043444]
2019-04-05 14:04:52 INFO     Batch: [29/120] Epoch: [1] Loss: [2.1834991614023846]
2019-04-05 14:04:52 INFO     Batch: [30/120] Epoch: [1] Loss: [2.1832060121720835]
2019-04-05 14:04:52 INFO     Batch: [31/120] Epoch: [1] Loss: [2.182297207415104]
2019-04-05 14:04:52 INFO     Batch: [32/120] Epoch: [1] Loss: [2.1816776015541772]
2019-04-05 14:04:53 INFO     Batch: [33/120] Epoch: [1] Loss: [2.1810954879311955]
2019-04-05 14:04:53 INFO     Batch: [34/120] Epoch: [1] Loss: [2.1803513935634067]
2019-04-05 14:04:53 INFO     Batch: [35/120] Epoch: [1] Loss: [2.1802943216429815]
2019-04-05 14:04:53 INFO     Batch: [36/120] Epoch: [1] Loss: [2.1801652199513204]
2019-04-05 14:04:53 INFO     Batch: [37/120] Epoch: [1] Loss: [2.1797390925256828]
2019-04-05 14:04:53 INFO     Batch: [38/120] Epoch: [1] Loss: [2.179641760312594]
2019-04-05 14:04:53 INFO     Batch: [39/120] Epoch: [1] Loss: [2.1793065905570983]
2019-04-05 14:04:53 INFO     Batch: [40/120] Epoch: [1] Loss: [2.1790830216756683]
2019-04-05 14:04:53 INFO     Batch: [41/120] Epoch: [1] Loss: [2.178971835545131]
2019-04-05 14:04:53 INFO     Batch: [42/120] Epoch: [1] Loss: [2.1788665361182633]
2019-04-05 14:04:53 INFO     Batch: [43/120] Epoch: [1] Loss: [2.1784107251600786]
2019-04-05 14:04:53 INFO     Batch: [44/120] Epoch: [1] Loss: [2.1780428780449763]
2019-04-05 14:04:53 INFO     Batch: [45/120] Epoch: [1] Loss: [2.177868822346563]
2019-04-05 14:04:54 INFO     Batch: [46/120] Epoch: [1] Loss: [2.1773694677555815]
2019-04-05 14:04:54 INFO     Batch: [47/120] Epoch: [1] Loss: [2.1766669005155563]
2019-04-05 14:04:54 INFO     Batch: [48/120] Epoch: [1] Loss: [2.1764139447893416]
2019-04-05 14:04:54 INFO     Batch: [49/120] Epoch: [1] Loss: [2.1759520673751833]
2019-04-05 14:04:54 INFO     Batch: [50/120] Epoch: [1] Loss: [2.1750941510293997]
2019-04-05 14:04:54 INFO     Batch: [51/120] Epoch: [1] Loss: [2.174693914560171]
2019-04-05 14:04:54 INFO     Batch: [52/120] Epoch: [1] Loss: [2.174309348160366]
2019-04-05 14:04:54 INFO     Batch: [53/120] Epoch: [1] Loss: [2.173933775336654]
2019-04-05 14:04:54 INFO     Batch: [54/120] Epoch: [1] Loss: [2.173320094021884]
2019-04-05 14:04:54 INFO     Batch: [55/120] Epoch: [1] Loss: [2.1729040827069963]
2019-04-05 14:04:54 INFO     Batch: [56/120] Epoch: [1] Loss: [2.17240561937031]
2019-04-05 14:04:54 INFO     Batch: [57/120] Epoch: [1] Loss: [2.172172916346583]
2019-04-05 14:04:54 INFO     Batch: [58/120] Epoch: [1] Loss: [2.1711806523597845]
2019-04-05 14:04:55 INFO     Batch: [59/120] Epoch: [1] Loss: [2.170628186066945]
2019-04-05 14:04:55 INFO     Batch: [60/120] Epoch: [1] Loss: [2.1699420741347017]
2019-04-05 14:04:55 INFO     Batch: [61/120] Epoch: [1] Loss: [2.1695477501038583]
2019-04-05 14:04:55 INFO     Batch: [62/120] Epoch: [1] Loss: [2.1691388970329646]
2019-04-05 14:04:55 INFO     Batch: [63/120] Epoch: [1] Loss: [2.168958805501461]
2019-04-05 14:04:55 INFO     Batch: [64/120] Epoch: [1] Loss: [2.1685837268829347]
2019-04-05 14:04:55 INFO     Batch: [65/120] Epoch: [1] Loss: [2.168431621609312]
2019-04-05 14:04:55 INFO     Batch: [66/120] Epoch: [1] Loss: [2.1681320951945744]
2019-04-05 14:04:55 INFO     Batch: [67/120] Epoch: [1] Loss: [2.1676896144362057]
2019-04-05 14:04:55 INFO     Batch: [68/120] Epoch: [1] Loss: [2.1673128846762837]
2019-04-05 14:04:55 INFO     Batch: [69/120] Epoch: [1] Loss: [2.1668742758887154]
2019-04-05 14:04:55 INFO     Batch: [70/120] Epoch: [1] Loss: [2.166558665289006]
2019-04-05 14:04:55 INFO     Batch: [71/120] Epoch: [1] Loss: [2.1657677590847015]
2019-04-05 14:04:55 INFO     Batch: [72/120] Epoch: [1] Loss: [2.165418219892946]
2019-04-05 14:04:56 INFO     Batch: [73/120] Epoch: [1] Loss: [2.1651450492240287]
2019-04-05 14:04:56 INFO     Batch: [74/120] Epoch: [1] Loss: [2.164581022262573]
2019-04-05 14:04:56 INFO     Batch: [75/120] Epoch: [1] Loss: [2.164231381918255]
2019-04-05 14:04:56 INFO     Batch: [76/120] Epoch: [1] Loss: [2.164024665758207]
2019-04-05 14:04:56 INFO     Batch: [77/120] Epoch: [1] Loss: [2.163542255377158]
2019-04-05 14:04:56 INFO     Batch: [78/120] Epoch: [1] Loss: [2.1632015644749507]
2019-04-05 14:04:56 INFO     Batch: [79/120] Epoch: [1] Loss: [2.1627098828554154]
2019-04-05 14:04:56 INFO     Batch: [80/120] Epoch: [1] Loss: [2.1623368322113414]
2019-04-05 14:04:56 INFO     Batch: [81/120] Epoch: [1] Loss: [2.161927135979257]
2019-04-05 14:04:56 INFO     Batch: [82/120] Epoch: [1] Loss: [2.161503085170884]
2019-04-05 14:04:56 INFO     Batch: [83/120] Epoch: [1] Loss: [2.1614318092664084]
2019-04-05 14:04:56 INFO     Batch: [84/120] Epoch: [1] Loss: [2.1614480074714213]
2019-04-05 14:04:56 INFO     Batch: [85/120] Epoch: [1] Loss: [2.1611990401911183]
2019-04-05 14:04:57 INFO     Batch: [86/120] Epoch: [1] Loss: [2.1606395847495947]
2019-04-05 14:04:57 INFO     Batch: [87/120] Epoch: [1] Loss: [2.160292536020279]
2019-04-05 14:04:57 INFO     Batch: [88/120] Epoch: [1] Loss: [2.1598923393849576]
2019-04-05 14:04:57 INFO     Batch: [89/120] Epoch: [1] Loss: [2.159342243936327]
2019-04-05 14:04:57 INFO     Batch: [90/120] Epoch: [1] Loss: [2.1588845593588695]
2019-04-05 14:04:57 INFO     Batch: [91/120] Epoch: [1] Loss: [2.1585118174552917]
2019-04-05 14:04:57 INFO     Batch: [92/120] Epoch: [1] Loss: [2.157963555346253]
2019-04-05 14:04:57 INFO     Batch: [93/120] Epoch: [1] Loss: [2.157465640534746]
2019-04-05 14:04:57 INFO     Batch: [94/120] Epoch: [1] Loss: [2.157059451153404]
2019-04-05 14:04:57 INFO     Batch: [95/120] Epoch: [1] Loss: [2.156579241156578]
2019-04-05 14:04:57 INFO     Batch: [96/120] Epoch: [1] Loss: [2.1564147300326946]
2019-04-05 14:04:57 INFO     Batch: [97/120] Epoch: [1] Loss: [2.1561789463977425]
2019-04-05 14:04:57 INFO     Batch: [98/120] Epoch: [1] Loss: [2.1556794860146264]
2019-04-05 14:04:58 INFO     Batch: [99/120] Epoch: [1] Loss: [2.1552944207191467]
2019-04-05 14:04:58 INFO     Batch: [100/120] Epoch: [1] Loss: [2.15488602383302]
2019-04-05 14:04:58 INFO     Batch: [101/120] Epoch: [1] Loss: [2.1544834539002062]
2019-04-05 14:04:58 INFO     Batch: [102/120] Epoch: [1] Loss: [2.154119322600874]
2019-04-05 14:04:58 INFO     Batch: [103/120] Epoch: [1] Loss: [2.1536648388092337]
2019-04-05 14:04:58 INFO     Batch: [104/120] Epoch: [1] Loss: [2.1534288338252474]
2019-04-05 14:04:58 INFO     Batch: [105/120] Epoch: [1] Loss: [2.153170129038253]
2019-04-05 14:04:58 INFO     Batch: [106/120] Epoch: [1] Loss: [2.152641307527774]
2019-04-05 14:04:58 INFO     Batch: [107/120] Epoch: [1] Loss: [2.1524064761620982]
2019-04-05 14:04:58 INFO     Batch: [108/120] Epoch: [1] Loss: [2.1517795969586855]
2019-04-05 14:04:58 INFO     Batch: [109/120] Epoch: [1] Loss: [2.1513648444955997]
2019-04-05 14:04:58 INFO     Batch: [110/120] Epoch: [1] Loss: [2.1510243329915912]
2019-04-05 14:04:58 INFO     Batch: [111/120] Epoch: [1] Loss: [2.150594745363508]
2019-04-05 14:04:59 INFO     Batch: [112/120] Epoch: [1] Loss: [2.149989704115201]
2019-04-05 14:04:59 INFO     Batch: [113/120] Epoch: [1] Loss: [2.1498241612785742]
2019-04-05 14:04:59 INFO     Batch: [114/120] Epoch: [1] Loss: [2.149455856240314]
2019-04-05 14:04:59 INFO     Batch: [115/120] Epoch: [1] Loss: [2.1494303962280012]
2019-04-05 14:04:59 INFO     Batch: [116/120] Epoch: [1] Loss: [2.149112381486811]
2019-04-05 14:04:59 INFO     Batch: [117/120] Epoch: [1] Loss: [2.1487293344433023]
2019-04-05 14:04:59 INFO     Batch: [118/120] Epoch: [1] Loss: [2.1484313311697054]
2019-04-05 14:04:59 INFO     Batch: [119/120] Epoch: [1] Loss: [2.148082435131073]
2019-04-05 14:05:00 INFO     Epoch: [1/2000] Loss: [2.148082435131073] Accuracy: [0.23800000000000002]
2019-04-05 14:05:00 INFO     Batch: [0/120] Epoch: [2] Loss: [2.1181321144104004]
2019-04-05 14:05:01 INFO     Accuracy: [0.242]

2019-04-05 14:05:01 INFO     Batch: [1/120] Epoch: [2] Loss: [2.126637101173401]
2019-04-05 14:05:01 INFO     Batch: [2/120] Epoch: [2] Loss: [2.1166531244913735]
2019-04-05 14:05:01 INFO     Batch: [3/120] Epoch: [2] Loss: [2.1146077513694763]
2019-04-05 14:05:01 INFO     Batch: [4/120] Epoch: [2] Loss: [2.1105398654937746]
2019-04-05 14:05:01 INFO     Batch: [5/120] Epoch: [2] Loss: [2.1107975244522095]
2019-04-05 14:05:01 INFO     Batch: [6/120] Epoch: [2] Loss: [2.112804208483015]
2019-04-05 14:05:02 INFO     Batch: [7/120] Epoch: [2] Loss: [2.1127460598945618]
2019-04-05 14:05:02 INFO     Batch: [8/120] Epoch: [2] Loss: [2.110766781700982]
2019-04-05 14:05:02 INFO     Batch: [9/120] Epoch: [2] Loss: [2.1101699352264403]
2019-04-05 14:05:02 INFO     Batch: [10/120] Epoch: [2] Loss: [2.1085479909723457]
2019-04-05 14:05:02 INFO     Batch: [11/120] Epoch: [2] Loss: [2.106976330280304]
2019-04-05 14:05:02 INFO     Batch: [12/120] Epoch: [2] Loss: [2.1048905482658973]
2019-04-05 14:05:02 INFO     Batch: [13/120] Epoch: [2] Loss: [2.1038807119641985]
2019-04-05 14:05:02 INFO     Batch: [14/120] Epoch: [2] Loss: [2.102707036336263]
2019-04-05 14:05:02 INFO     Batch: [15/120] Epoch: [2] Loss: [2.1017706990242004]
2019-04-05 14:05:02 INFO     Batch: [16/120] Epoch: [2] Loss: [2.1013840366812313]
2019-04-05 14:05:02 INFO     Batch: [17/120] Epoch: [2] Loss: [2.1003632810380726]
2019-04-05 14:05:02 INFO     Batch: [18/120] Epoch: [2] Loss: [2.0988821481403552]
2019-04-05 14:05:02 INFO     Batch: [19/120] Epoch: [2] Loss: [2.0985238313674928]
2019-04-05 14:05:03 INFO     Batch: [20/120] Epoch: [2] Loss: [2.098547617594401]
2019-04-05 14:05:03 INFO     Batch: [21/120] Epoch: [2] Loss: [2.096955418586731]
2019-04-05 14:05:03 INFO     Batch: [22/120] Epoch: [2] Loss: [2.0974452599235205]
2019-04-05 14:05:03 INFO     Batch: [23/120] Epoch: [2] Loss: [2.0968262553215027]
2019-04-05 14:05:03 INFO     Batch: [24/120] Epoch: [2] Loss: [2.095942134857178]
2019-04-05 14:05:03 INFO     Batch: [25/120] Epoch: [2] Loss: [2.095911191059993]
2019-04-05 14:05:03 INFO     Batch: [26/120] Epoch: [2] Loss: [2.0958206300382263]
2019-04-05 14:05:03 INFO     Batch: [27/120] Epoch: [2] Loss: [2.096575600760324]
2019-04-05 14:05:03 INFO     Batch: [28/120] Epoch: [2] Loss: [2.095234961345278]
2019-04-05 14:05:03 INFO     Batch: [29/120] Epoch: [2] Loss: [2.095302693049113]
2019-04-05 14:05:03 INFO     Batch: [30/120] Epoch: [2] Loss: [2.094538611750449]
2019-04-05 14:05:03 INFO     Batch: [31/120] Epoch: [2] Loss: [2.094040423631668]
2019-04-05 14:05:03 INFO     Batch: [32/120] Epoch: [2] Loss: [2.0940399169921875]
2019-04-05 14:05:04 INFO     Batch: [33/120] Epoch: [2] Loss: [2.093602510059581]
2019-04-05 14:05:04 INFO     Batch: [34/120] Epoch: [2] Loss: [2.093637616293771]
2019-04-05 14:05:04 INFO     Batch: [35/120] Epoch: [2] Loss: [2.0927866101264954]
2019-04-05 14:05:04 INFO     Batch: [36/120] Epoch: [2] Loss: [2.0923909496616675]
2019-04-05 14:05:04 INFO     Batch: [37/120] Epoch: [2] Loss: [2.0925959787870707]
2019-04-05 14:05:04 INFO     Batch: [38/120] Epoch: [2] Loss: [2.0919163043682394]
2019-04-05 14:05:04 INFO     Batch: [39/120] Epoch: [2] Loss: [2.092253476381302]
2019-04-05 14:05:04 INFO     Batch: [40/120] Epoch: [2] Loss: [2.0922832779768035]
2019-04-05 14:05:04 INFO     Batch: [41/120] Epoch: [2] Loss: [2.0919702109836398]
2019-04-05 14:05:04 INFO     Batch: [42/120] Epoch: [2] Loss: [2.0921566652697186]
2019-04-05 14:05:04 INFO     Batch: [43/120] Epoch: [2] Loss: [2.0922516042535957]
2019-04-05 14:05:04 INFO     Batch: [44/120] Epoch: [2] Loss: [2.091416597366333]
2019-04-05 14:05:04 INFO     Batch: [45/120] Epoch: [2] Loss: [2.0903015603189883]
2019-04-05 14:05:05 INFO     Batch: [46/120] Epoch: [2] Loss: [2.0899183953062015]
2019-04-05 14:05:05 INFO     Batch: [47/120] Epoch: [2] Loss: [2.0893869201342263]
2019-04-05 14:05:05 INFO     Batch: [48/120] Epoch: [2] Loss: [2.0885781220027377]
2019-04-05 14:05:05 INFO     Batch: [49/120] Epoch: [2] Loss: [2.0885485649108886]
2019-04-05 14:05:05 INFO     Batch: [50/120] Epoch: [2] Loss: [2.088506544337553]
2019-04-05 14:05:05 INFO     Batch: [51/120] Epoch: [2] Loss: [2.088076508962191]
2019-04-05 14:05:05 INFO     Batch: [52/120] Epoch: [2] Loss: [2.0875659393814376]
2019-04-05 14:05:05 INFO     Batch: [53/120] Epoch: [2] Loss: [2.0874000876038163]
2019-04-05 14:05:05 INFO     Batch: [54/120] Epoch: [2] Loss: [2.086369211023504]
2019-04-05 14:05:05 INFO     Batch: [55/120] Epoch: [2] Loss: [2.085463813373021]
2019-04-05 14:05:05 INFO     Batch: [56/120] Epoch: [2] Loss: [2.085725600259346]
2019-04-05 14:05:05 INFO     Batch: [57/120] Epoch: [2] Loss: [2.0858735216074975]
2019-04-05 14:05:05 INFO     Batch: [58/120] Epoch: [2] Loss: [2.086097183874098]
2019-04-05 14:05:05 INFO     Batch: [59/120] Epoch: [2] Loss: [2.0864320158958436]
2019-04-05 14:05:06 INFO     Batch: [60/120] Epoch: [2] Loss: [2.0858703480392204]
2019-04-05 14:05:06 INFO     Batch: [61/120] Epoch: [2] Loss: [2.0859407763327322]
2019-04-05 14:05:06 INFO     Batch: [62/120] Epoch: [2] Loss: [2.086028280712309]
2019-04-05 14:05:06 INFO     Batch: [63/120] Epoch: [2] Loss: [2.0862641856074333]
2019-04-05 14:05:06 INFO     Batch: [64/120] Epoch: [2] Loss: [2.085865721335778]
2019-04-05 14:05:06 INFO     Batch: [65/120] Epoch: [2] Loss: [2.0849610603216924]
2019-04-05 14:05:06 INFO     Batch: [66/120] Epoch: [2] Loss: [2.084531766265186]
2019-04-05 14:05:06 INFO     Batch: [67/120] Epoch: [2] Loss: [2.0837146709947025]
2019-04-05 14:05:06 INFO     Batch: [68/120] Epoch: [2] Loss: [2.0835375336633213]
2019-04-05 14:05:06 INFO     Batch: [69/120] Epoch: [2] Loss: [2.0831569603511264]
2019-04-05 14:05:06 INFO     Batch: [70/120] Epoch: [2] Loss: [2.0825538534513663]
2019-04-05 14:05:06 INFO     Batch: [71/120] Epoch: [2] Loss: [2.0821985006332397]
2019-04-05 14:05:06 INFO     Batch: [72/120] Epoch: [2] Loss: [2.0817363784737783]
2019-04-05 14:05:07 INFO     Batch: [73/120] Epoch: [2] Loss: [2.081261844248385]
2019-04-05 14:05:07 INFO     Batch: [74/120] Epoch: [2] Loss: [2.0814141686757406]
2019-04-05 14:05:07 INFO     Batch: [75/120] Epoch: [2] Loss: [2.081145976719103]
2019-04-05 14:05:07 INFO     Batch: [76/120] Epoch: [2] Loss: [2.081078408600448]
2019-04-05 14:05:07 INFO     Batch: [77/120] Epoch: [2] Loss: [2.0807056518701406]
2019-04-05 14:05:07 INFO     Batch: [78/120] Epoch: [2] Loss: [2.080025063285345]
2019-04-05 14:05:07 INFO     Batch: [79/120] Epoch: [2] Loss: [2.0796296924352644]
2019-04-05 14:05:07 INFO     Batch: [80/120] Epoch: [2] Loss: [2.079655090967814]
2019-04-05 14:05:07 INFO     Batch: [81/120] Epoch: [2] Loss: [2.0795609863792976]
2019-04-05 14:05:07 INFO     Batch: [82/120] Epoch: [2] Loss: [2.078911950789302]
2019-04-05 14:05:07 INFO     Batch: [83/120] Epoch: [2] Loss: [2.078810779821305]
2019-04-05 14:05:07 INFO     Batch: [84/120] Epoch: [2] Loss: [2.0781680331510657]
2019-04-05 14:05:07 INFO     Batch: [85/120] Epoch: [2] Loss: [2.0776739896729937]
2019-04-05 14:05:08 INFO     Batch: [86/120] Epoch: [2] Loss: [2.0770531495412192]
2019-04-05 14:05:08 INFO     Batch: [87/120] Epoch: [2] Loss: [2.0768006687814538]
2019-04-05 14:05:08 INFO     Batch: [88/120] Epoch: [2] Loss: [2.0765171988626543]
2019-04-05 14:05:08 INFO     Batch: [89/120] Epoch: [2] Loss: [2.0766465584437053]
2019-04-05 14:05:08 INFO     Batch: [90/120] Epoch: [2] Loss: [2.076266102738433]
2019-04-05 14:05:08 INFO     Batch: [91/120] Epoch: [2] Loss: [2.0759266537168752]
2019-04-05 14:05:08 INFO     Batch: [92/120] Epoch: [2] Loss: [2.0757819734593874]
2019-04-05 14:05:08 INFO     Batch: [93/120] Epoch: [2] Loss: [2.075129704272493]
2019-04-05 14:05:08 INFO     Batch: [94/120] Epoch: [2] Loss: [2.0749446768509716]
2019-04-05 14:05:08 INFO     Batch: [95/120] Epoch: [2] Loss: [2.0743204951286316]
2019-04-05 14:05:08 INFO     Batch: [96/120] Epoch: [2] Loss: [2.0739853283793654]
2019-04-05 14:05:08 INFO     Batch: [97/120] Epoch: [2] Loss: [2.073644360717462]
2019-04-05 14:05:08 INFO     Batch: [98/120] Epoch: [2] Loss: [2.0733079982526377]
2019-04-05 14:05:09 INFO     Batch: [99/120] Epoch: [2] Loss: [2.072992162704468]
2019-04-05 14:05:09 INFO     Batch: [100/120] Epoch: [2] Loss: [2.072838556648481]
2019-04-05 14:05:09 INFO     Batch: [101/120] Epoch: [2] Loss: [2.072392215915755]
2019-04-05 14:05:09 INFO     Batch: [102/120] Epoch: [2] Loss: [2.0722961356338945]
2019-04-05 14:05:09 INFO     Batch: [103/120] Epoch: [2] Loss: [2.0718817183604608]
2019-04-05 14:05:09 INFO     Batch: [104/120] Epoch: [2] Loss: [2.071542807987758]
2019-04-05 14:05:09 INFO     Batch: [105/120] Epoch: [2] Loss: [2.0709606903903888]
2019-04-05 14:05:09 INFO     Batch: [106/120] Epoch: [2] Loss: [2.070875078718239]
2019-04-05 14:05:09 INFO     Batch: [107/120] Epoch: [2] Loss: [2.0708501736323037]
2019-04-05 14:05:09 INFO     Batch: [108/120] Epoch: [2] Loss: [2.0708184570347496]
2019-04-05 14:05:09 INFO     Batch: [109/120] Epoch: [2] Loss: [2.0706724188544534]
2019-04-05 14:05:09 INFO     Batch: [110/120] Epoch: [2] Loss: [2.0704629163484314]
2019-04-05 14:05:09 INFO     Batch: [111/120] Epoch: [2] Loss: [2.070215120911598]
2019-04-05 14:05:10 INFO     Batch: [112/120] Epoch: [2] Loss: [2.0696731774152908]
2019-04-05 14:05:10 INFO     Batch: [113/120] Epoch: [2] Loss: [2.069949568363658]
2019-04-05 14:05:10 INFO     Batch: [114/120] Epoch: [2] Loss: [2.069995289263518]
2019-04-05 14:05:10 INFO     Batch: [115/120] Epoch: [2] Loss: [2.069436550140381]
2019-04-05 14:05:10 INFO     Batch: [116/120] Epoch: [2] Loss: [2.0693529141254916]
2019-04-05 14:05:10 INFO     Batch: [117/120] Epoch: [2] Loss: [2.0690508919247126]
2019-04-05 14:05:10 INFO     Batch: [118/120] Epoch: [2] Loss: [2.0688306564042547]
2019-04-05 14:05:10 INFO     Batch: [119/120] Epoch: [2] Loss: [2.068395030498505]
2019-04-05 14:05:11 INFO     Epoch: [2/2000] Loss: [2.068395030498505] Accuracy: [0.2634545454545455]
2019-04-05 14:05:11 INFO     Batch: [0/120] Epoch: [3] Loss: [2.03517746925354]
2019-04-05 14:05:12 INFO     Accuracy: [0.27436363636363637]

2019-04-05 14:05:12 INFO     Batch: [1/120] Epoch: [3] Loss: [2.018985152244568]
2019-04-05 14:05:12 INFO     Batch: [2/120] Epoch: [3] Loss: [2.0061562061309814]
2019-04-05 14:05:12 INFO     Batch: [3/120] Epoch: [3] Loss: [2.0041159987449646]
2019-04-05 14:05:12 INFO     Batch: [4/120] Epoch: [3] Loss: [2.00915412902832]
2019-04-05 14:05:12 INFO     Batch: [5/120] Epoch: [3] Loss: [2.013931711514791]
2019-04-05 14:05:12 INFO     Batch: [6/120] Epoch: [3] Loss: [2.0169573511396135]
2019-04-05 14:05:12 INFO     Batch: [7/120] Epoch: [3] Loss: [2.016804665327072]
2019-04-05 14:05:13 INFO     Batch: [8/120] Epoch: [3] Loss: [2.016248491075304]
2019-04-05 14:05:13 INFO     Batch: [9/120] Epoch: [3] Loss: [2.020483875274658]
2019-04-05 14:05:13 INFO     Batch: [10/120] Epoch: [3] Loss: [2.022345933047208]
2019-04-05 14:05:13 INFO     Batch: [11/120] Epoch: [3] Loss: [2.027312676111857]
2019-04-05 14:05:13 INFO     Batch: [12/120] Epoch: [3] Loss: [2.0258290767669678]
2019-04-05 14:05:13 INFO     Batch: [13/120] Epoch: [3] Loss: [2.028403162956238]
2019-04-05 14:05:13 INFO     Batch: [14/120] Epoch: [3] Loss: [2.0311989466349285]
2019-04-05 14:05:13 INFO     Batch: [15/120] Epoch: [3] Loss: [2.0330900251865387]
2019-04-05 14:05:13 INFO     Batch: [16/120] Epoch: [3] Loss: [2.032744716195499]
2019-04-05 14:05:13 INFO     Batch: [17/120] Epoch: [3] Loss: [2.032062212626139]
2019-04-05 14:05:13 INFO     Batch: [18/120] Epoch: [3] Loss: [2.0342929112283805]
2019-04-05 14:05:13 INFO     Batch: [19/120] Epoch: [3] Loss: [2.034575581550598]
2019-04-05 14:05:13 INFO     Batch: [20/120] Epoch: [3] Loss: [2.0335344700586226]
2019-04-05 14:05:14 INFO     Batch: [21/120] Epoch: [3] Loss: [2.032140179113908]
2019-04-05 14:05:14 INFO     Batch: [22/120] Epoch: [3] Loss: [2.032030033028644]
2019-04-05 14:05:14 INFO     Batch: [23/120] Epoch: [3] Loss: [2.0315630237261453]
2019-04-05 14:05:14 INFO     Batch: [24/120] Epoch: [3] Loss: [2.030686435699463]
2019-04-05 14:05:14 INFO     Batch: [25/120] Epoch: [3] Loss: [2.0313434325731716]
2019-04-05 14:05:14 INFO     Batch: [26/120] Epoch: [3] Loss: [2.030495051984434]
2019-04-05 14:05:14 INFO     Batch: [27/120] Epoch: [3] Loss: [2.0290457606315613]
2019-04-05 14:05:14 INFO     Batch: [28/120] Epoch: [3] Loss: [2.028390645980835]
2019-04-05 14:05:14 INFO     Batch: [29/120] Epoch: [3] Loss: [2.027919363975525]
2019-04-05 14:05:14 INFO     Batch: [30/120] Epoch: [3] Loss: [2.0281222097335325]
2019-04-05 14:05:14 INFO     Batch: [31/120] Epoch: [3] Loss: [2.028320826590061]
2019-04-05 14:05:14 INFO     Batch: [32/120] Epoch: [3] Loss: [2.0280884395946157]
2019-04-05 14:05:14 INFO     Batch: [33/120] Epoch: [3] Loss: [2.027997837347143]
2019-04-05 14:05:15 INFO     Batch: [34/120] Epoch: [3] Loss: [2.0268788031169347]
2019-04-05 14:05:15 INFO     Batch: [35/120] Epoch: [3] Loss: [2.0273291104369693]
2019-04-05 14:05:15 INFO     Batch: [36/120] Epoch: [3] Loss: [2.028607268591185]
2019-04-05 14:05:15 INFO     Batch: [37/120] Epoch: [3] Loss: [2.028253414128956]
2019-04-05 14:05:15 INFO     Batch: [38/120] Epoch: [3] Loss: [2.0281737125836887]
2019-04-05 14:05:15 INFO     Batch: [39/120] Epoch: [3] Loss: [2.027841570973396]
2019-04-05 14:05:15 INFO     Batch: [40/120] Epoch: [3] Loss: [2.0275661276607977]
2019-04-05 14:05:15 INFO     Batch: [41/120] Epoch: [3] Loss: [2.027245127019428]
2019-04-05 14:05:15 INFO     Batch: [42/120] Epoch: [3] Loss: [2.026837623396585]
2019-04-05 14:05:15 INFO     Batch: [43/120] Epoch: [3] Loss: [2.0274271937933834]
2019-04-05 14:05:15 INFO     Batch: [44/120] Epoch: [3] Loss: [2.026995290650262]
2019-04-05 14:05:15 INFO     Batch: [45/120] Epoch: [3] Loss: [2.0264290908108586]
2019-04-05 14:05:15 INFO     Batch: [46/120] Epoch: [3] Loss: [2.0255573658232993]
2019-04-05 14:05:15 INFO     Batch: [47/120] Epoch: [3] Loss: [2.0251010258992515]
2019-04-05 14:05:16 INFO     Batch: [48/120] Epoch: [3] Loss: [2.024032867684656]
2019-04-05 14:05:16 INFO     Batch: [49/120] Epoch: [3] Loss: [2.0237896275520324]
2019-04-05 14:05:16 INFO     Batch: [50/120] Epoch: [3] Loss: [2.023252290837905]
2019-04-05 14:05:16 INFO     Batch: [51/120] Epoch: [3] Loss: [2.0233073830604553]
2019-04-05 14:05:16 INFO     Batch: [52/120] Epoch: [3] Loss: [2.0229052957498803]
2019-04-05 14:05:16 INFO     Batch: [53/120] Epoch: [3] Loss: [2.0228623946507773]
2019-04-05 14:05:16 INFO     Batch: [54/120] Epoch: [3] Loss: [2.0227018052881416]
2019-04-05 14:05:16 INFO     Batch: [55/120] Epoch: [3] Loss: [2.0224150887557437]
2019-04-05 14:05:16 INFO     Batch: [56/120] Epoch: [3] Loss: [2.022402897215726]
2019-04-05 14:05:16 INFO     Batch: [57/120] Epoch: [3] Loss: [2.021997556604188]
2019-04-05 14:05:16 INFO     Batch: [58/120] Epoch: [3] Loss: [2.0218677945056203]
2019-04-05 14:05:16 INFO     Batch: [59/120] Epoch: [3] Loss: [2.021182084083557]
2019-04-05 14:05:16 INFO     Batch: [60/120] Epoch: [3] Loss: [2.020809060237447]
2019-04-05 14:05:17 INFO     Batch: [61/120] Epoch: [3] Loss: [2.0209672643292333]
2019-04-05 14:05:17 INFO     Batch: [62/120] Epoch: [3] Loss: [2.02094935235523]
2019-04-05 14:05:17 INFO     Batch: [63/120] Epoch: [3] Loss: [2.020129010081291]
2019-04-05 14:05:17 INFO     Batch: [64/120] Epoch: [3] Loss: [2.019425610395578]
2019-04-05 14:05:17 INFO     Batch: [65/120] Epoch: [3] Loss: [2.018644011381901]
2019-04-05 14:05:17 INFO     Batch: [66/120] Epoch: [3] Loss: [2.0188375586894023]
2019-04-05 14:05:17 INFO     Batch: [67/120] Epoch: [3] Loss: [2.019000470638275]
2019-04-05 14:05:17 INFO     Batch: [68/120] Epoch: [3] Loss: [2.018528115922126]
2019-04-05 14:05:17 INFO     Batch: [69/120] Epoch: [3] Loss: [2.0182023320879257]
2019-04-05 14:05:17 INFO     Batch: [70/120] Epoch: [3] Loss: [2.0175714845388706]
2019-04-05 14:05:17 INFO     Batch: [71/120] Epoch: [3] Loss: [2.0171334279908075]
2019-04-05 14:05:17 INFO     Batch: [72/120] Epoch: [3] Loss: [2.016375376753611]
2019-04-05 14:05:17 INFO     Batch: [73/120] Epoch: [3] Loss: [2.0157443397753947]
2019-04-05 14:05:18 INFO     Batch: [74/120] Epoch: [3] Loss: [2.0153954203923545]
2019-04-05 14:05:18 INFO     Batch: [75/120] Epoch: [3] Loss: [2.0152532317136465]
2019-04-05 14:05:18 INFO     Batch: [76/120] Epoch: [3] Loss: [2.0151470156459066]
2019-04-05 14:05:18 INFO     Batch: [77/120] Epoch: [3] Loss: [2.0144002116643467]
2019-04-05 14:05:18 INFO     Batch: [78/120] Epoch: [3] Loss: [2.0142988389051415]
2019-04-05 14:05:18 INFO     Batch: [79/120] Epoch: [3] Loss: [2.0142955377697946]
2019-04-05 14:05:18 INFO     Batch: [80/120] Epoch: [3] Loss: [2.0139885463832337]
2019-04-05 14:05:18 INFO     Batch: [81/120] Epoch: [3] Loss: [2.013747795325954]
2019-04-05 14:05:18 INFO     Batch: [82/120] Epoch: [3] Loss: [2.0131785927048647]
2019-04-05 14:05:18 INFO     Batch: [83/120] Epoch: [3] Loss: [2.0126970481304896]
2019-04-05 14:05:18 INFO     Batch: [84/120] Epoch: [3] Loss: [2.0129247679429896]
2019-04-05 14:05:18 INFO     Batch: [85/120] Epoch: [3] Loss: [2.012555335843286]
2019-04-05 14:05:18 INFO     Batch: [86/120] Epoch: [3] Loss: [2.0122031096754402]
2019-04-05 14:05:19 INFO     Batch: [87/120] Epoch: [3] Loss: [2.0116394094445487]
2019-04-05 14:05:19 INFO     Batch: [88/120] Epoch: [3] Loss: [2.0114628130130554]
2019-04-05 14:05:19 INFO     Batch: [89/120] Epoch: [3] Loss: [2.011130672030979]
2019-04-05 14:05:19 INFO     Batch: [90/120] Epoch: [3] Loss: [2.010939058366713]
2019-04-05 14:05:19 INFO     Batch: [91/120] Epoch: [3] Loss: [2.010671793118767]
2019-04-05 14:05:19 INFO     Batch: [92/120] Epoch: [3] Loss: [2.010387448854344]
2019-04-05 14:05:19 INFO     Batch: [93/120] Epoch: [3] Loss: [2.0101587176322937]
2019-04-05 14:05:19 INFO     Batch: [94/120] Epoch: [3] Loss: [2.0096054717114096]
2019-04-05 14:05:19 INFO     Batch: [95/120] Epoch: [3] Loss: [2.0091003527243934]
2019-04-05 14:05:19 INFO     Batch: [96/120] Epoch: [3] Loss: [2.008583411727984]
2019-04-05 14:05:19 INFO     Batch: [97/120] Epoch: [3] Loss: [2.008594356021103]
2019-04-05 14:05:19 INFO     Batch: [98/120] Epoch: [3] Loss: [2.0085414407229183]
2019-04-05 14:05:19 INFO     Batch: [99/120] Epoch: [3] Loss: [2.008615425825119]
2019-04-05 14:05:20 INFO     Batch: [100/120] Epoch: [3] Loss: [2.008283848809724]
2019-04-05 14:05:20 INFO     Batch: [101/120] Epoch: [3] Loss: [2.00836401125964]
2019-04-05 14:05:20 INFO     Batch: [102/120] Epoch: [3] Loss: [2.0079500501595655]
2019-04-05 14:05:20 INFO     Batch: [103/120] Epoch: [3] Loss: [2.0073321908712387]
2019-04-05 14:05:20 INFO     Batch: [104/120] Epoch: [3] Loss: [2.0070412601743426]
2019-04-05 14:05:20 INFO     Batch: [105/120] Epoch: [3] Loss: [2.0068176175063512]
2019-04-05 14:05:20 INFO     Batch: [106/120] Epoch: [3] Loss: [2.0064935739909378]
2019-04-05 14:05:20 INFO     Batch: [107/120] Epoch: [3] Loss: [2.006301158004337]
2019-04-05 14:05:20 INFO     Batch: [108/120] Epoch: [3] Loss: [2.006098854432412]
2019-04-05 14:05:20 INFO     Batch: [109/120] Epoch: [3] Loss: [2.0056034261530096]
2019-04-05 14:05:20 INFO     Batch: [110/120] Epoch: [3] Loss: [2.005999653189032]
2019-04-05 14:05:20 INFO     Batch: [111/120] Epoch: [3] Loss: [2.0057293868490627]
2019-04-05 14:05:20 INFO     Batch: [112/120] Epoch: [3] Loss: [2.0056390023864474]
2019-04-05 14:05:20 INFO     Batch: [113/120] Epoch: [3] Loss: [2.005053282829753]
2019-04-05 14:05:21 INFO     Batch: [114/120] Epoch: [3] Loss: [2.004538560950238]
2019-04-05 14:05:21 INFO     Batch: [115/120] Epoch: [3] Loss: [2.0046341891946464]
2019-04-05 14:05:21 INFO     Batch: [116/120] Epoch: [3] Loss: [2.0044411094779644]
2019-04-05 14:05:21 INFO     Batch: [117/120] Epoch: [3] Loss: [2.0044537812976513]
2019-04-05 14:05:21 INFO     Batch: [118/120] Epoch: [3] Loss: [2.0042854106726766]
2019-04-05 14:05:21 INFO     Batch: [119/120] Epoch: [3] Loss: [2.004058849811554]
2019-04-05 14:05:22 INFO     Epoch: [3/2000] Loss: [2.004058849811554] Accuracy: [0.308]
2019-04-05 14:05:22 INFO     Batch: [0/120] Epoch: [4] Loss: [1.9682072401046753]
2019-04-05 14:05:23 INFO     Accuracy: [0.3189090909090909]

2019-04-05 14:05:23 INFO     Batch: [1/120] Epoch: [4] Loss: [1.964069664478302]
2019-04-05 14:05:23 INFO     Batch: [2/120] Epoch: [4] Loss: [1.971538503964742]
2019-04-05 14:05:23 INFO     Batch: [3/120] Epoch: [4] Loss: [1.962314784526825]
2019-04-05 14:05:23 INFO     Batch: [4/120] Epoch: [4] Loss: [1.9709704399108887]
2019-04-05 14:05:23 INFO     Batch: [5/120] Epoch: [4] Loss: [1.9819327195485432]
2019-04-05 14:05:23 INFO     Batch: [6/120] Epoch: [4] Loss: [1.9820869309561593]
2019-04-05 14:05:23 INFO     Batch: [7/120] Epoch: [4] Loss: [1.9802158027887344]
2019-04-05 14:05:23 INFO     Batch: [8/120] Epoch: [4] Loss: [1.9788199133343167]
2019-04-05 14:05:23 INFO     Batch: [9/120] Epoch: [4] Loss: [1.9807284832000733]
2019-04-05 14:05:24 INFO     Batch: [10/120] Epoch: [4] Loss: [1.9813274361870505]
2019-04-05 14:05:24 INFO     Batch: [11/120] Epoch: [4] Loss: [1.9804442723592122]
2019-04-05 14:05:24 INFO     Batch: [12/120] Epoch: [4] Loss: [1.9773031656558697]
2019-04-05 14:05:24 INFO     Batch: [13/120] Epoch: [4] Loss: [1.9777891721044267]
2019-04-05 14:05:24 INFO     Batch: [14/120] Epoch: [4] Loss: [1.977262838681539]
2019-04-05 14:05:24 INFO     Batch: [15/120] Epoch: [4] Loss: [1.9764815121889114]
2019-04-05 14:05:24 INFO     Batch: [16/120] Epoch: [4] Loss: [1.9787660626804127]
2019-04-05 14:05:24 INFO     Batch: [17/120] Epoch: [4] Loss: [1.9768999152713351]
2019-04-05 14:05:24 INFO     Batch: [18/120] Epoch: [4] Loss: [1.9738478158649646]
2019-04-05 14:05:24 INFO     Batch: [19/120] Epoch: [4] Loss: [1.9749246954917907]
2019-04-05 14:05:24 INFO     Batch: [20/120] Epoch: [4] Loss: [1.9726893390927995]
2019-04-05 14:05:24 INFO     Batch: [21/120] Epoch: [4] Loss: [1.973242087797685]
2019-04-05 14:05:24 INFO     Batch: [22/120] Epoch: [4] Loss: [1.974391501882802]
2019-04-05 14:05:25 INFO     Batch: [23/120] Epoch: [4] Loss: [1.9743044277032216]
2019-04-05 14:05:25 INFO     Batch: [24/120] Epoch: [4] Loss: [1.9735222864151]
2019-04-05 14:05:25 INFO     Batch: [25/120] Epoch: [4] Loss: [1.972281038761139]
2019-04-05 14:05:25 INFO     Batch: [26/120] Epoch: [4] Loss: [1.972564004085682]
