2019-07-10 06:40:54 INFO     Loading Data
2019-07-10 06:40:55 INFO     Model Setting Up
2019-07-10 06:41:11 INFO     train_dir : [../dataset/mnist/train]
2019-07-10 06:41:11 INFO     test_dir : [../dataset/mnist/test]
2019-07-10 06:41:11 INFO     save_dir : [./save]
2019-07-10 06:41:11 INFO     gpu : [2,3,4]
2019-07-10 06:41:11 INFO     num_epochs : [300]
2019-07-10 06:41:11 INFO     batch_size : [64]
2019-07-10 06:41:11 INFO     num_points : [512]
2019-07-10 06:41:11 INFO     visualize : [False]
2019-07-10 06:41:11 INFO     log_interval : [1000]
2019-07-10 06:41:11 INFO     save_interval : [20]
2019-07-10 06:41:11 INFO     baselr : [5e-05]
2019-07-10 06:41:11 INFO     density_radius : [0.2]
2019-07-10 06:41:11 INFO     cube_size : [2]
2019-07-10 06:41:11 INFO     num_grids : [3]
2019-07-10 06:41:11 INFO     base_radius : [1]
2019-07-10 06:41:11 INFO     static_sigma : [0.05]
2019-07-10 06:41:11 INFO     use_static_sigma : [False]
2019-07-10 06:41:11 INFO     use_weights : [False]
2019-07-10 06:41:11 INFO     sigma_layer_diff : [True]
2019-07-10 06:41:11 INFO     feature_out1 : [8]
2019-07-10 06:41:11 INFO     feature_out2 : [16]
2019-07-10 06:41:11 INFO     feature_out3 : [32]
2019-07-10 06:41:11 INFO     feature_out4 : [64]
2019-07-10 06:41:11 INFO     feature_out5 : [128]
2019-07-10 06:41:11 INFO     num_classes : [10]
2019-07-10 06:41:11 INFO     num_so3_layers : [3]
2019-07-10 06:41:11 INFO     bandwidth_0 : [10]
2019-07-10 06:41:11 INFO     bandwidth_out1 : [10]
2019-07-10 06:41:11 INFO     bandwidth_out2 : [8]
2019-07-10 06:41:11 INFO     bandwidth_out3 : [6]
2019-07-10 06:41:11 INFO     bandwidth_out4 : [4]
2019-07-10 06:41:11 INFO     bandwidth_out5 : [2]
2019-07-10 06:41:11 INFO     resume_training : [0]
2019-07-10 06:41:11 INFO     Start Training
2019-07-10 06:41:17 INFO     Batch: [0/938] Epoch: [0] Loss: [2.276409387588501]
2019-07-10 06:41:18 INFO     Batch: [1/938] Epoch: [0] Loss: [2.294715404510498]
2019-07-10 06:41:19 INFO     Batch: [2/938] Epoch: [0] Loss: [2.3018851280212402]
2019-07-10 06:41:19 INFO     Batch: [3/938] Epoch: [0] Loss: [2.2941616773605347]
2019-07-10 06:41:20 INFO     Batch: [4/938] Epoch: [0] Loss: [2.2963890552520754]
2019-07-10 06:41:21 INFO     Batch: [5/938] Epoch: [0] Loss: [2.3009089628855386]
2019-07-10 06:41:22 INFO     Batch: [6/938] Epoch: [0] Loss: [2.3066628319876537]
2019-07-10 06:41:22 INFO     Batch: [7/938] Epoch: [0] Loss: [2.3004228472709656]
2019-07-10 06:41:23 INFO     Batch: [8/938] Epoch: [0] Loss: [2.289478964275784]
2019-07-10 06:41:24 INFO     Batch: [9/938] Epoch: [0] Loss: [2.2843573808670046]
2019-07-10 06:41:24 INFO     Batch: [10/938] Epoch: [0] Loss: [2.2814368334683506]
2019-07-10 06:41:25 INFO     Batch: [11/938] Epoch: [0] Loss: [2.279064893722534]
2019-07-10 06:41:26 INFO     Batch: [12/938] Epoch: [0] Loss: [2.2799412653996396]
2019-07-10 06:41:26 INFO     Batch: [13/938] Epoch: [0] Loss: [2.275832108088902]
2019-07-10 06:41:27 INFO     Batch: [14/938] Epoch: [0] Loss: [2.2744110743204753]
2019-07-10 06:41:28 INFO     Batch: [15/938] Epoch: [0] Loss: [2.274707153439522]
2019-07-10 06:41:29 INFO     Batch: [16/938] Epoch: [0] Loss: [2.2678785183850456]
2019-07-10 06:41:29 INFO     Batch: [17/938] Epoch: [0] Loss: [2.2644895050260754]
2019-07-10 06:41:30 INFO     Batch: [18/938] Epoch: [0] Loss: [2.2617328417928597]
2019-07-10 06:41:31 INFO     Batch: [19/938] Epoch: [0] Loss: [2.257297229766846]
2019-07-10 06:41:31 INFO     Batch: [20/938] Epoch: [0] Loss: [2.256399472554525]
2019-07-10 06:41:32 INFO     Batch: [21/938] Epoch: [0] Loss: [2.251233382658525]
2019-07-10 06:41:33 INFO     Batch: [22/938] Epoch: [0] Loss: [2.248261430989141]
2019-07-10 06:41:33 INFO     Batch: [23/938] Epoch: [0] Loss: [2.244438727696737]
2019-07-10 06:41:34 INFO     Batch: [24/938] Epoch: [0] Loss: [2.2419995880126953]
2019-07-10 06:41:35 INFO     Batch: [25/938] Epoch: [0] Loss: [2.2388221759062548]
2019-07-10 06:41:36 INFO     Batch: [26/938] Epoch: [0] Loss: [2.2359922726949057]
2019-07-10 06:41:36 INFO     Batch: [27/938] Epoch: [0] Loss: [2.2335390278271268]
2019-07-10 06:41:37 INFO     Batch: [28/938] Epoch: [0] Loss: [2.2350802997062944]
2019-07-10 06:41:38 INFO     Batch: [29/938] Epoch: [0] Loss: [2.234919301668803]
2019-07-10 06:41:38 INFO     Batch: [30/938] Epoch: [0] Loss: [2.232936005438528]
2019-07-10 06:41:39 INFO     Batch: [31/938] Epoch: [0] Loss: [2.231398820877075]
2019-07-10 06:41:40 INFO     Batch: [32/938] Epoch: [0] Loss: [2.2310441479538428]
2019-07-10 06:41:41 INFO     Batch: [33/938] Epoch: [0] Loss: [2.231220420669107]
2019-07-10 06:41:41 INFO     Batch: [34/938] Epoch: [0] Loss: [2.22769832611084]
2019-07-10 06:41:42 INFO     Batch: [35/938] Epoch: [0] Loss: [2.2253657976786294]
2019-07-10 06:41:43 INFO     Batch: [36/938] Epoch: [0] Loss: [2.2223966314985946]
2019-07-10 06:41:43 INFO     Batch: [37/938] Epoch: [0] Loss: [2.2215449245352494]
2019-07-10 06:41:44 INFO     Batch: [38/938] Epoch: [0] Loss: [2.2175721449729724]
2019-07-10 06:41:45 INFO     Batch: [39/938] Epoch: [0] Loss: [2.216031002998352]
2019-07-10 06:41:45 INFO     Batch: [40/938] Epoch: [0] Loss: [2.2168576019566233]
2019-07-10 06:41:46 INFO     Batch: [41/938] Epoch: [0] Loss: [2.2152734370458695]
2019-07-10 06:41:47 INFO     Batch: [42/938] Epoch: [0] Loss: [2.211432689844176]
2019-07-10 06:41:48 INFO     Batch: [43/938] Epoch: [0] Loss: [2.2072432908144863]
2019-07-10 06:41:48 INFO     Batch: [44/938] Epoch: [0] Loss: [2.204370954301622]
2019-07-10 06:41:49 INFO     Batch: [45/938] Epoch: [0] Loss: [2.2010019136511763]
2019-07-10 06:41:50 INFO     Batch: [46/938] Epoch: [0] Loss: [2.197198340233336]
2019-07-10 06:41:50 INFO     Batch: [47/938] Epoch: [0] Loss: [2.194151684641838]
2019-07-10 06:41:51 INFO     Batch: [48/938] Epoch: [0] Loss: [2.193248524957774]
2019-07-10 06:41:52 INFO     Batch: [49/938] Epoch: [0] Loss: [2.1905450677871703]
2019-07-10 06:41:52 INFO     Batch: [50/938] Epoch: [0] Loss: [2.1880749954896817]
2019-07-10 06:41:53 INFO     Batch: [51/938] Epoch: [0] Loss: [2.184093489096715]
2019-07-10 06:41:54 INFO     Batch: [52/938] Epoch: [0] Loss: [2.180967726797428]
2019-07-10 06:41:55 INFO     Batch: [53/938] Epoch: [0] Loss: [2.179617272482978]
2019-07-10 06:41:55 INFO     Batch: [54/938] Epoch: [0] Loss: [2.176410128853538]
2019-07-10 06:41:56 INFO     Batch: [55/938] Epoch: [0] Loss: [2.173387740339552]
2019-07-10 06:41:57 INFO     Batch: [56/938] Epoch: [0] Loss: [2.1711311131192925]
2019-07-10 06:41:57 INFO     Batch: [57/938] Epoch: [0] Loss: [2.1677928094206185]
2019-07-10 06:41:58 INFO     Batch: [58/938] Epoch: [0] Loss: [2.1653903742968024]
2019-07-10 06:41:59 INFO     Batch: [59/938] Epoch: [0] Loss: [2.161579728126526]
2019-07-10 06:42:00 INFO     Batch: [60/938] Epoch: [0] Loss: [2.1612678394942986]
2019-07-10 06:42:00 INFO     Batch: [61/938] Epoch: [0] Loss: [2.157632412449006]
2019-07-10 06:42:01 INFO     Batch: [62/938] Epoch: [0] Loss: [2.1547977470216297]
2019-07-10 06:42:02 INFO     Batch: [63/938] Epoch: [0] Loss: [2.154425870627165]
2019-07-10 06:42:02 INFO     Batch: [64/938] Epoch: [0] Loss: [2.1539942814753608]
2019-07-10 06:42:03 INFO     Batch: [65/938] Epoch: [0] Loss: [2.151192166588523]
2019-07-10 06:42:04 INFO     Batch: [66/938] Epoch: [0] Loss: [2.1492047345460352]
2019-07-10 06:42:04 INFO     Batch: [67/938] Epoch: [0] Loss: [2.146047367769129]
2019-07-10 06:42:05 INFO     Batch: [68/938] Epoch: [0] Loss: [2.1428186029627705]
2019-07-10 06:42:06 INFO     Batch: [69/938] Epoch: [0] Loss: [2.1391808101109095]
2019-07-10 06:42:07 INFO     Batch: [70/938] Epoch: [0] Loss: [2.1359253265488314]
2019-07-10 06:42:07 INFO     Batch: [71/938] Epoch: [0] Loss: [2.135090788205465]
2019-07-10 06:42:08 INFO     Batch: [72/938] Epoch: [0] Loss: [2.1351253823058247]
2019-07-10 06:42:09 INFO     Batch: [73/938] Epoch: [0] Loss: [2.135050196905394]
2019-07-10 06:42:09 INFO     Batch: [74/938] Epoch: [0] Loss: [2.1342582225799562]
2019-07-10 06:42:10 INFO     Batch: [75/938] Epoch: [0] Loss: [2.133857102770554]
2019-07-10 06:42:11 INFO     Batch: [76/938] Epoch: [0] Loss: [2.1316237465127723]
2019-07-10 06:42:11 INFO     Batch: [77/938] Epoch: [0] Loss: [2.127362596683013]
2019-07-10 06:42:12 INFO     Batch: [78/938] Epoch: [0] Loss: [2.1256110758721074]
2019-07-10 06:42:13 INFO     Batch: [79/938] Epoch: [0] Loss: [2.1236119851469994]
2019-07-10 06:42:14 INFO     Batch: [80/938] Epoch: [0] Loss: [2.1221485093787864]
2019-07-10 06:42:14 INFO     Batch: [81/938] Epoch: [0] Loss: [2.1201404333114624]
2019-07-10 06:42:15 INFO     Batch: [82/938] Epoch: [0] Loss: [2.118605507425515]
2019-07-10 06:42:16 INFO     Batch: [83/938] Epoch: [0] Loss: [2.119001800105685]
2019-07-10 06:42:16 INFO     Batch: [84/938] Epoch: [0] Loss: [2.118863955666037]
2019-07-10 06:42:17 INFO     Batch: [85/938] Epoch: [0] Loss: [2.117946597032769]
2019-07-10 06:42:18 INFO     Batch: [86/938] Epoch: [0] Loss: [2.1151854402717505]
2019-07-10 06:42:19 INFO     Batch: [87/938] Epoch: [0] Loss: [2.11181632632559]
2019-07-10 06:42:19 INFO     Batch: [88/938] Epoch: [0] Loss: [2.1117365855849193]
2019-07-10 06:42:20 INFO     Batch: [89/938] Epoch: [0] Loss: [2.108680803245968]
2019-07-10 06:42:21 INFO     Batch: [90/938] Epoch: [0] Loss: [2.106409088595883]
2019-07-10 06:42:21 INFO     Batch: [91/938] Epoch: [0] Loss: [2.103809411111085]
2019-07-10 06:42:22 INFO     Batch: [92/938] Epoch: [0] Loss: [2.1014691616899226]
2019-07-10 06:42:23 INFO     Batch: [93/938] Epoch: [0] Loss: [2.1011140917209867]
2019-07-10 06:42:23 INFO     Batch: [94/938] Epoch: [0] Loss: [2.0997651388770655]
2019-07-10 06:42:24 INFO     Batch: [95/938] Epoch: [0] Loss: [2.0981257893145084]
2019-07-10 06:42:25 INFO     Batch: [96/938] Epoch: [0] Loss: [2.0962626196674465]
2019-07-10 06:42:26 INFO     Batch: [97/938] Epoch: [0] Loss: [2.094041261137748]
2019-07-10 06:42:26 INFO     Batch: [98/938] Epoch: [0] Loss: [2.0930923271660853]
2019-07-10 06:42:27 INFO     Batch: [99/938] Epoch: [0] Loss: [2.089893637895584]
2019-07-10 06:42:28 INFO     Batch: [100/938] Epoch: [0] Loss: [2.0882657376846465]
2019-07-10 06:42:28 INFO     Batch: [101/938] Epoch: [0] Loss: [2.0861843847760966]
2019-07-10 06:42:29 INFO     Batch: [102/938] Epoch: [0] Loss: [2.0845602692909613]
2019-07-10 06:42:30 INFO     Batch: [103/938] Epoch: [0] Loss: [2.082625400561553]
2019-07-10 06:42:31 INFO     Batch: [104/938] Epoch: [0] Loss: [2.080704478990464]
2019-07-10 06:42:31 INFO     Batch: [105/938] Epoch: [0] Loss: [2.078653338945137]
2019-07-10 06:42:32 INFO     Batch: [106/938] Epoch: [0] Loss: [2.0766635208486397]
2019-07-10 06:42:33 INFO     Batch: [107/938] Epoch: [0] Loss: [2.07655597836883]
2019-07-10 06:42:33 INFO     Batch: [108/938] Epoch: [0] Loss: [2.0743320272603167]
2019-07-10 06:42:34 INFO     Batch: [109/938] Epoch: [0] Loss: [2.0733509182929994]
2019-07-10 06:42:35 INFO     Batch: [110/938] Epoch: [0] Loss: [2.0731953747637637]
2019-07-10 06:42:35 INFO     Batch: [111/938] Epoch: [0] Loss: [2.070452446384089]
2019-07-10 06:42:36 INFO     Batch: [112/938] Epoch: [0] Loss: [2.069462851085494]
2019-07-10 06:42:37 INFO     Batch: [113/938] Epoch: [0] Loss: [2.0667730946289864]
2019-07-10 06:42:38 INFO     Batch: [114/938] Epoch: [0] Loss: [2.0663724318794583]
2019-07-10 06:42:38 INFO     Batch: [115/938] Epoch: [0] Loss: [2.0639860044265617]
2019-07-10 06:42:39 INFO     Batch: [116/938] Epoch: [0] Loss: [2.0613727977133203]
2019-07-10 06:42:40 INFO     Batch: [117/938] Epoch: [0] Loss: [2.0590917195303966]
2019-07-10 06:42:40 INFO     Batch: [118/938] Epoch: [0] Loss: [2.055964675270209]
2019-07-10 06:42:41 INFO     Batch: [119/938] Epoch: [0] Loss: [2.053589020172755]
2019-07-10 06:42:42 INFO     Batch: [120/938] Epoch: [0] Loss: [2.053211941206751]
2019-07-10 06:42:43 INFO     Batch: [121/938] Epoch: [0] Loss: [2.0514928424944645]
2019-07-10 06:42:43 INFO     Batch: [122/938] Epoch: [0] Loss: [2.049048011865073]
2019-07-10 06:42:44 INFO     Batch: [123/938] Epoch: [0] Loss: [2.0470979646328957]
2019-07-10 06:42:45 INFO     Batch: [124/938] Epoch: [0] Loss: [2.0458342094421385]
2019-07-10 06:42:45 INFO     Batch: [125/938] Epoch: [0] Loss: [2.043992653725639]
2019-07-10 06:42:46 INFO     Batch: [126/938] Epoch: [0] Loss: [2.0430368128723986]
2019-07-10 06:42:47 INFO     Batch: [127/938] Epoch: [0] Loss: [2.041903988458216]
2019-07-10 06:42:47 INFO     Batch: [128/938] Epoch: [0] Loss: [2.041429499323054]
2019-07-10 06:42:48 INFO     Batch: [129/938] Epoch: [0] Loss: [2.0399977711530832]
2019-07-10 06:42:49 INFO     Batch: [130/938] Epoch: [0] Loss: [2.0393108548098846]
2019-07-10 06:42:50 INFO     Batch: [131/938] Epoch: [0] Loss: [2.0388213910839776]
2019-07-10 06:42:50 INFO     Batch: [132/938] Epoch: [0] Loss: [2.0382473379149473]
2019-07-10 06:42:51 INFO     Batch: [133/938] Epoch: [0] Loss: [2.036950444107625]
2019-07-10 06:42:52 INFO     Batch: [134/938] Epoch: [0] Loss: [2.034484280480279]
2019-07-10 06:42:52 INFO     Batch: [135/938] Epoch: [0] Loss: [2.0330579412334107]
2019-07-10 06:42:53 INFO     Batch: [136/938] Epoch: [0] Loss: [2.031705561345511]
2019-07-10 06:42:54 INFO     Batch: [137/938] Epoch: [0] Loss: [2.030491446239361]
2019-07-10 06:42:55 INFO     Batch: [138/938] Epoch: [0] Loss: [2.028895791486013]
2019-07-10 06:42:55 INFO     Batch: [139/938] Epoch: [0] Loss: [2.0286887535027094]
2019-07-10 06:42:56 INFO     Batch: [140/938] Epoch: [0] Loss: [2.0285625398581755]
2019-07-10 06:42:57 INFO     Batch: [141/938] Epoch: [0] Loss: [2.0269669202012075]
2019-07-10 06:42:57 INFO     Batch: [142/938] Epoch: [0] Loss: [2.0258784044038998]
2019-07-10 06:42:58 INFO     Batch: [143/938] Epoch: [0] Loss: [2.024199497368601]
2019-07-10 06:42:59 INFO     Batch: [144/938] Epoch: [0] Loss: [2.022433768469712]
2019-07-10 06:42:59 INFO     Batch: [145/938] Epoch: [0] Loss: [2.021645959109476]
2019-07-10 06:43:00 INFO     Batch: [146/938] Epoch: [0] Loss: [2.020568224848533]
2019-07-10 06:43:01 INFO     Batch: [147/938] Epoch: [0] Loss: [2.0189730573344873]
2019-07-10 06:43:02 INFO     Batch: [148/938] Epoch: [0] Loss: [2.0181336794923617]
2019-07-10 06:43:02 INFO     Batch: [149/938] Epoch: [0] Loss: [2.0178448565800986]
2019-07-10 06:43:03 INFO     Batch: [150/938] Epoch: [0] Loss: [2.016283129224714]
2019-07-10 06:43:04 INFO     Batch: [151/938] Epoch: [0] Loss: [2.0147076500089547]
2019-07-10 06:43:04 INFO     Batch: [152/938] Epoch: [0] Loss: [2.01300760889365]
2019-07-10 06:43:05 INFO     Batch: [153/938] Epoch: [0] Loss: [2.011217176914215]
2019-07-10 06:43:06 INFO     Batch: [154/938] Epoch: [0] Loss: [2.010113683054524]
2019-07-10 06:43:07 INFO     Batch: [155/938] Epoch: [0] Loss: [2.0098351820921287]
2019-07-10 06:43:07 INFO     Batch: [156/938] Epoch: [0] Loss: [2.00840261483648]
2019-07-10 06:43:08 INFO     Batch: [157/938] Epoch: [0] Loss: [2.0061412876165368]
2019-07-10 06:43:09 INFO     Batch: [158/938] Epoch: [0] Loss: [2.004967727001358]
2019-07-10 06:43:09 INFO     Batch: [159/938] Epoch: [0] Loss: [2.004081880301237]
2019-07-10 06:43:10 INFO     Batch: [160/938] Epoch: [0] Loss: [2.0040571356412045]
2019-07-10 06:43:11 INFO     Batch: [161/938] Epoch: [0] Loss: [2.004081489863219]
2019-07-10 06:43:11 INFO     Batch: [162/938] Epoch: [0] Loss: [2.003149565012177]
2019-07-10 06:43:12 INFO     Batch: [163/938] Epoch: [0] Loss: [2.002579904910995]
2019-07-10 06:43:13 INFO     Batch: [164/938] Epoch: [0] Loss: [2.002084565162659]
2019-07-10 06:43:14 INFO     Batch: [165/938] Epoch: [0] Loss: [2.000439893050366]
2019-07-10 06:43:14 INFO     Batch: [166/938] Epoch: [0] Loss: [2.000230918387453]
2019-07-10 06:43:15 INFO     Batch: [167/938] Epoch: [0] Loss: [1.9982053240140278]
2019-07-10 06:43:16 INFO     Batch: [168/938] Epoch: [0] Loss: [1.9977473577804115]
2019-07-10 06:43:16 INFO     Batch: [169/938] Epoch: [0] Loss: [1.997826166713939]
2019-07-10 06:43:17 INFO     Batch: [170/938] Epoch: [0] Loss: [1.9973876664513035]
2019-07-10 06:43:18 INFO     Batch: [171/938] Epoch: [0] Loss: [1.9956811063511426]
2019-07-10 06:43:19 INFO     Batch: [172/938] Epoch: [0] Loss: [1.9948731109586064]
2019-07-10 06:43:19 INFO     Batch: [173/938] Epoch: [0] Loss: [1.9934455649606113]
2019-07-10 06:43:20 INFO     Batch: [174/938] Epoch: [0] Loss: [1.992224967139108]
2019-07-10 06:43:21 INFO     Batch: [175/938] Epoch: [0] Loss: [1.9909729253162036]
2019-07-10 06:43:21 INFO     Batch: [176/938] Epoch: [0] Loss: [1.9885458697033467]
2019-07-10 06:43:22 INFO     Batch: [177/938] Epoch: [0] Loss: [1.9888025314620372]
2019-07-10 06:43:23 INFO     Batch: [178/938] Epoch: [0] Loss: [1.9884050758191327]
2019-07-10 06:43:23 INFO     Batch: [179/938] Epoch: [0] Loss: [1.9870117995474073]
2019-07-10 06:43:24 INFO     Batch: [180/938] Epoch: [0] Loss: [1.985931742915791]
2019-07-10 06:43:25 INFO     Batch: [181/938] Epoch: [0] Loss: [1.9853817840198895]
2019-07-10 06:43:26 INFO     Batch: [182/938] Epoch: [0] Loss: [1.984169507938656]
2019-07-10 06:43:26 INFO     Batch: [183/938] Epoch: [0] Loss: [1.9835905439179877]
2019-07-10 06:43:27 INFO     Batch: [184/938] Epoch: [0] Loss: [1.9832110417855753]
2019-07-10 06:43:28 INFO     Batch: [185/938] Epoch: [0] Loss: [1.9826239148775737]
2019-07-10 06:43:28 INFO     Batch: [186/938] Epoch: [0] Loss: [1.9813573538938307]
2019-07-10 06:43:29 INFO     Batch: [187/938] Epoch: [0] Loss: [1.9804556839009548]
2019-07-10 06:43:30 INFO     Batch: [188/938] Epoch: [0] Loss: [1.9794571696135101]
2019-07-10 06:43:31 INFO     Batch: [189/938] Epoch: [0] Loss: [1.9775618854321932]
2019-07-10 06:43:31 INFO     Batch: [190/938] Epoch: [0] Loss: [1.9769349185584104]
2019-07-10 06:43:32 INFO     Batch: [191/938] Epoch: [0] Loss: [1.9766511588046949]
2019-07-10 06:43:33 INFO     Batch: [192/938] Epoch: [0] Loss: [1.9752448161031297]
2019-07-10 06:43:33 INFO     Batch: [193/938] Epoch: [0] Loss: [1.9744288669419043]
2019-07-10 06:43:34 INFO     Batch: [194/938] Epoch: [0] Loss: [1.973326277732849]
2019-07-10 06:43:35 INFO     Batch: [195/938] Epoch: [0] Loss: [1.9730998478373702]
2019-07-10 06:43:36 INFO     Batch: [196/938] Epoch: [0] Loss: [1.9725438259579808]
2019-07-10 06:43:36 INFO     Batch: [197/938] Epoch: [0] Loss: [1.9717036010038973]
2019-07-10 06:43:37 INFO     Batch: [198/938] Epoch: [0] Loss: [1.9708385185979718]
2019-07-10 06:43:38 INFO     Batch: [199/938] Epoch: [0] Loss: [1.9697461837530137]
2019-07-10 06:43:38 INFO     Batch: [200/938] Epoch: [0] Loss: [1.9692241801551325]
2019-07-10 06:43:39 INFO     Batch: [201/938] Epoch: [0] Loss: [1.9675782063219807]
2019-07-10 06:43:40 INFO     Batch: [202/938] Epoch: [0] Loss: [1.9669975242004019]
2019-07-10 06:43:40 INFO     Batch: [203/938] Epoch: [0] Loss: [1.9651715702870314]
2019-07-10 06:43:41 INFO     Batch: [204/938] Epoch: [0] Loss: [1.9646065444481082]
2019-07-10 06:43:42 INFO     Batch: [205/938] Epoch: [0] Loss: [1.963181986970809]
2019-07-10 06:43:43 INFO     Batch: [206/938] Epoch: [0] Loss: [1.9620980991833452]
2019-07-10 06:43:43 INFO     Batch: [207/938] Epoch: [0] Loss: [1.9611568634326642]
2019-07-10 06:43:44 INFO     Batch: [208/938] Epoch: [0] Loss: [1.9601139360637756]
2019-07-10 06:43:45 INFO     Batch: [209/938] Epoch: [0] Loss: [1.959401293595632]
2019-07-10 06:43:45 INFO     Batch: [210/938] Epoch: [0] Loss: [1.9585617187463842]
2019-07-10 06:43:46 INFO     Batch: [211/938] Epoch: [0] Loss: [1.9577187361582271]
2019-07-10 06:43:47 INFO     Batch: [212/938] Epoch: [0] Loss: [1.9569103493936744]
2019-07-10 06:43:48 INFO     Batch: [213/938] Epoch: [0] Loss: [1.9564657049758412]
2019-07-10 06:43:48 INFO     Batch: [214/938] Epoch: [0] Loss: [1.955884151680525]
2019-07-10 06:43:49 INFO     Batch: [215/938] Epoch: [0] Loss: [1.9543799862817481]
2019-07-10 06:43:50 INFO     Batch: [216/938] Epoch: [0] Loss: [1.9525225717351185]
2019-07-10 06:43:50 INFO     Batch: [217/938] Epoch: [0] Loss: [1.951876139968907]
2019-07-10 06:43:51 INFO     Batch: [218/938] Epoch: [0] Loss: [1.9517607558263492]
2019-07-10 06:43:52 INFO     Batch: [219/938] Epoch: [0] Loss: [1.9504805938764052]
2019-07-10 06:43:52 INFO     Batch: [220/938] Epoch: [0] Loss: [1.9493101382147673]
2019-07-10 06:43:53 INFO     Batch: [221/938] Epoch: [0] Loss: [1.947741301210077]
2019-07-10 06:43:54 INFO     Batch: [222/938] Epoch: [0] Loss: [1.9472419018168086]
2019-07-10 06:43:55 INFO     Batch: [223/938] Epoch: [0] Loss: [1.9471273555287294]
2019-07-10 06:43:55 INFO     Batch: [224/938] Epoch: [0] Loss: [1.9463829867045084]
2019-07-10 06:43:56 INFO     Batch: [225/938] Epoch: [0] Loss: [1.9455940575726265]
2019-07-10 06:43:57 INFO     Batch: [226/938] Epoch: [0] Loss: [1.9449350944174544]
2019-07-10 06:43:57 INFO     Batch: [227/938] Epoch: [0] Loss: [1.943593663604636]
2019-07-10 06:43:58 INFO     Batch: [228/938] Epoch: [0] Loss: [1.9424882549385838]
2019-07-10 06:43:59 INFO     Batch: [229/938] Epoch: [0] Loss: [1.9418172463126804]
2019-07-10 06:44:00 INFO     Batch: [230/938] Epoch: [0] Loss: [1.9406538690839494]
2019-07-10 06:44:00 INFO     Batch: [231/938] Epoch: [0] Loss: [1.9402199346443703]
2019-07-10 06:44:01 INFO     Batch: [232/938] Epoch: [0] Loss: [1.9390890107134382]
2019-07-10 06:44:02 INFO     Batch: [233/938] Epoch: [0] Loss: [1.9384349207592826]
2019-07-10 06:44:02 INFO     Batch: [234/938] Epoch: [0] Loss: [1.937204926064674]
2019-07-10 06:44:03 INFO     Batch: [235/938] Epoch: [0] Loss: [1.9362334093805087]
2019-07-10 06:44:04 INFO     Batch: [236/938] Epoch: [0] Loss: [1.9355649565845603]
2019-07-10 06:44:05 INFO     Batch: [237/938] Epoch: [0] Loss: [1.934863365998789]
2019-07-10 06:44:05 INFO     Batch: [238/938] Epoch: [0] Loss: [1.934438013132646]
2019-07-10 06:44:06 INFO     Batch: [239/938] Epoch: [0] Loss: [1.933377764125665]
2019-07-10 06:44:07 INFO     Batch: [240/938] Epoch: [0] Loss: [1.9329175192290817]
2019-07-10 06:44:07 INFO     Batch: [241/938] Epoch: [0] Loss: [1.9322910737400212]
2019-07-10 06:44:08 INFO     Batch: [242/938] Epoch: [0] Loss: [1.9321425849027594]
2019-07-10 06:44:09 INFO     Batch: [243/938] Epoch: [0] Loss: [1.9312044577520402]
2019-07-10 06:44:09 INFO     Batch: [244/938] Epoch: [0] Loss: [1.9298570073380763]
2019-07-10 06:44:10 INFO     Batch: [245/938] Epoch: [0] Loss: [1.9287583144699656]
2019-07-10 06:44:11 INFO     Batch: [246/938] Epoch: [0] Loss: [1.9287907420864954]
2019-07-10 06:44:12 INFO     Batch: [247/938] Epoch: [0] Loss: [1.9274054275405021]
2019-07-10 06:44:12 INFO     Batch: [248/938] Epoch: [0] Loss: [1.9259944234985904]
2019-07-10 06:44:13 INFO     Batch: [249/938] Epoch: [0] Loss: [1.9249151792526245]
2019-07-10 06:44:14 INFO     Batch: [250/938] Epoch: [0] Loss: [1.924084422597847]
2019-07-10 06:44:14 INFO     Batch: [251/938] Epoch: [0] Loss: [1.9232429947171892]
2019-07-10 06:44:15 INFO     Batch: [252/938] Epoch: [0] Loss: [1.9221957389545063]
2019-07-10 06:44:16 INFO     Batch: [253/938] Epoch: [0] Loss: [1.9215433597564697]
2019-07-10 06:44:17 INFO     Batch: [254/938] Epoch: [0] Loss: [1.9205695844164081]
2019-07-10 06:44:17 INFO     Batch: [255/938] Epoch: [0] Loss: [1.9195767897181213]
2019-07-10 06:44:18 INFO     Batch: [256/938] Epoch: [0] Loss: [1.9192155511462734]
2019-07-10 06:44:19 INFO     Batch: [257/938] Epoch: [0] Loss: [1.9185348305591317]
2019-07-10 06:44:19 INFO     Batch: [258/938] Epoch: [0] Loss: [1.9179313201241512]
2019-07-10 06:44:20 INFO     Batch: [259/938] Epoch: [0] Loss: [1.9168034888230838]
2019-07-10 06:44:21 INFO     Batch: [260/938] Epoch: [0] Loss: [1.9156431425576923]
2019-07-10 06:44:22 INFO     Batch: [261/938] Epoch: [0] Loss: [1.9140985981198668]
2019-07-10 06:44:22 INFO     Batch: [262/938] Epoch: [0] Loss: [1.9132252981454247]
2019-07-10 06:44:23 INFO     Batch: [263/938] Epoch: [0] Loss: [1.9126934693618254]
2019-07-10 06:44:24 INFO     Batch: [264/938] Epoch: [0] Loss: [1.9119449880887878]
2019-07-10 06:44:24 INFO     Batch: [265/938] Epoch: [0] Loss: [1.9113024724157233]
2019-07-10 06:44:25 INFO     Batch: [266/938] Epoch: [0] Loss: [1.9112012654208066]
2019-07-10 06:44:26 INFO     Batch: [267/938] Epoch: [0] Loss: [1.9099941160251845]
2019-07-10 06:44:26 INFO     Batch: [268/938] Epoch: [0] Loss: [1.90996039356884]
2019-07-10 06:44:27 INFO     Batch: [269/938] Epoch: [0] Loss: [1.9095014589804191]
2019-07-10 06:44:28 INFO     Batch: [270/938] Epoch: [0] Loss: [1.9082433411995863]
2019-07-10 06:44:29 INFO     Batch: [271/938] Epoch: [0] Loss: [1.9076276246239157]
2019-07-10 06:44:29 INFO     Batch: [272/938] Epoch: [0] Loss: [1.9066687931507935]
2019-07-10 06:44:30 INFO     Batch: [273/938] Epoch: [0] Loss: [1.9060483548763025]
2019-07-10 06:44:31 INFO     Batch: [274/938] Epoch: [0] Loss: [1.9063276854428377]
2019-07-10 06:44:31 INFO     Batch: [275/938] Epoch: [0] Loss: [1.9061778641265372]
2019-07-10 06:44:32 INFO     Batch: [276/938] Epoch: [0] Loss: [1.904935571260831]
2019-07-10 06:44:33 INFO     Batch: [277/938] Epoch: [0] Loss: [1.9034330351747197]
2019-07-10 06:44:34 INFO     Batch: [278/938] Epoch: [0] Loss: [1.9017472506424005]
2019-07-10 06:44:34 INFO     Batch: [279/938] Epoch: [0] Loss: [1.9017866560391017]
2019-07-10 06:44:35 INFO     Batch: [280/938] Epoch: [0] Loss: [1.9007938502097894]
2019-07-10 06:44:36 INFO     Batch: [281/938] Epoch: [0] Loss: [1.9000836471293836]
2019-07-10 06:44:36 INFO     Batch: [282/938] Epoch: [0] Loss: [1.8993606352553352]
2019-07-10 06:44:37 INFO     Batch: [283/938] Epoch: [0] Loss: [1.8986504879635824]
2019-07-10 06:44:38 INFO     Batch: [284/938] Epoch: [0] Loss: [1.8975823900155855]
2019-07-10 06:44:39 INFO     Batch: [285/938] Epoch: [0] Loss: [1.8968194164596237]
2019-07-10 06:44:39 INFO     Batch: [286/938] Epoch: [0] Loss: [1.8965093865211833]
2019-07-10 06:44:40 INFO     Batch: [287/938] Epoch: [0] Loss: [1.8958625656863053]
2019-07-10 06:44:41 INFO     Batch: [288/938] Epoch: [0] Loss: [1.8953872560217306]
2019-07-10 06:44:41 INFO     Batch: [289/938] Epoch: [0] Loss: [1.8937677354648195]
2019-07-10 06:44:42 INFO     Batch: [290/938] Epoch: [0] Loss: [1.893532844343546]
2019-07-10 06:44:43 INFO     Batch: [291/938] Epoch: [0] Loss: [1.8925900267411584]
2019-07-10 06:44:43 INFO     Batch: [292/938] Epoch: [0] Loss: [1.8926815762861597]
2019-07-10 06:44:44 INFO     Batch: [293/938] Epoch: [0] Loss: [1.8916654542189877]
2019-07-10 06:44:45 INFO     Batch: [294/938] Epoch: [0] Loss: [1.89082675303443]
2019-07-10 06:44:46 INFO     Batch: [295/938] Epoch: [0] Loss: [1.8905704553062852]
2019-07-10 06:44:46 INFO     Batch: [296/938] Epoch: [0] Loss: [1.8901494893963489]
2019-07-10 06:44:47 INFO     Batch: [297/938] Epoch: [0] Loss: [1.8893747205702252]
2019-07-10 06:44:48 INFO     Batch: [298/938] Epoch: [0] Loss: [1.8883367509746232]
2019-07-10 06:44:48 INFO     Batch: [299/938] Epoch: [0] Loss: [1.887955545981725]
2019-07-10 06:44:49 INFO     Batch: [300/938] Epoch: [0] Loss: [1.8870127371379308]
2019-07-10 06:44:50 INFO     Batch: [301/938] Epoch: [0] Loss: [1.8858962730066666]
2019-07-10 06:44:51 INFO     Batch: [302/938] Epoch: [0] Loss: [1.8850565810408135]
2019-07-10 06:44:51 INFO     Batch: [303/938] Epoch: [0] Loss: [1.884371668100357]
2019-07-10 06:44:52 INFO     Batch: [304/938] Epoch: [0] Loss: [1.8837158797217197]
2019-07-10 06:44:53 INFO     Batch: [305/938] Epoch: [0] Loss: [1.8830835133596184]
2019-07-10 06:44:53 INFO     Batch: [306/938] Epoch: [0] Loss: [1.8823550725992806]
2019-07-10 06:44:54 INFO     Batch: [307/938] Epoch: [0] Loss: [1.881638522271986]
2019-07-10 06:44:55 INFO     Batch: [308/938] Epoch: [0] Loss: [1.8810416402168644]
2019-07-10 06:44:56 INFO     Batch: [309/938] Epoch: [0] Loss: [1.880056381225586]
2019-07-10 06:44:56 INFO     Batch: [310/938] Epoch: [0] Loss: [1.8793126858315667]
2019-07-10 06:44:57 INFO     Batch: [311/938] Epoch: [0] Loss: [1.8782917314615004]
2019-07-10 06:44:58 INFO     Batch: [312/938] Epoch: [0] Loss: [1.8773284704921345]
2019-07-10 06:44:58 INFO     Batch: [313/938] Epoch: [0] Loss: [1.877159754182123]
2019-07-10 06:44:59 INFO     Batch: [314/938] Epoch: [0] Loss: [1.8762973781615968]
2019-07-10 06:45:00 INFO     Batch: [315/938] Epoch: [0] Loss: [1.8756336656552326]
2019-07-10 06:45:00 INFO     Batch: [316/938] Epoch: [0] Loss: [1.874636082243092]
2019-07-10 06:45:01 INFO     Batch: [317/938] Epoch: [0] Loss: [1.8740786602662045]
2019-07-10 06:45:02 INFO     Batch: [318/938] Epoch: [0] Loss: [1.8730052500309242]
2019-07-10 06:45:03 INFO     Batch: [319/938] Epoch: [0] Loss: [1.872324999421835]
2019-07-10 06:45:03 INFO     Batch: [320/938] Epoch: [0] Loss: [1.871904921308856]
2019-07-10 06:45:04 INFO     Batch: [321/938] Epoch: [0] Loss: [1.8710900404438469]
2019-07-10 06:45:05 INFO     Batch: [322/938] Epoch: [0] Loss: [1.8705771345841258]
2019-07-10 06:45:05 INFO     Batch: [323/938] Epoch: [0] Loss: [1.8694088852699893]
2019-07-10 06:45:06 INFO     Batch: [324/938] Epoch: [0] Loss: [1.8689816537270179]
2019-07-10 06:45:07 INFO     Batch: [325/938] Epoch: [0] Loss: [1.8684320888636303]
2019-07-10 06:45:08 INFO     Batch: [326/938] Epoch: [0] Loss: [1.8678706246413952]
2019-07-10 06:45:08 INFO     Batch: [327/938] Epoch: [0] Loss: [1.8674852157511361]
2019-07-10 06:45:09 INFO     Batch: [328/938] Epoch: [0] Loss: [1.8665381695361847]
2019-07-10 06:45:10 INFO     Batch: [329/938] Epoch: [0] Loss: [1.8654805956464826]
2019-07-10 06:45:10 INFO     Batch: [330/938] Epoch: [0] Loss: [1.8645649003118188]
2019-07-10 06:45:11 INFO     Batch: [331/938] Epoch: [0] Loss: [1.864257476415979]
2019-07-10 06:45:12 INFO     Batch: [332/938] Epoch: [0] Loss: [1.8632708118484542]
2019-07-10 06:45:12 INFO     Batch: [333/938] Epoch: [0] Loss: [1.8628712203688251]
2019-07-10 06:45:13 INFO     Batch: [334/938] Epoch: [0] Loss: [1.8626434589499858]
2019-07-10 06:45:14 INFO     Batch: [335/938] Epoch: [0] Loss: [1.8619377634355]
2019-07-10 06:45:15 INFO     Batch: [336/938] Epoch: [0] Loss: [1.8615549785093313]
2019-07-10 06:45:15 INFO     Batch: [337/938] Epoch: [0] Loss: [1.8610130693080158]
2019-07-10 06:45:16 INFO     Batch: [338/938] Epoch: [0] Loss: [1.8600740422189763]
2019-07-10 06:45:17 INFO     Batch: [339/938] Epoch: [0] Loss: [1.8597000939004562]
2019-07-10 06:45:17 INFO     Batch: [340/938] Epoch: [0] Loss: [1.8588829837586522]
2019-07-10 06:45:18 INFO     Batch: [341/938] Epoch: [0] Loss: [1.8583970261596099]
2019-07-10 06:45:19 INFO     Batch: [342/938] Epoch: [0] Loss: [1.858107437197738]
2019-07-10 06:45:20 INFO     Batch: [343/938] Epoch: [0] Loss: [1.857236641784047]
2019-07-10 06:45:20 INFO     Batch: [344/938] Epoch: [0] Loss: [1.8564690444780432]
2019-07-10 06:45:21 INFO     Batch: [345/938] Epoch: [0] Loss: [1.8553137534615622]
2019-07-10 06:45:22 INFO     Batch: [346/938] Epoch: [0] Loss: [1.8541857182807813]
2019-07-10 06:45:22 INFO     Batch: [347/938] Epoch: [0] Loss: [1.853739552456757]
2019-07-10 06:45:23 INFO     Batch: [348/938] Epoch: [0] Loss: [1.8530310996965556]
2019-07-10 06:45:24 INFO     Batch: [349/938] Epoch: [0] Loss: [1.852666335105896]
2019-07-10 06:45:24 INFO     Batch: [350/938] Epoch: [0] Loss: [1.8523233157617074]
2019-07-10 06:45:25 INFO     Batch: [351/938] Epoch: [0] Loss: [1.8516662154685368]
2019-07-10 06:45:26 INFO     Batch: [352/938] Epoch: [0] Loss: [1.851083908810494]
2019-07-10 06:45:27 INFO     Batch: [353/938] Epoch: [0] Loss: [1.8499338195822332]
2019-07-10 06:45:27 INFO     Batch: [354/938] Epoch: [0] Loss: [1.8490316817458248]
2019-07-10 06:45:28 INFO     Batch: [355/938] Epoch: [0] Loss: [1.8480665924843778]
2019-07-10 06:45:29 INFO     Batch: [356/938] Epoch: [0] Loss: [1.8469815033824504]
2019-07-10 06:45:29 INFO     Batch: [357/938] Epoch: [0] Loss: [1.8461097605401577]
2019-07-10 06:45:30 INFO     Batch: [358/938] Epoch: [0] Loss: [1.8450646045148207]
2019-07-10 06:45:31 INFO     Batch: [359/938] Epoch: [0] Loss: [1.844644072983]
2019-07-10 06:45:32 INFO     Batch: [360/938] Epoch: [0] Loss: [1.8436604992504595]
2019-07-10 06:45:32 INFO     Batch: [361/938] Epoch: [0] Loss: [1.842788846123943]
2019-07-10 06:45:33 INFO     Batch: [362/938] Epoch: [0] Loss: [1.8417380131965826]
2019-07-10 06:45:34 INFO     Batch: [363/938] Epoch: [0] Loss: [1.8404316479688163]
2019-07-10 06:45:34 INFO     Batch: [364/938] Epoch: [0] Loss: [1.8397728962441013]
2019-07-10 06:45:35 INFO     Batch: [365/938] Epoch: [0] Loss: [1.8386375552318135]
2019-07-10 06:45:36 INFO     Batch: [366/938] Epoch: [0] Loss: [1.8379256267313737]
2019-07-10 06:45:37 INFO     Batch: [367/938] Epoch: [0] Loss: [1.837139722769675]
2019-07-10 06:45:37 INFO     Batch: [368/938] Epoch: [0] Loss: [1.8368275217247527]
2019-07-10 06:45:38 INFO     Batch: [369/938] Epoch: [0] Loss: [1.8363474871661212]
2019-07-10 06:45:39 INFO     Batch: [370/938] Epoch: [0] Loss: [1.8353980602922466]
2019-07-10 06:45:39 INFO     Batch: [371/938] Epoch: [0] Loss: [1.834758734510791]
2019-07-10 06:45:40 INFO     Batch: [372/938] Epoch: [0] Loss: [1.8342181239626683]
2019-07-10 06:45:41 INFO     Batch: [373/938] Epoch: [0] Loss: [1.8332071559314422]
2019-07-10 06:45:41 INFO     Batch: [374/938] Epoch: [0] Loss: [1.8327169516881308]
2019-07-10 06:45:42 INFO     Batch: [375/938] Epoch: [0] Loss: [1.832406055737049]
2019-07-10 06:45:43 INFO     Batch: [376/938] Epoch: [0] Loss: [1.8319604251365762]
2019-07-10 06:45:44 INFO     Batch: [377/938] Epoch: [0] Loss: [1.8313698459554602]
2019-07-10 06:45:44 INFO     Batch: [378/938] Epoch: [0] Loss: [1.8306965318392951]
2019-07-10 06:45:45 INFO     Batch: [379/938] Epoch: [0] Loss: [1.8301039952980844]
2019-07-10 06:45:46 INFO     Batch: [380/938] Epoch: [0] Loss: [1.8297109935540228]
2019-07-10 06:45:46 INFO     Batch: [381/938] Epoch: [0] Loss: [1.8295516175125281]
2019-07-10 06:45:47 INFO     Batch: [382/938] Epoch: [0] Loss: [1.8289862298467452]
2019-07-10 06:45:48 INFO     Batch: [383/938] Epoch: [0] Loss: [1.828282181173563]
2019-07-10 06:45:49 INFO     Batch: [384/938] Epoch: [0] Loss: [1.827604417367415]
2019-07-10 06:45:49 INFO     Batch: [385/938] Epoch: [0] Loss: [1.8268199535231515]
2019-07-10 06:45:50 INFO     Batch: [386/938] Epoch: [0] Loss: [1.8262308681966106]
2019-07-10 06:45:51 INFO     Batch: [387/938] Epoch: [0] Loss: [1.8260949868516825]
2019-07-10 06:45:51 INFO     Batch: [388/938] Epoch: [0] Loss: [1.8253975165840286]
2019-07-10 06:45:52 INFO     Batch: [389/938] Epoch: [0] Loss: [1.824463864473196]
2019-07-10 06:45:53 INFO     Batch: [390/938] Epoch: [0] Loss: [1.823440370657255]
2019-07-10 06:45:53 INFO     Batch: [391/938] Epoch: [0] Loss: [1.8229531584953775]
2019-07-10 06:45:54 INFO     Batch: [392/938] Epoch: [0] Loss: [1.8223216266729145]
2019-07-10 06:45:55 INFO     Batch: [393/938] Epoch: [0] Loss: [1.8215100855996766]
2019-07-10 06:45:56 INFO     Batch: [394/938] Epoch: [0] Loss: [1.8209136015252223]
2019-07-10 06:45:56 INFO     Batch: [395/938] Epoch: [0] Loss: [1.8201555070852993]
2019-07-10 06:45:57 INFO     Batch: [396/938] Epoch: [0] Loss: [1.8195530236217778]
2019-07-10 06:45:58 INFO     Batch: [397/938] Epoch: [0] Loss: [1.8192657256246212]
2019-07-10 06:45:58 INFO     Batch: [398/938] Epoch: [0] Loss: [1.8186816284829812]
2019-07-10 06:45:59 INFO     Batch: [399/938] Epoch: [0] Loss: [1.818269981443882]
2019-07-10 06:46:00 INFO     Batch: [400/938] Epoch: [0] Loss: [1.817453108226272]
2019-07-10 06:46:01 INFO     Batch: [401/938] Epoch: [0] Loss: [1.8168529064501102]
2019-07-10 06:46:01 INFO     Batch: [402/938] Epoch: [0] Loss: [1.8164473955447857]
2019-07-10 06:46:02 INFO     Batch: [403/938] Epoch: [0] Loss: [1.8158679035040413]
2019-07-10 06:46:03 INFO     Batch: [404/938] Epoch: [0] Loss: [1.8155166537673384]
2019-07-10 06:46:03 INFO     Batch: [405/938] Epoch: [0] Loss: [1.814546779458746]
2019-07-10 06:46:04 INFO     Batch: [406/938] Epoch: [0] Loss: [1.813702138108762]
2019-07-10 06:46:05 INFO     Batch: [407/938] Epoch: [0] Loss: [1.8129875347310422]
2019-07-10 06:46:06 INFO     Batch: [408/938] Epoch: [0] Loss: [1.8122168307199455]
2019-07-10 06:46:06 INFO     Batch: [409/938] Epoch: [0] Loss: [1.8112556649417413]
2019-07-10 06:46:07 INFO     Batch: [410/938] Epoch: [0] Loss: [1.8106752926995864]
2019-07-10 06:46:08 INFO     Batch: [411/938] Epoch: [0] Loss: [1.8104533356370278]
2019-07-10 06:46:08 INFO     Batch: [412/938] Epoch: [0] Loss: [1.8099933978143097]
2019-07-10 06:46:09 INFO     Batch: [413/938] Epoch: [0] Loss: [1.8089621605504538]
2019-07-10 06:46:10 INFO     Batch: [414/938] Epoch: [0] Loss: [1.808147789484047]
2019-07-10 06:46:10 INFO     Batch: [415/938] Epoch: [0] Loss: [1.8079944820358202]
2019-07-10 06:46:11 INFO     Batch: [416/938] Epoch: [0] Loss: [1.8070441395830479]
2019-07-10 06:46:12 INFO     Batch: [417/938] Epoch: [0] Loss: [1.8063796630316373]
2019-07-10 06:46:13 INFO     Batch: [418/938] Epoch: [0] Loss: [1.805748289695503]
2019-07-10 06:46:13 INFO     Batch: [419/938] Epoch: [0] Loss: [1.8047990231286912]
2019-07-10 06:46:14 INFO     Batch: [420/938] Epoch: [0] Loss: [1.804007193821343]
2019-07-10 06:46:15 INFO     Batch: [421/938] Epoch: [0] Loss: [1.8037014281580233]
2019-07-10 06:46:15 INFO     Batch: [422/938] Epoch: [0] Loss: [1.8027077014282804]
2019-07-10 06:46:16 INFO     Batch: [423/938] Epoch: [0] Loss: [1.801910420633712]
2019-07-10 06:46:17 INFO     Batch: [424/938] Epoch: [0] Loss: [1.8011814608293422]
2019-07-10 06:46:18 INFO     Batch: [425/938] Epoch: [0] Loss: [1.800462784341803]
2019-07-10 06:46:18 INFO     Batch: [426/938] Epoch: [0] Loss: [1.7997645248573892]
2019-07-10 06:46:19 INFO     Batch: [427/938] Epoch: [0] Loss: [1.7991254758612019]
2019-07-10 06:46:20 INFO     Batch: [428/938] Epoch: [0] Loss: [1.7984399020255029]
2019-07-10 06:46:20 INFO     Batch: [429/938] Epoch: [0] Loss: [1.7975207223448642]
2019-07-10 06:46:21 INFO     Batch: [430/938] Epoch: [0] Loss: [1.797343834923481]
2019-07-10 06:46:22 INFO     Batch: [431/938] Epoch: [0] Loss: [1.796769392711145]
2019-07-10 06:46:22 INFO     Batch: [432/938] Epoch: [0] Loss: [1.7958953895414673]
2019-07-10 06:46:23 INFO     Batch: [433/938] Epoch: [0] Loss: [1.795453941492441]
2019-07-10 06:46:24 INFO     Batch: [434/938] Epoch: [0] Loss: [1.794814473185046]
2019-07-10 06:46:25 INFO     Batch: [435/938] Epoch: [0] Loss: [1.7942780278144626]
2019-07-10 06:46:25 INFO     Batch: [436/938] Epoch: [0] Loss: [1.7935972069166346]
2019-07-10 06:46:26 INFO     Batch: [437/938] Epoch: [0] Loss: [1.79354016666543]
2019-07-10 06:46:27 INFO     Batch: [438/938] Epoch: [0] Loss: [1.792789884471676]
2019-07-10 06:46:27 INFO     Batch: [439/938] Epoch: [0] Loss: [1.7924152106046676]
2019-07-10 06:46:28 INFO     Batch: [440/938] Epoch: [0] Loss: [1.7921930383933105]
2019-07-10 06:46:29 INFO     Batch: [441/938] Epoch: [0] Loss: [1.7917472186131715]
2019-07-10 06:46:30 INFO     Batch: [442/938] Epoch: [0] Loss: [1.7910301513112157]
2019-07-10 06:46:30 INFO     Batch: [443/938] Epoch: [0] Loss: [1.7903910980031297]
2019-07-10 06:46:31 INFO     Batch: [444/938] Epoch: [0] Loss: [1.7893229645289732]
2019-07-10 06:46:32 INFO     Batch: [445/938] Epoch: [0] Loss: [1.7886148239465038]
2019-07-10 06:46:32 INFO     Batch: [446/938] Epoch: [0] Loss: [1.788167108892061]
2019-07-10 06:46:33 INFO     Batch: [447/938] Epoch: [0] Loss: [1.7872966190001793]
2019-07-10 06:46:34 INFO     Batch: [448/938] Epoch: [0] Loss: [1.78646171703636]
2019-07-10 06:46:35 INFO     Batch: [449/938] Epoch: [0] Loss: [1.7860522243711683]
2019-07-10 06:46:35 INFO     Batch: [450/938] Epoch: [0] Loss: [1.7852889056216323]
2019-07-10 06:46:36 INFO     Batch: [451/938] Epoch: [0] Loss: [1.7844483098097608]
2019-07-10 06:46:37 INFO     Batch: [452/938] Epoch: [0] Loss: [1.7838515466938483]
2019-07-10 06:46:37 INFO     Batch: [453/938] Epoch: [0] Loss: [1.783300073136317]
2019-07-10 06:46:38 INFO     Batch: [454/938] Epoch: [0] Loss: [1.782747612942706]
2019-07-10 06:46:39 INFO     Batch: [455/938] Epoch: [0] Loss: [1.7823749683928072]
2019-07-10 06:46:39 INFO     Batch: [456/938] Epoch: [0] Loss: [1.7822352029562518]
2019-07-10 06:46:40 INFO     Batch: [457/938] Epoch: [0] Loss: [1.7815193804590983]
2019-07-10 06:46:41 INFO     Batch: [458/938] Epoch: [0] Loss: [1.7812277005908277]
2019-07-10 06:46:42 INFO     Batch: [459/938] Epoch: [0] Loss: [1.780661034843196]
2019-07-10 06:46:42 INFO     Batch: [460/938] Epoch: [0] Loss: [1.780100229246756]
2019-07-10 06:46:43 INFO     Batch: [461/938] Epoch: [0] Loss: [1.7791309013511196]
2019-07-10 06:46:44 INFO     Batch: [462/938] Epoch: [0] Loss: [1.7781432037992044]
2019-07-10 06:46:44 INFO     Batch: [463/938] Epoch: [0] Loss: [1.7774727611706174]
2019-07-10 06:46:45 INFO     Batch: [464/938] Epoch: [0] Loss: [1.7765669053600681]
2019-07-10 06:46:46 INFO     Batch: [465/938] Epoch: [0] Loss: [1.7758917076904885]
2019-07-10 06:46:47 INFO     Batch: [466/938] Epoch: [0] Loss: [1.7755080887796537]
2019-07-10 06:46:47 INFO     Batch: [467/938] Epoch: [0] Loss: [1.7749669225806863]
2019-07-10 06:46:48 INFO     Batch: [468/938] Epoch: [0] Loss: [1.7742624364173742]
2019-07-10 06:46:49 INFO     Batch: [469/938] Epoch: [0] Loss: [1.7737414385410066]
2019-07-10 06:46:49 INFO     Batch: [470/938] Epoch: [0] Loss: [1.772997568367393]
2019-07-10 06:46:50 INFO     Batch: [471/938] Epoch: [0] Loss: [1.7729621809923042]
2019-07-10 06:46:51 INFO     Batch: [472/938] Epoch: [0] Loss: [1.7724226161239012]
2019-07-10 06:46:51 INFO     Batch: [473/938] Epoch: [0] Loss: [1.77181596368677]
2019-07-10 06:46:52 INFO     Batch: [474/938] Epoch: [0] Loss: [1.77141693391298]
2019-07-10 06:46:53 INFO     Batch: [475/938] Epoch: [0] Loss: [1.770801279725147]
2019-07-10 06:46:54 INFO     Batch: [476/938] Epoch: [0] Loss: [1.7699826958294436]
2019-07-10 06:46:54 INFO     Batch: [477/938] Epoch: [0] Loss: [1.7693619214341232]
2019-07-10 06:46:55 INFO     Batch: [478/938] Epoch: [0] Loss: [1.7688369638984536]
2019-07-10 06:46:56 INFO     Batch: [479/938] Epoch: [0] Loss: [1.7684324085712433]
2019-07-10 06:46:56 INFO     Batch: [480/938] Epoch: [0] Loss: [1.7680162887811166]
2019-07-10 06:46:57 INFO     Batch: [481/938] Epoch: [0] Loss: [1.7670185917145977]
2019-07-10 06:46:58 INFO     Batch: [482/938] Epoch: [0] Loss: [1.7668157502484372]
2019-07-10 06:46:59 INFO     Batch: [483/938] Epoch: [0] Loss: [1.7664395435289904]
2019-07-10 06:46:59 INFO     Batch: [484/938] Epoch: [0] Loss: [1.7663628910005706]
2019-07-10 06:47:00 INFO     Batch: [485/938] Epoch: [0] Loss: [1.7656828415246657]
2019-07-10 06:47:01 INFO     Batch: [486/938] Epoch: [0] Loss: [1.7650230770483155]
2019-07-10 06:47:01 INFO     Batch: [487/938] Epoch: [0] Loss: [1.764400481200609]
2019-07-10 06:47:02 INFO     Batch: [488/938] Epoch: [0] Loss: [1.763898154465455]
2019-07-10 06:47:03 INFO     Batch: [489/938] Epoch: [0] Loss: [1.7635578335547935]
2019-07-10 06:47:03 INFO     Batch: [490/938] Epoch: [0] Loss: [1.7630126284484708]
2019-07-10 06:47:04 INFO     Batch: [491/938] Epoch: [0] Loss: [1.762619540216477]
2019-07-10 06:47:05 INFO     Batch: [492/938] Epoch: [0] Loss: [1.7624609376063938]
2019-07-10 06:47:06 INFO     Batch: [493/938] Epoch: [0] Loss: [1.7617206773777239]
2019-07-10 06:47:06 INFO     Batch: [494/938] Epoch: [0] Loss: [1.7615230683124428]
2019-07-10 06:47:07 INFO     Batch: [495/938] Epoch: [0] Loss: [1.7614807195721134]
2019-07-10 06:47:08 INFO     Batch: [496/938] Epoch: [0] Loss: [1.7610231443669955]
2019-07-10 06:47:08 INFO     Batch: [497/938] Epoch: [0] Loss: [1.7602697910075207]
2019-07-10 06:47:09 INFO     Batch: [498/938] Epoch: [0] Loss: [1.7595629297898623]
2019-07-10 06:47:10 INFO     Batch: [499/938] Epoch: [0] Loss: [1.7587609181404114]
2019-07-10 06:47:11 INFO     Batch: [500/938] Epoch: [0] Loss: [1.7590988201057602]
2019-07-10 06:47:11 INFO     Batch: [501/938] Epoch: [0] Loss: [1.7586371421339027]
2019-07-10 06:47:12 INFO     Batch: [502/938] Epoch: [0] Loss: [1.7577019327914503]
2019-07-10 06:47:13 INFO     Batch: [503/938] Epoch: [0] Loss: [1.7576613681656974]
2019-07-10 06:47:13 INFO     Batch: [504/938] Epoch: [0] Loss: [1.7572773602929446]
2019-07-10 06:47:14 INFO     Batch: [505/938] Epoch: [0] Loss: [1.7567409543180654]
2019-07-10 06:47:15 INFO     Batch: [506/938] Epoch: [0] Loss: [1.7563339725753966]
2019-07-10 06:47:16 INFO     Batch: [507/938] Epoch: [0] Loss: [1.7555472508190184]
2019-07-10 06:47:16 INFO     Batch: [508/938] Epoch: [0] Loss: [1.7552640698045083]
2019-07-10 06:47:17 INFO     Batch: [509/938] Epoch: [0] Loss: [1.754418200605056]
2019-07-10 06:47:18 INFO     Batch: [510/938] Epoch: [0] Loss: [1.7537342687875557]
2019-07-10 06:47:18 INFO     Batch: [511/938] Epoch: [0] Loss: [1.7530561536550522]
2019-07-10 06:47:19 INFO     Batch: [512/938] Epoch: [0] Loss: [1.7526154878311455]
2019-07-10 06:47:20 INFO     Batch: [513/938] Epoch: [0] Loss: [1.7521354876139748]
2019-07-10 06:47:20 INFO     Batch: [514/938] Epoch: [0] Loss: [1.7514457015157903]
2019-07-10 06:47:21 INFO     Batch: [515/938] Epoch: [0] Loss: [1.7508695904136629]
2019-07-10 06:47:22 INFO     Batch: [516/938] Epoch: [0] Loss: [1.7504434232785577]
2019-07-10 06:47:23 INFO     Batch: [517/938] Epoch: [0] Loss: [1.750035712387571]
2019-07-10 06:47:23 INFO     Batch: [518/938] Epoch: [0] Loss: [1.7494544723360066]
2019-07-10 06:47:24 INFO     Batch: [519/938] Epoch: [0] Loss: [1.7492900841511212]
2019-07-10 06:47:25 INFO     Batch: [520/938] Epoch: [0] Loss: [1.7484961958627097]
2019-07-10 06:47:25 INFO     Batch: [521/938] Epoch: [0] Loss: [1.7476585457151421]
2019-07-10 06:47:26 INFO     Batch: [522/938] Epoch: [0] Loss: [1.747409183482139]
2019-07-10 06:47:27 INFO     Batch: [523/938] Epoch: [0] Loss: [1.7467910843041108]
2019-07-10 06:47:28 INFO     Batch: [524/938] Epoch: [0] Loss: [1.7463735008239747]
2019-07-10 06:47:28 INFO     Batch: [525/938] Epoch: [0] Loss: [1.7465714300086743]
2019-07-10 06:47:29 INFO     Batch: [526/938] Epoch: [0] Loss: [1.746446992685944]
2019-07-10 06:47:30 INFO     Batch: [527/938] Epoch: [0] Loss: [1.7463242754791721]
2019-07-10 06:47:30 INFO     Batch: [528/938] Epoch: [0] Loss: [1.7458525488191832]
2019-07-10 06:47:31 INFO     Batch: [529/938] Epoch: [0] Loss: [1.7455963161756407]
2019-07-10 06:47:32 INFO     Batch: [530/938] Epoch: [0] Loss: [1.745088766972673]
2019-07-10 06:47:33 INFO     Batch: [531/938] Epoch: [0] Loss: [1.744058648894604]
2019-07-10 06:47:33 INFO     Batch: [532/938] Epoch: [0] Loss: [1.7433851876804574]
2019-07-10 06:47:34 INFO     Batch: [533/938] Epoch: [0] Loss: [1.742618944091297]
2019-07-10 06:47:35 INFO     Batch: [534/938] Epoch: [0] Loss: [1.7421323929991677]
2019-07-10 06:47:35 INFO     Batch: [535/938] Epoch: [0] Loss: [1.7418076780749792]
2019-07-10 06:47:36 INFO     Batch: [536/938] Epoch: [0] Loss: [1.741242057340327]
2019-07-10 06:47:37 INFO     Batch: [537/938] Epoch: [0] Loss: [1.7410240625360198]
2019-07-10 06:47:37 INFO     Batch: [538/938] Epoch: [0] Loss: [1.740424868348357]
2019-07-10 06:47:38 INFO     Batch: [539/938] Epoch: [0] Loss: [1.7399382604493034]
2019-07-10 06:47:39 INFO     Batch: [540/938] Epoch: [0] Loss: [1.7390930086319196]
2019-07-10 06:47:40 INFO     Batch: [541/938] Epoch: [0] Loss: [1.73842247099894]
2019-07-10 06:47:40 INFO     Batch: [542/938] Epoch: [0] Loss: [1.7375993820843776]
2019-07-10 06:47:41 INFO     Batch: [543/938] Epoch: [0] Loss: [1.7373017749803907]
2019-07-10 06:47:42 INFO     Batch: [544/938] Epoch: [0] Loss: [1.736345812158847]
2019-07-10 06:47:42 INFO     Batch: [545/938] Epoch: [0] Loss: [1.7355658141247956]
2019-07-10 06:47:43 INFO     Batch: [546/938] Epoch: [0] Loss: [1.7353129596117427]
2019-07-10 06:47:44 INFO     Batch: [547/938] Epoch: [0] Loss: [1.7352260366408494]
2019-07-10 06:47:45 INFO     Batch: [548/938] Epoch: [0] Loss: [1.734886373327078]
2019-07-10 06:47:45 INFO     Batch: [549/938] Epoch: [0] Loss: [1.7343588642640548]
2019-07-10 06:47:46 INFO     Batch: [550/938] Epoch: [0] Loss: [1.7341349477560248]
2019-07-10 06:47:47 INFO     Batch: [551/938] Epoch: [0] Loss: [1.7337210355461508]
2019-07-10 06:47:47 INFO     Batch: [552/938] Epoch: [0] Loss: [1.7331191055597923]
2019-07-10 06:47:48 INFO     Batch: [553/938] Epoch: [0] Loss: [1.7323969858648114]
2019-07-10 06:47:49 INFO     Batch: [554/938] Epoch: [0] Loss: [1.732147360062814]
2019-07-10 06:47:50 INFO     Batch: [555/938] Epoch: [0] Loss: [1.7314256403943618]
2019-07-10 06:47:50 INFO     Batch: [556/938] Epoch: [0] Loss: [1.7309464898956957]
2019-07-10 06:47:51 INFO     Batch: [557/938] Epoch: [0] Loss: [1.7301628401629814]
2019-07-10 06:47:52 INFO     Batch: [558/938] Epoch: [0] Loss: [1.7296268492137383]
2019-07-10 06:47:52 INFO     Batch: [559/938] Epoch: [0] Loss: [1.729136403117861]
2019-07-10 06:47:53 INFO     Batch: [560/938] Epoch: [0] Loss: [1.7289940845520102]
2019-07-10 06:47:54 INFO     Batch: [561/938] Epoch: [0] Loss: [1.728496947534568]
2019-07-10 06:47:54 INFO     Batch: [562/938] Epoch: [0] Loss: [1.7280795576305628]
2019-07-10 06:47:55 INFO     Batch: [563/938] Epoch: [0] Loss: [1.7276493175655392]
2019-07-10 06:47:56 INFO     Batch: [564/938] Epoch: [0] Loss: [1.7272170210306623]
2019-07-10 06:47:57 INFO     Batch: [565/938] Epoch: [0] Loss: [1.7264593062468216]
2019-07-10 06:47:57 INFO     Batch: [566/938] Epoch: [0] Loss: [1.726201081612333]
2019-07-10 06:47:58 INFO     Batch: [567/938] Epoch: [0] Loss: [1.7256623214819062]
2019-07-10 06:47:59 INFO     Batch: [568/938] Epoch: [0] Loss: [1.7254610235536036]
2019-07-10 06:47:59 INFO     Batch: [569/938] Epoch: [0] Loss: [1.725262184937795]
2019-07-10 06:48:00 INFO     Batch: [570/938] Epoch: [0] Loss: [1.7250171841339137]
2019-07-10 06:48:01 INFO     Batch: [571/938] Epoch: [0] Loss: [1.724308289222784]
2019-07-10 06:48:02 INFO     Batch: [572/938] Epoch: [0] Loss: [1.7235597630029782]
2019-07-10 06:48:02 INFO     Batch: [573/938] Epoch: [0] Loss: [1.7227691571886947]
2019-07-10 06:48:03 INFO     Batch: [574/938] Epoch: [0] Loss: [1.7220965480804444]
2019-07-10 06:48:04 INFO     Batch: [575/938] Epoch: [0] Loss: [1.721783599919743]
2019-07-10 06:48:04 INFO     Batch: [576/938] Epoch: [0] Loss: [1.7213621087875894]
2019-07-10 06:48:05 INFO     Batch: [577/938] Epoch: [0] Loss: [1.7210225619659292]
2019-07-10 06:48:06 INFO     Batch: [578/938] Epoch: [0] Loss: [1.7206474017602793]
2019-07-10 06:48:07 INFO     Batch: [579/938] Epoch: [0] Loss: [1.7203259439303957]
2019-07-10 06:48:07 INFO     Batch: [580/938] Epoch: [0] Loss: [1.7199759083237378]
2019-07-10 06:48:08 INFO     Batch: [581/938] Epoch: [0] Loss: [1.7193016434453197]
2019-07-10 06:48:09 INFO     Batch: [582/938] Epoch: [0] Loss: [1.7186657726049015]
2019-07-10 06:48:09 INFO     Batch: [583/938] Epoch: [0] Loss: [1.7179063638187435]
2019-07-10 06:48:10 INFO     Batch: [584/938] Epoch: [0] Loss: [1.71778816871154]
2019-07-10 06:48:11 INFO     Batch: [585/938] Epoch: [0] Loss: [1.7172614297362319]
2019-07-10 06:48:11 INFO     Batch: [586/938] Epoch: [0] Loss: [1.7171363125870946]
2019-07-10 06:48:12 INFO     Batch: [587/938] Epoch: [0] Loss: [1.716684603569459]
2019-07-10 06:48:13 INFO     Batch: [588/938] Epoch: [0] Loss: [1.7165671562703235]
2019-07-10 06:48:14 INFO     Batch: [589/938] Epoch: [0] Loss: [1.7159083117872982]
2019-07-10 06:48:14 INFO     Batch: [590/938] Epoch: [0] Loss: [1.7154987592584188]
2019-07-10 06:48:15 INFO     Batch: [591/938] Epoch: [0] Loss: [1.7149602112335127]
2019-07-10 06:48:16 INFO     Batch: [592/938] Epoch: [0] Loss: [1.7142855485816428]
2019-07-10 06:48:16 INFO     Batch: [593/938] Epoch: [0] Loss: [1.713793932588815]
2019-07-10 06:48:17 INFO     Batch: [594/938] Epoch: [0] Loss: [1.7137443512427706]
2019-07-10 06:48:18 INFO     Batch: [595/938] Epoch: [0] Loss: [1.713550213999396]
2019-07-10 06:48:19 INFO     Batch: [596/938] Epoch: [0] Loss: [1.7130907236830872]
2019-07-10 06:48:19 INFO     Batch: [597/938] Epoch: [0] Loss: [1.7128245423868746]
2019-07-10 06:48:20 INFO     Batch: [598/938] Epoch: [0] Loss: [1.7127061383752074]
2019-07-10 06:48:21 INFO     Batch: [599/938] Epoch: [0] Loss: [1.712657232284546]
2019-07-10 06:48:21 INFO     Batch: [600/938] Epoch: [0] Loss: [1.7120996247512132]
2019-07-10 06:48:22 INFO     Batch: [601/938] Epoch: [0] Loss: [1.7113585893893954]
2019-07-10 06:48:23 INFO     Batch: [602/938] Epoch: [0] Loss: [1.7109933012160496]
2019-07-10 06:48:24 INFO     Batch: [603/938] Epoch: [0] Loss: [1.7109282119384666]
2019-07-10 06:48:24 INFO     Batch: [604/938] Epoch: [0] Loss: [1.7107546865447494]
2019-07-10 06:48:25 INFO     Batch: [605/938] Epoch: [0] Loss: [1.7103944233935264]
2019-07-10 06:48:26 INFO     Batch: [606/938] Epoch: [0] Loss: [1.7099843184284167]
2019-07-10 06:48:26 INFO     Batch: [607/938] Epoch: [0] Loss: [1.70951416206203]
2019-07-10 06:48:27 INFO     Batch: [608/938] Epoch: [0] Loss: [1.7090338726936303]
2019-07-10 06:48:28 INFO     Batch: [609/938] Epoch: [0] Loss: [1.708587438552106]
2019-07-10 06:48:28 INFO     Batch: [610/938] Epoch: [0] Loss: [1.7079260107343208]
2019-07-10 06:48:29 INFO     Batch: [611/938] Epoch: [0] Loss: [1.7076960755329507]
2019-07-10 06:48:30 INFO     Batch: [612/938] Epoch: [0] Loss: [1.7072326209377893]
2019-07-10 06:48:31 INFO     Batch: [613/938] Epoch: [0] Loss: [1.7068447870617969]
2019-07-10 06:48:31 INFO     Batch: [614/938] Epoch: [0] Loss: [1.7064382322435456]
2019-07-10 06:48:32 INFO     Batch: [615/938] Epoch: [0] Loss: [1.7063275972357044]
2019-07-10 06:48:33 INFO     Batch: [616/938] Epoch: [0] Loss: [1.7060212766332024]
2019-07-10 06:48:33 INFO     Batch: [617/938] Epoch: [0] Loss: [1.7057796396483882]
2019-07-10 06:48:34 INFO     Batch: [618/938] Epoch: [0] Loss: [1.7052564270469406]
2019-07-10 06:48:35 INFO     Batch: [619/938] Epoch: [0] Loss: [1.7049112246882532]
2019-07-10 06:48:36 INFO     Batch: [620/938] Epoch: [0] Loss: [1.7042140609400285]
2019-07-10 06:48:36 INFO     Batch: [621/938] Epoch: [0] Loss: [1.7043282569796325]
2019-07-10 06:48:37 INFO     Batch: [622/938] Epoch: [0] Loss: [1.7035171203016277]
2019-07-10 06:48:38 INFO     Batch: [623/938] Epoch: [0] Loss: [1.7026454151058807]
2019-07-10 06:48:38 INFO     Batch: [624/938] Epoch: [0] Loss: [1.7023574199676514]
2019-07-10 06:48:39 INFO     Batch: [625/938] Epoch: [0] Loss: [1.7019916740469276]
2019-07-10 06:48:40 INFO     Batch: [626/938] Epoch: [0] Loss: [1.7015238209394368]
2019-07-10 06:48:41 INFO     Batch: [627/938] Epoch: [0] Loss: [1.7009319592813017]
2019-07-10 06:48:41 INFO     Batch: [628/938] Epoch: [0] Loss: [1.700381323908395]
2019-07-10 06:48:42 INFO     Batch: [629/938] Epoch: [0] Loss: [1.6997895119682191]
2019-07-10 06:48:43 INFO     Batch: [630/938] Epoch: [0] Loss: [1.699404391925044]
2019-07-10 06:48:43 INFO     Batch: [631/938] Epoch: [0] Loss: [1.6989907639313349]
2019-07-10 06:48:44 INFO     Batch: [632/938] Epoch: [0] Loss: [1.698557063489917]
2019-07-10 06:48:45 INFO     Batch: [633/938] Epoch: [0] Loss: [1.6983448872430844]
2019-07-10 06:48:45 INFO     Batch: [634/938] Epoch: [0] Loss: [1.6977755982106126]
2019-07-10 06:48:46 INFO     Batch: [635/938] Epoch: [0] Loss: [1.6970663702337996]
2019-07-10 06:48:47 INFO     Batch: [636/938] Epoch: [0] Loss: [1.696958505751761]
2019-07-10 06:48:48 INFO     Batch: [637/938] Epoch: [0] Loss: [1.696644166793943]
2019-07-10 06:48:48 INFO     Batch: [638/938] Epoch: [0] Loss: [1.6958961716280296]
2019-07-10 06:48:49 INFO     Batch: [639/938] Epoch: [0] Loss: [1.695800394192338]
2019-07-10 06:48:50 INFO     Batch: [640/938] Epoch: [0] Loss: [1.6952287072138557]
2019-07-10 06:48:50 INFO     Batch: [641/938] Epoch: [0] Loss: [1.6946577225518746]
2019-07-10 06:48:51 INFO     Batch: [642/938] Epoch: [0] Loss: [1.6940849335345658]
2019-07-10 06:48:52 INFO     Batch: [643/938] Epoch: [0] Loss: [1.693703308794069]
2019-07-10 06:48:53 INFO     Batch: [644/938] Epoch: [0] Loss: [1.693427452560543]
2019-07-10 06:48:53 INFO     Batch: [645/938] Epoch: [0] Loss: [1.6931383299753762]
2019-07-10 06:48:54 INFO     Batch: [646/938] Epoch: [0] Loss: [1.6922550483317427]
2019-07-10 06:48:55 INFO     Batch: [647/938] Epoch: [0] Loss: [1.6918138175466915]
2019-07-10 06:48:55 INFO     Batch: [648/938] Epoch: [0] Loss: [1.691247244461659]
2019-07-10 06:48:56 INFO     Batch: [649/938] Epoch: [0] Loss: [1.6908641037574181]
2019-07-10 06:48:57 INFO     Batch: [650/938] Epoch: [0] Loss: [1.6904313769391788]
2019-07-10 06:48:57 INFO     Batch: [651/938] Epoch: [0] Loss: [1.6900478051118324]
2019-07-10 06:48:58 INFO     Batch: [652/938] Epoch: [0] Loss: [1.6898511149799293]
2019-07-10 06:48:59 INFO     Batch: [653/938] Epoch: [0] Loss: [1.6897582342500717]
2019-07-10 06:49:00 INFO     Batch: [654/938] Epoch: [0] Loss: [1.6895233383615509]
2019-07-10 06:49:00 INFO     Batch: [655/938] Epoch: [0] Loss: [1.689289461367014]
2019-07-10 06:49:01 INFO     Batch: [656/938] Epoch: [0] Loss: [1.68870995904757]
2019-07-10 06:49:02 INFO     Batch: [657/938] Epoch: [0] Loss: [1.6882004382762503]
2019-07-10 06:49:02 INFO     Batch: [658/938] Epoch: [0] Loss: [1.688063502673495]
2019-07-10 06:49:03 INFO     Batch: [659/938] Epoch: [0] Loss: [1.6875355790961872]
2019-07-10 06:49:04 INFO     Batch: [660/938] Epoch: [0] Loss: [1.6871462375060873]
2019-07-10 06:49:05 INFO     Batch: [661/938] Epoch: [0] Loss: [1.6866379389229857]
2019-07-10 06:49:05 INFO     Batch: [662/938] Epoch: [0] Loss: [1.6863541488014555]
2019-07-10 06:49:06 INFO     Batch: [663/938] Epoch: [0] Loss: [1.6857103608458874]
2019-07-10 06:49:07 INFO     Batch: [664/938] Epoch: [0] Loss: [1.685130162705156]
2019-07-10 06:49:07 INFO     Batch: [665/938] Epoch: [0] Loss: [1.6846031639669035]
2019-07-10 06:49:08 INFO     Batch: [666/938] Epoch: [0] Loss: [1.6844027760861695]
2019-07-10 06:49:09 INFO     Batch: [667/938] Epoch: [0] Loss: [1.684081116836228]
2019-07-10 06:49:10 INFO     Batch: [668/938] Epoch: [0] Loss: [1.683694925721629]
2019-07-10 06:49:10 INFO     Batch: [669/938] Epoch: [0] Loss: [1.6835985980816741]
2019-07-10 06:49:11 INFO     Batch: [670/938] Epoch: [0] Loss: [1.683155926435786]
2019-07-10 06:49:12 INFO     Batch: [671/938] Epoch: [0] Loss: [1.682644593573752]
2019-07-10 06:49:12 INFO     Batch: [672/938] Epoch: [0] Loss: [1.6822963412768066]
2019-07-10 06:49:13 INFO     Batch: [673/938] Epoch: [0] Loss: [1.6820246218220063]
2019-07-10 06:49:14 INFO     Batch: [674/938] Epoch: [0] Loss: [1.6816402680785567]
2019-07-10 06:49:14 INFO     Batch: [675/938] Epoch: [0] Loss: [1.6814898714511353]
2019-07-10 06:49:15 INFO     Batch: [676/938] Epoch: [0] Loss: [1.6812228256701718]
2019-07-10 06:49:16 INFO     Batch: [677/938] Epoch: [0] Loss: [1.680736764342384]
2019-07-10 06:49:17 INFO     Batch: [678/938] Epoch: [0] Loss: [1.680372895478149]
2019-07-10 06:49:17 INFO     Batch: [679/938] Epoch: [0] Loss: [1.680029355427798]
2019-07-10 06:49:18 INFO     Batch: [680/938] Epoch: [0] Loss: [1.67933556126778]
2019-07-10 06:49:19 INFO     Batch: [681/938] Epoch: [0] Loss: [1.6788219903920754]
2019-07-10 06:49:19 INFO     Batch: [682/938] Epoch: [0] Loss: [1.6783612163663784]
2019-07-10 06:49:20 INFO     Batch: [683/938] Epoch: [0] Loss: [1.677805689343235]
2019-07-10 06:49:21 INFO     Batch: [684/938] Epoch: [0] Loss: [1.6772913205362585]
2019-07-10 06:49:22 INFO     Batch: [685/938] Epoch: [0] Loss: [1.6769515911969777]
2019-07-10 06:49:22 INFO     Batch: [686/938] Epoch: [0] Loss: [1.6764697867189433]
2019-07-10 06:49:23 INFO     Batch: [687/938] Epoch: [0] Loss: [1.676438910843328]
2019-07-10 06:49:24 INFO     Batch: [688/938] Epoch: [0] Loss: [1.6761907358128032]
2019-07-10 06:49:24 INFO     Batch: [689/938] Epoch: [0] Loss: [1.6754171697989755]
2019-07-10 06:49:25 INFO     Batch: [690/938] Epoch: [0] Loss: [1.6750433113744048]
2019-07-10 06:49:26 INFO     Batch: [691/938] Epoch: [0] Loss: [1.6750217386752884]
2019-07-10 06:49:27 INFO     Batch: [692/938] Epoch: [0] Loss: [1.6748270917936492]
2019-07-10 06:49:27 INFO     Batch: [693/938] Epoch: [0] Loss: [1.6744326770477405]
2019-07-10 06:49:28 INFO     Batch: [694/938] Epoch: [0] Loss: [1.6741873111656245]
2019-07-10 06:49:29 INFO     Batch: [695/938] Epoch: [0] Loss: [1.6733872604438629]
2019-07-10 06:49:29 INFO     Batch: [696/938] Epoch: [0] Loss: [1.673025047933012]
2019-07-10 06:49:30 INFO     Batch: [697/938] Epoch: [0] Loss: [1.6727195250612275]
2019-07-10 06:49:31 INFO     Batch: [698/938] Epoch: [0] Loss: [1.6722266406289839]
2019-07-10 06:49:31 INFO     Batch: [699/938] Epoch: [0] Loss: [1.6717979879038674]
2019-07-10 06:49:32 INFO     Batch: [700/938] Epoch: [0] Loss: [1.6714459899148655]
2019-07-10 06:49:33 INFO     Batch: [701/938] Epoch: [0] Loss: [1.6711837146696542]
2019-07-10 06:49:34 INFO     Batch: [702/938] Epoch: [0] Loss: [1.6706972934443445]
2019-07-10 06:49:34 INFO     Batch: [703/938] Epoch: [0] Loss: [1.6702004762535745]
2019-07-10 06:49:35 INFO     Batch: [704/938] Epoch: [0] Loss: [1.6702541473064016]
2019-07-10 06:49:36 INFO     Batch: [705/938] Epoch: [0] Loss: [1.6699137868354408]
2019-07-10 06:49:36 INFO     Batch: [706/938] Epoch: [0] Loss: [1.6696588026920842]
2019-07-10 06:49:37 INFO     Batch: [707/938] Epoch: [0] Loss: [1.6692327533738087]
2019-07-10 06:49:38 INFO     Batch: [708/938] Epoch: [0] Loss: [1.668672981484148]
2019-07-10 06:49:39 INFO     Batch: [709/938] Epoch: [0] Loss: [1.6684032023792537]
2019-07-10 06:49:39 INFO     Batch: [710/938] Epoch: [0] Loss: [1.6680442564262787]
2019-07-10 06:49:40 INFO     Batch: [711/938] Epoch: [0] Loss: [1.6678312427542183]
2019-07-10 06:49:41 INFO     Batch: [712/938] Epoch: [0] Loss: [1.6674725141632272]
2019-07-10 06:49:41 INFO     Batch: [713/938] Epoch: [0] Loss: [1.6672989499001276]
2019-07-10 06:49:42 INFO     Batch: [714/938] Epoch: [0] Loss: [1.6669907709935328]
2019-07-10 06:49:43 INFO     Batch: [715/938] Epoch: [0] Loss: [1.666506322069541]
2019-07-10 06:49:44 INFO     Batch: [716/938] Epoch: [0] Loss: [1.666503024068005]
2019-07-10 06:49:44 INFO     Batch: [717/938] Epoch: [0] Loss: [1.6664923686835096]
2019-07-10 06:49:45 INFO     Batch: [718/938] Epoch: [0] Loss: [1.6661506072204866]
2019-07-10 06:49:46 INFO     Batch: [719/938] Epoch: [0] Loss: [1.6659479250510534]
2019-07-10 06:49:46 INFO     Batch: [720/938] Epoch: [0] Loss: [1.665711405869165]
2019-07-10 06:49:47 INFO     Batch: [721/938] Epoch: [0] Loss: [1.665611223005522]
2019-07-10 06:49:48 INFO     Batch: [722/938] Epoch: [0] Loss: [1.6655902163451473]
2019-07-10 06:49:48 INFO     Batch: [723/938] Epoch: [0] Loss: [1.665648867247513]
2019-07-10 06:49:49 INFO     Batch: [724/938] Epoch: [0] Loss: [1.665796813471564]
2019-07-10 06:49:50 INFO     Batch: [725/938] Epoch: [0] Loss: [1.665323141521002]
2019-07-10 06:49:51 INFO     Batch: [726/938] Epoch: [0] Loss: [1.6651786177161636]
2019-07-10 06:49:51 INFO     Batch: [727/938] Epoch: [0] Loss: [1.6646371410115735]
2019-07-10 06:49:52 INFO     Batch: [728/938] Epoch: [0] Loss: [1.664110514525687]
2019-07-10 06:49:53 INFO     Batch: [729/938] Epoch: [0] Loss: [1.6641435784836338]
2019-07-10 06:49:53 INFO     Batch: [730/938] Epoch: [0] Loss: [1.663847617509427]
2019-07-10 06:49:54 INFO     Batch: [731/938] Epoch: [0] Loss: [1.6639019211784738]
2019-07-10 06:49:55 INFO     Batch: [732/938] Epoch: [0] Loss: [1.6639103791886105]
2019-07-10 06:49:56 INFO     Batch: [733/938] Epoch: [0] Loss: [1.6639815871007435]
2019-07-10 06:49:56 INFO     Batch: [734/938] Epoch: [0] Loss: [1.6636056496172535]
2019-07-10 06:49:57 INFO     Batch: [735/938] Epoch: [0] Loss: [1.6633765047982982]
2019-07-10 06:49:58 INFO     Batch: [736/938] Epoch: [0] Loss: [1.6631543054024271]
2019-07-10 06:49:58 INFO     Batch: [737/938] Epoch: [0] Loss: [1.6628014156165807]
2019-07-10 06:49:59 INFO     Batch: [738/938] Epoch: [0] Loss: [1.662284811068936]
2019-07-10 06:50:00 INFO     Batch: [739/938] Epoch: [0] Loss: [1.6622357395855156]
2019-07-10 06:50:00 INFO     Batch: [740/938] Epoch: [0] Loss: [1.6617866456910828]
2019-07-10 06:50:01 INFO     Batch: [741/938] Epoch: [0] Loss: [1.6615462839764084]
2019-07-10 06:50:02 INFO     Batch: [742/938] Epoch: [0] Loss: [1.6612595890925679]
2019-07-10 06:50:03 INFO     Batch: [743/938] Epoch: [0] Loss: [1.6610806864756409]
2019-07-10 06:50:03 INFO     Batch: [744/938] Epoch: [0] Loss: [1.6608433299416663]
2019-07-10 06:50:04 INFO     Batch: [745/938] Epoch: [0] Loss: [1.6608726828091904]
2019-07-10 06:50:05 INFO     Batch: [746/938] Epoch: [0] Loss: [1.6607102672737766]
2019-07-10 06:50:05 INFO     Batch: [747/938] Epoch: [0] Loss: [1.6602074240936953]
2019-07-10 06:50:06 INFO     Batch: [748/938] Epoch: [0] Loss: [1.6596734651099538]
2019-07-10 06:50:07 INFO     Batch: [749/938] Epoch: [0] Loss: [1.6593133638699848]
2019-07-10 06:50:08 INFO     Batch: [750/938] Epoch: [0] Loss: [1.659080592039898]
2019-07-10 06:50:08 INFO     Batch: [751/938] Epoch: [0] Loss: [1.6587386792327494]
2019-07-10 06:50:09 INFO     Batch: [752/938] Epoch: [0] Loss: [1.6582987818268349]
2019-07-10 06:50:10 INFO     Batch: [753/938] Epoch: [0] Loss: [1.6581329818745822]
2019-07-10 06:50:10 INFO     Batch: [754/938] Epoch: [0] Loss: [1.6577061702084068]
2019-07-10 06:50:11 INFO     Batch: [755/938] Epoch: [0] Loss: [1.6573659151634843]
2019-07-10 06:50:12 INFO     Batch: [756/938] Epoch: [0] Loss: [1.657243817139176]
2019-07-10 06:50:12 INFO     Batch: [757/938] Epoch: [0] Loss: [1.6572414655484122]
2019-07-10 06:50:13 INFO     Batch: [758/938] Epoch: [0] Loss: [1.6569703060333594]
2019-07-10 06:50:14 INFO     Batch: [759/938] Epoch: [0] Loss: [1.6566964452203952]
2019-07-10 06:50:15 INFO     Batch: [760/938] Epoch: [0] Loss: [1.656117017573032]
2019-07-10 06:50:15 INFO     Batch: [761/938] Epoch: [0] Loss: [1.6558127756819638]
2019-07-10 06:50:16 INFO     Batch: [762/938] Epoch: [0] Loss: [1.655644542892826]
2019-07-10 06:50:17 INFO     Batch: [763/938] Epoch: [0] Loss: [1.6556463662866523]
2019-07-10 06:50:17 INFO     Batch: [764/938] Epoch: [0] Loss: [1.6554148689594144]
2019-07-10 06:50:18 INFO     Batch: [765/938] Epoch: [0] Loss: [1.654974228719507]
2019-07-10 06:50:19 INFO     Batch: [766/938] Epoch: [0] Loss: [1.6548085091477733]
2019-07-10 06:50:20 INFO     Batch: [767/938] Epoch: [0] Loss: [1.6546706605392199]
2019-07-10 06:50:20 INFO     Batch: [768/938] Epoch: [0] Loss: [1.6543057992647465]
2019-07-10 06:50:21 INFO     Batch: [769/938] Epoch: [0] Loss: [1.6541717900858297]
2019-07-10 06:50:22 INFO     Batch: [770/938] Epoch: [0] Loss: [1.653855679254742]
2019-07-10 06:50:22 INFO     Batch: [771/938] Epoch: [0] Loss: [1.653715622394196]
2019-07-10 06:50:23 INFO     Batch: [772/938] Epoch: [0] Loss: [1.6531553112674038]
2019-07-10 06:50:24 INFO     Batch: [773/938] Epoch: [0] Loss: [1.6528595307076623]
2019-07-10 06:50:25 INFO     Batch: [774/938] Epoch: [0] Loss: [1.6528926804757886]
2019-07-10 06:50:25 INFO     Batch: [775/938] Epoch: [0] Loss: [1.652413141328035]
2019-07-10 06:50:26 INFO     Batch: [776/938] Epoch: [0] Loss: [1.6521751837687448]
2019-07-10 06:50:27 INFO     Batch: [777/938] Epoch: [0] Loss: [1.6517084259300427]
2019-07-10 06:50:27 INFO     Batch: [778/938] Epoch: [0] Loss: [1.6512115984122162]
2019-07-10 06:50:28 INFO     Batch: [779/938] Epoch: [0] Loss: [1.6505943321264707]
2019-07-10 06:50:29 INFO     Batch: [780/938] Epoch: [0] Loss: [1.6501699041923397]
2019-07-10 06:50:29 INFO     Batch: [781/938] Epoch: [0] Loss: [1.64970103782766]
2019-07-10 06:50:30 INFO     Batch: [782/938] Epoch: [0] Loss: [1.649245513810052]
2019-07-10 06:50:31 INFO     Batch: [783/938] Epoch: [0] Loss: [1.6489384367453808]
2019-07-10 06:50:32 INFO     Batch: [784/938] Epoch: [0] Loss: [1.6485864753176451]
2019-07-10 06:50:32 INFO     Batch: [785/938] Epoch: [0] Loss: [1.6484972895253402]
2019-07-10 06:50:33 INFO     Batch: [786/938] Epoch: [0] Loss: [1.6484377791648293]
2019-07-10 06:50:34 INFO     Batch: [787/938] Epoch: [0] Loss: [1.6479385357520302]
2019-07-10 06:50:34 INFO     Batch: [788/938] Epoch: [0] Loss: [1.6476821834445756]
2019-07-10 06:50:35 INFO     Batch: [789/938] Epoch: [0] Loss: [1.64748928652534]
2019-07-10 06:50:36 INFO     Batch: [790/938] Epoch: [0] Loss: [1.647131645875393]
2019-07-10 06:50:37 INFO     Batch: [791/938] Epoch: [0] Loss: [1.646846129135652]
2019-07-10 06:50:37 INFO     Batch: [792/938] Epoch: [0] Loss: [1.6466996272906078]
2019-07-10 06:50:38 INFO     Batch: [793/938] Epoch: [0] Loss: [1.646351286085787]
2019-07-10 06:50:39 INFO     Batch: [794/938] Epoch: [0] Loss: [1.645839875149277]
2019-07-10 06:50:39 INFO     Batch: [795/938] Epoch: [0] Loss: [1.6458221973486282]
2019-07-10 06:50:40 INFO     Batch: [796/938] Epoch: [0] Loss: [1.6453716950853317]
2019-07-10 06:50:41 INFO     Batch: [797/938] Epoch: [0] Loss: [1.6451690688467862]
2019-07-10 06:50:41 INFO     Batch: [798/938] Epoch: [0] Loss: [1.64473932750234]
2019-07-10 06:50:42 INFO     Batch: [799/938] Epoch: [0] Loss: [1.6442121957242488]
2019-07-10 06:50:43 INFO     Batch: [800/938] Epoch: [0] Loss: [1.643804270825285]
2019-07-10 06:50:44 INFO     Batch: [801/938] Epoch: [0] Loss: [1.6433985190201281]
2019-07-10 06:50:44 INFO     Batch: [802/938] Epoch: [0] Loss: [1.642900857800713]
2019-07-10 06:50:45 INFO     Batch: [803/938] Epoch: [0] Loss: [1.6425741381609618]
2019-07-10 06:50:46 INFO     Batch: [804/938] Epoch: [0] Loss: [1.642323863136102]
2019-07-10 06:50:46 INFO     Batch: [805/938] Epoch: [0] Loss: [1.6423346971163975]
2019-07-10 06:50:47 INFO     Batch: [806/938] Epoch: [0] Loss: [1.6417605834084077]
2019-07-10 06:50:48 INFO     Batch: [807/938] Epoch: [0] Loss: [1.6414772006544736]
2019-07-10 06:50:49 INFO     Batch: [808/938] Epoch: [0] Loss: [1.6410933161253394]
2019-07-10 06:50:49 INFO     Batch: [809/938] Epoch: [0] Loss: [1.6405449940834516]
2019-07-10 06:50:50 INFO     Batch: [810/938] Epoch: [0] Loss: [1.6404321512664437]
2019-07-10 06:50:51 INFO     Batch: [811/938] Epoch: [0] Loss: [1.6400555930114145]
2019-07-10 06:50:51 INFO     Batch: [812/938] Epoch: [0] Loss: [1.6399073102230808]
2019-07-10 06:50:52 INFO     Batch: [813/938] Epoch: [0] Loss: [1.6398490863584476]
2019-07-10 06:50:53 INFO     Batch: [814/938] Epoch: [0] Loss: [1.639986211244314]
2019-07-10 06:50:53 INFO     Batch: [815/938] Epoch: [0] Loss: [1.6396693734853875]
2019-07-10 06:50:54 INFO     Batch: [816/938] Epoch: [0] Loss: [1.6391633617688275]
2019-07-10 06:50:55 INFO     Batch: [817/938] Epoch: [0] Loss: [1.6389726139513963]
2019-07-10 06:50:56 INFO     Batch: [818/938] Epoch: [0] Loss: [1.6388617576405824]
2019-07-10 06:50:56 INFO     Batch: [819/938] Epoch: [0] Loss: [1.6389279721713648]
2019-07-10 06:50:57 INFO     Batch: [820/938] Epoch: [0] Loss: [1.6389678648415495]
2019-07-10 06:50:58 INFO     Batch: [821/938] Epoch: [0] Loss: [1.6386320344433007]
2019-07-10 06:50:58 INFO     Batch: [822/938] Epoch: [0] Loss: [1.6383041249155854]
2019-07-10 06:50:59 INFO     Batch: [823/938] Epoch: [0] Loss: [1.6380042772269943]
2019-07-10 06:51:00 INFO     Batch: [824/938] Epoch: [0] Loss: [1.6381347659139922]
2019-07-10 06:51:01 INFO     Batch: [825/938] Epoch: [0] Loss: [1.6384614662743076]
2019-07-10 06:51:01 INFO     Batch: [826/938] Epoch: [0] Loss: [1.6381271107453388]
2019-07-10 06:51:02 INFO     Batch: [827/938] Epoch: [0] Loss: [1.6378183756473559]
2019-07-10 06:51:03 INFO     Batch: [828/938] Epoch: [0] Loss: [1.6373934015290152]
2019-07-10 06:51:03 INFO     Batch: [829/938] Epoch: [0] Loss: [1.6372318486133253]
2019-07-10 06:51:04 INFO     Batch: [830/938] Epoch: [0] Loss: [1.6369200989370885]
2019-07-10 06:51:05 INFO     Batch: [831/938] Epoch: [0] Loss: [1.636469212002479]
2019-07-10 06:51:06 INFO     Batch: [832/938] Epoch: [0] Loss: [1.6363120856119089]
2019-07-10 06:51:06 INFO     Batch: [833/938] Epoch: [0] Loss: [1.6360600950906603]
2019-07-10 06:51:07 INFO     Batch: [834/938] Epoch: [0] Loss: [1.6357779744142544]
2019-07-10 06:51:08 INFO     Batch: [835/938] Epoch: [0] Loss: [1.635842048808148]
2019-07-10 06:51:08 INFO     Batch: [836/938] Epoch: [0] Loss: [1.6353401051057568]
2019-07-10 06:51:09 INFO     Batch: [837/938] Epoch: [0] Loss: [1.6351806680740775]
2019-07-10 06:51:10 INFO     Batch: [838/938] Epoch: [0] Loss: [1.635134042374994]
2019-07-10 06:51:10 INFO     Batch: [839/938] Epoch: [0] Loss: [1.63509471870604]
2019-07-10 06:51:11 INFO     Batch: [840/938] Epoch: [0] Loss: [1.634839285993406]
2019-07-10 06:51:12 INFO     Batch: [841/938] Epoch: [0] Loss: [1.6347109011403171]
2019-07-10 06:51:13 INFO     Batch: [842/938] Epoch: [0] Loss: [1.6342829754344086]
2019-07-10 06:51:13 INFO     Batch: [843/938] Epoch: [0] Loss: [1.6340152350082218]
2019-07-10 06:51:14 INFO     Batch: [844/938] Epoch: [0] Loss: [1.6338997335828973]
2019-07-10 06:51:15 INFO     Batch: [845/938] Epoch: [0] Loss: [1.633476340883449]
2019-07-10 06:51:15 INFO     Batch: [846/938] Epoch: [0] Loss: [1.6333011370482102]
2019-07-10 06:51:16 INFO     Batch: [847/938] Epoch: [0] Loss: [1.6331516292016461]
2019-07-10 06:51:17 INFO     Batch: [848/938] Epoch: [0] Loss: [1.6327439404769557]
2019-07-10 06:51:18 INFO     Batch: [849/938] Epoch: [0] Loss: [1.63244887380039]
2019-07-10 06:51:18 INFO     Batch: [850/938] Epoch: [0] Loss: [1.6321916825342682]
2019-07-10 06:51:19 INFO     Batch: [851/938] Epoch: [0] Loss: [1.6321385217384554]
2019-07-10 06:51:20 INFO     Batch: [852/938] Epoch: [0] Loss: [1.6321493355079106]
2019-07-10 06:51:20 INFO     Batch: [853/938] Epoch: [0] Loss: [1.6319084055809003]
2019-07-10 06:51:21 INFO     Batch: [854/938] Epoch: [0] Loss: [1.6317444912871422]
2019-07-10 06:51:22 INFO     Batch: [855/938] Epoch: [0] Loss: [1.6315462522417585]
2019-07-10 06:51:22 INFO     Batch: [856/938] Epoch: [0] Loss: [1.6313503077873133]
2019-07-10 06:51:23 INFO     Batch: [857/938] Epoch: [0] Loss: [1.6312258771527341]
2019-07-10 06:51:24 INFO     Batch: [858/938] Epoch: [0] Loss: [1.6307803622779802]
2019-07-10 06:51:25 INFO     Batch: [859/938] Epoch: [0] Loss: [1.6306183591831562]
2019-07-10 06:51:25 INFO     Batch: [860/938] Epoch: [0] Loss: [1.6301243744106935]
2019-07-10 06:51:26 INFO     Batch: [861/938] Epoch: [0] Loss: [1.6297790997266217]
2019-07-10 06:51:27 INFO     Batch: [862/938] Epoch: [0] Loss: [1.6296554520674404]
2019-07-10 06:51:27 INFO     Batch: [863/938] Epoch: [0] Loss: [1.6294631331607148]
2019-07-10 06:51:28 INFO     Batch: [864/938] Epoch: [0] Loss: [1.6293744643988637]
2019-07-10 06:51:29 INFO     Batch: [865/938] Epoch: [0] Loss: [1.6292258695146504]
2019-07-10 06:51:29 INFO     Batch: [866/938] Epoch: [0] Loss: [1.6286888180307038]
2019-07-10 06:51:30 INFO     Batch: [867/938] Epoch: [0] Loss: [1.6286124000626225]
2019-07-10 06:51:31 INFO     Batch: [868/938] Epoch: [0] Loss: [1.628145799949611]
2019-07-10 06:51:32 INFO     Batch: [869/938] Epoch: [0] Loss: [1.6280641466721721]
2019-07-10 06:51:32 INFO     Batch: [870/938] Epoch: [0] Loss: [1.6276227551951885]
2019-07-10 06:51:33 INFO     Batch: [871/938] Epoch: [0] Loss: [1.6274602852009852]
2019-07-10 06:51:34 INFO     Batch: [872/938] Epoch: [0] Loss: [1.6272630352881083]
2019-07-10 06:51:34 INFO     Batch: [873/938] Epoch: [0] Loss: [1.6270744376378965]
2019-07-10 06:51:35 INFO     Batch: [874/938] Epoch: [0] Loss: [1.6271292197363718]
2019-07-10 06:51:36 INFO     Batch: [875/938] Epoch: [0] Loss: [1.6266092085130683]
2019-07-10 06:51:37 INFO     Batch: [876/938] Epoch: [0] Loss: [1.6265988880035678]
2019-07-10 06:51:37 INFO     Batch: [877/938] Epoch: [0] Loss: [1.6263295007458036]
2019-07-10 06:51:38 INFO     Batch: [878/938] Epoch: [0] Loss: [1.6260805953213515]
2019-07-10 06:51:39 INFO     Batch: [879/938] Epoch: [0] Loss: [1.6258220679380677]
2019-07-10 06:51:39 INFO     Batch: [880/938] Epoch: [0] Loss: [1.6255581581903775]
2019-07-10 06:51:40 INFO     Batch: [881/938] Epoch: [0] Loss: [1.6254350169986285]
2019-07-10 06:51:41 INFO     Batch: [882/938] Epoch: [0] Loss: [1.6251124387959257]
2019-07-10 06:51:41 INFO     Batch: [883/938] Epoch: [0] Loss: [1.6248723992664889]
2019-07-10 06:51:42 INFO     Batch: [884/938] Epoch: [0] Loss: [1.6246249050743835]
2019-07-10 06:51:43 INFO     Batch: [885/938] Epoch: [0] Loss: [1.6243994513160758]
2019-07-10 06:51:44 INFO     Batch: [886/938] Epoch: [0] Loss: [1.624122072637014]
2019-07-10 06:51:44 INFO     Batch: [887/938] Epoch: [0] Loss: [1.6236731047565873]
2019-07-10 06:51:45 INFO     Batch: [888/938] Epoch: [0] Loss: [1.623633411791515]
2019-07-10 06:51:46 INFO     Batch: [889/938] Epoch: [0] Loss: [1.6234562198767502]
2019-07-10 06:51:46 INFO     Batch: [890/938] Epoch: [0] Loss: [1.6229982570098038]
2019-07-10 06:51:47 INFO     Batch: [891/938] Epoch: [0] Loss: [1.6227974489398067]
2019-07-10 06:51:48 INFO     Batch: [892/938] Epoch: [0] Loss: [1.6225968953076029]
2019-07-10 06:51:49 INFO     Batch: [893/938] Epoch: [0] Loss: [1.6223529074549408]
2019-07-10 06:51:49 INFO     Batch: [894/938] Epoch: [0] Loss: [1.6220875957158691]
2019-07-10 06:51:50 INFO     Batch: [895/938] Epoch: [0] Loss: [1.6219319828919]
2019-07-10 06:51:51 INFO     Batch: [896/938] Epoch: [0] Loss: [1.621546165866065]
2019-07-10 06:51:51 INFO     Batch: [897/938] Epoch: [0] Loss: [1.62139083680703]
2019-07-10 06:51:52 INFO     Batch: [898/938] Epoch: [0] Loss: [1.6212220819163508]
2019-07-10 06:51:53 INFO     Batch: [899/938] Epoch: [0] Loss: [1.621047816409005]
2019-07-10 06:51:53 INFO     Batch: [900/938] Epoch: [0] Loss: [1.6208338352472218]
2019-07-10 06:51:54 INFO     Batch: [901/938] Epoch: [0] Loss: [1.6205530222133628]
2019-07-10 06:51:55 INFO     Batch: [902/938] Epoch: [0] Loss: [1.62033200514805]
2019-07-10 06:51:56 INFO     Batch: [903/938] Epoch: [0] Loss: [1.6204695122695603]
2019-07-10 06:51:56 INFO     Batch: [904/938] Epoch: [0] Loss: [1.620435310859048]
2019-07-10 06:51:57 INFO     Batch: [905/938] Epoch: [0] Loss: [1.6201002068866956]
2019-07-10 06:51:58 INFO     Batch: [906/938] Epoch: [0] Loss: [1.6199501819883975]
2019-07-10 06:51:58 INFO     Batch: [907/938] Epoch: [0] Loss: [1.6199600621729695]
2019-07-10 06:51:59 INFO     Batch: [908/938] Epoch: [0] Loss: [1.619876215560208]
2019-07-10 06:52:00 INFO     Batch: [909/938] Epoch: [0] Loss: [1.619817226273673]
2019-07-10 06:52:01 INFO     Batch: [910/938] Epoch: [0] Loss: [1.6198021952066934]
2019-07-10 06:52:01 INFO     Batch: [911/938] Epoch: [0] Loss: [1.619489914361845]
2019-07-10 06:52:02 INFO     Batch: [912/938] Epoch: [0] Loss: [1.6192568715535276]
2019-07-10 06:52:03 INFO     Batch: [913/938] Epoch: [0] Loss: [1.6189486979133973]
2019-07-10 06:52:03 INFO     Batch: [914/938] Epoch: [0] Loss: [1.619021700379627]
2019-07-10 06:52:04 INFO     Batch: [915/938] Epoch: [0] Loss: [1.6186989152795883]
2019-07-10 06:52:05 INFO     Batch: [916/938] Epoch: [0] Loss: [1.6185975074768066]
2019-07-10 06:52:05 INFO     Batch: [917/938] Epoch: [0] Loss: [1.618108051015401]
2019-07-10 06:52:06 INFO     Batch: [918/938] Epoch: [0] Loss: [1.617959808732532]
2019-07-10 06:52:07 INFO     Batch: [919/938] Epoch: [0] Loss: [1.6175518139548923]
2019-07-10 06:52:08 INFO     Batch: [920/938] Epoch: [0] Loss: [1.6172598450243407]
2019-07-10 06:52:08 INFO     Batch: [921/938] Epoch: [0] Loss: [1.616878660537157]
2019-07-10 06:52:09 INFO     Batch: [922/938] Epoch: [0] Loss: [1.6169883684373239]
2019-07-10 06:52:10 INFO     Batch: [923/938] Epoch: [0] Loss: [1.6170094361552945]
2019-07-10 06:52:10 INFO     Batch: [924/938] Epoch: [0] Loss: [1.6167077895757314]
2019-07-10 06:52:11 INFO     Batch: [925/938] Epoch: [0] Loss: [1.6164498344610885]
2019-07-10 06:52:12 INFO     Batch: [926/938] Epoch: [0] Loss: [1.6162553189770432]
2019-07-10 06:52:13 INFO     Batch: [927/938] Epoch: [0] Loss: [1.6164118043821434]
2019-07-10 06:52:13 INFO     Batch: [928/938] Epoch: [0] Loss: [1.6160690201881498]
2019-07-10 06:52:14 INFO     Batch: [929/938] Epoch: [0] Loss: [1.6159046271795867]
2019-07-10 06:52:15 INFO     Batch: [930/938] Epoch: [0] Loss: [1.61558475171713]
2019-07-10 06:52:15 INFO     Batch: [931/938] Epoch: [0] Loss: [1.615096746212423]
2019-07-10 06:52:16 INFO     Batch: [932/938] Epoch: [0] Loss: [1.614941781356787]
2019-07-10 06:52:17 INFO     Batch: [933/938] Epoch: [0] Loss: [1.6147548648223633]
2019-07-10 06:52:17 INFO     Batch: [934/938] Epoch: [0] Loss: [1.6145398574716905]
2019-07-10 06:52:18 INFO     Batch: [935/938] Epoch: [0] Loss: [1.6143721194348783]
2019-07-10 06:52:19 INFO     Batch: [936/938] Epoch: [0] Loss: [1.6140404101242505]
2019-07-10 06:52:24 INFO     Batch: [937/938] Epoch: [0] Loss: [1.6135876337602448]
2019-07-10 06:52:24 INFO     ================================ Eval ================================

2019-07-10 06:53:36 INFO     [epoch 0] Accuracy: [0.5206011146496815]
2019-07-10 06:54:46 INFO     [epoch 1] Accuracy: [0.5193073248407644]
2019-07-10 06:55:56 INFO     [epoch 2] Accuracy: [0.5193073248407644]
2019-07-10 06:55:56 INFO     ======================================================================

2019-07-10 06:55:56 INFO     **************** Epoch: [0/300] Accuracy: [0.5206011146496815] ****************

2019-07-10 06:55:56 INFO     ================================ Eval ================================

2019-07-10 06:57:07 INFO     [epoch 0] Accuracy: [0.3796775477707006]
2019-07-10 06:58:17 INFO     [epoch 1] Accuracy: [0.37649283439490444]
2019-07-10 06:59:27 INFO     [epoch 2] Accuracy: [0.3786823248407643]
2019-07-10 06:59:27 INFO     ======================================================================

2019-07-10 06:59:27 INFO     **************** Epoch: [0/300] Accuracy: [0.3796775477707006] ****************

