2019-04-05 13:59:39 INFO     Loading Data
2019-04-05 13:59:39 INFO     Model Setting Up
2019-04-05 13:59:47 INFO     Start Training
2019-04-05 13:59:47 INFO     train_dir: ../mnist/train
2019-04-05 13:59:47 INFO     test_dir: ../mnist/test
2019-04-05 13:59:47 INFO     save_dir: ./save
2019-04-05 13:59:47 INFO     num_epochs: 2000
2019-04-05 13:59:47 INFO     batch_size: 500
2019-04-05 13:59:47 INFO     num_points: 512
2019-04-05 13:59:47 INFO     sigma: 0.05
2019-04-05 13:59:47 INFO     log_interval: 1000
2019-04-05 13:59:47 INFO     save_interval: 50
2019-04-05 13:59:47 INFO     baselr: 5e-05
2019-04-05 13:59:47 INFO     density_radius: 0.35
2019-04-05 13:59:47 INFO     feature_out1: 8
2019-04-05 13:59:47 INFO     feature_out2: 16
2019-04-05 13:59:47 INFO     feature_out3: 32
2019-04-05 13:59:47 INFO     feature_out4: 64
2019-04-05 13:59:47 INFO     num_classes: 10
2019-04-05 13:59:47 INFO     bandwidth_0: 8
2019-04-05 13:59:47 INFO     bandwidth_out1: 8
2019-04-05 13:59:47 INFO     bandwidth_out2: 6
2019-04-05 13:59:47 INFO     bandwidth_out3: 4
2019-04-05 13:59:47 INFO     bandwidth_out4: 2
2019-04-05 13:59:54 INFO     Batch: [0/120] Epoch: [0] Loss: [2.3158178329467773]
2019-04-05 13:59:55 INFO     Accuracy: [0.11727272727272728]

2019-04-05 13:59:55 INFO     Batch: [1/120] Epoch: [0] Loss: [2.315200448036194]
2019-04-05 13:59:55 INFO     Batch: [2/120] Epoch: [0] Loss: [2.3135520617167153]
2019-04-05 13:59:55 INFO     Batch: [3/120] Epoch: [0] Loss: [2.3127965331077576]
2019-04-05 13:59:55 INFO     Batch: [4/120] Epoch: [0] Loss: [2.312167167663574]
2019-04-05 13:59:55 INFO     Batch: [5/120] Epoch: [0] Loss: [2.311994989713033]
2019-04-05 13:59:55 INFO     Batch: [6/120] Epoch: [0] Loss: [2.3116048744746616]
2019-04-05 13:59:55 INFO     Batch: [7/120] Epoch: [0] Loss: [2.311389982700348]
2019-04-05 13:59:56 INFO     Batch: [8/120] Epoch: [0] Loss: [2.3109863334231906]
2019-04-05 13:59:56 INFO     Batch: [9/120] Epoch: [0] Loss: [2.3104134082794188]
2019-04-05 13:59:56 INFO     Batch: [10/120] Epoch: [0] Loss: [2.3101254159753974]
2019-04-05 13:59:56 INFO     Batch: [11/120] Epoch: [0] Loss: [2.3104713757832847]
2019-04-05 13:59:56 INFO     Batch: [12/120] Epoch: [0] Loss: [2.3099129566779504]
2019-04-05 13:59:56 INFO     Batch: [13/120] Epoch: [0] Loss: [2.3095946652548656]
2019-04-05 13:59:56 INFO     Batch: [14/120] Epoch: [0] Loss: [2.309133545557658]
2019-04-05 13:59:56 INFO     Batch: [15/120] Epoch: [0] Loss: [2.3091817647218704]
2019-04-05 13:59:56 INFO     Batch: [16/120] Epoch: [0] Loss: [2.3091751126682056]
2019-04-05 13:59:56 INFO     Batch: [17/120] Epoch: [0] Loss: [2.3091486427519055]
2019-04-05 13:59:56 INFO     Batch: [18/120] Epoch: [0] Loss: [2.309080161546406]
2019-04-05 13:59:56 INFO     Batch: [19/120] Epoch: [0] Loss: [2.30859489440918]
2019-04-05 13:59:56 INFO     Batch: [20/120] Epoch: [0] Loss: [2.3084603945414224]
2019-04-05 13:59:57 INFO     Batch: [21/120] Epoch: [0] Loss: [2.3078571557998657]
2019-04-05 13:59:57 INFO     Batch: [22/120] Epoch: [0] Loss: [2.307672272557798]
2019-04-05 13:59:57 INFO     Batch: [23/120] Epoch: [0] Loss: [2.3071215748786926]
2019-04-05 13:59:57 INFO     Batch: [24/120] Epoch: [0] Loss: [2.307276239395142]
2019-04-05 13:59:57 INFO     Batch: [25/120] Epoch: [0] Loss: [2.3073320297094493]
2019-04-05 13:59:57 INFO     Batch: [26/120] Epoch: [0] Loss: [2.306946145163642]
2019-04-05 13:59:57 INFO     Batch: [27/120] Epoch: [0] Loss: [2.3065845710890636]
2019-04-05 13:59:57 INFO     Batch: [28/120] Epoch: [0] Loss: [2.3064510164589715]
2019-04-05 13:59:57 INFO     Batch: [29/120] Epoch: [0] Loss: [2.3061862786610923]
2019-04-05 13:59:57 INFO     Batch: [30/120] Epoch: [0] Loss: [2.305826033315351]
2019-04-05 13:59:57 INFO     Batch: [31/120] Epoch: [0] Loss: [2.3054939806461334]
2019-04-05 13:59:57 INFO     Batch: [32/120] Epoch: [0] Loss: [2.3050470207676743]
2019-04-05 13:59:57 INFO     Batch: [33/120] Epoch: [0] Loss: [2.304752055336447]
2019-04-05 13:59:58 INFO     Batch: [34/120] Epoch: [0] Loss: [2.3044400215148926]
2019-04-05 13:59:58 INFO     Batch: [35/120] Epoch: [0] Loss: [2.304175833861033]
2019-04-05 13:59:58 INFO     Batch: [36/120] Epoch: [0] Loss: [2.303984629141318]
2019-04-05 13:59:58 INFO     Batch: [37/120] Epoch: [0] Loss: [2.3036346184579948]
2019-04-05 13:59:58 INFO     Batch: [38/120] Epoch: [0] Loss: [2.303169158788828]
2019-04-05 13:59:58 INFO     Batch: [39/120] Epoch: [0] Loss: [2.302983582019806]
2019-04-05 13:59:58 INFO     Batch: [40/120] Epoch: [0] Loss: [2.3029086415360616]
2019-04-05 13:59:58 INFO     Batch: [41/120] Epoch: [0] Loss: [2.30258431888762]
2019-04-05 13:59:58 INFO     Batch: [42/120] Epoch: [0] Loss: [2.3023324456325795]
2019-04-05 13:59:58 INFO     Batch: [43/120] Epoch: [0] Loss: [2.3021568818525835]
2019-04-05 13:59:58 INFO     Batch: [44/120] Epoch: [0] Loss: [2.3019551753997805]
2019-04-05 13:59:58 INFO     Batch: [45/120] Epoch: [0] Loss: [2.3018229370531826]
2019-04-05 13:59:58 INFO     Batch: [46/120] Epoch: [0] Loss: [2.301538934098913]
2019-04-05 13:59:59 INFO     Batch: [47/120] Epoch: [0] Loss: [2.3013073205947876]
2019-04-05 13:59:59 INFO     Batch: [48/120] Epoch: [0] Loss: [2.300933769771031]
2019-04-05 13:59:59 INFO     Batch: [49/120] Epoch: [0] Loss: [2.300817346572876]
2019-04-05 13:59:59 INFO     Batch: [50/120] Epoch: [0] Loss: [2.3005721008076385]
2019-04-05 13:59:59 INFO     Batch: [51/120] Epoch: [0] Loss: [2.3002816988871646]
2019-04-05 13:59:59 INFO     Batch: [52/120] Epoch: [0] Loss: [2.2998894025694647]
2019-04-05 13:59:59 INFO     Batch: [53/120] Epoch: [0] Loss: [2.299667755762736]
2019-04-05 13:59:59 INFO     Batch: [54/120] Epoch: [0] Loss: [2.299335713820024]
2019-04-05 13:59:59 INFO     Batch: [55/120] Epoch: [0] Loss: [2.2990737685135434]
2019-04-05 13:59:59 INFO     Batch: [56/120] Epoch: [0] Loss: [2.2987592429445503]
2019-04-05 13:59:59 INFO     Batch: [57/120] Epoch: [0] Loss: [2.2986308582897843]
2019-04-05 13:59:59 INFO     Batch: [58/120] Epoch: [0] Loss: [2.2983410358428955]
2019-04-05 13:59:59 INFO     Batch: [59/120] Epoch: [0] Loss: [2.2981224497159323]
2019-04-05 14:00:00 INFO     Batch: [60/120] Epoch: [0] Loss: [2.29782491824666]
2019-04-05 14:00:00 INFO     Batch: [61/120] Epoch: [0] Loss: [2.2975104739589076]
2019-04-05 14:00:00 INFO     Batch: [62/120] Epoch: [0] Loss: [2.297273261206491]
2019-04-05 14:00:00 INFO     Batch: [63/120] Epoch: [0] Loss: [2.2971238903701305]
2019-04-05 14:00:00 INFO     Batch: [64/120] Epoch: [0] Loss: [2.2968933472266566]
2019-04-05 14:00:00 INFO     Batch: [65/120] Epoch: [0] Loss: [2.2966573238372803]
2019-04-05 14:00:00 INFO     Batch: [66/120] Epoch: [0] Loss: [2.2964051944106374]
2019-04-05 14:00:00 INFO     Batch: [67/120] Epoch: [0] Loss: [2.2962753351996925]
2019-04-05 14:00:00 INFO     Batch: [68/120] Epoch: [0] Loss: [2.295985297880311]
2019-04-05 14:00:00 INFO     Batch: [69/120] Epoch: [0] Loss: [2.2957279137202673]
2019-04-05 14:00:00 INFO     Batch: [70/120] Epoch: [0] Loss: [2.295438712751362]
2019-04-05 14:00:00 INFO     Batch: [71/120] Epoch: [0] Loss: [2.295257223976983]
2019-04-05 14:00:00 INFO     Batch: [72/120] Epoch: [0] Loss: [2.295001895460364]
2019-04-05 14:00:01 INFO     Batch: [73/120] Epoch: [0] Loss: [2.29478555434459]
2019-04-05 14:00:01 INFO     Batch: [74/120] Epoch: [0] Loss: [2.2945169321695964]
2019-04-05 14:00:01 INFO     Batch: [75/120] Epoch: [0] Loss: [2.2942864141966166]
2019-04-05 14:00:01 INFO     Batch: [76/120] Epoch: [0] Loss: [2.2940390048088966]
2019-04-05 14:00:01 INFO     Batch: [77/120] Epoch: [0] Loss: [2.293837764324286]
2019-04-05 14:00:01 INFO     Batch: [78/120] Epoch: [0] Loss: [2.293641890151591]
2019-04-05 14:00:01 INFO     Batch: [79/120] Epoch: [0] Loss: [2.293418025970459]
2019-04-05 14:00:01 INFO     Batch: [80/120] Epoch: [0] Loss: [2.2932194809854765]
2019-04-05 14:00:01 INFO     Batch: [81/120] Epoch: [0] Loss: [2.29296508358746]
2019-04-05 14:00:01 INFO     Batch: [82/120] Epoch: [0] Loss: [2.2927984559392356]
2019-04-05 14:00:01 INFO     Batch: [83/120] Epoch: [0] Loss: [2.292512453737713]
2019-04-05 14:00:01 INFO     Batch: [84/120] Epoch: [0] Loss: [2.2923057387856876]
2019-04-05 14:00:01 INFO     Batch: [85/120] Epoch: [0] Loss: [2.292045695837154]
2019-04-05 14:00:02 INFO     Batch: [86/120] Epoch: [0] Loss: [2.2918606516958655]
2019-04-05 14:00:02 INFO     Batch: [87/120] Epoch: [0] Loss: [2.2916229448535224]
2019-04-05 14:00:02 INFO     Batch: [88/120] Epoch: [0] Loss: [2.291396213381478]
2019-04-05 14:00:02 INFO     Batch: [89/120] Epoch: [0] Loss: [2.291171505716112]
2019-04-05 14:00:02 INFO     Batch: [90/120] Epoch: [0] Loss: [2.2909561670743503]
2019-04-05 14:00:02 INFO     Batch: [91/120] Epoch: [0] Loss: [2.290687602499257]
2019-04-05 14:00:02 INFO     Batch: [92/120] Epoch: [0] Loss: [2.2904153357269945]
2019-04-05 14:00:02 INFO     Batch: [93/120] Epoch: [0] Loss: [2.2901291289228074]
2019-04-05 14:00:02 INFO     Batch: [94/120] Epoch: [0] Loss: [2.289928795162]
2019-04-05 14:00:02 INFO     Batch: [95/120] Epoch: [0] Loss: [2.289695364733537]
2019-04-05 14:00:02 INFO     Batch: [96/120] Epoch: [0] Loss: [2.289446275258802]
2019-04-05 14:00:02 INFO     Batch: [97/120] Epoch: [0] Loss: [2.289221685759875]
2019-04-05 14:00:02 INFO     Batch: [98/120] Epoch: [0] Loss: [2.289023873781917]
2019-04-05 14:00:03 INFO     Batch: [99/120] Epoch: [0] Loss: [2.288794603347778]
2019-04-05 14:00:03 INFO     Batch: [100/120] Epoch: [0] Loss: [2.2885491257846944]
2019-04-05 14:00:03 INFO     Batch: [101/120] Epoch: [0] Loss: [2.288333455721537]
2019-04-05 14:00:03 INFO     Batch: [102/120] Epoch: [0] Loss: [2.288141447363548]
2019-04-05 14:00:03 INFO     Batch: [103/120] Epoch: [0] Loss: [2.2879216510515947]
2019-04-05 14:00:03 INFO     Batch: [104/120] Epoch: [0] Loss: [2.287674833479382]
2019-04-05 14:00:03 INFO     Batch: [105/120] Epoch: [0] Loss: [2.2875149452461385]
2019-04-05 14:00:03 INFO     Batch: [106/120] Epoch: [0] Loss: [2.287261773492688]
2019-04-05 14:00:03 INFO     Batch: [107/120] Epoch: [0] Loss: [2.2869947067013494]
2019-04-05 14:00:03 INFO     Batch: [108/120] Epoch: [0] Loss: [2.2867810748039035]
2019-04-05 14:00:03 INFO     Batch: [109/120] Epoch: [0] Loss: [2.2866369009017946]
2019-04-05 14:00:03 INFO     Batch: [110/120] Epoch: [0] Loss: [2.2864301827576785]
2019-04-05 14:00:03 INFO     Batch: [111/120] Epoch: [0] Loss: [2.2861810603312085]
2019-04-05 14:00:03 INFO     Batch: [112/120] Epoch: [0] Loss: [2.28592075710803]
2019-04-05 14:00:04 INFO     Batch: [113/120] Epoch: [0] Loss: [2.285674304292913]
2019-04-05 14:00:04 INFO     Batch: [114/120] Epoch: [0] Loss: [2.2854458829630975]
2019-04-05 14:00:04 INFO     Batch: [115/120] Epoch: [0] Loss: [2.2852404960270585]
2019-04-05 14:00:04 INFO     Batch: [116/120] Epoch: [0] Loss: [2.2849972839029427]
2019-04-05 14:00:04 INFO     Batch: [117/120] Epoch: [0] Loss: [2.284807906312458]
2019-04-05 14:00:04 INFO     Batch: [118/120] Epoch: [0] Loss: [2.2846284834276727]
2019-04-05 14:00:04 INFO     Batch: [119/120] Epoch: [0] Loss: [2.284378486871719]
2019-04-05 14:00:05 INFO     Epoch: [0/2000] Loss: [2.284378486871719] Accuracy: [0.18036363636363634]
2019-04-05 14:00:05 INFO     Batch: [0/120] Epoch: [1] Loss: [2.2528843879699707]
2019-04-05 14:00:06 INFO     Accuracy: [0.1869090909090909]

2019-04-05 14:00:06 INFO     Batch: [1/120] Epoch: [1] Loss: [2.2528274059295654]
2019-04-05 14:00:06 INFO     Batch: [2/120] Epoch: [1] Loss: [2.2524467309316]
2019-04-05 14:00:06 INFO     Batch: [3/120] Epoch: [1] Loss: [2.251814603805542]
2019-04-05 14:00:06 INFO     Batch: [4/120] Epoch: [1] Loss: [2.2508696556091308]
2019-04-05 14:00:06 INFO     Batch: [5/120] Epoch: [1] Loss: [2.2510447104771933]
2019-04-05 14:00:06 INFO     Batch: [6/120] Epoch: [1] Loss: [2.2514586448669434]
2019-04-05 14:00:06 INFO     Batch: [7/120] Epoch: [1] Loss: [2.2512748539447784]
2019-04-05 14:00:07 INFO     Batch: [8/120] Epoch: [1] Loss: [2.2515360249413385]
2019-04-05 14:00:07 INFO     Batch: [9/120] Epoch: [1] Loss: [2.2516145944595336]
2019-04-05 14:00:07 INFO     Batch: [10/120] Epoch: [1] Loss: [2.2514923485842617]
2019-04-05 14:00:07 INFO     Batch: [11/120] Epoch: [1] Loss: [2.2514018217722573]
2019-04-05 14:00:07 INFO     Batch: [12/120] Epoch: [1] Loss: [2.2510782938737135]
2019-04-05 14:00:07 INFO     Batch: [13/120] Epoch: [1] Loss: [2.251143148967198]
2019-04-05 14:00:07 INFO     Batch: [14/120] Epoch: [1] Loss: [2.2510414918263755]
2019-04-05 14:00:07 INFO     Batch: [15/120] Epoch: [1] Loss: [2.250860795378685]
2019-04-05 14:00:07 INFO     Batch: [16/120] Epoch: [1] Loss: [2.250945063198314]
2019-04-05 14:00:07 INFO     Batch: [17/120] Epoch: [1] Loss: [2.25077493985494]
2019-04-05 14:00:07 INFO     Batch: [18/120] Epoch: [1] Loss: [2.250774621963501]
2019-04-05 14:00:07 INFO     Batch: [19/120] Epoch: [1] Loss: [2.2500715851783752]
2019-04-05 14:00:07 INFO     Batch: [20/120] Epoch: [1] Loss: [2.2498294853028797]
2019-04-05 14:00:08 INFO     Batch: [21/120] Epoch: [1] Loss: [2.2494914423335683]
2019-04-05 14:00:08 INFO     Batch: [22/120] Epoch: [1] Loss: [2.2492823082467783]
2019-04-05 14:00:08 INFO     Batch: [23/120] Epoch: [1] Loss: [2.24905589222908]
2019-04-05 14:00:08 INFO     Batch: [24/120] Epoch: [1] Loss: [2.248637752532959]
2019-04-05 14:00:08 INFO     Batch: [25/120] Epoch: [1] Loss: [2.2485399888111997]
2019-04-05 14:00:08 INFO     Batch: [26/120] Epoch: [1] Loss: [2.2481721683784768]
2019-04-05 14:00:08 INFO     Batch: [27/120] Epoch: [1] Loss: [2.2478389739990234]
2019-04-05 14:00:08 INFO     Batch: [28/120] Epoch: [1] Loss: [2.247562687972496]
2019-04-05 14:00:08 INFO     Batch: [29/120] Epoch: [1] Loss: [2.2476423501968386]
2019-04-05 14:00:08 INFO     Batch: [30/120] Epoch: [1] Loss: [2.247314537725141]
2019-04-05 14:00:08 INFO     Batch: [31/120] Epoch: [1] Loss: [2.246999256312847]
2019-04-05 14:00:08 INFO     Batch: [32/120] Epoch: [1] Loss: [2.2468867518685083]
2019-04-05 14:00:08 INFO     Batch: [33/120] Epoch: [1] Loss: [2.246676802635193]
2019-04-05 14:00:09 INFO     Batch: [34/120] Epoch: [1] Loss: [2.246515165056501]
2019-04-05 14:00:09 INFO     Batch: [35/120] Epoch: [1] Loss: [2.2461039887534247]
2019-04-05 14:00:09 INFO     Batch: [36/120] Epoch: [1] Loss: [2.2458072675241008]
2019-04-05 14:00:09 INFO     Batch: [37/120] Epoch: [1] Loss: [2.2453887901808085]
2019-04-05 14:00:09 INFO     Batch: [38/120] Epoch: [1] Loss: [2.245037500674908]
2019-04-05 14:00:09 INFO     Batch: [39/120] Epoch: [1] Loss: [2.2449703395366667]
2019-04-05 14:00:09 INFO     Batch: [40/120] Epoch: [1] Loss: [2.24461521171942]
2019-04-05 14:00:09 INFO     Batch: [41/120] Epoch: [1] Loss: [2.244239398411342]
2019-04-05 14:00:09 INFO     Batch: [42/120] Epoch: [1] Loss: [2.243885456129562]
2019-04-05 14:00:09 INFO     Batch: [43/120] Epoch: [1] Loss: [2.2436895803971724]
2019-04-05 14:00:09 INFO     Batch: [44/120] Epoch: [1] Loss: [2.243238756391737]
2019-04-05 14:00:09 INFO     Batch: [45/120] Epoch: [1] Loss: [2.242884687755419]
2019-04-05 14:00:09 INFO     Batch: [46/120] Epoch: [1] Loss: [2.2425009088313326]
2019-04-05 14:00:10 INFO     Batch: [47/120] Epoch: [1] Loss: [2.2422364254792533]
2019-04-05 14:00:10 INFO     Batch: [48/120] Epoch: [1] Loss: [2.24183616832811]
2019-04-05 14:00:10 INFO     Batch: [49/120] Epoch: [1] Loss: [2.24158860206604]
2019-04-05 14:00:10 INFO     Batch: [50/120] Epoch: [1] Loss: [2.241244451672423]
2019-04-05 14:00:10 INFO     Batch: [51/120] Epoch: [1] Loss: [2.240835102704855]
2019-04-05 14:00:10 INFO     Batch: [52/120] Epoch: [1] Loss: [2.240619848359306]
2019-04-05 14:00:10 INFO     Batch: [53/120] Epoch: [1] Loss: [2.2402318716049194]
2019-04-05 14:00:10 INFO     Batch: [54/120] Epoch: [1] Loss: [2.2400811195373533]
2019-04-05 14:00:10 INFO     Batch: [55/120] Epoch: [1] Loss: [2.239745272057397]
2019-04-05 14:00:10 INFO     Batch: [56/120] Epoch: [1] Loss: [2.2394328995754846]
2019-04-05 14:00:10 INFO     Batch: [57/120] Epoch: [1] Loss: [2.2391530234238197]
2019-04-05 14:00:10 INFO     Batch: [58/120] Epoch: [1] Loss: [2.238892878516246]
2019-04-05 14:00:10 INFO     Batch: [59/120] Epoch: [1] Loss: [2.2386367360750836]
2019-04-05 14:00:10 INFO     Batch: [60/120] Epoch: [1] Loss: [2.238435315304115]
2019-04-05 14:00:11 INFO     Batch: [61/120] Epoch: [1] Loss: [2.238136822177518]
2019-04-05 14:00:11 INFO     Batch: [62/120] Epoch: [1] Loss: [2.2379383851611423]
2019-04-05 14:00:11 INFO     Batch: [63/120] Epoch: [1] Loss: [2.23780282959342]
2019-04-05 14:00:11 INFO     Batch: [64/120] Epoch: [1] Loss: [2.2375808935899]
2019-04-05 14:00:11 INFO     Batch: [65/120] Epoch: [1] Loss: [2.2372486410718975]
2019-04-05 14:00:11 INFO     Batch: [66/120] Epoch: [1] Loss: [2.2370198342337537]
2019-04-05 14:00:11 INFO     Batch: [67/120] Epoch: [1] Loss: [2.2367886304855347]
2019-04-05 14:00:11 INFO     Batch: [68/120] Epoch: [1] Loss: [2.2364386371944263]
2019-04-05 14:00:11 INFO     Batch: [69/120] Epoch: [1] Loss: [2.236002666609628]
2019-04-05 14:00:11 INFO     Batch: [70/120] Epoch: [1] Loss: [2.2357073904762808]
2019-04-05 14:00:11 INFO     Batch: [71/120] Epoch: [1] Loss: [2.235436452759637]
2019-04-05 14:00:11 INFO     Batch: [72/120] Epoch: [1] Loss: [2.235120515300803]
2019-04-05 14:00:11 INFO     Batch: [73/120] Epoch: [1] Loss: [2.234897236566286]
2019-04-05 14:00:12 INFO     Batch: [74/120] Epoch: [1] Loss: [2.2346893533070884]
2019-04-05 14:00:12 INFO     Batch: [75/120] Epoch: [1] Loss: [2.234308311813756]
2019-04-05 14:00:12 INFO     Batch: [76/120] Epoch: [1] Loss: [2.2339789898364577]
2019-04-05 14:00:12 INFO     Batch: [77/120] Epoch: [1] Loss: [2.2336020867029824]
2019-04-05 14:00:12 INFO     Batch: [78/120] Epoch: [1] Loss: [2.233273693277866]
2019-04-05 14:00:12 INFO     Batch: [79/120] Epoch: [1] Loss: [2.232990050315857]
2019-04-05 14:00:12 INFO     Batch: [80/120] Epoch: [1] Loss: [2.232717257958871]
2019-04-05 14:00:12 INFO     Batch: [81/120] Epoch: [1] Loss: [2.232566426439983]
2019-04-05 14:00:12 INFO     Batch: [82/120] Epoch: [1] Loss: [2.2324102700474753]
2019-04-05 14:00:12 INFO     Batch: [83/120] Epoch: [1] Loss: [2.232120108036768]
2019-04-05 14:00:12 INFO     Batch: [84/120] Epoch: [1] Loss: [2.2317876984091365]
2019-04-05 14:00:12 INFO     Batch: [85/120] Epoch: [1] Loss: [2.2313726641411007]
2019-04-05 14:00:12 INFO     Batch: [86/120] Epoch: [1] Loss: [2.2310428153509383]
2019-04-05 14:00:13 INFO     Batch: [87/120] Epoch: [1] Loss: [2.2307712489908393]
2019-04-05 14:00:13 INFO     Batch: [88/120] Epoch: [1] Loss: [2.2303713359189836]
2019-04-05 14:00:13 INFO     Batch: [89/120] Epoch: [1] Loss: [2.2300995959175958]
2019-04-05 14:00:13 INFO     Batch: [90/120] Epoch: [1] Loss: [2.2297363595648125]
2019-04-05 14:00:13 INFO     Batch: [91/120] Epoch: [1] Loss: [2.229477382224539]
2019-04-05 14:00:13 INFO     Batch: [92/120] Epoch: [1] Loss: [2.2291593320908083]
2019-04-05 14:00:13 INFO     Batch: [93/120] Epoch: [1] Loss: [2.228898801702134]
2019-04-05 14:00:13 INFO     Batch: [94/120] Epoch: [1] Loss: [2.228513052589015]
2019-04-05 14:00:13 INFO     Batch: [95/120] Epoch: [1] Loss: [2.2282833978533745]
2019-04-05 14:00:13 INFO     Batch: [96/120] Epoch: [1] Loss: [2.2281109991761827]
2019-04-05 14:00:13 INFO     Batch: [97/120] Epoch: [1] Loss: [2.2278014518776716]
2019-04-05 14:00:13 INFO     Batch: [98/120] Epoch: [1] Loss: [2.2274527260751436]
2019-04-05 14:00:13 INFO     Batch: [99/120] Epoch: [1] Loss: [2.227063159942627]
2019-04-05 14:00:14 INFO     Batch: [100/120] Epoch: [1] Loss: [2.2267014130507365]
2019-04-05 14:00:14 INFO     Batch: [101/120] Epoch: [1] Loss: [2.22644626159294]
2019-04-05 14:00:14 INFO     Batch: [102/120] Epoch: [1] Loss: [2.2261806552849928]
2019-04-05 14:00:14 INFO     Batch: [103/120] Epoch: [1] Loss: [2.2258241933125715]
2019-04-05 14:00:14 INFO     Batch: [104/120] Epoch: [1] Loss: [2.2256029855637323]
2019-04-05 14:00:14 INFO     Batch: [105/120] Epoch: [1] Loss: [2.2253488887031123]
2019-04-05 14:00:14 INFO     Batch: [106/120] Epoch: [1] Loss: [2.2251805612974076]
2019-04-05 14:00:14 INFO     Batch: [107/120] Epoch: [1] Loss: [2.224934039292512]
2019-04-05 14:00:14 INFO     Batch: [108/120] Epoch: [1] Loss: [2.224713528921845]
2019-04-05 14:00:14 INFO     Batch: [109/120] Epoch: [1] Loss: [2.224341728470542]
2019-04-05 14:00:14 INFO     Batch: [110/120] Epoch: [1] Loss: [2.2240793361320152]
2019-04-05 14:00:14 INFO     Batch: [111/120] Epoch: [1] Loss: [2.2238245648997172]
2019-04-05 14:00:14 INFO     Batch: [112/120] Epoch: [1] Loss: [2.22345534679109]
2019-04-05 14:00:15 INFO     Batch: [113/120] Epoch: [1] Loss: [2.2231339550854865]
2019-04-05 14:00:15 INFO     Batch: [114/120] Epoch: [1] Loss: [2.222873028464939]
2019-04-05 14:00:15 INFO     Batch: [115/120] Epoch: [1] Loss: [2.222552858549973]
2019-04-05 14:00:15 INFO     Batch: [116/120] Epoch: [1] Loss: [2.2223115008101506]
2019-04-05 14:00:15 INFO     Batch: [117/120] Epoch: [1] Loss: [2.221972766569105]
2019-04-05 14:00:15 INFO     Batch: [118/120] Epoch: [1] Loss: [2.2217192289208163]
2019-04-05 14:00:15 INFO     Batch: [119/120] Epoch: [1] Loss: [2.221428076426188]
2019-04-05 14:00:16 INFO     Epoch: [1/2000] Loss: [2.221428076426188] Accuracy: [0.3314545454545454]
2019-04-05 14:00:16 INFO     Batch: [0/120] Epoch: [2] Loss: [2.1772289276123047]
2019-04-05 14:00:17 INFO     Accuracy: [0.33745454545454545]

2019-04-05 14:00:17 INFO     Batch: [1/120] Epoch: [2] Loss: [2.182782769203186]
2019-04-05 14:00:17 INFO     Batch: [2/120] Epoch: [2] Loss: [2.1837334632873535]
2019-04-05 14:00:17 INFO     Batch: [3/120] Epoch: [2] Loss: [2.1822784543037415]
2019-04-05 14:00:17 INFO     Batch: [4/120] Epoch: [2] Loss: [2.1813053607940676]
2019-04-05 14:00:17 INFO     Batch: [5/120] Epoch: [2] Loss: [2.1827385822931924]
2019-04-05 14:00:17 INFO     Batch: [6/120] Epoch: [2] Loss: [2.182915278843471]
2019-04-05 14:00:17 INFO     Batch: [7/120] Epoch: [2] Loss: [2.183183640241623]
2019-04-05 14:00:17 INFO     Batch: [8/120] Epoch: [2] Loss: [2.1829353703392878]
2019-04-05 14:00:17 INFO     Batch: [9/120] Epoch: [2] Loss: [2.1826227426528932]
2019-04-05 14:00:18 INFO     Batch: [10/120] Epoch: [2] Loss: [2.1823142658580434]
2019-04-05 14:00:18 INFO     Batch: [11/120] Epoch: [2] Loss: [2.182434638341268]
2019-04-05 14:00:18 INFO     Batch: [12/120] Epoch: [2] Loss: [2.1817949368403506]
2019-04-05 14:00:18 INFO     Batch: [13/120] Epoch: [2] Loss: [2.181935497692653]
2019-04-05 14:00:18 INFO     Batch: [14/120] Epoch: [2] Loss: [2.181459315617879]
2019-04-05 14:00:18 INFO     Batch: [15/120] Epoch: [2] Loss: [2.181180790066719]
2019-04-05 14:00:18 INFO     Batch: [16/120] Epoch: [2] Loss: [2.1806054395787857]
2019-04-05 14:00:18 INFO     Batch: [17/120] Epoch: [2] Loss: [2.1794258091184826]
2019-04-05 14:00:18 INFO     Batch: [18/120] Epoch: [2] Loss: [2.178765334581074]
2019-04-05 14:00:18 INFO     Batch: [19/120] Epoch: [2] Loss: [2.178263449668884]
2019-04-05 14:00:18 INFO     Batch: [20/120] Epoch: [2] Loss: [2.1774553117297946]
2019-04-05 14:00:18 INFO     Batch: [21/120] Epoch: [2] Loss: [2.1767714565450493]
2019-04-05 14:00:18 INFO     Batch: [22/120] Epoch: [2] Loss: [2.176182000533394]
2019-04-05 14:00:19 INFO     Batch: [23/120] Epoch: [2] Loss: [2.1757063368956246]
2019-04-05 14:00:19 INFO     Batch: [24/120] Epoch: [2] Loss: [2.1750024795532226]
2019-04-05 14:00:19 INFO     Batch: [25/120] Epoch: [2] Loss: [2.1749323973288903]
2019-04-05 14:00:19 INFO     Batch: [26/120] Epoch: [2] Loss: [2.1746736190937184]
2019-04-05 14:00:19 INFO     Batch: [27/120] Epoch: [2] Loss: [2.174132134233202]
2019-04-05 14:00:19 INFO     Batch: [28/120] Epoch: [2] Loss: [2.1738575244772025]
2019-04-05 14:00:19 INFO     Batch: [29/120] Epoch: [2] Loss: [2.17386634349823]
2019-04-05 14:00:19 INFO     Batch: [30/120] Epoch: [2] Loss: [2.1736257383900304]
2019-04-05 14:00:19 INFO     Batch: [31/120] Epoch: [2] Loss: [2.173089623451233]
2019-04-05 14:00:19 INFO     Batch: [32/120] Epoch: [2] Loss: [2.1724570592244468]
2019-04-05 14:00:19 INFO     Batch: [33/120] Epoch: [2] Loss: [2.172202299622928]
2019-04-05 14:00:19 INFO     Batch: [34/120] Epoch: [2] Loss: [2.172235345840454]
2019-04-05 14:00:19 INFO     Batch: [35/120] Epoch: [2] Loss: [2.1717138555314808]
2019-04-05 14:00:20 INFO     Batch: [36/120] Epoch: [2] Loss: [2.170890679230561]
2019-04-05 14:00:20 INFO     Batch: [37/120] Epoch: [2] Loss: [2.1709171094392476]
2019-04-05 14:00:20 INFO     Batch: [38/120] Epoch: [2] Loss: [2.1703481674194336]
2019-04-05 14:00:20 INFO     Batch: [39/120] Epoch: [2] Loss: [2.1704109251499175]
2019-04-05 14:00:20 INFO     Batch: [40/120] Epoch: [2] Loss: [2.1700640945899776]
2019-04-05 14:00:20 INFO     Batch: [41/120] Epoch: [2] Loss: [2.169863712219965]
2019-04-05 14:00:20 INFO     Batch: [42/120] Epoch: [2] Loss: [2.1697837973749916]
2019-04-05 14:00:20 INFO     Batch: [43/120] Epoch: [2] Loss: [2.169462951746854]
2019-04-05 14:00:20 INFO     Batch: [44/120] Epoch: [2] Loss: [2.169245237774319]
2019-04-05 14:00:20 INFO     Batch: [45/120] Epoch: [2] Loss: [2.168975503548332]
2019-04-05 14:00:20 INFO     Batch: [46/120] Epoch: [2] Loss: [2.168452039678046]
2019-04-05 14:00:20 INFO     Batch: [47/120] Epoch: [2] Loss: [2.1679913302262626]
2019-04-05 14:00:20 INFO     Batch: [48/120] Epoch: [2] Loss: [2.1677305017198836]
2019-04-05 14:00:21 INFO     Batch: [49/120] Epoch: [2] Loss: [2.16731635093689]
2019-04-05 14:00:21 INFO     Batch: [50/120] Epoch: [2] Loss: [2.1671961803062287]
2019-04-05 14:00:21 INFO     Batch: [51/120] Epoch: [2] Loss: [2.166710826066824]
2019-04-05 14:00:21 INFO     Batch: [52/120] Epoch: [2] Loss: [2.1661576280054056]
2019-04-05 14:00:21 INFO     Batch: [53/120] Epoch: [2] Loss: [2.1657507022221885]
2019-04-05 14:00:21 INFO     Batch: [54/120] Epoch: [2] Loss: [2.165323361483487]
2019-04-05 14:00:21 INFO     Batch: [55/120] Epoch: [2] Loss: [2.164750784635544]
2019-04-05 14:00:21 INFO     Batch: [56/120] Epoch: [2] Loss: [2.1646977809437535]
2019-04-05 14:00:21 INFO     Batch: [57/120] Epoch: [2] Loss: [2.1643776893615723]
2019-04-05 14:00:21 INFO     Batch: [58/120] Epoch: [2] Loss: [2.1642622099084368]
2019-04-05 14:00:21 INFO     Batch: [59/120] Epoch: [2] Loss: [2.164105538527171]
2019-04-05 14:00:21 INFO     Batch: [60/120] Epoch: [2] Loss: [2.1641263492771836]
2019-04-05 14:00:21 INFO     Batch: [61/120] Epoch: [2] Loss: [2.1639891670596216]
2019-04-05 14:00:22 INFO     Batch: [62/120] Epoch: [2] Loss: [2.163781097957066]
2019-04-05 14:00:22 INFO     Batch: [63/120] Epoch: [2] Loss: [2.1634444631636143]
2019-04-05 14:00:22 INFO     Batch: [64/120] Epoch: [2] Loss: [2.1632021097036507]
2019-04-05 14:00:22 INFO     Batch: [65/120] Epoch: [2] Loss: [2.1630909298405503]
2019-04-05 14:00:22 INFO     Batch: [66/120] Epoch: [2] Loss: [2.1628434942729435]
2019-04-05 14:00:22 INFO     Batch: [67/120] Epoch: [2] Loss: [2.1625079302226795]
2019-04-05 14:00:22 INFO     Batch: [68/120] Epoch: [2] Loss: [2.1620241628176924]
2019-04-05 14:00:22 INFO     Batch: [69/120] Epoch: [2] Loss: [2.161921010698591]
2019-04-05 14:00:22 INFO     Batch: [70/120] Epoch: [2] Loss: [2.161408051638536]
2019-04-05 14:00:22 INFO     Batch: [71/120] Epoch: [2] Loss: [2.160796817806032]
2019-04-05 14:00:22 INFO     Batch: [72/120] Epoch: [2] Loss: [2.160404038755861]
2019-04-05 14:00:22 INFO     Batch: [73/120] Epoch: [2] Loss: [2.1600239727948165]
2019-04-05 14:00:22 INFO     Batch: [74/120] Epoch: [2] Loss: [2.1597257709503173]
2019-04-05 14:00:22 INFO     Batch: [75/120] Epoch: [2] Loss: [2.159676034199564]
2019-04-05 14:00:23 INFO     Batch: [76/120] Epoch: [2] Loss: [2.159125721299803]
2019-04-05 14:00:23 INFO     Batch: [77/120] Epoch: [2] Loss: [2.1588294169841666]
2019-04-05 14:00:23 INFO     Batch: [78/120] Epoch: [2] Loss: [2.1583483520942397]
2019-04-05 14:00:23 INFO     Batch: [79/120] Epoch: [2] Loss: [2.158058950304985]
2019-04-05 14:00:23 INFO     Batch: [80/120] Epoch: [2] Loss: [2.1578223499251]
2019-04-05 14:00:23 INFO     Batch: [81/120] Epoch: [2] Loss: [2.157462585263136]
2019-04-05 14:00:23 INFO     Batch: [82/120] Epoch: [2] Loss: [2.1571636027600394]
2019-04-05 14:00:23 INFO     Batch: [83/120] Epoch: [2] Loss: [2.1566760540008545]
2019-04-05 14:00:23 INFO     Batch: [84/120] Epoch: [2] Loss: [2.15608993137584]
2019-04-05 14:00:23 INFO     Batch: [85/120] Epoch: [2] Loss: [2.1557890398557795]
2019-04-05 14:00:23 INFO     Batch: [86/120] Epoch: [2] Loss: [2.1555016671103995]
2019-04-05 14:00:23 INFO     Batch: [87/120] Epoch: [2] Loss: [2.1552820693362844]
2019-04-05 14:00:23 INFO     Batch: [88/120] Epoch: [2] Loss: [2.1551329071602123]
2019-04-05 14:00:24 INFO     Batch: [89/120] Epoch: [2] Loss: [2.154570812649197]
2019-04-05 14:00:24 INFO     Batch: [90/120] Epoch: [2] Loss: [2.1542382659492914]
2019-04-05 14:00:24 INFO     Batch: [91/120] Epoch: [2] Loss: [2.1538792097050212]
2019-04-05 14:00:24 INFO     Batch: [92/120] Epoch: [2] Loss: [2.1532854162236696]
2019-04-05 14:00:24 INFO     Batch: [93/120] Epoch: [2] Loss: [2.1528897539098213]
2019-04-05 14:00:24 INFO     Batch: [94/120] Epoch: [2] Loss: [2.1526803167242754]
2019-04-05 14:00:24 INFO     Batch: [95/120] Epoch: [2] Loss: [2.152167042096456]
2019-04-05 14:00:24 INFO     Batch: [96/120] Epoch: [2] Loss: [2.151796481044022]
2019-04-05 14:00:24 INFO     Batch: [97/120] Epoch: [2] Loss: [2.151403923423923]
2019-04-05 14:00:24 INFO     Batch: [98/120] Epoch: [2] Loss: [2.150955436205623]
2019-04-05 14:00:24 INFO     Batch: [99/120] Epoch: [2] Loss: [2.1504781603813172]
2019-04-05 14:00:24 INFO     Batch: [100/120] Epoch: [2] Loss: [2.150083296369798]
2019-04-05 14:00:24 INFO     Batch: [101/120] Epoch: [2] Loss: [2.1497568873798145]
2019-04-05 14:00:25 INFO     Batch: [102/120] Epoch: [2] Loss: [2.1494428741121756]
2019-04-05 14:00:25 INFO     Batch: [103/120] Epoch: [2] Loss: [2.1489895696823416]
2019-04-05 14:00:25 INFO     Batch: [104/120] Epoch: [2] Loss: [2.148592487970988]
2019-04-05 14:00:25 INFO     Batch: [105/120] Epoch: [2] Loss: [2.1479916505093843]
2019-04-05 14:00:25 INFO     Batch: [106/120] Epoch: [2] Loss: [2.147479768111327]
2019-04-05 14:00:25 INFO     Batch: [107/120] Epoch: [2] Loss: [2.1472287906540766]
2019-04-05 14:00:25 INFO     Batch: [108/120] Epoch: [2] Loss: [2.1468792508501524]
2019-04-05 14:00:25 INFO     Batch: [109/120] Epoch: [2] Loss: [2.14639768817208]
2019-04-05 14:00:25 INFO     Batch: [110/120] Epoch: [2] Loss: [2.145892295751486]
2019-04-05 14:00:25 INFO     Batch: [111/120] Epoch: [2] Loss: [2.145578069346292]
2019-04-05 14:00:25 INFO     Batch: [112/120] Epoch: [2] Loss: [2.1452764979505963]
2019-04-05 14:00:25 INFO     Batch: [113/120] Epoch: [2] Loss: [2.144870921185142]
2019-04-05 14:00:25 INFO     Batch: [114/120] Epoch: [2] Loss: [2.144407728443975]
2019-04-05 14:00:26 INFO     Batch: [115/120] Epoch: [2] Loss: [2.143911355528338]
2019-04-05 14:00:26 INFO     Batch: [116/120] Epoch: [2] Loss: [2.1436203117044563]
2019-04-05 14:00:26 INFO     Batch: [117/120] Epoch: [2] Loss: [2.143202137138884]
2019-04-05 14:00:26 INFO     Batch: [118/120] Epoch: [2] Loss: [2.1426021251357903]
2019-04-05 14:00:26 INFO     Batch: [119/120] Epoch: [2] Loss: [2.142141354084015]
2019-04-05 14:00:27 INFO     Epoch: [2/2000] Loss: [2.142141354084015] Accuracy: [0.3569090909090909]
2019-04-05 14:00:27 INFO     Batch: [0/120] Epoch: [3] Loss: [2.1001200675964355]
2019-04-05 14:00:28 INFO     Accuracy: [0.36618181818181816]

2019-04-05 14:00:28 INFO     Batch: [1/120] Epoch: [3] Loss: [2.095090866088867]
2019-04-05 14:00:28 INFO     Batch: [2/120] Epoch: [3] Loss: [2.090465784072876]
2019-04-05 14:00:28 INFO     Batch: [3/120] Epoch: [3] Loss: [2.0955156087875366]
2019-04-05 14:00:28 INFO     Batch: [4/120] Epoch: [3] Loss: [2.0918509006500243]
2019-04-05 14:00:28 INFO     Batch: [5/120] Epoch: [3] Loss: [2.0884342590967813]
2019-04-05 14:00:28 INFO     Batch: [6/120] Epoch: [3] Loss: [2.0874884809766496]
2019-04-05 14:00:28 INFO     Batch: [7/120] Epoch: [3] Loss: [2.0871025025844574]
2019-04-05 14:00:28 INFO     Batch: [8/120] Epoch: [3] Loss: [2.0870447953542075]
2019-04-05 14:00:28 INFO     Batch: [9/120] Epoch: [3] Loss: [2.0855681180953978]
2019-04-05 14:00:29 INFO     Batch: [10/120] Epoch: [3] Loss: [2.0849429694089023]
2019-04-05 14:00:29 INFO     Batch: [11/120] Epoch: [3] Loss: [2.085177421569824]
2019-04-05 14:00:29 INFO     Batch: [12/120] Epoch: [3] Loss: [2.0849590118114767]
2019-04-05 14:00:29 INFO     Batch: [13/120] Epoch: [3] Loss: [2.0846895490373885]
2019-04-05 14:00:29 INFO     Batch: [14/120] Epoch: [3] Loss: [2.085153261820475]
2019-04-05 14:00:29 INFO     Batch: [15/120] Epoch: [3] Loss: [2.086613342165947]
2019-04-05 14:00:29 INFO     Batch: [16/120] Epoch: [3] Loss: [2.087748751920812]
2019-04-05 14:00:29 INFO     Batch: [17/120] Epoch: [3] Loss: [2.0859627856148615]
2019-04-05 14:00:29 INFO     Batch: [18/120] Epoch: [3] Loss: [2.0845356740449605]
2019-04-05 14:00:29 INFO     Batch: [19/120] Epoch: [3] Loss: [2.084864640235901]
2019-04-05 14:00:29 INFO     Batch: [20/120] Epoch: [3] Loss: [2.0850973356337774]
2019-04-05 14:00:29 INFO     Batch: [21/120] Epoch: [3] Loss: [2.083955472165888]
2019-04-05 14:00:29 INFO     Batch: [22/120] Epoch: [3] Loss: [2.084197645602019]
2019-04-05 14:00:29 INFO     Batch: [23/120] Epoch: [3] Loss: [2.0839234391848245]
2019-04-05 14:00:30 INFO     Batch: [24/120] Epoch: [3] Loss: [2.0836614894866945]
2019-04-05 14:00:30 INFO     Batch: [25/120] Epoch: [3] Loss: [2.08379342005803]
2019-04-05 14:00:30 INFO     Batch: [26/120] Epoch: [3] Loss: [2.0837363313745567]
2019-04-05 14:00:30 INFO     Batch: [27/120] Epoch: [3] Loss: [2.083633686814989]
2019-04-05 14:00:30 INFO     Batch: [28/120] Epoch: [3] Loss: [2.0832275768806197]
2019-04-05 14:00:30 INFO     Batch: [29/120] Epoch: [3] Loss: [2.0832255840301515]
2019-04-05 14:00:30 INFO     Batch: [30/120] Epoch: [3] Loss: [2.0842618711533083]
2019-04-05 14:00:30 INFO     Batch: [31/120] Epoch: [3] Loss: [2.083560809493065]
2019-04-05 14:00:30 INFO     Batch: [32/120] Epoch: [3] Loss: [2.0822525385654336]
2019-04-05 14:00:30 INFO     Batch: [33/120] Epoch: [3] Loss: [2.0818203547421623]
2019-04-05 14:00:30 INFO     Batch: [34/120] Epoch: [3] Loss: [2.0825036457606725]
2019-04-05 14:00:30 INFO     Batch: [35/120] Epoch: [3] Loss: [2.0822765032450357]
2019-04-05 14:00:30 INFO     Batch: [36/120] Epoch: [3] Loss: [2.081121354489713]
2019-04-05 14:00:31 INFO     Batch: [37/120] Epoch: [3] Loss: [2.0805961081856177]
2019-04-05 14:00:31 INFO     Batch: [38/120] Epoch: [3] Loss: [2.0800466537475586]
2019-04-05 14:00:31 INFO     Batch: [39/120] Epoch: [3] Loss: [2.079407775402069]
2019-04-05 14:00:31 INFO     Batch: [40/120] Epoch: [3] Loss: [2.0785224263261006]
2019-04-05 14:00:31 INFO     Batch: [41/120] Epoch: [3] Loss: [2.077565482684544]
2019-04-05 14:00:31 INFO     Batch: [42/120] Epoch: [3] Loss: [2.0769100965455523]
2019-04-05 14:00:31 INFO     Batch: [43/120] Epoch: [3] Loss: [2.0771674893119116]
2019-04-05 14:00:31 INFO     Batch: [44/120] Epoch: [3] Loss: [2.076817284690009]
2019-04-05 14:00:31 INFO     Batch: [45/120] Epoch: [3] Loss: [2.07660304463428]
2019-04-05 14:00:31 INFO     Batch: [46/120] Epoch: [3] Loss: [2.0766627179815416]
2019-04-05 14:00:31 INFO     Batch: [47/120] Epoch: [3] Loss: [2.0762676695982614]
2019-04-05 14:00:31 INFO     Batch: [48/120] Epoch: [3] Loss: [2.0760598912531014]
2019-04-05 14:00:31 INFO     Batch: [49/120] Epoch: [3] Loss: [2.075475645065308]
2019-04-05 14:00:32 INFO     Batch: [50/120] Epoch: [3] Loss: [2.0752444547765396]
2019-04-05 14:00:32 INFO     Batch: [51/120] Epoch: [3] Loss: [2.0747423492945156]
2019-04-05 14:00:32 INFO     Batch: [52/120] Epoch: [3] Loss: [2.074547250315828]
2019-04-05 14:00:32 INFO     Batch: [53/120] Epoch: [3] Loss: [2.073907419487282]
2019-04-05 14:00:32 INFO     Batch: [54/120] Epoch: [3] Loss: [2.0736515435305507]
2019-04-05 14:00:32 INFO     Batch: [55/120] Epoch: [3] Loss: [2.073433292763574]
2019-04-05 14:00:32 INFO     Batch: [56/120] Epoch: [3] Loss: [2.072869819507264]
2019-04-05 14:00:32 INFO     Batch: [57/120] Epoch: [3] Loss: [2.0718996319277534]
2019-04-05 14:00:32 INFO     Batch: [58/120] Epoch: [3] Loss: [2.0707912849167647]
2019-04-05 14:00:32 INFO     Batch: [59/120] Epoch: [3] Loss: [2.0702863216400145]
2019-04-05 14:00:32 INFO     Batch: [60/120] Epoch: [3] Loss: [2.06953860501774]
2019-04-05 14:00:32 INFO     Batch: [61/120] Epoch: [3] Loss: [2.0690290504886257]
2019-04-05 14:00:32 INFO     Batch: [62/120] Epoch: [3] Loss: [2.0687923469240705]
2019-04-05 14:00:33 INFO     Batch: [63/120] Epoch: [3] Loss: [2.0685879699885845]
2019-04-05 14:00:33 INFO     Batch: [64/120] Epoch: [3] Loss: [2.067970738044152]
2019-04-05 14:00:33 INFO     Batch: [65/120] Epoch: [3] Loss: [2.0675740386500503]
2019-04-05 14:00:33 INFO     Batch: [66/120] Epoch: [3] Loss: [2.06702585718525]
2019-04-05 14:00:33 INFO     Batch: [67/120] Epoch: [3] Loss: [2.0664630742634045]
2019-04-05 14:00:33 INFO     Batch: [68/120] Epoch: [3] Loss: [2.065814301587533]
2019-04-05 14:00:33 INFO     Batch: [69/120] Epoch: [3] Loss: [2.065460443496704]
2019-04-05 14:00:33 INFO     Batch: [70/120] Epoch: [3] Loss: [2.0653124997313594]
2019-04-05 14:00:33 INFO     Batch: [71/120] Epoch: [3] Loss: [2.0647267500559487]
2019-04-05 14:00:33 INFO     Batch: [72/120] Epoch: [3] Loss: [2.0642507696804935]
2019-04-05 14:00:33 INFO     Batch: [73/120] Epoch: [3] Loss: [2.0636133599925683]
2019-04-05 14:00:33 INFO     Batch: [74/120] Epoch: [3] Loss: [2.0631576697031657]
2019-04-05 14:00:33 INFO     Batch: [75/120] Epoch: [3] Loss: [2.0630303056616532]
2019-04-05 14:00:34 INFO     Batch: [76/120] Epoch: [3] Loss: [2.062954623977859]
2019-04-05 14:00:34 INFO     Batch: [77/120] Epoch: [3] Loss: [2.0626554825367074]
2019-04-05 14:00:34 INFO     Batch: [78/120] Epoch: [3] Loss: [2.062461071376559]
2019-04-05 14:00:34 INFO     Batch: [79/120] Epoch: [3] Loss: [2.0621132612228394]
2019-04-05 14:00:34 INFO     Batch: [80/120] Epoch: [3] Loss: [2.0615321147589034]
2019-04-05 14:00:34 INFO     Batch: [81/120] Epoch: [3] Loss: [2.061178817981627]
2019-04-05 14:00:34 INFO     Batch: [82/120] Epoch: [3] Loss: [2.060424816177552]
2019-04-05 14:00:34 INFO     Batch: [83/120] Epoch: [3] Loss: [2.0599317692575]
2019-04-05 14:00:34 INFO     Batch: [84/120] Epoch: [3] Loss: [2.05925633206087]
2019-04-05 14:00:34 INFO     Batch: [85/120] Epoch: [3] Loss: [2.0587281349093414]
2019-04-05 14:00:34 INFO     Batch: [86/120] Epoch: [3] Loss: [2.058400746049552]
2019-04-05 14:00:34 INFO     Batch: [87/120] Epoch: [3] Loss: [2.058026514270089]
2019-04-05 14:00:34 INFO     Batch: [88/120] Epoch: [3] Loss: [2.0576254008861072]
2019-04-05 14:00:35 INFO     Batch: [89/120] Epoch: [3] Loss: [2.057316337691413]
2019-04-05 14:00:35 INFO     Batch: [90/120] Epoch: [3] Loss: [2.0570802033602535]
2019-04-05 14:00:35 INFO     Batch: [91/120] Epoch: [3] Loss: [2.057004749774933]
2019-04-05 14:00:35 INFO     Batch: [92/120] Epoch: [3] Loss: [2.056532975166075]
2019-04-05 14:00:35 INFO     Batch: [93/120] Epoch: [3] Loss: [2.0558876699589668]
2019-04-05 14:00:35 INFO     Batch: [94/120] Epoch: [3] Loss: [2.0553139397972506]
2019-04-05 14:00:35 INFO     Batch: [95/120] Epoch: [3] Loss: [2.0546765998005867]
2019-04-05 14:00:35 INFO     Batch: [96/120] Epoch: [3] Loss: [2.0540330483741367]
2019-04-05 14:00:35 INFO     Batch: [97/120] Epoch: [3] Loss: [2.0537021379081573]
2019-04-05 14:00:35 INFO     Batch: [98/120] Epoch: [3] Loss: [2.0534222150089767]
2019-04-05 14:00:35 INFO     Batch: [99/120] Epoch: [3] Loss: [2.0528642535209656]
2019-04-05 14:00:35 INFO     Batch: [100/120] Epoch: [3] Loss: [2.052265733775526]
2019-04-05 14:00:35 INFO     Batch: [101/120] Epoch: [3] Loss: [2.051751586736417]
2019-04-05 14:00:35 INFO     Batch: [102/120] Epoch: [3] Loss: [2.051420870336514]
2019-04-05 14:00:36 INFO     Batch: [103/120] Epoch: [3] Loss: [2.051334302012737]
2019-04-05 14:00:36 INFO     Batch: [104/120] Epoch: [3] Loss: [2.0509353308450606]
2019-04-05 14:00:36 INFO     Batch: [105/120] Epoch: [3] Loss: [2.0506552671486475]
2019-04-05 14:00:36 INFO     Batch: [106/120] Epoch: [3] Loss: [2.0502908352379485]
2019-04-05 14:00:36 INFO     Batch: [107/120] Epoch: [3] Loss: [2.04970450313003]
2019-04-05 14:00:36 INFO     Batch: [108/120] Epoch: [3] Loss: [2.0490666584137385]
2019-04-05 14:00:36 INFO     Batch: [109/120] Epoch: [3] Loss: [2.0484538197517397]
2019-04-05 14:00:36 INFO     Batch: [110/120] Epoch: [3] Loss: [2.0480888179830603]
2019-04-05 14:00:36 INFO     Batch: [111/120] Epoch: [3] Loss: [2.047453955880233]
2019-04-05 14:00:36 INFO     Batch: [112/120] Epoch: [3] Loss: [2.046982650208262]
2019-04-05 14:00:36 INFO     Batch: [113/120] Epoch: [3] Loss: [2.046574604092983]
2019-04-05 14:00:36 INFO     Batch: [114/120] Epoch: [3] Loss: [2.0460260173548823]
2019-04-05 14:00:36 INFO     Batch: [115/120] Epoch: [3] Loss: [2.045589469630143]
2019-04-05 14:00:37 INFO     Batch: [116/120] Epoch: [3] Loss: [2.0450892896733732]
2019-04-05 14:00:37 INFO     Batch: [117/120] Epoch: [3] Loss: [2.0448723384889504]
2019-04-05 14:00:37 INFO     Batch: [118/120] Epoch: [3] Loss: [2.044624010054003]
2019-04-05 14:00:37 INFO     Batch: [119/120] Epoch: [3] Loss: [2.0441030144691466]
2019-04-05 14:00:38 INFO     Epoch: [3/2000] Loss: [2.0441030144691466] Accuracy: [0.36999999999999994]
2019-04-05 14:00:38 INFO     Batch: [0/120] Epoch: [4] Loss: [1.9773977994918823]
2019-04-05 14:00:39 INFO     Accuracy: [0.36618181818181816]

2019-04-05 14:00:39 INFO     Batch: [1/120] Epoch: [4] Loss: [1.9922334551811218]
2019-04-05 14:00:39 INFO     Batch: [2/120] Epoch: [4] Loss: [1.992037336031596]
2019-04-05 14:00:39 INFO     Batch: [3/120] Epoch: [4] Loss: [1.9821502268314362]
2019-04-05 14:00:39 INFO     Batch: [4/120] Epoch: [4] Loss: [1.9792827129364015]
2019-04-05 14:00:39 INFO     Batch: [5/120] Epoch: [4] Loss: [1.9728201031684875]
2019-04-05 14:00:39 INFO     Batch: [6/120] Epoch: [4] Loss: [1.9738892998014177]
2019-04-05 14:00:39 INFO     Batch: [7/120] Epoch: [4] Loss: [1.9729732125997543]
2019-04-05 14:00:39 INFO     Batch: [8/120] Epoch: [4] Loss: [1.971793492635091]
2019-04-05 14:00:39 INFO     Batch: [9/120] Epoch: [4] Loss: [1.9722705125808715]
2019-04-05 14:00:39 INFO     Batch: [10/120] Epoch: [4] Loss: [1.9722998358986594]
2019-04-05 14:00:39 INFO     Batch: [11/120] Epoch: [4] Loss: [1.9732496043046315]
2019-04-05 14:00:40 INFO     Batch: [12/120] Epoch: [4] Loss: [1.9753536169345562]
2019-04-05 14:00:40 INFO     Batch: [13/120] Epoch: [4] Loss: [1.9745358313832964]
2019-04-05 14:00:40 INFO     Batch: [14/120] Epoch: [4] Loss: [1.9752824147542318]
2019-04-05 14:00:40 INFO     Batch: [15/120] Epoch: [4] Loss: [1.975063718855381]
2019-04-05 14:00:40 INFO     Batch: [16/120] Epoch: [4] Loss: [1.9738585948944092]
2019-04-05 14:00:40 INFO     Batch: [17/120] Epoch: [4] Loss: [1.976127611266242]
2019-04-05 14:00:40 INFO     Batch: [18/120] Epoch: [4] Loss: [1.9770596341082924]
2019-04-05 14:00:40 INFO     Batch: [19/120] Epoch: [4] Loss: [1.9765795052051545]
2019-04-05 14:00:40 INFO     Batch: [20/120] Epoch: [4] Loss: [1.976179145631336]
2019-04-05 14:00:40 INFO     Batch: [21/120] Epoch: [4] Loss: [1.9761740185997703]
2019-04-05 14:00:40 INFO     Batch: [22/120] Epoch: [4] Loss: [1.9753108335577922]
2019-04-05 14:00:40 INFO     Batch: [23/120] Epoch: [4] Loss: [1.9754037857055664]
2019-04-05 14:00:40 INFO     Batch: [24/120] Epoch: [4] Loss: [1.9750594902038574]
2019-04-05 14:00:41 INFO     Batch: [25/120] Epoch: [4] Loss: [1.9742244527890132]
2019-04-05 14:00:41 INFO     Batch: [26/120] Epoch: [4] Loss: [1.9743636581632826]
2019-04-05 14:00:41 INFO     Batch: [27/120] Epoch: [4] Loss: [1.9747671740395683]
2019-04-05 14:00:41 INFO     Batch: [28/120] Epoch: [4] Loss: [1.9748719725115547]
2019-04-05 14:00:41 INFO     Batch: [29/120] Epoch: [4] Loss: [1.9733471512794494]
2019-04-05 14:00:41 INFO     Batch: [30/120] Epoch: [4] Loss: [1.9737565748153194]
2019-04-05 14:00:41 INFO     Batch: [31/120] Epoch: [4] Loss: [1.9726414643228054]
2019-04-05 14:00:41 INFO     Batch: [32/120] Epoch: [4] Loss: [1.9727776953668306]
2019-04-05 14:00:41 INFO     Batch: [33/120] Epoch: [4] Loss: [1.9736551922910355]
2019-04-05 14:00:41 INFO     Batch: [34/120] Epoch: [4] Loss: [1.9728449004037039]
2019-04-05 14:00:41 INFO     Batch: [35/120] Epoch: [4] Loss: [1.9733806716071234]
2019-04-05 14:00:41 INFO     Batch: [36/120] Epoch: [4] Loss: [1.9727032442350645]
2019-04-05 14:00:41 INFO     Batch: [37/120] Epoch: [4] Loss: [1.9725145132918107]
2019-04-05 14:00:41 INFO     Batch: [38/120] Epoch: [4] Loss: [1.971605129731007]
2019-04-05 14:00:42 INFO     Batch: [39/120] Epoch: [4] Loss: [1.9713747173547744]
2019-04-05 14:00:42 INFO     Batch: [40/120] Epoch: [4] Loss: [1.9714773893356323]
2019-04-05 14:00:42 INFO     Batch: [41/120] Epoch: [4] Loss: [1.9716906547546387]
2019-04-05 14:00:42 INFO     Batch: [42/120] Epoch: [4] Loss: [1.9721654903057009]
2019-04-05 14:00:42 INFO     Batch: [43/120] Epoch: [4] Loss: [1.9711908074942501]
2019-04-05 14:00:42 INFO     Batch: [44/120] Epoch: [4] Loss: [1.9709549347559612]
2019-04-05 14:00:42 INFO     Batch: [45/120] Epoch: [4] Loss: [1.9697308877240056]
2019-04-05 14:00:42 INFO     Batch: [46/120] Epoch: [4] Loss: [1.9703909615252881]
2019-04-05 14:00:42 INFO     Batch: [47/120] Epoch: [4] Loss: [1.9692058463891347]
2019-04-05 14:00:42 INFO     Batch: [48/120] Epoch: [4] Loss: [1.9681893465470295]
2019-04-05 14:00:42 INFO     Batch: [49/120] Epoch: [4] Loss: [1.9683269882202148]
2019-04-05 14:00:42 INFO     Batch: [50/120] Epoch: [4] Loss: [1.9683150917876]
2019-04-05 14:00:42 INFO     Batch: [51/120] Epoch: [4] Loss: [1.9678317033327544]
2019-04-05 14:00:43 INFO     Batch: [52/120] Epoch: [4] Loss: [1.9669213812306243]
2019-04-05 14:00:43 INFO     Batch: [53/120] Epoch: [4] Loss: [1.9664757229663707]
2019-04-05 14:00:43 INFO     Batch: [54/120] Epoch: [4] Loss: [1.9657949404283004]
2019-04-05 14:00:43 INFO     Batch: [55/120] Epoch: [4] Loss: [1.9653226839644569]
2019-04-05 14:00:43 INFO     Batch: [56/120] Epoch: [4] Loss: [1.9650266442382545]
2019-04-05 14:00:43 INFO     Batch: [57/120] Epoch: [4] Loss: [1.9645057649448001]
2019-04-05 14:00:43 INFO     Batch: [58/120] Epoch: [4] Loss: [1.9634811029595844]
2019-04-05 14:00:43 INFO     Batch: [59/120] Epoch: [4] Loss: [1.9634734670321146]
2019-04-05 14:00:43 INFO     Batch: [60/120] Epoch: [4] Loss: [1.963220950032844]
2019-04-05 14:00:43 INFO     Batch: [61/120] Epoch: [4] Loss: [1.9620103528422694]
2019-04-05 14:00:43 INFO     Batch: [62/120] Epoch: [4] Loss: [1.9614764773656452]
2019-04-05 14:00:43 INFO     Batch: [63/120] Epoch: [4] Loss: [1.9604845810681581]
2019-04-05 14:00:43 INFO     Batch: [64/120] Epoch: [4] Loss: [1.9596282812265249]
2019-04-05 14:00:44 INFO     Batch: [65/120] Epoch: [4] Loss: [1.9588482343789302]
2019-04-05 14:00:44 INFO     Batch: [66/120] Epoch: [4] Loss: [1.9590455400409983]
2019-04-05 14:00:44 INFO     Batch: [67/120] Epoch: [4] Loss: [1.958984778207891]
2019-04-05 14:00:44 INFO     Batch: [68/120] Epoch: [4] Loss: [1.958430730778238]
2019-04-05 14:00:44 INFO     Batch: [69/120] Epoch: [4] Loss: [1.9572352375302995]
2019-04-05 14:00:44 INFO     Batch: [70/120] Epoch: [4] Loss: [1.9570613931602157]
2019-04-05 14:00:44 INFO     Batch: [71/120] Epoch: [4] Loss: [1.956896237201161]
2019-04-05 14:00:44 INFO     Batch: [72/120] Epoch: [4] Loss: [1.9569209520130941]
2019-04-05 14:00:44 INFO     Batch: [73/120] Epoch: [4] Loss: [1.9569700118657705]
2019-04-05 14:00:44 INFO     Batch: [74/120] Epoch: [4] Loss: [1.9567887274424236]
2019-04-05 14:00:44 INFO     Batch: [75/120] Epoch: [4] Loss: [1.9558848472017991]
2019-04-05 14:00:44 INFO     Batch: [76/120] Epoch: [4] Loss: [1.9559674897751251]
2019-04-05 14:00:44 INFO     Batch: [77/120] Epoch: [4] Loss: [1.9552311530480018]
2019-04-05 14:00:45 INFO     Batch: [78/120] Epoch: [4] Loss: [1.954477776454974]
2019-04-05 14:00:45 INFO     Batch: [79/120] Epoch: [4] Loss: [1.9543859764933587]
2019-04-05 14:00:45 INFO     Batch: [80/120] Epoch: [4] Loss: [1.9542886725178472]
2019-04-05 14:00:45 INFO     Batch: [81/120] Epoch: [4] Loss: [1.9538158192867185]
2019-04-05 14:00:45 INFO     Batch: [82/120] Epoch: [4] Loss: [1.9530752078596367]
2019-04-05 14:00:45 INFO     Batch: [83/120] Epoch: [4] Loss: [1.9520444359098161]
2019-04-05 14:00:45 INFO     Batch: [84/120] Epoch: [4] Loss: [1.9520446861491483]
2019-04-05 14:00:45 INFO     Batch: [85/120] Epoch: [4] Loss: [1.9520217124805894]
2019-04-05 14:00:45 INFO     Batch: [86/120] Epoch: [4] Loss: [1.9513555244467724]
2019-04-05 14:00:45 INFO     Batch: [87/120] Epoch: [4] Loss: [1.9513411101969806]
2019-04-05 14:00:45 INFO     Batch: [88/120] Epoch: [4] Loss: [1.950365759013744]
2019-04-05 14:00:45 INFO     Batch: [89/120] Epoch: [4] Loss: [1.9501344521840414]
2019-04-05 14:00:45 INFO     Batch: [90/120] Epoch: [4] Loss: [1.9497972700622055]
2019-04-05 14:00:46 INFO     Batch: [91/120] Epoch: [4] Loss: [1.94937889472298]
2019-04-05 14:00:46 INFO     Batch: [92/120] Epoch: [4] Loss: [1.948712747584107]
2019-04-05 14:00:46 INFO     Batch: [93/120] Epoch: [4] Loss: [1.947885588128516]
2019-04-05 14:00:46 INFO     Batch: [94/120] Epoch: [4] Loss: [1.9473058738206561]
2019-04-05 14:00:46 INFO     Batch: [95/120] Epoch: [4] Loss: [1.9472961525122325]
2019-04-05 14:00:46 INFO     Batch: [96/120] Epoch: [4] Loss: [1.947155661189679]
2019-04-05 14:00:46 INFO     Batch: [97/120] Epoch: [4] Loss: [1.946796469542445]
2019-04-05 14:00:46 INFO     Batch: [98/120] Epoch: [4] Loss: [1.946320905829921]
2019-04-05 14:00:46 INFO     Batch: [99/120] Epoch: [4] Loss: [1.9457233440876007]
2019-04-05 14:00:46 INFO     Batch: [100/120] Epoch: [4] Loss: [1.9450719946681863]
2019-04-05 14:00:46 INFO     Batch: [101/120] Epoch: [4] Loss: [1.9446684694757648]
2019-04-05 14:00:46 INFO     Batch: [102/120] Epoch: [4] Loss: [1.9445480767963002]
2019-04-05 14:00:46 INFO     Batch: [103/120] Epoch: [4] Loss: [1.9439814663850343]
2019-04-05 14:00:47 INFO     Batch: [104/120] Epoch: [4] Loss: [1.943734629948934]
2019-04-05 14:00:47 INFO     Batch: [105/120] Epoch: [4] Loss: [1.9436230974377326]
2019-04-05 14:00:47 INFO     Batch: [106/120] Epoch: [4] Loss: [1.9428453735102003]
2019-04-05 14:00:47 INFO     Batch: [107/120] Epoch: [4] Loss: [1.9423238292888358]
2019-04-05 14:00:47 INFO     Batch: [108/120] Epoch: [4] Loss: [1.9413064149541592]
2019-04-05 14:00:47 INFO     Batch: [109/120] Epoch: [4] Loss: [1.9405863480134444]
2019-04-05 14:00:47 INFO     Batch: [110/120] Epoch: [4] Loss: [1.9400647964563456]
2019-04-05 14:00:47 INFO     Batch: [111/120] Epoch: [4] Loss: [1.939838388136455]
2019-04-05 14:00:47 INFO     Batch: [112/120] Epoch: [4] Loss: [1.9394489516199163]
2019-04-05 14:00:47 INFO     Batch: [113/120] Epoch: [4] Loss: [1.9391847158733166]
2019-04-05 14:00:47 INFO     Batch: [114/120] Epoch: [4] Loss: [1.938638799086861]
2019-04-05 14:00:47 INFO     Batch: [115/120] Epoch: [4] Loss: [1.93788150363955]
2019-04-05 14:00:47 INFO     Batch: [116/120] Epoch: [4] Loss: [1.9374492942777455]
2019-04-05 14:00:48 INFO     Batch: [117/120] Epoch: [4] Loss: [1.936528322050127]
2019-04-05 14:00:48 INFO     Batch: [118/120] Epoch: [4] Loss: [1.9358295973609476]
2019-04-05 14:00:48 INFO     Batch: [119/120] Epoch: [4] Loss: [1.9355701039234796]
2019-04-05 14:00:49 INFO     Epoch: [4/2000] Loss: [1.9355701039234796] Accuracy: [0.38381818181818184]
2019-04-05 14:00:49 INFO     Batch: [0/120] Epoch: [5] Loss: [1.8723052740097046]
