2019-04-13 20:50:28 INFO     Loading Data
2019-04-13 20:50:29 INFO     Model Setting Up
2019-04-13 20:50:45 INFO     train_dir : [../mnist/train]
2019-04-13 20:50:45 INFO     test_dir : [../mnist/test]
2019-04-13 20:50:45 INFO     save_dir : [./save]
2019-04-13 20:50:45 INFO     num_epochs : [500]
2019-04-13 20:50:45 INFO     batch_size : [500]
2019-04-13 20:50:45 INFO     num_points : [512]
2019-04-13 20:50:45 INFO     sigma : [0.05]
2019-04-13 20:50:45 INFO     log_interval : [1000]
2019-04-13 20:50:45 INFO     save_interval : [50]
2019-04-13 20:50:45 INFO     baselr : [5e-05]
2019-04-13 20:50:45 INFO     density_radius : [0.2]
2019-04-13 20:50:45 INFO     feature_out1 : [8]
2019-04-13 20:50:45 INFO     feature_out2 : [16]
2019-04-13 20:50:45 INFO     feature_out3 : [32]
2019-04-13 20:50:45 INFO     feature_out4 : [64]
2019-04-13 20:50:45 INFO     feature_out5 : [128]
2019-04-13 20:50:45 INFO     num_classes : [10]
2019-04-13 20:50:45 INFO     bandwidth_0 : [10]
2019-04-13 20:50:45 INFO     bandwidth_out1 : [10]
2019-04-13 20:50:45 INFO     bandwidth_out2 : [8]
2019-04-13 20:50:45 INFO     bandwidth_out3 : [6]
2019-04-13 20:50:45 INFO     bandwidth_out4 : [4]
2019-04-13 20:50:45 INFO     bandwidth_out5 : [2]
2019-04-13 20:50:45 INFO     resume_training : [0]
2019-04-13 20:50:45 INFO     Start Training
2019-04-13 20:50:45 INFO     Saved model checkpoints into ./save/2019-04-13_20-50-45-model.ckpt...
2019-04-13 20:50:51 INFO     Batch: [0/120] Epoch: [0] Loss: [2.2991607189178467]
2019-04-13 20:50:52 INFO     Batch: [1/120] Epoch: [0] Loss: [2.2995327711105347]
2019-04-13 20:50:53 INFO     Batch: [2/120] Epoch: [0] Loss: [2.2979965209960938]
2019-04-13 20:50:54 INFO     Batch: [3/120] Epoch: [0] Loss: [2.2974252700805664]
2019-04-13 20:50:55 INFO     Batch: [4/120] Epoch: [0] Loss: [2.298330307006836]
2019-04-13 20:50:55 INFO     Batch: [5/120] Epoch: [0] Loss: [2.2970885038375854]
2019-04-13 20:50:56 INFO     Batch: [6/120] Epoch: [0] Loss: [2.296702112470354]
2019-04-13 20:50:57 INFO     Batch: [7/120] Epoch: [0] Loss: [2.2955982983112335]
2019-04-13 20:50:58 INFO     Batch: [8/120] Epoch: [0] Loss: [2.2943896452585855]
2019-04-13 20:50:58 INFO     Batch: [9/120] Epoch: [0] Loss: [2.2946329593658445]
2019-04-13 20:50:59 INFO     Batch: [10/120] Epoch: [0] Loss: [2.294389096173373]
2019-04-13 20:51:00 INFO     Batch: [11/120] Epoch: [0] Loss: [2.2944695552190146]
2019-04-13 20:51:01 INFO     Batch: [12/120] Epoch: [0] Loss: [2.29367287342365]
2019-04-13 20:51:02 INFO     Batch: [13/120] Epoch: [0] Loss: [2.293175901685442]
2019-04-13 20:51:02 INFO     Batch: [14/120] Epoch: [0] Loss: [2.2922582149505617]
2019-04-13 20:51:03 INFO     Batch: [15/120] Epoch: [0] Loss: [2.2920200377702713]
2019-04-13 20:51:04 INFO     Batch: [16/120] Epoch: [0] Loss: [2.2913948087131275]
2019-04-13 20:51:05 INFO     Batch: [17/120] Epoch: [0] Loss: [2.290821221139696]
2019-04-13 20:51:05 INFO     Batch: [18/120] Epoch: [0] Loss: [2.2901400390424227]
2019-04-13 20:51:06 INFO     Batch: [19/120] Epoch: [0] Loss: [2.2899276971817017]
2019-04-13 20:51:07 INFO     Batch: [20/120] Epoch: [0] Loss: [2.289312090192522]
2019-04-13 20:51:08 INFO     Batch: [21/120] Epoch: [0] Loss: [2.2887821956114336]
2019-04-13 20:51:08 INFO     Batch: [22/120] Epoch: [0] Loss: [2.288096272427103]
2019-04-13 20:51:09 INFO     Batch: [23/120] Epoch: [0] Loss: [2.2874953548113504]
2019-04-13 20:51:10 INFO     Batch: [24/120] Epoch: [0] Loss: [2.2870925521850585]
2019-04-13 20:51:11 INFO     Batch: [25/120] Epoch: [0] Loss: [2.286731710800758]
2019-04-13 20:51:12 INFO     Batch: [26/120] Epoch: [0] Loss: [2.2862042762615062]
2019-04-13 20:51:12 INFO     Batch: [27/120] Epoch: [0] Loss: [2.2854865959712436]
2019-04-13 20:51:13 INFO     Batch: [28/120] Epoch: [0] Loss: [2.284971072756011]
2019-04-13 20:51:14 INFO     Batch: [29/120] Epoch: [0] Loss: [2.2844910701115926]
2019-04-13 20:51:15 INFO     Batch: [30/120] Epoch: [0] Loss: [2.2839402614101285]
2019-04-13 20:51:15 INFO     Batch: [31/120] Epoch: [0] Loss: [2.2833730652928352]
2019-04-13 20:51:16 INFO     Batch: [32/120] Epoch: [0] Loss: [2.282520142468539]
2019-04-13 20:51:17 INFO     Batch: [33/120] Epoch: [0] Loss: [2.2817100216360653]
2019-04-13 20:51:18 INFO     Batch: [34/120] Epoch: [0] Loss: [2.2812355927058627]
2019-04-13 20:51:18 INFO     Batch: [35/120] Epoch: [0] Loss: [2.2804661194483438]
2019-04-13 20:51:19 INFO     Batch: [36/120] Epoch: [0] Loss: [2.279893971778251]
2019-04-13 20:51:20 INFO     Batch: [37/120] Epoch: [0] Loss: [2.2790569192484806]
2019-04-13 20:51:21 INFO     Batch: [38/120] Epoch: [0] Loss: [2.2782672001765323]
2019-04-13 20:51:22 INFO     Batch: [39/120] Epoch: [0] Loss: [2.277545815706253]
2019-04-13 20:51:22 INFO     Batch: [40/120] Epoch: [0] Loss: [2.276762002851905]
2019-04-13 20:51:23 INFO     Batch: [41/120] Epoch: [0] Loss: [2.2759718667893183]
2019-04-13 20:51:24 INFO     Batch: [42/120] Epoch: [0] Loss: [2.275429686834646]
2019-04-13 20:51:25 INFO     Batch: [43/120] Epoch: [0] Loss: [2.2749281850728122]
2019-04-13 20:51:25 INFO     Batch: [44/120] Epoch: [0] Loss: [2.274222919676039]
2019-04-13 20:51:26 INFO     Batch: [45/120] Epoch: [0] Loss: [2.2735268240389614]
2019-04-13 20:51:27 INFO     Batch: [46/120] Epoch: [0] Loss: [2.2726682145544825]
2019-04-13 20:51:28 INFO     Batch: [47/120] Epoch: [0] Loss: [2.2721922546625137]
2019-04-13 20:51:29 INFO     Batch: [48/120] Epoch: [0] Loss: [2.271471135470332]
2019-04-13 20:51:29 INFO     Batch: [49/120] Epoch: [0] Loss: [2.2707491064071657]
2019-04-13 20:51:30 INFO     Batch: [50/120] Epoch: [0] Loss: [2.2700922722909964]
2019-04-13 20:51:31 INFO     Batch: [51/120] Epoch: [0] Loss: [2.269558663551624]
2019-04-13 20:51:32 INFO     Batch: [52/120] Epoch: [0] Loss: [2.268856853808997]
2019-04-13 20:51:32 INFO     Batch: [53/120] Epoch: [0] Loss: [2.2680852633935435]
2019-04-13 20:51:33 INFO     Batch: [54/120] Epoch: [0] Loss: [2.267484357140281]
2019-04-13 20:51:34 INFO     Batch: [55/120] Epoch: [0] Loss: [2.2668053337505887]
2019-04-13 20:51:35 INFO     Batch: [56/120] Epoch: [0] Loss: [2.2660725116729736]
2019-04-13 20:51:36 INFO     Batch: [57/120] Epoch: [0] Loss: [2.2653687164701264]
2019-04-13 20:51:36 INFO     Batch: [58/120] Epoch: [0] Loss: [2.264519311613956]
2019-04-13 20:51:37 INFO     Batch: [59/120] Epoch: [0] Loss: [2.2638211409250895]
2019-04-13 20:51:38 INFO     Batch: [60/120] Epoch: [0] Loss: [2.2631115053520827]
2019-04-13 20:51:39 INFO     Batch: [61/120] Epoch: [0] Loss: [2.2624921721796833]
2019-04-13 20:51:40 INFO     Batch: [62/120] Epoch: [0] Loss: [2.2618218944186257]
2019-04-13 20:51:40 INFO     Batch: [63/120] Epoch: [0] Loss: [2.2610878199338913]
2019-04-13 20:51:41 INFO     Batch: [64/120] Epoch: [0] Loss: [2.260467995130099]
2019-04-13 20:51:42 INFO     Batch: [65/120] Epoch: [0] Loss: [2.259771552952853]
2019-04-13 20:51:43 INFO     Batch: [66/120] Epoch: [0] Loss: [2.2590437184518843]
2019-04-13 20:51:43 INFO     Batch: [67/120] Epoch: [0] Loss: [2.2584071474916794]
2019-04-13 20:51:44 INFO     Batch: [68/120] Epoch: [0] Loss: [2.2577783024829365]
2019-04-13 20:51:45 INFO     Batch: [69/120] Epoch: [0] Loss: [2.2571612766810825]
2019-04-13 20:51:46 INFO     Batch: [70/120] Epoch: [0] Loss: [2.2563861759615618]
2019-04-13 20:51:47 INFO     Batch: [71/120] Epoch: [0] Loss: [2.2557619545194836]
2019-04-13 20:51:47 INFO     Batch: [72/120] Epoch: [0] Loss: [2.255136979769354]
2019-04-13 20:51:48 INFO     Batch: [73/120] Epoch: [0] Loss: [2.2544535301827096]
2019-04-13 20:51:49 INFO     Batch: [74/120] Epoch: [0] Loss: [2.2538275051116945]
2019-04-13 20:51:50 INFO     Batch: [75/120] Epoch: [0] Loss: [2.253172654854624]
2019-04-13 20:51:50 INFO     Batch: [76/120] Epoch: [0] Loss: [2.252280006160984]
2019-04-13 20:51:51 INFO     Batch: [77/120] Epoch: [0] Loss: [2.2516150107750525]
2019-04-13 20:51:52 INFO     Batch: [78/120] Epoch: [0] Loss: [2.2507137105434754]
2019-04-13 20:51:53 INFO     Batch: [79/120] Epoch: [0] Loss: [2.24994215965271]
2019-04-13 20:51:54 INFO     Batch: [80/120] Epoch: [0] Loss: [2.2493331579514493]
2019-04-13 20:51:54 INFO     Batch: [81/120] Epoch: [0] Loss: [2.2487073991356827]
2019-04-13 20:51:55 INFO     Batch: [82/120] Epoch: [0] Loss: [2.2479304060878524]
2019-04-13 20:51:56 INFO     Batch: [83/120] Epoch: [0] Loss: [2.247345989658719]
2019-04-13 20:51:57 INFO     Batch: [84/120] Epoch: [0] Loss: [2.2465739530675553]
2019-04-13 20:51:57 INFO     Batch: [85/120] Epoch: [0] Loss: [2.2459732709929]
2019-04-13 20:51:58 INFO     Batch: [86/120] Epoch: [0] Loss: [2.2453211888499642]
2019-04-13 20:51:59 INFO     Batch: [87/120] Epoch: [0] Loss: [2.2445073669606987]
2019-04-13 20:52:00 INFO     Batch: [88/120] Epoch: [0] Loss: [2.243825826752052]
2019-04-13 20:52:01 INFO     Batch: [89/120] Epoch: [0] Loss: [2.242932913038466]
2019-04-13 20:52:01 INFO     Batch: [90/120] Epoch: [0] Loss: [2.242226168349549]
2019-04-13 20:52:02 INFO     Batch: [91/120] Epoch: [0] Loss: [2.24140653402909]
2019-04-13 20:52:03 INFO     Batch: [92/120] Epoch: [0] Loss: [2.2406146705791516]
2019-04-13 20:52:04 INFO     Batch: [93/120] Epoch: [0] Loss: [2.239837200083631]
2019-04-13 20:52:04 INFO     Batch: [94/120] Epoch: [0] Loss: [2.239048829831575]
2019-04-13 20:52:05 INFO     Batch: [95/120] Epoch: [0] Loss: [2.238322325050831]
2019-04-13 20:52:06 INFO     Batch: [96/120] Epoch: [0] Loss: [2.237531389157797]
2019-04-13 20:52:07 INFO     Batch: [97/120] Epoch: [0] Loss: [2.2368598251926657]
2019-04-13 20:52:08 INFO     Batch: [98/120] Epoch: [0] Loss: [2.2362083401342834]
2019-04-13 20:52:08 INFO     Batch: [99/120] Epoch: [0] Loss: [2.2353275847434997]
2019-04-13 20:52:09 INFO     Batch: [100/120] Epoch: [0] Loss: [2.23446517651624]
2019-04-13 20:52:10 INFO     Batch: [101/120] Epoch: [0] Loss: [2.2337728879031014]
2019-04-13 20:52:11 INFO     Batch: [102/120] Epoch: [0] Loss: [2.2329993271133275]
2019-04-13 20:52:11 INFO     Batch: [103/120] Epoch: [0] Loss: [2.232202954017199]
2019-04-13 20:52:12 INFO     Batch: [104/120] Epoch: [0] Loss: [2.231604135604132]
2019-04-13 20:52:13 INFO     Batch: [105/120] Epoch: [0] Loss: [2.230847322715903]
2019-04-13 20:52:14 INFO     Batch: [106/120] Epoch: [0] Loss: [2.2302384911296524]
2019-04-13 20:52:15 INFO     Batch: [107/120] Epoch: [0] Loss: [2.2295675388088934]
2019-04-13 20:52:15 INFO     Batch: [108/120] Epoch: [0] Loss: [2.2286759450894977]
2019-04-13 20:52:16 INFO     Batch: [109/120] Epoch: [0] Loss: [2.2279024449261753]
2019-04-13 20:52:17 INFO     Batch: [110/120] Epoch: [0] Loss: [2.227133175274273]
2019-04-13 20:52:18 INFO     Batch: [111/120] Epoch: [0] Loss: [2.226229725139482]
2019-04-13 20:52:19 INFO     Batch: [112/120] Epoch: [0] Loss: [2.2255757087099868]
2019-04-13 20:52:19 INFO     Batch: [113/120] Epoch: [0] Loss: [2.2247706296151146]
2019-04-13 20:52:20 INFO     Batch: [114/120] Epoch: [0] Loss: [2.224186826788861]
2019-04-13 20:52:21 INFO     Batch: [115/120] Epoch: [0] Loss: [2.223409535556004]
2019-04-13 20:52:22 INFO     Batch: [116/120] Epoch: [0] Loss: [2.222673318324945]
2019-04-13 20:52:22 INFO     Batch: [117/120] Epoch: [0] Loss: [2.221881971520893]
2019-04-13 20:52:23 INFO     Batch: [118/120] Epoch: [0] Loss: [2.2211045778098226]
2019-04-13 20:52:24 INFO     Batch: [119/120] Epoch: [0] Loss: [2.2201875507831574]
2019-04-13 20:52:29 INFO     **************** Epoch: [0/500] Accuracy: [0.13872727272727275] ****************

2019-04-13 20:52:30 INFO     Batch: [0/120] Epoch: [1] Loss: [2.141974687576294]
2019-04-13 20:52:31 INFO     Batch: [1/120] Epoch: [1] Loss: [2.134881615638733]
2019-04-13 20:52:32 INFO     Batch: [2/120] Epoch: [1] Loss: [2.127568244934082]
2019-04-13 20:52:32 INFO     Batch: [3/120] Epoch: [1] Loss: [2.1291571259498596]
2019-04-13 20:52:33 INFO     Batch: [4/120] Epoch: [1] Loss: [2.130384635925293]
2019-04-13 20:52:34 INFO     Batch: [5/120] Epoch: [1] Loss: [2.125451922416687]
2019-04-13 20:52:35 INFO     Batch: [6/120] Epoch: [1] Loss: [2.122399704796927]
2019-04-13 20:52:36 INFO     Batch: [7/120] Epoch: [1] Loss: [2.1222834289073944]
2019-04-13 20:52:36 INFO     Batch: [8/120] Epoch: [1] Loss: [2.123132758670383]
2019-04-13 20:52:37 INFO     Batch: [9/120] Epoch: [1] Loss: [2.119859147071838]
2019-04-13 20:52:38 INFO     Batch: [10/120] Epoch: [1] Loss: [2.1186765974218194]
2019-04-13 20:52:39 INFO     Batch: [11/120] Epoch: [1] Loss: [2.1167311668395996]
2019-04-13 20:52:39 INFO     Batch: [12/120] Epoch: [1] Loss: [2.1146532755631666]
2019-04-13 20:52:40 INFO     Batch: [13/120] Epoch: [1] Loss: [2.1132775034223283]
2019-04-13 20:52:41 INFO     Batch: [14/120] Epoch: [1] Loss: [2.111319065093994]
2019-04-13 20:52:42 INFO     Batch: [15/120] Epoch: [1] Loss: [2.111806556582451]
2019-04-13 20:52:42 INFO     Batch: [16/120] Epoch: [1] Loss: [2.1107833946452423]
2019-04-13 20:52:43 INFO     Batch: [17/120] Epoch: [1] Loss: [2.110463168885973]
2019-04-13 20:52:44 INFO     Batch: [18/120] Epoch: [1] Loss: [2.1094470902493128]
2019-04-13 20:52:45 INFO     Batch: [19/120] Epoch: [1] Loss: [2.108464205265045]
2019-04-13 20:52:45 INFO     Batch: [20/120] Epoch: [1] Loss: [2.1084237893422446]
2019-04-13 20:52:46 INFO     Batch: [21/120] Epoch: [1] Loss: [2.1066156300631436]
2019-04-13 20:52:47 INFO     Batch: [22/120] Epoch: [1] Loss: [2.106040094209754]
2019-04-13 20:52:48 INFO     Batch: [23/120] Epoch: [1] Loss: [2.106399188439051]
2019-04-13 20:52:48 INFO     Batch: [24/120] Epoch: [1] Loss: [2.1067130088806154]
2019-04-13 20:52:49 INFO     Batch: [25/120] Epoch: [1] Loss: [2.1049961126767673]
2019-04-13 20:52:50 INFO     Batch: [26/120] Epoch: [1] Loss: [2.104362558435511]
2019-04-13 20:52:51 INFO     Batch: [27/120] Epoch: [1] Loss: [2.103167312485831]
2019-04-13 20:52:51 INFO     Batch: [28/120] Epoch: [1] Loss: [2.1016682345291664]
2019-04-13 20:52:52 INFO     Batch: [29/120] Epoch: [1] Loss: [2.101190376281738]
2019-04-13 20:52:53 INFO     Batch: [30/120] Epoch: [1] Loss: [2.099981669456728]
2019-04-13 20:52:54 INFO     Batch: [31/120] Epoch: [1] Loss: [2.098951980471611]
2019-04-13 20:52:55 INFO     Batch: [32/120] Epoch: [1] Loss: [2.098435842629635]
2019-04-13 20:52:55 INFO     Batch: [33/120] Epoch: [1] Loss: [2.097740685238558]
2019-04-13 20:52:56 INFO     Batch: [34/120] Epoch: [1] Loss: [2.0968030180249895]
2019-04-13 20:52:56 INFO     Batch: [35/120] Epoch: [1] Loss: [2.096270627445645]
2019-04-13 20:52:57 INFO     Batch: [36/120] Epoch: [1] Loss: [2.094962435799676]
2019-04-13 20:52:57 INFO     Batch: [37/120] Epoch: [1] Loss: [2.0947762225803577]
2019-04-13 20:52:58 INFO     Batch: [38/120] Epoch: [1] Loss: [2.093619181559636]
2019-04-13 20:52:59 INFO     Batch: [39/120] Epoch: [1] Loss: [2.092922627925873]
2019-04-13 20:52:59 INFO     Batch: [40/120] Epoch: [1] Loss: [2.091800654806742]
2019-04-13 20:53:00 INFO     Batch: [41/120] Epoch: [1] Loss: [2.090480055127825]
2019-04-13 20:53:00 INFO     Batch: [42/120] Epoch: [1] Loss: [2.0896346402722736]
2019-04-13 20:53:01 INFO     Batch: [43/120] Epoch: [1] Loss: [2.088814518668435]
2019-04-13 20:53:01 INFO     Batch: [44/120] Epoch: [1] Loss: [2.0870594448513455]
2019-04-13 20:53:02 INFO     Batch: [45/120] Epoch: [1] Loss: [2.0860231130019478]
2019-04-13 20:53:02 INFO     Batch: [46/120] Epoch: [1] Loss: [2.085579364857775]
2019-04-13 20:53:03 INFO     Batch: [47/120] Epoch: [1] Loss: [2.0844474881887436]
2019-04-13 20:53:04 INFO     Batch: [48/120] Epoch: [1] Loss: [2.0834567936099306]
2019-04-13 20:53:04 INFO     Batch: [49/120] Epoch: [1] Loss: [2.0821307563781737]
2019-04-13 20:53:05 INFO     Batch: [50/120] Epoch: [1] Loss: [2.0813965283188165]
2019-04-13 20:53:05 INFO     Batch: [51/120] Epoch: [1] Loss: [2.080709851705111]
2019-04-13 20:53:06 INFO     Batch: [52/120] Epoch: [1] Loss: [2.0802171005392975]
2019-04-13 20:53:06 INFO     Batch: [53/120] Epoch: [1] Loss: [2.0788843013622142]
2019-04-13 20:53:07 INFO     Batch: [54/120] Epoch: [1] Loss: [2.078083944320679]
2019-04-13 20:53:07 INFO     Batch: [55/120] Epoch: [1] Loss: [2.077520259789058]
2019-04-13 20:53:08 INFO     Batch: [56/120] Epoch: [1] Loss: [2.0768088374221536]
2019-04-13 20:53:09 INFO     Batch: [57/120] Epoch: [1] Loss: [2.075530097402375]
2019-04-13 20:53:09 INFO     Batch: [58/120] Epoch: [1] Loss: [2.074328260906672]
2019-04-13 20:53:10 INFO     Batch: [59/120] Epoch: [1] Loss: [2.0734758893648784]
2019-04-13 20:53:10 INFO     Batch: [60/120] Epoch: [1] Loss: [2.072614040531096]
2019-04-13 20:53:11 INFO     Batch: [61/120] Epoch: [1] Loss: [2.071437491524604]
2019-04-13 20:53:11 INFO     Batch: [62/120] Epoch: [1] Loss: [2.0707709278379167]
2019-04-13 20:53:12 INFO     Batch: [63/120] Epoch: [1] Loss: [2.0698332730680704]
2019-04-13 20:53:12 INFO     Batch: [64/120] Epoch: [1] Loss: [2.0690018048653234]
2019-04-13 20:53:13 INFO     Batch: [65/120] Epoch: [1] Loss: [2.0685239073001975]
2019-04-13 20:53:14 INFO     Batch: [66/120] Epoch: [1] Loss: [2.0676990498357743]
2019-04-13 20:53:14 INFO     Batch: [67/120] Epoch: [1] Loss: [2.0666601798113655]
2019-04-13 20:53:15 INFO     Batch: [68/120] Epoch: [1] Loss: [2.0655569615571396]
2019-04-13 20:53:15 INFO     Batch: [69/120] Epoch: [1] Loss: [2.0650025367736817]
2019-04-13 20:53:16 INFO     Batch: [70/120] Epoch: [1] Loss: [2.064276782559677]
2019-04-13 20:53:16 INFO     Batch: [71/120] Epoch: [1] Loss: [2.063474714756012]
2019-04-13 20:53:17 INFO     Batch: [72/120] Epoch: [1] Loss: [2.062576790378518]
2019-04-13 20:53:17 INFO     Batch: [73/120] Epoch: [1] Loss: [2.0616319888346903]
2019-04-13 20:53:18 INFO     Batch: [74/120] Epoch: [1] Loss: [2.0614835103352864]
2019-04-13 20:53:19 INFO     Batch: [75/120] Epoch: [1] Loss: [2.0606402550873004]
2019-04-13 20:53:19 INFO     Batch: [76/120] Epoch: [1] Loss: [2.0602308264026394]
2019-04-13 20:53:20 INFO     Batch: [77/120] Epoch: [1] Loss: [2.0594729750584335]
2019-04-13 20:53:20 INFO     Batch: [78/120] Epoch: [1] Loss: [2.058119704451742]
2019-04-13 20:53:21 INFO     Batch: [79/120] Epoch: [1] Loss: [2.0571389749646185]
2019-04-13 20:53:21 INFO     Batch: [80/120] Epoch: [1] Loss: [2.056205035727701]
2019-04-13 20:53:22 INFO     Batch: [81/120] Epoch: [1] Loss: [2.0554666242948394]
2019-04-13 20:53:23 INFO     Batch: [82/120] Epoch: [1] Loss: [2.0548188729458543]
2019-04-13 20:53:23 INFO     Batch: [83/120] Epoch: [1] Loss: [2.0539682649430775]
2019-04-13 20:53:24 INFO     Batch: [84/120] Epoch: [1] Loss: [2.053177668066586]
2019-04-13 20:53:24 INFO     Batch: [85/120] Epoch: [1] Loss: [2.0524609837421153]
2019-04-13 20:53:25 INFO     Batch: [86/120] Epoch: [1] Loss: [2.0517544184608023]
2019-04-13 20:53:25 INFO     Batch: [87/120] Epoch: [1] Loss: [2.050889016552405]
2019-04-13 20:53:26 INFO     Batch: [88/120] Epoch: [1] Loss: [2.0503565501630976]
2019-04-13 20:53:26 INFO     Batch: [89/120] Epoch: [1] Loss: [2.0493216766251456]
2019-04-13 20:53:27 INFO     Batch: [90/120] Epoch: [1] Loss: [2.047999533978137]
2019-04-13 20:53:27 INFO     Batch: [91/120] Epoch: [1] Loss: [2.046930484149767]
2019-04-13 20:53:28 INFO     Batch: [92/120] Epoch: [1] Loss: [2.0458935576100505]
2019-04-13 20:53:29 INFO     Batch: [93/120] Epoch: [1] Loss: [2.0449864851667527]
2019-04-13 20:53:29 INFO     Batch: [94/120] Epoch: [1] Loss: [2.0441578739567805]
2019-04-13 20:53:30 INFO     Batch: [95/120] Epoch: [1] Loss: [2.043352240075668]
2019-04-13 20:53:30 INFO     Batch: [96/120] Epoch: [1] Loss: [2.042657221715475]
2019-04-13 20:53:31 INFO     Batch: [97/120] Epoch: [1] Loss: [2.0415572730862364]
2019-04-13 20:53:31 INFO     Batch: [98/120] Epoch: [1] Loss: [2.040748194010571]
2019-04-13 20:53:32 INFO     Batch: [99/120] Epoch: [1] Loss: [2.039424411058426]
2019-04-13 20:53:32 INFO     Batch: [100/120] Epoch: [1] Loss: [2.038580298423767]
2019-04-13 20:53:33 INFO     Batch: [101/120] Epoch: [1] Loss: [2.0375965751853644]
2019-04-13 20:53:34 INFO     Batch: [102/120] Epoch: [1] Loss: [2.0365662817816133]
2019-04-13 20:53:34 INFO     Batch: [103/120] Epoch: [1] Loss: [2.0355616372365217]
2019-04-13 20:53:35 INFO     Batch: [104/120] Epoch: [1] Loss: [2.0341989642097835]
2019-04-13 20:53:35 INFO     Batch: [105/120] Epoch: [1] Loss: [2.033428613869649]
2019-04-13 20:53:36 INFO     Batch: [106/120] Epoch: [1] Loss: [2.0320943582837825]
2019-04-13 20:53:36 INFO     Batch: [107/120] Epoch: [1] Loss: [2.031232808475141]
2019-04-13 20:53:37 INFO     Batch: [108/120] Epoch: [1] Loss: [2.0304128401870027]
2019-04-13 20:53:37 INFO     Batch: [109/120] Epoch: [1] Loss: [2.0295590779998087]
2019-04-13 20:53:38 INFO     Batch: [110/120] Epoch: [1] Loss: [2.0286847503335625]
2019-04-13 20:53:39 INFO     Batch: [111/120] Epoch: [1] Loss: [2.027943213071142]
2019-04-13 20:53:39 INFO     Batch: [112/120] Epoch: [1] Loss: [2.027427796768931]
2019-04-13 20:53:40 INFO     Batch: [113/120] Epoch: [1] Loss: [2.0264808629688464]
2019-04-13 20:53:40 INFO     Batch: [114/120] Epoch: [1] Loss: [2.025665642904199]
2019-04-13 20:53:41 INFO     Batch: [115/120] Epoch: [1] Loss: [2.024658622412846]
2019-04-13 20:53:41 INFO     Batch: [116/120] Epoch: [1] Loss: [2.02328683474125]
2019-04-13 20:53:42 INFO     Batch: [117/120] Epoch: [1] Loss: [2.0221872612581415]
2019-04-13 20:53:43 INFO     Batch: [118/120] Epoch: [1] Loss: [2.0215799558062515]
2019-04-13 20:53:43 INFO     Batch: [119/120] Epoch: [1] Loss: [2.020972302556038]
2019-04-13 20:53:47 INFO     **************** Epoch: [1/500] Accuracy: [0.20127272727272727] ****************

2019-04-13 20:53:48 INFO     Batch: [0/120] Epoch: [2] Loss: [1.9170732498168945]
2019-04-13 20:53:48 INFO     Batch: [1/120] Epoch: [2] Loss: [1.9001312255859375]
2019-04-13 20:53:49 INFO     Batch: [2/120] Epoch: [2] Loss: [1.9102914333343506]
2019-04-13 20:53:49 INFO     Batch: [3/120] Epoch: [2] Loss: [1.9132716953754425]
2019-04-13 20:53:50 INFO     Batch: [4/120] Epoch: [2] Loss: [1.9110809326171876]
2019-04-13 20:53:50 INFO     Batch: [5/120] Epoch: [2] Loss: [1.9171400864919026]
2019-04-13 20:53:51 INFO     Batch: [6/120] Epoch: [2] Loss: [1.9121411527906145]
2019-04-13 20:53:52 INFO     Batch: [7/120] Epoch: [2] Loss: [1.9142092764377594]
2019-04-13 20:53:52 INFO     Batch: [8/120] Epoch: [2] Loss: [1.9111761649449666]
2019-04-13 20:53:53 INFO     Batch: [9/120] Epoch: [2] Loss: [1.9067950248718262]
2019-04-13 20:53:53 INFO     Batch: [10/120] Epoch: [2] Loss: [1.9116733399304477]
2019-04-13 20:53:54 INFO     Batch: [11/120] Epoch: [2] Loss: [1.9111994703610737]
2019-04-13 20:53:54 INFO     Batch: [12/120] Epoch: [2] Loss: [1.913268125974215]
2019-04-13 20:53:55 INFO     Batch: [13/120] Epoch: [2] Loss: [1.9137471318244934]
2019-04-13 20:53:56 INFO     Batch: [14/120] Epoch: [2] Loss: [1.910023554166158]
2019-04-13 20:53:56 INFO     Batch: [15/120] Epoch: [2] Loss: [1.9077067002654076]
2019-04-13 20:53:57 INFO     Batch: [16/120] Epoch: [2] Loss: [1.9101252696093391]
2019-04-13 20:53:57 INFO     Batch: [17/120] Epoch: [2] Loss: [1.9078087872929044]
2019-04-13 20:53:58 INFO     Batch: [18/120] Epoch: [2] Loss: [1.9074445649197227]
2019-04-13 20:53:58 INFO     Batch: [19/120] Epoch: [2] Loss: [1.9037128806114196]
2019-04-13 20:53:59 INFO     Batch: [20/120] Epoch: [2] Loss: [1.9045933201199485]
2019-04-13 20:54:00 INFO     Batch: [21/120] Epoch: [2] Loss: [1.9025133523074063]
2019-04-13 20:54:00 INFO     Batch: [22/120] Epoch: [2] Loss: [1.9033376237620478]
2019-04-13 20:54:01 INFO     Batch: [23/120] Epoch: [2] Loss: [1.903665562470754]
2019-04-13 20:54:01 INFO     Batch: [24/120] Epoch: [2] Loss: [1.9013767528533936]
2019-04-13 20:54:02 INFO     Batch: [25/120] Epoch: [2] Loss: [1.8994183769592872]
2019-04-13 20:54:03 INFO     Batch: [26/120] Epoch: [2] Loss: [1.9010831514994304]
2019-04-13 20:54:03 INFO     Batch: [27/120] Epoch: [2] Loss: [1.9019630891936166]
2019-04-13 20:54:04 INFO     Batch: [28/120] Epoch: [2] Loss: [1.9006097604488503]
2019-04-13 20:54:05 INFO     Batch: [29/120] Epoch: [2] Loss: [1.9002476652463278]
2019-04-13 20:54:06 INFO     Batch: [30/120] Epoch: [2] Loss: [1.899997357399233]
2019-04-13 20:54:06 INFO     Batch: [31/120] Epoch: [2] Loss: [1.8996796309947968]
2019-04-13 20:54:07 INFO     Batch: [32/120] Epoch: [2] Loss: [1.8980863816810376]
2019-04-13 20:54:08 INFO     Batch: [33/120] Epoch: [2] Loss: [1.8956974288996529]
2019-04-13 20:54:09 INFO     Batch: [34/120] Epoch: [2] Loss: [1.894778449194772]
2019-04-13 20:54:09 INFO     Batch: [35/120] Epoch: [2] Loss: [1.8945978780587514]
2019-04-13 20:54:10 INFO     Batch: [36/120] Epoch: [2] Loss: [1.8948070680772937]
2019-04-13 20:54:11 INFO     Batch: [37/120] Epoch: [2] Loss: [1.8934017608040257]
2019-04-13 20:54:12 INFO     Batch: [38/120] Epoch: [2] Loss: [1.8924652827091706]
2019-04-13 20:54:13 INFO     Batch: [39/120] Epoch: [2] Loss: [1.8917228698730468]
2019-04-13 20:54:13 INFO     Batch: [40/120] Epoch: [2] Loss: [1.8904187068706606]
2019-04-13 20:54:14 INFO     Batch: [41/120] Epoch: [2] Loss: [1.8898000092733473]
2019-04-13 20:54:15 INFO     Batch: [42/120] Epoch: [2] Loss: [1.8882756344107694]
2019-04-13 20:54:16 INFO     Batch: [43/120] Epoch: [2] Loss: [1.8880521953105927]
2019-04-13 20:54:16 INFO     Batch: [44/120] Epoch: [2] Loss: [1.8872591230604383]
2019-04-13 20:54:17 INFO     Batch: [45/120] Epoch: [2] Loss: [1.8870784381161565]
2019-04-13 20:54:18 INFO     Batch: [46/120] Epoch: [2] Loss: [1.885801541044357]
2019-04-13 20:54:19 INFO     Batch: [47/120] Epoch: [2] Loss: [1.884678304195404]
2019-04-13 20:54:20 INFO     Batch: [48/120] Epoch: [2] Loss: [1.884289347395605]
2019-04-13 20:54:20 INFO     Batch: [49/120] Epoch: [2] Loss: [1.883520119190216]
2019-04-13 20:54:21 INFO     Batch: [50/120] Epoch: [2] Loss: [1.8828100199792899]
2019-04-13 20:54:22 INFO     Batch: [51/120] Epoch: [2] Loss: [1.8825030051744902]
2019-04-13 20:54:23 INFO     Batch: [52/120] Epoch: [2] Loss: [1.8817900756620012]
2019-04-13 20:54:23 INFO     Batch: [53/120] Epoch: [2] Loss: [1.8814779299276847]
2019-04-13 20:54:24 INFO     Batch: [54/120] Epoch: [2] Loss: [1.8813705400987104]
2019-04-13 20:54:25 INFO     Batch: [55/120] Epoch: [2] Loss: [1.8804831398384911]
2019-04-13 20:54:26 INFO     Batch: [56/120] Epoch: [2] Loss: [1.8798174648954158]
2019-04-13 20:54:27 INFO     Batch: [57/120] Epoch: [2] Loss: [1.8780035294335464]
2019-04-13 20:54:27 INFO     Batch: [58/120] Epoch: [2] Loss: [1.8779902074296595]
2019-04-13 20:54:28 INFO     Batch: [59/120] Epoch: [2] Loss: [1.8776916444301606]
2019-04-13 20:54:29 INFO     Batch: [60/120] Epoch: [2] Loss: [1.8766150044613197]
2019-04-13 20:54:30 INFO     Batch: [61/120] Epoch: [2] Loss: [1.8768365902285422]
2019-04-13 20:54:30 INFO     Batch: [62/120] Epoch: [2] Loss: [1.8764282919111706]
2019-04-13 20:54:31 INFO     Batch: [63/120] Epoch: [2] Loss: [1.875776182860136]
2019-04-13 20:54:32 INFO     Batch: [64/120] Epoch: [2] Loss: [1.8754191050162683]
2019-04-13 20:54:33 INFO     Batch: [65/120] Epoch: [2] Loss: [1.8743117650349934]
2019-04-13 20:54:34 INFO     Batch: [66/120] Epoch: [2] Loss: [1.874087289198121]
2019-04-13 20:54:34 INFO     Batch: [67/120] Epoch: [2] Loss: [1.8734079353949602]
2019-04-13 20:54:35 INFO     Batch: [68/120] Epoch: [2] Loss: [1.8720457191052644]
2019-04-13 20:54:36 INFO     Batch: [69/120] Epoch: [2] Loss: [1.870748666354588]
2019-04-13 20:54:37 INFO     Batch: [70/120] Epoch: [2] Loss: [1.8699402204701598]
2019-04-13 20:54:37 INFO     Batch: [71/120] Epoch: [2] Loss: [1.8696591671970155]
2019-04-13 20:54:38 INFO     Batch: [72/120] Epoch: [2] Loss: [1.8680240226118532]
2019-04-13 20:54:39 INFO     Batch: [73/120] Epoch: [2] Loss: [1.8667084768011764]
2019-04-13 20:54:40 INFO     Batch: [74/120] Epoch: [2] Loss: [1.8654553572336832]
2019-04-13 20:54:41 INFO     Batch: [75/120] Epoch: [2] Loss: [1.865279462776686]
2019-04-13 20:54:41 INFO     Batch: [76/120] Epoch: [2] Loss: [1.8647166506036537]
2019-04-13 20:54:42 INFO     Batch: [77/120] Epoch: [2] Loss: [1.8638573793264537]
2019-04-13 20:54:43 INFO     Batch: [78/120] Epoch: [2] Loss: [1.862644271005558]
2019-04-13 20:54:44 INFO     Batch: [79/120] Epoch: [2] Loss: [1.8615899205207824]
2019-04-13 20:54:44 INFO     Batch: [80/120] Epoch: [2] Loss: [1.8605227911913838]
2019-04-13 20:54:45 INFO     Batch: [81/120] Epoch: [2] Loss: [1.8592027178624781]
2019-04-13 20:54:46 INFO     Batch: [82/120] Epoch: [2] Loss: [1.85780930519104]
2019-04-13 20:54:47 INFO     Batch: [83/120] Epoch: [2] Loss: [1.8569215933481853]
2019-04-13 20:54:48 INFO     Batch: [84/120] Epoch: [2] Loss: [1.855652776886435]
2019-04-13 20:54:48 INFO     Batch: [85/120] Epoch: [2] Loss: [1.855151614477468]
2019-04-13 20:54:49 INFO     Batch: [86/120] Epoch: [2] Loss: [1.8542862966142852]
2019-04-13 20:54:50 INFO     Batch: [87/120] Epoch: [2] Loss: [1.852678499438546]
2019-04-13 20:54:51 INFO     Batch: [88/120] Epoch: [2] Loss: [1.8528265470869085]
2019-04-13 20:54:52 INFO     Batch: [89/120] Epoch: [2] Loss: [1.851887059211731]
2019-04-13 20:54:52 INFO     Batch: [90/120] Epoch: [2] Loss: [1.8509909373063307]
2019-04-13 20:54:53 INFO     Batch: [91/120] Epoch: [2] Loss: [1.8499451810898988]
2019-04-13 20:54:54 INFO     Batch: [92/120] Epoch: [2] Loss: [1.849275226234108]
2019-04-13 20:54:55 INFO     Batch: [93/120] Epoch: [2] Loss: [1.848441926722831]
2019-04-13 20:54:55 INFO     Batch: [94/120] Epoch: [2] Loss: [1.847409725189209]
2019-04-13 20:54:56 INFO     Batch: [95/120] Epoch: [2] Loss: [1.8461625203490257]
2019-04-13 20:54:57 INFO     Batch: [96/120] Epoch: [2] Loss: [1.8455466929170274]
2019-04-13 20:54:58 INFO     Batch: [97/120] Epoch: [2] Loss: [1.8452592796208906]
2019-04-13 20:54:59 INFO     Batch: [98/120] Epoch: [2] Loss: [1.8444338663659914]
2019-04-13 20:54:59 INFO     Batch: [99/120] Epoch: [2] Loss: [1.8436203598976135]
2019-04-13 20:55:00 INFO     Batch: [100/120] Epoch: [2] Loss: [1.8430197522191718]
2019-04-13 20:55:01 INFO     Batch: [101/120] Epoch: [2] Loss: [1.8421723994554258]
2019-04-13 20:55:02 INFO     Batch: [102/120] Epoch: [2] Loss: [1.84122510442456]
2019-04-13 20:55:02 INFO     Batch: [103/120] Epoch: [2] Loss: [1.8411135501586473]
2019-04-13 20:55:03 INFO     Batch: [104/120] Epoch: [2] Loss: [1.840363589922587]
2019-04-13 20:55:04 INFO     Batch: [105/120] Epoch: [2] Loss: [1.839689797950241]
2019-04-13 20:55:05 INFO     Batch: [106/120] Epoch: [2] Loss: [1.8389305767611923]
2019-04-13 20:55:06 INFO     Batch: [107/120] Epoch: [2] Loss: [1.8381188269014712]
2019-04-13 20:55:06 INFO     Batch: [108/120] Epoch: [2] Loss: [1.8369318334334488]
2019-04-13 20:55:07 INFO     Batch: [109/120] Epoch: [2] Loss: [1.8368195750496603]
2019-04-13 20:55:08 INFO     Batch: [110/120] Epoch: [2] Loss: [1.8363768947017085]
2019-04-13 20:55:09 INFO     Batch: [111/120] Epoch: [2] Loss: [1.8358306054558073]
2019-04-13 20:55:09 INFO     Batch: [112/120] Epoch: [2] Loss: [1.8352477371165183]
2019-04-13 20:55:10 INFO     Batch: [113/120] Epoch: [2] Loss: [1.834113619829479]
2019-04-13 20:55:11 INFO     Batch: [114/120] Epoch: [2] Loss: [1.833286271924558]
2019-04-13 20:55:12 INFO     Batch: [115/120] Epoch: [2] Loss: [1.8321986475895191]
2019-04-13 20:55:12 INFO     Batch: [116/120] Epoch: [2] Loss: [1.8310671331536057]
2019-04-13 20:55:13 INFO     Batch: [117/120] Epoch: [2] Loss: [1.830334946260614]
2019-04-13 20:55:14 INFO     Batch: [118/120] Epoch: [2] Loss: [1.8299566707691224]
2019-04-13 20:55:15 INFO     Batch: [119/120] Epoch: [2] Loss: [1.8299468159675598]
2019-04-13 20:55:20 INFO     **************** Epoch: [2/500] Accuracy: [0.21545454545454545] ****************

2019-04-13 20:55:21 INFO     Batch: [0/120] Epoch: [3] Loss: [1.7514640092849731]
2019-04-13 20:55:22 INFO     Batch: [1/120] Epoch: [3] Loss: [1.7508453726768494]
2019-04-13 20:55:23 INFO     Batch: [2/120] Epoch: [3] Loss: [1.7555842796961467]
2019-04-13 20:55:23 INFO     Batch: [3/120] Epoch: [3] Loss: [1.744940996170044]
2019-04-13 20:55:24 INFO     Batch: [4/120] Epoch: [3] Loss: [1.7380726099014283]
2019-04-13 20:55:25 INFO     Batch: [5/120] Epoch: [3] Loss: [1.7281911571820576]
2019-04-13 20:55:26 INFO     Batch: [6/120] Epoch: [3] Loss: [1.735742722238813]
2019-04-13 20:55:26 INFO     Batch: [7/120] Epoch: [3] Loss: [1.7357188314199448]
2019-04-13 20:55:27 INFO     Batch: [8/120] Epoch: [3] Loss: [1.7410591973198786]
2019-04-13 20:55:28 INFO     Batch: [9/120] Epoch: [3] Loss: [1.7430296063423156]
2019-04-13 20:55:29 INFO     Batch: [10/120] Epoch: [3] Loss: [1.7391854849728672]
2019-04-13 20:55:30 INFO     Batch: [11/120] Epoch: [3] Loss: [1.7370352645715077]
2019-04-13 20:55:30 INFO     Batch: [12/120] Epoch: [3] Loss: [1.7371675784771259]
2019-04-13 20:55:31 INFO     Batch: [13/120] Epoch: [3] Loss: [1.7362259711538042]
2019-04-13 20:55:32 INFO     Batch: [14/120] Epoch: [3] Loss: [1.7368263641993205]
2019-04-13 20:55:33 INFO     Batch: [15/120] Epoch: [3] Loss: [1.7332277968525887]
2019-04-13 20:55:33 INFO     Batch: [16/120] Epoch: [3] Loss: [1.7306060791015625]
2019-04-13 20:55:34 INFO     Batch: [17/120] Epoch: [3] Loss: [1.7320605715115864]
2019-04-13 20:55:35 INFO     Batch: [18/120] Epoch: [3] Loss: [1.7336816599494533]
2019-04-13 20:55:36 INFO     Batch: [19/120] Epoch: [3] Loss: [1.733293342590332]
2019-04-13 20:55:36 INFO     Batch: [20/120] Epoch: [3] Loss: [1.733887451035636]
2019-04-13 20:55:37 INFO     Batch: [21/120] Epoch: [3] Loss: [1.7337653149258008]
2019-04-13 20:55:38 INFO     Batch: [22/120] Epoch: [3] Loss: [1.7327162079189136]
2019-04-13 20:55:39 INFO     Batch: [23/120] Epoch: [3] Loss: [1.7335935135682423]
2019-04-13 20:55:40 INFO     Batch: [24/120] Epoch: [3] Loss: [1.7345076608657837]
2019-04-13 20:55:40 INFO     Batch: [25/120] Epoch: [3] Loss: [1.734074381681589]
2019-04-13 20:55:41 INFO     Batch: [26/120] Epoch: [3] Loss: [1.73290866834146]
2019-04-13 20:55:42 INFO     Batch: [27/120] Epoch: [3] Loss: [1.7316390403679438]
2019-04-13 20:55:43 INFO     Batch: [28/120] Epoch: [3] Loss: [1.7317098173601875]
2019-04-13 20:55:43 INFO     Batch: [29/120] Epoch: [3] Loss: [1.7323123892148335]
2019-04-13 20:55:44 INFO     Batch: [30/120] Epoch: [3] Loss: [1.7333933999461513]
2019-04-13 20:55:45 INFO     Batch: [31/120] Epoch: [3] Loss: [1.7337985783815384]
2019-04-13 20:55:46 INFO     Batch: [32/120] Epoch: [3] Loss: [1.7347796974760112]
2019-04-13 20:55:46 INFO     Batch: [33/120] Epoch: [3] Loss: [1.7338747837964226]
2019-04-13 20:55:47 INFO     Batch: [34/120] Epoch: [3] Loss: [1.732696533203125]
2019-04-13 20:55:48 INFO     Batch: [35/120] Epoch: [3] Loss: [1.7301781210634444]
2019-04-13 20:55:49 INFO     Batch: [36/120] Epoch: [3] Loss: [1.729437087033246]
2019-04-13 20:55:50 INFO     Batch: [37/120] Epoch: [3] Loss: [1.7291059588131152]
2019-04-13 20:55:50 INFO     Batch: [38/120] Epoch: [3] Loss: [1.7271761619127715]
2019-04-13 20:55:51 INFO     Batch: [39/120] Epoch: [3] Loss: [1.726684531569481]
2019-04-13 20:55:52 INFO     Batch: [40/120] Epoch: [3] Loss: [1.7255246406648217]
2019-04-13 20:55:53 INFO     Batch: [41/120] Epoch: [3] Loss: [1.7239437841233753]
2019-04-13 20:55:54 INFO     Batch: [42/120] Epoch: [3] Loss: [1.7234401176142138]
2019-04-13 20:55:54 INFO     Batch: [43/120] Epoch: [3] Loss: [1.7223792617971247]
2019-04-13 20:55:55 INFO     Batch: [44/120] Epoch: [3] Loss: [1.720943488015069]
2019-04-13 20:55:56 INFO     Batch: [45/120] Epoch: [3] Loss: [1.7207776074824126]
2019-04-13 20:55:57 INFO     Batch: [46/120] Epoch: [3] Loss: [1.7206945191038416]
2019-04-13 20:55:57 INFO     Batch: [47/120] Epoch: [3] Loss: [1.7196532562375069]
2019-04-13 20:55:58 INFO     Batch: [48/120] Epoch: [3] Loss: [1.7195826209321314]
2019-04-13 20:55:59 INFO     Batch: [49/120] Epoch: [3] Loss: [1.7194094514846803]
2019-04-13 20:56:00 INFO     Batch: [50/120] Epoch: [3] Loss: [1.7180788330003327]
2019-04-13 20:56:01 INFO     Batch: [51/120] Epoch: [3] Loss: [1.7172597004817083]
2019-04-13 20:56:01 INFO     Batch: [52/120] Epoch: [3] Loss: [1.7159612516187273]
2019-04-13 20:56:02 INFO     Batch: [53/120] Epoch: [3] Loss: [1.715814193089803]
2019-04-13 20:56:03 INFO     Batch: [54/120] Epoch: [3] Loss: [1.7158528848127885]
2019-04-13 20:56:04 INFO     Batch: [55/120] Epoch: [3] Loss: [1.7151130501713072]
2019-04-13 20:56:04 INFO     Batch: [56/120] Epoch: [3] Loss: [1.7146499261521457]
2019-04-13 20:56:05 INFO     Batch: [57/120] Epoch: [3] Loss: [1.7140373690374966]
2019-04-13 20:56:06 INFO     Batch: [58/120] Epoch: [3] Loss: [1.7132507946531652]
2019-04-13 20:56:07 INFO     Batch: [59/120] Epoch: [3] Loss: [1.712530924876531]
2019-04-13 20:56:07 INFO     Batch: [60/120] Epoch: [3] Loss: [1.711824592996816]
2019-04-13 20:56:08 INFO     Batch: [61/120] Epoch: [3] Loss: [1.711300794155367]
2019-04-13 20:56:09 INFO     Batch: [62/120] Epoch: [3] Loss: [1.7099113237290156]
2019-04-13 20:56:10 INFO     Batch: [63/120] Epoch: [3] Loss: [1.7090629413723946]
2019-04-13 20:56:11 INFO     Batch: [64/120] Epoch: [3] Loss: [1.7091869134169357]
2019-04-13 20:56:11 INFO     Batch: [65/120] Epoch: [3] Loss: [1.7077171242598332]
2019-04-13 20:56:12 INFO     Batch: [66/120] Epoch: [3] Loss: [1.7066971686348986]
2019-04-13 20:56:13 INFO     Batch: [67/120] Epoch: [3] Loss: [1.7050853476804846]
2019-04-13 20:56:14 INFO     Batch: [68/120] Epoch: [3] Loss: [1.7044790292131728]
2019-04-13 20:56:14 INFO     Batch: [69/120] Epoch: [3] Loss: [1.703447493485042]
2019-04-13 20:56:15 INFO     Batch: [70/120] Epoch: [3] Loss: [1.7020396900848604]
2019-04-13 20:56:16 INFO     Batch: [71/120] Epoch: [3] Loss: [1.7007825606399112]
2019-04-13 20:56:17 INFO     Batch: [72/120] Epoch: [3] Loss: [1.700536365378393]
2019-04-13 20:56:18 INFO     Batch: [73/120] Epoch: [3] Loss: [1.6997194998973124]
2019-04-13 20:56:18 INFO     Batch: [74/120] Epoch: [3] Loss: [1.6993807379404704]
2019-04-13 20:56:19 INFO     Batch: [75/120] Epoch: [3] Loss: [1.6995125459997278]
2019-04-13 20:56:20 INFO     Batch: [76/120] Epoch: [3] Loss: [1.6989529906929313]
2019-04-13 20:56:21 INFO     Batch: [77/120] Epoch: [3] Loss: [1.6977513845150287]
2019-04-13 20:56:21 INFO     Batch: [78/120] Epoch: [3] Loss: [1.696922878675823]
2019-04-13 20:56:22 INFO     Batch: [79/120] Epoch: [3] Loss: [1.6962408900260926]
2019-04-13 20:56:23 INFO     Batch: [80/120] Epoch: [3] Loss: [1.6953806229579595]
2019-04-13 20:56:24 INFO     Batch: [81/120] Epoch: [3] Loss: [1.6948297488980177]
2019-04-13 20:56:25 INFO     Batch: [82/120] Epoch: [3] Loss: [1.6933125918170056]
2019-04-13 20:56:25 INFO     Batch: [83/120] Epoch: [3] Loss: [1.6919204975877489]
2019-04-13 20:56:26 INFO     Batch: [84/120] Epoch: [3] Loss: [1.6911136066212373]
2019-04-13 20:56:27 INFO     Batch: [85/120] Epoch: [3] Loss: [1.690223674441493]
2019-04-13 20:56:28 INFO     Batch: [86/120] Epoch: [3] Loss: [1.690331045238451]
2019-04-13 20:56:28 INFO     Batch: [87/120] Epoch: [3] Loss: [1.6896894912828098]
2019-04-13 20:56:29 INFO     Batch: [88/120] Epoch: [3] Loss: [1.6890201073014335]
2019-04-13 20:56:30 INFO     Batch: [89/120] Epoch: [3] Loss: [1.6888774633407593]
2019-04-13 20:56:31 INFO     Batch: [90/120] Epoch: [3] Loss: [1.688224611701546]
2019-04-13 20:56:32 INFO     Batch: [91/120] Epoch: [3] Loss: [1.6876597974611365]
2019-04-13 20:56:32 INFO     Batch: [92/120] Epoch: [3] Loss: [1.6866477971435876]
2019-04-13 20:56:33 INFO     Batch: [93/120] Epoch: [3] Loss: [1.6859867027465334]
2019-04-13 20:56:34 INFO     Batch: [94/120] Epoch: [3] Loss: [1.6859528252952978]
2019-04-13 20:56:35 INFO     Batch: [95/120] Epoch: [3] Loss: [1.6850985040267308]
2019-04-13 20:56:35 INFO     Batch: [96/120] Epoch: [3] Loss: [1.684781438296603]
2019-04-13 20:56:36 INFO     Batch: [97/120] Epoch: [3] Loss: [1.6839552813646745]
2019-04-13 20:56:37 INFO     Batch: [98/120] Epoch: [3] Loss: [1.6836274476966473]
2019-04-13 20:56:38 INFO     Batch: [99/120] Epoch: [3] Loss: [1.6828974461555481]
2019-04-13 20:56:39 INFO     Batch: [100/120] Epoch: [3] Loss: [1.682529900333669]
2019-04-13 20:56:39 INFO     Batch: [101/120] Epoch: [3] Loss: [1.681575729566462]
2019-04-13 20:56:40 INFO     Batch: [102/120] Epoch: [3] Loss: [1.6807469499921335]
2019-04-13 20:56:41 INFO     Batch: [103/120] Epoch: [3] Loss: [1.6800338855156531]
2019-04-13 20:56:42 INFO     Batch: [104/120] Epoch: [3] Loss: [1.6797318424497332]
2019-04-13 20:56:42 INFO     Batch: [105/120] Epoch: [3] Loss: [1.6796746984967645]
2019-04-13 20:56:43 INFO     Batch: [106/120] Epoch: [3] Loss: [1.679112421017941]
2019-04-13 20:56:44 INFO     Batch: [107/120] Epoch: [3] Loss: [1.6777448731440086]
2019-04-13 20:56:45 INFO     Batch: [108/120] Epoch: [3] Loss: [1.6767610738036829]
2019-04-13 20:56:46 INFO     Batch: [109/120] Epoch: [3] Loss: [1.6769143104553224]
2019-04-13 20:56:46 INFO     Batch: [110/120] Epoch: [3] Loss: [1.676486884151493]
2019-04-13 20:56:47 INFO     Batch: [111/120] Epoch: [3] Loss: [1.6762845846159118]
2019-04-13 20:56:48 INFO     Batch: [112/120] Epoch: [3] Loss: [1.6753648930946283]
2019-04-13 20:56:49 INFO     Batch: [113/120] Epoch: [3] Loss: [1.6747350912345083]
2019-04-13 20:56:50 INFO     Batch: [114/120] Epoch: [3] Loss: [1.6742390767387723]
2019-04-13 20:56:50 INFO     Batch: [115/120] Epoch: [3] Loss: [1.6738278927474186]
2019-04-13 20:56:51 INFO     Batch: [116/120] Epoch: [3] Loss: [1.6737943469968617]
2019-04-13 20:56:52 INFO     Batch: [117/120] Epoch: [3] Loss: [1.6735864231141948]
2019-04-13 20:56:53 INFO     Batch: [118/120] Epoch: [3] Loss: [1.6732586892713017]
2019-04-13 20:56:53 INFO     Batch: [119/120] Epoch: [3] Loss: [1.6726846069097518]
2019-04-13 20:56:59 INFO     **************** Epoch: [3/500] Accuracy: [0.2083636363636364] ****************

2019-04-13 20:57:00 INFO     Batch: [0/120] Epoch: [4] Loss: [1.5903332233428955]
2019-04-13 20:57:00 INFO     Batch: [1/120] Epoch: [4] Loss: [1.57865309715271]
2019-04-13 20:57:01 INFO     Batch: [2/120] Epoch: [4] Loss: [1.5924782752990723]
2019-04-13 20:57:02 INFO     Batch: [3/120] Epoch: [4] Loss: [1.601060152053833]
2019-04-13 20:57:03 INFO     Batch: [4/120] Epoch: [4] Loss: [1.6116331815719604]
2019-04-13 20:57:03 INFO     Batch: [5/120] Epoch: [4] Loss: [1.6005778908729553]
2019-04-13 20:57:04 INFO     Batch: [6/120] Epoch: [4] Loss: [1.5955005543572562]
2019-04-13 20:57:05 INFO     Batch: [7/120] Epoch: [4] Loss: [1.5993111580610275]
2019-04-13 20:57:06 INFO     Batch: [8/120] Epoch: [4] Loss: [1.5933572716183133]
2019-04-13 20:57:07 INFO     Batch: [9/120] Epoch: [4] Loss: [1.6026138424873353]
2019-04-13 20:57:07 INFO     Batch: [10/120] Epoch: [4] Loss: [1.598404884338379]
2019-04-13 20:57:08 INFO     Batch: [11/120] Epoch: [4] Loss: [1.6026590863863628]
2019-04-13 20:57:09 INFO     Batch: [12/120] Epoch: [4] Loss: [1.6029840799478383]
2019-04-13 20:57:10 INFO     Batch: [13/120] Epoch: [4] Loss: [1.603154412337712]
2019-04-13 20:57:10 INFO     Batch: [14/120] Epoch: [4] Loss: [1.6046611626942953]
2019-04-13 20:57:11 INFO     Batch: [15/120] Epoch: [4] Loss: [1.605855017900467]
2019-04-13 20:57:12 INFO     Batch: [16/120] Epoch: [4] Loss: [1.6038035855573767]
2019-04-13 20:57:13 INFO     Batch: [17/120] Epoch: [4] Loss: [1.6045299569765727]
2019-04-13 20:57:14 INFO     Batch: [18/120] Epoch: [4] Loss: [1.602077935871325]
2019-04-13 20:57:14 INFO     Batch: [19/120] Epoch: [4] Loss: [1.6012527227401734]
2019-04-13 20:57:15 INFO     Batch: [20/120] Epoch: [4] Loss: [1.603414087068467]
2019-04-13 20:57:16 INFO     Batch: [21/120] Epoch: [4] Loss: [1.604171866720373]
2019-04-13 20:57:17 INFO     Batch: [22/120] Epoch: [4] Loss: [1.6074604988098145]
2019-04-13 20:57:17 INFO     Batch: [23/120] Epoch: [4] Loss: [1.6051892787218094]
2019-04-13 20:57:18 INFO     Batch: [24/120] Epoch: [4] Loss: [1.6051197004318238]
2019-04-13 20:57:19 INFO     Batch: [25/120] Epoch: [4] Loss: [1.6022893373782818]
2019-04-13 20:57:20 INFO     Batch: [26/120] Epoch: [4] Loss: [1.59988773310626]
2019-04-13 20:57:20 INFO     Batch: [27/120] Epoch: [4] Loss: [1.598989576101303]
2019-04-13 20:57:21 INFO     Batch: [28/120] Epoch: [4] Loss: [1.5987554624162872]
2019-04-13 20:57:22 INFO     Batch: [29/120] Epoch: [4] Loss: [1.5985507448514302]
