2019-04-05 20:33:08 INFO     Loading Data
2019-04-05 20:33:09 INFO     Model Setting Up
2019-04-05 20:33:17 INFO     Start Training
2019-04-05 20:33:17 INFO     train_dir: ../mnist/train
2019-04-05 20:33:17 INFO     test_dir: ../mnist/test
2019-04-05 20:33:17 INFO     save_dir: ./save
2019-04-05 20:33:17 INFO     num_epochs: 2000
2019-04-05 20:33:17 INFO     batch_size: 500
2019-04-05 20:33:17 INFO     num_points: 512
2019-04-05 20:33:17 INFO     sigma: 0.08
2019-04-05 20:33:17 INFO     log_interval: 1000
2019-04-05 20:33:17 INFO     save_interval: 50
2019-04-05 20:33:17 INFO     baselr: 5e-05
2019-04-05 20:33:17 INFO     density_radius: 0.3
2019-04-05 20:33:17 INFO     feature_out1: 8
2019-04-05 20:33:17 INFO     feature_out2: 16
2019-04-05 20:33:17 INFO     feature_out3: 32
2019-04-05 20:33:17 INFO     feature_out4: 64
2019-04-05 20:33:17 INFO     num_classes: 10
2019-04-05 20:33:17 INFO     bandwidth_0: 8
2019-04-05 20:33:17 INFO     bandwidth_out1: 8
2019-04-05 20:33:17 INFO     bandwidth_out2: 6
2019-04-05 20:33:17 INFO     bandwidth_out3: 4
2019-04-05 20:33:17 INFO     bandwidth_out4: 2
2019-04-05 20:33:24 INFO     Batch: [0/120] Epoch: [0] Loss: [2.309274196624756]
2019-04-05 20:33:25 INFO     Accuracy: [0.0809090909090909]

2019-04-05 20:33:25 INFO     Batch: [1/120] Epoch: [0] Loss: [2.312185287475586]
2019-04-05 20:33:25 INFO     Batch: [2/120] Epoch: [0] Loss: [2.313227812449137]
2019-04-05 20:33:25 INFO     Batch: [3/120] Epoch: [0] Loss: [2.3146364092826843]
2019-04-05 20:33:25 INFO     Batch: [4/120] Epoch: [0] Loss: [2.3140001773834227]
2019-04-05 20:33:25 INFO     Batch: [5/120] Epoch: [0] Loss: [2.313639005025228]
2019-04-05 20:33:25 INFO     Batch: [6/120] Epoch: [0] Loss: [2.3129424027034213]
2019-04-05 20:33:26 INFO     Batch: [7/120] Epoch: [0] Loss: [2.312769800424576]
2019-04-05 20:33:26 INFO     Batch: [8/120] Epoch: [0] Loss: [2.3103083504570856]
2019-04-05 20:33:26 INFO     Batch: [9/120] Epoch: [0] Loss: [2.3097981214523315]
2019-04-05 20:33:26 INFO     Batch: [10/120] Epoch: [0] Loss: [2.3104266903617163]
2019-04-05 20:33:26 INFO     Batch: [11/120] Epoch: [0] Loss: [2.3101742267608643]
2019-04-05 20:33:26 INFO     Batch: [12/120] Epoch: [0] Loss: [2.3105518634502706]
2019-04-05 20:33:26 INFO     Batch: [13/120] Epoch: [0] Loss: [2.3102173124040877]
2019-04-05 20:33:26 INFO     Batch: [14/120] Epoch: [0] Loss: [2.3103674411773683]
2019-04-05 20:33:26 INFO     Batch: [15/120] Epoch: [0] Loss: [2.3104022592306137]
2019-04-05 20:33:26 INFO     Batch: [16/120] Epoch: [0] Loss: [2.3099641659680534]
2019-04-05 20:33:26 INFO     Batch: [17/120] Epoch: [0] Loss: [2.309638116094801]
2019-04-05 20:33:26 INFO     Batch: [18/120] Epoch: [0] Loss: [2.309737494117335]
2019-04-05 20:33:26 INFO     Batch: [19/120] Epoch: [0] Loss: [2.30976026058197]
2019-04-05 20:33:27 INFO     Batch: [20/120] Epoch: [0] Loss: [2.309616963068644]
2019-04-05 20:33:27 INFO     Batch: [21/120] Epoch: [0] Loss: [2.3093422001058403]
2019-04-05 20:33:27 INFO     Batch: [22/120] Epoch: [0] Loss: [2.3091554745383887]
2019-04-05 20:33:27 INFO     Batch: [23/120] Epoch: [0] Loss: [2.308786223332087]
2019-04-05 20:33:27 INFO     Batch: [24/120] Epoch: [0] Loss: [2.3085454082489014]
2019-04-05 20:33:27 INFO     Batch: [25/120] Epoch: [0] Loss: [2.308324557084304]
2019-04-05 20:33:27 INFO     Batch: [26/120] Epoch: [0] Loss: [2.307788301397253]
2019-04-05 20:33:27 INFO     Batch: [27/120] Epoch: [0] Loss: [2.307600259780884]
2019-04-05 20:33:27 INFO     Batch: [28/120] Epoch: [0] Loss: [2.306999897134715]
2019-04-05 20:33:27 INFO     Batch: [29/120] Epoch: [0] Loss: [2.3071761687596637]
2019-04-05 20:33:27 INFO     Batch: [30/120] Epoch: [0] Loss: [2.307047790096652]
2019-04-05 20:33:27 INFO     Batch: [31/120] Epoch: [0] Loss: [2.3070131838321686]
2019-04-05 20:33:27 INFO     Batch: [32/120] Epoch: [0] Loss: [2.306703632528132]
2019-04-05 20:33:27 INFO     Batch: [33/120] Epoch: [0] Loss: [2.306418397847344]
2019-04-05 20:33:28 INFO     Batch: [34/120] Epoch: [0] Loss: [2.3061225959232874]
2019-04-05 20:33:28 INFO     Batch: [35/120] Epoch: [0] Loss: [2.3060181538263955]
2019-04-05 20:33:28 INFO     Batch: [36/120] Epoch: [0] Loss: [2.3057674523946403]
2019-04-05 20:33:28 INFO     Batch: [37/120] Epoch: [0] Loss: [2.305444679762188]
2019-04-05 20:33:28 INFO     Batch: [38/120] Epoch: [0] Loss: [2.305200301683866]
2019-04-05 20:33:28 INFO     Batch: [39/120] Epoch: [0] Loss: [2.3048529505729674]
2019-04-05 20:33:28 INFO     Batch: [40/120] Epoch: [0] Loss: [2.304521653710342]
2019-04-05 20:33:28 INFO     Batch: [41/120] Epoch: [0] Loss: [2.3043892780939736]
2019-04-05 20:33:28 INFO     Batch: [42/120] Epoch: [0] Loss: [2.304267728051474]
2019-04-05 20:33:28 INFO     Batch: [43/120] Epoch: [0] Loss: [2.3040509169751946]
2019-04-05 20:33:28 INFO     Batch: [44/120] Epoch: [0] Loss: [2.3039084063635933]
2019-04-05 20:33:28 INFO     Batch: [45/120] Epoch: [0] Loss: [2.303437782370526]
2019-04-05 20:33:28 INFO     Batch: [46/120] Epoch: [0] Loss: [2.303247147418083]
2019-04-05 20:33:29 INFO     Batch: [47/120] Epoch: [0] Loss: [2.3030463258425393]
2019-04-05 20:33:29 INFO     Batch: [48/120] Epoch: [0] Loss: [2.3028018133980885]
2019-04-05 20:33:29 INFO     Batch: [49/120] Epoch: [0] Loss: [2.302644872665405]
2019-04-05 20:33:29 INFO     Batch: [50/120] Epoch: [0] Loss: [2.302286807228537]
2019-04-05 20:33:29 INFO     Batch: [51/120] Epoch: [0] Loss: [2.3019223717542796]
2019-04-05 20:33:29 INFO     Batch: [52/120] Epoch: [0] Loss: [2.301583186635431]
2019-04-05 20:33:29 INFO     Batch: [53/120] Epoch: [0] Loss: [2.3012784013041743]
2019-04-05 20:33:29 INFO     Batch: [54/120] Epoch: [0] Loss: [2.3010297428477893]
2019-04-05 20:33:29 INFO     Batch: [55/120] Epoch: [0] Loss: [2.300778933933803]
2019-04-05 20:33:29 INFO     Batch: [56/120] Epoch: [0] Loss: [2.3004907641494485]
2019-04-05 20:33:29 INFO     Batch: [57/120] Epoch: [0] Loss: [2.3004325011680864]
2019-04-05 20:33:29 INFO     Batch: [58/120] Epoch: [0] Loss: [2.3000068866600425]
2019-04-05 20:33:29 INFO     Batch: [59/120] Epoch: [0] Loss: [2.299843474229177]
2019-04-05 20:33:30 INFO     Batch: [60/120] Epoch: [0] Loss: [2.299518413231021]
2019-04-05 20:33:30 INFO     Batch: [61/120] Epoch: [0] Loss: [2.299259458818743]
2019-04-05 20:33:30 INFO     Batch: [62/120] Epoch: [0] Loss: [2.298978850955055]
2019-04-05 20:33:30 INFO     Batch: [63/120] Epoch: [0] Loss: [2.298795897513628]
2019-04-05 20:33:30 INFO     Batch: [64/120] Epoch: [0] Loss: [2.2984852093916674]
2019-04-05 20:33:30 INFO     Batch: [65/120] Epoch: [0] Loss: [2.2980796134833135]
2019-04-05 20:33:30 INFO     Batch: [66/120] Epoch: [0] Loss: [2.2977805102049413]
2019-04-05 20:33:30 INFO     Batch: [67/120] Epoch: [0] Loss: [2.297447492094601]
2019-04-05 20:33:30 INFO     Batch: [68/120] Epoch: [0] Loss: [2.2972355649091196]
2019-04-05 20:33:30 INFO     Batch: [69/120] Epoch: [0] Loss: [2.297040319442749]
2019-04-05 20:33:30 INFO     Batch: [70/120] Epoch: [0] Loss: [2.2966576126259817]
2019-04-05 20:33:30 INFO     Batch: [71/120] Epoch: [0] Loss: [2.296410815583335]
2019-04-05 20:33:30 INFO     Batch: [72/120] Epoch: [0] Loss: [2.2961195788971365]
2019-04-05 20:33:31 INFO     Batch: [73/120] Epoch: [0] Loss: [2.29584091096311]
2019-04-05 20:33:31 INFO     Batch: [74/120] Epoch: [0] Loss: [2.2956532637278237]
2019-04-05 20:33:31 INFO     Batch: [75/120] Epoch: [0] Loss: [2.2953729378549674]
2019-04-05 20:33:31 INFO     Batch: [76/120] Epoch: [0] Loss: [2.2950005221676517]
2019-04-05 20:33:31 INFO     Batch: [77/120] Epoch: [0] Loss: [2.294826654287485]
2019-04-05 20:33:31 INFO     Batch: [78/120] Epoch: [0] Loss: [2.2944734549220605]
2019-04-05 20:33:31 INFO     Batch: [79/120] Epoch: [0] Loss: [2.294217723608017]
2019-04-05 20:33:31 INFO     Batch: [80/120] Epoch: [0] Loss: [2.2938981850941977]
2019-04-05 20:33:31 INFO     Batch: [81/120] Epoch: [0] Loss: [2.293578415382199]
2019-04-05 20:33:31 INFO     Batch: [82/120] Epoch: [0] Loss: [2.293318679533809]
2019-04-05 20:33:31 INFO     Batch: [83/120] Epoch: [0] Loss: [2.292900088287535]
2019-04-05 20:33:31 INFO     Batch: [84/120] Epoch: [0] Loss: [2.2925654327168186]
2019-04-05 20:33:31 INFO     Batch: [85/120] Epoch: [0] Loss: [2.292397196902785]
2019-04-05 20:33:31 INFO     Batch: [86/120] Epoch: [0] Loss: [2.292233875428123]
2019-04-05 20:33:32 INFO     Batch: [87/120] Epoch: [0] Loss: [2.292015782811425]
2019-04-05 20:33:32 INFO     Batch: [88/120] Epoch: [0] Loss: [2.291762869009811]
2019-04-05 20:33:32 INFO     Batch: [89/120] Epoch: [0] Loss: [2.2914285951190525]
2019-04-05 20:33:32 INFO     Batch: [90/120] Epoch: [0] Loss: [2.2910741371112864]
2019-04-05 20:33:32 INFO     Batch: [91/120] Epoch: [0] Loss: [2.290888726711273]
2019-04-05 20:33:32 INFO     Batch: [92/120] Epoch: [0] Loss: [2.2905774757426274]
2019-04-05 20:33:32 INFO     Batch: [93/120] Epoch: [0] Loss: [2.2902604290779602]
2019-04-05 20:33:32 INFO     Batch: [94/120] Epoch: [0] Loss: [2.2900745793392785]
2019-04-05 20:33:32 INFO     Batch: [95/120] Epoch: [0] Loss: [2.289932630956173]
2019-04-05 20:33:32 INFO     Batch: [96/120] Epoch: [0] Loss: [2.2895870602007995]
2019-04-05 20:33:32 INFO     Batch: [97/120] Epoch: [0] Loss: [2.2893314969782925]
2019-04-05 20:33:32 INFO     Batch: [98/120] Epoch: [0] Loss: [2.2890224986606174]
2019-04-05 20:33:32 INFO     Batch: [99/120] Epoch: [0] Loss: [2.2887374353408814]
2019-04-05 20:33:33 INFO     Batch: [100/120] Epoch: [0] Loss: [2.2884228182311106]
2019-04-05 20:33:33 INFO     Batch: [101/120] Epoch: [0] Loss: [2.2881892849417294]
2019-04-05 20:33:33 INFO     Batch: [102/120] Epoch: [0] Loss: [2.2878986516045137]
2019-04-05 20:33:33 INFO     Batch: [103/120] Epoch: [0] Loss: [2.2876666532113004]
2019-04-05 20:33:33 INFO     Batch: [104/120] Epoch: [0] Loss: [2.2874389103480746]
2019-04-05 20:33:33 INFO     Batch: [105/120] Epoch: [0] Loss: [2.287195435110128]
2019-04-05 20:33:33 INFO     Batch: [106/120] Epoch: [0] Loss: [2.286927960743414]
2019-04-05 20:33:33 INFO     Batch: [107/120] Epoch: [0] Loss: [2.2866431651292025]
2019-04-05 20:33:33 INFO     Batch: [108/120] Epoch: [0] Loss: [2.2863766534612813]
2019-04-05 20:33:33 INFO     Batch: [109/120] Epoch: [0] Loss: [2.2861715338446875]
2019-04-05 20:33:33 INFO     Batch: [110/120] Epoch: [0] Loss: [2.2858789224882385]
2019-04-05 20:33:33 INFO     Batch: [111/120] Epoch: [0] Loss: [2.2855218712772642]
2019-04-05 20:33:33 INFO     Batch: [112/120] Epoch: [0] Loss: [2.285250961253073]
2019-04-05 20:33:34 INFO     Batch: [113/120] Epoch: [0] Loss: [2.2849285937192145]
2019-04-05 20:33:34 INFO     Batch: [114/120] Epoch: [0] Loss: [2.284668773153554]
2019-04-05 20:33:34 INFO     Batch: [115/120] Epoch: [0] Loss: [2.284438797112169]
2019-04-05 20:33:34 INFO     Batch: [116/120] Epoch: [0] Loss: [2.284160807601407]
2019-04-05 20:33:34 INFO     Batch: [117/120] Epoch: [0] Loss: [2.283920170897144]
2019-04-05 20:33:34 INFO     Batch: [118/120] Epoch: [0] Loss: [2.2836615919065073]
2019-04-05 20:33:34 INFO     Batch: [119/120] Epoch: [0] Loss: [2.283386166890462]
2019-04-05 20:33:35 INFO     Epoch: [0/2000] Loss: [2.283386166890462] Accuracy: [0.20490909090909096]
2019-04-05 20:33:35 INFO     Batch: [0/120] Epoch: [1] Loss: [2.255598545074463]
2019-04-05 20:33:36 INFO     Accuracy: [0.20690909090909093]

2019-04-05 20:33:36 INFO     Batch: [1/120] Epoch: [1] Loss: [2.250191330909729]
2019-04-05 20:33:36 INFO     Batch: [2/120] Epoch: [1] Loss: [2.249786456425985]
2019-04-05 20:33:36 INFO     Batch: [3/120] Epoch: [1] Loss: [2.2482069730758667]
2019-04-05 20:33:36 INFO     Batch: [4/120] Epoch: [1] Loss: [2.2473134994506836]
2019-04-05 20:33:36 INFO     Batch: [5/120] Epoch: [1] Loss: [2.247505227724711]
2019-04-05 20:33:36 INFO     Batch: [6/120] Epoch: [1] Loss: [2.2481557641710554]
2019-04-05 20:33:36 INFO     Batch: [7/120] Epoch: [1] Loss: [2.249015122652054]
2019-04-05 20:33:36 INFO     Batch: [8/120] Epoch: [1] Loss: [2.2490942743089466]
2019-04-05 20:33:37 INFO     Batch: [9/120] Epoch: [1] Loss: [2.248313140869141]
2019-04-05 20:33:37 INFO     Batch: [10/120] Epoch: [1] Loss: [2.248298991810192]
2019-04-05 20:33:37 INFO     Batch: [11/120] Epoch: [1] Loss: [2.247868021329244]
2019-04-05 20:33:37 INFO     Batch: [12/120] Epoch: [1] Loss: [2.247406739455003]
2019-04-05 20:33:37 INFO     Batch: [13/120] Epoch: [1] Loss: [2.2478160517556325]
2019-04-05 20:33:37 INFO     Batch: [14/120] Epoch: [1] Loss: [2.2476959069569906]
2019-04-05 20:33:37 INFO     Batch: [15/120] Epoch: [1] Loss: [2.2474592179059982]
2019-04-05 20:33:37 INFO     Batch: [16/120] Epoch: [1] Loss: [2.2479311999152687]
2019-04-05 20:33:37 INFO     Batch: [17/120] Epoch: [1] Loss: [2.2477783494525485]
2019-04-05 20:33:37 INFO     Batch: [18/120] Epoch: [1] Loss: [2.24749944084569]
2019-04-05 20:33:37 INFO     Batch: [19/120] Epoch: [1] Loss: [2.24742671251297]
2019-04-05 20:33:37 INFO     Batch: [20/120] Epoch: [1] Loss: [2.2475137483505976]
2019-04-05 20:33:37 INFO     Batch: [21/120] Epoch: [1] Loss: [2.2471226995641533]
2019-04-05 20:33:38 INFO     Batch: [22/120] Epoch: [1] Loss: [2.2471623006074326]
2019-04-05 20:33:38 INFO     Batch: [23/120] Epoch: [1] Loss: [2.2467107077439628]
2019-04-05 20:33:38 INFO     Batch: [24/120] Epoch: [1] Loss: [2.246430587768555]
2019-04-05 20:33:38 INFO     Batch: [25/120] Epoch: [1] Loss: [2.245839843383202]
2019-04-05 20:33:38 INFO     Batch: [26/120] Epoch: [1] Loss: [2.2456112967597113]
2019-04-05 20:33:38 INFO     Batch: [27/120] Epoch: [1] Loss: [2.245275241988046]
2019-04-05 20:33:38 INFO     Batch: [28/120] Epoch: [1] Loss: [2.2450957544918717]
2019-04-05 20:33:38 INFO     Batch: [29/120] Epoch: [1] Loss: [2.244932436943054]
2019-04-05 20:33:38 INFO     Batch: [30/120] Epoch: [1] Loss: [2.244445216271185]
2019-04-05 20:33:38 INFO     Batch: [31/120] Epoch: [1] Loss: [2.244491644203663]
2019-04-05 20:33:38 INFO     Batch: [32/120] Epoch: [1] Loss: [2.244313044981523]
2019-04-05 20:33:38 INFO     Batch: [33/120] Epoch: [1] Loss: [2.24403971083024]
2019-04-05 20:33:38 INFO     Batch: [34/120] Epoch: [1] Loss: [2.2440215042659215]
2019-04-05 20:33:39 INFO     Batch: [35/120] Epoch: [1] Loss: [2.243468119038476]
2019-04-05 20:33:39 INFO     Batch: [36/120] Epoch: [1] Loss: [2.243234260662182]
2019-04-05 20:33:39 INFO     Batch: [37/120] Epoch: [1] Loss: [2.2430482663606344]
2019-04-05 20:33:39 INFO     Batch: [38/120] Epoch: [1] Loss: [2.242847754405095]
2019-04-05 20:33:39 INFO     Batch: [39/120] Epoch: [1] Loss: [2.242425227165222]
2019-04-05 20:33:39 INFO     Batch: [40/120] Epoch: [1] Loss: [2.2420162107886337]
2019-04-05 20:33:39 INFO     Batch: [41/120] Epoch: [1] Loss: [2.2416478281929377]
2019-04-05 20:33:39 INFO     Batch: [42/120] Epoch: [1] Loss: [2.2412717785946157]
2019-04-05 20:33:39 INFO     Batch: [43/120] Epoch: [1] Loss: [2.240929435599934]
2019-04-05 20:33:39 INFO     Batch: [44/120] Epoch: [1] Loss: [2.240667231877645]
2019-04-05 20:33:39 INFO     Batch: [45/120] Epoch: [1] Loss: [2.240370159563811]
2019-04-05 20:33:39 INFO     Batch: [46/120] Epoch: [1] Loss: [2.2399621770737017]
2019-04-05 20:33:39 INFO     Batch: [47/120] Epoch: [1] Loss: [2.239752540985743]
2019-04-05 20:33:39 INFO     Batch: [48/120] Epoch: [1] Loss: [2.239542630254006]
2019-04-05 20:33:40 INFO     Batch: [49/120] Epoch: [1] Loss: [2.239374876022339]
2019-04-05 20:33:40 INFO     Batch: [50/120] Epoch: [1] Loss: [2.2390097122566375]
2019-04-05 20:33:40 INFO     Batch: [51/120] Epoch: [1] Loss: [2.238742388211764]
2019-04-05 20:33:40 INFO     Batch: [52/120] Epoch: [1] Loss: [2.2382641378438697]
2019-04-05 20:33:40 INFO     Batch: [53/120] Epoch: [1] Loss: [2.2378617834161827]
2019-04-05 20:33:40 INFO     Batch: [54/120] Epoch: [1] Loss: [2.2377320549704813]
2019-04-05 20:33:40 INFO     Batch: [55/120] Epoch: [1] Loss: [2.237550233091627]
2019-04-05 20:33:40 INFO     Batch: [56/120] Epoch: [1] Loss: [2.237286642978066]
2019-04-05 20:33:40 INFO     Batch: [57/120] Epoch: [1] Loss: [2.2370052049899924]
2019-04-05 20:33:40 INFO     Batch: [58/120] Epoch: [1] Loss: [2.236961498098858]
2019-04-05 20:33:40 INFO     Batch: [59/120] Epoch: [1] Loss: [2.2367421706517536]
2019-04-05 20:33:40 INFO     Batch: [60/120] Epoch: [1] Loss: [2.2365069037578147]
2019-04-05 20:33:40 INFO     Batch: [61/120] Epoch: [1] Loss: [2.236290693283081]
2019-04-05 20:33:41 INFO     Batch: [62/120] Epoch: [1] Loss: [2.2360869702838717]
2019-04-05 20:33:41 INFO     Batch: [63/120] Epoch: [1] Loss: [2.235829897224903]
2019-04-05 20:33:41 INFO     Batch: [64/120] Epoch: [1] Loss: [2.235385795739981]
2019-04-05 20:33:41 INFO     Batch: [65/120] Epoch: [1] Loss: [2.2350975022171484]
2019-04-05 20:33:41 INFO     Batch: [66/120] Epoch: [1] Loss: [2.2349673029202135]
2019-04-05 20:33:41 INFO     Batch: [67/120] Epoch: [1] Loss: [2.234707699102514]
2019-04-05 20:33:41 INFO     Batch: [68/120] Epoch: [1] Loss: [2.2344730073127193]
2019-04-05 20:33:41 INFO     Batch: [69/120] Epoch: [1] Loss: [2.234033261026655]
2019-04-05 20:33:41 INFO     Batch: [70/120] Epoch: [1] Loss: [2.233799296365657]
2019-04-05 20:33:41 INFO     Batch: [71/120] Epoch: [1] Loss: [2.233352926042345]
2019-04-05 20:33:41 INFO     Batch: [72/120] Epoch: [1] Loss: [2.2331473076180237]
2019-04-05 20:33:41 INFO     Batch: [73/120] Epoch: [1] Loss: [2.2330252769831063]
2019-04-05 20:33:41 INFO     Batch: [74/120] Epoch: [1] Loss: [2.232829138437907]
2019-04-05 20:33:42 INFO     Batch: [75/120] Epoch: [1] Loss: [2.2323733442708065]
2019-04-05 20:33:42 INFO     Batch: [76/120] Epoch: [1] Loss: [2.2321100668473677]
2019-04-05 20:33:42 INFO     Batch: [77/120] Epoch: [1] Loss: [2.231826384862264]
2019-04-05 20:33:42 INFO     Batch: [78/120] Epoch: [1] Loss: [2.2315250952032546]
2019-04-05 20:33:42 INFO     Batch: [79/120] Epoch: [1] Loss: [2.2312994062900544]
2019-04-05 20:33:42 INFO     Batch: [80/120] Epoch: [1] Loss: [2.2311083475748696]
2019-04-05 20:33:42 INFO     Batch: [81/120] Epoch: [1] Loss: [2.230561433768854]
2019-04-05 20:33:42 INFO     Batch: [82/120] Epoch: [1] Loss: [2.23024360817599]
2019-04-05 20:33:42 INFO     Batch: [83/120] Epoch: [1] Loss: [2.2300180111612593]
2019-04-05 20:33:42 INFO     Batch: [84/120] Epoch: [1] Loss: [2.229695244396434]
2019-04-05 20:33:42 INFO     Batch: [85/120] Epoch: [1] Loss: [2.229486590208009]
2019-04-05 20:33:42 INFO     Batch: [86/120] Epoch: [1] Loss: [2.2292847304508605]
2019-04-05 20:33:42 INFO     Batch: [87/120] Epoch: [1] Loss: [2.2289086255160244]
2019-04-05 20:33:43 INFO     Batch: [88/120] Epoch: [1] Loss: [2.228721674908413]
2019-04-05 20:33:43 INFO     Batch: [89/120] Epoch: [1] Loss: [2.2285242266125147]
2019-04-05 20:33:43 INFO     Batch: [90/120] Epoch: [1] Loss: [2.2281838065975315]
2019-04-05 20:33:43 INFO     Batch: [91/120] Epoch: [1] Loss: [2.2280191053514895]
2019-04-05 20:33:43 INFO     Batch: [92/120] Epoch: [1] Loss: [2.227838998199791]
2019-04-05 20:33:43 INFO     Batch: [93/120] Epoch: [1] Loss: [2.2276226814757]
2019-04-05 20:33:43 INFO     Batch: [94/120] Epoch: [1] Loss: [2.227244633122494]
2019-04-05 20:33:43 INFO     Batch: [95/120] Epoch: [1] Loss: [2.227065809071064]
2019-04-05 20:33:43 INFO     Batch: [96/120] Epoch: [1] Loss: [2.22687584591895]
2019-04-05 20:33:43 INFO     Batch: [97/120] Epoch: [1] Loss: [2.226638886393333]
2019-04-05 20:33:43 INFO     Batch: [98/120] Epoch: [1] Loss: [2.2263689787700924]
2019-04-05 20:33:43 INFO     Batch: [99/120] Epoch: [1] Loss: [2.2260286164283754]
2019-04-05 20:33:43 INFO     Batch: [100/120] Epoch: [1] Loss: [2.225833314480168]
2019-04-05 20:33:44 INFO     Batch: [101/120] Epoch: [1] Loss: [2.2256143256729723]
2019-04-05 20:33:44 INFO     Batch: [102/120] Epoch: [1] Loss: [2.225435981472719]
2019-04-05 20:33:44 INFO     Batch: [103/120] Epoch: [1] Loss: [2.2252355951529283]
2019-04-05 20:33:44 INFO     Batch: [104/120] Epoch: [1] Loss: [2.2250028292338055]
2019-04-05 20:33:44 INFO     Batch: [105/120] Epoch: [1] Loss: [2.224647715406598]
2019-04-05 20:33:44 INFO     Batch: [106/120] Epoch: [1] Loss: [2.224471542322747]
2019-04-05 20:33:44 INFO     Batch: [107/120] Epoch: [1] Loss: [2.2243822283214993]
2019-04-05 20:33:44 INFO     Batch: [108/120] Epoch: [1] Loss: [2.224100165410873]
2019-04-05 20:33:44 INFO     Batch: [109/120] Epoch: [1] Loss: [2.2237503918734465]
2019-04-05 20:33:44 INFO     Batch: [110/120] Epoch: [1] Loss: [2.223624577393403]
2019-04-05 20:33:44 INFO     Batch: [111/120] Epoch: [1] Loss: [2.2234017572232654]
2019-04-05 20:33:44 INFO     Batch: [112/120] Epoch: [1] Loss: [2.223113587472291]
2019-04-05 20:33:44 INFO     Batch: [113/120] Epoch: [1] Loss: [2.2228721944909346]
2019-04-05 20:33:44 INFO     Batch: [114/120] Epoch: [1] Loss: [2.2225973585377568]
2019-04-05 20:33:45 INFO     Batch: [115/120] Epoch: [1] Loss: [2.222516008492174]
2019-04-05 20:33:45 INFO     Batch: [116/120] Epoch: [1] Loss: [2.2222187417185206]
2019-04-05 20:33:45 INFO     Batch: [117/120] Epoch: [1] Loss: [2.2220016818935586]
2019-04-05 20:33:45 INFO     Batch: [118/120] Epoch: [1] Loss: [2.2216947479408327]
2019-04-05 20:33:45 INFO     Batch: [119/120] Epoch: [1] Loss: [2.2213344514369964]
2019-04-05 20:33:46 INFO     Epoch: [1/2000] Loss: [2.2213344514369964] Accuracy: [0.228]
2019-04-05 20:33:46 INFO     Batch: [0/120] Epoch: [2] Loss: [2.1871840953826904]
2019-04-05 20:33:47 INFO     Accuracy: [0.23018181818181824]

2019-04-05 20:33:47 INFO     Batch: [1/120] Epoch: [2] Loss: [2.18584406375885]
2019-04-05 20:33:47 INFO     Batch: [2/120] Epoch: [2] Loss: [2.1866835753122964]
2019-04-05 20:33:47 INFO     Batch: [3/120] Epoch: [2] Loss: [2.180659592151642]
2019-04-05 20:33:47 INFO     Batch: [4/120] Epoch: [2] Loss: [2.1848748207092283]
2019-04-05 20:33:47 INFO     Batch: [5/120] Epoch: [2] Loss: [2.184072971343994]
2019-04-05 20:33:47 INFO     Batch: [6/120] Epoch: [2] Loss: [2.1842567239488875]
2019-04-05 20:33:47 INFO     Batch: [7/120] Epoch: [2] Loss: [2.185655415058136]
2019-04-05 20:33:47 INFO     Batch: [8/120] Epoch: [2] Loss: [2.1843256420559354]
2019-04-05 20:33:47 INFO     Batch: [9/120] Epoch: [2] Loss: [2.18361554145813]
2019-04-05 20:33:48 INFO     Batch: [10/120] Epoch: [2] Loss: [2.182336222041737]
2019-04-05 20:33:48 INFO     Batch: [11/120] Epoch: [2] Loss: [2.1817684173583984]
2019-04-05 20:33:48 INFO     Batch: [12/120] Epoch: [2] Loss: [2.1809272032517653]
2019-04-05 20:33:48 INFO     Batch: [13/120] Epoch: [2] Loss: [2.1799783366067067]
2019-04-05 20:33:48 INFO     Batch: [14/120] Epoch: [2] Loss: [2.17960467338562]
2019-04-05 20:33:48 INFO     Batch: [15/120] Epoch: [2] Loss: [2.181135520339012]
2019-04-05 20:33:48 INFO     Batch: [16/120] Epoch: [2] Loss: [2.181565060335047]
2019-04-05 20:33:48 INFO     Batch: [17/120] Epoch: [2] Loss: [2.1819484763675265]
2019-04-05 20:33:48 INFO     Batch: [18/120] Epoch: [2] Loss: [2.1818919934724508]
2019-04-05 20:33:48 INFO     Batch: [19/120] Epoch: [2] Loss: [2.181421530246735]
2019-04-05 20:33:48 INFO     Batch: [20/120] Epoch: [2] Loss: [2.181511538369315]
2019-04-05 20:33:48 INFO     Batch: [21/120] Epoch: [2] Loss: [2.180351799184626]
2019-04-05 20:33:48 INFO     Batch: [22/120] Epoch: [2] Loss: [2.1800795430722446]
2019-04-05 20:33:49 INFO     Batch: [23/120] Epoch: [2] Loss: [2.1800759732723236]
2019-04-05 20:33:49 INFO     Batch: [24/120] Epoch: [2] Loss: [2.1799638938903807]
2019-04-05 20:33:49 INFO     Batch: [25/120] Epoch: [2] Loss: [2.17943667448484]
2019-04-05 20:33:49 INFO     Batch: [26/120] Epoch: [2] Loss: [2.179156329896715]
2019-04-05 20:33:49 INFO     Batch: [27/120] Epoch: [2] Loss: [2.1782927938870023]
2019-04-05 20:33:49 INFO     Batch: [28/120] Epoch: [2] Loss: [2.177875806545389]
2019-04-05 20:33:49 INFO     Batch: [29/120] Epoch: [2] Loss: [2.177183508872986]
2019-04-05 20:33:49 INFO     Batch: [30/120] Epoch: [2] Loss: [2.176828884309338]
2019-04-05 20:33:49 INFO     Batch: [31/120] Epoch: [2] Loss: [2.1767199113965034]
2019-04-05 20:33:49 INFO     Batch: [32/120] Epoch: [2] Loss: [2.176333925940774]
2019-04-05 20:33:49 INFO     Batch: [33/120] Epoch: [2] Loss: [2.176078571992762]
2019-04-05 20:33:49 INFO     Batch: [34/120] Epoch: [2] Loss: [2.175625705718994]
2019-04-05 20:33:49 INFO     Batch: [35/120] Epoch: [2] Loss: [2.1756350265608893]
2019-04-05 20:33:50 INFO     Batch: [36/120] Epoch: [2] Loss: [2.175161039507067]
2019-04-05 20:33:50 INFO     Batch: [37/120] Epoch: [2] Loss: [2.17425054625461]
2019-04-05 20:33:50 INFO     Batch: [38/120] Epoch: [2] Loss: [2.1735524336496987]
2019-04-05 20:33:50 INFO     Batch: [39/120] Epoch: [2] Loss: [2.1731869101524355]
2019-04-05 20:33:50 INFO     Batch: [40/120] Epoch: [2] Loss: [2.173208847278502]
2019-04-05 20:33:50 INFO     Batch: [41/120] Epoch: [2] Loss: [2.1727604411897206]
2019-04-05 20:33:50 INFO     Batch: [42/120] Epoch: [2] Loss: [2.1726507419763608]
2019-04-05 20:33:50 INFO     Batch: [43/120] Epoch: [2] Loss: [2.172466738657518]
2019-04-05 20:33:50 INFO     Batch: [44/120] Epoch: [2] Loss: [2.1721814420488146]
2019-04-05 20:33:50 INFO     Batch: [45/120] Epoch: [2] Loss: [2.1716717066972153]
2019-04-05 20:33:50 INFO     Batch: [46/120] Epoch: [2] Loss: [2.1712741496715138]
2019-04-05 20:33:50 INFO     Batch: [47/120] Epoch: [2] Loss: [2.171104689439138]
2019-04-05 20:33:50 INFO     Batch: [48/120] Epoch: [2] Loss: [2.170889903088005]
2019-04-05 20:33:51 INFO     Batch: [49/120] Epoch: [2] Loss: [2.1702846670150757]
2019-04-05 20:33:51 INFO     Batch: [50/120] Epoch: [2] Loss: [2.1697464503493964]
2019-04-05 20:33:51 INFO     Batch: [51/120] Epoch: [2] Loss: [2.1696850611613345]
2019-04-05 20:33:51 INFO     Batch: [52/120] Epoch: [2] Loss: [2.168941484307343]
2019-04-05 20:33:51 INFO     Batch: [53/120] Epoch: [2] Loss: [2.168443282445272]
2019-04-05 20:33:51 INFO     Batch: [54/120] Epoch: [2] Loss: [2.168357905474576]
2019-04-05 20:33:51 INFO     Batch: [55/120] Epoch: [2] Loss: [2.1680304450648173]
2019-04-05 20:33:51 INFO     Batch: [56/120] Epoch: [2] Loss: [2.1679196734177437]
2019-04-05 20:33:51 INFO     Batch: [57/120] Epoch: [2] Loss: [2.1675988312425285]
2019-04-05 20:33:51 INFO     Batch: [58/120] Epoch: [2] Loss: [2.1674474619202693]
2019-04-05 20:33:51 INFO     Batch: [59/120] Epoch: [2] Loss: [2.167206541697184]
2019-04-05 20:33:51 INFO     Batch: [60/120] Epoch: [2] Loss: [2.1668426130638747]
2019-04-05 20:33:51 INFO     Batch: [61/120] Epoch: [2] Loss: [2.166307799277767]
2019-04-05 20:33:51 INFO     Batch: [62/120] Epoch: [2] Loss: [2.1657879920232865]
2019-04-05 20:33:52 INFO     Batch: [63/120] Epoch: [2] Loss: [2.1655341871082783]
2019-04-05 20:33:52 INFO     Batch: [64/120] Epoch: [2] Loss: [2.16501857317411]
2019-04-05 20:33:52 INFO     Batch: [65/120] Epoch: [2] Loss: [2.164511864835566]
2019-04-05 20:33:52 INFO     Batch: [66/120] Epoch: [2] Loss: [2.16445768413259]
2019-04-05 20:33:52 INFO     Batch: [67/120] Epoch: [2] Loss: [2.1641020950149086]
2019-04-05 20:33:52 INFO     Batch: [68/120] Epoch: [2] Loss: [2.1636079843493476]
2019-04-05 20:33:52 INFO     Batch: [69/120] Epoch: [2] Loss: [2.1634271826062883]
2019-04-05 20:33:52 INFO     Batch: [70/120] Epoch: [2] Loss: [2.163035899820462]
2019-04-05 20:33:52 INFO     Batch: [71/120] Epoch: [2] Loss: [2.162571575906542]
2019-04-05 20:33:52 INFO     Batch: [72/120] Epoch: [2] Loss: [2.1620839817883217]
2019-04-05 20:33:52 INFO     Batch: [73/120] Epoch: [2] Loss: [2.1619369435954736]
2019-04-05 20:33:52 INFO     Batch: [74/120] Epoch: [2] Loss: [2.1614685821533204]
2019-04-05 20:33:52 INFO     Batch: [75/120] Epoch: [2] Loss: [2.161482694901918]
2019-04-05 20:33:53 INFO     Batch: [76/120] Epoch: [2] Loss: [2.1608413566242564]
2019-04-05 20:33:53 INFO     Batch: [77/120] Epoch: [2] Loss: [2.160531358841138]
2019-04-05 20:33:53 INFO     Batch: [78/120] Epoch: [2] Loss: [2.1600177137157583]
2019-04-05 20:33:53 INFO     Batch: [79/120] Epoch: [2] Loss: [2.1599081069231034]
2019-04-05 20:33:53 INFO     Batch: [80/120] Epoch: [2] Loss: [2.159807411240943]
2019-04-05 20:33:53 INFO     Batch: [81/120] Epoch: [2] Loss: [2.159429646119839]
2019-04-05 20:33:53 INFO     Batch: [82/120] Epoch: [2] Loss: [2.1593690320669885]
2019-04-05 20:33:53 INFO     Batch: [83/120] Epoch: [2] Loss: [2.1590351661046348]
2019-04-05 20:33:53 INFO     Batch: [84/120] Epoch: [2] Loss: [2.1587547498590807]
2019-04-05 20:33:53 INFO     Batch: [85/120] Epoch: [2] Loss: [2.15843889602395]
2019-04-05 20:33:53 INFO     Batch: [86/120] Epoch: [2] Loss: [2.158316702678286]
2019-04-05 20:33:53 INFO     Batch: [87/120] Epoch: [2] Loss: [2.1577699834650215]
2019-04-05 20:33:53 INFO     Batch: [88/120] Epoch: [2] Loss: [2.157432885652178]
2019-04-05 20:33:54 INFO     Batch: [89/120] Epoch: [2] Loss: [2.157003460990058]
2019-04-05 20:33:54 INFO     Batch: [90/120] Epoch: [2] Loss: [2.156740510856712]
2019-04-05 20:33:54 INFO     Batch: [91/120] Epoch: [2] Loss: [2.1565384113270305]
2019-04-05 20:33:54 INFO     Batch: [92/120] Epoch: [2] Loss: [2.1562937485274447]
2019-04-05 20:33:54 INFO     Batch: [93/120] Epoch: [2] Loss: [2.1559686457857175]
2019-04-05 20:33:54 INFO     Batch: [94/120] Epoch: [2] Loss: [2.1553256310914692]
2019-04-05 20:33:54 INFO     Batch: [95/120] Epoch: [2] Loss: [2.1549702460567155]
2019-04-05 20:33:54 INFO     Batch: [96/120] Epoch: [2] Loss: [2.154548649935378]
2019-04-05 20:33:54 INFO     Batch: [97/120] Epoch: [2] Loss: [2.153992511788193]
2019-04-05 20:33:54 INFO     Batch: [98/120] Epoch: [2] Loss: [2.153968835117841]
2019-04-05 20:33:54 INFO     Batch: [99/120] Epoch: [2] Loss: [2.1540099453926085]
2019-04-05 20:33:54 INFO     Batch: [100/120] Epoch: [2] Loss: [2.1536683469715685]
2019-04-05 20:33:54 INFO     Batch: [101/120] Epoch: [2] Loss: [2.1533503999897077]
2019-04-05 20:33:55 INFO     Batch: [102/120] Epoch: [2] Loss: [2.153142426777812]
2019-04-05 20:33:55 INFO     Batch: [103/120] Epoch: [2] Loss: [2.1530769925851088]
2019-04-05 20:33:55 INFO     Batch: [104/120] Epoch: [2] Loss: [2.1527731055305117]
2019-04-05 20:33:55 INFO     Batch: [105/120] Epoch: [2] Loss: [2.152328479964778]
2019-04-05 20:33:55 INFO     Batch: [106/120] Epoch: [2] Loss: [2.1518604242913075]
2019-04-05 20:33:55 INFO     Batch: [107/120] Epoch: [2] Loss: [2.1514537400669522]
2019-04-05 20:33:55 INFO     Batch: [108/120] Epoch: [2] Loss: [2.1512074076801264]
2019-04-05 20:33:55 INFO     Batch: [109/120] Epoch: [2] Loss: [2.1508372566916725]
2019-04-05 20:33:55 INFO     Batch: [110/120] Epoch: [2] Loss: [2.150445336694116]
2019-04-05 20:33:55 INFO     Batch: [111/120] Epoch: [2] Loss: [2.1501089249338423]
2019-04-05 20:33:55 INFO     Batch: [112/120] Epoch: [2] Loss: [2.149848195303858]
2019-04-05 20:33:55 INFO     Batch: [113/120] Epoch: [2] Loss: [2.1496268364421107]
2019-04-05 20:33:55 INFO     Batch: [114/120] Epoch: [2] Loss: [2.149432640490325]
2019-04-05 20:33:55 INFO     Batch: [115/120] Epoch: [2] Loss: [2.149025487488714]
2019-04-05 20:33:56 INFO     Batch: [116/120] Epoch: [2] Loss: [2.1487339806352925]
2019-04-05 20:33:56 INFO     Batch: [117/120] Epoch: [2] Loss: [2.14828878944203]
2019-04-05 20:33:56 INFO     Batch: [118/120] Epoch: [2] Loss: [2.1479232752022623]
2019-04-05 20:33:56 INFO     Batch: [119/120] Epoch: [2] Loss: [2.1477478126684826]
2019-04-05 20:33:57 INFO     Epoch: [2/2000] Loss: [2.1477478126684826] Accuracy: [0.2901818181818182]
2019-04-05 20:33:57 INFO     Batch: [0/120] Epoch: [3] Loss: [2.118695020675659]
2019-04-05 20:33:58 INFO     Accuracy: [0.28527272727272723]

2019-04-05 20:33:58 INFO     Batch: [1/120] Epoch: [3] Loss: [2.1202906370162964]
2019-04-05 20:33:58 INFO     Batch: [2/120] Epoch: [3] Loss: [2.1082587242126465]
2019-04-05 20:33:58 INFO     Batch: [3/120] Epoch: [3] Loss: [2.1084516644477844]
2019-04-05 20:33:58 INFO     Batch: [4/120] Epoch: [3] Loss: [2.1124666213989256]
2019-04-05 20:33:58 INFO     Batch: [5/120] Epoch: [3] Loss: [2.113767464955648]
2019-04-05 20:33:58 INFO     Batch: [6/120] Epoch: [3] Loss: [2.1081908089773997]
2019-04-05 20:33:58 INFO     Batch: [7/120] Epoch: [3] Loss: [2.1091575026512146]
2019-04-05 20:33:58 INFO     Batch: [8/120] Epoch: [3] Loss: [2.108388821283976]
2019-04-05 20:33:58 INFO     Batch: [9/120] Epoch: [3] Loss: [2.1062528133392333]
2019-04-05 20:33:58 INFO     Batch: [10/120] Epoch: [3] Loss: [2.1044271859255703]
2019-04-05 20:33:59 INFO     Batch: [11/120] Epoch: [3] Loss: [2.103055238723755]
2019-04-05 20:33:59 INFO     Batch: [12/120] Epoch: [3] Loss: [2.102561803964468]
2019-04-05 20:33:59 INFO     Batch: [13/120] Epoch: [3] Loss: [2.1032908133098056]
2019-04-05 20:33:59 INFO     Batch: [14/120] Epoch: [3] Loss: [2.10123766263326]
2019-04-05 20:33:59 INFO     Batch: [15/120] Epoch: [3] Loss: [2.1001807898283005]
2019-04-05 20:33:59 INFO     Batch: [16/120] Epoch: [3] Loss: [2.101015932419721]
2019-04-05 20:33:59 INFO     Batch: [17/120] Epoch: [3] Loss: [2.1021650632222495]
2019-04-05 20:33:59 INFO     Batch: [18/120] Epoch: [3] Loss: [2.101264865774857]
2019-04-05 20:33:59 INFO     Batch: [19/120] Epoch: [3] Loss: [2.0992814540863036]
2019-04-05 20:33:59 INFO     Batch: [20/120] Epoch: [3] Loss: [2.0989984444209506]
2019-04-05 20:33:59 INFO     Batch: [21/120] Epoch: [3] Loss: [2.0977981198917734]
2019-04-05 20:33:59 INFO     Batch: [22/120] Epoch: [3] Loss: [2.097024575523708]
2019-04-05 20:33:59 INFO     Batch: [23/120] Epoch: [3] Loss: [2.097319175799688]
2019-04-05 20:33:59 INFO     Batch: [24/120] Epoch: [3] Loss: [2.0974474334716797]
2019-04-05 20:34:00 INFO     Batch: [25/120] Epoch: [3] Loss: [2.096758622389573]
2019-04-05 20:34:00 INFO     Batch: [26/120] Epoch: [3] Loss: [2.096554244006122]
2019-04-05 20:34:00 INFO     Batch: [27/120] Epoch: [3] Loss: [2.094618720667703]
2019-04-05 20:34:00 INFO     Batch: [28/120] Epoch: [3] Loss: [2.0943231993708116]
2019-04-05 20:34:00 INFO     Batch: [29/120] Epoch: [3] Loss: [2.0936556259791055]
2019-04-05 20:34:00 INFO     Batch: [30/120] Epoch: [3] Loss: [2.093613293863112]
2019-04-05 20:34:00 INFO     Batch: [31/120] Epoch: [3] Loss: [2.0930307656526566]
2019-04-05 20:34:00 INFO     Batch: [32/120] Epoch: [3] Loss: [2.0927237236138545]
2019-04-05 20:34:00 INFO     Batch: [33/120] Epoch: [3] Loss: [2.0927223878748276]
2019-04-05 20:34:00 INFO     Batch: [34/120] Epoch: [3] Loss: [2.0925724710736957]
2019-04-05 20:34:00 INFO     Batch: [35/120] Epoch: [3] Loss: [2.092156238026089]
2019-04-05 20:34:00 INFO     Batch: [36/120] Epoch: [3] Loss: [2.091879670684402]
2019-04-05 20:34:00 INFO     Batch: [37/120] Epoch: [3] Loss: [2.091602783454092]
2019-04-05 20:34:01 INFO     Batch: [38/120] Epoch: [3] Loss: [2.0905963457547703]
2019-04-05 20:34:01 INFO     Batch: [39/120] Epoch: [3] Loss: [2.090717601776123]
2019-04-05 20:34:01 INFO     Batch: [40/120] Epoch: [3] Loss: [2.0907769610242144]
2019-04-05 20:34:01 INFO     Batch: [41/120] Epoch: [3] Loss: [2.0906695013954524]
2019-04-05 20:34:01 INFO     Batch: [42/120] Epoch: [3] Loss: [2.0899089158967485]
2019-04-05 20:34:01 INFO     Batch: [43/120] Epoch: [3] Loss: [2.0896794579245825]
2019-04-05 20:34:01 INFO     Batch: [44/120] Epoch: [3] Loss: [2.0890789455837675]
2019-04-05 20:34:01 INFO     Batch: [45/120] Epoch: [3] Loss: [2.0888676280560703]
2019-04-05 20:34:01 INFO     Batch: [46/120] Epoch: [3] Loss: [2.0882314164587794]
2019-04-05 20:34:01 INFO     Batch: [47/120] Epoch: [3] Loss: [2.0878541618585587]
2019-04-05 20:34:01 INFO     Batch: [48/120] Epoch: [3] Loss: [2.0874996963812382]
2019-04-05 20:34:01 INFO     Batch: [49/120] Epoch: [3] Loss: [2.0870115661621096]
2019-04-05 20:34:01 INFO     Batch: [50/120] Epoch: [3] Loss: [2.0868497970057467]
2019-04-05 20:34:02 INFO     Batch: [51/120] Epoch: [3] Loss: [2.086589446434608]
2019-04-05 20:34:02 INFO     Batch: [52/120] Epoch: [3] Loss: [2.085954049848161]
2019-04-05 20:34:02 INFO     Batch: [53/120] Epoch: [3] Loss: [2.0855477341899165]
2019-04-05 20:34:02 INFO     Batch: [54/120] Epoch: [3] Loss: [2.085534837029197]
2019-04-05 20:34:02 INFO     Batch: [55/120] Epoch: [3] Loss: [2.0855955396379744]
2019-04-05 20:34:02 INFO     Batch: [56/120] Epoch: [3] Loss: [2.085196043315687]
2019-04-05 20:34:02 INFO     Batch: [57/120] Epoch: [3] Loss: [2.084824636064727]
2019-04-05 20:34:02 INFO     Batch: [58/120] Epoch: [3] Loss: [2.084326255119453]
2019-04-05 20:34:02 INFO     Batch: [59/120] Epoch: [3] Loss: [2.083871571222941]
2019-04-05 20:34:02 INFO     Batch: [60/120] Epoch: [3] Loss: [2.0828964475725518]
2019-04-05 20:34:02 INFO     Batch: [61/120] Epoch: [3] Loss: [2.08215957303201]
2019-04-05 20:34:02 INFO     Batch: [62/120] Epoch: [3] Loss: [2.0822071385762047]
2019-04-05 20:34:02 INFO     Batch: [63/120] Epoch: [3] Loss: [2.0813284553587437]
2019-04-05 20:34:03 INFO     Batch: [64/120] Epoch: [3] Loss: [2.0808840714968166]
2019-04-05 20:34:03 INFO     Batch: [65/120] Epoch: [3] Loss: [2.0804898847233164]
2019-04-05 20:34:03 INFO     Batch: [66/120] Epoch: [3] Loss: [2.079815804068722]
2019-04-05 20:34:03 INFO     Batch: [67/120] Epoch: [3] Loss: [2.079180857714485]
2019-04-05 20:34:03 INFO     Batch: [68/120] Epoch: [3] Loss: [2.0787027815113897]
2019-04-05 20:34:03 INFO     Batch: [69/120] Epoch: [3] Loss: [2.0779442003795077]
2019-04-05 20:34:03 INFO     Batch: [70/120] Epoch: [3] Loss: [2.07736835345416]
2019-04-05 20:34:03 INFO     Batch: [71/120] Epoch: [3] Loss: [2.0764703187677593]
2019-04-05 20:34:03 INFO     Batch: [72/120] Epoch: [3] Loss: [2.0765070555961294]
2019-04-05 20:34:03 INFO     Batch: [73/120] Epoch: [3] Loss: [2.0764605870118014]
2019-04-05 20:34:03 INFO     Batch: [74/120] Epoch: [3] Loss: [2.0762686920166016]
2019-04-05 20:34:03 INFO     Batch: [75/120] Epoch: [3] Loss: [2.0759547760612085]
2019-04-05 20:34:03 INFO     Batch: [76/120] Epoch: [3] Loss: [2.075669511572107]
2019-04-05 20:34:04 INFO     Batch: [77/120] Epoch: [3] Loss: [2.0752671284553332]
2019-04-05 20:34:04 INFO     Batch: [78/120] Epoch: [3] Loss: [2.0743742683265785]
2019-04-05 20:34:04 INFO     Batch: [79/120] Epoch: [3] Loss: [2.0739098280668258]
2019-04-05 20:34:04 INFO     Batch: [80/120] Epoch: [3] Loss: [2.073499220388907]
2019-04-05 20:34:04 INFO     Batch: [81/120] Epoch: [3] Loss: [2.0729125854445667]
2019-04-05 20:34:04 INFO     Batch: [82/120] Epoch: [3] Loss: [2.0725794585354356]
2019-04-05 20:34:04 INFO     Batch: [83/120] Epoch: [3] Loss: [2.072037500994546]
2019-04-05 20:34:04 INFO     Batch: [84/120] Epoch: [3] Loss: [2.0719799406388226]
2019-04-05 20:34:04 INFO     Batch: [85/120] Epoch: [3] Loss: [2.07172382432361]
2019-04-05 20:34:04 INFO     Batch: [86/120] Epoch: [3] Loss: [2.071658753800666]
2019-04-05 20:34:04 INFO     Batch: [87/120] Epoch: [3] Loss: [2.0710821747779846]
2019-04-05 20:34:04 INFO     Batch: [88/120] Epoch: [3] Loss: [2.0704595855112826]
2019-04-05 20:34:04 INFO     Batch: [89/120] Epoch: [3] Loss: [2.0700521919462416]
2019-04-05 20:34:05 INFO     Batch: [90/120] Epoch: [3] Loss: [2.069894837809133]
2019-04-05 20:34:05 INFO     Batch: [91/120] Epoch: [3] Loss: [2.0693734884262085]
2019-04-05 20:34:05 INFO     Batch: [92/120] Epoch: [3] Loss: [2.0689430595726095]
2019-04-05 20:34:05 INFO     Batch: [93/120] Epoch: [3] Loss: [2.068493741623899]
2019-04-05 20:34:05 INFO     Batch: [94/120] Epoch: [3] Loss: [2.0676533975099263]
2019-04-05 20:34:05 INFO     Batch: [95/120] Epoch: [3] Loss: [2.0666887102027736]
2019-04-05 20:34:05 INFO     Batch: [96/120] Epoch: [3] Loss: [2.0665686904769585]
2019-04-05 20:34:05 INFO     Batch: [97/120] Epoch: [3] Loss: [2.066120990685054]
2019-04-05 20:34:05 INFO     Batch: [98/120] Epoch: [3] Loss: [2.065430689339686]
2019-04-05 20:34:05 INFO     Batch: [99/120] Epoch: [3] Loss: [2.065086052417755]
2019-04-05 20:34:05 INFO     Batch: [100/120] Epoch: [3] Loss: [2.0646372148306065]
2019-04-05 20:34:05 INFO     Batch: [101/120] Epoch: [3] Loss: [2.0645358796213187]
2019-04-05 20:34:05 INFO     Batch: [102/120] Epoch: [3] Loss: [2.0641826657415594]
2019-04-05 20:34:05 INFO     Batch: [103/120] Epoch: [3] Loss: [2.063896690423672]
2019-04-05 20:34:06 INFO     Batch: [104/120] Epoch: [3] Loss: [2.063623566854568]
2019-04-05 20:34:06 INFO     Batch: [105/120] Epoch: [3] Loss: [2.0634474259502484]
2019-04-05 20:34:06 INFO     Batch: [106/120] Epoch: [3] Loss: [2.0631944709849135]
2019-04-05 20:34:06 INFO     Batch: [107/120] Epoch: [3] Loss: [2.0624326003922357]
2019-04-05 20:34:06 INFO     Batch: [108/120] Epoch: [3] Loss: [2.0619729308907044]
2019-04-05 20:34:06 INFO     Batch: [109/120] Epoch: [3] Loss: [2.06166361245242]
2019-04-05 20:34:06 INFO     Batch: [110/120] Epoch: [3] Loss: [2.0613859430089727]
2019-04-05 20:34:06 INFO     Batch: [111/120] Epoch: [3] Loss: [2.0608983827488765]
2019-04-05 20:34:06 INFO     Batch: [112/120] Epoch: [3] Loss: [2.0605445773200652]
2019-04-05 20:34:06 INFO     Batch: [113/120] Epoch: [3] Loss: [2.060426341859918]
2019-04-05 20:34:06 INFO     Batch: [114/120] Epoch: [3] Loss: [2.0600085673124893]
2019-04-05 20:34:06 INFO     Batch: [115/120] Epoch: [3] Loss: [2.059687287643038]
2019-04-05 20:34:06 INFO     Batch: [116/120] Epoch: [3] Loss: [2.0595629194862823]
2019-04-05 20:34:07 INFO     Batch: [117/120] Epoch: [3] Loss: [2.059023586370177]
2019-04-05 20:34:07 INFO     Batch: [118/120] Epoch: [3] Loss: [2.058643114666979]
2019-04-05 20:34:07 INFO     Batch: [119/120] Epoch: [3] Loss: [2.058362199862798]
2019-04-05 20:34:08 INFO     Epoch: [3/2000] Loss: [2.058362199862798] Accuracy: [0.3218181818181818]
2019-04-05 20:34:08 INFO     Batch: [0/120] Epoch: [4] Loss: [2.001474618911743]
2019-04-05 20:34:09 INFO     Accuracy: [0.322]

2019-04-05 20:34:09 INFO     Batch: [1/120] Epoch: [4] Loss: [2.008139729499817]
2019-04-05 20:34:09 INFO     Batch: [2/120] Epoch: [4] Loss: [2.0061540603637695]
2019-04-05 20:34:09 INFO     Batch: [3/120] Epoch: [4] Loss: [2.0062358379364014]
2019-04-05 20:34:09 INFO     Batch: [4/120] Epoch: [4] Loss: [2.0012955904006957]
2019-04-05 20:34:09 INFO     Batch: [5/120] Epoch: [4] Loss: [2.0024733344713845]
2019-04-05 20:34:09 INFO     Batch: [6/120] Epoch: [4] Loss: [2.0001307215009416]
2019-04-05 20:34:09 INFO     Batch: [7/120] Epoch: [4] Loss: [1.9993512779474258]
2019-04-05 20:34:09 INFO     Batch: [8/120] Epoch: [4] Loss: [2.0042152802149453]
2019-04-05 20:34:09 INFO     Batch: [9/120] Epoch: [4] Loss: [2.003396487236023]
2019-04-05 20:34:09 INFO     Batch: [10/120] Epoch: [4] Loss: [2.004548744721846]
2019-04-05 20:34:09 INFO     Batch: [11/120] Epoch: [4] Loss: [2.0074572761853537]
2019-04-05 20:34:10 INFO     Batch: [12/120] Epoch: [4] Loss: [2.0047719203508816]
2019-04-05 20:34:10 INFO     Batch: [13/120] Epoch: [4] Loss: [2.0046829070363725]
2019-04-05 20:34:10 INFO     Batch: [14/120] Epoch: [4] Loss: [2.0036299149195353]
2019-04-05 20:34:10 INFO     Batch: [15/120] Epoch: [4] Loss: [2.002746567130089]
2019-04-05 20:34:10 INFO     Batch: [16/120] Epoch: [4] Loss: [2.001951014294344]
2019-04-05 20:34:10 INFO     Batch: [17/120] Epoch: [4] Loss: [1.9994449019432068]
2019-04-05 20:34:10 INFO     Batch: [18/120] Epoch: [4] Loss: [1.9994173802827533]
2019-04-05 20:34:10 INFO     Batch: [19/120] Epoch: [4] Loss: [1.9976813614368438]
2019-04-05 20:34:10 INFO     Batch: [20/120] Epoch: [4] Loss: [1.997896256900969]
2019-04-05 20:34:10 INFO     Batch: [21/120] Epoch: [4] Loss: [1.9983541477810254]
2019-04-05 20:34:10 INFO     Batch: [22/120] Epoch: [4] Loss: [1.9981778497281282]
2019-04-05 20:34:10 INFO     Batch: [23/120] Epoch: [4] Loss: [1.9972928216060002]
2019-04-05 20:34:10 INFO     Batch: [24/120] Epoch: [4] Loss: [1.9978352403640747]
2019-04-05 20:34:11 INFO     Batch: [25/120] Epoch: [4] Loss: [1.9974030806468084]
2019-04-05 20:34:11 INFO     Batch: [26/120] Epoch: [4] Loss: [1.9972761472066243]
2019-04-05 20:34:11 INFO     Batch: [27/120] Epoch: [4] Loss: [1.9966886256422316]
2019-04-05 20:34:11 INFO     Batch: [28/120] Epoch: [4] Loss: [1.9951488231790477]
2019-04-05 20:34:11 INFO     Batch: [29/120] Epoch: [4] Loss: [1.995354135831197]
2019-04-05 20:34:11 INFO     Batch: [30/120] Epoch: [4] Loss: [1.993872134916244]
2019-04-05 20:34:11 INFO     Batch: [31/120] Epoch: [4] Loss: [1.9939843565225601]
2019-04-05 20:34:11 INFO     Batch: [32/120] Epoch: [4] Loss: [1.9941262584744077]
2019-04-05 20:34:11 INFO     Batch: [33/120] Epoch: [4] Loss: [1.9951864445910734]
2019-04-05 20:34:11 INFO     Batch: [34/120] Epoch: [4] Loss: [1.994487588746207]
2019-04-05 20:34:11 INFO     Batch: [35/120] Epoch: [4] Loss: [1.9945326447486877]
2019-04-05 20:34:11 INFO     Batch: [36/120] Epoch: [4] Loss: [1.9943466637585614]
2019-04-05 20:34:11 INFO     Batch: [37/120] Epoch: [4] Loss: [1.9932300417046798]
2019-04-05 20:34:11 INFO     Batch: [38/120] Epoch: [4] Loss: [1.9929343400857387]
2019-04-05 20:34:12 INFO     Batch: [39/120] Epoch: [4] Loss: [1.9937439888715744]
2019-04-05 20:34:12 INFO     Batch: [40/120] Epoch: [4] Loss: [1.9941290733290882]
2019-04-05 20:34:12 INFO     Batch: [41/120] Epoch: [4] Loss: [1.993747251374381]
2019-04-05 20:34:12 INFO     Batch: [42/120] Epoch: [4] Loss: [1.9938997002535088]
2019-04-05 20:34:12 INFO     Batch: [43/120] Epoch: [4] Loss: [1.9941310990940442]
2019-04-05 20:34:12 INFO     Batch: [44/120] Epoch: [4] Loss: [1.9948179403940836]
2019-04-05 20:34:12 INFO     Batch: [45/120] Epoch: [4] Loss: [1.994728632595228]
2019-04-05 20:34:12 INFO     Batch: [46/120] Epoch: [4] Loss: [1.9944002044961808]
2019-04-05 20:34:12 INFO     Batch: [47/120] Epoch: [4] Loss: [1.9943058763941128]
2019-04-05 20:34:12 INFO     Batch: [48/120] Epoch: [4] Loss: [1.9929471040258602]
2019-04-05 20:34:12 INFO     Batch: [49/120] Epoch: [4] Loss: [1.992508647441864]
2019-04-05 20:34:12 INFO     Batch: [50/120] Epoch: [4] Loss: [1.992651104927063]
2019-04-05 20:34:12 INFO     Batch: [51/120] Epoch: [4] Loss: [1.992621680864921]
2019-04-05 20:34:13 INFO     Batch: [52/120] Epoch: [4] Loss: [1.991995541554577]
2019-04-05 20:34:13 INFO     Batch: [53/120] Epoch: [4] Loss: [1.9920578179536041]
2019-04-05 20:34:13 INFO     Batch: [54/120] Epoch: [4] Loss: [1.9922488819469104]
2019-04-05 20:34:13 INFO     Batch: [55/120] Epoch: [4] Loss: [1.9930094565664018]
2019-04-05 20:34:13 INFO     Batch: [56/120] Epoch: [4] Loss: [1.9922324795471995]
2019-04-05 20:34:13 INFO     Batch: [57/120] Epoch: [4] Loss: [1.9915703247333396]
2019-04-05 20:34:13 INFO     Batch: [58/120] Epoch: [4] Loss: [1.990874581417795]
2019-04-05 20:34:13 INFO     Batch: [59/120] Epoch: [4] Loss: [1.9902336537837981]
2019-04-05 20:34:13 INFO     Batch: [60/120] Epoch: [4] Loss: [1.9899374559277394]
2019-04-05 20:34:13 INFO     Batch: [61/120] Epoch: [4] Loss: [1.9889503198285257]
2019-04-05 20:34:13 INFO     Batch: [62/120] Epoch: [4] Loss: [1.9892958856764293]
2019-04-05 20:34:13 INFO     Batch: [63/120] Epoch: [4] Loss: [1.9896277729421854]
2019-04-05 20:34:13 INFO     Batch: [64/120] Epoch: [4] Loss: [1.9887436554982112]
2019-04-05 20:34:14 INFO     Batch: [65/120] Epoch: [4] Loss: [1.9882265383547002]
2019-04-05 20:34:14 INFO     Batch: [66/120] Epoch: [4] Loss: [1.9874965931052593]
2019-04-05 20:34:14 INFO     Batch: [67/120] Epoch: [4] Loss: [1.9875467787770664]
2019-04-05 20:34:14 INFO     Batch: [68/120] Epoch: [4] Loss: [1.986871233884839]
2019-04-05 20:34:14 INFO     Batch: [69/120] Epoch: [4] Loss: [1.9869830421039036]
2019-04-05 20:34:14 INFO     Batch: [70/120] Epoch: [4] Loss: [1.985779863008311]
2019-04-05 20:34:14 INFO     Batch: [71/120] Epoch: [4] Loss: [1.985245222846667]
2019-04-05 20:34:14 INFO     Batch: [72/120] Epoch: [4] Loss: [1.9850158756726408]
2019-04-05 20:34:14 INFO     Batch: [73/120] Epoch: [4] Loss: [1.9838640995927759]
2019-04-05 20:34:14 INFO     Batch: [74/120] Epoch: [4] Loss: [1.9829626162846883]
2019-04-05 20:34:14 INFO     Batch: [75/120] Epoch: [4] Loss: [1.981965875939319]
2019-04-05 20:34:14 INFO     Batch: [76/120] Epoch: [4] Loss: [1.982090044331241]
2019-04-05 20:34:14 INFO     Batch: [77/120] Epoch: [4] Loss: [1.982099704253368]
2019-04-05 20:34:15 INFO     Batch: [78/120] Epoch: [4] Loss: [1.9817741913131521]
2019-04-05 20:34:15 INFO     Batch: [79/120] Epoch: [4] Loss: [1.9814780041575433]
2019-04-05 20:34:15 INFO     Batch: [80/120] Epoch: [4] Loss: [1.9809474371097706]
2019-04-05 20:34:15 INFO     Batch: [81/120] Epoch: [4] Loss: [1.9804524444952243]
2019-04-05 20:34:15 INFO     Batch: [82/120] Epoch: [4] Loss: [1.9800048290965069]
2019-04-05 20:34:15 INFO     Batch: [83/120] Epoch: [4] Loss: [1.9799431675956363]
2019-04-05 20:34:15 INFO     Batch: [84/120] Epoch: [4] Loss: [1.9792137749054852]
2019-04-05 20:34:15 INFO     Batch: [85/120] Epoch: [4] Loss: [1.9789982396502828]
2019-04-05 20:34:15 INFO     Batch: [86/120] Epoch: [4] Loss: [1.978311568841167]
2019-04-05 20:34:15 INFO     Batch: [87/120] Epoch: [4] Loss: [1.9783957505767995]
2019-04-05 20:34:15 INFO     Batch: [88/120] Epoch: [4] Loss: [1.9782404979962982]
2019-04-05 20:34:15 INFO     Batch: [89/120] Epoch: [4] Loss: [1.978301955593957]
2019-04-05 20:34:15 INFO     Batch: [90/120] Epoch: [4] Loss: [1.9780978645597185]
2019-04-05 20:34:16 INFO     Batch: [91/120] Epoch: [4] Loss: [1.9781333454277203]
2019-04-05 20:34:16 INFO     Batch: [92/120] Epoch: [4] Loss: [1.9775720604004399]
2019-04-05 20:34:16 INFO     Batch: [93/120] Epoch: [4] Loss: [1.9770282240624124]
2019-04-05 20:34:16 INFO     Batch: [94/120] Epoch: [4] Loss: [1.976778551151878]
2019-04-05 20:34:16 INFO     Batch: [95/120] Epoch: [4] Loss: [1.9767382467786472]
2019-04-05 20:34:16 INFO     Batch: [96/120] Epoch: [4] Loss: [1.9763045765689968]
2019-04-05 20:34:16 INFO     Batch: [97/120] Epoch: [4] Loss: [1.9754182696342468]
2019-04-05 20:34:16 INFO     Batch: [98/120] Epoch: [4] Loss: [1.9747535640543157]
2019-04-05 20:34:16 INFO     Batch: [99/120] Epoch: [4] Loss: [1.9743507122993469]
2019-04-05 20:34:16 INFO     Batch: [100/120] Epoch: [4] Loss: [1.974193001737689]
2019-04-05 20:34:16 INFO     Batch: [101/120] Epoch: [4] Loss: [1.973681953607821]
2019-04-05 20:34:16 INFO     Batch: [102/120] Epoch: [4] Loss: [1.9728595446614385]
2019-04-05 20:34:16 INFO     Batch: [103/120] Epoch: [4] Loss: [1.97218145773961]
2019-04-05 20:34:16 INFO     Batch: [104/120] Epoch: [4] Loss: [1.971765498887925]
2019-04-05 20:34:17 INFO     Batch: [105/120] Epoch: [4] Loss: [1.9711153169847884]
2019-04-05 20:34:17 INFO     Batch: [106/120] Epoch: [4] Loss: [1.9707164352185258]
2019-04-05 20:34:17 INFO     Batch: [107/120] Epoch: [4] Loss: [1.9704937504397497]
2019-04-05 20:34:17 INFO     Batch: [108/120] Epoch: [4] Loss: [1.9699207205291187]
2019-04-05 20:34:17 INFO     Batch: [109/120] Epoch: [4] Loss: [1.969303379275582]
2019-04-05 20:34:17 INFO     Batch: [110/120] Epoch: [4] Loss: [1.9689078330993652]
2019-04-05 20:34:17 INFO     Batch: [111/120] Epoch: [4] Loss: [1.968684763780662]
2019-04-05 20:34:17 INFO     Batch: [112/120] Epoch: [4] Loss: [1.9683991934345886]
2019-04-05 20:34:17 INFO     Batch: [113/120] Epoch: [4] Loss: [1.967855943922411]
2019-04-05 20:34:17 INFO     Batch: [114/120] Epoch: [4] Loss: [1.9675719499588014]
2019-04-05 20:34:17 INFO     Batch: [115/120] Epoch: [4] Loss: [1.9672650972317005]
2019-04-05 20:34:17 INFO     Batch: [116/120] Epoch: [4] Loss: [1.9671300945118961]
2019-04-05 20:34:17 INFO     Batch: [117/120] Epoch: [4] Loss: [1.966942128488573]
2019-04-05 20:34:18 INFO     Batch: [118/120] Epoch: [4] Loss: [1.9665834172433163]
2019-04-05 20:34:18 INFO     Batch: [119/120] Epoch: [4] Loss: [1.966603731115659]
2019-04-05 20:34:18 INFO     Epoch: [4/2000] Loss: [1.966603731115659] Accuracy: [0.33672727272727276]
2019-04-05 20:34:19 INFO     Batch: [0/120] Epoch: [5] Loss: [1.9411250352859497]
2019-04-05 20:34:19 INFO     Accuracy: [0.33054545454545453]

2019-04-05 20:34:20 INFO     Batch: [1/120] Epoch: [5] Loss: [1.9427402019500732]
2019-04-05 20:34:20 INFO     Batch: [2/120] Epoch: [5] Loss: [1.9351952870686848]
2019-04-05 20:34:20 INFO     Batch: [3/120] Epoch: [5] Loss: [1.9300391972064972]
2019-04-05 20:34:20 INFO     Batch: [4/120] Epoch: [5] Loss: [1.927411961555481]
2019-04-05 20:34:20 INFO     Batch: [5/120] Epoch: [5] Loss: [1.9204110105832417]
2019-04-05 20:34:20 INFO     Batch: [6/120] Epoch: [5] Loss: [1.9243756532669067]
2019-04-05 20:34:20 INFO     Batch: [7/120] Epoch: [5] Loss: [1.9203905761241913]
2019-04-05 20:34:20 INFO     Batch: [8/120] Epoch: [5] Loss: [1.9179654121398926]
2019-04-05 20:34:20 INFO     Batch: [9/120] Epoch: [5] Loss: [1.9198198080062867]
2019-04-05 20:34:20 INFO     Batch: [10/120] Epoch: [5] Loss: [1.9183525280518965]
2019-04-05 20:34:20 INFO     Batch: [11/120] Epoch: [5] Loss: [1.9155238270759583]
2019-04-05 20:34:20 INFO     Batch: [12/120] Epoch: [5] Loss: [1.9139726161956787]
2019-04-05 20:34:20 INFO     Batch: [13/120] Epoch: [5] Loss: [1.9139195680618286]
2019-04-05 20:34:21 INFO     Batch: [14/120] Epoch: [5] Loss: [1.9138309558232625]
2019-04-05 20:34:21 INFO     Batch: [15/120] Epoch: [5] Loss: [1.9105104506015778]
2019-04-05 20:34:21 INFO     Batch: [16/120] Epoch: [5] Loss: [1.9101867956273697]
2019-04-05 20:34:21 INFO     Batch: [17/120] Epoch: [5] Loss: [1.9071053332752652]
2019-04-05 20:34:21 INFO     Batch: [18/120] Epoch: [5] Loss: [1.9053451136538857]
2019-04-05 20:34:21 INFO     Batch: [19/120] Epoch: [5] Loss: [1.905036836862564]
2019-04-05 20:34:21 INFO     Batch: [20/120] Epoch: [5] Loss: [1.9029725790023804]
2019-04-05 20:34:21 INFO     Batch: [21/120] Epoch: [5] Loss: [1.9031062613834033]
2019-04-05 20:34:21 INFO     Batch: [22/120] Epoch: [5] Loss: [1.9032913964727651]
2019-04-05 20:34:21 INFO     Batch: [23/120] Epoch: [5] Loss: [1.9041032642126083]
2019-04-05 20:34:21 INFO     Batch: [24/120] Epoch: [5] Loss: [1.9034333944320678]
2019-04-05 20:34:21 INFO     Batch: [25/120] Epoch: [5] Loss: [1.9030560713547926]
2019-04-05 20:34:21 INFO     Batch: [26/120] Epoch: [5] Loss: [1.9023328268969502]
2019-04-05 20:34:22 INFO     Batch: [27/120] Epoch: [5] Loss: [1.9037559160164423]
2019-04-05 20:34:22 INFO     Batch: [28/120] Epoch: [5] Loss: [1.9028096281248947]
2019-04-05 20:34:22 INFO     Batch: [29/120] Epoch: [5] Loss: [1.90240398645401]
2019-04-05 20:34:22 INFO     Batch: [30/120] Epoch: [5] Loss: [1.902167558670044]
2019-04-05 20:34:22 INFO     Batch: [31/120] Epoch: [5] Loss: [1.9021052196621895]
2019-04-05 20:34:22 INFO     Batch: [32/120] Epoch: [5] Loss: [1.9014522379094905]
2019-04-05 20:34:22 INFO     Batch: [33/120] Epoch: [5] Loss: [1.901126486413619]
2019-04-05 20:34:22 INFO     Batch: [34/120] Epoch: [5] Loss: [1.9009353501456125]
2019-04-05 20:34:22 INFO     Batch: [35/120] Epoch: [5] Loss: [1.9018868274158902]
2019-04-05 20:34:22 INFO     Batch: [36/120] Epoch: [5] Loss: [1.8998178275855813]
2019-04-05 20:34:22 INFO     Batch: [37/120] Epoch: [5] Loss: [1.9002926349639893]
2019-04-05 20:34:22 INFO     Batch: [38/120] Epoch: [5] Loss: [1.8985488537030342]
2019-04-05 20:34:22 INFO     Batch: [39/120] Epoch: [5] Loss: [1.8979645550251008]
2019-04-05 20:34:22 INFO     Batch: [40/120] Epoch: [5] Loss: [1.8976833006230795]
2019-04-05 20:34:23 INFO     Batch: [41/120] Epoch: [5] Loss: [1.896467157772609]
2019-04-05 20:34:23 INFO     Batch: [42/120] Epoch: [5] Loss: [1.8972145845723707]
2019-04-05 20:34:23 INFO     Batch: [43/120] Epoch: [5] Loss: [1.895874554460699]
2019-04-05 20:34:23 INFO     Batch: [44/120] Epoch: [5] Loss: [1.8963832510842218]
2019-04-05 20:34:23 INFO     Batch: [45/120] Epoch: [5] Loss: [1.8957192742306253]
2019-04-05 20:34:23 INFO     Batch: [46/120] Epoch: [5] Loss: [1.8959556564371636]
2019-04-05 20:34:23 INFO     Batch: [47/120] Epoch: [5] Loss: [1.8954777469237645]
2019-04-05 20:34:23 INFO     Batch: [48/120] Epoch: [5] Loss: [1.8957738341117392]
2019-04-05 20:34:23 INFO     Batch: [49/120] Epoch: [5] Loss: [1.8966424107551574]
2019-04-05 20:34:23 INFO     Batch: [50/120] Epoch: [5] Loss: [1.8968817696851843]
2019-04-05 20:34:23 INFO     Batch: [51/120] Epoch: [5] Loss: [1.8953903798873608]
2019-04-05 20:34:23 INFO     Batch: [52/120] Epoch: [5] Loss: [1.8955815715609856]
2019-04-05 20:34:23 INFO     Batch: [53/120] Epoch: [5] Loss: [1.8942962840751365]
2019-04-05 20:34:24 INFO     Batch: [54/120] Epoch: [5] Loss: [1.8931167234073987]
2019-04-05 20:34:24 INFO     Batch: [55/120] Epoch: [5] Loss: [1.8925196954182215]
2019-04-05 20:34:24 INFO     Batch: [56/120] Epoch: [5] Loss: [1.892559578544215]
2019-04-05 20:34:24 INFO     Batch: [57/120] Epoch: [5] Loss: [1.8920571392980114]
2019-04-05 20:34:24 INFO     Batch: [58/120] Epoch: [5] Loss: [1.891581084768651]
2019-04-05 20:34:24 INFO     Batch: [59/120] Epoch: [5] Loss: [1.8916484832763671]
2019-04-05 20:34:24 INFO     Batch: [60/120] Epoch: [5] Loss: [1.8915085694828973]
2019-04-05 20:34:24 INFO     Batch: [61/120] Epoch: [5] Loss: [1.8917789497683126]
2019-04-05 20:34:24 INFO     Batch: [62/120] Epoch: [5] Loss: [1.8909906981483338]
2019-04-05 20:34:24 INFO     Batch: [63/120] Epoch: [5] Loss: [1.8911468107253313]
2019-04-05 20:34:24 INFO     Batch: [64/120] Epoch: [5] Loss: [1.8905919606869037]
2019-04-05 20:34:24 INFO     Batch: [65/120] Epoch: [5] Loss: [1.8899802493326592]
2019-04-05 20:34:24 INFO     Batch: [66/120] Epoch: [5] Loss: [1.889570492417065]
2019-04-05 20:34:25 INFO     Batch: [67/120] Epoch: [5] Loss: [1.8893504212884342]
2019-04-05 20:34:25 INFO     Batch: [68/120] Epoch: [5] Loss: [1.8892397085825603]
2019-04-05 20:34:25 INFO     Batch: [69/120] Epoch: [5] Loss: [1.8884962030819483]
2019-04-05 20:34:25 INFO     Batch: [70/120] Epoch: [5] Loss: [1.8886668530988022]
2019-04-05 20:34:25 INFO     Batch: [71/120] Epoch: [5] Loss: [1.8888511194123163]
