2019-07-10 06:26:24 INFO     Loading Data
2019-07-10 06:26:25 INFO     Model Setting Up
2019-07-10 06:26:40 INFO     train_dir : [../dataset/mnist/train]
2019-07-10 06:26:40 INFO     test_dir : [../dataset/mnist/test]
2019-07-10 06:26:40 INFO     save_dir : [./save]
2019-07-10 06:26:40 INFO     gpu : [2,3,4]
2019-07-10 06:26:40 INFO     num_epochs : [300]
2019-07-10 06:26:40 INFO     batch_size : [64]
2019-07-10 06:26:40 INFO     num_points : [512]
2019-07-10 06:26:40 INFO     visualize : [False]
2019-07-10 06:26:40 INFO     log_interval : [1000]
2019-07-10 06:26:40 INFO     save_interval : [20]
2019-07-10 06:26:40 INFO     baselr : [5e-05]
2019-07-10 06:26:40 INFO     density_radius : [0.2]
2019-07-10 06:26:40 INFO     cube_size : [2]
2019-07-10 06:26:40 INFO     num_grids : [3]
2019-07-10 06:26:40 INFO     base_radius : [1]
2019-07-10 06:26:40 INFO     static_sigma : [0.05]
2019-07-10 06:26:40 INFO     use_static_sigma : [False]
2019-07-10 06:26:40 INFO     use_weights : [False]
2019-07-10 06:26:40 INFO     sigma_layer_diff : [True]
2019-07-10 06:26:40 INFO     feature_out1 : [8]
2019-07-10 06:26:40 INFO     feature_out2 : [16]
2019-07-10 06:26:40 INFO     feature_out3 : [32]
2019-07-10 06:26:40 INFO     feature_out4 : [64]
2019-07-10 06:26:40 INFO     feature_out5 : [128]
2019-07-10 06:26:40 INFO     num_classes : [10]
2019-07-10 06:26:40 INFO     num_so3_layers : [3]
2019-07-10 06:26:40 INFO     bandwidth_0 : [10]
2019-07-10 06:26:40 INFO     bandwidth_out1 : [10]
2019-07-10 06:26:40 INFO     bandwidth_out2 : [8]
2019-07-10 06:26:40 INFO     bandwidth_out3 : [6]
2019-07-10 06:26:40 INFO     bandwidth_out4 : [4]
2019-07-10 06:26:40 INFO     bandwidth_out5 : [2]
2019-07-10 06:26:40 INFO     resume_training : [0]
2019-07-10 06:26:40 INFO     Start Training
2019-07-10 06:26:47 INFO     Batch: [0/938] Epoch: [0] Loss: [2.342200994491577]
2019-07-10 06:26:48 INFO     Batch: [1/938] Epoch: [0] Loss: [2.361082434654236]
2019-07-10 06:26:49 INFO     Batch: [2/938] Epoch: [0] Loss: [2.3537240028381348]
2019-07-10 06:26:49 INFO     Batch: [3/938] Epoch: [0] Loss: [2.339720368385315]
2019-07-10 06:26:50 INFO     Batch: [4/938] Epoch: [0] Loss: [2.337875175476074]
2019-07-10 06:26:51 INFO     Batch: [5/938] Epoch: [0] Loss: [2.333434581756592]
2019-07-10 06:26:51 INFO     Batch: [6/938] Epoch: [0] Loss: [2.3349825654711043]
2019-07-10 06:26:52 INFO     Batch: [7/938] Epoch: [0] Loss: [2.326977789402008]
2019-07-10 06:26:53 INFO     Batch: [8/938] Epoch: [0] Loss: [2.3274238109588623]
2019-07-10 06:26:53 INFO     Batch: [9/938] Epoch: [0] Loss: [2.318883538246155]
2019-07-10 06:26:54 INFO     Batch: [10/938] Epoch: [0] Loss: [2.312044143676758]
2019-07-10 06:26:55 INFO     Batch: [11/938] Epoch: [0] Loss: [2.307591458161672]
2019-07-10 06:26:55 INFO     Batch: [12/938] Epoch: [0] Loss: [2.3023411677433896]
2019-07-10 06:26:56 INFO     Batch: [13/938] Epoch: [0] Loss: [2.292577862739563]
2019-07-10 06:26:57 INFO     Batch: [14/938] Epoch: [0] Loss: [2.289472770690918]
2019-07-10 06:26:57 INFO     Batch: [15/938] Epoch: [0] Loss: [2.2860445231199265]
2019-07-10 06:26:58 INFO     Batch: [16/938] Epoch: [0] Loss: [2.2840619928696575]
2019-07-10 06:26:59 INFO     Batch: [17/938] Epoch: [0] Loss: [2.2824536561965942]
2019-07-10 06:27:00 INFO     Batch: [18/938] Epoch: [0] Loss: [2.2805442810058594]
2019-07-10 06:27:00 INFO     Batch: [19/938] Epoch: [0] Loss: [2.275132584571838]
2019-07-10 06:27:01 INFO     Batch: [20/938] Epoch: [0] Loss: [2.2720283213115873]
2019-07-10 06:27:02 INFO     Batch: [21/938] Epoch: [0] Loss: [2.2671123417941006]
2019-07-10 06:27:02 INFO     Batch: [22/938] Epoch: [0] Loss: [2.2624385978864585]
2019-07-10 06:27:03 INFO     Batch: [23/938] Epoch: [0] Loss: [2.2608086367448172]
2019-07-10 06:27:04 INFO     Batch: [24/938] Epoch: [0] Loss: [2.254752502441406]
2019-07-10 06:27:04 INFO     Batch: [25/938] Epoch: [0] Loss: [2.2485040609653177]
2019-07-10 06:27:05 INFO     Batch: [26/938] Epoch: [0] Loss: [2.2457894219292536]
2019-07-10 06:27:06 INFO     Batch: [27/938] Epoch: [0] Loss: [2.241064046110426]
2019-07-10 06:27:06 INFO     Batch: [28/938] Epoch: [0] Loss: [2.2384880082360628]
2019-07-10 06:27:07 INFO     Batch: [29/938] Epoch: [0] Loss: [2.23728609085083]
2019-07-10 06:27:08 INFO     Batch: [30/938] Epoch: [0] Loss: [2.234910465055896]
2019-07-10 06:27:08 INFO     Batch: [31/938] Epoch: [0] Loss: [2.2324930652976036]
2019-07-10 06:27:09 INFO     Batch: [32/938] Epoch: [0] Loss: [2.2295436786882803]
2019-07-10 06:27:10 INFO     Batch: [33/938] Epoch: [0] Loss: [2.2272892348906574]
2019-07-10 06:27:11 INFO     Batch: [34/938] Epoch: [0] Loss: [2.22282885823931]
2019-07-10 06:27:11 INFO     Batch: [35/938] Epoch: [0] Loss: [2.218024982346429]
2019-07-10 06:27:12 INFO     Batch: [36/938] Epoch: [0] Loss: [2.216499360832008]
2019-07-10 06:27:13 INFO     Batch: [37/938] Epoch: [0] Loss: [2.2126271160025346]
2019-07-10 06:27:13 INFO     Batch: [38/938] Epoch: [0] Loss: [2.2098471323649087]
2019-07-10 06:27:14 INFO     Batch: [39/938] Epoch: [0] Loss: [2.206837350130081]
2019-07-10 06:27:15 INFO     Batch: [40/938] Epoch: [0] Loss: [2.202811433047783]
2019-07-10 06:27:15 INFO     Batch: [41/938] Epoch: [0] Loss: [2.1989628814515614]
2019-07-10 06:27:16 INFO     Batch: [42/938] Epoch: [0] Loss: [2.195095938305522]
2019-07-10 06:27:17 INFO     Batch: [43/938] Epoch: [0] Loss: [2.190961328419772]
2019-07-10 06:27:18 INFO     Batch: [44/938] Epoch: [0] Loss: [2.1874801953633627]
2019-07-10 06:27:18 INFO     Batch: [45/938] Epoch: [0] Loss: [2.1835568054862646]
2019-07-10 06:27:19 INFO     Batch: [46/938] Epoch: [0] Loss: [2.1799451239565584]
2019-07-10 06:27:20 INFO     Batch: [47/938] Epoch: [0] Loss: [2.1772660662730536]
2019-07-10 06:27:20 INFO     Batch: [48/938] Epoch: [0] Loss: [2.172275752437358]
2019-07-10 06:27:21 INFO     Batch: [49/938] Epoch: [0] Loss: [2.1687269186973572]
2019-07-10 06:27:22 INFO     Batch: [50/938] Epoch: [0] Loss: [2.166617615550172]
2019-07-10 06:27:22 INFO     Batch: [51/938] Epoch: [0] Loss: [2.1623099652620463]
2019-07-10 06:27:23 INFO     Batch: [52/938] Epoch: [0] Loss: [2.160298228263855]
2019-07-10 06:27:24 INFO     Batch: [53/938] Epoch: [0] Loss: [2.15874813441877]
2019-07-10 06:27:24 INFO     Batch: [54/938] Epoch: [0] Loss: [2.154773306846619]
2019-07-10 06:27:25 INFO     Batch: [55/938] Epoch: [0] Loss: [2.152930270348276]
2019-07-10 06:27:26 INFO     Batch: [56/938] Epoch: [0] Loss: [2.1491146547752513]
2019-07-10 06:27:27 INFO     Batch: [57/938] Epoch: [0] Loss: [2.1470041316131065]
2019-07-10 06:27:27 INFO     Batch: [58/938] Epoch: [0] Loss: [2.144335732621662]
2019-07-10 06:27:28 INFO     Batch: [59/938] Epoch: [0] Loss: [2.1433609505494435]
2019-07-10 06:27:29 INFO     Batch: [60/938] Epoch: [0] Loss: [2.141872681555201]
2019-07-10 06:27:29 INFO     Batch: [61/938] Epoch: [0] Loss: [2.1388996339613393]
2019-07-10 06:27:30 INFO     Batch: [62/938] Epoch: [0] Loss: [2.136526788984026]
2019-07-10 06:27:31 INFO     Batch: [63/938] Epoch: [0] Loss: [2.1346057541668415]
2019-07-10 06:27:31 INFO     Batch: [64/938] Epoch: [0] Loss: [2.1355180960435134]
2019-07-10 06:27:32 INFO     Batch: [65/938] Epoch: [0] Loss: [2.1359356063784976]
2019-07-10 06:27:33 INFO     Batch: [66/938] Epoch: [0] Loss: [2.134080171585083]
2019-07-10 06:27:33 INFO     Batch: [67/938] Epoch: [0] Loss: [2.132920373888577]
2019-07-10 06:27:34 INFO     Batch: [68/938] Epoch: [0] Loss: [2.1306520043939785]
2019-07-10 06:27:35 INFO     Batch: [69/938] Epoch: [0] Loss: [2.1274982622691563]
2019-07-10 06:27:36 INFO     Batch: [70/938] Epoch: [0] Loss: [2.1250869270781396]
2019-07-10 06:27:36 INFO     Batch: [71/938] Epoch: [0] Loss: [2.1212065600686603]
2019-07-10 06:27:37 INFO     Batch: [72/938] Epoch: [0] Loss: [2.1209663903876526]
2019-07-10 06:27:38 INFO     Batch: [73/938] Epoch: [0] Loss: [2.117442944565335]
2019-07-10 06:27:38 INFO     Batch: [74/938] Epoch: [0] Loss: [2.1133672777811685]
2019-07-10 06:27:39 INFO     Batch: [75/938] Epoch: [0] Loss: [2.1085192325868105]
2019-07-10 06:27:40 INFO     Batch: [76/938] Epoch: [0] Loss: [2.1068010036047404]
2019-07-10 06:27:40 INFO     Batch: [77/938] Epoch: [0] Loss: [2.104941873978346]
2019-07-10 06:27:41 INFO     Batch: [78/938] Epoch: [0] Loss: [2.101980357230464]
2019-07-10 06:27:42 INFO     Batch: [79/938] Epoch: [0] Loss: [2.0990921944379806]
2019-07-10 06:27:43 INFO     Batch: [80/938] Epoch: [0] Loss: [2.099436983650113]
2019-07-10 06:27:43 INFO     Batch: [81/938] Epoch: [0] Loss: [2.0962925029963984]
2019-07-10 06:27:44 INFO     Batch: [82/938] Epoch: [0] Loss: [2.092380634273391]
2019-07-10 06:27:45 INFO     Batch: [83/938] Epoch: [0] Loss: [2.0891416597933996]
2019-07-10 06:27:45 INFO     Batch: [84/938] Epoch: [0] Loss: [2.0869472110972684]
2019-07-10 06:27:46 INFO     Batch: [85/938] Epoch: [0] Loss: [2.0869667696398357]
2019-07-10 06:27:47 INFO     Batch: [86/938] Epoch: [0] Loss: [2.0847989128923965]
2019-07-10 06:27:47 INFO     Batch: [87/938] Epoch: [0] Loss: [2.0831499221650036]
2019-07-10 06:27:48 INFO     Batch: [88/938] Epoch: [0] Loss: [2.082374600881941]
2019-07-10 06:27:49 INFO     Batch: [89/938] Epoch: [0] Loss: [2.0823458393414813]
2019-07-10 06:27:50 INFO     Batch: [90/938] Epoch: [0] Loss: [2.0814368646223467]
2019-07-10 06:27:50 INFO     Batch: [91/938] Epoch: [0] Loss: [2.080815483694491]
2019-07-10 06:27:51 INFO     Batch: [92/938] Epoch: [0] Loss: [2.0785664037991594]
2019-07-10 06:27:52 INFO     Batch: [93/938] Epoch: [0] Loss: [2.0762692144576538]
2019-07-10 06:27:52 INFO     Batch: [94/938] Epoch: [0] Loss: [2.0751735662159168]
2019-07-10 06:27:53 INFO     Batch: [95/938] Epoch: [0] Loss: [2.0730986495812735]
2019-07-10 06:27:54 INFO     Batch: [96/938] Epoch: [0] Loss: [2.0713891897004904]
2019-07-10 06:27:54 INFO     Batch: [97/938] Epoch: [0] Loss: [2.070798794833981]
2019-07-10 06:27:55 INFO     Batch: [98/938] Epoch: [0] Loss: [2.0678166753113874]
2019-07-10 06:27:56 INFO     Batch: [99/938] Epoch: [0] Loss: [2.066265789270401]
2019-07-10 06:27:57 INFO     Batch: [100/938] Epoch: [0] Loss: [2.064425266615235]
2019-07-10 06:27:57 INFO     Batch: [101/938] Epoch: [0] Loss: [2.0623789885464836]
2019-07-10 06:27:58 INFO     Batch: [102/938] Epoch: [0] Loss: [2.0618144354773955]
2019-07-10 06:27:59 INFO     Batch: [103/938] Epoch: [0] Loss: [2.0612751085024614]
2019-07-10 06:27:59 INFO     Batch: [104/938] Epoch: [0] Loss: [2.0603323357445853]
2019-07-10 06:28:00 INFO     Batch: [105/938] Epoch: [0] Loss: [2.059408478017123]
2019-07-10 06:28:01 INFO     Batch: [106/938] Epoch: [0] Loss: [2.0588710998820368]
2019-07-10 06:28:01 INFO     Batch: [107/938] Epoch: [0] Loss: [2.0577000147766538]
2019-07-10 06:28:02 INFO     Batch: [108/938] Epoch: [0] Loss: [2.055271773163332]
2019-07-10 06:28:03 INFO     Batch: [109/938] Epoch: [0] Loss: [2.053545490178195]
2019-07-10 06:28:04 INFO     Batch: [110/938] Epoch: [0] Loss: [2.0519930382032654]
2019-07-10 06:28:04 INFO     Batch: [111/938] Epoch: [0] Loss: [2.049650177359581]
2019-07-10 06:28:05 INFO     Batch: [112/938] Epoch: [0] Loss: [2.0472830006506593]
2019-07-10 06:28:06 INFO     Batch: [113/938] Epoch: [0] Loss: [2.045616310939454]
2019-07-10 06:28:06 INFO     Batch: [114/938] Epoch: [0] Loss: [2.0431036949157715]
2019-07-10 06:28:07 INFO     Batch: [115/938] Epoch: [0] Loss: [2.041809909302613]
2019-07-10 06:28:08 INFO     Batch: [116/938] Epoch: [0] Loss: [2.0399153660505247]
2019-07-10 06:28:08 INFO     Batch: [117/938] Epoch: [0] Loss: [2.038606598215588]
2019-07-10 06:28:09 INFO     Batch: [118/938] Epoch: [0] Loss: [2.0369439615922817]
2019-07-10 06:28:10 INFO     Batch: [119/938] Epoch: [0] Loss: [2.0358033657073973]
2019-07-10 06:28:11 INFO     Batch: [120/938] Epoch: [0] Loss: [2.036237074323922]
2019-07-10 06:28:11 INFO     Batch: [121/938] Epoch: [0] Loss: [2.0351346799584684]
2019-07-10 06:28:12 INFO     Batch: [122/938] Epoch: [0] Loss: [2.0331761177962386]
2019-07-10 06:28:13 INFO     Batch: [123/938] Epoch: [0] Loss: [2.0322754748405947]
2019-07-10 06:28:13 INFO     Batch: [124/938] Epoch: [0] Loss: [2.0309508876800537]
2019-07-10 06:28:14 INFO     Batch: [125/938] Epoch: [0] Loss: [2.0296289078773015]
2019-07-10 06:28:15 INFO     Batch: [126/938] Epoch: [0] Loss: [2.028965473175049]
2019-07-10 06:28:15 INFO     Batch: [127/938] Epoch: [0] Loss: [2.0273124761879444]
2019-07-10 06:28:16 INFO     Batch: [128/938] Epoch: [0] Loss: [2.0260853942974593]
2019-07-10 06:28:17 INFO     Batch: [129/938] Epoch: [0] Loss: [2.0246655519192034]
2019-07-10 06:28:18 INFO     Batch: [130/938] Epoch: [0] Loss: [2.0234526495897134]
2019-07-10 06:28:18 INFO     Batch: [131/938] Epoch: [0] Loss: [2.0226738181981174]
2019-07-10 06:28:19 INFO     Batch: [132/938] Epoch: [0] Loss: [2.0222416067481936]
2019-07-10 06:28:20 INFO     Batch: [133/938] Epoch: [0] Loss: [2.0207004253544025]
2019-07-10 06:28:20 INFO     Batch: [134/938] Epoch: [0] Loss: [2.0208976048010365]
2019-07-10 06:28:21 INFO     Batch: [135/938] Epoch: [0] Loss: [2.019930875476669]
2019-07-10 06:28:22 INFO     Batch: [136/938] Epoch: [0] Loss: [2.0174618446043806]
2019-07-10 06:28:22 INFO     Batch: [137/938] Epoch: [0] Loss: [2.0167601644128994]
2019-07-10 06:28:23 INFO     Batch: [138/938] Epoch: [0] Loss: [2.0142730448743422]
2019-07-10 06:28:24 INFO     Batch: [139/938] Epoch: [0] Loss: [2.014585248061589]
2019-07-10 06:28:25 INFO     Batch: [140/938] Epoch: [0] Loss: [2.012517621331181]
2019-07-10 06:28:25 INFO     Batch: [141/938] Epoch: [0] Loss: [2.009975619719062]
2019-07-10 06:28:26 INFO     Batch: [142/938] Epoch: [0] Loss: [2.0088868858097317]
2019-07-10 06:28:27 INFO     Batch: [143/938] Epoch: [0] Loss: [2.007187736531099]
2019-07-10 06:28:27 INFO     Batch: [144/938] Epoch: [0] Loss: [2.0059598766524216]
2019-07-10 06:28:28 INFO     Batch: [145/938] Epoch: [0] Loss: [2.004590773419158]
2019-07-10 06:28:29 INFO     Batch: [146/938] Epoch: [0] Loss: [2.002178595990551]
2019-07-10 06:28:29 INFO     Batch: [147/938] Epoch: [0] Loss: [2.0006139745583407]
2019-07-10 06:28:30 INFO     Batch: [148/938] Epoch: [0] Loss: [1.999191655408616]
2019-07-10 06:28:31 INFO     Batch: [149/938] Epoch: [0] Loss: [1.9977173495292664]
2019-07-10 06:28:32 INFO     Batch: [150/938] Epoch: [0] Loss: [1.9965251502611778]
2019-07-10 06:28:32 INFO     Batch: [151/938] Epoch: [0] Loss: [1.9955609746669467]
2019-07-10 06:28:33 INFO     Batch: [152/938] Epoch: [0] Loss: [1.9930381307414933]
2019-07-10 06:28:34 INFO     Batch: [153/938] Epoch: [0] Loss: [1.991545141517342]
2019-07-10 06:28:34 INFO     Batch: [154/938] Epoch: [0] Loss: [1.9904828063903317]
2019-07-10 06:28:35 INFO     Batch: [155/938] Epoch: [0] Loss: [1.9885658430747497]
2019-07-10 06:28:36 INFO     Batch: [156/938] Epoch: [0] Loss: [1.987753893159757]
2019-07-10 06:28:36 INFO     Batch: [157/938] Epoch: [0] Loss: [1.9863918785807453]
2019-07-10 06:28:37 INFO     Batch: [158/938] Epoch: [0] Loss: [1.9841910165810734]
2019-07-10 06:28:38 INFO     Batch: [159/938] Epoch: [0] Loss: [1.9831366062164306]
2019-07-10 06:28:39 INFO     Batch: [160/938] Epoch: [0] Loss: [1.9827968230158646]
2019-07-10 06:28:39 INFO     Batch: [161/938] Epoch: [0] Loss: [1.9814104548207037]
2019-07-10 06:28:40 INFO     Batch: [162/938] Epoch: [0] Loss: [1.9809993088611064]
2019-07-10 06:28:41 INFO     Batch: [163/938] Epoch: [0] Loss: [1.9799357987031705]
2019-07-10 06:28:41 INFO     Batch: [164/938] Epoch: [0] Loss: [1.97897269003319]
2019-07-10 06:28:42 INFO     Batch: [165/938] Epoch: [0] Loss: [1.977725071361266]
2019-07-10 06:28:43 INFO     Batch: [166/938] Epoch: [0] Loss: [1.976471299182869]
2019-07-10 06:28:44 INFO     Batch: [167/938] Epoch: [0] Loss: [1.9752720764705114]
2019-07-10 06:28:44 INFO     Batch: [168/938] Epoch: [0] Loss: [1.9746952106261395]
2019-07-10 06:28:45 INFO     Batch: [169/938] Epoch: [0] Loss: [1.9736452481325935]
2019-07-10 06:28:46 INFO     Batch: [170/938] Epoch: [0] Loss: [1.971883213310911]
2019-07-10 06:28:46 INFO     Batch: [171/938] Epoch: [0] Loss: [1.970230195411416]
2019-07-10 06:28:47 INFO     Batch: [172/938] Epoch: [0] Loss: [1.9691079441522588]
2019-07-10 06:28:48 INFO     Batch: [173/938] Epoch: [0] Loss: [1.9689950066051265]
2019-07-10 06:28:48 INFO     Batch: [174/938] Epoch: [0] Loss: [1.968317666053772]
2019-07-10 06:28:49 INFO     Batch: [175/938] Epoch: [0] Loss: [1.967597484588623]
2019-07-10 06:28:50 INFO     Batch: [176/938] Epoch: [0] Loss: [1.966889272301884]
2019-07-10 06:28:51 INFO     Batch: [177/938] Epoch: [0] Loss: [1.9664643226044902]
2019-07-10 06:28:51 INFO     Batch: [178/938] Epoch: [0] Loss: [1.9644742944387084]
2019-07-10 06:28:52 INFO     Batch: [179/938] Epoch: [0] Loss: [1.963159355852339]
2019-07-10 06:28:53 INFO     Batch: [180/938] Epoch: [0] Loss: [1.9614703299590897]
2019-07-10 06:28:53 INFO     Batch: [181/938] Epoch: [0] Loss: [1.9610766892904763]
2019-07-10 06:28:54 INFO     Batch: [182/938] Epoch: [0] Loss: [1.959902575758637]
2019-07-10 06:28:55 INFO     Batch: [183/938] Epoch: [0] Loss: [1.9591109700824902]
2019-07-10 06:28:55 INFO     Batch: [184/938] Epoch: [0] Loss: [1.9584248529898154]
2019-07-10 06:28:56 INFO     Batch: [185/938] Epoch: [0] Loss: [1.9569902253407303]
2019-07-10 06:28:57 INFO     Batch: [186/938] Epoch: [0] Loss: [1.9558315984705552]
2019-07-10 06:28:58 INFO     Batch: [187/938] Epoch: [0] Loss: [1.955424483786238]
2019-07-10 06:28:58 INFO     Batch: [188/938] Epoch: [0] Loss: [1.9544299670628138]
2019-07-10 06:28:59 INFO     Batch: [189/938] Epoch: [0] Loss: [1.9534514188766479]
2019-07-10 06:29:00 INFO     Batch: [190/938] Epoch: [0] Loss: [1.9516445910119262]
2019-07-10 06:29:00 INFO     Batch: [191/938] Epoch: [0] Loss: [1.9506585896015167]
2019-07-10 06:29:01 INFO     Batch: [192/938] Epoch: [0] Loss: [1.9497335661260575]
2019-07-10 06:29:02 INFO     Batch: [193/938] Epoch: [0] Loss: [1.9500477424601919]
2019-07-10 06:29:02 INFO     Batch: [194/938] Epoch: [0] Loss: [1.9484095512292323]
2019-07-10 06:29:03 INFO     Batch: [195/938] Epoch: [0] Loss: [1.9471213069497322]
2019-07-10 06:29:04 INFO     Batch: [196/938] Epoch: [0] Loss: [1.945333574629072]
2019-07-10 06:29:05 INFO     Batch: [197/938] Epoch: [0] Loss: [1.9447711682078814]
2019-07-10 06:29:05 INFO     Batch: [198/938] Epoch: [0] Loss: [1.9434954515054597]
2019-07-10 06:29:06 INFO     Batch: [199/938] Epoch: [0] Loss: [1.9418724447488784]
2019-07-10 06:29:07 INFO     Batch: [200/938] Epoch: [0] Loss: [1.940426312868868]
2019-07-10 06:29:07 INFO     Batch: [201/938] Epoch: [0] Loss: [1.9387729421700581]
2019-07-10 06:29:08 INFO     Batch: [202/938] Epoch: [0] Loss: [1.937541356227668]
2019-07-10 06:29:09 INFO     Batch: [203/938] Epoch: [0] Loss: [1.937014247272529]
2019-07-10 06:29:10 INFO     Batch: [204/938] Epoch: [0] Loss: [1.9361106738811587]
2019-07-10 06:29:10 INFO     Batch: [205/938] Epoch: [0] Loss: [1.9354958667338473]
2019-07-10 06:29:11 INFO     Batch: [206/938] Epoch: [0] Loss: [1.9339490288121688]
2019-07-10 06:29:12 INFO     Batch: [207/938] Epoch: [0] Loss: [1.9322673850334608]
2019-07-10 06:29:12 INFO     Batch: [208/938] Epoch: [0] Loss: [1.9313833194486263]
2019-07-10 06:29:13 INFO     Batch: [209/938] Epoch: [0] Loss: [1.9297582393600827]
2019-07-10 06:29:14 INFO     Batch: [210/938] Epoch: [0] Loss: [1.9274168845036583]
2019-07-10 06:29:14 INFO     Batch: [211/938] Epoch: [0] Loss: [1.9260970674595743]
2019-07-10 06:29:15 INFO     Batch: [212/938] Epoch: [0] Loss: [1.9255221684773762]
2019-07-10 06:29:16 INFO     Batch: [213/938] Epoch: [0] Loss: [1.9240780651012315]
2019-07-10 06:29:17 INFO     Batch: [214/938] Epoch: [0] Loss: [1.9228792883629022]
2019-07-10 06:29:17 INFO     Batch: [215/938] Epoch: [0] Loss: [1.9214463669944692]
2019-07-10 06:29:18 INFO     Batch: [216/938] Epoch: [0] Loss: [1.9209545636506673]
2019-07-10 06:29:19 INFO     Batch: [217/938] Epoch: [0] Loss: [1.9202143139795427]
2019-07-10 06:29:19 INFO     Batch: [218/938] Epoch: [0] Loss: [1.9200388214903878]
2019-07-10 06:29:20 INFO     Batch: [219/938] Epoch: [0] Loss: [1.9188851735808632]
2019-07-10 06:29:21 INFO     Batch: [220/938] Epoch: [0] Loss: [1.9180342093851772]
2019-07-10 06:29:22 INFO     Batch: [221/938] Epoch: [0] Loss: [1.9173418992274516]
2019-07-10 06:29:22 INFO     Batch: [222/938] Epoch: [0] Loss: [1.9171876725594559]
2019-07-10 06:29:23 INFO     Batch: [223/938] Epoch: [0] Loss: [1.916072734764644]
2019-07-10 06:29:24 INFO     Batch: [224/938] Epoch: [0] Loss: [1.914007993804084]
2019-07-10 06:29:24 INFO     Batch: [225/938] Epoch: [0] Loss: [1.9137718645872268]
2019-07-10 06:29:25 INFO     Batch: [226/938] Epoch: [0] Loss: [1.9125540645112025]
2019-07-10 06:29:26 INFO     Batch: [227/938] Epoch: [0] Loss: [1.9119496031811363]
2019-07-10 06:29:26 INFO     Batch: [228/938] Epoch: [0] Loss: [1.9114253880155139]
2019-07-10 06:29:27 INFO     Batch: [229/938] Epoch: [0] Loss: [1.9101494006488635]
2019-07-10 06:29:28 INFO     Batch: [230/938] Epoch: [0] Loss: [1.9089167386422425]
2019-07-10 06:29:29 INFO     Batch: [231/938] Epoch: [0] Loss: [1.9088926094359364]
2019-07-10 06:29:29 INFO     Batch: [232/938] Epoch: [0] Loss: [1.9086426757435941]
2019-07-10 06:29:30 INFO     Batch: [233/938] Epoch: [0] Loss: [1.9084757454374917]
2019-07-10 06:29:31 INFO     Batch: [234/938] Epoch: [0] Loss: [1.9083017907244093]
2019-07-10 06:29:31 INFO     Batch: [235/938] Epoch: [0] Loss: [1.9071243516469405]
2019-07-10 06:29:32 INFO     Batch: [236/938] Epoch: [0] Loss: [1.9061816181311628]
2019-07-10 06:29:33 INFO     Batch: [237/938] Epoch: [0] Loss: [1.905584387919482]
2019-07-10 06:29:34 INFO     Batch: [238/938] Epoch: [0] Loss: [1.904342988544927]
2019-07-10 06:29:34 INFO     Batch: [239/938] Epoch: [0] Loss: [1.9037647212545077]
2019-07-10 06:29:35 INFO     Batch: [240/938] Epoch: [0] Loss: [1.903017519420608]
2019-07-10 06:29:36 INFO     Batch: [241/938] Epoch: [0] Loss: [1.9015276717745568]
2019-07-10 06:29:36 INFO     Batch: [242/938] Epoch: [0] Loss: [1.8999486322756167]
2019-07-10 06:29:37 INFO     Batch: [243/938] Epoch: [0] Loss: [1.8989244489396204]
2019-07-10 06:29:38 INFO     Batch: [244/938] Epoch: [0] Loss: [1.897999086671946]
2019-07-10 06:29:38 INFO     Batch: [245/938] Epoch: [0] Loss: [1.8972200043802339]
2019-07-10 06:29:39 INFO     Batch: [246/938] Epoch: [0] Loss: [1.8969049492345649]
2019-07-10 06:29:40 INFO     Batch: [247/938] Epoch: [0] Loss: [1.8954962318943394]
2019-07-10 06:29:41 INFO     Batch: [248/938] Epoch: [0] Loss: [1.8940931482008663]
2019-07-10 06:29:41 INFO     Batch: [249/938] Epoch: [0] Loss: [1.8933298139572143]
2019-07-10 06:29:42 INFO     Batch: [250/938] Epoch: [0] Loss: [1.8925443939953686]
2019-07-10 06:29:43 INFO     Batch: [251/938] Epoch: [0] Loss: [1.8920695001170749]
2019-07-10 06:29:43 INFO     Batch: [252/938] Epoch: [0] Loss: [1.8912358373521345]
2019-07-10 06:29:44 INFO     Batch: [253/938] Epoch: [0] Loss: [1.8902808779806604]
2019-07-10 06:29:45 INFO     Batch: [254/938] Epoch: [0] Loss: [1.888666941137875]
2019-07-10 06:29:46 INFO     Batch: [255/938] Epoch: [0] Loss: [1.887612965889275]
2019-07-10 06:29:46 INFO     Batch: [256/938] Epoch: [0] Loss: [1.8863045037488528]
2019-07-10 06:29:47 INFO     Batch: [257/938] Epoch: [0] Loss: [1.8861777449763097]
2019-07-10 06:29:48 INFO     Batch: [258/938] Epoch: [0] Loss: [1.8849755967445816]
2019-07-10 06:29:48 INFO     Batch: [259/938] Epoch: [0] Loss: [1.884506533237604]
2019-07-10 06:29:49 INFO     Batch: [260/938] Epoch: [0] Loss: [1.883242909022218]
2019-07-10 06:29:50 INFO     Batch: [261/938] Epoch: [0] Loss: [1.8829757698619638]
2019-07-10 06:29:51 INFO     Batch: [262/938] Epoch: [0] Loss: [1.8826310063496288]
2019-07-10 06:29:51 INFO     Batch: [263/938] Epoch: [0] Loss: [1.881954862312837]
2019-07-10 06:29:52 INFO     Batch: [264/938] Epoch: [0] Loss: [1.8815213270907132]
2019-07-10 06:29:53 INFO     Batch: [265/938] Epoch: [0] Loss: [1.8802676052975476]
2019-07-10 06:29:53 INFO     Batch: [266/938] Epoch: [0] Loss: [1.8788445080710707]
2019-07-10 06:29:54 INFO     Batch: [267/938] Epoch: [0] Loss: [1.877792526981724]
2019-07-10 06:29:55 INFO     Batch: [268/938] Epoch: [0] Loss: [1.8768034699237923]
2019-07-10 06:29:55 INFO     Batch: [269/938] Epoch: [0] Loss: [1.8762485234825699]
2019-07-10 06:29:56 INFO     Batch: [270/938] Epoch: [0] Loss: [1.8755080308421512]
2019-07-10 06:29:57 INFO     Batch: [271/938] Epoch: [0] Loss: [1.8744203873416956]
2019-07-10 06:29:58 INFO     Batch: [272/938] Epoch: [0] Loss: [1.8732345628214406]
2019-07-10 06:29:58 INFO     Batch: [273/938] Epoch: [0] Loss: [1.872388590861411]
2019-07-10 06:29:59 INFO     Batch: [274/938] Epoch: [0] Loss: [1.8713224081559614]
2019-07-10 06:30:00 INFO     Batch: [275/938] Epoch: [0] Loss: [1.8706542033216227]
2019-07-10 06:30:00 INFO     Batch: [276/938] Epoch: [0] Loss: [1.8698783368410186]
2019-07-10 06:30:01 INFO     Batch: [277/938] Epoch: [0] Loss: [1.8695963346700875]
2019-07-10 06:30:02 INFO     Batch: [278/938] Epoch: [0] Loss: [1.8689343014925612]
2019-07-10 06:30:03 INFO     Batch: [279/938] Epoch: [0] Loss: [1.868375882932118]
2019-07-10 06:30:03 INFO     Batch: [280/938] Epoch: [0] Loss: [1.8681245664684798]
2019-07-10 06:30:04 INFO     Batch: [281/938] Epoch: [0] Loss: [1.8670901271468359]
2019-07-10 06:30:05 INFO     Batch: [282/938] Epoch: [0] Loss: [1.8660586798570182]
2019-07-10 06:30:05 INFO     Batch: [283/938] Epoch: [0] Loss: [1.8651407969669558]
2019-07-10 06:30:06 INFO     Batch: [284/938] Epoch: [0] Loss: [1.8639372068539]
2019-07-10 06:30:07 INFO     Batch: [285/938] Epoch: [0] Loss: [1.8623466108228777]
2019-07-10 06:30:07 INFO     Batch: [286/938] Epoch: [0] Loss: [1.8608420634518932]
2019-07-10 06:30:08 INFO     Batch: [287/938] Epoch: [0] Loss: [1.8603082588977284]
2019-07-10 06:30:09 INFO     Batch: [288/938] Epoch: [0] Loss: [1.8595607738593871]
2019-07-10 06:30:10 INFO     Batch: [289/938] Epoch: [0] Loss: [1.8586022668871387]
2019-07-10 06:30:10 INFO     Batch: [290/938] Epoch: [0] Loss: [1.8579216744891556]
2019-07-10 06:30:11 INFO     Batch: [291/938] Epoch: [0] Loss: [1.857437746982052]
2019-07-10 06:30:12 INFO     Batch: [292/938] Epoch: [0] Loss: [1.856856008438527]
2019-07-10 06:30:12 INFO     Batch: [293/938] Epoch: [0] Loss: [1.856028627781641]
2019-07-10 06:30:13 INFO     Batch: [294/938] Epoch: [0] Loss: [1.8557845006554814]
2019-07-10 06:30:14 INFO     Batch: [295/938] Epoch: [0] Loss: [1.8540426657812015]
2019-07-10 06:30:15 INFO     Batch: [296/938] Epoch: [0] Loss: [1.853157020979859]
2019-07-10 06:30:15 INFO     Batch: [297/938] Epoch: [0] Loss: [1.8523830507425654]
2019-07-10 06:30:16 INFO     Batch: [298/938] Epoch: [0] Loss: [1.8516248508440611]
2019-07-10 06:30:17 INFO     Batch: [299/938] Epoch: [0] Loss: [1.8505555963516236]
2019-07-10 06:30:17 INFO     Batch: [300/938] Epoch: [0] Loss: [1.8505613673168955]
2019-07-10 06:30:18 INFO     Batch: [301/938] Epoch: [0] Loss: [1.8495735068194914]
2019-07-10 06:30:19 INFO     Batch: [302/938] Epoch: [0] Loss: [1.8487580168758682]
2019-07-10 06:30:20 INFO     Batch: [303/938] Epoch: [0] Loss: [1.8479228204018192]
2019-07-10 06:30:20 INFO     Batch: [304/938] Epoch: [0] Loss: [1.8467457876830804]
2019-07-10 06:30:21 INFO     Batch: [305/938] Epoch: [0] Loss: [1.845977721650616]
2019-07-10 06:30:22 INFO     Batch: [306/938] Epoch: [0] Loss: [1.8450725820243163]
2019-07-10 06:30:22 INFO     Batch: [307/938] Epoch: [0] Loss: [1.8439529027257646]
2019-07-10 06:30:23 INFO     Batch: [308/938] Epoch: [0] Loss: [1.8433111230918118]
2019-07-10 06:30:24 INFO     Batch: [309/938] Epoch: [0] Loss: [1.8422060674236667]
2019-07-10 06:30:24 INFO     Batch: [310/938] Epoch: [0] Loss: [1.841490614452546]
2019-07-10 06:30:25 INFO     Batch: [311/938] Epoch: [0] Loss: [1.84043021996816]
2019-07-10 06:30:26 INFO     Batch: [312/938] Epoch: [0] Loss: [1.8396438642050892]
2019-07-10 06:30:27 INFO     Batch: [313/938] Epoch: [0] Loss: [1.8389902407196677]
2019-07-10 06:30:27 INFO     Batch: [314/938] Epoch: [0] Loss: [1.8387562146262517]
2019-07-10 06:30:28 INFO     Batch: [315/938] Epoch: [0] Loss: [1.837381003023703]
2019-07-10 06:30:29 INFO     Batch: [316/938] Epoch: [0] Loss: [1.8360445755137254]
2019-07-10 06:30:29 INFO     Batch: [317/938] Epoch: [0] Loss: [1.8350271886249758]
2019-07-10 06:30:30 INFO     Batch: [318/938] Epoch: [0] Loss: [1.8339017663256127]
2019-07-10 06:30:31 INFO     Batch: [319/938] Epoch: [0] Loss: [1.8332411631941796]
2019-07-10 06:30:32 INFO     Batch: [320/938] Epoch: [0] Loss: [1.8318269241636045]
2019-07-10 06:30:32 INFO     Batch: [321/938] Epoch: [0] Loss: [1.831034095020768]
2019-07-10 06:30:33 INFO     Batch: [322/938] Epoch: [0] Loss: [1.8299133511888723]
2019-07-10 06:30:34 INFO     Batch: [323/938] Epoch: [0] Loss: [1.829151729742686]
2019-07-10 06:30:34 INFO     Batch: [324/938] Epoch: [0] Loss: [1.8284988175905668]
2019-07-10 06:30:35 INFO     Batch: [325/938] Epoch: [0] Loss: [1.8276384352175004]
2019-07-10 06:30:36 INFO     Batch: [326/938] Epoch: [0] Loss: [1.8262600851350603]
2019-07-10 06:30:36 INFO     Batch: [327/938] Epoch: [0] Loss: [1.825635403394699]
2019-07-10 06:30:37 INFO     Batch: [328/938] Epoch: [0] Loss: [1.8254019275624702]
2019-07-10 06:30:38 INFO     Batch: [329/938] Epoch: [0] Loss: [1.8251140319939816]
2019-07-10 06:30:39 INFO     Batch: [330/938] Epoch: [0] Loss: [1.8246327825903532]
2019-07-10 06:30:39 INFO     Batch: [331/938] Epoch: [0] Loss: [1.8243080022105251]
2019-07-10 06:30:40 INFO     Batch: [332/938] Epoch: [0] Loss: [1.8232600219972857]
2019-07-10 06:30:41 INFO     Batch: [333/938] Epoch: [0] Loss: [1.8222205899432748]
2019-07-10 06:30:41 INFO     Batch: [334/938] Epoch: [0] Loss: [1.821569690063818]
2019-07-10 06:30:42 INFO     Batch: [335/938] Epoch: [0] Loss: [1.8214983383104915]
2019-07-10 06:30:43 INFO     Batch: [336/938] Epoch: [0] Loss: [1.8209728550840203]
2019-07-10 06:30:44 INFO     Batch: [337/938] Epoch: [0] Loss: [1.8206892034711217]
2019-07-10 06:30:44 INFO     Batch: [338/938] Epoch: [0] Loss: [1.8200414099876157]
2019-07-10 06:30:45 INFO     Batch: [339/938] Epoch: [0] Loss: [1.8187896521652447]
2019-07-10 06:30:46 INFO     Batch: [340/938] Epoch: [0] Loss: [1.8183238957284833]
2019-07-10 06:30:46 INFO     Batch: [341/938] Epoch: [0] Loss: [1.8171229721509923]
2019-07-10 06:30:47 INFO     Batch: [342/938] Epoch: [0] Loss: [1.8167224017246124]
2019-07-10 06:30:48 INFO     Batch: [343/938] Epoch: [0] Loss: [1.8157377995030826]
2019-07-10 06:30:49 INFO     Batch: [344/938] Epoch: [0] Loss: [1.8145139794418776]
2019-07-10 06:30:49 INFO     Batch: [345/938] Epoch: [0] Loss: [1.8140223784253777]
2019-07-10 06:30:50 INFO     Batch: [346/938] Epoch: [0] Loss: [1.8133017601128614]
2019-07-10 06:30:51 INFO     Batch: [347/938] Epoch: [0] Loss: [1.812180891461756]
2019-07-10 06:30:51 INFO     Batch: [348/938] Epoch: [0] Loss: [1.8112758247763516]
2019-07-10 06:30:52 INFO     Batch: [349/938] Epoch: [0] Loss: [1.8101966847692217]
2019-07-10 06:30:53 INFO     Batch: [350/938] Epoch: [0] Loss: [1.8094773954815335]
2019-07-10 06:30:53 INFO     Batch: [351/938] Epoch: [0] Loss: [1.8087094023146413]
2019-07-10 06:30:54 INFO     Batch: [352/938] Epoch: [0] Loss: [1.8075319889922317]
2019-07-10 06:30:55 INFO     Batch: [353/938] Epoch: [0] Loss: [1.8066253921406417]
2019-07-10 06:30:56 INFO     Batch: [354/938] Epoch: [0] Loss: [1.8063327785948633]
2019-07-10 06:30:56 INFO     Batch: [355/938] Epoch: [0] Loss: [1.8055884935212938]
2019-07-10 06:30:57 INFO     Batch: [356/938] Epoch: [0] Loss: [1.8047204000943182]
2019-07-10 06:30:58 INFO     Batch: [357/938] Epoch: [0] Loss: [1.8042991457704725]
2019-07-10 06:30:58 INFO     Batch: [358/938] Epoch: [0] Loss: [1.803412170795345]
2019-07-10 06:30:59 INFO     Batch: [359/938] Epoch: [0] Loss: [1.8032658335235383]
2019-07-10 06:31:00 INFO     Batch: [360/938] Epoch: [0] Loss: [1.8025931413814302]
2019-07-10 06:31:01 INFO     Batch: [361/938] Epoch: [0] Loss: [1.8017106928878068]
2019-07-10 06:31:01 INFO     Batch: [362/938] Epoch: [0] Loss: [1.8006573702021407]
2019-07-10 06:31:02 INFO     Batch: [363/938] Epoch: [0] Loss: [1.7999371503080641]
2019-07-10 06:31:03 INFO     Batch: [364/938] Epoch: [0] Loss: [1.7995483058772674]
2019-07-10 06:31:03 INFO     Batch: [365/938] Epoch: [0] Loss: [1.798664377035339]
2019-07-10 06:31:04 INFO     Batch: [366/938] Epoch: [0] Loss: [1.7978896467822125]
2019-07-10 06:31:05 INFO     Batch: [367/938] Epoch: [0] Loss: [1.796962496055209]
2019-07-10 06:31:05 INFO     Batch: [368/938] Epoch: [0] Loss: [1.7964177509633505]
2019-07-10 06:31:06 INFO     Batch: [369/938] Epoch: [0] Loss: [1.795651389457084]
2019-07-10 06:31:07 INFO     Batch: [370/938] Epoch: [0] Loss: [1.7944595424955425]
2019-07-10 06:31:08 INFO     Batch: [371/938] Epoch: [0] Loss: [1.7937341874004693]
2019-07-10 06:31:08 INFO     Batch: [372/938] Epoch: [0] Loss: [1.792882186478009]
2019-07-10 06:31:09 INFO     Batch: [373/938] Epoch: [0] Loss: [1.7920162652265579]
2019-07-10 06:31:10 INFO     Batch: [374/938] Epoch: [0] Loss: [1.79132572555542]
2019-07-10 06:31:10 INFO     Batch: [375/938] Epoch: [0] Loss: [1.7913798518637394]
2019-07-10 06:31:11 INFO     Batch: [376/938] Epoch: [0] Loss: [1.7906871300477247]
2019-07-10 06:31:12 INFO     Batch: [377/938] Epoch: [0] Loss: [1.7897405447783294]
2019-07-10 06:31:13 INFO     Batch: [378/938] Epoch: [0] Loss: [1.789834700976953]
2019-07-10 06:31:13 INFO     Batch: [379/938] Epoch: [0] Loss: [1.789198335534648]
2019-07-10 06:31:14 INFO     Batch: [380/938] Epoch: [0] Loss: [1.7882359262526504]
2019-07-10 06:31:15 INFO     Batch: [381/938] Epoch: [0] Loss: [1.788038615468909]
2019-07-10 06:31:15 INFO     Batch: [382/938] Epoch: [0] Loss: [1.787425090998956]
2019-07-10 06:31:16 INFO     Batch: [383/938] Epoch: [0] Loss: [1.787083098354439]
2019-07-10 06:31:17 INFO     Batch: [384/938] Epoch: [0] Loss: [1.7867745161056519]
2019-07-10 06:31:17 INFO     Batch: [385/938] Epoch: [0] Loss: [1.7858302865003675]
2019-07-10 06:31:18 INFO     Batch: [386/938] Epoch: [0] Loss: [1.7855889618550775]
2019-07-10 06:31:19 INFO     Batch: [387/938] Epoch: [0] Loss: [1.784646283412717]
2019-07-10 06:31:20 INFO     Batch: [388/938] Epoch: [0] Loss: [1.784135474950305]
2019-07-10 06:31:20 INFO     Batch: [389/938] Epoch: [0] Loss: [1.7831675838201473]
2019-07-10 06:31:21 INFO     Batch: [390/938] Epoch: [0] Loss: [1.782237292555592]
2019-07-10 06:31:22 INFO     Batch: [391/938] Epoch: [0] Loss: [1.7819067796274108]
2019-07-10 06:31:22 INFO     Batch: [392/938] Epoch: [0] Loss: [1.7817168041646632]
2019-07-10 06:31:23 INFO     Batch: [393/938] Epoch: [0] Loss: [1.7812344546850563]
2019-07-10 06:31:24 INFO     Batch: [394/938] Epoch: [0] Loss: [1.7804458630235889]
2019-07-10 06:31:25 INFO     Batch: [395/938] Epoch: [0] Loss: [1.7797603959386998]
2019-07-10 06:31:25 INFO     Batch: [396/938] Epoch: [0] Loss: [1.7790397159398652]
2019-07-10 06:31:26 INFO     Batch: [397/938] Epoch: [0] Loss: [1.7791161674949991]
2019-07-10 06:31:27 INFO     Batch: [398/938] Epoch: [0] Loss: [1.7780651532318956]
2019-07-10 06:31:27 INFO     Batch: [399/938] Epoch: [0] Loss: [1.778026514351368]
2019-07-10 06:31:28 INFO     Batch: [400/938] Epoch: [0] Loss: [1.7774413366270185]
2019-07-10 06:31:29 INFO     Batch: [401/938] Epoch: [0] Loss: [1.776699640561099]
2019-07-10 06:31:30 INFO     Batch: [402/938] Epoch: [0] Loss: [1.7755587941067983]
2019-07-10 06:31:30 INFO     Batch: [403/938] Epoch: [0] Loss: [1.774401233042821]
2019-07-10 06:31:31 INFO     Batch: [404/938] Epoch: [0] Loss: [1.7740723698227494]
2019-07-10 06:31:32 INFO     Batch: [405/938] Epoch: [0] Loss: [1.7736600957480557]
2019-07-10 06:31:32 INFO     Batch: [406/938] Epoch: [0] Loss: [1.7728521996692592]
2019-07-10 06:31:33 INFO     Batch: [407/938] Epoch: [0] Loss: [1.7721014946114784]
2019-07-10 06:31:34 INFO     Batch: [408/938] Epoch: [0] Loss: [1.7712565972344507]
2019-07-10 06:31:34 INFO     Batch: [409/938] Epoch: [0] Loss: [1.7702811418510065]
2019-07-10 06:31:35 INFO     Batch: [410/938] Epoch: [0] Loss: [1.7696464691138905]
2019-07-10 06:31:36 INFO     Batch: [411/938] Epoch: [0] Loss: [1.7690195120075374]
2019-07-10 06:31:37 INFO     Batch: [412/938] Epoch: [0] Loss: [1.7683890965602589]
2019-07-10 06:31:37 INFO     Batch: [413/938] Epoch: [0] Loss: [1.767658443554588]
2019-07-10 06:31:38 INFO     Batch: [414/938] Epoch: [0] Loss: [1.7676525595676469]
2019-07-10 06:31:39 INFO     Batch: [415/938] Epoch: [0] Loss: [1.766592851625039]
2019-07-10 06:31:39 INFO     Batch: [416/938] Epoch: [0] Loss: [1.766108774738632]
2019-07-10 06:31:40 INFO     Batch: [417/938] Epoch: [0] Loss: [1.765448397426514]
2019-07-10 06:31:41 INFO     Batch: [418/938] Epoch: [0] Loss: [1.765010247367094]
2019-07-10 06:31:42 INFO     Batch: [419/938] Epoch: [0] Loss: [1.7642272742021652]
2019-07-10 06:31:42 INFO     Batch: [420/938] Epoch: [0] Loss: [1.7637463111492346]
2019-07-10 06:31:43 INFO     Batch: [421/938] Epoch: [0] Loss: [1.763472526841819]
2019-07-10 06:31:44 INFO     Batch: [422/938] Epoch: [0] Loss: [1.7629869257586503]
2019-07-10 06:31:44 INFO     Batch: [423/938] Epoch: [0] Loss: [1.7629892845761101]
2019-07-10 06:31:45 INFO     Batch: [424/938] Epoch: [0] Loss: [1.7625862371220309]
2019-07-10 06:31:46 INFO     Batch: [425/938] Epoch: [0] Loss: [1.762007668544429]
2019-07-10 06:31:46 INFO     Batch: [426/938] Epoch: [0] Loss: [1.7614065310994134]
2019-07-10 06:31:47 INFO     Batch: [427/938] Epoch: [0] Loss: [1.7609212704908068]
2019-07-10 06:31:48 INFO     Batch: [428/938] Epoch: [0] Loss: [1.7600681587254807]
2019-07-10 06:31:49 INFO     Batch: [429/938] Epoch: [0] Loss: [1.7597945163416309]
2019-07-10 06:31:49 INFO     Batch: [430/938] Epoch: [0] Loss: [1.7590807242072652]
2019-07-10 06:31:50 INFO     Batch: [431/938] Epoch: [0] Loss: [1.758555279561767]
2019-07-10 06:31:51 INFO     Batch: [432/938] Epoch: [0] Loss: [1.757576718892016]
2019-07-10 06:31:51 INFO     Batch: [433/938] Epoch: [0] Loss: [1.7570228095977538]
2019-07-10 06:31:52 INFO     Batch: [434/938] Epoch: [0] Loss: [1.7566807078219009]
2019-07-10 06:31:53 INFO     Batch: [435/938] Epoch: [0] Loss: [1.7561938959524173]
2019-07-10 06:31:54 INFO     Batch: [436/938] Epoch: [0] Loss: [1.7558025667269115]
2019-07-10 06:31:54 INFO     Batch: [437/938] Epoch: [0] Loss: [1.7548867336146907]
2019-07-10 06:31:55 INFO     Batch: [438/938] Epoch: [0] Loss: [1.7540344705885798]
2019-07-10 06:31:56 INFO     Batch: [439/938] Epoch: [0] Loss: [1.7533925181085412]
2019-07-10 06:31:56 INFO     Batch: [440/938] Epoch: [0] Loss: [1.7526735410668683]
2019-07-10 06:31:57 INFO     Batch: [441/938] Epoch: [0] Loss: [1.7517453909459697]
2019-07-10 06:31:58 INFO     Batch: [442/938] Epoch: [0] Loss: [1.7511808595054574]
2019-07-10 06:31:58 INFO     Batch: [443/938] Epoch: [0] Loss: [1.7509933887301266]
2019-07-10 06:31:59 INFO     Batch: [444/938] Epoch: [0] Loss: [1.7504886860258124]
2019-07-10 06:32:00 INFO     Batch: [445/938] Epoch: [0] Loss: [1.7496068397444995]
2019-07-10 06:32:01 INFO     Batch: [446/938] Epoch: [0] Loss: [1.7493560663539025]
2019-07-10 06:32:01 INFO     Batch: [447/938] Epoch: [0] Loss: [1.7483292259275913]
2019-07-10 06:32:02 INFO     Batch: [448/938] Epoch: [0] Loss: [1.7480256576049567]
2019-07-10 06:32:03 INFO     Batch: [449/938] Epoch: [0] Loss: [1.7475305390357971]
2019-07-10 06:32:03 INFO     Batch: [450/938] Epoch: [0] Loss: [1.7469208946249173]
2019-07-10 06:32:04 INFO     Batch: [451/938] Epoch: [0] Loss: [1.7464367955659343]
2019-07-10 06:32:05 INFO     Batch: [452/938] Epoch: [0] Loss: [1.7458802272152427]
2019-07-10 06:32:06 INFO     Batch: [453/938] Epoch: [0] Loss: [1.7456930471411887]
2019-07-10 06:32:06 INFO     Batch: [454/938] Epoch: [0] Loss: [1.7450822990019244]
2019-07-10 06:32:07 INFO     Batch: [455/938] Epoch: [0] Loss: [1.7443145042971562]
2019-07-10 06:32:08 INFO     Batch: [456/938] Epoch: [0] Loss: [1.7436406077649975]
2019-07-10 06:32:08 INFO     Batch: [457/938] Epoch: [0] Loss: [1.7428748313516509]
2019-07-10 06:32:09 INFO     Batch: [458/938] Epoch: [0] Loss: [1.7430415784611422]
2019-07-10 06:32:10 INFO     Batch: [459/938] Epoch: [0] Loss: [1.7426643770674]
2019-07-10 06:32:11 INFO     Batch: [460/938] Epoch: [0] Loss: [1.7420914496361821]
2019-07-10 06:32:11 INFO     Batch: [461/938] Epoch: [0] Loss: [1.7419449627657473]
2019-07-10 06:32:12 INFO     Batch: [462/938] Epoch: [0] Loss: [1.7417503960961658]
2019-07-10 06:32:13 INFO     Batch: [463/938] Epoch: [0] Loss: [1.741418373225064]
2019-07-10 06:32:13 INFO     Batch: [464/938] Epoch: [0] Loss: [1.7405312697092692]
2019-07-10 06:32:14 INFO     Batch: [465/938] Epoch: [0] Loss: [1.7401010905724226]
2019-07-10 06:32:15 INFO     Batch: [466/938] Epoch: [0] Loss: [1.739315808968064]
2019-07-10 06:32:15 INFO     Batch: [467/938] Epoch: [0] Loss: [1.7387597622015538]
2019-07-10 06:32:16 INFO     Batch: [468/938] Epoch: [0] Loss: [1.7380184695156398]
2019-07-10 06:32:17 INFO     Batch: [469/938] Epoch: [0] Loss: [1.737767616992301]
2019-07-10 06:32:18 INFO     Batch: [470/938] Epoch: [0] Loss: [1.7370991846052197]
2019-07-10 06:32:18 INFO     Batch: [471/938] Epoch: [0] Loss: [1.7368257118988846]
2019-07-10 06:32:19 INFO     Batch: [472/938] Epoch: [0] Loss: [1.7359615299716813]
2019-07-10 06:32:20 INFO     Batch: [473/938] Epoch: [0] Loss: [1.7357867272091314]
2019-07-10 06:32:20 INFO     Batch: [474/938] Epoch: [0] Loss: [1.7354356083117033]
2019-07-10 06:32:21 INFO     Batch: [475/938] Epoch: [0] Loss: [1.7348117635530584]
2019-07-10 06:32:22 INFO     Batch: [476/938] Epoch: [0] Loss: [1.7343840064242702]
2019-07-10 06:32:23 INFO     Batch: [477/938] Epoch: [0] Loss: [1.7336319433096563]
2019-07-10 06:32:23 INFO     Batch: [478/938] Epoch: [0] Loss: [1.7325268884292475]
2019-07-10 06:32:24 INFO     Batch: [479/938] Epoch: [0] Loss: [1.7317542118330798]
2019-07-10 06:32:25 INFO     Batch: [480/938] Epoch: [0] Loss: [1.7310174527634206]
2019-07-10 06:32:25 INFO     Batch: [481/938] Epoch: [0] Loss: [1.730511892138675]
2019-07-10 06:32:26 INFO     Batch: [482/938] Epoch: [0] Loss: [1.7298812019652214]
2019-07-10 06:32:27 INFO     Batch: [483/938] Epoch: [0] Loss: [1.7294911821026446]
2019-07-10 06:32:28 INFO     Batch: [484/938] Epoch: [0] Loss: [1.72895123786533]
2019-07-10 06:32:28 INFO     Batch: [485/938] Epoch: [0] Loss: [1.7281728982925415]
2019-07-10 06:32:29 INFO     Batch: [486/938] Epoch: [0] Loss: [1.7282874510763118]
2019-07-10 06:32:30 INFO     Batch: [487/938] Epoch: [0] Loss: [1.7279497656177303]
2019-07-10 06:32:30 INFO     Batch: [488/938] Epoch: [0] Loss: [1.7279014694666326]
2019-07-10 06:32:31 INFO     Batch: [489/938] Epoch: [0] Loss: [1.7275632821783728]
2019-07-10 06:32:32 INFO     Batch: [490/938] Epoch: [0] Loss: [1.7270401216087419]
2019-07-10 06:32:32 INFO     Batch: [491/938] Epoch: [0] Loss: [1.7266204858698495]
2019-07-10 06:32:33 INFO     Batch: [492/938] Epoch: [0] Loss: [1.7256440993013054]
2019-07-10 06:32:34 INFO     Batch: [493/938] Epoch: [0] Loss: [1.7247433616564825]
2019-07-10 06:32:35 INFO     Batch: [494/938] Epoch: [0] Loss: [1.7247674525386156]
2019-07-10 06:32:35 INFO     Batch: [495/938] Epoch: [0] Loss: [1.72440721407052]
2019-07-10 06:32:36 INFO     Batch: [496/938] Epoch: [0] Loss: [1.7239996432298625]
2019-07-10 06:32:37 INFO     Batch: [497/938] Epoch: [0] Loss: [1.7234662914850625]
2019-07-10 06:32:37 INFO     Batch: [498/938] Epoch: [0] Loss: [1.72309646099985]
2019-07-10 06:32:38 INFO     Batch: [499/938] Epoch: [0] Loss: [1.7228470690250397]
2019-07-10 06:32:39 INFO     Batch: [500/938] Epoch: [0] Loss: [1.72233887370713]
2019-07-10 06:32:40 INFO     Batch: [501/938] Epoch: [0] Loss: [1.7219875996331295]
2019-07-10 06:32:40 INFO     Batch: [502/938] Epoch: [0] Loss: [1.7212774694321407]
2019-07-10 06:32:41 INFO     Batch: [503/938] Epoch: [0] Loss: [1.7206940293785125]
2019-07-10 06:32:42 INFO     Batch: [504/938] Epoch: [0] Loss: [1.720391034371782]
2019-07-10 06:32:42 INFO     Batch: [505/938] Epoch: [0] Loss: [1.7198957381512336]
2019-07-10 06:32:43 INFO     Batch: [506/938] Epoch: [0] Loss: [1.7192002316198405]
2019-07-10 06:32:44 INFO     Batch: [507/938] Epoch: [0] Loss: [1.7185405283931672]
2019-07-10 06:32:44 INFO     Batch: [508/938] Epoch: [0] Loss: [1.7183514203444445]
2019-07-10 06:32:45 INFO     Batch: [509/938] Epoch: [0] Loss: [1.717885751583997]
2019-07-10 06:32:46 INFO     Batch: [510/938] Epoch: [0] Loss: [1.7174516183756103]
2019-07-10 06:32:47 INFO     Batch: [511/938] Epoch: [0] Loss: [1.7171657853759825]
2019-07-10 06:32:47 INFO     Batch: [512/938] Epoch: [0] Loss: [1.7170769982403018]
2019-07-10 06:32:48 INFO     Batch: [513/938] Epoch: [0] Loss: [1.7163408493717356]
2019-07-10 06:32:49 INFO     Batch: [514/938] Epoch: [0] Loss: [1.7154960914722923]
2019-07-10 06:32:49 INFO     Batch: [515/938] Epoch: [0] Loss: [1.7149558954460675]
2019-07-10 06:32:50 INFO     Batch: [516/938] Epoch: [0] Loss: [1.715195484041476]
2019-07-10 06:32:51 INFO     Batch: [517/938] Epoch: [0] Loss: [1.7149989052628918]
2019-07-10 06:32:52 INFO     Batch: [518/938] Epoch: [0] Loss: [1.7145371209679312]
2019-07-10 06:32:52 INFO     Batch: [519/938] Epoch: [0] Loss: [1.7136762591508719]
2019-07-10 06:32:53 INFO     Batch: [520/938] Epoch: [0] Loss: [1.7130712003030613]
2019-07-10 06:32:54 INFO     Batch: [521/938] Epoch: [0] Loss: [1.7129287418277783]
2019-07-10 06:32:54 INFO     Batch: [522/938] Epoch: [0] Loss: [1.7123812498599575]
2019-07-10 06:32:55 INFO     Batch: [523/938] Epoch: [0] Loss: [1.7122282269801803]
2019-07-10 06:32:56 INFO     Batch: [524/938] Epoch: [0] Loss: [1.711914127667745]
2019-07-10 06:32:56 INFO     Batch: [525/938] Epoch: [0] Loss: [1.7117425359700569]
2019-07-10 06:32:57 INFO     Batch: [526/938] Epoch: [0] Loss: [1.711022276127361]
2019-07-10 06:32:58 INFO     Batch: [527/938] Epoch: [0] Loss: [1.710148465226997]
2019-07-10 06:32:59 INFO     Batch: [528/938] Epoch: [0] Loss: [1.7095413424342252]
2019-07-10 06:32:59 INFO     Batch: [529/938] Epoch: [0] Loss: [1.7091986802389036]
2019-07-10 06:33:00 INFO     Batch: [530/938] Epoch: [0] Loss: [1.7089959497505662]
2019-07-10 06:33:01 INFO     Batch: [531/938] Epoch: [0] Loss: [1.70879854183448]
2019-07-10 06:33:01 INFO     Batch: [532/938] Epoch: [0] Loss: [1.7087133950632465]
2019-07-10 06:33:02 INFO     Batch: [533/938] Epoch: [0] Loss: [1.708134406738067]
2019-07-10 06:33:03 INFO     Batch: [534/938] Epoch: [0] Loss: [1.7080437669130129]
2019-07-10 06:33:04 INFO     Batch: [535/938] Epoch: [0] Loss: [1.70747379602781]
2019-07-10 06:33:04 INFO     Batch: [536/938] Epoch: [0] Loss: [1.706670318013907]
2019-07-10 06:33:05 INFO     Batch: [537/938] Epoch: [0] Loss: [1.7060775632751919]
2019-07-10 06:33:06 INFO     Batch: [538/938] Epoch: [0] Loss: [1.7056001827314302]
2019-07-10 06:33:06 INFO     Batch: [539/938] Epoch: [0] Loss: [1.705437481182593]
2019-07-10 06:33:07 INFO     Batch: [540/938] Epoch: [0] Loss: [1.7051217172590951]
2019-07-10 06:33:08 INFO     Batch: [541/938] Epoch: [0] Loss: [1.704199485233349]
2019-07-10 06:33:08 INFO     Batch: [542/938] Epoch: [0] Loss: [1.7038395997569047]
2019-07-10 06:33:09 INFO     Batch: [543/938] Epoch: [0] Loss: [1.70294942597256]
2019-07-10 06:33:10 INFO     Batch: [544/938] Epoch: [0] Loss: [1.7027624143372981]
2019-07-10 06:33:11 INFO     Batch: [545/938] Epoch: [0] Loss: [1.7022751626514254]
2019-07-10 06:33:11 INFO     Batch: [546/938] Epoch: [0] Loss: [1.7015951804312752]
2019-07-10 06:33:12 INFO     Batch: [547/938] Epoch: [0] Loss: [1.701331394432235]
2019-07-10 06:33:13 INFO     Batch: [548/938] Epoch: [0] Loss: [1.7011859664500086]
2019-07-10 06:33:13 INFO     Batch: [549/938] Epoch: [0] Loss: [1.7008941058679061]
2019-07-10 06:33:14 INFO     Batch: [550/938] Epoch: [0] Loss: [1.7007110889074806]
2019-07-10 06:33:15 INFO     Batch: [551/938] Epoch: [0] Loss: [1.699921792400056]
2019-07-10 06:33:16 INFO     Batch: [552/938] Epoch: [0] Loss: [1.699589257214427]
2019-07-10 06:33:16 INFO     Batch: [553/938] Epoch: [0] Loss: [1.6989890818991815]
2019-07-10 06:33:17 INFO     Batch: [554/938] Epoch: [0] Loss: [1.6984833416638074]
2019-07-10 06:33:18 INFO     Batch: [555/938] Epoch: [0] Loss: [1.6980525591819406]
2019-07-10 06:33:18 INFO     Batch: [556/938] Epoch: [0] Loss: [1.6976782171259663]
2019-07-10 06:33:19 INFO     Batch: [557/938] Epoch: [0] Loss: [1.6969605515507387]
2019-07-10 06:33:20 INFO     Batch: [558/938] Epoch: [0] Loss: [1.6961886396561625]
2019-07-10 06:33:20 INFO     Batch: [559/938] Epoch: [0] Loss: [1.6953622345413482]
2019-07-10 06:33:21 INFO     Batch: [560/938] Epoch: [0] Loss: [1.694787260470331]
2019-07-10 06:33:22 INFO     Batch: [561/938] Epoch: [0] Loss: [1.6947846457203088]
2019-07-10 06:33:23 INFO     Batch: [562/938] Epoch: [0] Loss: [1.6945173340199473]
2019-07-10 06:33:23 INFO     Batch: [563/938] Epoch: [0] Loss: [1.6937076626939978]
2019-07-10 06:33:24 INFO     Batch: [564/938] Epoch: [0] Loss: [1.6933888028153277]
2019-07-10 06:33:25 INFO     Batch: [565/938] Epoch: [0] Loss: [1.6932770919462816]
2019-07-10 06:33:25 INFO     Batch: [566/938] Epoch: [0] Loss: [1.692491356868172]
2019-07-10 06:33:26 INFO     Batch: [567/938] Epoch: [0] Loss: [1.692237557449811]
2019-07-10 06:33:27 INFO     Batch: [568/938] Epoch: [0] Loss: [1.691795166012273]
2019-07-10 06:33:28 INFO     Batch: [569/938] Epoch: [0] Loss: [1.6910316350167258]
2019-07-10 06:33:28 INFO     Batch: [570/938] Epoch: [0] Loss: [1.6905354386662017]
2019-07-10 06:33:29 INFO     Batch: [571/938] Epoch: [0] Loss: [1.6904278116209523]
2019-07-10 06:33:30 INFO     Batch: [572/938] Epoch: [0] Loss: [1.6901008458661784]
2019-07-10 06:33:30 INFO     Batch: [573/938] Epoch: [0] Loss: [1.6903842762372219]
2019-07-10 06:33:31 INFO     Batch: [574/938] Epoch: [0] Loss: [1.6898698155776315]
2019-07-10 06:33:32 INFO     Batch: [575/938] Epoch: [0] Loss: [1.6891348010136022]
2019-07-10 06:33:32 INFO     Batch: [576/938] Epoch: [0] Loss: [1.688099236794113]
2019-07-10 06:33:33 INFO     Batch: [577/938] Epoch: [0] Loss: [1.6877413779806514]
2019-07-10 06:33:34 INFO     Batch: [578/938] Epoch: [0] Loss: [1.6875518002452423]
2019-07-10 06:33:35 INFO     Batch: [579/938] Epoch: [0] Loss: [1.6868594973251738]
2019-07-10 06:33:35 INFO     Batch: [580/938] Epoch: [0] Loss: [1.6861613127122443]
2019-07-10 06:33:36 INFO     Batch: [581/938] Epoch: [0] Loss: [1.6855414071443564]
2019-07-10 06:33:37 INFO     Batch: [582/938] Epoch: [0] Loss: [1.685053643599587]
2019-07-10 06:33:37 INFO     Batch: [583/938] Epoch: [0] Loss: [1.6848167470873219]
2019-07-10 06:33:38 INFO     Batch: [584/938] Epoch: [0] Loss: [1.6842964973205174]
2019-07-10 06:33:39 INFO     Batch: [585/938] Epoch: [0] Loss: [1.683823515734168]
2019-07-10 06:33:40 INFO     Batch: [586/938] Epoch: [0] Loss: [1.6834356561430066]
2019-07-10 06:33:40 INFO     Batch: [587/938] Epoch: [0] Loss: [1.6829791044702336]
2019-07-10 06:33:41 INFO     Batch: [588/938] Epoch: [0] Loss: [1.682273231257]
2019-07-10 06:33:42 INFO     Batch: [589/938] Epoch: [0] Loss: [1.6815367306693125]
2019-07-10 06:33:42 INFO     Batch: [590/938] Epoch: [0] Loss: [1.6811340694298398]
2019-07-10 06:33:43 INFO     Batch: [591/938] Epoch: [0] Loss: [1.6806876923184138]
2019-07-10 06:33:44 INFO     Batch: [592/938] Epoch: [0] Loss: [1.680551923949642]
2019-07-10 06:33:44 INFO     Batch: [593/938] Epoch: [0] Loss: [1.6803279306350734]
2019-07-10 06:33:45 INFO     Batch: [594/938] Epoch: [0] Loss: [1.680052009750815]
2019-07-10 06:33:46 INFO     Batch: [595/938] Epoch: [0] Loss: [1.6797632755049123]
2019-07-10 06:33:47 INFO     Batch: [596/938] Epoch: [0] Loss: [1.6790791923676305]
2019-07-10 06:33:47 INFO     Batch: [597/938] Epoch: [0] Loss: [1.6787181992993307]
2019-07-10 06:33:48 INFO     Batch: [598/938] Epoch: [0] Loss: [1.6781190890501656]
2019-07-10 06:33:49 INFO     Batch: [599/938] Epoch: [0] Loss: [1.6776774315039318]
2019-07-10 06:33:49 INFO     Batch: [600/938] Epoch: [0] Loss: [1.67757869699037]
2019-07-10 06:33:50 INFO     Batch: [601/938] Epoch: [0] Loss: [1.6774169763061295]
2019-07-10 06:33:51 INFO     Batch: [602/938] Epoch: [0] Loss: [1.6771081128523717]
2019-07-10 06:33:52 INFO     Batch: [603/938] Epoch: [0] Loss: [1.6767450833557458]
2019-07-10 06:33:52 INFO     Batch: [604/938] Epoch: [0] Loss: [1.676219308080752]
2019-07-10 06:33:53 INFO     Batch: [605/938] Epoch: [0] Loss: [1.6758353462313662]
2019-07-10 06:33:54 INFO     Batch: [606/938] Epoch: [0] Loss: [1.675505451354792]
2019-07-10 06:33:54 INFO     Batch: [607/938] Epoch: [0] Loss: [1.6751371220146354]
2019-07-10 06:33:55 INFO     Batch: [608/938] Epoch: [0] Loss: [1.674275907781128]
2019-07-10 06:33:56 INFO     Batch: [609/938] Epoch: [0] Loss: [1.6739027832375197]
2019-07-10 06:33:57 INFO     Batch: [610/938] Epoch: [0] Loss: [1.6734956744844902]
2019-07-10 06:33:57 INFO     Batch: [611/938] Epoch: [0] Loss: [1.673138224026736]
2019-07-10 06:33:58 INFO     Batch: [612/938] Epoch: [0] Loss: [1.6728311158704525]
2019-07-10 06:33:59 INFO     Batch: [613/938] Epoch: [0] Loss: [1.6725327749205723]
2019-07-10 06:33:59 INFO     Batch: [614/938] Epoch: [0] Loss: [1.6722718310549975]
2019-07-10 06:34:00 INFO     Batch: [615/938] Epoch: [0] Loss: [1.6723623819552458]
2019-07-10 06:34:01 INFO     Batch: [616/938] Epoch: [0] Loss: [1.6718358927839578]
2019-07-10 06:34:01 INFO     Batch: [617/938] Epoch: [0] Loss: [1.6717418482388493]
2019-07-10 06:34:02 INFO     Batch: [618/938] Epoch: [0] Loss: [1.6713331358113082]
2019-07-10 06:34:03 INFO     Batch: [619/938] Epoch: [0] Loss: [1.6710548329737878]
2019-07-10 06:34:04 INFO     Batch: [620/938] Epoch: [0] Loss: [1.6707555742847362]
2019-07-10 06:34:04 INFO     Batch: [621/938] Epoch: [0] Loss: [1.6706001593752307]
2019-07-10 06:34:05 INFO     Batch: [622/938] Epoch: [0] Loss: [1.67053003123637]
2019-07-10 06:34:06 INFO     Batch: [623/938] Epoch: [0] Loss: [1.670016318368606]
2019-07-10 06:34:06 INFO     Batch: [624/938] Epoch: [0] Loss: [1.6693135520935058]
2019-07-10 06:34:07 INFO     Batch: [625/938] Epoch: [0] Loss: [1.6690817018286488]
2019-07-10 06:34:08 INFO     Batch: [626/938] Epoch: [0] Loss: [1.668769761706083]
2019-07-10 06:34:09 INFO     Batch: [627/938] Epoch: [0] Loss: [1.6685602911718331]
2019-07-10 06:34:09 INFO     Batch: [628/938] Epoch: [0] Loss: [1.6680445743099874]
2019-07-10 06:34:10 INFO     Batch: [629/938] Epoch: [0] Loss: [1.6671597077732994]
2019-07-10 06:34:11 INFO     Batch: [630/938] Epoch: [0] Loss: [1.6667184867496159]
2019-07-10 06:34:11 INFO     Batch: [631/938] Epoch: [0] Loss: [1.6663862542261052]
2019-07-10 06:34:12 INFO     Batch: [632/938] Epoch: [0] Loss: [1.6658838330098615]
2019-07-10 06:34:13 INFO     Batch: [633/938] Epoch: [0] Loss: [1.665519322506637]
2019-07-10 06:34:13 INFO     Batch: [634/938] Epoch: [0] Loss: [1.6653768194003369]
2019-07-10 06:34:14 INFO     Batch: [635/938] Epoch: [0] Loss: [1.6647337279604666]
2019-07-10 06:34:15 INFO     Batch: [636/938] Epoch: [0] Loss: [1.6641390376038603]
2019-07-10 06:34:16 INFO     Batch: [637/938] Epoch: [0] Loss: [1.6638007614306147]
2019-07-10 06:34:16 INFO     Batch: [638/938] Epoch: [0] Loss: [1.6633166418015863]
2019-07-10 06:34:17 INFO     Batch: [639/938] Epoch: [0] Loss: [1.6626251326873898]
2019-07-10 06:34:18 INFO     Batch: [640/938] Epoch: [0] Loss: [1.662371259397724]
2019-07-10 06:34:18 INFO     Batch: [641/938] Epoch: [0] Loss: [1.6618338338682586]
2019-07-10 06:34:19 INFO     Batch: [642/938] Epoch: [0] Loss: [1.66135893769064]
2019-07-10 06:34:20 INFO     Batch: [643/938] Epoch: [0] Loss: [1.6612431110802643]
2019-07-10 06:34:21 INFO     Batch: [644/938] Epoch: [0] Loss: [1.6607398628264434]
2019-07-10 06:34:21 INFO     Batch: [645/938] Epoch: [0] Loss: [1.6604651947139586]
2019-07-10 06:34:22 INFO     Batch: [646/938] Epoch: [0] Loss: [1.6599057782009543]
2019-07-10 06:34:23 INFO     Batch: [647/938] Epoch: [0] Loss: [1.6595491904903341]
2019-07-10 06:34:23 INFO     Batch: [648/938] Epoch: [0] Loss: [1.659142337888709]
2019-07-10 06:34:24 INFO     Batch: [649/938] Epoch: [0] Loss: [1.6587790467188908]
2019-07-10 06:34:25 INFO     Batch: [650/938] Epoch: [0] Loss: [1.6582518193395823]
2019-07-10 06:34:26 INFO     Batch: [651/938] Epoch: [0] Loss: [1.657983157166674]
2019-07-10 06:34:26 INFO     Batch: [652/938] Epoch: [0] Loss: [1.6576411948634873]
2019-07-10 06:34:27 INFO     Batch: [653/938] Epoch: [0] Loss: [1.6572504883877]
2019-07-10 06:34:28 INFO     Batch: [654/938] Epoch: [0] Loss: [1.6565300406390473]
2019-07-10 06:34:28 INFO     Batch: [655/938] Epoch: [0] Loss: [1.6561087662490404]
2019-07-10 06:34:29 INFO     Batch: [656/938] Epoch: [0] Loss: [1.655578617998817]
2019-07-10 06:34:30 INFO     Batch: [657/938] Epoch: [0] Loss: [1.6549056183241058]
2019-07-10 06:34:30 INFO     Batch: [658/938] Epoch: [0] Loss: [1.6548205029801641]
2019-07-10 06:34:31 INFO     Batch: [659/938] Epoch: [0] Loss: [1.6545975571328944]
2019-07-10 06:34:32 INFO     Batch: [660/938] Epoch: [0] Loss: [1.6541100574513607]
2019-07-10 06:34:33 INFO     Batch: [661/938] Epoch: [0] Loss: [1.6539143214052898]
2019-07-10 06:34:33 INFO     Batch: [662/938] Epoch: [0] Loss: [1.6534243018379038]
2019-07-10 06:34:34 INFO     Batch: [663/938] Epoch: [0] Loss: [1.6530615904604096]
2019-07-10 06:34:35 INFO     Batch: [664/938] Epoch: [0] Loss: [1.6524730574815794]
2019-07-10 06:34:35 INFO     Batch: [665/938] Epoch: [0] Loss: [1.6522426114783988]
2019-07-10 06:34:36 INFO     Batch: [666/938] Epoch: [0] Loss: [1.6517630189969978]
2019-07-10 06:34:37 INFO     Batch: [667/938] Epoch: [0] Loss: [1.6512739121200082]
2019-07-10 06:34:38 INFO     Batch: [668/938] Epoch: [0] Loss: [1.6510195172599256]
2019-07-10 06:34:38 INFO     Batch: [669/938] Epoch: [0] Loss: [1.6505652577129764]
2019-07-10 06:34:39 INFO     Batch: [670/938] Epoch: [0] Loss: [1.6501083571225095]
2019-07-10 06:34:40 INFO     Batch: [671/938] Epoch: [0] Loss: [1.649839901320991]
2019-07-10 06:34:40 INFO     Batch: [672/938] Epoch: [0] Loss: [1.649607626679748]
2019-07-10 06:34:41 INFO     Batch: [673/938] Epoch: [0] Loss: [1.6489570747497173]
2019-07-10 06:34:42 INFO     Batch: [674/938] Epoch: [0] Loss: [1.6483121209674412]
2019-07-10 06:34:43 INFO     Batch: [675/938] Epoch: [0] Loss: [1.6481944280263234]
2019-07-10 06:34:43 INFO     Batch: [676/938] Epoch: [0] Loss: [1.6477878734667508]
2019-07-10 06:34:44 INFO     Batch: [677/938] Epoch: [0] Loss: [1.6475255840999188]
2019-07-10 06:34:45 INFO     Batch: [678/938] Epoch: [0] Loss: [1.6471720877733076]
2019-07-10 06:34:45 INFO     Batch: [679/938] Epoch: [0] Loss: [1.6468756582807091]
2019-07-10 06:34:46 INFO     Batch: [680/938] Epoch: [0] Loss: [1.6464737890050274]
2019-07-10 06:34:47 INFO     Batch: [681/938] Epoch: [0] Loss: [1.6458334029594823]
2019-07-10 06:34:47 INFO     Batch: [682/938] Epoch: [0] Loss: [1.6455991313537777]
2019-07-10 06:34:48 INFO     Batch: [683/938] Epoch: [0] Loss: [1.6452158325248294]
2019-07-10 06:34:49 INFO     Batch: [684/938] Epoch: [0] Loss: [1.6445235494279513]
2019-07-10 06:34:50 INFO     Batch: [685/938] Epoch: [0] Loss: [1.6440604249172934]
2019-07-10 06:34:50 INFO     Batch: [686/938] Epoch: [0] Loss: [1.6434225937164506]
2019-07-10 06:34:51 INFO     Batch: [687/938] Epoch: [0] Loss: [1.6432675873470861]
2019-07-10 06:34:52 INFO     Batch: [688/938] Epoch: [0] Loss: [1.6426974164730233]
2019-07-10 06:34:52 INFO     Batch: [689/938] Epoch: [0] Loss: [1.642218800213026]
2019-07-10 06:34:53 INFO     Batch: [690/938] Epoch: [0] Loss: [1.641895668896511]
2019-07-10 06:34:54 INFO     Batch: [691/938] Epoch: [0] Loss: [1.6415772803256967]
2019-07-10 06:34:55 INFO     Batch: [692/938] Epoch: [0] Loss: [1.6411996515626344]
2019-07-10 06:34:55 INFO     Batch: [693/938] Epoch: [0] Loss: [1.640894514339458]
2019-07-10 06:34:56 INFO     Batch: [694/938] Epoch: [0] Loss: [1.6407095397976663]
2019-07-10 06:34:57 INFO     Batch: [695/938] Epoch: [0] Loss: [1.6402393552078598]
2019-07-10 06:34:57 INFO     Batch: [696/938] Epoch: [0] Loss: [1.6399930686485478]
2019-07-10 06:34:58 INFO     Batch: [697/938] Epoch: [0] Loss: [1.6397944594864176]
2019-07-10 06:34:59 INFO     Batch: [698/938] Epoch: [0] Loss: [1.6394445538009186]
2019-07-10 06:34:59 INFO     Batch: [699/938] Epoch: [0] Loss: [1.6392208683490752]
2019-07-10 06:35:00 INFO     Batch: [700/938] Epoch: [0] Loss: [1.6391627159336324]
2019-07-10 06:35:01 INFO     Batch: [701/938] Epoch: [0] Loss: [1.6384576847750236]
2019-07-10 06:35:02 INFO     Batch: [702/938] Epoch: [0] Loss: [1.6380813974744055]
2019-07-10 06:35:02 INFO     Batch: [703/938] Epoch: [0] Loss: [1.6376500597054309]
2019-07-10 06:35:03 INFO     Batch: [704/938] Epoch: [0] Loss: [1.6371601432773237]
2019-07-10 06:35:04 INFO     Batch: [705/938] Epoch: [0] Loss: [1.6367540577315745]
2019-07-10 06:35:04 INFO     Batch: [706/938] Epoch: [0] Loss: [1.6365546203907342]
2019-07-10 06:35:05 INFO     Batch: [707/938] Epoch: [0] Loss: [1.6362079513275016]
2019-07-10 06:35:06 INFO     Batch: [708/938] Epoch: [0] Loss: [1.6365987476071786]
2019-07-10 06:35:07 INFO     Batch: [709/938] Epoch: [0] Loss: [1.6362126842351028]
2019-07-10 06:35:07 INFO     Batch: [710/938] Epoch: [0] Loss: [1.6357030167693662]
2019-07-10 06:35:08 INFO     Batch: [711/938] Epoch: [0] Loss: [1.6353968222824375]
2019-07-10 06:35:09 INFO     Batch: [712/938] Epoch: [0] Loss: [1.6349155285916857]
2019-07-10 06:35:09 INFO     Batch: [713/938] Epoch: [0] Loss: [1.6347375071349264]
2019-07-10 06:35:10 INFO     Batch: [714/938] Epoch: [0] Loss: [1.6341539267893437]
2019-07-10 06:35:11 INFO     Batch: [715/938] Epoch: [0] Loss: [1.6338097146769475]
2019-07-10 06:35:11 INFO     Batch: [716/938] Epoch: [0] Loss: [1.6337562300670097]
2019-07-10 06:35:12 INFO     Batch: [717/938] Epoch: [0] Loss: [1.6334557231090194]
2019-07-10 06:35:13 INFO     Batch: [718/938] Epoch: [0] Loss: [1.6332316261007656]
2019-07-10 06:35:14 INFO     Batch: [719/938] Epoch: [0] Loss: [1.6326352569792006]
2019-07-10 06:35:14 INFO     Batch: [720/938] Epoch: [0] Loss: [1.6327490937197258]
2019-07-10 06:35:15 INFO     Batch: [721/938] Epoch: [0] Loss: [1.6322745981308893]
2019-07-10 06:35:16 INFO     Batch: [722/938] Epoch: [0] Loss: [1.6323762014199095]
2019-07-10 06:35:16 INFO     Batch: [723/938] Epoch: [0] Loss: [1.6322447206433965]
2019-07-10 06:35:17 INFO     Batch: [724/938] Epoch: [0] Loss: [1.631655278863578]
2019-07-10 06:35:18 INFO     Batch: [725/938] Epoch: [0] Loss: [1.631306851041547]
2019-07-10 06:35:19 INFO     Batch: [726/938] Epoch: [0] Loss: [1.6309800416928046]
2019-07-10 06:35:19 INFO     Batch: [727/938] Epoch: [0] Loss: [1.6305584470321843]
2019-07-10 06:35:20 INFO     Batch: [728/938] Epoch: [0] Loss: [1.6301396610969052]
2019-07-10 06:35:21 INFO     Batch: [729/938] Epoch: [0] Loss: [1.6298472574312393]
2019-07-10 06:35:21 INFO     Batch: [730/938] Epoch: [0] Loss: [1.6295999192343529]
2019-07-10 06:35:22 INFO     Batch: [731/938] Epoch: [0] Loss: [1.6292496633008529]
2019-07-10 06:35:23 INFO     Batch: [732/938] Epoch: [0] Loss: [1.628852946045942]
2019-07-10 06:35:24 INFO     Batch: [733/938] Epoch: [0] Loss: [1.628560212392573]
2019-07-10 06:35:24 INFO     Batch: [734/938] Epoch: [0] Loss: [1.6280596596854073]
2019-07-10 06:35:25 INFO     Batch: [735/938] Epoch: [0] Loss: [1.6277950767265714]
2019-07-10 06:35:26 INFO     Batch: [736/938] Epoch: [0] Loss: [1.6276802139980984]
2019-07-10 06:35:26 INFO     Batch: [737/938] Epoch: [0] Loss: [1.6273322733760203]
2019-07-10 06:35:27 INFO     Batch: [738/938] Epoch: [0] Loss: [1.627365605273008]
2019-07-10 06:35:28 INFO     Batch: [739/938] Epoch: [0] Loss: [1.6272757435167158]
2019-07-10 06:35:28 INFO     Batch: [740/938] Epoch: [0] Loss: [1.6268362797867109]
2019-07-10 06:35:29 INFO     Batch: [741/938] Epoch: [0] Loss: [1.626392233564526]
2019-07-10 06:35:30 INFO     Batch: [742/938] Epoch: [0] Loss: [1.625963412576216]
2019-07-10 06:35:31 INFO     Batch: [743/938] Epoch: [0] Loss: [1.6258122933808195]
2019-07-10 06:35:31 INFO     Batch: [744/938] Epoch: [0] Loss: [1.6254813039062808]
2019-07-10 06:35:32 INFO     Batch: [745/938] Epoch: [0] Loss: [1.6251833907081359]
2019-07-10 06:35:33 INFO     Batch: [746/938] Epoch: [0] Loss: [1.6247768931918674]
2019-07-10 06:35:33 INFO     Batch: [747/938] Epoch: [0] Loss: [1.6246746018289882]
2019-07-10 06:35:34 INFO     Batch: [748/938] Epoch: [0] Loss: [1.6242939131918832]
2019-07-10 06:35:35 INFO     Batch: [749/938] Epoch: [0] Loss: [1.6240935233434042]
2019-07-10 06:35:36 INFO     Batch: [750/938] Epoch: [0] Loss: [1.623932657483097]
2019-07-10 06:35:36 INFO     Batch: [751/938] Epoch: [0] Loss: [1.6242619905065983]
2019-07-10 06:35:37 INFO     Batch: [752/938] Epoch: [0] Loss: [1.6239178785448214]
2019-07-10 06:35:38 INFO     Batch: [753/938] Epoch: [0] Loss: [1.6235413655678221]
2019-07-10 06:35:38 INFO     Batch: [754/938] Epoch: [0] Loss: [1.623224425315857]
2019-07-10 06:35:39 INFO     Batch: [755/938] Epoch: [0] Loss: [1.6232102022915291]
2019-07-10 06:35:40 INFO     Batch: [756/938] Epoch: [0] Loss: [1.622779756587594]
2019-07-10 06:35:41 INFO     Batch: [757/938] Epoch: [0] Loss: [1.622451161960813]
2019-07-10 06:35:41 INFO     Batch: [758/938] Epoch: [0] Loss: [1.6221087348005674]
2019-07-10 06:35:42 INFO     Batch: [759/938] Epoch: [0] Loss: [1.6217325395659397]
2019-07-10 06:35:43 INFO     Batch: [760/938] Epoch: [0] Loss: [1.6217613657263357]
2019-07-10 06:35:43 INFO     Batch: [761/938] Epoch: [0] Loss: [1.6214101203470406]
2019-07-10 06:35:44 INFO     Batch: [762/938] Epoch: [0] Loss: [1.6210826943148793]
2019-07-10 06:35:45 INFO     Batch: [763/938] Epoch: [0] Loss: [1.620850994480842]
2019-07-10 06:35:45 INFO     Batch: [764/938] Epoch: [0] Loss: [1.6204652557186052]
2019-07-10 06:35:46 INFO     Batch: [765/938] Epoch: [0] Loss: [1.6203559598163275]
2019-07-10 06:35:47 INFO     Batch: [766/938] Epoch: [0] Loss: [1.6201041144218096]
2019-07-10 06:35:48 INFO     Batch: [767/938] Epoch: [0] Loss: [1.6197468618241448]
2019-07-10 06:35:48 INFO     Batch: [768/938] Epoch: [0] Loss: [1.6191281678617697]
2019-07-10 06:35:49 INFO     Batch: [769/938] Epoch: [0] Loss: [1.6184833910558132]
2019-07-10 06:35:50 INFO     Batch: [770/938] Epoch: [0] Loss: [1.6181966428162986]
2019-07-10 06:35:50 INFO     Batch: [771/938] Epoch: [0] Loss: [1.6179277283848876]
2019-07-10 06:35:51 INFO     Batch: [772/938] Epoch: [0] Loss: [1.617709899010356]
2019-07-10 06:35:52 INFO     Batch: [773/938] Epoch: [0] Loss: [1.6176628359528475]
2019-07-10 06:35:53 INFO     Batch: [774/938] Epoch: [0] Loss: [1.6174141050154163]
2019-07-10 06:35:53 INFO     Batch: [775/938] Epoch: [0] Loss: [1.617060356840645]
2019-07-10 06:35:54 INFO     Batch: [776/938] Epoch: [0] Loss: [1.6169651304893051]
2019-07-10 06:35:55 INFO     Batch: [777/938] Epoch: [0] Loss: [1.6170110734691963]
2019-07-10 06:35:55 INFO     Batch: [778/938] Epoch: [0] Loss: [1.616423719348589]
2019-07-10 06:35:56 INFO     Batch: [779/938] Epoch: [0] Loss: [1.6160187551608451]
2019-07-10 06:35:57 INFO     Batch: [780/938] Epoch: [0] Loss: [1.6154762880444984]
2019-07-10 06:35:57 INFO     Batch: [781/938] Epoch: [0] Loss: [1.6151932970337246]
2019-07-10 06:35:58 INFO     Batch: [782/938] Epoch: [0] Loss: [1.6147288228664667]
2019-07-10 06:35:59 INFO     Batch: [783/938] Epoch: [0] Loss: [1.6147156813923194]
2019-07-10 06:36:00 INFO     Batch: [784/938] Epoch: [0] Loss: [1.6142012915034203]
2019-07-10 06:36:00 INFO     Batch: [785/938] Epoch: [0] Loss: [1.613633547120422]
2019-07-10 06:36:01 INFO     Batch: [786/938] Epoch: [0] Loss: [1.6131917200367212]
2019-07-10 06:36:02 INFO     Batch: [787/938] Epoch: [0] Loss: [1.61291333412761]
2019-07-10 06:36:02 INFO     Batch: [788/938] Epoch: [0] Loss: [1.6127419299499164]
2019-07-10 06:36:03 INFO     Batch: [789/938] Epoch: [0] Loss: [1.6120306528067287]
2019-07-10 06:36:04 INFO     Batch: [790/938] Epoch: [0] Loss: [1.6115659708922492]
2019-07-10 06:36:05 INFO     Batch: [791/938] Epoch: [0] Loss: [1.6113987164665955]
2019-07-10 06:36:05 INFO     Batch: [792/938] Epoch: [0] Loss: [1.611402498969214]
2019-07-10 06:36:06 INFO     Batch: [793/938] Epoch: [0] Loss: [1.6112391570353088]
2019-07-10 06:36:07 INFO     Batch: [794/938] Epoch: [0] Loss: [1.611102204202856]
2019-07-10 06:36:07 INFO     Batch: [795/938] Epoch: [0] Loss: [1.610751115047752]
2019-07-10 06:36:08 INFO     Batch: [796/938] Epoch: [0] Loss: [1.6106650147264545]
2019-07-10 06:36:09 INFO     Batch: [797/938] Epoch: [0] Loss: [1.6103808854456831]
2019-07-10 06:36:09 INFO     Batch: [798/938] Epoch: [0] Loss: [1.6098536742345264]
2019-07-10 06:36:10 INFO     Batch: [799/938] Epoch: [0] Loss: [1.6096584622561931]
2019-07-10 06:36:11 INFO     Batch: [800/938] Epoch: [0] Loss: [1.6093885054749049]
2019-07-10 06:36:12 INFO     Batch: [801/938] Epoch: [0] Loss: [1.6090728708930742]
2019-07-10 06:36:12 INFO     Batch: [802/938] Epoch: [0] Loss: [1.608662310602656]
2019-07-10 06:36:13 INFO     Batch: [803/938] Epoch: [0] Loss: [1.608786912699837]
2019-07-10 06:36:14 INFO     Batch: [804/938] Epoch: [0] Loss: [1.6085680092343633]
2019-07-10 06:36:14 INFO     Batch: [805/938] Epoch: [0] Loss: [1.60852339412675]
2019-07-10 06:36:15 INFO     Batch: [806/938] Epoch: [0] Loss: [1.6083387208841695]
2019-07-10 06:36:16 INFO     Batch: [807/938] Epoch: [0] Loss: [1.6078676582858114]
2019-07-10 06:36:17 INFO     Batch: [808/938] Epoch: [0] Loss: [1.6077479196272615]
2019-07-10 06:36:17 INFO     Batch: [809/938] Epoch: [0] Loss: [1.6073338988386554]
2019-07-10 06:36:18 INFO     Batch: [810/938] Epoch: [0] Loss: [1.6071347455355154]
2019-07-10 06:36:19 INFO     Batch: [811/938] Epoch: [0] Loss: [1.6068400410302166]
2019-07-10 06:36:19 INFO     Batch: [812/938] Epoch: [0] Loss: [1.6066090909610669]
2019-07-10 06:36:20 INFO     Batch: [813/938] Epoch: [0] Loss: [1.605988227325224]
2019-07-10 06:36:21 INFO     Batch: [814/938] Epoch: [0] Loss: [1.6056406105954222]
2019-07-10 06:36:21 INFO     Batch: [815/938] Epoch: [0] Loss: [1.605178845279357]
2019-07-10 06:36:22 INFO     Batch: [816/938] Epoch: [0] Loss: [1.605132593519101]
2019-07-10 06:36:23 INFO     Batch: [817/938] Epoch: [0] Loss: [1.604856471997893]
2019-07-10 06:36:24 INFO     Batch: [818/938] Epoch: [0] Loss: [1.604787837745797]
2019-07-10 06:36:24 INFO     Batch: [819/938] Epoch: [0] Loss: [1.6045359583889567]
2019-07-10 06:36:25 INFO     Batch: [820/938] Epoch: [0] Loss: [1.604754746323236]
2019-07-10 06:36:26 INFO     Batch: [821/938] Epoch: [0] Loss: [1.6043121862585528]
2019-07-10 06:36:26 INFO     Batch: [822/938] Epoch: [0] Loss: [1.6040739068718466]
2019-07-10 06:36:27 INFO     Batch: [823/938] Epoch: [0] Loss: [1.6035930808018712]
2019-07-10 06:36:28 INFO     Batch: [824/938] Epoch: [0] Loss: [1.6032741722916113]
2019-07-10 06:36:29 INFO     Batch: [825/938] Epoch: [0] Loss: [1.602785397961411]
2019-07-10 06:36:29 INFO     Batch: [826/938] Epoch: [0] Loss: [1.6024667304256952]
2019-07-10 06:36:30 INFO     Batch: [827/938] Epoch: [0] Loss: [1.6023447130613282]
2019-07-10 06:36:31 INFO     Batch: [828/938] Epoch: [0] Loss: [1.602175473016479]
2019-07-10 06:36:31 INFO     Batch: [829/938] Epoch: [0] Loss: [1.6021039883774446]
2019-07-10 06:36:32 INFO     Batch: [830/938] Epoch: [0] Loss: [1.6017906234009027]
2019-07-10 06:36:33 INFO     Batch: [831/938] Epoch: [0] Loss: [1.6013371037462583]
2019-07-10 06:36:33 INFO     Batch: [832/938] Epoch: [0] Loss: [1.601134918460182]
2019-07-10 06:36:34 INFO     Batch: [833/938] Epoch: [0] Loss: [1.6010075145774036]
2019-07-10 06:36:35 INFO     Batch: [834/938] Epoch: [0] Loss: [1.6004066434449065]
2019-07-10 06:36:36 INFO     Batch: [835/938] Epoch: [0] Loss: [1.600105242010509]
2019-07-10 06:36:36 INFO     Batch: [836/938] Epoch: [0] Loss: [1.5995793577590725]
2019-07-10 06:36:37 INFO     Batch: [837/938] Epoch: [0] Loss: [1.5993721456687036]
2019-07-10 06:36:38 INFO     Batch: [838/938] Epoch: [0] Loss: [1.598826026035577]
2019-07-10 06:36:38 INFO     Batch: [839/938] Epoch: [0] Loss: [1.5984928321270715]
2019-07-10 06:36:39 INFO     Batch: [840/938] Epoch: [0] Loss: [1.598060497205691]
2019-07-10 06:36:40 INFO     Batch: [841/938] Epoch: [0] Loss: [1.597612137466032]
2019-07-10 06:36:41 INFO     Batch: [842/938] Epoch: [0] Loss: [1.597273350893249]
2019-07-10 06:36:41 INFO     Batch: [843/938] Epoch: [0] Loss: [1.597099360414026]
2019-07-10 06:36:42 INFO     Batch: [844/938] Epoch: [0] Loss: [1.596962038017589]
2019-07-10 06:36:43 INFO     Batch: [845/938] Epoch: [0] Loss: [1.5967527611035828]
2019-07-10 06:36:43 INFO     Batch: [846/938] Epoch: [0] Loss: [1.596557234648127]
2019-07-10 06:36:44 INFO     Batch: [847/938] Epoch: [0] Loss: [1.5962844308254853]
2019-07-10 06:36:45 INFO     Batch: [848/938] Epoch: [0] Loss: [1.5960099764510516]
2019-07-10 06:36:46 INFO     Batch: [849/938] Epoch: [0] Loss: [1.5956497205004974]
2019-07-10 06:36:46 INFO     Batch: [850/938] Epoch: [0] Loss: [1.595241714728565]
2019-07-10 06:36:47 INFO     Batch: [851/938] Epoch: [0] Loss: [1.594840985088841]
2019-07-10 06:36:48 INFO     Batch: [852/938] Epoch: [0] Loss: [1.5946657829519453]
2019-07-10 06:36:48 INFO     Batch: [853/938] Epoch: [0] Loss: [1.594243174972802]
2019-07-10 06:36:49 INFO     Batch: [854/938] Epoch: [0] Loss: [1.5940998016045107]
2019-07-10 06:36:50 INFO     Batch: [855/938] Epoch: [0] Loss: [1.5937966287971657]
2019-07-10 06:36:50 INFO     Batch: [856/938] Epoch: [0] Loss: [1.5936963815533294]
2019-07-10 06:36:51 INFO     Batch: [857/938] Epoch: [0] Loss: [1.5934324189499542]
2019-07-10 06:36:52 INFO     Batch: [858/938] Epoch: [0] Loss: [1.5931483365604013]
2019-07-10 06:36:53 INFO     Batch: [859/938] Epoch: [0] Loss: [1.5926460713841195]
2019-07-10 06:36:53 INFO     Batch: [860/938] Epoch: [0] Loss: [1.592263468328115]
2019-07-10 06:36:54 INFO     Batch: [861/938] Epoch: [0] Loss: [1.5919697012259624]
2019-07-10 06:36:55 INFO     Batch: [862/938] Epoch: [0] Loss: [1.5918980563363774]
2019-07-10 06:36:55 INFO     Batch: [863/938] Epoch: [0] Loss: [1.5918660013488046]
2019-07-10 06:36:56 INFO     Batch: [864/938] Epoch: [0] Loss: [1.5918422180793188]
2019-07-10 06:36:57 INFO     Batch: [865/938] Epoch: [0] Loss: [1.5917507543574856]
2019-07-10 06:36:58 INFO     Batch: [866/938] Epoch: [0] Loss: [1.5914890133660833]
2019-07-10 06:36:58 INFO     Batch: [867/938] Epoch: [0] Loss: [1.5915231044116658]
2019-07-10 06:36:59 INFO     Batch: [868/938] Epoch: [0] Loss: [1.5912148444918686]
2019-07-10 06:37:00 INFO     Batch: [869/938] Epoch: [0] Loss: [1.5910369742875812]
2019-07-10 06:37:00 INFO     Batch: [870/938] Epoch: [0] Loss: [1.5906008702331789]
2019-07-10 06:37:01 INFO     Batch: [871/938] Epoch: [0] Loss: [1.590346842730811]
2019-07-10 06:37:02 INFO     Batch: [872/938] Epoch: [0] Loss: [1.5900158974996002]
2019-07-10 06:37:02 INFO     Batch: [873/938] Epoch: [0] Loss: [1.5896975335321928]
2019-07-10 06:37:03 INFO     Batch: [874/938] Epoch: [0] Loss: [1.5893873795100621]
2019-07-10 06:37:04 INFO     Batch: [875/938] Epoch: [0] Loss: [1.5891602097853135]
2019-07-10 06:37:05 INFO     Batch: [876/938] Epoch: [0] Loss: [1.588761518863343]
2019-07-10 06:37:05 INFO     Batch: [877/938] Epoch: [0] Loss: [1.5887889082719633]
2019-07-10 06:37:06 INFO     Batch: [878/938] Epoch: [0] Loss: [1.5884625701502864]
2019-07-10 06:37:07 INFO     Batch: [879/938] Epoch: [0] Loss: [1.5879436827518723]
2019-07-10 06:37:07 INFO     Batch: [880/938] Epoch: [0] Loss: [1.587524689150452]
2019-07-10 06:37:08 INFO     Batch: [881/938] Epoch: [0] Loss: [1.5872567360903942]
2019-07-10 06:37:09 INFO     Batch: [882/938] Epoch: [0] Loss: [1.5871218334912984]
2019-07-10 06:37:10 INFO     Batch: [883/938] Epoch: [0] Loss: [1.586765637764564]
2019-07-10 06:37:10 INFO     Batch: [884/938] Epoch: [0] Loss: [1.5863001696807517]
2019-07-10 06:37:11 INFO     Batch: [885/938] Epoch: [0] Loss: [1.5859278678624948]
2019-07-10 06:37:12 INFO     Batch: [886/938] Epoch: [0] Loss: [1.5856812379271497]
2019-07-10 06:37:12 INFO     Batch: [887/938] Epoch: [0] Loss: [1.5856336261238064]
2019-07-10 06:37:13 INFO     Batch: [888/938] Epoch: [0] Loss: [1.585641142085647]
2019-07-10 06:37:14 INFO     Batch: [889/938] Epoch: [0] Loss: [1.5853788594181617]
2019-07-10 06:37:15 INFO     Batch: [890/938] Epoch: [0] Loss: [1.5849870474116436]
2019-07-10 06:37:15 INFO     Batch: [891/938] Epoch: [0] Loss: [1.5847728843111628]
2019-07-10 06:37:16 INFO     Batch: [892/938] Epoch: [0] Loss: [1.5844854933417256]
2019-07-10 06:37:17 INFO     Batch: [893/938] Epoch: [0] Loss: [1.5843535537687725]
2019-07-10 06:37:17 INFO     Batch: [894/938] Epoch: [0] Loss: [1.5839799143082602]
2019-07-10 06:37:18 INFO     Batch: [895/938] Epoch: [0] Loss: [1.5838666949421167]
2019-07-10 06:37:19 INFO     Batch: [896/938] Epoch: [0] Loss: [1.5835877013711492]
2019-07-10 06:37:19 INFO     Batch: [897/938] Epoch: [0] Loss: [1.5831771775715069]
2019-07-10 06:37:20 INFO     Batch: [898/938] Epoch: [0] Loss: [1.5830112068486029]
2019-07-10 06:37:21 INFO     Batch: [899/938] Epoch: [0] Loss: [1.5826628050539229]
2019-07-10 06:37:22 INFO     Batch: [900/938] Epoch: [0] Loss: [1.5824532372573108]
2019-07-10 06:37:22 INFO     Batch: [901/938] Epoch: [0] Loss: [1.5820413268854772]
2019-07-10 06:37:23 INFO     Batch: [902/938] Epoch: [0] Loss: [1.5817525269317205]
2019-07-10 06:37:24 INFO     Batch: [903/938] Epoch: [0] Loss: [1.5813893165472335]
2019-07-10 06:37:24 INFO     Batch: [904/938] Epoch: [0] Loss: [1.5810833812418563]
2019-07-10 06:37:25 INFO     Batch: [905/938] Epoch: [0] Loss: [1.5808190283659542]
2019-07-10 06:37:26 INFO     Batch: [906/938] Epoch: [0] Loss: [1.580392099530852]
2019-07-10 06:37:27 INFO     Batch: [907/938] Epoch: [0] Loss: [1.5804367367391545]
2019-07-10 06:37:27 INFO     Batch: [908/938] Epoch: [0] Loss: [1.5803363786147635]
2019-07-10 06:37:28 INFO     Batch: [909/938] Epoch: [0] Loss: [1.580013223532792]
2019-07-10 06:37:29 INFO     Batch: [910/938] Epoch: [0] Loss: [1.579852358831663]
2019-07-10 06:37:29 INFO     Batch: [911/938] Epoch: [0] Loss: [1.5800193582187618]
2019-07-10 06:37:30 INFO     Batch: [912/938] Epoch: [0] Loss: [1.5796382509473903]
2019-07-10 06:37:31 INFO     Batch: [913/938] Epoch: [0] Loss: [1.5790995408982624]
2019-07-10 06:37:31 INFO     Batch: [914/938] Epoch: [0] Loss: [1.5792650620142619]
2019-07-10 06:37:32 INFO     Batch: [915/938] Epoch: [0] Loss: [1.5787997003726042]
2019-07-10 06:37:33 INFO     Batch: [916/938] Epoch: [0] Loss: [1.5783876278148223]
2019-07-10 06:37:34 INFO     Batch: [917/938] Epoch: [0] Loss: [1.5781794256634183]
2019-07-10 06:37:34 INFO     Batch: [918/938] Epoch: [0] Loss: [1.5778979570224831]
2019-07-10 06:37:35 INFO     Batch: [919/938] Epoch: [0] Loss: [1.5778220522662867]
2019-07-10 06:37:36 INFO     Batch: [920/938] Epoch: [0] Loss: [1.5776680905966494]
2019-07-10 06:37:36 INFO     Batch: [921/938] Epoch: [0] Loss: [1.5773173852494378]
2019-07-10 06:37:37 INFO     Batch: [922/938] Epoch: [0] Loss: [1.5770287959314762]
2019-07-10 06:37:38 INFO     Batch: [923/938] Epoch: [0] Loss: [1.576874078739257]
2019-07-10 06:37:39 INFO     Batch: [924/938] Epoch: [0] Loss: [1.5767957344570676]
2019-07-10 06:37:39 INFO     Batch: [925/938] Epoch: [0] Loss: [1.576571080648616]
2019-07-10 06:37:40 INFO     Batch: [926/938] Epoch: [0] Loss: [1.5763496130929924]
2019-07-10 06:37:41 INFO     Batch: [927/938] Epoch: [0] Loss: [1.5760622484416797]
2019-07-10 06:37:41 INFO     Batch: [928/938] Epoch: [0] Loss: [1.5757738001508272]
2019-07-10 06:37:42 INFO     Batch: [929/938] Epoch: [0] Loss: [1.575562204981363]
2019-07-10 06:37:43 INFO     Batch: [930/938] Epoch: [0] Loss: [1.5754181535876528]
2019-07-10 06:37:43 INFO     Batch: [931/938] Epoch: [0] Loss: [1.5750874012324942]
2019-07-10 06:37:44 INFO     Batch: [932/938] Epoch: [0] Loss: [1.5750023755229938]
2019-07-10 06:37:45 INFO     Batch: [933/938] Epoch: [0] Loss: [1.5745418663964281]
2019-07-10 06:37:46 INFO     Batch: [934/938] Epoch: [0] Loss: [1.5743482652194998]
2019-07-10 06:37:46 INFO     Batch: [935/938] Epoch: [0] Loss: [1.5742349899732149]
2019-07-10 06:37:47 INFO     Batch: [936/938] Epoch: [0] Loss: [1.574041248894552]
2019-07-10 06:37:54 INFO     Batch: [937/938] Epoch: [0] Loss: [1.5737040584275463]
2019-07-10 06:37:54 INFO     ================================ Eval ================================

2019-07-10 06:39:06 INFO     [epoch 0] Accuracy: [0.5532444267515924]
2019-07-10 06:40:16 INFO     [epoch 1] Accuracy: [0.5524482484076433]
