2019-04-01 21:02:53 INFO     Loading Data
2019-04-01 21:02:55 INFO     Model Setting Up
2019-04-01 21:03:03 INFO     Start Training
2019-04-01 21:03:11 INFO     Batch: [0/120] Epoch: [0] Loss: [2.3601927757263184]
2019-04-01 21:03:14 INFO     Accuracy: [0.04472727272727272]

2019-04-01 21:03:14 INFO     Batch: [1/120] Epoch: [0] Loss: [2.3557289838790894]
2019-04-01 21:03:15 INFO     Batch: [2/120] Epoch: [0] Loss: [2.350531021753947]
2019-04-01 21:03:15 INFO     Batch: [3/120] Epoch: [0] Loss: [2.347640872001648]
2019-04-01 21:03:15 INFO     Batch: [4/120] Epoch: [0] Loss: [2.347372531890869]
2019-04-01 21:03:16 INFO     Batch: [5/120] Epoch: [0] Loss: [2.347456177075704]
2019-04-01 21:03:16 INFO     Batch: [6/120] Epoch: [0] Loss: [2.3448613030569896]
2019-04-01 21:03:16 INFO     Batch: [7/120] Epoch: [0] Loss: [2.343681812286377]
2019-04-01 21:03:17 INFO     Batch: [8/120] Epoch: [0] Loss: [2.342662599351671]
2019-04-01 21:03:17 INFO     Batch: [9/120] Epoch: [0] Loss: [2.340578389167786]
2019-04-01 21:03:17 INFO     Batch: [10/120] Epoch: [0] Loss: [2.340389750220559]
2019-04-01 21:03:18 INFO     Batch: [11/120] Epoch: [0] Loss: [2.33955317735672]
2019-04-01 21:03:18 INFO     Batch: [12/120] Epoch: [0] Loss: [2.338930441783025]
2019-04-01 21:03:18 INFO     Batch: [13/120] Epoch: [0] Loss: [2.338612828935896]
2019-04-01 21:03:18 INFO     Batch: [14/120] Epoch: [0] Loss: [2.337693532307943]
2019-04-01 21:03:19 INFO     Batch: [15/120] Epoch: [0] Loss: [2.3373056054115295]
2019-04-01 21:03:19 INFO     Batch: [16/120] Epoch: [0] Loss: [2.3368464077220246]
2019-04-01 21:03:20 INFO     Batch: [17/120] Epoch: [0] Loss: [2.3359064393573337]
2019-04-01 21:03:20 INFO     Batch: [18/120] Epoch: [0] Loss: [2.335139174210398]
2019-04-01 21:03:20 INFO     Batch: [19/120] Epoch: [0] Loss: [2.3343120574951173]
2019-04-01 21:03:21 INFO     Batch: [20/120] Epoch: [0] Loss: [2.3336942195892334]
2019-04-01 21:03:21 INFO     Batch: [21/120] Epoch: [0] Loss: [2.3334204608743843]
2019-04-01 21:03:21 INFO     Batch: [22/120] Epoch: [0] Loss: [2.3327733537425166]
2019-04-01 21:03:21 INFO     Batch: [23/120] Epoch: [0] Loss: [2.3321791092554727]
2019-04-01 21:03:22 INFO     Batch: [24/120] Epoch: [0] Loss: [2.3315590476989745]
2019-04-01 21:03:22 INFO     Batch: [25/120] Epoch: [0] Loss: [2.330806750517625]
2019-04-01 21:03:22 INFO     Batch: [26/120] Epoch: [0] Loss: [2.330061223771837]
2019-04-01 21:03:23 INFO     Batch: [27/120] Epoch: [0] Loss: [2.329489094870431]
2019-04-01 21:03:23 INFO     Batch: [28/120] Epoch: [0] Loss: [2.3290756653095115]
2019-04-01 21:03:24 INFO     Batch: [29/120] Epoch: [0] Loss: [2.3285513321558633]
2019-04-01 21:03:24 INFO     Batch: [30/120] Epoch: [0] Loss: [2.327701284039405]
2019-04-01 21:03:24 INFO     Batch: [31/120] Epoch: [0] Loss: [2.3270588144659996]
2019-04-01 21:03:25 INFO     Batch: [32/120] Epoch: [0] Loss: [2.3264017177350595]
2019-04-01 21:03:25 INFO     Batch: [33/120] Epoch: [0] Loss: [2.325850073029013]
2019-04-01 21:03:26 INFO     Batch: [34/120] Epoch: [0] Loss: [2.325213534491403]
2019-04-01 21:03:26 INFO     Batch: [35/120] Epoch: [0] Loss: [2.3246189753214517]
2019-04-01 21:03:26 INFO     Batch: [36/120] Epoch: [0] Loss: [2.323938195769851]
2019-04-01 21:03:27 INFO     Batch: [37/120] Epoch: [0] Loss: [2.3232734830755937]
2019-04-01 21:03:27 INFO     Batch: [38/120] Epoch: [0] Loss: [2.3225941291222205]
2019-04-01 21:03:28 INFO     Batch: [39/120] Epoch: [0] Loss: [2.322069191932678]
2019-04-01 21:03:28 INFO     Batch: [40/120] Epoch: [0] Loss: [2.32136407131102]
2019-04-01 21:03:28 INFO     Batch: [41/120] Epoch: [0] Loss: [2.320521286555699]
2019-04-01 21:03:29 INFO     Batch: [42/120] Epoch: [0] Loss: [2.319772570632225]
2019-04-01 21:03:29 INFO     Batch: [43/120] Epoch: [0] Loss: [2.3192255334420637]
2019-04-01 21:03:29 INFO     Batch: [44/120] Epoch: [0] Loss: [2.3182523038652207]
2019-04-01 21:03:30 INFO     Batch: [45/120] Epoch: [0] Loss: [2.3177028220632803]
2019-04-01 21:03:30 INFO     Batch: [46/120] Epoch: [0] Loss: [2.3169206101843653]
2019-04-01 21:03:30 INFO     Batch: [47/120] Epoch: [0] Loss: [2.316267882784208]
2019-04-01 21:03:31 INFO     Batch: [48/120] Epoch: [0] Loss: [2.3157064866046517]
2019-04-01 21:03:31 INFO     Batch: [49/120] Epoch: [0] Loss: [2.3150396394729613]
2019-04-01 21:03:31 INFO     Batch: [50/120] Epoch: [0] Loss: [2.314393338035135]
2019-04-01 21:03:32 INFO     Batch: [51/120] Epoch: [0] Loss: [2.3136421075234046]
2019-04-01 21:03:32 INFO     Batch: [52/120] Epoch: [0] Loss: [2.3128514379825234]
2019-04-01 21:03:33 INFO     Batch: [53/120] Epoch: [0] Loss: [2.3120849044234664]
2019-04-01 21:03:33 INFO     Batch: [54/120] Epoch: [0] Loss: [2.3112118807705966]
2019-04-01 21:03:33 INFO     Batch: [55/120] Epoch: [0] Loss: [2.3104652038642337]
2019-04-01 21:03:33 INFO     Batch: [56/120] Epoch: [0] Loss: [2.3097280703092875]
2019-04-01 21:03:34 INFO     Batch: [57/120] Epoch: [0] Loss: [2.3090866146416498]
2019-04-01 21:03:34 INFO     Batch: [58/120] Epoch: [0] Loss: [2.3084153361239674]
2019-04-01 21:03:35 INFO     Batch: [59/120] Epoch: [0] Loss: [2.3077555696169534]
2019-04-01 21:03:35 INFO     Batch: [60/120] Epoch: [0] Loss: [2.307018475454362]
2019-04-01 21:03:35 INFO     Batch: [61/120] Epoch: [0] Loss: [2.306417788228681]
2019-04-01 21:03:36 INFO     Batch: [62/120] Epoch: [0] Loss: [2.305728764761062]
2019-04-01 21:03:36 INFO     Batch: [63/120] Epoch: [0] Loss: [2.3051605820655823]
2019-04-01 21:03:37 INFO     Batch: [64/120] Epoch: [0] Loss: [2.30447516808143]
2019-04-01 21:03:37 INFO     Batch: [65/120] Epoch: [0] Loss: [2.3038997036038023]
2019-04-01 21:03:37 INFO     Batch: [66/120] Epoch: [0] Loss: [2.3032871182285137]
2019-04-01 21:03:38 INFO     Batch: [67/120] Epoch: [0] Loss: [2.3026408202507915]
2019-04-01 21:03:38 INFO     Batch: [68/120] Epoch: [0] Loss: [2.3019290039504785]
2019-04-01 21:03:38 INFO     Batch: [69/120] Epoch: [0] Loss: [2.301186748913356]
2019-04-01 21:03:39 INFO     Batch: [70/120] Epoch: [0] Loss: [2.300528214011394]
2019-04-01 21:03:39 INFO     Batch: [71/120] Epoch: [0] Loss: [2.2998590966065726]
2019-04-01 21:03:39 INFO     Batch: [72/120] Epoch: [0] Loss: [2.2993324880730617]
2019-04-01 21:03:39 INFO     Batch: [73/120] Epoch: [0] Loss: [2.298555528795397]
2019-04-01 21:03:40 INFO     Batch: [74/120] Epoch: [0] Loss: [2.297896998723348]
2019-04-01 21:03:40 INFO     Batch: [75/120] Epoch: [0] Loss: [2.2971901203456677]
2019-04-01 21:03:40 INFO     Batch: [76/120] Epoch: [0] Loss: [2.2965666318868663]
2019-04-01 21:03:41 INFO     Batch: [77/120] Epoch: [0] Loss: [2.295919962418385]
2019-04-01 21:03:41 INFO     Batch: [78/120] Epoch: [0] Loss: [2.2951936359646954]
2019-04-01 21:03:41 INFO     Batch: [79/120] Epoch: [0] Loss: [2.2944568514823915]
2019-04-01 21:03:42 INFO     Batch: [80/120] Epoch: [0] Loss: [2.29384250405394]
2019-04-01 21:03:42 INFO     Batch: [81/120] Epoch: [0] Loss: [2.29322978926868]
2019-04-01 21:03:42 INFO     Batch: [82/120] Epoch: [0] Loss: [2.292527465935213]
2019-04-01 21:03:43 INFO     Batch: [83/120] Epoch: [0] Loss: [2.291835748013996]
2019-04-01 21:03:43 INFO     Batch: [84/120] Epoch: [0] Loss: [2.291117177290075]
2019-04-01 21:03:43 INFO     Batch: [85/120] Epoch: [0] Loss: [2.2903757982475814]
2019-04-01 21:03:44 INFO     Batch: [86/120] Epoch: [0] Loss: [2.2897104312633645]
2019-04-01 21:03:44 INFO     Batch: [87/120] Epoch: [0] Loss: [2.2890242771668867]
2019-04-01 21:03:45 INFO     Batch: [88/120] Epoch: [0] Loss: [2.2882792306750006]
2019-04-01 21:03:45 INFO     Batch: [89/120] Epoch: [0] Loss: [2.287671666675144]
2019-04-01 21:03:45 INFO     Batch: [90/120] Epoch: [0] Loss: [2.2870044917850705]
2019-04-01 21:03:46 INFO     Batch: [91/120] Epoch: [0] Loss: [2.286406053149182]
2019-04-01 21:03:46 INFO     Batch: [92/120] Epoch: [0] Loss: [2.285812965003393]
2019-04-01 21:03:46 INFO     Batch: [93/120] Epoch: [0] Loss: [2.2851918453865863]
2019-04-01 21:03:47 INFO     Batch: [94/120] Epoch: [0] Loss: [2.284458501715409]
2019-04-01 21:03:47 INFO     Batch: [95/120] Epoch: [0] Loss: [2.2838376065095267]
2019-04-01 21:03:47 INFO     Batch: [96/120] Epoch: [0] Loss: [2.283232610250257]
2019-04-01 21:03:48 INFO     Batch: [97/120] Epoch: [0] Loss: [2.282541562099846]
2019-04-01 21:03:48 INFO     Batch: [98/120] Epoch: [0] Loss: [2.28186232634265]
2019-04-01 21:03:48 INFO     Batch: [99/120] Epoch: [0] Loss: [2.2812623476982115]
2019-04-01 21:03:49 INFO     Batch: [100/120] Epoch: [0] Loss: [2.280549165045861]
2019-04-01 21:03:49 INFO     Batch: [101/120] Epoch: [0] Loss: [2.2797558284273336]
2019-04-01 21:03:49 INFO     Batch: [102/120] Epoch: [0] Loss: [2.2791254196352173]
2019-04-01 21:03:49 INFO     Batch: [103/120] Epoch: [0] Loss: [2.2784541845321655]
2019-04-01 21:03:50 INFO     Batch: [104/120] Epoch: [0] Loss: [2.2778162774585544]
2019-04-01 21:03:50 INFO     Batch: [105/120] Epoch: [0] Loss: [2.277190714512231]
2019-04-01 21:03:50 INFO     Batch: [106/120] Epoch: [0] Loss: [2.2765777155617686]
2019-04-01 21:03:51 INFO     Batch: [107/120] Epoch: [0] Loss: [2.2759327513200267]
2019-04-01 21:03:51 INFO     Batch: [108/120] Epoch: [0] Loss: [2.2752096893590523]
2019-04-01 21:03:51 INFO     Batch: [109/120] Epoch: [0] Loss: [2.2745653412558817]
2019-04-01 21:03:52 INFO     Batch: [110/120] Epoch: [0] Loss: [2.2739369332253396]
2019-04-01 21:03:52 INFO     Batch: [111/120] Epoch: [0] Loss: [2.2732716564621245]
2019-04-01 21:03:52 INFO     Batch: [112/120] Epoch: [0] Loss: [2.272662932893871]
2019-04-01 21:03:53 INFO     Batch: [113/120] Epoch: [0] Loss: [2.27196372810163]
2019-04-01 21:03:53 INFO     Batch: [114/120] Epoch: [0] Loss: [2.271399097857268]
2019-04-01 21:03:54 INFO     Batch: [115/120] Epoch: [0] Loss: [2.2707252564101386]
2019-04-01 21:03:54 INFO     Batch: [116/120] Epoch: [0] Loss: [2.2701240604759283]
2019-04-01 21:03:54 INFO     Batch: [117/120] Epoch: [0] Loss: [2.2694671194432146]
2019-04-01 21:03:55 INFO     Batch: [118/120] Epoch: [0] Loss: [2.268878570123881]
2019-04-01 21:03:55 INFO     Batch: [119/120] Epoch: [0] Loss: [2.268270872036616]
2019-04-01 21:03:59 INFO     Epoch: [0/200] Loss: [2.268270872036616] Accuracy: [0.34945454545454546]
2019-04-01 21:03:59 INFO     Batch: [0/120] Epoch: [1] Loss: [2.1876256465911865]
2019-04-01 21:04:03 INFO     Accuracy: [0.35454545454545455]

2019-04-01 21:04:03 INFO     Batch: [1/120] Epoch: [1] Loss: [2.1922402381896973]
2019-04-01 21:04:03 INFO     Batch: [2/120] Epoch: [1] Loss: [2.1923548380533853]
2019-04-01 21:04:04 INFO     Batch: [3/120] Epoch: [1] Loss: [2.1954546570777893]
2019-04-01 21:04:04 INFO     Batch: [4/120] Epoch: [1] Loss: [2.192673349380493]
2019-04-01 21:04:05 INFO     Batch: [5/120] Epoch: [1] Loss: [2.189923882484436]
2019-04-01 21:04:05 INFO     Batch: [6/120] Epoch: [1] Loss: [2.1910479749952043]
2019-04-01 21:04:05 INFO     Batch: [7/120] Epoch: [1] Loss: [2.1907452046871185]
2019-04-01 21:04:06 INFO     Batch: [8/120] Epoch: [1] Loss: [2.1898353894551597]
2019-04-01 21:04:06 INFO     Batch: [9/120] Epoch: [1] Loss: [2.1890222072601317]
2019-04-01 21:04:07 INFO     Batch: [10/120] Epoch: [1] Loss: [2.1886454929005015]
2019-04-01 21:04:07 INFO     Batch: [11/120] Epoch: [1] Loss: [2.1887998382250466]
2019-04-01 21:04:07 INFO     Batch: [12/120] Epoch: [1] Loss: [2.188482119486882]
2019-04-01 21:04:08 INFO     Batch: [13/120] Epoch: [1] Loss: [2.187675356864929]
2019-04-01 21:04:08 INFO     Batch: [14/120] Epoch: [1] Loss: [2.1876581350962323]
2019-04-01 21:04:08 INFO     Batch: [15/120] Epoch: [1] Loss: [2.186686336994171]
2019-04-01 21:04:08 INFO     Batch: [16/120] Epoch: [1] Loss: [2.1866062809439266]
2019-04-01 21:04:09 INFO     Batch: [17/120] Epoch: [1] Loss: [2.1852260960472956]
2019-04-01 21:04:09 INFO     Batch: [18/120] Epoch: [1] Loss: [2.1848649978637695]
2019-04-01 21:04:09 INFO     Batch: [19/120] Epoch: [1] Loss: [2.1842474699020387]
2019-04-01 21:04:10 INFO     Batch: [20/120] Epoch: [1] Loss: [2.183964559010097]
2019-04-01 21:04:10 INFO     Batch: [21/120] Epoch: [1] Loss: [2.183258750221946]
2019-04-01 21:04:10 INFO     Batch: [22/120] Epoch: [1] Loss: [2.183095994202987]
2019-04-01 21:04:11 INFO     Batch: [23/120] Epoch: [1] Loss: [2.182878782351812]
2019-04-01 21:04:11 INFO     Batch: [24/120] Epoch: [1] Loss: [2.181976566314697]
2019-04-01 21:04:11 INFO     Batch: [25/120] Epoch: [1] Loss: [2.1812495635106015]
2019-04-01 21:04:12 INFO     Batch: [26/120] Epoch: [1] Loss: [2.1801532727700694]
2019-04-01 21:04:12 INFO     Batch: [27/120] Epoch: [1] Loss: [2.1800171732902527]
2019-04-01 21:04:12 INFO     Batch: [28/120] Epoch: [1] Loss: [2.178942137751086]
2019-04-01 21:04:12 INFO     Batch: [29/120] Epoch: [1] Loss: [2.178089149792989]
2019-04-01 21:04:13 INFO     Batch: [30/120] Epoch: [1] Loss: [2.177940014869936]
2019-04-01 21:04:13 INFO     Batch: [31/120] Epoch: [1] Loss: [2.177791215479374]
2019-04-01 21:04:13 INFO     Batch: [32/120] Epoch: [1] Loss: [2.1771754640521426]
2019-04-01 21:04:14 INFO     Batch: [33/120] Epoch: [1] Loss: [2.176546573638916]
2019-04-01 21:04:14 INFO     Batch: [34/120] Epoch: [1] Loss: [2.1756009783063615]
2019-04-01 21:04:14 INFO     Batch: [35/120] Epoch: [1] Loss: [2.1752449671427407]
2019-04-01 21:04:15 INFO     Batch: [36/120] Epoch: [1] Loss: [2.174821460569227]
2019-04-01 21:04:15 INFO     Batch: [37/120] Epoch: [1] Loss: [2.1740706029691195]
2019-04-01 21:04:15 INFO     Batch: [38/120] Epoch: [1] Loss: [2.173799258012038]
2019-04-01 21:04:15 INFO     Batch: [39/120] Epoch: [1] Loss: [2.173448497056961]
2019-04-01 21:04:16 INFO     Batch: [40/120] Epoch: [1] Loss: [2.173158192053074]
2019-04-01 21:04:16 INFO     Batch: [41/120] Epoch: [1] Loss: [2.172667798541841]
2019-04-01 21:04:17 INFO     Batch: [42/120] Epoch: [1] Loss: [2.1720607003500296]
2019-04-01 21:04:17 INFO     Batch: [43/120] Epoch: [1] Loss: [2.1716942191123962]
2019-04-01 21:04:17 INFO     Batch: [44/120] Epoch: [1] Loss: [2.1713327354855005]
2019-04-01 21:04:18 INFO     Batch: [45/120] Epoch: [1] Loss: [2.17069657470869]
2019-04-01 21:04:18 INFO     Batch: [46/120] Epoch: [1] Loss: [2.170301817833109]
2019-04-01 21:04:18 INFO     Batch: [47/120] Epoch: [1] Loss: [2.1699269314606986]
2019-04-01 21:04:19 INFO     Batch: [48/120] Epoch: [1] Loss: [2.1699150727719676]
2019-04-01 21:04:19 INFO     Batch: [49/120] Epoch: [1] Loss: [2.1694879007339476]
2019-04-01 21:04:19 INFO     Batch: [50/120] Epoch: [1] Loss: [2.1688459293515074]
2019-04-01 21:04:20 INFO     Batch: [51/120] Epoch: [1] Loss: [2.1685633155015798]
2019-04-01 21:04:20 INFO     Batch: [52/120] Epoch: [1] Loss: [2.167956253267684]
2019-04-01 21:04:20 INFO     Batch: [53/120] Epoch: [1] Loss: [2.1674659737834223]
2019-04-01 21:04:21 INFO     Batch: [54/120] Epoch: [1] Loss: [2.167203677784313]
2019-04-01 21:04:21 INFO     Batch: [55/120] Epoch: [1] Loss: [2.166729118142809]
2019-04-01 21:04:22 INFO     Batch: [56/120] Epoch: [1] Loss: [2.1661952420284876]
2019-04-01 21:04:22 INFO     Batch: [57/120] Epoch: [1] Loss: [2.165851087405764]
2019-04-01 21:04:22 INFO     Batch: [58/120] Epoch: [1] Loss: [2.1654585660514183]
2019-04-01 21:04:23 INFO     Batch: [59/120] Epoch: [1] Loss: [2.1648255745569864]
2019-04-01 21:04:23 INFO     Batch: [60/120] Epoch: [1] Loss: [2.1641809158637875]
2019-04-01 21:04:23 INFO     Batch: [61/120] Epoch: [1] Loss: [2.163833998864697]
2019-04-01 21:04:24 INFO     Batch: [62/120] Epoch: [1] Loss: [2.163565276161073]
2019-04-01 21:04:24 INFO     Batch: [63/120] Epoch: [1] Loss: [2.1632215343415737]
2019-04-01 21:04:25 INFO     Batch: [64/120] Epoch: [1] Loss: [2.162675586113563]
2019-04-01 21:04:25 INFO     Batch: [65/120] Epoch: [1] Loss: [2.162113402829026]
2019-04-01 21:04:25 INFO     Batch: [66/120] Epoch: [1] Loss: [2.1614886255406622]
2019-04-01 21:04:26 INFO     Batch: [67/120] Epoch: [1] Loss: [2.1613021528019623]
2019-04-01 21:04:26 INFO     Batch: [68/120] Epoch: [1] Loss: [2.160871301872143]
2019-04-01 21:04:26 INFO     Batch: [69/120] Epoch: [1] Loss: [2.160485277857099]
2019-04-01 21:04:27 INFO     Batch: [70/120] Epoch: [1] Loss: [2.160231795109494]
2019-04-01 21:04:27 INFO     Batch: [71/120] Epoch: [1] Loss: [2.159909645716349]
2019-04-01 21:04:27 INFO     Batch: [72/120] Epoch: [1] Loss: [2.1594238542530633]
2019-04-01 21:04:28 INFO     Batch: [73/120] Epoch: [1] Loss: [2.1591404386468835]
2019-04-01 21:04:28 INFO     Batch: [74/120] Epoch: [1] Loss: [2.1588235918680825]
2019-04-01 21:04:28 INFO     Batch: [75/120] Epoch: [1] Loss: [2.1583848281910547]
2019-04-01 21:04:29 INFO     Batch: [76/120] Epoch: [1] Loss: [2.157889613857517]
2019-04-01 21:04:29 INFO     Batch: [77/120] Epoch: [1] Loss: [2.157558483955188]
2019-04-01 21:04:29 INFO     Batch: [78/120] Epoch: [1] Loss: [2.157034068167964]
2019-04-01 21:04:30 INFO     Batch: [79/120] Epoch: [1] Loss: [2.1565598458051682]
2019-04-01 21:04:30 INFO     Batch: [80/120] Epoch: [1] Loss: [2.1560556329326865]
2019-04-01 21:04:30 INFO     Batch: [81/120] Epoch: [1] Loss: [2.1556412650317682]
2019-04-01 21:04:31 INFO     Batch: [82/120] Epoch: [1] Loss: [2.1551549635737777]
2019-04-01 21:04:31 INFO     Batch: [83/120] Epoch: [1] Loss: [2.1547426184018454]
2019-04-01 21:04:31 INFO     Batch: [84/120] Epoch: [1] Loss: [2.154106403799618]
2019-04-01 21:04:32 INFO     Batch: [85/120] Epoch: [1] Loss: [2.153601968011191]
2019-04-01 21:04:32 INFO     Batch: [86/120] Epoch: [1] Loss: [2.1531598814602555]
2019-04-01 21:04:32 INFO     Batch: [87/120] Epoch: [1] Loss: [2.1527677828615364]
2019-04-01 21:04:33 INFO     Batch: [88/120] Epoch: [1] Loss: [2.1525259419773404]
2019-04-01 21:04:33 INFO     Batch: [89/120] Epoch: [1] Loss: [2.151949079831441]
2019-04-01 21:04:33 INFO     Batch: [90/120] Epoch: [1] Loss: [2.1515039140051537]
2019-04-01 21:04:33 INFO     Batch: [91/120] Epoch: [1] Loss: [2.151170683943707]
2019-04-01 21:04:34 INFO     Batch: [92/120] Epoch: [1] Loss: [2.150628679542131]
2019-04-01 21:04:34 INFO     Batch: [93/120] Epoch: [1] Loss: [2.1503150868923107]
2019-04-01 21:04:34 INFO     Batch: [94/120] Epoch: [1] Loss: [2.1495996650896574]
2019-04-01 21:04:35 INFO     Batch: [95/120] Epoch: [1] Loss: [2.149134340385596]
2019-04-01 21:04:35 INFO     Batch: [96/120] Epoch: [1] Loss: [2.1487658195888875]
2019-04-01 21:04:35 INFO     Batch: [97/120] Epoch: [1] Loss: [2.1484468688770217]
2019-04-01 21:04:36 INFO     Batch: [98/120] Epoch: [1] Loss: [2.148051129447089]
2019-04-01 21:04:36 INFO     Batch: [99/120] Epoch: [1] Loss: [2.1475351810455323]
2019-04-01 21:04:36 INFO     Batch: [100/120] Epoch: [1] Loss: [2.146970479795248]
2019-04-01 21:04:36 INFO     Batch: [101/120] Epoch: [1] Loss: [2.146507419791876]
2019-04-01 21:04:37 INFO     Batch: [102/120] Epoch: [1] Loss: [2.146057432137647]
2019-04-01 21:04:37 INFO     Batch: [103/120] Epoch: [1] Loss: [2.1456596163602977]
2019-04-01 21:04:37 INFO     Batch: [104/120] Epoch: [1] Loss: [2.1451625460670107]
2019-04-01 21:04:38 INFO     Batch: [105/120] Epoch: [1] Loss: [2.1447150707244873]
2019-04-01 21:04:38 INFO     Batch: [106/120] Epoch: [1] Loss: [2.14427509040476]
2019-04-01 21:04:38 INFO     Batch: [107/120] Epoch: [1] Loss: [2.143833414272026]
2019-04-01 21:04:39 INFO     Batch: [108/120] Epoch: [1] Loss: [2.143630677406941]
2019-04-01 21:04:39 INFO     Batch: [109/120] Epoch: [1] Loss: [2.143203260681846]
2019-04-01 21:04:39 INFO     Batch: [110/120] Epoch: [1] Loss: [2.1427937842704154]
2019-04-01 21:04:40 INFO     Batch: [111/120] Epoch: [1] Loss: [2.1424192977803096]
2019-04-01 21:04:40 INFO     Batch: [112/120] Epoch: [1] Loss: [2.141880600853304]
2019-04-01 21:04:41 INFO     Batch: [113/120] Epoch: [1] Loss: [2.141631523768107]
2019-04-01 21:04:41 INFO     Batch: [114/120] Epoch: [1] Loss: [2.1412212371826174]
2019-04-01 21:04:41 INFO     Batch: [115/120] Epoch: [1] Loss: [2.140852650691723]
2019-04-01 21:04:42 INFO     Batch: [116/120] Epoch: [1] Loss: [2.1405410583202658]
2019-04-01 21:04:42 INFO     Batch: [117/120] Epoch: [1] Loss: [2.1402461912672397]
2019-04-01 21:04:42 INFO     Batch: [118/120] Epoch: [1] Loss: [2.1399972559023306]
2019-04-01 21:04:43 INFO     Batch: [119/120] Epoch: [1] Loss: [2.139693816502889]
2019-04-01 21:04:46 INFO     Epoch: [1/200] Loss: [2.139693816502889] Accuracy: [0.35545454545454547]
2019-04-01 21:04:47 INFO     Batch: [0/120] Epoch: [2] Loss: [2.070625066757202]
2019-04-01 21:04:51 INFO     Accuracy: [0.35]

2019-04-01 21:04:51 INFO     Batch: [1/120] Epoch: [2] Loss: [2.0757404565811157]
2019-04-01 21:04:51 INFO     Batch: [2/120] Epoch: [2] Loss: [2.0755937894185386]
2019-04-01 21:04:52 INFO     Batch: [3/120] Epoch: [2] Loss: [2.0766852498054504]
2019-04-01 21:04:52 INFO     Batch: [4/120] Epoch: [2] Loss: [2.0793685913085938]
2019-04-01 21:04:52 INFO     Batch: [5/120] Epoch: [2] Loss: [2.07921834786733]
2019-04-01 21:04:53 INFO     Batch: [6/120] Epoch: [2] Loss: [2.0819618361336842]
2019-04-01 21:04:53 INFO     Batch: [7/120] Epoch: [2] Loss: [2.0834670066833496]
2019-04-01 21:04:53 INFO     Batch: [8/120] Epoch: [2] Loss: [2.0827210214402943]
2019-04-01 21:04:54 INFO     Batch: [9/120] Epoch: [2] Loss: [2.081282901763916]
2019-04-01 21:04:54 INFO     Batch: [10/120] Epoch: [2] Loss: [2.083761150186712]
2019-04-01 21:04:54 INFO     Batch: [11/120] Epoch: [2] Loss: [2.082850913206736]
2019-04-01 21:04:54 INFO     Batch: [12/120] Epoch: [2] Loss: [2.0830216040978065]
2019-04-01 21:04:55 INFO     Batch: [13/120] Epoch: [2] Loss: [2.081791196550642]
2019-04-01 21:04:55 INFO     Batch: [14/120] Epoch: [2] Loss: [2.080836804707845]
2019-04-01 21:04:55 INFO     Batch: [15/120] Epoch: [2] Loss: [2.0819904059171677]
2019-04-01 21:04:56 INFO     Batch: [16/120] Epoch: [2] Loss: [2.0811393120709587]
2019-04-01 21:04:56 INFO     Batch: [17/120] Epoch: [2] Loss: [2.0814451244142322]
2019-04-01 21:04:56 INFO     Batch: [18/120] Epoch: [2] Loss: [2.0810909020273307]
2019-04-01 21:04:57 INFO     Batch: [19/120] Epoch: [2] Loss: [2.080648136138916]
2019-04-01 21:04:57 INFO     Batch: [20/120] Epoch: [2] Loss: [2.0796926589239213]
2019-04-01 21:04:57 INFO     Batch: [21/120] Epoch: [2] Loss: [2.0785926688801157]
2019-04-01 21:04:58 INFO     Batch: [22/120] Epoch: [2] Loss: [2.0772087470344873]
2019-04-01 21:04:58 INFO     Batch: [23/120] Epoch: [2] Loss: [2.077030767997106]
2019-04-01 21:04:58 INFO     Batch: [24/120] Epoch: [2] Loss: [2.076946077346802]
2019-04-01 21:04:58 INFO     Batch: [25/120] Epoch: [2] Loss: [2.0767586414630594]
2019-04-01 21:04:59 INFO     Batch: [26/120] Epoch: [2] Loss: [2.0750118538185403]
2019-04-01 21:04:59 INFO     Batch: [27/120] Epoch: [2] Loss: [2.0739300761904036]
2019-04-01 21:04:59 INFO     Batch: [28/120] Epoch: [2] Loss: [2.0734097217691354]
2019-04-01 21:05:00 INFO     Batch: [29/120] Epoch: [2] Loss: [2.0732118765513103]
2019-04-01 21:05:00 INFO     Batch: [30/120] Epoch: [2] Loss: [2.0727124829446115]
2019-04-01 21:05:00 INFO     Batch: [31/120] Epoch: [2] Loss: [2.071557216346264]
2019-04-01 21:05:01 INFO     Batch: [32/120] Epoch: [2] Loss: [2.071397116689971]
2019-04-01 21:05:01 INFO     Batch: [33/120] Epoch: [2] Loss: [2.0707177975598503]
2019-04-01 21:05:01 INFO     Batch: [34/120] Epoch: [2] Loss: [2.0705382074628558]
2019-04-01 21:05:02 INFO     Batch: [35/120] Epoch: [2] Loss: [2.0701970789167614]
2019-04-01 21:05:02 INFO     Batch: [36/120] Epoch: [2] Loss: [2.0705357371149837]
2019-04-01 21:05:02 INFO     Batch: [37/120] Epoch: [2] Loss: [2.0706325706682707]
2019-04-01 21:05:02 INFO     Batch: [38/120] Epoch: [2] Loss: [2.070093442232181]
2019-04-01 21:05:03 INFO     Batch: [39/120] Epoch: [2] Loss: [2.070057600736618]
2019-04-01 21:05:03 INFO     Batch: [40/120] Epoch: [2] Loss: [2.0700667369656447]
2019-04-01 21:05:04 INFO     Batch: [41/120] Epoch: [2] Loss: [2.0694794087182906]
2019-04-01 21:05:04 INFO     Batch: [42/120] Epoch: [2] Loss: [2.068963511045589]
2019-04-01 21:05:05 INFO     Batch: [43/120] Epoch: [2] Loss: [2.068612125786868]
2019-04-01 21:05:05 INFO     Batch: [44/120] Epoch: [2] Loss: [2.068808529112074]
2019-04-01 21:05:05 INFO     Batch: [45/120] Epoch: [2] Loss: [2.0684389757073443]
2019-04-01 21:05:06 INFO     Batch: [46/120] Epoch: [2] Loss: [2.0682601979438293]
2019-04-01 21:05:06 INFO     Batch: [47/120] Epoch: [2] Loss: [2.0679291586081185]
2019-04-01 21:05:06 INFO     Batch: [48/120] Epoch: [2] Loss: [2.067593496672961]
2019-04-01 21:05:07 INFO     Batch: [49/120] Epoch: [2] Loss: [2.0673549604415893]
2019-04-01 21:05:07 INFO     Batch: [50/120] Epoch: [2] Loss: [2.0672864960689172]
2019-04-01 21:05:07 INFO     Batch: [51/120] Epoch: [2] Loss: [2.066985387068528]
2019-04-01 21:05:07 INFO     Batch: [52/120] Epoch: [2] Loss: [2.0668008417453407]
2019-04-01 21:05:08 INFO     Batch: [53/120] Epoch: [2] Loss: [2.066356160022594]
2019-04-01 21:05:08 INFO     Batch: [54/120] Epoch: [2] Loss: [2.0658997188914907]
2019-04-01 21:05:09 INFO     Batch: [55/120] Epoch: [2] Loss: [2.0652207263878415]
2019-04-01 21:05:09 INFO     Batch: [56/120] Epoch: [2] Loss: [2.064524353596202]
2019-04-01 21:05:09 INFO     Batch: [57/120] Epoch: [2] Loss: [2.0642195570057837]
2019-04-01 21:05:09 INFO     Batch: [58/120] Epoch: [2] Loss: [2.0639162346468134]
2019-04-01 21:05:10 INFO     Batch: [59/120] Epoch: [2] Loss: [2.063477897644043]
2019-04-01 21:05:10 INFO     Batch: [60/120] Epoch: [2] Loss: [2.0634312590614696]
2019-04-01 21:05:10 INFO     Batch: [61/120] Epoch: [2] Loss: [2.0630840140004314]
2019-04-01 21:05:11 INFO     Batch: [62/120] Epoch: [2] Loss: [2.0628779464297824]
2019-04-01 21:05:11 INFO     Batch: [63/120] Epoch: [2] Loss: [2.0624133981764317]
2019-04-01 21:05:11 INFO     Batch: [64/120] Epoch: [2] Loss: [2.0622892453120305]
2019-04-01 21:05:12 INFO     Batch: [65/120] Epoch: [2] Loss: [2.061880501833829]
2019-04-01 21:05:12 INFO     Batch: [66/120] Epoch: [2] Loss: [2.0612318195513826]
2019-04-01 21:05:12 INFO     Batch: [67/120] Epoch: [2] Loss: [2.0607560206862057]
2019-04-01 21:05:13 INFO     Batch: [68/120] Epoch: [2] Loss: [2.0599235382632934]
2019-04-01 21:05:13 INFO     Batch: [69/120] Epoch: [2] Loss: [2.0595750195639475]
2019-04-01 21:05:14 INFO     Batch: [70/120] Epoch: [2] Loss: [2.0590100489871603]
2019-04-01 21:05:14 INFO     Batch: [71/120] Epoch: [2] Loss: [2.0586908724572925]
2019-04-01 21:05:14 INFO     Batch: [72/120] Epoch: [2] Loss: [2.058036588642695]
2019-04-01 21:05:15 INFO     Batch: [73/120] Epoch: [2] Loss: [2.0575244072321297]
2019-04-01 21:05:15 INFO     Batch: [74/120] Epoch: [2] Loss: [2.0568326059977213]
2019-04-01 21:05:15 INFO     Batch: [75/120] Epoch: [2] Loss: [2.0563951417019495]
2019-04-01 21:05:15 INFO     Batch: [76/120] Epoch: [2] Loss: [2.05594683622385]
2019-04-01 21:05:16 INFO     Batch: [77/120] Epoch: [2] Loss: [2.055453817049662]
2019-04-01 21:05:16 INFO     Batch: [78/120] Epoch: [2] Loss: [2.055284113823613]
2019-04-01 21:05:16 INFO     Batch: [79/120] Epoch: [2] Loss: [2.0553276151418687]
2019-04-01 21:05:17 INFO     Batch: [80/120] Epoch: [2] Loss: [2.054832340758524]
2019-04-01 21:05:17 INFO     Batch: [81/120] Epoch: [2] Loss: [2.054364381766901]
2019-04-01 21:05:17 INFO     Batch: [82/120] Epoch: [2] Loss: [2.0541008179446303]
2019-04-01 21:05:18 INFO     Batch: [83/120] Epoch: [2] Loss: [2.053780271893456]
2019-04-01 21:05:18 INFO     Batch: [84/120] Epoch: [2] Loss: [2.053398712943582]
2019-04-01 21:05:18 INFO     Batch: [85/120] Epoch: [2] Loss: [2.0532808026602103]
2019-04-01 21:05:19 INFO     Batch: [86/120] Epoch: [2] Loss: [2.052932604976084]
2019-04-01 21:05:19 INFO     Batch: [87/120] Epoch: [2] Loss: [2.0525878478180277]
2019-04-01 21:05:19 INFO     Batch: [88/120] Epoch: [2] Loss: [2.052276244324245]
2019-04-01 21:05:19 INFO     Batch: [89/120] Epoch: [2] Loss: [2.0518689897325304]
2019-04-01 21:05:20 INFO     Batch: [90/120] Epoch: [2] Loss: [2.051647956554706]
2019-04-01 21:05:20 INFO     Batch: [91/120] Epoch: [2] Loss: [2.0514576279598735]
2019-04-01 21:05:20 INFO     Batch: [92/120] Epoch: [2] Loss: [2.0509764994344404]
2019-04-01 21:05:21 INFO     Batch: [93/120] Epoch: [2] Loss: [2.050520270428759]
2019-04-01 21:05:21 INFO     Batch: [94/120] Epoch: [2] Loss: [2.0501411563471743]
2019-04-01 21:05:21 INFO     Batch: [95/120] Epoch: [2] Loss: [2.04988415290912]
2019-04-01 21:05:22 INFO     Batch: [96/120] Epoch: [2] Loss: [2.049358167599157]
2019-04-01 21:05:22 INFO     Batch: [97/120] Epoch: [2] Loss: [2.049002551302618]
2019-04-01 21:05:22 INFO     Batch: [98/120] Epoch: [2] Loss: [2.048430096019398]
2019-04-01 21:05:23 INFO     Batch: [99/120] Epoch: [2] Loss: [2.047949664592743]
2019-04-01 21:05:23 INFO     Batch: [100/120] Epoch: [2] Loss: [2.0473729903155036]
2019-04-01 21:05:23 INFO     Batch: [101/120] Epoch: [2] Loss: [2.0469875452565214]
2019-04-01 21:05:24 INFO     Batch: [102/120] Epoch: [2] Loss: [2.046454897204649]
2019-04-01 21:05:24 INFO     Batch: [103/120] Epoch: [2] Loss: [2.0459278535384398]
2019-04-01 21:05:24 INFO     Batch: [104/120] Epoch: [2] Loss: [2.0451404673712594]
2019-04-01 21:05:25 INFO     Batch: [105/120] Epoch: [2] Loss: [2.0447203674406373]
2019-04-01 21:05:25 INFO     Batch: [106/120] Epoch: [2] Loss: [2.04412742307253]
2019-04-01 21:05:25 INFO     Batch: [107/120] Epoch: [2] Loss: [2.043661128591608]
2019-04-01 21:05:26 INFO     Batch: [108/120] Epoch: [2] Loss: [2.043143468165616]
2019-04-01 21:05:26 INFO     Batch: [109/120] Epoch: [2] Loss: [2.042740536819805]
2019-04-01 21:05:26 INFO     Batch: [110/120] Epoch: [2] Loss: [2.0426304479977033]
2019-04-01 21:05:27 INFO     Batch: [111/120] Epoch: [2] Loss: [2.042310366673129]
2019-04-01 21:05:27 INFO     Batch: [112/120] Epoch: [2] Loss: [2.04191975361478]
2019-04-01 21:05:27 INFO     Batch: [113/120] Epoch: [2] Loss: [2.041363373137357]
2019-04-01 21:05:28 INFO     Batch: [114/120] Epoch: [2] Loss: [2.041058160947717]
2019-04-01 21:05:28 INFO     Batch: [115/120] Epoch: [2] Loss: [2.0406460792853913]
2019-04-01 21:05:28 INFO     Batch: [116/120] Epoch: [2] Loss: [2.0403488140839796]
2019-04-01 21:05:28 INFO     Batch: [117/120] Epoch: [2] Loss: [2.040259958323786]
2019-04-01 21:05:29 INFO     Batch: [118/120] Epoch: [2] Loss: [2.039825303213937]
2019-04-01 21:05:29 INFO     Batch: [119/120] Epoch: [2] Loss: [2.0391474972168604]
2019-04-01 21:05:33 INFO     Epoch: [2/200] Loss: [2.0391474972168604] Accuracy: [0.3614545454545454]
2019-04-01 21:05:34 INFO     Batch: [0/120] Epoch: [3] Loss: [1.9904919862747192]
2019-04-01 21:05:38 INFO     Accuracy: [0.35890909090909084]

2019-04-01 21:05:38 INFO     Batch: [1/120] Epoch: [3] Loss: [1.9990509152412415]
2019-04-01 21:05:38 INFO     Batch: [2/120] Epoch: [3] Loss: [1.9919116894404094]
2019-04-01 21:05:39 INFO     Batch: [3/120] Epoch: [3] Loss: [1.989658385515213]
2019-04-01 21:05:39 INFO     Batch: [4/120] Epoch: [3] Loss: [1.9897925138473511]
2019-04-01 21:05:39 INFO     Batch: [5/120] Epoch: [3] Loss: [1.9966257214546204]
2019-04-01 21:05:40 INFO     Batch: [6/120] Epoch: [3] Loss: [1.9955022505351476]
2019-04-01 21:05:40 INFO     Batch: [7/120] Epoch: [3] Loss: [1.9928032457828522]
2019-04-01 21:05:40 INFO     Batch: [8/120] Epoch: [3] Loss: [1.9888549115922716]
2019-04-01 21:05:41 INFO     Batch: [9/120] Epoch: [3] Loss: [1.988066518306732]
2019-04-01 21:05:41 INFO     Batch: [10/120] Epoch: [3] Loss: [1.9899313991720027]
2019-04-01 21:05:41 INFO     Batch: [11/120] Epoch: [3] Loss: [1.9894107977549236]
2019-04-01 21:05:41 INFO     Batch: [12/120] Epoch: [3] Loss: [1.9901995475475605]
2019-04-01 21:05:42 INFO     Batch: [13/120] Epoch: [3] Loss: [1.989291182586125]
2019-04-01 21:05:42 INFO     Batch: [14/120] Epoch: [3] Loss: [1.9893810033798218]
2019-04-01 21:05:42 INFO     Batch: [15/120] Epoch: [3] Loss: [1.9901913031935692]
2019-04-01 21:05:43 INFO     Batch: [16/120] Epoch: [3] Loss: [1.9894110665601843]
2019-04-01 21:05:43 INFO     Batch: [17/120] Epoch: [3] Loss: [1.988568855656518]
2019-04-01 21:05:43 INFO     Batch: [18/120] Epoch: [3] Loss: [1.9878588350195634]
2019-04-01 21:05:44 INFO     Batch: [19/120] Epoch: [3] Loss: [1.9877689838409425]
2019-04-01 21:05:44 INFO     Batch: [20/120] Epoch: [3] Loss: [1.986648332504999]
2019-04-01 21:05:44 INFO     Batch: [21/120] Epoch: [3] Loss: [1.9863827499476345]
2019-04-01 21:05:45 INFO     Batch: [22/120] Epoch: [3] Loss: [1.985019388406173]
2019-04-01 21:05:45 INFO     Batch: [23/120] Epoch: [3] Loss: [1.9838767995436986]
2019-04-01 21:05:46 INFO     Batch: [24/120] Epoch: [3] Loss: [1.9846838521957397]
2019-04-01 21:05:46 INFO     Batch: [25/120] Epoch: [3] Loss: [1.9852171861208403]
2019-04-01 21:05:46 INFO     Batch: [26/120] Epoch: [3] Loss: [1.9849654612717804]
2019-04-01 21:05:46 INFO     Batch: [27/120] Epoch: [3] Loss: [1.9851642463888441]
2019-04-01 21:05:47 INFO     Batch: [28/120] Epoch: [3] Loss: [1.9830273143176376]
2019-04-01 21:05:47 INFO     Batch: [29/120] Epoch: [3] Loss: [1.9823931336402894]
2019-04-01 21:05:47 INFO     Batch: [30/120] Epoch: [3] Loss: [1.9820164941972302]
2019-04-01 21:05:48 INFO     Batch: [31/120] Epoch: [3] Loss: [1.9816449768841267]
2019-04-01 21:05:48 INFO     Batch: [32/120] Epoch: [3] Loss: [1.981835202737288]
2019-04-01 21:05:48 INFO     Batch: [33/120] Epoch: [3] Loss: [1.9817912683767431]
2019-04-01 21:05:49 INFO     Batch: [34/120] Epoch: [3] Loss: [1.9809987476893833]
2019-04-01 21:05:49 INFO     Batch: [35/120] Epoch: [3] Loss: [1.980557146999571]
2019-04-01 21:05:50 INFO     Batch: [36/120] Epoch: [3] Loss: [1.9798253452455676]
2019-04-01 21:05:50 INFO     Batch: [37/120] Epoch: [3] Loss: [1.9801241033955623]
2019-04-01 21:05:50 INFO     Batch: [38/120] Epoch: [3] Loss: [1.980743096424983]
2019-04-01 21:05:51 INFO     Batch: [39/120] Epoch: [3] Loss: [1.9808038920164108]
2019-04-01 21:05:51 INFO     Batch: [40/120] Epoch: [3] Loss: [1.9804206272450888]
2019-04-01 21:05:51 INFO     Batch: [41/120] Epoch: [3] Loss: [1.9814147353172302]
2019-04-01 21:05:51 INFO     Batch: [42/120] Epoch: [3] Loss: [1.981344877287399]
2019-04-01 21:05:52 INFO     Batch: [43/120] Epoch: [3] Loss: [1.9815288484096527]
2019-04-01 21:05:52 INFO     Batch: [44/120] Epoch: [3] Loss: [1.981171319219801]
2019-04-01 21:05:52 INFO     Batch: [45/120] Epoch: [3] Loss: [1.9807389559953108]
2019-04-01 21:05:53 INFO     Batch: [46/120] Epoch: [3] Loss: [1.9804668071422171]
2019-04-01 21:05:53 INFO     Batch: [47/120] Epoch: [3] Loss: [1.9798784951368968]
2019-04-01 21:05:53 INFO     Batch: [48/120] Epoch: [3] Loss: [1.979661642288675]
2019-04-01 21:05:54 INFO     Batch: [49/120] Epoch: [3] Loss: [1.9805763030052186]
2019-04-01 21:05:54 INFO     Batch: [50/120] Epoch: [3] Loss: [1.979727871277753]
2019-04-01 21:05:54 INFO     Batch: [51/120] Epoch: [3] Loss: [1.9793340334525475]
2019-04-01 21:05:55 INFO     Batch: [52/120] Epoch: [3] Loss: [1.9788456323011867]
2019-04-01 21:05:55 INFO     Batch: [53/120] Epoch: [3] Loss: [1.9777423761509083]
2019-04-01 21:05:55 INFO     Batch: [54/120] Epoch: [3] Loss: [1.9770289572802457]
2019-04-01 21:05:56 INFO     Batch: [55/120] Epoch: [3] Loss: [1.9767447241715022]
2019-04-01 21:05:56 INFO     Batch: [56/120] Epoch: [3] Loss: [1.9761317278209485]
2019-04-01 21:05:56 INFO     Batch: [57/120] Epoch: [3] Loss: [1.9759421595211686]
2019-04-01 21:05:57 INFO     Batch: [58/120] Epoch: [3] Loss: [1.9756322351552673]
2019-04-01 21:05:57 INFO     Batch: [59/120] Epoch: [3] Loss: [1.975533950328827]
2019-04-01 21:05:57 INFO     Batch: [60/120] Epoch: [3] Loss: [1.975351661932273]
2019-04-01 21:05:58 INFO     Batch: [61/120] Epoch: [3] Loss: [1.9751438113950914]
2019-04-01 21:05:58 INFO     Batch: [62/120] Epoch: [3] Loss: [1.9748884174558852]
2019-04-01 21:05:58 INFO     Batch: [63/120] Epoch: [3] Loss: [1.9743866827338934]
2019-04-01 21:05:58 INFO     Batch: [64/120] Epoch: [3] Loss: [1.9745053126261785]
2019-04-01 21:05:59 INFO     Batch: [65/120] Epoch: [3] Loss: [1.9740534659587976]
2019-04-01 21:05:59 INFO     Batch: [66/120] Epoch: [3] Loss: [1.9737613966215903]
2019-04-01 21:05:59 INFO     Batch: [67/120] Epoch: [3] Loss: [1.9732978028409622]
2019-04-01 21:06:00 INFO     Batch: [68/120] Epoch: [3] Loss: [1.972560231236444]
2019-04-01 21:06:00 INFO     Batch: [69/120] Epoch: [3] Loss: [1.9721246310642788]
2019-04-01 21:06:00 INFO     Batch: [70/120] Epoch: [3] Loss: [1.9717921858102503]
2019-04-01 21:06:01 INFO     Batch: [71/120] Epoch: [3] Loss: [1.9707452174690034]
2019-04-01 21:06:01 INFO     Batch: [72/120] Epoch: [3] Loss: [1.9705984919038537]
2019-04-01 21:06:01 INFO     Batch: [73/120] Epoch: [3] Loss: [1.9699601788778562]
2019-04-01 21:06:02 INFO     Batch: [74/120] Epoch: [3] Loss: [1.9695097923278808]
2019-04-01 21:06:02 INFO     Batch: [75/120] Epoch: [3] Loss: [1.969278257144125]
2019-04-01 21:06:02 INFO     Batch: [76/120] Epoch: [3] Loss: [1.9693950461102772]
2019-04-01 21:06:03 INFO     Batch: [77/120] Epoch: [3] Loss: [1.9691849794143286]
2019-04-01 21:06:03 INFO     Batch: [78/120] Epoch: [3] Loss: [1.9692095020149327]
2019-04-01 21:06:03 INFO     Batch: [79/120] Epoch: [3] Loss: [1.9689362689852714]
2019-04-01 21:06:04 INFO     Batch: [80/120] Epoch: [3] Loss: [1.9687089655134413]
2019-04-01 21:06:04 INFO     Batch: [81/120] Epoch: [3] Loss: [1.968070975164088]
2019-04-01 21:06:04 INFO     Batch: [82/120] Epoch: [3] Loss: [1.9678334586591606]
2019-04-01 21:06:05 INFO     Batch: [83/120] Epoch: [3] Loss: [1.9674323002497356]
2019-04-01 21:06:05 INFO     Batch: [84/120] Epoch: [3] Loss: [1.967166024095872]
2019-04-01 21:06:05 INFO     Batch: [85/120] Epoch: [3] Loss: [1.9671185945355616]
2019-04-01 21:06:05 INFO     Batch: [86/120] Epoch: [3] Loss: [1.966246119860945]
2019-04-01 21:06:06 INFO     Batch: [87/120] Epoch: [3] Loss: [1.966506215659055]
2019-04-01 21:06:06 INFO     Batch: [88/120] Epoch: [3] Loss: [1.966475255033943]
2019-04-01 21:06:06 INFO     Batch: [89/120] Epoch: [3] Loss: [1.9663005047374302]
2019-04-01 21:06:07 INFO     Batch: [90/120] Epoch: [3] Loss: [1.965743532547584]
2019-04-01 21:06:08 INFO     Batch: [91/120] Epoch: [3] Loss: [1.9652883630731832]
2019-04-01 21:06:08 INFO     Batch: [92/120] Epoch: [3] Loss: [1.9644032665478286]
2019-04-01 21:06:08 INFO     Batch: [93/120] Epoch: [3] Loss: [1.9641401894549106]
2019-04-01 21:06:09 INFO     Batch: [94/120] Epoch: [3] Loss: [1.9639300107955933]
2019-04-01 21:06:09 INFO     Batch: [95/120] Epoch: [3] Loss: [1.9634951055049896]
2019-04-01 21:06:09 INFO     Batch: [96/120] Epoch: [3] Loss: [1.9632152318954468]
2019-04-01 21:06:10 INFO     Batch: [97/120] Epoch: [3] Loss: [1.9630132500006228]
2019-04-01 21:06:10 INFO     Batch: [98/120] Epoch: [3] Loss: [1.962731178360756]
2019-04-01 21:06:10 INFO     Batch: [99/120] Epoch: [3] Loss: [1.9623121905326844]
2019-04-01 21:06:11 INFO     Batch: [100/120] Epoch: [3] Loss: [1.961616319004852]
2019-04-01 21:06:11 INFO     Batch: [101/120] Epoch: [3] Loss: [1.9608678023020427]
2019-04-01 21:06:11 INFO     Batch: [102/120] Epoch: [3] Loss: [1.9604872696608016]
2019-04-01 21:06:12 INFO     Batch: [103/120] Epoch: [3] Loss: [1.960623636841774]
2019-04-01 21:06:12 INFO     Batch: [104/120] Epoch: [3] Loss: [1.960106378509885]
2019-04-01 21:06:12 INFO     Batch: [105/120] Epoch: [3] Loss: [1.9601697471906554]
2019-04-01 21:06:13 INFO     Batch: [106/120] Epoch: [3] Loss: [1.9595823533067078]
2019-04-01 21:06:13 INFO     Batch: [107/120] Epoch: [3] Loss: [1.9590068327056036]
2019-04-01 21:06:13 INFO     Batch: [108/120] Epoch: [3] Loss: [1.9584901267235433]
2019-04-01 21:06:13 INFO     Batch: [109/120] Epoch: [3] Loss: [1.9582974444736134]
2019-04-01 21:06:14 INFO     Batch: [110/120] Epoch: [3] Loss: [1.958003435048971]
2019-04-01 21:06:14 INFO     Batch: [111/120] Epoch: [3] Loss: [1.9580456912517548]
2019-04-01 21:06:14 INFO     Batch: [112/120] Epoch: [3] Loss: [1.9581327079671673]
2019-04-01 21:06:15 INFO     Batch: [113/120] Epoch: [3] Loss: [1.9575303385132237]
2019-04-01 21:06:15 INFO     Batch: [114/120] Epoch: [3] Loss: [1.95711030960083]
2019-04-01 21:06:15 INFO     Batch: [115/120] Epoch: [3] Loss: [1.9567264822022667]
2019-04-01 21:06:16 INFO     Batch: [116/120] Epoch: [3] Loss: [1.956460502412584]
2019-04-01 21:06:16 INFO     Batch: [117/120] Epoch: [3] Loss: [1.9563473756030454]
2019-04-01 21:06:16 INFO     Batch: [118/120] Epoch: [3] Loss: [1.9558522310577522]
2019-04-01 21:06:17 INFO     Batch: [119/120] Epoch: [3] Loss: [1.9557026386260987]
2019-04-01 21:06:20 INFO     Epoch: [3/200] Loss: [1.9557026386260987] Accuracy: [0.3861818181818182]
2019-04-01 21:06:21 INFO     Batch: [0/120] Epoch: [4] Loss: [1.9118438959121704]
2019-04-01 21:06:25 INFO     Accuracy: [0.3923636363636364]

2019-04-01 21:06:25 INFO     Batch: [1/120] Epoch: [4] Loss: [1.9250182509422302]
2019-04-01 21:06:25 INFO     Batch: [2/120] Epoch: [4] Loss: [1.9260270198186238]
2019-04-01 21:06:26 INFO     Batch: [3/120] Epoch: [4] Loss: [1.9223520457744598]
2019-04-01 21:06:26 INFO     Batch: [4/120] Epoch: [4] Loss: [1.9142353534698486]
2019-04-01 21:06:27 INFO     Batch: [5/120] Epoch: [4] Loss: [1.9162021676699321]
2019-04-01 21:06:27 INFO     Batch: [6/120] Epoch: [4] Loss: [1.9181333099092757]
2019-04-01 21:06:27 INFO     Batch: [7/120] Epoch: [4] Loss: [1.916564702987671]
2019-04-01 21:06:28 INFO     Batch: [8/120] Epoch: [4] Loss: [1.9108205238978069]
2019-04-01 21:06:28 INFO     Batch: [9/120] Epoch: [4] Loss: [1.912045955657959]
2019-04-01 21:06:28 INFO     Batch: [10/120] Epoch: [4] Loss: [1.9148039059205488]
2019-04-01 21:06:29 INFO     Batch: [11/120] Epoch: [4] Loss: [1.9162326455116272]
2019-04-01 21:06:29 INFO     Batch: [12/120] Epoch: [4] Loss: [1.9157498157941377]
2019-04-01 21:06:29 INFO     Batch: [13/120] Epoch: [4] Loss: [1.9161551424435206]
2019-04-01 21:06:30 INFO     Batch: [14/120] Epoch: [4] Loss: [1.917141858736674]
2019-04-01 21:06:30 INFO     Batch: [15/120] Epoch: [4] Loss: [1.916707620024681]
2019-04-01 21:06:31 INFO     Batch: [16/120] Epoch: [4] Loss: [1.914635468931759]
2019-04-01 21:06:31 INFO     Batch: [17/120] Epoch: [4] Loss: [1.9140461087226868]
2019-04-01 21:06:31 INFO     Batch: [18/120] Epoch: [4] Loss: [1.9155026297820241]
2019-04-01 21:06:32 INFO     Batch: [19/120] Epoch: [4] Loss: [1.916968160867691]
2019-04-01 21:06:32 INFO     Batch: [20/120] Epoch: [4] Loss: [1.917036845570519]
2019-04-01 21:06:33 INFO     Batch: [21/120] Epoch: [4] Loss: [1.917257634076205]
2019-04-01 21:06:33 INFO     Batch: [22/120] Epoch: [4] Loss: [1.9171373844146729]
2019-04-01 21:06:33 INFO     Batch: [23/120] Epoch: [4] Loss: [1.9163126349449158]
2019-04-01 21:06:34 INFO     Batch: [24/120] Epoch: [4] Loss: [1.916489281654358]
2019-04-01 21:06:34 INFO     Batch: [25/120] Epoch: [4] Loss: [1.91560959815979]
2019-04-01 21:06:35 INFO     Batch: [26/120] Epoch: [4] Loss: [1.9152819845411513]
2019-04-01 21:06:35 INFO     Batch: [27/120] Epoch: [4] Loss: [1.914544667516436]
2019-04-01 21:06:35 INFO     Batch: [28/120] Epoch: [4] Loss: [1.9152786320653454]
2019-04-01 21:06:36 INFO     Batch: [29/120] Epoch: [4] Loss: [1.9152097384134927]
2019-04-01 21:06:36 INFO     Batch: [30/120] Epoch: [4] Loss: [1.915312320955338]
2019-04-01 21:06:36 INFO     Batch: [31/120] Epoch: [4] Loss: [1.9144917167723179]
2019-04-01 21:06:37 INFO     Batch: [32/120] Epoch: [4] Loss: [1.9138752005316995]
2019-04-01 21:06:37 INFO     Batch: [33/120] Epoch: [4] Loss: [1.9131134573151083]
2019-04-01 21:06:37 INFO     Batch: [34/120] Epoch: [4] Loss: [1.9124244281223841]
2019-04-01 21:06:38 INFO     Batch: [35/120] Epoch: [4] Loss: [1.9123234583271875]
2019-04-01 21:06:38 INFO     Batch: [36/120] Epoch: [4] Loss: [1.9127370409063391]
2019-04-01 21:06:38 INFO     Batch: [37/120] Epoch: [4] Loss: [1.9121049736675464]
2019-04-01 21:06:39 INFO     Batch: [38/120] Epoch: [4] Loss: [1.9121547631728344]
2019-04-01 21:06:39 INFO     Batch: [39/120] Epoch: [4] Loss: [1.9117234617471695]
2019-04-01 21:06:39 INFO     Batch: [40/120] Epoch: [4] Loss: [1.9112475441723336]
2019-04-01 21:06:40 INFO     Batch: [41/120] Epoch: [4] Loss: [1.9102666179339092]
2019-04-01 21:06:40 INFO     Batch: [42/120] Epoch: [4] Loss: [1.9099483434544053]
2019-04-01 21:06:40 INFO     Batch: [43/120] Epoch: [4] Loss: [1.9101270193403417]
2019-04-01 21:06:41 INFO     Batch: [44/120] Epoch: [4] Loss: [1.9093528032302856]
2019-04-01 21:06:41 INFO     Batch: [45/120] Epoch: [4] Loss: [1.9094832824624104]
2019-04-01 21:06:41 INFO     Batch: [46/120] Epoch: [4] Loss: [1.9097975923659953]
2019-04-01 21:06:41 INFO     Batch: [47/120] Epoch: [4] Loss: [1.9098296463489532]
2019-04-01 21:06:42 INFO     Batch: [48/120] Epoch: [4] Loss: [1.908824339204905]
2019-04-01 21:06:42 INFO     Batch: [49/120] Epoch: [4] Loss: [1.9082665610313416]
2019-04-01 21:06:42 INFO     Batch: [50/120] Epoch: [4] Loss: [1.9081118293837005]
2019-04-01 21:06:43 INFO     Batch: [51/120] Epoch: [4] Loss: [1.908279469380012]
2019-04-01 21:06:43 INFO     Batch: [52/120] Epoch: [4] Loss: [1.908188005663314]
2019-04-01 21:06:43 INFO     Batch: [53/120] Epoch: [4] Loss: [1.9075545249161896]
2019-04-01 21:06:44 INFO     Batch: [54/120] Epoch: [4] Loss: [1.9067392219196666]
2019-04-01 21:06:44 INFO     Batch: [55/120] Epoch: [4] Loss: [1.905449207339968]
2019-04-01 21:06:44 INFO     Batch: [56/120] Epoch: [4] Loss: [1.9048514868083752]
2019-04-01 21:06:45 INFO     Batch: [57/120] Epoch: [4] Loss: [1.904401290005651]
2019-04-01 21:06:45 INFO     Batch: [58/120] Epoch: [4] Loss: [1.9043979240676103]
2019-04-01 21:06:45 INFO     Batch: [59/120] Epoch: [4] Loss: [1.9043663958708446]
2019-04-01 21:06:46 INFO     Batch: [60/120] Epoch: [4] Loss: [1.9038394709102442]
2019-04-01 21:06:46 INFO     Batch: [61/120] Epoch: [4] Loss: [1.9028211082181623]
2019-04-01 21:06:46 INFO     Batch: [62/120] Epoch: [4] Loss: [1.9028523327812317]
2019-04-01 21:06:46 INFO     Batch: [63/120] Epoch: [4] Loss: [1.9027816578745842]
2019-04-01 21:06:47 INFO     Batch: [64/120] Epoch: [4] Loss: [1.9023222373082087]
2019-04-01 21:06:47 INFO     Batch: [65/120] Epoch: [4] Loss: [1.9020156661669414]
2019-04-01 21:06:47 INFO     Batch: [66/120] Epoch: [4] Loss: [1.9023016370944124]
2019-04-01 21:06:48 INFO     Batch: [67/120] Epoch: [4] Loss: [1.9024935627684874]
2019-04-01 21:06:48 INFO     Batch: [68/120] Epoch: [4] Loss: [1.902440729348556]
2019-04-01 21:06:48 INFO     Batch: [69/120] Epoch: [4] Loss: [1.9021454232079642]
2019-04-01 21:06:49 INFO     Batch: [70/120] Epoch: [4] Loss: [1.902626675619206]
2019-04-01 21:06:49 INFO     Batch: [71/120] Epoch: [4] Loss: [1.9022358076439962]
2019-04-01 21:06:49 INFO     Batch: [72/120] Epoch: [4] Loss: [1.9013651968681649]
2019-04-01 21:06:50 INFO     Batch: [73/120] Epoch: [4] Loss: [1.9003574123253693]
2019-04-01 21:06:50 INFO     Batch: [74/120] Epoch: [4] Loss: [1.900101710955302]
2019-04-01 21:06:50 INFO     Batch: [75/120] Epoch: [4] Loss: [1.8998324698523472]
2019-04-01 21:06:51 INFO     Batch: [76/120] Epoch: [4] Loss: [1.8995356141746818]
2019-04-01 21:06:51 INFO     Batch: [77/120] Epoch: [4] Loss: [1.8991496211443193]
2019-04-01 21:06:51 INFO     Batch: [78/120] Epoch: [4] Loss: [1.8990739629238467]
2019-04-01 21:06:52 INFO     Batch: [79/120] Epoch: [4] Loss: [1.8985733285546302]
2019-04-01 21:06:53 INFO     Batch: [80/120] Epoch: [4] Loss: [1.898039193800938]
2019-04-01 21:06:53 INFO     Batch: [81/120] Epoch: [4] Loss: [1.8972569544140885]
2019-04-01 21:06:54 INFO     Batch: [82/120] Epoch: [4] Loss: [1.896951480084155]
2019-04-01 21:06:54 INFO     Batch: [83/120] Epoch: [4] Loss: [1.8964556143397377]
2019-04-01 21:06:54 INFO     Batch: [84/120] Epoch: [4] Loss: [1.8965337318532607]
2019-04-01 21:06:55 INFO     Batch: [85/120] Epoch: [4] Loss: [1.8961481632188308]
2019-04-01 21:06:55 INFO     Batch: [86/120] Epoch: [4] Loss: [1.8963614784438034]
2019-04-01 21:06:55 INFO     Batch: [87/120] Epoch: [4] Loss: [1.8962256962602788]
2019-04-01 21:06:56 INFO     Batch: [88/120] Epoch: [4] Loss: [1.8963684151681621]
2019-04-01 21:06:56 INFO     Batch: [89/120] Epoch: [4] Loss: [1.8966081817944844]
2019-04-01 21:06:56 INFO     Batch: [90/120] Epoch: [4] Loss: [1.8963755460885854]
2019-04-01 21:06:57 INFO     Batch: [91/120] Epoch: [4] Loss: [1.8958514838115028]
2019-04-01 21:06:57 INFO     Batch: [92/120] Epoch: [4] Loss: [1.895489292760049]
2019-04-01 21:06:57 INFO     Batch: [93/120] Epoch: [4] Loss: [1.8943628478557506]
2019-04-01 21:06:58 INFO     Batch: [94/120] Epoch: [4] Loss: [1.8939560814907677]
2019-04-01 21:06:58 INFO     Batch: [95/120] Epoch: [4] Loss: [1.893559670696656]
2019-04-01 21:06:58 INFO     Batch: [96/120] Epoch: [4] Loss: [1.8928860634872593]
2019-04-01 21:06:59 INFO     Batch: [97/120] Epoch: [4] Loss: [1.8928064022745406]
2019-04-01 21:06:59 INFO     Batch: [98/120] Epoch: [4] Loss: [1.8924810850259028]
2019-04-01 21:06:59 INFO     Batch: [99/120] Epoch: [4] Loss: [1.8919488298892975]
2019-04-01 21:07:00 INFO     Batch: [100/120] Epoch: [4] Loss: [1.8916024984699664]
2019-04-01 21:07:00 INFO     Batch: [101/120] Epoch: [4] Loss: [1.8913830144732606]
2019-04-01 21:07:00 INFO     Batch: [102/120] Epoch: [4] Loss: [1.8912562803157325]
2019-04-01 21:07:01 INFO     Batch: [103/120] Epoch: [4] Loss: [1.891024845150801]
2019-04-01 21:07:01 INFO     Batch: [104/120] Epoch: [4] Loss: [1.8908288989748274]
2019-04-01 21:07:01 INFO     Batch: [105/120] Epoch: [4] Loss: [1.8908148329212981]
2019-04-01 21:07:02 INFO     Batch: [106/120] Epoch: [4] Loss: [1.890430572991059]
2019-04-01 21:07:02 INFO     Batch: [107/120] Epoch: [4] Loss: [1.8899759584003024]
2019-04-01 21:07:03 INFO     Batch: [108/120] Epoch: [4] Loss: [1.8896182305222258]
2019-04-01 21:07:03 INFO     Batch: [109/120] Epoch: [4] Loss: [1.888751010461287]
2019-04-01 21:07:03 INFO     Batch: [110/120] Epoch: [4] Loss: [1.8885816367896828]
2019-04-01 21:07:04 INFO     Batch: [111/120] Epoch: [4] Loss: [1.8879517167806625]
2019-04-01 21:07:04 INFO     Batch: [112/120] Epoch: [4] Loss: [1.887650535169956]
2019-04-01 21:07:04 INFO     Batch: [113/120] Epoch: [4] Loss: [1.8872747849999814]
2019-04-01 21:07:04 INFO     Batch: [114/120] Epoch: [4] Loss: [1.8869439726290496]
2019-04-01 21:07:05 INFO     Batch: [115/120] Epoch: [4] Loss: [1.8868794749523032]
2019-04-01 21:07:05 INFO     Batch: [116/120] Epoch: [4] Loss: [1.8862222066292396]
2019-04-01 21:07:05 INFO     Batch: [117/120] Epoch: [4] Loss: [1.8859866867631168]
2019-04-01 21:07:06 INFO     Batch: [118/120] Epoch: [4] Loss: [1.8855882091682499]
2019-04-01 21:07:06 INFO     Batch: [119/120] Epoch: [4] Loss: [1.8848193724950155]
2019-04-01 21:07:10 INFO     Epoch: [4/200] Loss: [1.8848193724950155] Accuracy: [0.4227272727272728]
2019-04-01 21:07:11 INFO     Batch: [0/120] Epoch: [5] Loss: [1.8272206783294678]
2019-04-01 21:07:14 INFO     Accuracy: [0.42509090909090913]

2019-04-01 21:07:14 INFO     Batch: [1/120] Epoch: [5] Loss: [1.8238143920898438]
2019-04-01 21:07:15 INFO     Batch: [2/120] Epoch: [5] Loss: [1.8206135829289753]
2019-04-01 21:07:15 INFO     Batch: [3/120] Epoch: [5] Loss: [1.8237623870372772]
2019-04-01 21:07:16 INFO     Batch: [4/120] Epoch: [5] Loss: [1.8260126113891602]
2019-04-01 21:07:16 INFO     Batch: [5/120] Epoch: [5] Loss: [1.8248744408289592]
2019-04-01 21:07:16 INFO     Batch: [6/120] Epoch: [5] Loss: [1.8344834872654505]
2019-04-01 21:07:17 INFO     Batch: [7/120] Epoch: [5] Loss: [1.832466185092926]
2019-04-01 21:07:17 INFO     Batch: [8/120] Epoch: [5] Loss: [1.831214427947998]
2019-04-01 21:07:17 INFO     Batch: [9/120] Epoch: [5] Loss: [1.8292435646057128]
2019-04-01 21:07:18 INFO     Batch: [10/120] Epoch: [5] Loss: [1.831842671741139]
2019-04-01 21:07:18 INFO     Batch: [11/120] Epoch: [5] Loss: [1.82910152276357]
2019-04-01 21:07:18 INFO     Batch: [12/120] Epoch: [5] Loss: [1.8295576939216027]
2019-04-01 21:07:19 INFO     Batch: [13/120] Epoch: [5] Loss: [1.832552535193307]
2019-04-01 21:07:19 INFO     Batch: [14/120] Epoch: [5] Loss: [1.833030358950297]
2019-04-01 21:07:19 INFO     Batch: [15/120] Epoch: [5] Loss: [1.8324571251869202]
2019-04-01 21:07:20 INFO     Batch: [16/120] Epoch: [5] Loss: [1.831628021071939]
2019-04-01 21:07:20 INFO     Batch: [17/120] Epoch: [5] Loss: [1.8324936495886908]
2019-04-01 21:07:20 INFO     Batch: [18/120] Epoch: [5] Loss: [1.8299881470830817]
2019-04-01 21:07:21 INFO     Batch: [19/120] Epoch: [5] Loss: [1.8283075869083405]
2019-04-01 21:07:21 INFO     Batch: [20/120] Epoch: [5] Loss: [1.8281844854354858]
2019-04-01 21:07:21 INFO     Batch: [21/120] Epoch: [5] Loss: [1.8299955508925698]
2019-04-01 21:07:22 INFO     Batch: [22/120] Epoch: [5] Loss: [1.8306603535361912]
2019-04-01 21:07:22 INFO     Batch: [23/120] Epoch: [5] Loss: [1.8295510212580364]
2019-04-01 21:07:22 INFO     Batch: [24/120] Epoch: [5] Loss: [1.8304393672943116]
2019-04-01 21:07:23 INFO     Batch: [25/120] Epoch: [5] Loss: [1.8306695818901062]
2019-04-01 21:07:23 INFO     Batch: [26/120] Epoch: [5] Loss: [1.8314289031205353]
2019-04-01 21:07:23 INFO     Batch: [27/120] Epoch: [5] Loss: [1.8323955152715956]
2019-04-01 21:07:24 INFO     Batch: [28/120] Epoch: [5] Loss: [1.8321877759078453]
2019-04-01 21:07:24 INFO     Batch: [29/120] Epoch: [5] Loss: [1.8323740839958191]
2019-04-01 21:07:24 INFO     Batch: [30/120] Epoch: [5] Loss: [1.8312196846931212]
2019-04-01 21:07:25 INFO     Batch: [31/120] Epoch: [5] Loss: [1.8311157301068306]
2019-04-01 21:07:25 INFO     Batch: [32/120] Epoch: [5] Loss: [1.8297870231397224]
2019-04-01 21:07:25 INFO     Batch: [33/120] Epoch: [5] Loss: [1.8302459786919987]
2019-04-01 21:07:25 INFO     Batch: [34/120] Epoch: [5] Loss: [1.8304514476231166]
2019-04-01 21:07:26 INFO     Batch: [35/120] Epoch: [5] Loss: [1.8304596079720392]
2019-04-01 21:07:26 INFO     Batch: [36/120] Epoch: [5] Loss: [1.8302883908555314]
2019-04-01 21:07:26 INFO     Batch: [37/120] Epoch: [5] Loss: [1.8300721488500897]
2019-04-01 21:07:27 INFO     Batch: [38/120] Epoch: [5] Loss: [1.830274013372568]
2019-04-01 21:07:27 INFO     Batch: [39/120] Epoch: [5] Loss: [1.8298678427934647]
2019-04-01 21:07:28 INFO     Batch: [40/120] Epoch: [5] Loss: [1.8282152268944718]
2019-04-01 21:07:28 INFO     Batch: [41/120] Epoch: [5] Loss: [1.8286564037913369]
2019-04-01 21:07:28 INFO     Batch: [42/120] Epoch: [5] Loss: [1.828569256982138]
2019-04-01 21:07:28 INFO     Batch: [43/120] Epoch: [5] Loss: [1.828605524518273]
2019-04-01 21:07:29 INFO     Batch: [44/120] Epoch: [5] Loss: [1.8286705573399862]
2019-04-01 21:07:29 INFO     Batch: [45/120] Epoch: [5] Loss: [1.8286875434543775]
2019-04-01 21:07:29 INFO     Batch: [46/120] Epoch: [5] Loss: [1.82850851403906]
2019-04-01 21:07:30 INFO     Batch: [47/120] Epoch: [5] Loss: [1.828332429130872]
2019-04-01 21:07:30 INFO     Batch: [48/120] Epoch: [5] Loss: [1.8290615617012491]
2019-04-01 21:07:30 INFO     Batch: [49/120] Epoch: [5] Loss: [1.8291463303565978]
2019-04-01 21:07:31 INFO     Batch: [50/120] Epoch: [5] Loss: [1.8297038031559365]
2019-04-01 21:07:31 INFO     Batch: [51/120] Epoch: [5] Loss: [1.8289654690485735]
2019-04-01 21:07:31 INFO     Batch: [52/120] Epoch: [5] Loss: [1.8277687981443584]
2019-04-01 21:07:32 INFO     Batch: [53/120] Epoch: [5] Loss: [1.827521096777033]
2019-04-01 21:07:32 INFO     Batch: [54/120] Epoch: [5] Loss: [1.8266152945431795]
2019-04-01 21:07:32 INFO     Batch: [55/120] Epoch: [5] Loss: [1.8259917008025306]
2019-04-01 21:07:33 INFO     Batch: [56/120] Epoch: [5] Loss: [1.825523290717811]
2019-04-01 21:07:33 INFO     Batch: [57/120] Epoch: [5] Loss: [1.8260372753801017]
2019-04-01 21:07:33 INFO     Batch: [58/120] Epoch: [5] Loss: [1.825776130466138]
2019-04-01 21:07:34 INFO     Batch: [59/120] Epoch: [5] Loss: [1.825852233171463]
2019-04-01 21:07:34 INFO     Batch: [60/120] Epoch: [5] Loss: [1.825753137713573]
2019-04-01 21:07:34 INFO     Batch: [61/120] Epoch: [5] Loss: [1.8254643736347076]
2019-04-01 21:07:35 INFO     Batch: [62/120] Epoch: [5] Loss: [1.82458395995791]
2019-04-01 21:07:35 INFO     Batch: [63/120] Epoch: [5] Loss: [1.8237774185836315]
2019-04-01 21:07:35 INFO     Batch: [64/120] Epoch: [5] Loss: [1.8230712010310246]
2019-04-01 21:07:36 INFO     Batch: [65/120] Epoch: [5] Loss: [1.8226674072670215]
2019-04-01 21:07:36 INFO     Batch: [66/120] Epoch: [5] Loss: [1.8220646683849506]
2019-04-01 21:07:37 INFO     Batch: [67/120] Epoch: [5] Loss: [1.8217650897362654]
2019-04-01 21:07:37 INFO     Batch: [68/120] Epoch: [5] Loss: [1.8214432934056157]
2019-04-01 21:07:37 INFO     Batch: [69/120] Epoch: [5] Loss: [1.8207104308264597]
2019-04-01 21:07:38 INFO     Batch: [70/120] Epoch: [5] Loss: [1.820885523943834]
2019-04-01 21:07:38 INFO     Batch: [71/120] Epoch: [5] Loss: [1.820796463224623]
2019-04-01 21:07:38 INFO     Batch: [72/120] Epoch: [5] Loss: [1.8206450955508506]
2019-04-01 21:07:39 INFO     Batch: [73/120] Epoch: [5] Loss: [1.821230682166847]
2019-04-01 21:07:39 INFO     Batch: [74/120] Epoch: [5] Loss: [1.8207964785893758]
2019-04-01 21:07:39 INFO     Batch: [75/120] Epoch: [5] Loss: [1.820239997223804]
2019-04-01 21:07:40 INFO     Batch: [76/120] Epoch: [5] Loss: [1.8200401764411431]
2019-04-01 21:07:40 INFO     Batch: [77/120] Epoch: [5] Loss: [1.8193899591763814]
2019-04-01 21:07:41 INFO     Batch: [78/120] Epoch: [5] Loss: [1.8190726826462564]
2019-04-01 21:07:41 INFO     Batch: [79/120] Epoch: [5] Loss: [1.8191235959529877]
2019-04-01 21:07:41 INFO     Batch: [80/120] Epoch: [5] Loss: [1.8193839655982122]
