2019-04-01 21:15:30 INFO     Loading Data
2019-04-01 21:15:31 INFO     Model Setting Up
2019-04-01 21:15:39 INFO     Start Training
2019-04-01 21:15:48 INFO     Batch: [0/120] Epoch: [0] Loss: [2.3678154945373535]
2019-04-01 21:15:50 INFO     Accuracy: [0.04527272727272727]

2019-04-01 21:15:50 INFO     Batch: [1/120] Epoch: [0] Loss: [2.363833785057068]
2019-04-01 21:15:50 INFO     Batch: [2/120] Epoch: [0] Loss: [2.3637022972106934]
2019-04-01 21:15:50 INFO     Batch: [3/120] Epoch: [0] Loss: [2.3674281239509583]
2019-04-01 21:15:50 INFO     Batch: [4/120] Epoch: [0] Loss: [2.365166187286377]
2019-04-01 21:15:50 INFO     Batch: [5/120] Epoch: [0] Loss: [2.36232852935791]
2019-04-01 21:15:50 INFO     Batch: [6/120] Epoch: [0] Loss: [2.361264944076538]
2019-04-01 21:15:50 INFO     Batch: [7/120] Epoch: [0] Loss: [2.359945148229599]
2019-04-01 21:15:51 INFO     Batch: [8/120] Epoch: [0] Loss: [2.360684315363566]
2019-04-01 21:15:51 INFO     Batch: [9/120] Epoch: [0] Loss: [2.360224413871765]
2019-04-01 21:15:51 INFO     Batch: [10/120] Epoch: [0] Loss: [2.358146233992143]
2019-04-01 21:15:51 INFO     Batch: [11/120] Epoch: [0] Loss: [2.357589145501455]
2019-04-01 21:15:51 INFO     Batch: [12/120] Epoch: [0] Loss: [2.357649858181293]
2019-04-01 21:15:51 INFO     Batch: [13/120] Epoch: [0] Loss: [2.3561983619417464]
2019-04-01 21:15:52 INFO     Batch: [14/120] Epoch: [0] Loss: [2.3555201053619386]
2019-04-01 21:15:52 INFO     Batch: [15/120] Epoch: [0] Loss: [2.355071246623993]
2019-04-01 21:15:52 INFO     Batch: [16/120] Epoch: [0] Loss: [2.353137226665721]
2019-04-01 21:15:52 INFO     Batch: [17/120] Epoch: [0] Loss: [2.352269424332513]
2019-04-01 21:15:52 INFO     Batch: [18/120] Epoch: [0] Loss: [2.35157437073557]
2019-04-01 21:15:52 INFO     Batch: [19/120] Epoch: [0] Loss: [2.3507105112075806]
2019-04-01 21:15:52 INFO     Batch: [20/120] Epoch: [0] Loss: [2.3493557430448986]
2019-04-01 21:15:52 INFO     Batch: [21/120] Epoch: [0] Loss: [2.348027294332331]
2019-04-01 21:15:53 INFO     Batch: [22/120] Epoch: [0] Loss: [2.346808153650035]
2019-04-01 21:15:53 INFO     Batch: [23/120] Epoch: [0] Loss: [2.345602442820867]
2019-04-01 21:15:53 INFO     Batch: [24/120] Epoch: [0] Loss: [2.3446392822265625]
2019-04-01 21:15:53 INFO     Batch: [25/120] Epoch: [0] Loss: [2.343673825263977]
2019-04-01 21:15:53 INFO     Batch: [26/120] Epoch: [0] Loss: [2.342283346034862]
2019-04-01 21:15:53 INFO     Batch: [27/120] Epoch: [0] Loss: [2.3412462983812605]
2019-04-01 21:15:53 INFO     Batch: [28/120] Epoch: [0] Loss: [2.3400539283094735]
2019-04-01 21:15:54 INFO     Batch: [29/120] Epoch: [0] Loss: [2.3387284835179645]
2019-04-01 21:15:54 INFO     Batch: [30/120] Epoch: [0] Loss: [2.3370350022469797]
2019-04-01 21:15:54 INFO     Batch: [31/120] Epoch: [0] Loss: [2.336113825440407]
2019-04-01 21:15:54 INFO     Batch: [32/120] Epoch: [0] Loss: [2.334837299404722]
2019-04-01 21:15:54 INFO     Batch: [33/120] Epoch: [0] Loss: [2.3337254874846516]
2019-04-01 21:15:54 INFO     Batch: [34/120] Epoch: [0] Loss: [2.332573052815029]
2019-04-01 21:15:54 INFO     Batch: [35/120] Epoch: [0] Loss: [2.331784983476003]
2019-04-01 21:15:55 INFO     Batch: [36/120] Epoch: [0] Loss: [2.3304902347358496]
2019-04-01 21:15:55 INFO     Batch: [37/120] Epoch: [0] Loss: [2.3291950476797005]
2019-04-01 21:15:55 INFO     Batch: [38/120] Epoch: [0] Loss: [2.3281238079071045]
2019-04-01 21:15:55 INFO     Batch: [39/120] Epoch: [0] Loss: [2.327205312252045]
2019-04-01 21:15:55 INFO     Batch: [40/120] Epoch: [0] Loss: [2.3259037122493837]
2019-04-01 21:15:55 INFO     Batch: [41/120] Epoch: [0] Loss: [2.3249270972751437]
2019-04-01 21:15:55 INFO     Batch: [42/120] Epoch: [0] Loss: [2.3238176578699155]
2019-04-01 21:15:56 INFO     Batch: [43/120] Epoch: [0] Loss: [2.3224912719293074]
2019-04-01 21:15:56 INFO     Batch: [44/120] Epoch: [0] Loss: [2.3214245955149333]
2019-04-01 21:15:56 INFO     Batch: [45/120] Epoch: [0] Loss: [2.320346158483754]
2019-04-01 21:15:56 INFO     Batch: [46/120] Epoch: [0] Loss: [2.319219538506041]
2019-04-01 21:15:56 INFO     Batch: [47/120] Epoch: [0] Loss: [2.3183246701955795]
2019-04-01 21:15:56 INFO     Batch: [48/120] Epoch: [0] Loss: [2.3174153785316314]
2019-04-01 21:15:56 INFO     Batch: [49/120] Epoch: [0] Loss: [2.316442022323608]
2019-04-01 21:15:57 INFO     Batch: [50/120] Epoch: [0] Loss: [2.3153363302642225]
2019-04-01 21:15:57 INFO     Batch: [51/120] Epoch: [0] Loss: [2.314209209038661]
2019-04-01 21:15:57 INFO     Batch: [52/120] Epoch: [0] Loss: [2.3131356914088412]
2019-04-01 21:15:57 INFO     Batch: [53/120] Epoch: [0] Loss: [2.312152041329278]
2019-04-01 21:15:57 INFO     Batch: [54/120] Epoch: [0] Loss: [2.3109851186925714]
2019-04-01 21:15:57 INFO     Batch: [55/120] Epoch: [0] Loss: [2.3100895498480116]
2019-04-01 21:15:57 INFO     Batch: [56/120] Epoch: [0] Loss: [2.3091795026210318]
2019-04-01 21:15:58 INFO     Batch: [57/120] Epoch: [0] Loss: [2.3078359570996514]
2019-04-01 21:15:58 INFO     Batch: [58/120] Epoch: [0] Loss: [2.306642588922533]
2019-04-01 21:15:58 INFO     Batch: [59/120] Epoch: [0] Loss: [2.305842709541321]
2019-04-01 21:15:58 INFO     Batch: [60/120] Epoch: [0] Loss: [2.304859563952587]
2019-04-01 21:15:58 INFO     Batch: [61/120] Epoch: [0] Loss: [2.3037532952524002]
2019-04-01 21:15:58 INFO     Batch: [62/120] Epoch: [0] Loss: [2.302523658389137]
2019-04-01 21:15:58 INFO     Batch: [63/120] Epoch: [0] Loss: [2.30152690410614]
2019-04-01 21:15:59 INFO     Batch: [64/120] Epoch: [0] Loss: [2.3006734444544867]
2019-04-01 21:15:59 INFO     Batch: [65/120] Epoch: [0] Loss: [2.299829941807371]
2019-04-01 21:15:59 INFO     Batch: [66/120] Epoch: [0] Loss: [2.2990282471500225]
2019-04-01 21:15:59 INFO     Batch: [67/120] Epoch: [0] Loss: [2.2980446955736946]
2019-04-01 21:15:59 INFO     Batch: [68/120] Epoch: [0] Loss: [2.2969823712887973]
2019-04-01 21:15:59 INFO     Batch: [69/120] Epoch: [0] Loss: [2.2960736615317208]
2019-04-01 21:15:59 INFO     Batch: [70/120] Epoch: [0] Loss: [2.295181324784185]
2019-04-01 21:16:00 INFO     Batch: [71/120] Epoch: [0] Loss: [2.2942262391249337]
2019-04-01 21:16:00 INFO     Batch: [72/120] Epoch: [0] Loss: [2.2932999852585465]
2019-04-01 21:16:00 INFO     Batch: [73/120] Epoch: [0] Loss: [2.292355837048711]
2019-04-01 21:16:00 INFO     Batch: [74/120] Epoch: [0] Loss: [2.2912527084350587]
2019-04-01 21:16:00 INFO     Batch: [75/120] Epoch: [0] Loss: [2.2904215611909566]
2019-04-01 21:16:00 INFO     Batch: [76/120] Epoch: [0] Loss: [2.2894005156182624]
2019-04-01 21:16:00 INFO     Batch: [77/120] Epoch: [0] Loss: [2.2884322007497153]
2019-04-01 21:16:01 INFO     Batch: [78/120] Epoch: [0] Loss: [2.2872876970073843]
2019-04-01 21:16:01 INFO     Batch: [79/120] Epoch: [0] Loss: [2.2864600360393523]
2019-04-01 21:16:01 INFO     Batch: [80/120] Epoch: [0] Loss: [2.2854842050575916]
2019-04-01 21:16:01 INFO     Batch: [81/120] Epoch: [0] Loss: [2.2843162809930195]
2019-04-01 21:16:01 INFO     Batch: [82/120] Epoch: [0] Loss: [2.2832257805100404]
2019-04-01 21:16:01 INFO     Batch: [83/120] Epoch: [0] Loss: [2.28234079622087]
2019-04-01 21:16:01 INFO     Batch: [84/120] Epoch: [0] Loss: [2.281532085643095]
2019-04-01 21:16:02 INFO     Batch: [85/120] Epoch: [0] Loss: [2.2805676072142846]
2019-04-01 21:16:02 INFO     Batch: [86/120] Epoch: [0] Loss: [2.2795088099337173]
2019-04-01 21:16:02 INFO     Batch: [87/120] Epoch: [0] Loss: [2.278379583900625]
2019-04-01 21:16:02 INFO     Batch: [88/120] Epoch: [0] Loss: [2.2775010901890442]
2019-04-01 21:16:02 INFO     Batch: [89/120] Epoch: [0] Loss: [2.276694583892822]
2019-04-01 21:16:02 INFO     Batch: [90/120] Epoch: [0] Loss: [2.2758045877729143]
2019-04-01 21:16:02 INFO     Batch: [91/120] Epoch: [0] Loss: [2.2747680467108022]
2019-04-01 21:16:03 INFO     Batch: [92/120] Epoch: [0] Loss: [2.2737104123638523]
2019-04-01 21:16:03 INFO     Batch: [93/120] Epoch: [0] Loss: [2.272715979434074]
2019-04-01 21:16:03 INFO     Batch: [94/120] Epoch: [0] Loss: [2.2720836614307602]
2019-04-01 21:16:03 INFO     Batch: [95/120] Epoch: [0] Loss: [2.271007150411606]
2019-04-01 21:16:03 INFO     Batch: [96/120] Epoch: [0] Loss: [2.270216118429125]
2019-04-01 21:16:03 INFO     Batch: [97/120] Epoch: [0] Loss: [2.2693081534638697]
2019-04-01 21:16:03 INFO     Batch: [98/120] Epoch: [0] Loss: [2.2683411222515684]
2019-04-01 21:16:04 INFO     Batch: [99/120] Epoch: [0] Loss: [2.2674646520614625]
2019-04-01 21:16:04 INFO     Batch: [100/120] Epoch: [0] Loss: [2.2665609203942934]
2019-04-01 21:16:04 INFO     Batch: [101/120] Epoch: [0] Loss: [2.26579389852636]
2019-04-01 21:16:04 INFO     Batch: [102/120] Epoch: [0] Loss: [2.2650029034290498]
2019-04-01 21:16:04 INFO     Batch: [103/120] Epoch: [0] Loss: [2.264239721573316]
2019-04-01 21:16:04 INFO     Batch: [104/120] Epoch: [0] Loss: [2.263488142830985]
2019-04-01 21:16:04 INFO     Batch: [105/120] Epoch: [0] Loss: [2.262537276969766]
2019-04-01 21:16:05 INFO     Batch: [106/120] Epoch: [0] Loss: [2.2616478371843]
2019-04-01 21:16:05 INFO     Batch: [107/120] Epoch: [0] Loss: [2.260808359693598]
2019-04-01 21:16:05 INFO     Batch: [108/120] Epoch: [0] Loss: [2.259956550160679]
2019-04-01 21:16:05 INFO     Batch: [109/120] Epoch: [0] Loss: [2.25916211605072]
2019-04-01 21:16:05 INFO     Batch: [110/120] Epoch: [0] Loss: [2.2582124310570793]
2019-04-01 21:16:05 INFO     Batch: [111/120] Epoch: [0] Loss: [2.257314535123961]
