2019-04-07 22:31:46 INFO     Loading Data
2019-04-07 22:31:47 INFO     Model Setting Up
2019-04-07 22:31:55 INFO     train_dir : [../mnist/train]
2019-04-07 22:31:55 INFO     test_dir : [../mnist/test]
2019-04-07 22:31:55 INFO     save_dir : [./save]
2019-04-07 22:31:55 INFO     num_epochs : [250]
2019-04-07 22:31:55 INFO     batch_size : [500]
2019-04-07 22:31:55 INFO     num_points : [512]
2019-04-07 22:31:55 INFO     sigma : [0.05]
2019-04-07 22:31:55 INFO     log_interval : [1000]
2019-04-07 22:31:55 INFO     save_interval : [50]
2019-04-07 22:31:55 INFO     baselr : [5e-05]
2019-04-07 22:31:55 INFO     density_radius : [0.2]
2019-04-07 22:31:55 INFO     feature_out1 : [8]
2019-04-07 22:31:55 INFO     feature_out2 : [16]
2019-04-07 22:31:55 INFO     feature_out3 : [32]
2019-04-07 22:31:55 INFO     feature_out4 : [64]
2019-04-07 22:31:55 INFO     feature_out5 : [128]
2019-04-07 22:31:55 INFO     num_classes : [10]
2019-04-07 22:31:55 INFO     bandwidth_0 : [10]
2019-04-07 22:31:55 INFO     bandwidth_out1 : [10]
2019-04-07 22:31:55 INFO     bandwidth_out2 : [8]
2019-04-07 22:31:55 INFO     bandwidth_out3 : [6]
2019-04-07 22:31:55 INFO     bandwidth_out4 : [4]
2019-04-07 22:31:55 INFO     bandwidth_out5 : [2]
2019-04-07 22:31:55 INFO     resume_training : [0]
2019-04-07 22:31:55 INFO     Start Training
2019-04-07 22:31:55 INFO     Saved model checkpoints into ./save/2019-04-07_22-31-55-model.ckpt...
2019-04-07 22:31:59 INFO     Batch: [0/120] Epoch: [0] Loss: [2.3103411197662354]
2019-04-07 22:32:00 INFO     Batch: [1/120] Epoch: [0] Loss: [2.312807559967041]
2019-04-07 22:32:00 INFO     Batch: [2/120] Epoch: [0] Loss: [2.3120638529459634]
2019-04-07 22:32:00 INFO     Batch: [3/120] Epoch: [0] Loss: [2.311683773994446]
2019-04-07 22:32:00 INFO     Batch: [4/120] Epoch: [0] Loss: [2.3108752727508546]
2019-04-07 22:32:00 INFO     Batch: [5/120] Epoch: [0] Loss: [2.3116230169932046]
2019-04-07 22:32:01 INFO     Batch: [6/120] Epoch: [0] Loss: [2.3107725211552212]
2019-04-07 22:32:01 INFO     Batch: [7/120] Epoch: [0] Loss: [2.310150384902954]
2019-04-07 22:32:01 INFO     Batch: [8/120] Epoch: [0] Loss: [2.3103583918677435]
2019-04-07 22:32:01 INFO     Batch: [9/120] Epoch: [0] Loss: [2.3096845865249636]
2019-04-07 22:32:02 INFO     Batch: [10/120] Epoch: [0] Loss: [2.308914531360973]
2019-04-07 22:32:02 INFO     Batch: [11/120] Epoch: [0] Loss: [2.308770934740702]
2019-04-07 22:32:02 INFO     Batch: [12/120] Epoch: [0] Loss: [2.307925737821139]
2019-04-07 22:32:02 INFO     Batch: [13/120] Epoch: [0] Loss: [2.3075976031167165]
2019-04-07 22:32:02 INFO     Batch: [14/120] Epoch: [0] Loss: [2.3070155302683513]
2019-04-07 22:32:03 INFO     Batch: [15/120] Epoch: [0] Loss: [2.3064254075288773]
2019-04-07 22:32:03 INFO     Batch: [16/120] Epoch: [0] Loss: [2.3058719915502213]
2019-04-07 22:32:03 INFO     Batch: [17/120] Epoch: [0] Loss: [2.3055755694707236]
2019-04-07 22:32:03 INFO     Batch: [18/120] Epoch: [0] Loss: [2.3052025343242444]
2019-04-07 22:32:03 INFO     Batch: [19/120] Epoch: [0] Loss: [2.304787576198578]
2019-04-07 22:32:04 INFO     Batch: [20/120] Epoch: [0] Loss: [2.3042780671800887]
2019-04-07 22:32:04 INFO     Batch: [21/120] Epoch: [0] Loss: [2.3040506081147627]
2019-04-07 22:32:04 INFO     Batch: [22/120] Epoch: [0] Loss: [2.303476219591887]
2019-04-07 22:32:04 INFO     Batch: [23/120] Epoch: [0] Loss: [2.3030256430308023]
2019-04-07 22:32:04 INFO     Batch: [24/120] Epoch: [0] Loss: [2.302462348937988]
2019-04-07 22:32:05 INFO     Batch: [25/120] Epoch: [0] Loss: [2.3020200454271755]
2019-04-07 22:32:05 INFO     Batch: [26/120] Epoch: [0] Loss: [2.301657305823432]
2019-04-07 22:32:05 INFO     Batch: [27/120] Epoch: [0] Loss: [2.3011712772505626]
2019-04-07 22:32:05 INFO     Batch: [28/120] Epoch: [0] Loss: [2.300663578099218]
2019-04-07 22:32:05 INFO     Batch: [29/120] Epoch: [0] Loss: [2.300227920214335]
2019-04-07 22:32:06 INFO     Batch: [30/120] Epoch: [0] Loss: [2.3000397989826817]
2019-04-07 22:32:06 INFO     Batch: [31/120] Epoch: [0] Loss: [2.2996067628264427]
2019-04-07 22:32:06 INFO     Batch: [32/120] Epoch: [0] Loss: [2.2991290453708535]
2019-04-07 22:32:06 INFO     Batch: [33/120] Epoch: [0] Loss: [2.298704806496115]
2019-04-07 22:32:06 INFO     Batch: [34/120] Epoch: [0] Loss: [2.298294857570103]
2019-04-07 22:32:07 INFO     Batch: [35/120] Epoch: [0] Loss: [2.2979418569140964]
2019-04-07 22:32:07 INFO     Batch: [36/120] Epoch: [0] Loss: [2.297652869611173]
2019-04-07 22:32:07 INFO     Batch: [37/120] Epoch: [0] Loss: [2.2972616521935714]
2019-04-07 22:32:07 INFO     Batch: [38/120] Epoch: [0] Loss: [2.296840576025156]
2019-04-07 22:32:07 INFO     Batch: [39/120] Epoch: [0] Loss: [2.296638345718384]
2019-04-07 22:32:08 INFO     Batch: [40/120] Epoch: [0] Loss: [2.29610424506955]
2019-04-07 22:32:08 INFO     Batch: [41/120] Epoch: [0] Loss: [2.295660728500003]
2019-04-07 22:32:08 INFO     Batch: [42/120] Epoch: [0] Loss: [2.2950705206671427]
2019-04-07 22:32:08 INFO     Batch: [43/120] Epoch: [0] Loss: [2.294831769032912]
