2019-04-05 20:34:28 INFO     Loading Data
2019-04-05 20:34:29 INFO     Model Setting Up
2019-04-05 20:34:41 INFO     Start Training
2019-04-05 20:34:41 INFO     train_dir: ../mnist/train
2019-04-05 20:34:41 INFO     test_dir: ../mnist/test
2019-04-05 20:34:41 INFO     save_dir: ./save
2019-04-05 20:34:41 INFO     num_epochs: 2000
2019-04-05 20:34:41 INFO     batch_size: 500
2019-04-05 20:34:41 INFO     num_points: 512
2019-04-05 20:34:41 INFO     sigma: 0.05
2019-04-05 20:34:41 INFO     log_interval: 1000
2019-04-05 20:34:41 INFO     save_interval: 50
2019-04-05 20:34:41 INFO     baselr: 5e-05
2019-04-05 20:34:41 INFO     density_radius: 0.3
2019-04-05 20:34:41 INFO     feature_out1: 8
2019-04-05 20:34:41 INFO     feature_out2: 16
2019-04-05 20:34:41 INFO     feature_out3: 32
2019-04-05 20:34:41 INFO     feature_out4: 64
2019-04-05 20:34:41 INFO     num_classes: 10
2019-04-05 20:34:41 INFO     bandwidth_0: 8
2019-04-05 20:34:41 INFO     bandwidth_out1: 8
2019-04-05 20:34:41 INFO     bandwidth_out2: 6
2019-04-05 20:34:41 INFO     bandwidth_out3: 4
2019-04-05 20:34:41 INFO     bandwidth_out4: 2
2019-04-05 20:34:48 INFO     Batch: [0/120] Epoch: [0] Loss: [2.313645124435425]
2019-04-05 20:34:49 INFO     Accuracy: [0.06836363636363635]

2019-04-05 20:34:49 INFO     Batch: [1/120] Epoch: [0] Loss: [2.3125741481781006]
2019-04-05 20:34:49 INFO     Batch: [2/120] Epoch: [0] Loss: [2.313693046569824]
2019-04-05 20:34:49 INFO     Batch: [3/120] Epoch: [0] Loss: [2.313520133495331]
2019-04-05 20:34:49 INFO     Batch: [4/120] Epoch: [0] Loss: [2.312186908721924]
2019-04-05 20:34:49 INFO     Batch: [5/120] Epoch: [0] Loss: [2.311338464419047]
2019-04-05 20:34:49 INFO     Batch: [6/120] Epoch: [0] Loss: [2.3091681684766496]
2019-04-05 20:34:49 INFO     Batch: [7/120] Epoch: [0] Loss: [2.308174282312393]
2019-04-05 20:34:49 INFO     Batch: [8/120] Epoch: [0] Loss: [2.3079075548383923]
2019-04-05 20:34:49 INFO     Batch: [9/120] Epoch: [0] Loss: [2.3073882102966308]
2019-04-05 20:34:50 INFO     Batch: [10/120] Epoch: [0] Loss: [2.307188792662187]
2019-04-05 20:34:50 INFO     Batch: [11/120] Epoch: [0] Loss: [2.3071439067522683]
2019-04-05 20:34:50 INFO     Batch: [12/120] Epoch: [0] Loss: [2.306297705723689]
2019-04-05 20:34:50 INFO     Batch: [13/120] Epoch: [0] Loss: [2.3063816683632985]
2019-04-05 20:34:50 INFO     Batch: [14/120] Epoch: [0] Loss: [2.3059859752655028]
2019-04-05 20:34:50 INFO     Batch: [15/120] Epoch: [0] Loss: [2.305415064096451]
2019-04-05 20:34:50 INFO     Batch: [16/120] Epoch: [0] Loss: [2.3049242776982926]
2019-04-05 20:34:50 INFO     Batch: [17/120] Epoch: [0] Loss: [2.3047287861506143]
2019-04-05 20:34:50 INFO     Batch: [18/120] Epoch: [0] Loss: [2.3047705700522974]
2019-04-05 20:34:50 INFO     Batch: [19/120] Epoch: [0] Loss: [2.304127204418182]
2019-04-05 20:34:50 INFO     Batch: [20/120] Epoch: [0] Loss: [2.303653535388765]
2019-04-05 20:34:50 INFO     Batch: [21/120] Epoch: [0] Loss: [2.3032054034146396]
2019-04-05 20:34:50 INFO     Batch: [22/120] Epoch: [0] Loss: [2.3027633584063985]
2019-04-05 20:34:51 INFO     Batch: [23/120] Epoch: [0] Loss: [2.3024233877658844]
2019-04-05 20:34:51 INFO     Batch: [24/120] Epoch: [0] Loss: [2.302027463912964]
2019-04-05 20:34:51 INFO     Batch: [25/120] Epoch: [0] Loss: [2.301735391983619]
2019-04-05 20:34:51 INFO     Batch: [26/120] Epoch: [0] Loss: [2.3014700059537536]
2019-04-05 20:34:51 INFO     Batch: [27/120] Epoch: [0] Loss: [2.301161450999124]
2019-04-05 20:34:51 INFO     Batch: [28/120] Epoch: [0] Loss: [2.3006555294168405]
2019-04-05 20:34:51 INFO     Batch: [29/120] Epoch: [0] Loss: [2.3002532561620077]
2019-04-05 20:34:51 INFO     Batch: [30/120] Epoch: [0] Loss: [2.299946062026485]
2019-04-05 20:34:51 INFO     Batch: [31/120] Epoch: [0] Loss: [2.299700692296028]
2019-04-05 20:34:51 INFO     Batch: [32/120] Epoch: [0] Loss: [2.2994320103616426]
2019-04-05 20:34:51 INFO     Batch: [33/120] Epoch: [0] Loss: [2.2993057194878075]
2019-04-05 20:34:51 INFO     Batch: [34/120] Epoch: [0] Loss: [2.2989847796303886]
2019-04-05 20:34:51 INFO     Batch: [35/120] Epoch: [0] Loss: [2.2984677486949496]
2019-04-05 20:34:51 INFO     Batch: [36/120] Epoch: [0] Loss: [2.298231182871638]
2019-04-05 20:34:52 INFO     Batch: [37/120] Epoch: [0] Loss: [2.297982228429694]
2019-04-05 20:34:52 INFO     Batch: [38/120] Epoch: [0] Loss: [2.2976054472801013]
2019-04-05 20:34:52 INFO     Batch: [39/120] Epoch: [0] Loss: [2.2973799407482147]
2019-04-05 20:34:52 INFO     Batch: [40/120] Epoch: [0] Loss: [2.297300274779157]
2019-04-05 20:34:52 INFO     Batch: [41/120] Epoch: [0] Loss: [2.297171950340271]
2019-04-05 20:34:52 INFO     Batch: [42/120] Epoch: [0] Loss: [2.2971026509307153]
2019-04-05 20:34:52 INFO     Batch: [43/120] Epoch: [0] Loss: [2.296513405713168]
2019-04-05 20:34:52 INFO     Batch: [44/120] Epoch: [0] Loss: [2.295985470877753]
2019-04-05 20:34:52 INFO     Batch: [45/120] Epoch: [0] Loss: [2.2955985535746035]
2019-04-05 20:34:52 INFO     Batch: [46/120] Epoch: [0] Loss: [2.2953366776730153]
2019-04-05 20:34:52 INFO     Batch: [47/120] Epoch: [0] Loss: [2.295042499899864]
2019-04-05 20:34:52 INFO     Batch: [48/120] Epoch: [0] Loss: [2.2946382298761483]
2019-04-05 20:34:52 INFO     Batch: [49/120] Epoch: [0] Loss: [2.2943018531799315]
2019-04-05 20:34:53 INFO     Batch: [50/120] Epoch: [0] Loss: [2.2939705755196367]
2019-04-05 20:34:53 INFO     Batch: [51/120] Epoch: [0] Loss: [2.293557107448578]
2019-04-05 20:34:53 INFO     Batch: [52/120] Epoch: [0] Loss: [2.2932380235420085]
2019-04-05 20:34:53 INFO     Batch: [53/120] Epoch: [0] Loss: [2.2927451619395502]
2019-04-05 20:34:53 INFO     Batch: [54/120] Epoch: [0] Loss: [2.292479727484963]
2019-04-05 20:34:53 INFO     Batch: [55/120] Epoch: [0] Loss: [2.2921121205602373]
2019-04-05 20:34:53 INFO     Batch: [56/120] Epoch: [0] Loss: [2.2919389992429497]
2019-04-05 20:34:53 INFO     Batch: [57/120] Epoch: [0] Loss: [2.2914596220542647]
2019-04-05 20:34:53 INFO     Batch: [58/120] Epoch: [0] Loss: [2.291098158238298]
2019-04-05 20:34:53 INFO     Batch: [59/120] Epoch: [0] Loss: [2.290683130423228]
2019-04-05 20:34:53 INFO     Batch: [60/120] Epoch: [0] Loss: [2.2904020371984264]
2019-04-05 20:34:53 INFO     Batch: [61/120] Epoch: [0] Loss: [2.2901284310125534]
2019-04-05 20:34:53 INFO     Batch: [62/120] Epoch: [0] Loss: [2.289886652477204]
2019-04-05 20:34:54 INFO     Batch: [63/120] Epoch: [0] Loss: [2.289583805948496]
2019-04-05 20:34:54 INFO     Batch: [64/120] Epoch: [0] Loss: [2.2892842329465424]
2019-04-05 20:34:54 INFO     Batch: [65/120] Epoch: [0] Loss: [2.2890994223681362]
2019-04-05 20:34:54 INFO     Batch: [66/120] Epoch: [0] Loss: [2.2887383183436607]
2019-04-05 20:34:54 INFO     Batch: [67/120] Epoch: [0] Loss: [2.288320516838747]
2019-04-05 20:34:54 INFO     Batch: [68/120] Epoch: [0] Loss: [2.288066369899805]
2019-04-05 20:34:54 INFO     Batch: [69/120] Epoch: [0] Loss: [2.2877599000930786]
2019-04-05 20:34:54 INFO     Batch: [70/120] Epoch: [0] Loss: [2.28749877298382]
2019-04-05 20:34:54 INFO     Batch: [71/120] Epoch: [0] Loss: [2.2871321936448417]
2019-04-05 20:34:54 INFO     Batch: [72/120] Epoch: [0] Loss: [2.2868017007226813]
2019-04-05 20:34:54 INFO     Batch: [73/120] Epoch: [0] Loss: [2.2864816704311886]
2019-04-05 20:34:54 INFO     Batch: [74/120] Epoch: [0] Loss: [2.2862579727172854]
2019-04-05 20:34:54 INFO     Batch: [75/120] Epoch: [0] Loss: [2.285966982966975]
2019-04-05 20:34:55 INFO     Batch: [76/120] Epoch: [0] Loss: [2.2857001230314182]
2019-04-05 20:34:55 INFO     Batch: [77/120] Epoch: [0] Loss: [2.2852938297467356]
2019-04-05 20:34:55 INFO     Batch: [78/120] Epoch: [0] Loss: [2.2849664356135113]
2019-04-05 20:34:55 INFO     Batch: [79/120] Epoch: [0] Loss: [2.2845109701156616]
2019-04-05 20:34:55 INFO     Batch: [80/120] Epoch: [0] Loss: [2.284117098207827]
2019-04-05 20:34:55 INFO     Batch: [81/120] Epoch: [0] Loss: [2.2838660362290173]
2019-04-05 20:34:55 INFO     Batch: [82/120] Epoch: [0] Loss: [2.283506031495979]
2019-04-05 20:34:55 INFO     Batch: [83/120] Epoch: [0] Loss: [2.2831892655009316]
2019-04-05 20:34:55 INFO     Batch: [84/120] Epoch: [0] Loss: [2.282898148368387]
2019-04-05 20:34:55 INFO     Batch: [85/120] Epoch: [0] Loss: [2.282465615937876]
2019-04-05 20:34:55 INFO     Batch: [86/120] Epoch: [0] Loss: [2.2822003775629502]
2019-04-05 20:34:55 INFO     Batch: [87/120] Epoch: [0] Loss: [2.281945217739452]
2019-04-05 20:34:55 INFO     Batch: [88/120] Epoch: [0] Loss: [2.281607692161303]
2019-04-05 20:34:56 INFO     Batch: [89/120] Epoch: [0] Loss: [2.2812681992848716]
2019-04-05 20:34:56 INFO     Batch: [90/120] Epoch: [0] Loss: [2.2809495454306132]
2019-04-05 20:34:56 INFO     Batch: [91/120] Epoch: [0] Loss: [2.280721446742182]
2019-04-05 20:34:56 INFO     Batch: [92/120] Epoch: [0] Loss: [2.2804488366649998]
2019-04-05 20:34:56 INFO     Batch: [93/120] Epoch: [0] Loss: [2.280156860960291]
2019-04-05 20:34:56 INFO     Batch: [94/120] Epoch: [0] Loss: [2.2799306969893607]
2019-04-05 20:34:56 INFO     Batch: [95/120] Epoch: [0] Loss: [2.2797176465392113]
2019-04-05 20:34:56 INFO     Batch: [96/120] Epoch: [0] Loss: [2.279389145448036]
2019-04-05 20:34:56 INFO     Batch: [97/120] Epoch: [0] Loss: [2.2792467341131095]
2019-04-05 20:34:56 INFO     Batch: [98/120] Epoch: [0] Loss: [2.278858365434589]
2019-04-05 20:34:56 INFO     Batch: [99/120] Epoch: [0] Loss: [2.2785552620887755]
2019-04-05 20:34:56 INFO     Batch: [100/120] Epoch: [0] Loss: [2.2783188749067853]
2019-04-05 20:34:56 INFO     Batch: [101/120] Epoch: [0] Loss: [2.2779913696588254]
2019-04-05 20:34:56 INFO     Batch: [102/120] Epoch: [0] Loss: [2.277738228584956]
2019-04-05 20:34:57 INFO     Batch: [103/120] Epoch: [0] Loss: [2.277430630647219]
2019-04-05 20:34:57 INFO     Batch: [104/120] Epoch: [0] Loss: [2.27715752919515]
2019-04-05 20:34:57 INFO     Batch: [105/120] Epoch: [0] Loss: [2.276874153119213]
2019-04-05 20:34:57 INFO     Batch: [106/120] Epoch: [0] Loss: [2.276397709534547]
2019-04-05 20:34:57 INFO     Batch: [107/120] Epoch: [0] Loss: [2.2761671057453863]
2019-04-05 20:34:57 INFO     Batch: [108/120] Epoch: [0] Loss: [2.275797988296649]
2019-04-05 20:34:57 INFO     Batch: [109/120] Epoch: [0] Loss: [2.27550610628995]
2019-04-05 20:34:57 INFO     Batch: [110/120] Epoch: [0] Loss: [2.2751386616681075]
2019-04-05 20:34:57 INFO     Batch: [111/120] Epoch: [0] Loss: [2.2748345839125768]
2019-04-05 20:34:57 INFO     Batch: [112/120] Epoch: [0] Loss: [2.2744369338044024]
2019-04-05 20:34:57 INFO     Batch: [113/120] Epoch: [0] Loss: [2.2741038924769352]
2019-04-05 20:34:57 INFO     Batch: [114/120] Epoch: [0] Loss: [2.273735979328985]
2019-04-05 20:34:57 INFO     Batch: [115/120] Epoch: [0] Loss: [2.273409981152107]
2019-04-05 20:34:58 INFO     Batch: [116/120] Epoch: [0] Loss: [2.2730283696427303]
2019-04-05 20:34:58 INFO     Batch: [117/120] Epoch: [0] Loss: [2.2727390123625932]
2019-04-05 20:34:58 INFO     Batch: [118/120] Epoch: [0] Loss: [2.2724598936673974]
2019-04-05 20:34:58 INFO     Batch: [119/120] Epoch: [0] Loss: [2.2720777710278828]
2019-04-05 20:34:59 INFO     Epoch: [0/2000] Loss: [2.2720777710278828] Accuracy: [0.2072727272727273]
2019-04-05 20:34:59 INFO     Batch: [0/120] Epoch: [1] Loss: [2.2296297550201416]
2019-04-05 20:35:00 INFO     Accuracy: [0.20581818181818184]

2019-04-05 20:35:00 INFO     Batch: [1/120] Epoch: [1] Loss: [2.238302707672119]
2019-04-05 20:35:00 INFO     Batch: [2/120] Epoch: [1] Loss: [2.2349348068237305]
2019-04-05 20:35:00 INFO     Batch: [3/120] Epoch: [1] Loss: [2.233973801136017]
2019-04-05 20:35:00 INFO     Batch: [4/120] Epoch: [1] Loss: [2.2343654155731203]
2019-04-05 20:35:00 INFO     Batch: [5/120] Epoch: [1] Loss: [2.233926773071289]
2019-04-05 20:35:00 INFO     Batch: [6/120] Epoch: [1] Loss: [2.2330743925912038]
2019-04-05 20:35:00 INFO     Batch: [7/120] Epoch: [1] Loss: [2.232396215200424]
2019-04-05 20:35:00 INFO     Batch: [8/120] Epoch: [1] Loss: [2.2323759396870932]
2019-04-05 20:35:00 INFO     Batch: [9/120] Epoch: [1] Loss: [2.2310256004333495]
2019-04-05 20:35:00 INFO     Batch: [10/120] Epoch: [1] Loss: [2.229863318529996]
2019-04-05 20:35:01 INFO     Batch: [11/120] Epoch: [1] Loss: [2.229261338710785]
2019-04-05 20:35:01 INFO     Batch: [12/120] Epoch: [1] Loss: [2.2288628358107347]
2019-04-05 20:35:01 INFO     Batch: [13/120] Epoch: [1] Loss: [2.229094011443002]
2019-04-05 20:35:01 INFO     Batch: [14/120] Epoch: [1] Loss: [2.2287465890248614]
2019-04-05 20:35:01 INFO     Batch: [15/120] Epoch: [1] Loss: [2.228217676281929]
2019-04-05 20:35:01 INFO     Batch: [16/120] Epoch: [1] Loss: [2.2283651688519646]
2019-04-05 20:35:01 INFO     Batch: [17/120] Epoch: [1] Loss: [2.2278643714057074]
2019-04-05 20:35:01 INFO     Batch: [18/120] Epoch: [1] Loss: [2.227023112146478]
2019-04-05 20:35:01 INFO     Batch: [19/120] Epoch: [1] Loss: [2.2265037298202515]
2019-04-05 20:35:01 INFO     Batch: [20/120] Epoch: [1] Loss: [2.2263627847035727]
2019-04-05 20:35:01 INFO     Batch: [21/120] Epoch: [1] Loss: [2.2263675277883355]
2019-04-05 20:35:01 INFO     Batch: [22/120] Epoch: [1] Loss: [2.2257219501163648]
2019-04-05 20:35:01 INFO     Batch: [23/120] Epoch: [1] Loss: [2.2253897289435067]
2019-04-05 20:35:02 INFO     Batch: [24/120] Epoch: [1] Loss: [2.2253827381134035]
2019-04-05 20:35:02 INFO     Batch: [25/120] Epoch: [1] Loss: [2.2254336063678446]
2019-04-05 20:35:02 INFO     Batch: [26/120] Epoch: [1] Loss: [2.2250351111094155]
2019-04-05 20:35:02 INFO     Batch: [27/120] Epoch: [1] Loss: [2.2249731762068614]
2019-04-05 20:35:02 INFO     Batch: [28/120] Epoch: [1] Loss: [2.224546374945805]
2019-04-05 20:35:02 INFO     Batch: [29/120] Epoch: [1] Loss: [2.2237589597702025]
2019-04-05 20:35:02 INFO     Batch: [30/120] Epoch: [1] Loss: [2.222902790192635]
2019-04-05 20:35:02 INFO     Batch: [31/120] Epoch: [1] Loss: [2.222120650112629]
2019-04-05 20:35:02 INFO     Batch: [32/120] Epoch: [1] Loss: [2.2218757687192974]
2019-04-05 20:35:02 INFO     Batch: [33/120] Epoch: [1] Loss: [2.221523270887487]
2019-04-05 20:35:02 INFO     Batch: [34/120] Epoch: [1] Loss: [2.2210033212389266]
2019-04-05 20:35:02 INFO     Batch: [35/120] Epoch: [1] Loss: [2.220647911230723]
2019-04-05 20:35:02 INFO     Batch: [36/120] Epoch: [1] Loss: [2.2201132903227934]
2019-04-05 20:35:03 INFO     Batch: [37/120] Epoch: [1] Loss: [2.219916067625347]
2019-04-05 20:35:03 INFO     Batch: [38/120] Epoch: [1] Loss: [2.2196756998697915]
2019-04-05 20:35:03 INFO     Batch: [39/120] Epoch: [1] Loss: [2.2194574594497682]
2019-04-05 20:35:03 INFO     Batch: [40/120] Epoch: [1] Loss: [2.219180531618072]
2019-04-05 20:35:03 INFO     Batch: [41/120] Epoch: [1] Loss: [2.218864299002148]
2019-04-05 20:35:03 INFO     Batch: [42/120] Epoch: [1] Loss: [2.2185100455616795]
2019-04-05 20:35:03 INFO     Batch: [43/120] Epoch: [1] Loss: [2.218199215152047]
2019-04-05 20:35:03 INFO     Batch: [44/120] Epoch: [1] Loss: [2.218018648359511]
2019-04-05 20:35:03 INFO     Batch: [45/120] Epoch: [1] Loss: [2.217880668847457]
2019-04-05 20:35:03 INFO     Batch: [46/120] Epoch: [1] Loss: [2.2172615984652904]
2019-04-05 20:35:03 INFO     Batch: [47/120] Epoch: [1] Loss: [2.216836536924044]
2019-04-05 20:35:03 INFO     Batch: [48/120] Epoch: [1] Loss: [2.2166950605353533]
2019-04-05 20:35:03 INFO     Batch: [49/120] Epoch: [1] Loss: [2.2163796472549437]
2019-04-05 20:35:03 INFO     Batch: [50/120] Epoch: [1] Loss: [2.21616436920914]
2019-04-05 20:35:04 INFO     Batch: [51/120] Epoch: [1] Loss: [2.216027998007261]
2019-04-05 20:35:04 INFO     Batch: [52/120] Epoch: [1] Loss: [2.2158279778822414]
2019-04-05 20:35:04 INFO     Batch: [53/120] Epoch: [1] Loss: [2.2154275399667247]
2019-04-05 20:35:04 INFO     Batch: [54/120] Epoch: [1] Loss: [2.214808290654963]
2019-04-05 20:35:04 INFO     Batch: [55/120] Epoch: [1] Loss: [2.2147376196725026]
2019-04-05 20:35:04 INFO     Batch: [56/120] Epoch: [1] Loss: [2.213982243286936]
2019-04-05 20:35:04 INFO     Batch: [57/120] Epoch: [1] Loss: [2.213443160057068]
2019-04-05 20:35:04 INFO     Batch: [58/120] Epoch: [1] Loss: [2.212887238647978]
2019-04-05 20:35:04 INFO     Batch: [59/120] Epoch: [1] Loss: [2.212667000293732]
2019-04-05 20:35:04 INFO     Batch: [60/120] Epoch: [1] Loss: [2.2124530487373226]
2019-04-05 20:35:04 INFO     Batch: [61/120] Epoch: [1] Loss: [2.21217817260373]
2019-04-05 20:35:04 INFO     Batch: [62/120] Epoch: [1] Loss: [2.2119694134545704]
2019-04-05 20:35:04 INFO     Batch: [63/120] Epoch: [1] Loss: [2.2119740583002567]
2019-04-05 20:35:05 INFO     Batch: [64/120] Epoch: [1] Loss: [2.211802445925199]
2019-04-05 20:35:05 INFO     Batch: [65/120] Epoch: [1] Loss: [2.2114268143971763]
2019-04-05 20:35:05 INFO     Batch: [66/120] Epoch: [1] Loss: [2.2110849636704173]
2019-04-05 20:35:05 INFO     Batch: [67/120] Epoch: [1] Loss: [2.2105765167404625]
2019-04-05 20:35:05 INFO     Batch: [68/120] Epoch: [1] Loss: [2.2102845786274345]
2019-04-05 20:35:05 INFO     Batch: [69/120] Epoch: [1] Loss: [2.209599563053676]
2019-04-05 20:35:05 INFO     Batch: [70/120] Epoch: [1] Loss: [2.209156466201997]
2019-04-05 20:35:05 INFO     Batch: [71/120] Epoch: [1] Loss: [2.208692239390479]
2019-04-05 20:35:05 INFO     Batch: [72/120] Epoch: [1] Loss: [2.2081997035300893]
2019-04-05 20:35:05 INFO     Batch: [73/120] Epoch: [1] Loss: [2.2076574209574105]
2019-04-05 20:35:05 INFO     Batch: [74/120] Epoch: [1] Loss: [2.207433058420817]
2019-04-05 20:35:05 INFO     Batch: [75/120] Epoch: [1] Loss: [2.2069369397665324]
2019-04-05 20:35:05 INFO     Batch: [76/120] Epoch: [1] Loss: [2.206574585530665]
2019-04-05 20:35:06 INFO     Batch: [77/120] Epoch: [1] Loss: [2.206383955784333]
2019-04-05 20:35:06 INFO     Batch: [78/120] Epoch: [1] Loss: [2.206033779096]
2019-04-05 20:35:06 INFO     Batch: [79/120] Epoch: [1] Loss: [2.205575627088547]
2019-04-05 20:35:06 INFO     Batch: [80/120] Epoch: [1] Loss: [2.205304902276875]
2019-04-05 20:35:06 INFO     Batch: [81/120] Epoch: [1] Loss: [2.205191120868776]
2019-04-05 20:35:06 INFO     Batch: [82/120] Epoch: [1] Loss: [2.2048680523791946]
2019-04-05 20:35:06 INFO     Batch: [83/120] Epoch: [1] Loss: [2.2044412238257274]
2019-04-05 20:35:06 INFO     Batch: [84/120] Epoch: [1] Loss: [2.204213260201847]
2019-04-05 20:35:06 INFO     Batch: [85/120] Epoch: [1] Loss: [2.2038658164268314]
2019-04-05 20:35:06 INFO     Batch: [86/120] Epoch: [1] Loss: [2.2034614552026506]
2019-04-05 20:35:06 INFO     Batch: [87/120] Epoch: [1] Loss: [2.2033386176282708]
2019-04-05 20:35:06 INFO     Batch: [88/120] Epoch: [1] Loss: [2.2029379646429854]
2019-04-05 20:35:06 INFO     Batch: [89/120] Epoch: [1] Loss: [2.202355482843187]
2019-04-05 20:35:07 INFO     Batch: [90/120] Epoch: [1] Loss: [2.2020414006579054]
2019-04-05 20:35:07 INFO     Batch: [91/120] Epoch: [1] Loss: [2.2016291488771853]
2019-04-05 20:35:07 INFO     Batch: [92/120] Epoch: [1] Loss: [2.2013800938924155]
2019-04-05 20:35:07 INFO     Batch: [93/120] Epoch: [1] Loss: [2.2010990381240845]
2019-04-05 20:35:07 INFO     Batch: [94/120] Epoch: [1] Loss: [2.2009715431614927]
2019-04-05 20:35:07 INFO     Batch: [95/120] Epoch: [1] Loss: [2.2004980941613517]
2019-04-05 20:35:07 INFO     Batch: [96/120] Epoch: [1] Loss: [2.199944442080468]
2019-04-05 20:35:07 INFO     Batch: [97/120] Epoch: [1] Loss: [2.1996177556563397]
2019-04-05 20:35:07 INFO     Batch: [98/120] Epoch: [1] Loss: [2.1992307479935462]
2019-04-05 20:35:07 INFO     Batch: [99/120] Epoch: [1] Loss: [2.1985527157783507]
2019-04-05 20:35:07 INFO     Batch: [100/120] Epoch: [1] Loss: [2.1984284112949184]
2019-04-05 20:35:07 INFO     Batch: [101/120] Epoch: [1] Loss: [2.1979184851926914]
2019-04-05 20:35:07 INFO     Batch: [102/120] Epoch: [1] Loss: [2.1973601730124463]
2019-04-05 20:35:07 INFO     Batch: [103/120] Epoch: [1] Loss: [2.1970928403047414]
2019-04-05 20:35:08 INFO     Batch: [104/120] Epoch: [1] Loss: [2.1969281014941986]
2019-04-05 20:35:08 INFO     Batch: [105/120] Epoch: [1] Loss: [2.196551520869417]
2019-04-05 20:35:08 INFO     Batch: [106/120] Epoch: [1] Loss: [2.195988975952719]
2019-04-05 20:35:08 INFO     Batch: [107/120] Epoch: [1] Loss: [2.195686000364798]
2019-04-05 20:35:08 INFO     Batch: [108/120] Epoch: [1] Loss: [2.195186359073044]
2019-04-05 20:35:08 INFO     Batch: [109/120] Epoch: [1] Loss: [2.1949589534239338]
2019-04-05 20:35:08 INFO     Batch: [110/120] Epoch: [1] Loss: [2.194540242891054]
2019-04-05 20:35:08 INFO     Batch: [111/120] Epoch: [1] Loss: [2.19416914667402]
2019-04-05 20:35:08 INFO     Batch: [112/120] Epoch: [1] Loss: [2.193981383754089]
2019-04-05 20:35:08 INFO     Batch: [113/120] Epoch: [1] Loss: [2.1936690242666947]
2019-04-05 20:35:08 INFO     Batch: [114/120] Epoch: [1] Loss: [2.1933356388755465]
2019-04-05 20:35:08 INFO     Batch: [115/120] Epoch: [1] Loss: [2.192977917605433]
2019-04-05 20:35:08 INFO     Batch: [116/120] Epoch: [1] Loss: [2.192558386386969]
2019-04-05 20:35:09 INFO     Batch: [117/120] Epoch: [1] Loss: [2.1921812295913696]
2019-04-05 20:35:09 INFO     Batch: [118/120] Epoch: [1] Loss: [2.1920113503432073]
2019-04-05 20:35:09 INFO     Batch: [119/120] Epoch: [1] Loss: [2.191675821940104]
2019-04-05 20:35:10 INFO     Epoch: [1/2000] Loss: [2.191675821940104] Accuracy: [0.22654545454545455]
2019-04-05 20:35:10 INFO     Batch: [0/120] Epoch: [2] Loss: [2.1439409255981445]
2019-04-05 20:35:11 INFO     Accuracy: [0.22963636363636367]

2019-04-05 20:35:11 INFO     Batch: [1/120] Epoch: [2] Loss: [2.15473735332489]
2019-04-05 20:35:11 INFO     Batch: [2/120] Epoch: [2] Loss: [2.155684312184652]
2019-04-05 20:35:11 INFO     Batch: [3/120] Epoch: [2] Loss: [2.149480164051056]
2019-04-05 20:35:11 INFO     Batch: [4/120] Epoch: [2] Loss: [2.1495091915130615]
2019-04-05 20:35:11 INFO     Batch: [5/120] Epoch: [2] Loss: [2.1474766731262207]
2019-04-05 20:35:11 INFO     Batch: [6/120] Epoch: [2] Loss: [2.1457251140049527]
2019-04-05 20:35:11 INFO     Batch: [7/120] Epoch: [2] Loss: [2.1468819677829742]
2019-04-05 20:35:11 INFO     Batch: [8/120] Epoch: [2] Loss: [2.1461216608683267]
2019-04-05 20:35:11 INFO     Batch: [9/120] Epoch: [2] Loss: [2.1455032587051392]
2019-04-05 20:35:11 INFO     Batch: [10/120] Epoch: [2] Loss: [2.1424796364524146]
2019-04-05 20:35:11 INFO     Batch: [11/120] Epoch: [2] Loss: [2.143246134122213]
2019-04-05 20:35:12 INFO     Batch: [12/120] Epoch: [2] Loss: [2.142598188840426]
2019-04-05 20:35:12 INFO     Batch: [13/120] Epoch: [2] Loss: [2.143167325428554]
2019-04-05 20:35:12 INFO     Batch: [14/120] Epoch: [2] Loss: [2.143002494176229]
2019-04-05 20:35:12 INFO     Batch: [15/120] Epoch: [2] Loss: [2.1422512978315353]
2019-04-05 20:35:12 INFO     Batch: [16/120] Epoch: [2] Loss: [2.1417851588305306]
2019-04-05 20:35:12 INFO     Batch: [17/120] Epoch: [2] Loss: [2.1416833665635853]
2019-04-05 20:35:12 INFO     Batch: [18/120] Epoch: [2] Loss: [2.1416015625]
2019-04-05 20:35:12 INFO     Batch: [19/120] Epoch: [2] Loss: [2.140501856803894]
2019-04-05 20:35:12 INFO     Batch: [20/120] Epoch: [2] Loss: [2.14069288117545]
2019-04-05 20:35:12 INFO     Batch: [21/120] Epoch: [2] Loss: [2.1384339440952647]
2019-04-05 20:35:12 INFO     Batch: [22/120] Epoch: [2] Loss: [2.1377714820530103]
2019-04-05 20:35:12 INFO     Batch: [23/120] Epoch: [2] Loss: [2.1380529403686523]
2019-04-05 20:35:12 INFO     Batch: [24/120] Epoch: [2] Loss: [2.1378197956085203]
2019-04-05 20:35:13 INFO     Batch: [25/120] Epoch: [2] Loss: [2.1383556310947123]
2019-04-05 20:35:13 INFO     Batch: [26/120] Epoch: [2] Loss: [2.1379246181911893]
2019-04-05 20:35:13 INFO     Batch: [27/120] Epoch: [2] Loss: [2.137697058064597]
2019-04-05 20:35:13 INFO     Batch: [28/120] Epoch: [2] Loss: [2.137918447626048]
2019-04-05 20:35:13 INFO     Batch: [29/120] Epoch: [2] Loss: [2.136520600318909]
2019-04-05 20:35:13 INFO     Batch: [30/120] Epoch: [2] Loss: [2.136032450583673]
2019-04-05 20:35:13 INFO     Batch: [31/120] Epoch: [2] Loss: [2.1354942619800568]
2019-04-05 20:35:13 INFO     Batch: [32/120] Epoch: [2] Loss: [2.1353230982115776]
2019-04-05 20:35:13 INFO     Batch: [33/120] Epoch: [2] Loss: [2.135080702164594]
2019-04-05 20:35:13 INFO     Batch: [34/120] Epoch: [2] Loss: [2.1341130461011613]
2019-04-05 20:35:13 INFO     Batch: [35/120] Epoch: [2] Loss: [2.1339961025449963]
2019-04-05 20:35:13 INFO     Batch: [36/120] Epoch: [2] Loss: [2.133518818262461]
2019-04-05 20:35:13 INFO     Batch: [37/120] Epoch: [2] Loss: [2.1332832888553015]
2019-04-05 20:35:13 INFO     Batch: [38/120] Epoch: [2] Loss: [2.1331047278184156]
2019-04-05 20:35:14 INFO     Batch: [39/120] Epoch: [2] Loss: [2.1320380210876464]
2019-04-05 20:35:14 INFO     Batch: [40/120] Epoch: [2] Loss: [2.132039448110069]
2019-04-05 20:35:14 INFO     Batch: [41/120] Epoch: [2] Loss: [2.1324433939797536]
2019-04-05 20:35:14 INFO     Batch: [42/120] Epoch: [2] Loss: [2.13193183721498]
2019-04-05 20:35:14 INFO     Batch: [43/120] Epoch: [2] Loss: [2.131844986568798]
2019-04-05 20:35:14 INFO     Batch: [44/120] Epoch: [2] Loss: [2.1316689968109133]
2019-04-05 20:35:14 INFO     Batch: [45/120] Epoch: [2] Loss: [2.1311613476794697]
2019-04-05 20:35:14 INFO     Batch: [46/120] Epoch: [2] Loss: [2.130700131680103]
2019-04-05 20:35:14 INFO     Batch: [47/120] Epoch: [2] Loss: [2.1304944157600403]
2019-04-05 20:35:14 INFO     Batch: [48/120] Epoch: [2] Loss: [2.1305375683064365]
2019-04-05 20:35:14 INFO     Batch: [49/120] Epoch: [2] Loss: [2.130016736984253]
2019-04-05 20:35:14 INFO     Batch: [50/120] Epoch: [2] Loss: [2.129864384146298]
2019-04-05 20:35:14 INFO     Batch: [51/120] Epoch: [2] Loss: [2.129262924194336]
2019-04-05 20:35:15 INFO     Batch: [52/120] Epoch: [2] Loss: [2.129084969466587]
2019-04-05 20:35:15 INFO     Batch: [53/120] Epoch: [2] Loss: [2.1289616381680525]
2019-04-05 20:35:15 INFO     Batch: [54/120] Epoch: [2] Loss: [2.1281036723743787]
2019-04-05 20:35:15 INFO     Batch: [55/120] Epoch: [2] Loss: [2.127545859132494]
2019-04-05 20:35:15 INFO     Batch: [56/120] Epoch: [2] Loss: [2.126740706594367]
2019-04-05 20:35:15 INFO     Batch: [57/120] Epoch: [2] Loss: [2.126402497291565]
2019-04-05 20:35:15 INFO     Batch: [58/120] Epoch: [2] Loss: [2.1255336373539295]
2019-04-05 20:35:15 INFO     Batch: [59/120] Epoch: [2] Loss: [2.1249241709709166]
2019-04-05 20:35:15 INFO     Batch: [60/120] Epoch: [2] Loss: [2.1249685561070675]
2019-04-05 20:35:15 INFO     Batch: [61/120] Epoch: [2] Loss: [2.124805023593287]
2019-04-05 20:35:15 INFO     Batch: [62/120] Epoch: [2] Loss: [2.12443194692097]
2019-04-05 20:35:15 INFO     Batch: [63/120] Epoch: [2] Loss: [2.12396340072155]
2019-04-05 20:35:15 INFO     Batch: [64/120] Epoch: [2] Loss: [2.123427101281973]
2019-04-05 20:35:16 INFO     Batch: [65/120] Epoch: [2] Loss: [2.123564434773994]
2019-04-05 20:35:16 INFO     Batch: [66/120] Epoch: [2] Loss: [2.123201694061507]
2019-04-05 20:35:16 INFO     Batch: [67/120] Epoch: [2] Loss: [2.122823417186737]
2019-04-05 20:35:16 INFO     Batch: [68/120] Epoch: [2] Loss: [2.122610078341719]
2019-04-05 20:35:16 INFO     Batch: [69/120] Epoch: [2] Loss: [2.121671448435102]
2019-04-05 20:35:16 INFO     Batch: [70/120] Epoch: [2] Loss: [2.1214515121889788]
2019-04-05 20:35:16 INFO     Batch: [71/120] Epoch: [2] Loss: [2.1215224630302854]
2019-04-05 20:35:16 INFO     Batch: [72/120] Epoch: [2] Loss: [2.1210949682209588]
2019-04-05 20:35:16 INFO     Batch: [73/120] Epoch: [2] Loss: [2.1209549774994723]
2019-04-05 20:35:16 INFO     Batch: [74/120] Epoch: [2] Loss: [2.1204198614756264]
2019-04-05 20:35:16 INFO     Batch: [75/120] Epoch: [2] Loss: [2.120061071295487]
2019-04-05 20:35:16 INFO     Batch: [76/120] Epoch: [2] Loss: [2.1200391719867655]
2019-04-05 20:35:16 INFO     Batch: [77/120] Epoch: [2] Loss: [2.1194044168178854]
2019-04-05 20:35:17 INFO     Batch: [78/120] Epoch: [2] Loss: [2.1194250462930415]
2019-04-05 20:35:17 INFO     Batch: [79/120] Epoch: [2] Loss: [2.119318550825119]
2019-04-05 20:35:17 INFO     Batch: [80/120] Epoch: [2] Loss: [2.1191363010877446]
2019-04-05 20:35:17 INFO     Batch: [81/120] Epoch: [2] Loss: [2.1189272723546844]
2019-04-05 20:35:17 INFO     Batch: [82/120] Epoch: [2] Loss: [2.1187901267086167]
2019-04-05 20:35:17 INFO     Batch: [83/120] Epoch: [2] Loss: [2.1183212058884755]
2019-04-05 20:35:17 INFO     Batch: [84/120] Epoch: [2] Loss: [2.117966427522547]
2019-04-05 20:35:17 INFO     Batch: [85/120] Epoch: [2] Loss: [2.1178684373234593]
2019-04-05 20:35:17 INFO     Batch: [86/120] Epoch: [2] Loss: [2.1171786209632613]
2019-04-05 20:35:17 INFO     Batch: [87/120] Epoch: [2] Loss: [2.116832809014754]
2019-04-05 20:35:17 INFO     Batch: [88/120] Epoch: [2] Loss: [2.1166171813279053]
2019-04-05 20:35:17 INFO     Batch: [89/120] Epoch: [2] Loss: [2.1162574529647826]
2019-04-05 20:35:17 INFO     Batch: [90/120] Epoch: [2] Loss: [2.1157180843772467]
2019-04-05 20:35:17 INFO     Batch: [91/120] Epoch: [2] Loss: [2.115526152693707]
2019-04-05 20:35:18 INFO     Batch: [92/120] Epoch: [2] Loss: [2.115073193785965]
2019-04-05 20:35:18 INFO     Batch: [93/120] Epoch: [2] Loss: [2.1145307053910924]
2019-04-05 20:35:18 INFO     Batch: [94/120] Epoch: [2] Loss: [2.1139718934109335]
2019-04-05 20:35:18 INFO     Batch: [95/120] Epoch: [2] Loss: [2.113378336032232]
2019-04-05 20:35:18 INFO     Batch: [96/120] Epoch: [2] Loss: [2.1128910767663385]
2019-04-05 20:35:18 INFO     Batch: [97/120] Epoch: [2] Loss: [2.1126783356374625]
2019-04-05 20:35:18 INFO     Batch: [98/120] Epoch: [2] Loss: [2.112338742824516]
2019-04-05 20:35:18 INFO     Batch: [99/120] Epoch: [2] Loss: [2.1122044038772585]
2019-04-05 20:35:18 INFO     Batch: [100/120] Epoch: [2] Loss: [2.1116730411454]
2019-04-05 20:35:18 INFO     Batch: [101/120] Epoch: [2] Loss: [2.1108685942257153]
2019-04-05 20:35:18 INFO     Batch: [102/120] Epoch: [2] Loss: [2.110485838454904]
2019-04-05 20:35:18 INFO     Batch: [103/120] Epoch: [2] Loss: [2.1101636107151327]
2019-04-05 20:35:18 INFO     Batch: [104/120] Epoch: [2] Loss: [2.1099276383717855]
2019-04-05 20:35:19 INFO     Batch: [105/120] Epoch: [2] Loss: [2.109842064245692]
2019-04-05 20:35:19 INFO     Batch: [106/120] Epoch: [2] Loss: [2.109489935580815]
2019-04-05 20:35:19 INFO     Batch: [107/120] Epoch: [2] Loss: [2.1093563194628113]
2019-04-05 20:35:19 INFO     Batch: [108/120] Epoch: [2] Loss: [2.10916960786242]
2019-04-05 20:35:19 INFO     Batch: [109/120] Epoch: [2] Loss: [2.1089183590628884]
2019-04-05 20:35:19 INFO     Batch: [110/120] Epoch: [2] Loss: [2.108799530579163]
2019-04-05 20:35:19 INFO     Batch: [111/120] Epoch: [2] Loss: [2.108462472047125]
2019-04-05 20:35:19 INFO     Batch: [112/120] Epoch: [2] Loss: [2.107923619515073]
2019-04-05 20:35:19 INFO     Batch: [113/120] Epoch: [2] Loss: [2.1076739838248804]
2019-04-05 20:35:19 INFO     Batch: [114/120] Epoch: [2] Loss: [2.1072508148525073]
2019-04-05 20:35:19 INFO     Batch: [115/120] Epoch: [2] Loss: [2.1068063522207328]
2019-04-05 20:35:19 INFO     Batch: [116/120] Epoch: [2] Loss: [2.1067282216161742]
2019-04-05 20:35:19 INFO     Batch: [117/120] Epoch: [2] Loss: [2.106355374142275]
2019-04-05 20:35:20 INFO     Batch: [118/120] Epoch: [2] Loss: [2.1061094087712906]
2019-04-05 20:35:20 INFO     Batch: [119/120] Epoch: [2] Loss: [2.105570956071218]
2019-04-05 20:35:20 INFO     Epoch: [2/2000] Loss: [2.105570956071218] Accuracy: [0.2752727272727273]
2019-04-05 20:35:21 INFO     Batch: [0/120] Epoch: [3] Loss: [2.0847458839416504]
2019-04-05 20:35:21 INFO     Accuracy: [0.28200000000000003]

2019-04-05 20:35:22 INFO     Batch: [1/120] Epoch: [3] Loss: [2.0731345415115356]
2019-04-05 20:35:22 INFO     Batch: [2/120] Epoch: [3] Loss: [2.065493106842041]
2019-04-05 20:35:22 INFO     Batch: [3/120] Epoch: [3] Loss: [2.0557749271392822]
2019-04-05 20:35:22 INFO     Batch: [4/120] Epoch: [3] Loss: [2.0559252738952636]
2019-04-05 20:35:22 INFO     Batch: [5/120] Epoch: [3] Loss: [2.055773695309957]
2019-04-05 20:35:22 INFO     Batch: [6/120] Epoch: [3] Loss: [2.055410078593663]
2019-04-05 20:35:22 INFO     Batch: [7/120] Epoch: [3] Loss: [2.055480122566223]
2019-04-05 20:35:22 INFO     Batch: [8/120] Epoch: [3] Loss: [2.0550019476148815]
2019-04-05 20:35:22 INFO     Batch: [9/120] Epoch: [3] Loss: [2.057356572151184]
2019-04-05 20:35:22 INFO     Batch: [10/120] Epoch: [3] Loss: [2.0559994957663794]
2019-04-05 20:35:22 INFO     Batch: [11/120] Epoch: [3] Loss: [2.0540183583895364]
2019-04-05 20:35:22 INFO     Batch: [12/120] Epoch: [3] Loss: [2.0548764558938832]
2019-04-05 20:35:22 INFO     Batch: [13/120] Epoch: [3] Loss: [2.0551433903830394]
2019-04-05 20:35:23 INFO     Batch: [14/120] Epoch: [3] Loss: [2.0542945861816406]
2019-04-05 20:35:23 INFO     Batch: [15/120] Epoch: [3] Loss: [2.051890254020691]
2019-04-05 20:35:23 INFO     Batch: [16/120] Epoch: [3] Loss: [2.050560039632461]
2019-04-05 20:35:23 INFO     Batch: [17/120] Epoch: [3] Loss: [2.0519195397694907]
2019-04-05 20:35:23 INFO     Batch: [18/120] Epoch: [3] Loss: [2.051584293967799]
2019-04-05 20:35:23 INFO     Batch: [19/120] Epoch: [3] Loss: [2.0511019706726072]
2019-04-05 20:35:23 INFO     Batch: [20/120] Epoch: [3] Loss: [2.0509788308824812]
2019-04-05 20:35:23 INFO     Batch: [21/120] Epoch: [3] Loss: [2.0488893552259966]
2019-04-05 20:35:23 INFO     Batch: [22/120] Epoch: [3] Loss: [2.0489171484242314]
2019-04-05 20:35:23 INFO     Batch: [23/120] Epoch: [3] Loss: [2.0466074099143348]
2019-04-05 20:35:23 INFO     Batch: [24/120] Epoch: [3] Loss: [2.0454174089431763]
2019-04-05 20:35:23 INFO     Batch: [25/120] Epoch: [3] Loss: [2.0475112062234144]
2019-04-05 20:35:23 INFO     Batch: [26/120] Epoch: [3] Loss: [2.0482354296578302]
2019-04-05 20:35:24 INFO     Batch: [27/120] Epoch: [3] Loss: [2.0471797798361098]
2019-04-05 20:35:24 INFO     Batch: [28/120] Epoch: [3] Loss: [2.046388572659986]
2019-04-05 20:35:24 INFO     Batch: [29/120] Epoch: [3] Loss: [2.046284274260203]
2019-04-05 20:35:24 INFO     Batch: [30/120] Epoch: [3] Loss: [2.045184685337928]
2019-04-05 20:35:24 INFO     Batch: [31/120] Epoch: [3] Loss: [2.045905563980341]
2019-04-05 20:35:24 INFO     Batch: [32/120] Epoch: [3] Loss: [2.0470213131471113]
2019-04-05 20:35:24 INFO     Batch: [33/120] Epoch: [3] Loss: [2.046278914984535]
2019-04-05 20:35:24 INFO     Batch: [34/120] Epoch: [3] Loss: [2.046382246698652]
2019-04-05 20:35:24 INFO     Batch: [35/120] Epoch: [3] Loss: [2.046192470524046]
2019-04-05 20:35:24 INFO     Batch: [36/120] Epoch: [3] Loss: [2.0462258796434143]
2019-04-05 20:35:24 INFO     Batch: [37/120] Epoch: [3] Loss: [2.0454859388502022]
2019-04-05 20:35:24 INFO     Batch: [38/120] Epoch: [3] Loss: [2.0454385983638272]
2019-04-05 20:35:24 INFO     Batch: [39/120] Epoch: [3] Loss: [2.0456996351480483]
2019-04-05 20:35:25 INFO     Batch: [40/120] Epoch: [3] Loss: [2.0453980579608824]
2019-04-05 20:35:25 INFO     Batch: [41/120] Epoch: [3] Loss: [2.044539851801736]
2019-04-05 20:35:25 INFO     Batch: [42/120] Epoch: [3] Loss: [2.0434721569682277]
2019-04-05 20:35:25 INFO     Batch: [43/120] Epoch: [3] Loss: [2.0430199287154456]
2019-04-05 20:35:25 INFO     Batch: [44/120] Epoch: [3] Loss: [2.0432699309455025]
2019-04-05 20:35:25 INFO     Batch: [45/120] Epoch: [3] Loss: [2.043100445166878]
2019-04-05 20:35:25 INFO     Batch: [46/120] Epoch: [3] Loss: [2.0429036008550767]
2019-04-05 20:35:25 INFO     Batch: [47/120] Epoch: [3] Loss: [2.042462875445684]
2019-04-05 20:35:25 INFO     Batch: [48/120] Epoch: [3] Loss: [2.042548583478344]
2019-04-05 20:35:25 INFO     Batch: [49/120] Epoch: [3] Loss: [2.042142615318298]
2019-04-05 20:35:25 INFO     Batch: [50/120] Epoch: [3] Loss: [2.0417411607854508]
2019-04-05 20:35:25 INFO     Batch: [51/120] Epoch: [3] Loss: [2.0418758804981527]
2019-04-05 20:35:25 INFO     Batch: [52/120] Epoch: [3] Loss: [2.041086606259616]
2019-04-05 20:35:25 INFO     Batch: [53/120] Epoch: [3] Loss: [2.041420062383016]
2019-04-05 20:35:26 INFO     Batch: [54/120] Epoch: [3] Loss: [2.0404435829682783]
2019-04-05 20:35:26 INFO     Batch: [55/120] Epoch: [3] Loss: [2.0398335605859756]
2019-04-05 20:35:26 INFO     Batch: [56/120] Epoch: [3] Loss: [2.038850046040719]
2019-04-05 20:35:26 INFO     Batch: [57/120] Epoch: [3] Loss: [2.0383919251376184]
2019-04-05 20:35:26 INFO     Batch: [58/120] Epoch: [3] Loss: [2.0382872052111867]
2019-04-05 20:35:26 INFO     Batch: [59/120] Epoch: [3] Loss: [2.0382006506125134]
2019-04-05 20:35:26 INFO     Batch: [60/120] Epoch: [3] Loss: [2.0373669589152104]
2019-04-05 20:35:26 INFO     Batch: [61/120] Epoch: [3] Loss: [2.037395098517018]
2019-04-05 20:35:26 INFO     Batch: [62/120] Epoch: [3] Loss: [2.036710360693553]
2019-04-05 20:35:26 INFO     Batch: [63/120] Epoch: [3] Loss: [2.0366576574742794]
2019-04-05 20:35:26 INFO     Batch: [64/120] Epoch: [3] Loss: [2.0360203394523033]
2019-04-05 20:35:26 INFO     Batch: [65/120] Epoch: [3] Loss: [2.0359127900817175]
2019-04-05 20:35:26 INFO     Batch: [66/120] Epoch: [3] Loss: [2.0358805745395263]
2019-04-05 20:35:27 INFO     Batch: [67/120] Epoch: [3] Loss: [2.0359607566805447]
2019-04-05 20:35:27 INFO     Batch: [68/120] Epoch: [3] Loss: [2.035530962805817]
2019-04-05 20:35:27 INFO     Batch: [69/120] Epoch: [3] Loss: [2.0357213377952577]
2019-04-05 20:35:27 INFO     Batch: [70/120] Epoch: [3] Loss: [2.035493835596971]
2019-04-05 20:35:27 INFO     Batch: [71/120] Epoch: [3] Loss: [2.0358538313044443]
2019-04-05 20:35:27 INFO     Batch: [72/120] Epoch: [3] Loss: [2.0352198718345327]
2019-04-05 20:35:27 INFO     Batch: [73/120] Epoch: [3] Loss: [2.0351991589004927]
2019-04-05 20:35:27 INFO     Batch: [74/120] Epoch: [3] Loss: [2.0346071020762126]
2019-04-05 20:35:27 INFO     Batch: [75/120] Epoch: [3] Loss: [2.034581011847446]
2019-04-05 20:35:27 INFO     Batch: [76/120] Epoch: [3] Loss: [2.0341695810293223]
2019-04-05 20:35:27 INFO     Batch: [77/120] Epoch: [3] Loss: [2.0336166192323732]
2019-04-05 20:35:27 INFO     Batch: [78/120] Epoch: [3] Loss: [2.0333534162255784]
2019-04-05 20:35:27 INFO     Batch: [79/120] Epoch: [3] Loss: [2.033509057760239]
2019-04-05 20:35:28 INFO     Batch: [80/120] Epoch: [3] Loss: [2.033998777836929]
2019-04-05 20:35:28 INFO     Batch: [81/120] Epoch: [3] Loss: [2.034334897994995]
2019-04-05 20:35:28 INFO     Batch: [82/120] Epoch: [3] Loss: [2.034675244825432]
2019-04-05 20:35:28 INFO     Batch: [83/120] Epoch: [3] Loss: [2.033321302561533]
2019-04-05 20:35:28 INFO     Batch: [84/120] Epoch: [3] Loss: [2.0332065540201523]
2019-04-05 20:35:28 INFO     Batch: [85/120] Epoch: [3] Loss: [2.032778109228888]
2019-04-05 20:35:28 INFO     Batch: [86/120] Epoch: [3] Loss: [2.032241608904696]
2019-04-05 20:35:28 INFO     Batch: [87/120] Epoch: [3] Loss: [2.031264042312449]
2019-04-05 20:35:28 INFO     Batch: [88/120] Epoch: [3] Loss: [2.0312748303574124]
2019-04-05 20:35:28 INFO     Batch: [89/120] Epoch: [3] Loss: [2.0312216069963243]
2019-04-05 20:35:28 INFO     Batch: [90/120] Epoch: [3] Loss: [2.03103891309801]
2019-04-05 20:35:28 INFO     Batch: [91/120] Epoch: [3] Loss: [2.0306977940642317]
2019-04-05 20:35:28 INFO     Batch: [92/120] Epoch: [3] Loss: [2.03087777988885]
2019-04-05 20:35:29 INFO     Batch: [93/120] Epoch: [3] Loss: [2.030496541489946]
2019-04-05 20:35:29 INFO     Batch: [94/120] Epoch: [3] Loss: [2.029938675227918]
2019-04-05 20:35:29 INFO     Batch: [95/120] Epoch: [3] Loss: [2.0296079454322657]
2019-04-05 20:35:29 INFO     Batch: [96/120] Epoch: [3] Loss: [2.029261388729528]
2019-04-05 20:35:29 INFO     Batch: [97/120] Epoch: [3] Loss: [2.0288475727548403]
2019-04-05 20:35:29 INFO     Batch: [98/120] Epoch: [3] Loss: [2.028147156792458]
2019-04-05 20:35:29 INFO     Batch: [99/120] Epoch: [3] Loss: [2.027620494365692]
2019-04-05 20:35:29 INFO     Batch: [100/120] Epoch: [3] Loss: [2.027398435196074]
2019-04-05 20:35:29 INFO     Batch: [101/120] Epoch: [3] Loss: [2.027020643739139]
2019-04-05 20:35:29 INFO     Batch: [102/120] Epoch: [3] Loss: [2.0269562920320383]
2019-04-05 20:35:29 INFO     Batch: [103/120] Epoch: [3] Loss: [2.026869379557096]
2019-04-05 20:35:29 INFO     Batch: [104/120] Epoch: [3] Loss: [2.0260744764691307]
2019-04-05 20:35:29 INFO     Batch: [105/120] Epoch: [3] Loss: [2.0257505999421173]
2019-04-05 20:35:29 INFO     Batch: [106/120] Epoch: [3] Loss: [2.0258010648121343]
2019-04-05 20:35:30 INFO     Batch: [107/120] Epoch: [3] Loss: [2.0252778132756553]
2019-04-05 20:35:30 INFO     Batch: [108/120] Epoch: [3] Loss: [2.0247699033229725]
2019-04-05 20:35:30 INFO     Batch: [109/120] Epoch: [3] Loss: [2.024497838453813]
2019-04-05 20:35:30 INFO     Batch: [110/120] Epoch: [3] Loss: [2.0237828052795686]
2019-04-05 20:35:30 INFO     Batch: [111/120] Epoch: [3] Loss: [2.02334440605981]
2019-04-05 20:35:30 INFO     Batch: [112/120] Epoch: [3] Loss: [2.0226281670342505]
2019-04-05 20:35:30 INFO     Batch: [113/120] Epoch: [3] Loss: [2.0218364784592078]
2019-04-05 20:35:30 INFO     Batch: [114/120] Epoch: [3] Loss: [2.0213404074959134]
2019-04-05 20:35:30 INFO     Batch: [115/120] Epoch: [3] Loss: [2.0208744971916595]
2019-04-05 20:35:30 INFO     Batch: [116/120] Epoch: [3] Loss: [2.020488403801225]
2019-04-05 20:35:30 INFO     Batch: [117/120] Epoch: [3] Loss: [2.0199548824358793]
2019-04-05 20:35:30 INFO     Batch: [118/120] Epoch: [3] Loss: [2.0202986603023625]
2019-04-05 20:35:30 INFO     Batch: [119/120] Epoch: [3] Loss: [2.0200531353553135]
2019-04-05 20:35:31 INFO     Epoch: [3/2000] Loss: [2.0200531353553135] Accuracy: [0.3238181818181818]
2019-04-05 20:35:32 INFO     Batch: [0/120] Epoch: [4] Loss: [2.015604019165039]
2019-04-05 20:35:32 INFO     Accuracy: [0.3172727272727273]

2019-04-05 20:35:32 INFO     Batch: [1/120] Epoch: [4] Loss: [1.9826229810714722]
2019-04-05 20:35:33 INFO     Batch: [2/120] Epoch: [4] Loss: [1.9831794500350952]
2019-04-05 20:35:33 INFO     Batch: [3/120] Epoch: [4] Loss: [1.9745658040046692]
2019-04-05 20:35:33 INFO     Batch: [4/120] Epoch: [4] Loss: [1.9700621604919433]
2019-04-05 20:35:33 INFO     Batch: [5/120] Epoch: [4] Loss: [1.96652752161026]
2019-04-05 20:35:33 INFO     Batch: [6/120] Epoch: [4] Loss: [1.9724424736840385]
2019-04-05 20:35:33 INFO     Batch: [7/120] Epoch: [4] Loss: [1.9697147011756897]
2019-04-05 20:35:33 INFO     Batch: [8/120] Epoch: [4] Loss: [1.969694111082289]
2019-04-05 20:35:33 INFO     Batch: [9/120] Epoch: [4] Loss: [1.968039095401764]
2019-04-05 20:35:33 INFO     Batch: [10/120] Epoch: [4] Loss: [1.9657064567912708]
2019-04-05 20:35:33 INFO     Batch: [11/120] Epoch: [4] Loss: [1.9672410587469737]
2019-04-05 20:35:33 INFO     Batch: [12/120] Epoch: [4] Loss: [1.9652284750571618]
2019-04-05 20:35:33 INFO     Batch: [13/120] Epoch: [4] Loss: [1.9611431530543737]
2019-04-05 20:35:33 INFO     Batch: [14/120] Epoch: [4] Loss: [1.9618839184443155]
2019-04-05 20:35:34 INFO     Batch: [15/120] Epoch: [4] Loss: [1.9621962681412697]
2019-04-05 20:35:34 INFO     Batch: [16/120] Epoch: [4] Loss: [1.9611904831493603]
2019-04-05 20:35:34 INFO     Batch: [17/120] Epoch: [4] Loss: [1.960605091518826]
2019-04-05 20:35:34 INFO     Batch: [18/120] Epoch: [4] Loss: [1.9624335389388234]
2019-04-05 20:35:34 INFO     Batch: [19/120] Epoch: [4] Loss: [1.9614535510540008]
2019-04-05 20:35:34 INFO     Batch: [20/120] Epoch: [4] Loss: [1.9623441866465978]
2019-04-05 20:35:34 INFO     Batch: [21/120] Epoch: [4] Loss: [1.9620580835775896]
2019-04-05 20:35:34 INFO     Batch: [22/120] Epoch: [4] Loss: [1.9636014699935913]
2019-04-05 20:35:34 INFO     Batch: [23/120] Epoch: [4] Loss: [1.9636353055636089]
2019-04-05 20:35:34 INFO     Batch: [24/120] Epoch: [4] Loss: [1.963920269012451]
2019-04-05 20:35:34 INFO     Batch: [25/120] Epoch: [4] Loss: [1.9640146860709558]
2019-04-05 20:35:34 INFO     Batch: [26/120] Epoch: [4] Loss: [1.965062839013559]
2019-04-05 20:35:34 INFO     Batch: [27/120] Epoch: [4] Loss: [1.96393940278462]
2019-04-05 20:35:35 INFO     Batch: [28/120] Epoch: [4] Loss: [1.9621312289402402]
2019-04-05 20:35:35 INFO     Batch: [29/120] Epoch: [4] Loss: [1.9617992719014485]
2019-04-05 20:35:35 INFO     Batch: [30/120] Epoch: [4] Loss: [1.9609471790252193]
2019-04-05 20:35:35 INFO     Batch: [31/120] Epoch: [4] Loss: [1.9600574038922787]
2019-04-05 20:35:35 INFO     Batch: [32/120] Epoch: [4] Loss: [1.9596611441987934]
2019-04-05 20:35:35 INFO     Batch: [33/120] Epoch: [4] Loss: [1.957923510495354]
2019-04-05 20:35:35 INFO     Batch: [34/120] Epoch: [4] Loss: [1.956873321533203]
2019-04-05 20:35:35 INFO     Batch: [35/120] Epoch: [4] Loss: [1.956993838151296]
2019-04-05 20:35:35 INFO     Batch: [36/120] Epoch: [4] Loss: [1.9567385944160256]
2019-04-05 20:35:35 INFO     Batch: [37/120] Epoch: [4] Loss: [1.9570351588098627]
2019-04-05 20:35:35 INFO     Batch: [38/120] Epoch: [4] Loss: [1.956616725677099]
2019-04-05 20:35:35 INFO     Batch: [39/120] Epoch: [4] Loss: [1.9563467115163804]
2019-04-05 20:35:35 INFO     Batch: [40/120] Epoch: [4] Loss: [1.9558919144839775]
2019-04-05 20:35:36 INFO     Batch: [41/120] Epoch: [4] Loss: [1.9564206231208074]
2019-04-05 20:35:36 INFO     Batch: [42/120] Epoch: [4] Loss: [1.956557318221691]
2019-04-05 20:35:36 INFO     Batch: [43/120] Epoch: [4] Loss: [1.956819173964587]
2019-04-05 20:35:36 INFO     Batch: [44/120] Epoch: [4] Loss: [1.9564303954442341]
2019-04-05 20:35:36 INFO     Batch: [45/120] Epoch: [4] Loss: [1.9554376809493355]
2019-04-05 20:35:36 INFO     Batch: [46/120] Epoch: [4] Loss: [1.954784058509989]
2019-04-05 20:35:36 INFO     Batch: [47/120] Epoch: [4] Loss: [1.9536500821510951]
2019-04-05 20:35:36 INFO     Batch: [48/120] Epoch: [4] Loss: [1.9545181089518022]
2019-04-05 20:35:36 INFO     Batch: [49/120] Epoch: [4] Loss: [1.95419682264328]
2019-04-05 20:35:36 INFO     Batch: [50/120] Epoch: [4] Loss: [1.954145915368024]
2019-04-05 20:35:36 INFO     Batch: [51/120] Epoch: [4] Loss: [1.9541526482655451]
2019-04-05 20:35:36 INFO     Batch: [52/120] Epoch: [4] Loss: [1.954157271475162]
2019-04-05 20:35:36 INFO     Batch: [53/120] Epoch: [4] Loss: [1.9531533629805953]
2019-04-05 20:35:37 INFO     Batch: [54/120] Epoch: [4] Loss: [1.9534804214130748]
2019-04-05 20:35:37 INFO     Batch: [55/120] Epoch: [4] Loss: [1.9536806046962738]
2019-04-05 20:35:37 INFO     Batch: [56/120] Epoch: [4] Loss: [1.9533974413286175]
2019-04-05 20:35:37 INFO     Batch: [57/120] Epoch: [4] Loss: [1.9528961489940513]
2019-04-05 20:35:37 INFO     Batch: [58/120] Epoch: [4] Loss: [1.9527591769978152]
2019-04-05 20:35:37 INFO     Batch: [59/120] Epoch: [4] Loss: [1.9529661933581035]
2019-04-05 20:35:37 INFO     Batch: [60/120] Epoch: [4] Loss: [1.9533463442911867]
2019-04-05 20:35:37 INFO     Batch: [61/120] Epoch: [4] Loss: [1.9530925654595899]
2019-04-05 20:35:37 INFO     Batch: [62/120] Epoch: [4] Loss: [1.9525447743279594]
2019-04-05 20:35:37 INFO     Batch: [63/120] Epoch: [4] Loss: [1.95220098644495]
2019-04-05 20:35:37 INFO     Batch: [64/120] Epoch: [4] Loss: [1.9524868304912861]
2019-04-05 20:35:37 INFO     Batch: [65/120] Epoch: [4] Loss: [1.9525923747004885]
2019-04-05 20:35:37 INFO     Batch: [66/120] Epoch: [4] Loss: [1.951835568271466]
2019-04-05 20:35:37 INFO     Batch: [67/120] Epoch: [4] Loss: [1.9515990018844604]
2019-04-05 20:35:38 INFO     Batch: [68/120] Epoch: [4] Loss: [1.9511242552080017]
2019-04-05 20:35:38 INFO     Batch: [69/120] Epoch: [4] Loss: [1.9517641953059606]
2019-04-05 20:35:38 INFO     Batch: [70/120] Epoch: [4] Loss: [1.951594225117858]
2019-04-05 20:35:38 INFO     Batch: [71/120] Epoch: [4] Loss: [1.951083595554034]
2019-04-05 20:35:38 INFO     Batch: [72/120] Epoch: [4] Loss: [1.9512341594042844]
2019-04-05 20:35:38 INFO     Batch: [73/120] Epoch: [4] Loss: [1.9510770472320351]
2019-04-05 20:35:38 INFO     Batch: [74/120] Epoch: [4] Loss: [1.9513855759302776]
2019-04-05 20:35:38 INFO     Batch: [75/120] Epoch: [4] Loss: [1.9506575700483824]
2019-04-05 20:35:38 INFO     Batch: [76/120] Epoch: [4] Loss: [1.9506720041299794]
2019-04-05 20:35:38 INFO     Batch: [77/120] Epoch: [4] Loss: [1.9499470301163502]
2019-04-05 20:35:38 INFO     Batch: [78/120] Epoch: [4] Loss: [1.949354986601238]
2019-04-05 20:35:38 INFO     Batch: [79/120] Epoch: [4] Loss: [1.9488770455121993]
2019-04-05 20:35:38 INFO     Batch: [80/120] Epoch: [4] Loss: [1.9484320996720115]
2019-04-05 20:35:39 INFO     Batch: [81/120] Epoch: [4] Loss: [1.9481140389675047]
2019-04-05 20:35:39 INFO     Batch: [82/120] Epoch: [4] Loss: [1.9476619484912918]
2019-04-05 20:35:39 INFO     Batch: [83/120] Epoch: [4] Loss: [1.9476350176902044]
2019-04-05 20:35:39 INFO     Batch: [84/120] Epoch: [4] Loss: [1.9479781585581162]
2019-04-05 20:35:39 INFO     Batch: [85/120] Epoch: [4] Loss: [1.9478344847989637]
2019-04-05 20:35:39 INFO     Batch: [86/120] Epoch: [4] Loss: [1.9482292265727603]
2019-04-05 20:35:39 INFO     Batch: [87/120] Epoch: [4] Loss: [1.948764843019572]
2019-04-05 20:35:39 INFO     Batch: [88/120] Epoch: [4] Loss: [1.948014535261004]
2019-04-05 20:35:39 INFO     Batch: [89/120] Epoch: [4] Loss: [1.947776326868269]
2019-04-05 20:35:39 INFO     Batch: [90/120] Epoch: [4] Loss: [1.9475599907256744]
2019-04-05 20:35:39 INFO     Batch: [91/120] Epoch: [4] Loss: [1.9480080863703853]
2019-04-05 20:35:39 INFO     Batch: [92/120] Epoch: [4] Loss: [1.9480948345635527]
2019-04-05 20:35:39 INFO     Batch: [93/120] Epoch: [4] Loss: [1.9475856182423044]
2019-04-05 20:35:40 INFO     Batch: [94/120] Epoch: [4] Loss: [1.9474643142599808]
2019-04-05 20:35:40 INFO     Batch: [95/120] Epoch: [4] Loss: [1.9472857142488162]
2019-04-05 20:35:40 INFO     Batch: [96/120] Epoch: [4] Loss: [1.9475777038593882]
2019-04-05 20:35:40 INFO     Batch: [97/120] Epoch: [4] Loss: [1.9471509286335535]
2019-04-05 20:35:40 INFO     Batch: [98/120] Epoch: [4] Loss: [1.9475733643830424]
2019-04-05 20:35:40 INFO     Batch: [99/120] Epoch: [4] Loss: [1.9467115128040313]
2019-04-05 20:35:40 INFO     Batch: [100/120] Epoch: [4] Loss: [1.946379038366941]
2019-04-05 20:35:40 INFO     Batch: [101/120] Epoch: [4] Loss: [1.9461177704381007]
2019-04-05 20:35:40 INFO     Batch: [102/120] Epoch: [4] Loss: [1.9452345567999534]
2019-04-05 20:35:40 INFO     Batch: [103/120] Epoch: [4] Loss: [1.9447440149692388]
2019-04-05 20:35:40 INFO     Batch: [104/120] Epoch: [4] Loss: [1.9446472304207938]
2019-04-05 20:35:40 INFO     Batch: [105/120] Epoch: [4] Loss: [1.9442096847408223]
2019-04-05 20:35:40 INFO     Batch: [106/120] Epoch: [4] Loss: [1.9437761284480586]
2019-04-05 20:35:41 INFO     Batch: [107/120] Epoch: [4] Loss: [1.9431391347337652]
2019-04-05 20:35:41 INFO     Batch: [108/120] Epoch: [4] Loss: [1.9428552257905312]
2019-04-05 20:35:41 INFO     Batch: [109/120] Epoch: [4] Loss: [1.942077968337319]
2019-04-05 20:35:41 INFO     Batch: [110/120] Epoch: [4] Loss: [1.94161031912039]
2019-04-05 20:35:41 INFO     Batch: [111/120] Epoch: [4] Loss: [1.941261347915445]
2019-04-05 20:35:41 INFO     Batch: [112/120] Epoch: [4] Loss: [1.9408529427199237]
2019-04-05 20:35:41 INFO     Batch: [113/120] Epoch: [4] Loss: [1.9409663739957308]
2019-04-05 20:35:41 INFO     Batch: [114/120] Epoch: [4] Loss: [1.9403232564096866]
2019-04-05 20:35:41 INFO     Batch: [115/120] Epoch: [4] Loss: [1.9397339224815369]
2019-04-05 20:35:41 INFO     Batch: [116/120] Epoch: [4] Loss: [1.939358154932658]
2019-04-05 20:35:41 INFO     Batch: [117/120] Epoch: [4] Loss: [1.939010962591333]
2019-04-05 20:35:41 INFO     Batch: [118/120] Epoch: [4] Loss: [1.9391537954827316]
2019-04-05 20:35:41 INFO     Batch: [119/120] Epoch: [4] Loss: [1.9386609643697739]
2019-04-05 20:35:42 INFO     Epoch: [4/2000] Loss: [1.9386609643697739] Accuracy: [0.3429090909090909]
2019-04-05 20:35:43 INFO     Batch: [0/120] Epoch: [5] Loss: [1.9152076244354248]
2019-04-05 20:35:43 INFO     Accuracy: [0.3289090909090909]

2019-04-05 20:35:43 INFO     Batch: [1/120] Epoch: [5] Loss: [1.909030795097351]
2019-04-05 20:35:43 INFO     Batch: [2/120] Epoch: [5] Loss: [1.8684757153193157]
2019-04-05 20:35:44 INFO     Batch: [3/120] Epoch: [5] Loss: [1.8764311969280243]
2019-04-05 20:35:44 INFO     Batch: [4/120] Epoch: [5] Loss: [1.887942862510681]
2019-04-05 20:35:44 INFO     Batch: [5/120] Epoch: [5] Loss: [1.8941798607508342]
2019-04-05 20:35:44 INFO     Batch: [6/120] Epoch: [5] Loss: [1.893001675605774]
2019-04-05 20:35:44 INFO     Batch: [7/120] Epoch: [5] Loss: [1.891150787472725]
2019-04-05 20:35:44 INFO     Batch: [8/120] Epoch: [5] Loss: [1.8896614048216078]
2019-04-05 20:35:44 INFO     Batch: [9/120] Epoch: [5] Loss: [1.8888846635818481]
2019-04-05 20:35:44 INFO     Batch: [10/120] Epoch: [5] Loss: [1.8927751887928357]
2019-04-05 20:35:44 INFO     Batch: [11/120] Epoch: [5] Loss: [1.8938858608404796]
2019-04-05 20:35:44 INFO     Batch: [12/120] Epoch: [5] Loss: [1.8917445494578435]
2019-04-05 20:35:44 INFO     Batch: [13/120] Epoch: [5] Loss: [1.8956606132643563]
2019-04-05 20:35:44 INFO     Batch: [14/120] Epoch: [5] Loss: [1.8894962867101033]
2019-04-05 20:35:44 INFO     Batch: [15/120] Epoch: [5] Loss: [1.8883490785956383]
2019-04-05 20:35:45 INFO     Batch: [16/120] Epoch: [5] Loss: [1.8904277577119715]
2019-04-05 20:35:45 INFO     Batch: [17/120] Epoch: [5] Loss: [1.8921730783250597]
2019-04-05 20:35:45 INFO     Batch: [18/120] Epoch: [5] Loss: [1.8917032856690257]
2019-04-05 20:35:45 INFO     Batch: [19/120] Epoch: [5] Loss: [1.890787959098816]
2019-04-05 20:35:45 INFO     Batch: [20/120] Epoch: [5] Loss: [1.8897152174086798]
2019-04-05 20:35:45 INFO     Batch: [21/120] Epoch: [5] Loss: [1.8879529183561152]
2019-04-05 20:35:45 INFO     Batch: [22/120] Epoch: [5] Loss: [1.8858966464581697]
