2019-04-01 21:27:43 INFO     Loading Data
2019-04-01 21:27:44 INFO     Model Setting Up
2019-04-01 21:27:52 INFO     Start Training
2019-04-01 21:28:01 INFO     Batch: [0/120] Epoch: [0] Loss: [2.2981278896331787]
2019-04-01 21:28:03 INFO     Accuracy: [0.15745454545454543]

2019-04-01 21:28:03 INFO     Batch: [1/120] Epoch: [0] Loss: [2.2981778383255005]
2019-04-01 21:28:03 INFO     Batch: [2/120] Epoch: [0] Loss: [2.2931087017059326]
2019-04-01 21:28:03 INFO     Batch: [3/120] Epoch: [0] Loss: [2.2873363494873047]
2019-04-01 21:28:03 INFO     Batch: [4/120] Epoch: [0] Loss: [2.27868013381958]
2019-04-01 21:28:03 INFO     Batch: [5/120] Epoch: [0] Loss: [2.2748794555664062]
2019-04-01 21:28:03 INFO     Batch: [6/120] Epoch: [0] Loss: [2.2698491641453336]
2019-04-01 21:28:04 INFO     Batch: [7/120] Epoch: [0] Loss: [2.265207439661026]
2019-04-01 21:28:04 INFO     Batch: [8/120] Epoch: [0] Loss: [2.26139940155877]
2019-04-01 21:28:04 INFO     Batch: [9/120] Epoch: [0] Loss: [2.2572132349014282]
2019-04-01 21:28:04 INFO     Batch: [10/120] Epoch: [0] Loss: [2.2524829777804287]
2019-04-01 21:28:04 INFO     Batch: [11/120] Epoch: [0] Loss: [2.248575588067373]
2019-04-01 21:28:04 INFO     Batch: [12/120] Epoch: [0] Loss: [2.2450855328486514]
2019-04-01 21:28:04 INFO     Batch: [13/120] Epoch: [0] Loss: [2.240507926259722]
2019-04-01 21:28:05 INFO     Batch: [14/120] Epoch: [0] Loss: [2.2355621337890623]
2019-04-01 21:28:05 INFO     Batch: [15/120] Epoch: [0] Loss: [2.2313974499702454]
2019-04-01 21:28:05 INFO     Batch: [16/120] Epoch: [0] Loss: [2.227548192529117]
2019-04-01 21:28:05 INFO     Batch: [17/120] Epoch: [0] Loss: [2.2235770490434437]
2019-04-01 21:28:05 INFO     Batch: [18/120] Epoch: [0] Loss: [2.219081715533608]
2019-04-01 21:28:05 INFO     Batch: [19/120] Epoch: [0] Loss: [2.215399384498596]
2019-04-01 21:28:05 INFO     Batch: [20/120] Epoch: [0] Loss: [2.211765550431751]
2019-04-01 21:28:06 INFO     Batch: [21/120] Epoch: [0] Loss: [2.2076021974736992]
2019-04-01 21:28:06 INFO     Batch: [22/120] Epoch: [0] Loss: [2.2045017636340596]
2019-04-01 21:28:06 INFO     Batch: [23/120] Epoch: [0] Loss: [2.2002393503983817]
2019-04-01 21:28:06 INFO     Batch: [24/120] Epoch: [0] Loss: [2.196268901824951]
2019-04-01 21:28:06 INFO     Batch: [25/120] Epoch: [0] Loss: [2.192417997580308]
2019-04-01 21:28:06 INFO     Batch: [26/120] Epoch: [0] Loss: [2.1884268213201454]
2019-04-01 21:28:06 INFO     Batch: [27/120] Epoch: [0] Loss: [2.185620137623378]
2019-04-01 21:28:07 INFO     Batch: [28/120] Epoch: [0] Loss: [2.1826359732397673]
2019-04-01 21:28:07 INFO     Batch: [29/120] Epoch: [0] Loss: [2.1791799386342365]
2019-04-01 21:28:07 INFO     Batch: [30/120] Epoch: [0] Loss: [2.1763081396779707]
2019-04-01 21:28:07 INFO     Batch: [31/120] Epoch: [0] Loss: [2.172875367105007]
2019-04-01 21:28:07 INFO     Batch: [32/120] Epoch: [0] Loss: [2.169009960058964]
2019-04-01 21:28:07 INFO     Batch: [33/120] Epoch: [0] Loss: [2.1661785700741936]
2019-04-01 21:28:07 INFO     Batch: [34/120] Epoch: [0] Loss: [2.163878740583147]
2019-04-01 21:28:08 INFO     Batch: [35/120] Epoch: [0] Loss: [2.161588708559672]
2019-04-01 21:28:08 INFO     Batch: [36/120] Epoch: [0] Loss: [2.158341961937982]
2019-04-01 21:28:08 INFO     Batch: [37/120] Epoch: [0] Loss: [2.155635714530945]
2019-04-01 21:28:08 INFO     Batch: [38/120] Epoch: [0] Loss: [2.1534915887392483]
2019-04-01 21:28:08 INFO     Batch: [39/120] Epoch: [0] Loss: [2.1506662905216216]
2019-04-01 21:28:08 INFO     Batch: [40/120] Epoch: [0] Loss: [2.1473414723466084]
2019-04-01 21:28:08 INFO     Batch: [41/120] Epoch: [0] Loss: [2.1442884036472867]
2019-04-01 21:28:09 INFO     Batch: [42/120] Epoch: [0] Loss: [2.142093009726946]
2019-04-01 21:28:09 INFO     Batch: [43/120] Epoch: [0] Loss: [2.1394438526847144]
2019-04-01 21:28:09 INFO     Batch: [44/120] Epoch: [0] Loss: [2.1371332963307696]
2019-04-01 21:28:09 INFO     Batch: [45/120] Epoch: [0] Loss: [2.1351962296859077]
2019-04-01 21:28:09 INFO     Batch: [46/120] Epoch: [0] Loss: [2.1322986039709537]
2019-04-01 21:28:09 INFO     Batch: [47/120] Epoch: [0] Loss: [2.129070609807968]
2019-04-01 21:28:09 INFO     Batch: [48/120] Epoch: [0] Loss: [2.126872413012446]
2019-04-01 21:28:10 INFO     Batch: [49/120] Epoch: [0] Loss: [2.1237277960777283]
2019-04-01 21:28:10 INFO     Batch: [50/120] Epoch: [0] Loss: [2.1214712998446297]
2019-04-01 21:28:10 INFO     Batch: [51/120] Epoch: [0] Loss: [2.1191240824185886]
2019-04-01 21:28:10 INFO     Batch: [52/120] Epoch: [0] Loss: [2.1175590461155154]
2019-04-01 21:28:10 INFO     Batch: [53/120] Epoch: [0] Loss: [2.1149379081196256]
2019-04-01 21:28:10 INFO     Batch: [54/120] Epoch: [0] Loss: [2.1117880669507114]
2019-04-01 21:28:10 INFO     Batch: [55/120] Epoch: [0] Loss: [2.1092542154448375]
2019-04-01 21:28:11 INFO     Batch: [56/120] Epoch: [0] Loss: [2.1064082342281676]
2019-04-01 21:28:11 INFO     Batch: [57/120] Epoch: [0] Loss: [2.1037602650708167]
2019-04-01 21:28:11 INFO     Batch: [58/120] Epoch: [0] Loss: [2.101559695550951]
2019-04-01 21:28:11 INFO     Batch: [59/120] Epoch: [0] Loss: [2.0988737821578978]
2019-04-01 21:28:11 INFO     Batch: [60/120] Epoch: [0] Loss: [2.0963951701023538]
2019-04-01 21:28:11 INFO     Batch: [61/120] Epoch: [0] Loss: [2.0945641129247603]
2019-04-01 21:28:11 INFO     Batch: [62/120] Epoch: [0] Loss: [2.091674766843281]
2019-04-01 21:28:12 INFO     Batch: [63/120] Epoch: [0] Loss: [2.0895453728735447]
2019-04-01 21:28:12 INFO     Batch: [64/120] Epoch: [0] Loss: [2.08729887008667]
2019-04-01 21:28:12 INFO     Batch: [65/120] Epoch: [0] Loss: [2.084890396306009]
2019-04-01 21:28:12 INFO     Batch: [66/120] Epoch: [0] Loss: [2.0820647406933914]
2019-04-01 21:28:12 INFO     Batch: [67/120] Epoch: [0] Loss: [2.0791097861879013]
2019-04-01 21:28:12 INFO     Batch: [68/120] Epoch: [0] Loss: [2.0764008553131768]
2019-04-01 21:28:12 INFO     Batch: [69/120] Epoch: [0] Loss: [2.0738856945719037]
2019-04-01 21:28:13 INFO     Batch: [70/120] Epoch: [0] Loss: [2.071665518720385]
2019-04-01 21:28:13 INFO     Batch: [71/120] Epoch: [0] Loss: [2.0697601470682354]
2019-04-01 21:28:13 INFO     Batch: [72/120] Epoch: [0] Loss: [2.0672771244832915]
2019-04-01 21:28:13 INFO     Batch: [73/120] Epoch: [0] Loss: [2.0655680637101868]
2019-04-01 21:28:13 INFO     Batch: [74/120] Epoch: [0] Loss: [2.063742470741272]
2019-04-01 21:28:13 INFO     Batch: [75/120] Epoch: [0] Loss: [2.061634245671724]
2019-04-01 21:28:13 INFO     Batch: [76/120] Epoch: [0] Loss: [2.0593750492318885]
2019-04-01 21:28:13 INFO     Batch: [77/120] Epoch: [0] Loss: [2.0574258046272473]
2019-04-01 21:28:14 INFO     Batch: [78/120] Epoch: [0] Loss: [2.054461474660077]
2019-04-01 21:28:14 INFO     Batch: [79/120] Epoch: [0] Loss: [2.0528096467256547]
2019-04-01 21:28:14 INFO     Batch: [80/120] Epoch: [0] Loss: [2.050926669144336]
2019-04-01 21:28:14 INFO     Batch: [81/120] Epoch: [0] Loss: [2.049185930228815]
2019-04-01 21:28:14 INFO     Batch: [82/120] Epoch: [0] Loss: [2.04712427093322]
2019-04-01 21:28:14 INFO     Batch: [83/120] Epoch: [0] Loss: [2.045587094057174]
2019-04-01 21:28:14 INFO     Batch: [84/120] Epoch: [0] Loss: [2.043523900649127]
2019-04-01 21:28:15 INFO     Batch: [85/120] Epoch: [0] Loss: [2.041330517724503]
2019-04-01 21:28:15 INFO     Batch: [86/120] Epoch: [0] Loss: [2.039138508939195]
2019-04-01 21:28:15 INFO     Batch: [87/120] Epoch: [0] Loss: [2.0370637232607063]
2019-04-01 21:28:15 INFO     Batch: [88/120] Epoch: [0] Loss: [2.0349703357460793]
2019-04-01 21:28:15 INFO     Batch: [89/120] Epoch: [0] Loss: [2.032605610953437]
2019-04-01 21:28:15 INFO     Batch: [90/120] Epoch: [0] Loss: [2.0301533321757894]
2019-04-01 21:28:15 INFO     Batch: [91/120] Epoch: [0] Loss: [2.0276582901892453]
2019-04-01 21:28:16 INFO     Batch: [92/120] Epoch: [0] Loss: [2.0257858909586424]
2019-04-01 21:28:16 INFO     Batch: [93/120] Epoch: [0] Loss: [2.023128678189947]
2019-04-01 21:28:16 INFO     Batch: [94/120] Epoch: [0] Loss: [2.0212294340133665]
2019-04-01 21:28:16 INFO     Batch: [95/120] Epoch: [0] Loss: [2.018983755260706]
2019-04-01 21:28:16 INFO     Batch: [96/120] Epoch: [0] Loss: [2.016683529332741]
2019-04-01 21:28:16 INFO     Batch: [97/120] Epoch: [0] Loss: [2.014566788868028]
2019-04-01 21:28:16 INFO     Batch: [98/120] Epoch: [0] Loss: [2.012457604360099]
2019-04-01 21:28:17 INFO     Batch: [99/120] Epoch: [0] Loss: [2.01033753156662]
2019-04-01 21:28:17 INFO     Batch: [100/120] Epoch: [0] Loss: [2.00889248305028]
2019-04-01 21:28:17 INFO     Batch: [101/120] Epoch: [0] Loss: [2.0070636038686716]
2019-04-01 21:28:17 INFO     Batch: [102/120] Epoch: [0] Loss: [2.0052295286678574]
2019-04-01 21:28:17 INFO     Batch: [103/120] Epoch: [0] Loss: [2.00327723301374]
2019-04-01 21:28:17 INFO     Batch: [104/120] Epoch: [0] Loss: [2.0012267044612337]
2019-04-01 21:28:17 INFO     Batch: [105/120] Epoch: [0] Loss: [1.9994248151779175]
2019-04-01 21:28:18 INFO     Batch: [106/120] Epoch: [0] Loss: [1.9974371050005761]
2019-04-01 21:28:18 INFO     Batch: [107/120] Epoch: [0] Loss: [1.9957615170213912]
2019-04-01 21:28:18 INFO     Batch: [108/120] Epoch: [0] Loss: [1.994003885382906]
2019-04-01 21:28:18 INFO     Batch: [109/120] Epoch: [0] Loss: [1.9918803334236146]
2019-04-01 21:28:18 INFO     Batch: [110/120] Epoch: [0] Loss: [1.9898563795261555]
2019-04-01 21:28:18 INFO     Batch: [111/120] Epoch: [0] Loss: [1.988064197557313]
2019-04-01 21:28:18 INFO     Batch: [112/120] Epoch: [0] Loss: [1.9863568702630237]
2019-04-01 21:28:18 INFO     Batch: [113/120] Epoch: [0] Loss: [1.9845173557599385]
2019-04-01 21:28:19 INFO     Batch: [114/120] Epoch: [0] Loss: [1.9831801051678866]
2019-04-01 21:28:19 INFO     Batch: [115/120] Epoch: [0] Loss: [1.9817724577311813]
2019-04-01 21:28:19 INFO     Batch: [116/120] Epoch: [0] Loss: [1.9798038077150655]
2019-04-01 21:28:19 INFO     Batch: [117/120] Epoch: [0] Loss: [1.9780024673979162]
2019-04-01 21:28:19 INFO     Batch: [118/120] Epoch: [0] Loss: [1.9760503057672196]
2019-04-01 21:28:19 INFO     Batch: [119/120] Epoch: [0] Loss: [1.974156877398491]
2019-04-01 21:28:21 INFO     Epoch: [0/200] Loss: [1.974156877398491] Accuracy: [0.44727272727272727]
2019-04-01 21:28:21 INFO     Batch: [0/120] Epoch: [1] Loss: [1.7577943801879883]
2019-04-01 21:28:22 INFO     Accuracy: [0.43781818181818183]

2019-04-01 21:28:22 INFO     Batch: [1/120] Epoch: [1] Loss: [1.7262238264083862]
2019-04-01 21:28:22 INFO     Batch: [2/120] Epoch: [1] Loss: [1.7359477281570435]
2019-04-01 21:28:23 INFO     Batch: [3/120] Epoch: [1] Loss: [1.7340197563171387]
2019-04-01 21:28:23 INFO     Batch: [4/120] Epoch: [1] Loss: [1.7306235313415528]
2019-04-01 21:28:23 INFO     Batch: [5/120] Epoch: [1] Loss: [1.7333250443140666]
2019-04-01 21:28:23 INFO     Batch: [6/120] Epoch: [1] Loss: [1.7335566282272339]
2019-04-01 21:28:23 INFO     Batch: [7/120] Epoch: [1] Loss: [1.7284182906150818]
2019-04-01 21:28:23 INFO     Batch: [8/120] Epoch: [1] Loss: [1.7255323860380385]
2019-04-01 21:28:23 INFO     Batch: [9/120] Epoch: [1] Loss: [1.7251872062683105]
2019-04-01 21:28:24 INFO     Batch: [10/120] Epoch: [1] Loss: [1.7250821590423584]
2019-04-01 21:28:24 INFO     Batch: [11/120] Epoch: [1] Loss: [1.7207210262616475]
2019-04-01 21:28:24 INFO     Batch: [12/120] Epoch: [1] Loss: [1.7170072793960571]
2019-04-01 21:28:24 INFO     Batch: [13/120] Epoch: [1] Loss: [1.7126618538584029]
2019-04-01 21:28:24 INFO     Batch: [14/120] Epoch: [1] Loss: [1.7098169485727945]
2019-04-01 21:28:24 INFO     Batch: [15/120] Epoch: [1] Loss: [1.7057483196258545]
2019-04-01 21:28:24 INFO     Batch: [16/120] Epoch: [1] Loss: [1.7005297015695011]
2019-04-01 21:28:24 INFO     Batch: [17/120] Epoch: [1] Loss: [1.6973124874962702]
2019-04-01 21:28:25 INFO     Batch: [18/120] Epoch: [1] Loss: [1.6978247981322439]
2019-04-01 21:28:25 INFO     Batch: [19/120] Epoch: [1] Loss: [1.6973392844200135]
2019-04-01 21:28:25 INFO     Batch: [20/120] Epoch: [1] Loss: [1.6960509391058058]
2019-04-01 21:28:25 INFO     Batch: [21/120] Epoch: [1] Loss: [1.693017217245969]
2019-04-01 21:28:25 INFO     Batch: [22/120] Epoch: [1] Loss: [1.6925435429034026]
2019-04-01 21:28:25 INFO     Batch: [23/120] Epoch: [1] Loss: [1.6941618074973424]
2019-04-01 21:28:25 INFO     Batch: [24/120] Epoch: [1] Loss: [1.6953841161727905]
2019-04-01 21:28:26 INFO     Batch: [25/120] Epoch: [1] Loss: [1.6952041112459624]
2019-04-01 21:28:26 INFO     Batch: [26/120] Epoch: [1] Loss: [1.6958927666699444]
2019-04-01 21:28:26 INFO     Batch: [27/120] Epoch: [1] Loss: [1.6954509275300162]
2019-04-01 21:28:26 INFO     Batch: [28/120] Epoch: [1] Loss: [1.6946098804473877]
2019-04-01 21:28:26 INFO     Batch: [29/120] Epoch: [1] Loss: [1.6930701891581217]
2019-04-01 21:28:26 INFO     Batch: [30/120] Epoch: [1] Loss: [1.6925633069007628]
2019-04-01 21:28:26 INFO     Batch: [31/120] Epoch: [1] Loss: [1.6911178827285767]
2019-04-01 21:28:27 INFO     Batch: [32/120] Epoch: [1] Loss: [1.6912638454726248]
2019-04-01 21:28:27 INFO     Batch: [33/120] Epoch: [1] Loss: [1.6914390325546265]
2019-04-01 21:28:27 INFO     Batch: [34/120] Epoch: [1] Loss: [1.6936249392373222]
2019-04-01 21:28:27 INFO     Batch: [35/120] Epoch: [1] Loss: [1.6924383905198839]
2019-04-01 21:28:27 INFO     Batch: [36/120] Epoch: [1] Loss: [1.6902431700680707]
2019-04-01 21:28:27 INFO     Batch: [37/120] Epoch: [1] Loss: [1.6908244584736072]
2019-04-01 21:28:27 INFO     Batch: [38/120] Epoch: [1] Loss: [1.6901988769188905]
2019-04-01 21:28:28 INFO     Batch: [39/120] Epoch: [1] Loss: [1.6898061245679856]
2019-04-01 21:28:28 INFO     Batch: [40/120] Epoch: [1] Loss: [1.689019566628991]
2019-04-01 21:28:28 INFO     Batch: [41/120] Epoch: [1] Loss: [1.6875763620649065]
2019-04-01 21:28:28 INFO     Batch: [42/120] Epoch: [1] Loss: [1.685416997865189]
2019-04-01 21:28:28 INFO     Batch: [43/120] Epoch: [1] Loss: [1.6840918958187103]
2019-04-01 21:28:28 INFO     Batch: [44/120] Epoch: [1] Loss: [1.6830239137013754]
2019-04-01 21:28:28 INFO     Batch: [45/120] Epoch: [1] Loss: [1.6812172065610471]
2019-04-01 21:28:29 INFO     Batch: [46/120] Epoch: [1] Loss: [1.6795134240008416]
2019-04-01 21:28:29 INFO     Batch: [47/120] Epoch: [1] Loss: [1.677261730035146]
2019-04-01 21:28:29 INFO     Batch: [48/120] Epoch: [1] Loss: [1.6746619745176665]
2019-04-01 21:28:29 INFO     Batch: [49/120] Epoch: [1] Loss: [1.6734657406806945]
2019-04-01 21:28:29 INFO     Batch: [50/120] Epoch: [1] Loss: [1.672210976189258]
2019-04-01 21:28:29 INFO     Batch: [51/120] Epoch: [1] Loss: [1.6711479883927565]
2019-04-01 21:28:29 INFO     Batch: [52/120] Epoch: [1] Loss: [1.6689042527720612]
2019-04-01 21:28:30 INFO     Batch: [53/120] Epoch: [1] Loss: [1.6657108377527308]
2019-04-01 21:28:30 INFO     Batch: [54/120] Epoch: [1] Loss: [1.663409441167658]
2019-04-01 21:28:30 INFO     Batch: [55/120] Epoch: [1] Loss: [1.661559141107968]
2019-04-01 21:28:30 INFO     Batch: [56/120] Epoch: [1] Loss: [1.6591579893179107]
2019-04-01 21:28:30 INFO     Batch: [57/120] Epoch: [1] Loss: [1.6571526177998246]
2019-04-01 21:28:30 INFO     Batch: [58/120] Epoch: [1] Loss: [1.6548938650195881]
2019-04-01 21:28:30 INFO     Batch: [59/120] Epoch: [1] Loss: [1.6534987072149911]
2019-04-01 21:28:31 INFO     Batch: [60/120] Epoch: [1] Loss: [1.6521839743754902]
2019-04-01 21:28:31 INFO     Batch: [61/120] Epoch: [1] Loss: [1.650864032007033]
2019-04-01 21:28:31 INFO     Batch: [62/120] Epoch: [1] Loss: [1.6482420289327229]
2019-04-01 21:28:31 INFO     Batch: [63/120] Epoch: [1] Loss: [1.6465859413146973]
2019-04-01 21:28:31 INFO     Batch: [64/120] Epoch: [1] Loss: [1.6456772107344406]
2019-04-01 21:28:31 INFO     Batch: [65/120] Epoch: [1] Loss: [1.64427480914376]
2019-04-01 21:28:31 INFO     Batch: [66/120] Epoch: [1] Loss: [1.643224403039733]
2019-04-01 21:28:32 INFO     Batch: [67/120] Epoch: [1] Loss: [1.6414362665484934]
2019-04-01 21:28:32 INFO     Batch: [68/120] Epoch: [1] Loss: [1.6398831191270247]
2019-04-01 21:28:32 INFO     Batch: [69/120] Epoch: [1] Loss: [1.638461571080344]
2019-04-01 21:28:32 INFO     Batch: [70/120] Epoch: [1] Loss: [1.636635874358701]
2019-04-01 21:28:32 INFO     Batch: [71/120] Epoch: [1] Loss: [1.636272316177686]
2019-04-01 21:28:32 INFO     Batch: [72/120] Epoch: [1] Loss: [1.6351543958872965]
2019-04-01 21:28:32 INFO     Batch: [73/120] Epoch: [1] Loss: [1.6343187238719012]
2019-04-01 21:28:33 INFO     Batch: [74/120] Epoch: [1] Loss: [1.6331269677480063]
2019-04-01 21:28:33 INFO     Batch: [75/120] Epoch: [1] Loss: [1.6323229341130507]
2019-04-01 21:28:33 INFO     Batch: [76/120] Epoch: [1] Loss: [1.632386459932699]
2019-04-01 21:28:33 INFO     Batch: [77/120] Epoch: [1] Loss: [1.6312209933232038]
2019-04-01 21:28:33 INFO     Batch: [78/120] Epoch: [1] Loss: [1.630955151364773]
2019-04-01 21:28:33 INFO     Batch: [79/120] Epoch: [1] Loss: [1.6299751296639442]
2019-04-01 21:28:33 INFO     Batch: [80/120] Epoch: [1] Loss: [1.629238219908726]
2019-04-01 21:28:34 INFO     Batch: [81/120] Epoch: [1] Loss: [1.627624190435177]
2019-04-01 21:28:34 INFO     Batch: [82/120] Epoch: [1] Loss: [1.6267706974443183]
2019-04-01 21:28:34 INFO     Batch: [83/120] Epoch: [1] Loss: [1.6253386310168676]
2019-04-01 21:28:34 INFO     Batch: [84/120] Epoch: [1] Loss: [1.6248057702008416]
2019-04-01 21:28:34 INFO     Batch: [85/120] Epoch: [1] Loss: [1.6239687426145686]
2019-04-01 21:28:34 INFO     Batch: [86/120] Epoch: [1] Loss: [1.6229445646549094]
2019-04-01 21:28:34 INFO     Batch: [87/120] Epoch: [1] Loss: [1.6218159009109845]
2019-04-01 21:28:35 INFO     Batch: [88/120] Epoch: [1] Loss: [1.62067699164487]
2019-04-01 21:28:35 INFO     Batch: [89/120] Epoch: [1] Loss: [1.6196944250000849]
2019-04-01 21:28:35 INFO     Batch: [90/120] Epoch: [1] Loss: [1.6185761532940708]
2019-04-01 21:28:35 INFO     Batch: [91/120] Epoch: [1] Loss: [1.6173413512499437]
2019-04-01 21:28:35 INFO     Batch: [92/120] Epoch: [1] Loss: [1.6158753992408834]
2019-04-01 21:28:35 INFO     Batch: [93/120] Epoch: [1] Loss: [1.6143281358353636]
2019-04-01 21:28:35 INFO     Batch: [94/120] Epoch: [1] Loss: [1.6129506575433832]
2019-04-01 21:28:35 INFO     Batch: [95/120] Epoch: [1] Loss: [1.6119542829692364]
2019-04-01 21:28:36 INFO     Batch: [96/120] Epoch: [1] Loss: [1.6113117208185883]
2019-04-01 21:28:36 INFO     Batch: [97/120] Epoch: [1] Loss: [1.6099780287061418]
2019-04-01 21:28:36 INFO     Batch: [98/120] Epoch: [1] Loss: [1.608908399186953]
2019-04-01 21:28:36 INFO     Batch: [99/120] Epoch: [1] Loss: [1.6081774520874024]
2019-04-01 21:28:36 INFO     Batch: [100/120] Epoch: [1] Loss: [1.6072492080159706]
2019-04-01 21:28:36 INFO     Batch: [101/120] Epoch: [1] Loss: [1.6062703296249987]
2019-04-01 21:28:36 INFO     Batch: [102/120] Epoch: [1] Loss: [1.6046890784235834]
2019-04-01 21:28:37 INFO     Batch: [103/120] Epoch: [1] Loss: [1.6041847043312514]
2019-04-01 21:28:37 INFO     Batch: [104/120] Epoch: [1] Loss: [1.6032530330476307]
2019-04-01 21:28:37 INFO     Batch: [105/120] Epoch: [1] Loss: [1.6024059788236078]
2019-04-01 21:28:37 INFO     Batch: [106/120] Epoch: [1] Loss: [1.6014824860563903]
2019-04-01 21:28:37 INFO     Batch: [107/120] Epoch: [1] Loss: [1.600281900829739]
2019-04-01 21:28:37 INFO     Batch: [108/120] Epoch: [1] Loss: [1.5997725867350168]
2019-04-01 21:28:37 INFO     Batch: [109/120] Epoch: [1] Loss: [1.598505839434537]
2019-04-01 21:28:38 INFO     Batch: [110/120] Epoch: [1] Loss: [1.5978338525101945]
2019-04-01 21:28:38 INFO     Batch: [111/120] Epoch: [1] Loss: [1.5968342402151652]
2019-04-01 21:28:38 INFO     Batch: [112/120] Epoch: [1] Loss: [1.5962007900254915]
2019-04-01 21:28:38 INFO     Batch: [113/120] Epoch: [1] Loss: [1.595880036814171]
2019-04-01 21:28:38 INFO     Batch: [114/120] Epoch: [1] Loss: [1.5950486587441486]
2019-04-01 21:28:38 INFO     Batch: [115/120] Epoch: [1] Loss: [1.5942712066502407]
2019-04-01 21:28:38 INFO     Batch: [116/120] Epoch: [1] Loss: [1.5933639616028876]
2019-04-01 21:28:39 INFO     Batch: [117/120] Epoch: [1] Loss: [1.5927647069349127]
2019-04-01 21:28:39 INFO     Batch: [118/120] Epoch: [1] Loss: [1.591817969033698]
2019-04-01 21:28:39 INFO     Batch: [119/120] Epoch: [1] Loss: [1.5909089068571727]
2019-04-01 21:28:40 INFO     Epoch: [1/200] Loss: [1.5909089068571727] Accuracy: [0.5154545454545455]
2019-04-01 21:28:40 INFO     Batch: [0/120] Epoch: [2] Loss: [1.5414553880691528]
2019-04-01 21:28:42 INFO     Accuracy: [0.5256363636363637]

2019-04-01 21:28:42 INFO     Batch: [1/120] Epoch: [2] Loss: [1.5152376294136047]
2019-04-01 21:28:42 INFO     Batch: [2/120] Epoch: [2] Loss: [1.5041364034016926]
2019-04-01 21:28:42 INFO     Batch: [3/120] Epoch: [2] Loss: [1.5037271678447723]
2019-04-01 21:28:42 INFO     Batch: [4/120] Epoch: [2] Loss: [1.4851393461227418]
2019-04-01 21:28:42 INFO     Batch: [5/120] Epoch: [2] Loss: [1.4902563293774922]
2019-04-01 21:28:42 INFO     Batch: [6/120] Epoch: [2] Loss: [1.483558978353228]
2019-04-01 21:28:43 INFO     Batch: [7/120] Epoch: [2] Loss: [1.4768372774124146]
2019-04-01 21:28:43 INFO     Batch: [8/120] Epoch: [2] Loss: [1.4757479429244995]
2019-04-01 21:28:43 INFO     Batch: [9/120] Epoch: [2] Loss: [1.4763925909996032]
2019-04-01 21:28:43 INFO     Batch: [10/120] Epoch: [2] Loss: [1.4707351164384321]
2019-04-01 21:28:43 INFO     Batch: [11/120] Epoch: [2] Loss: [1.4612306853135426]
2019-04-01 21:28:43 INFO     Batch: [12/120] Epoch: [2] Loss: [1.4577734103569617]
2019-04-01 21:28:43 INFO     Batch: [13/120] Epoch: [2] Loss: [1.4532128317015511]
2019-04-01 21:28:44 INFO     Batch: [14/120] Epoch: [2] Loss: [1.4488084236780803]
2019-04-01 21:28:44 INFO     Batch: [15/120] Epoch: [2] Loss: [1.4476196393370628]
2019-04-01 21:28:44 INFO     Batch: [16/120] Epoch: [2] Loss: [1.4442514531752642]
2019-04-01 21:28:44 INFO     Batch: [17/120] Epoch: [2] Loss: [1.4438571002748277]
2019-04-01 21:28:44 INFO     Batch: [18/120] Epoch: [2] Loss: [1.4414777253803455]
2019-04-01 21:28:44 INFO     Batch: [19/120] Epoch: [2] Loss: [1.4415251791477204]
2019-04-01 21:28:44 INFO     Batch: [20/120] Epoch: [2] Loss: [1.4422011659258889]
2019-04-01 21:28:45 INFO     Batch: [21/120] Epoch: [2] Loss: [1.4403381726958535]
2019-04-01 21:28:45 INFO     Batch: [22/120] Epoch: [2] Loss: [1.4409209178841633]
2019-04-01 21:28:45 INFO     Batch: [23/120] Epoch: [2] Loss: [1.4408875902493794]
2019-04-01 21:28:45 INFO     Batch: [24/120] Epoch: [2] Loss: [1.4415115213394165]
2019-04-01 21:28:45 INFO     Batch: [25/120] Epoch: [2] Loss: [1.441547691822052]
2019-04-01 21:28:45 INFO     Batch: [26/120] Epoch: [2] Loss: [1.4426941915794655]
2019-04-01 21:28:45 INFO     Batch: [27/120] Epoch: [2] Loss: [1.4420540162495203]
2019-04-01 21:28:46 INFO     Batch: [28/120] Epoch: [2] Loss: [1.4445702125286233]
2019-04-01 21:28:46 INFO     Batch: [29/120] Epoch: [2] Loss: [1.4448995113372802]
2019-04-01 21:28:46 INFO     Batch: [30/120] Epoch: [2] Loss: [1.4456210943960375]
2019-04-01 21:28:46 INFO     Batch: [31/120] Epoch: [2] Loss: [1.4461793266236782]
2019-04-01 21:28:46 INFO     Batch: [32/120] Epoch: [2] Loss: [1.4481624400976933]
2019-04-01 21:28:46 INFO     Batch: [33/120] Epoch: [2] Loss: [1.4495741058798397]
2019-04-01 21:28:46 INFO     Batch: [34/120] Epoch: [2] Loss: [1.4508898292269026]
2019-04-01 21:28:47 INFO     Batch: [35/120] Epoch: [2] Loss: [1.450317468908098]
2019-04-01 21:28:47 INFO     Batch: [36/120] Epoch: [2] Loss: [1.4512484879107088]
2019-04-01 21:28:47 INFO     Batch: [37/120] Epoch: [2] Loss: [1.4521234255088002]
2019-04-01 21:28:47 INFO     Batch: [38/120] Epoch: [2] Loss: [1.4487383212798681]
2019-04-01 21:28:47 INFO     Batch: [39/120] Epoch: [2] Loss: [1.4498686611652374]
2019-04-01 21:28:47 INFO     Batch: [40/120] Epoch: [2] Loss: [1.4495838706086321]
2019-04-01 21:28:47 INFO     Batch: [41/120] Epoch: [2] Loss: [1.4481181587491716]
2019-04-01 21:28:47 INFO     Batch: [42/120] Epoch: [2] Loss: [1.4477916096532069]
2019-04-01 21:28:48 INFO     Batch: [43/120] Epoch: [2] Loss: [1.4460578642108224]
2019-04-01 21:28:48 INFO     Batch: [44/120] Epoch: [2] Loss: [1.4460942480299208]
2019-04-01 21:28:48 INFO     Batch: [45/120] Epoch: [2] Loss: [1.4440167779507844]
2019-04-01 21:28:48 INFO     Batch: [46/120] Epoch: [2] Loss: [1.4425213793490796]
2019-04-01 21:28:48 INFO     Batch: [47/120] Epoch: [2] Loss: [1.4416037450234096]
2019-04-01 21:28:48 INFO     Batch: [48/120] Epoch: [2] Loss: [1.4377618638836607]
2019-04-01 21:28:49 INFO     Batch: [49/120] Epoch: [2] Loss: [1.4365436625480652]
2019-04-01 21:28:49 INFO     Batch: [50/120] Epoch: [2] Loss: [1.434556241128959]
2019-04-01 21:28:49 INFO     Batch: [51/120] Epoch: [2] Loss: [1.4343775006440969]
2019-04-01 21:28:49 INFO     Batch: [52/120] Epoch: [2] Loss: [1.4323530039697323]
2019-04-01 21:28:49 INFO     Batch: [53/120] Epoch: [2] Loss: [1.4305807903960899]
2019-04-01 21:28:49 INFO     Batch: [54/120] Epoch: [2] Loss: [1.4296225959604436]
2019-04-01 21:28:49 INFO     Batch: [55/120] Epoch: [2] Loss: [1.4274055723633086]
2019-04-01 21:28:49 INFO     Batch: [56/120] Epoch: [2] Loss: [1.427345689974333]
2019-04-01 21:28:50 INFO     Batch: [57/120] Epoch: [2] Loss: [1.4267071834925948]
2019-04-01 21:28:50 INFO     Batch: [58/120] Epoch: [2] Loss: [1.4269727205826064]
2019-04-01 21:28:50 INFO     Batch: [59/120] Epoch: [2] Loss: [1.4232851187388103]
2019-04-01 21:28:50 INFO     Batch: [60/120] Epoch: [2] Loss: [1.4230118579551823]
2019-04-01 21:28:50 INFO     Batch: [61/120] Epoch: [2] Loss: [1.4217042096199528]
2019-04-01 21:28:50 INFO     Batch: [62/120] Epoch: [2] Loss: [1.4197368205539764]
2019-04-01 21:28:50 INFO     Batch: [63/120] Epoch: [2] Loss: [1.4191988855600357]
2019-04-01 21:28:51 INFO     Batch: [64/120] Epoch: [2] Loss: [1.4176025097186749]
2019-04-01 21:28:51 INFO     Batch: [65/120] Epoch: [2] Loss: [1.4161116498889346]
2019-04-01 21:28:51 INFO     Batch: [66/120] Epoch: [2] Loss: [1.4157080258896102]
2019-04-01 21:28:51 INFO     Batch: [67/120] Epoch: [2] Loss: [1.4152445232166964]
2019-04-01 21:28:51 INFO     Batch: [68/120] Epoch: [2] Loss: [1.4148028156031733]
2019-04-01 21:28:51 INFO     Batch: [69/120] Epoch: [2] Loss: [1.4140714287757874]
2019-04-01 21:28:51 INFO     Batch: [70/120] Epoch: [2] Loss: [1.4134400444971005]
2019-04-01 21:28:52 INFO     Batch: [71/120] Epoch: [2] Loss: [1.4125445932149887]
2019-04-01 21:28:52 INFO     Batch: [72/120] Epoch: [2] Loss: [1.4115805250324616]
2019-04-01 21:28:52 INFO     Batch: [73/120] Epoch: [2] Loss: [1.410959490247675]
2019-04-01 21:28:52 INFO     Batch: [74/120] Epoch: [2] Loss: [1.4111987479527792]
2019-04-01 21:28:52 INFO     Batch: [75/120] Epoch: [2] Loss: [1.4105957840618335]
2019-04-01 21:28:52 INFO     Batch: [76/120] Epoch: [2] Loss: [1.4112077874022644]
2019-04-01 21:28:52 INFO     Batch: [77/120] Epoch: [2] Loss: [1.4102073418788421]
2019-04-01 21:28:53 INFO     Batch: [78/120] Epoch: [2] Loss: [1.4102706049062028]
2019-04-01 21:28:53 INFO     Batch: [79/120] Epoch: [2] Loss: [1.40979915112257]
2019-04-01 21:28:53 INFO     Batch: [80/120] Epoch: [2] Loss: [1.4092015145737449]
2019-04-01 21:28:53 INFO     Batch: [81/120] Epoch: [2] Loss: [1.4081794154353258]
2019-04-01 21:28:53 INFO     Batch: [82/120] Epoch: [2] Loss: [1.4082790814250348]
2019-04-01 21:28:53 INFO     Batch: [83/120] Epoch: [2] Loss: [1.4077025268759047]
2019-04-01 21:28:53 INFO     Batch: [84/120] Epoch: [2] Loss: [1.407746671227848]
2019-04-01 21:28:54 INFO     Batch: [85/120] Epoch: [2] Loss: [1.4079709205516548]
2019-04-01 21:28:54 INFO     Batch: [86/120] Epoch: [2] Loss: [1.4072827045944916]
2019-04-01 21:28:54 INFO     Batch: [87/120] Epoch: [2] Loss: [1.4079419347372921]
2019-04-01 21:28:54 INFO     Batch: [88/120] Epoch: [2] Loss: [1.4075190525376395]
2019-04-01 21:28:54 INFO     Batch: [89/120] Epoch: [2] Loss: [1.4071080380015903]
2019-04-01 21:28:54 INFO     Batch: [90/120] Epoch: [2] Loss: [1.405971178641686]
2019-04-01 21:28:54 INFO     Batch: [91/120] Epoch: [2] Loss: [1.4064500305963599]
2019-04-01 21:28:55 INFO     Batch: [92/120] Epoch: [2] Loss: [1.4068837306832755]
2019-04-01 21:28:55 INFO     Batch: [93/120] Epoch: [2] Loss: [1.4070967765564615]
2019-04-01 21:28:55 INFO     Batch: [94/120] Epoch: [2] Loss: [1.4078585976048519]
2019-04-01 21:28:55 INFO     Batch: [95/120] Epoch: [2] Loss: [1.4075472789506118]
2019-04-01 21:28:55 INFO     Batch: [96/120] Epoch: [2] Loss: [1.4074740520457631]
2019-04-01 21:28:55 INFO     Batch: [97/120] Epoch: [2] Loss: [1.4077842697805287]
2019-04-01 21:28:55 INFO     Batch: [98/120] Epoch: [2] Loss: [1.4075270325246483]
2019-04-01 21:28:56 INFO     Batch: [99/120] Epoch: [2] Loss: [1.4074642086029052]
2019-04-01 21:28:56 INFO     Batch: [100/120] Epoch: [2] Loss: [1.4071559032591263]
2019-04-01 21:28:56 INFO     Batch: [101/120] Epoch: [2] Loss: [1.4069448358872358]
2019-04-01 21:28:56 INFO     Batch: [102/120] Epoch: [2] Loss: [1.4065549350479274]
2019-04-01 21:28:56 INFO     Batch: [103/120] Epoch: [2] Loss: [1.4067912181982627]
2019-04-01 21:28:56 INFO     Batch: [104/120] Epoch: [2] Loss: [1.406515373502459]
2019-04-01 21:28:56 INFO     Batch: [105/120] Epoch: [2] Loss: [1.4065636711300544]
2019-04-01 21:28:56 INFO     Batch: [106/120] Epoch: [2] Loss: [1.406407924456017]
2019-04-01 21:28:57 INFO     Batch: [107/120] Epoch: [2] Loss: [1.4058591723442078]
2019-04-01 21:28:57 INFO     Batch: [108/120] Epoch: [2] Loss: [1.4051391597187848]
2019-04-01 21:28:57 INFO     Batch: [109/120] Epoch: [2] Loss: [1.4038316466591574]
2019-04-01 21:28:57 INFO     Batch: [110/120] Epoch: [2] Loss: [1.402522889343468]
2019-04-01 21:28:57 INFO     Batch: [111/120] Epoch: [2] Loss: [1.401588031223842]
2019-04-01 21:28:57 INFO     Batch: [112/120] Epoch: [2] Loss: [1.4007222947821152]
2019-04-01 21:28:57 INFO     Batch: [113/120] Epoch: [2] Loss: [1.3997163364761753]
2019-04-01 21:28:58 INFO     Batch: [114/120] Epoch: [2] Loss: [1.3992634078730708]
2019-04-01 21:28:58 INFO     Batch: [115/120] Epoch: [2] Loss: [1.398091279227158]
2019-04-01 21:28:58 INFO     Batch: [116/120] Epoch: [2] Loss: [1.396965013609992]
2019-04-01 21:28:58 INFO     Batch: [117/120] Epoch: [2] Loss: [1.3951580100140328]
2019-04-01 21:28:58 INFO     Batch: [118/120] Epoch: [2] Loss: [1.3941141196659632]
2019-04-01 21:28:58 INFO     Batch: [119/120] Epoch: [2] Loss: [1.3939060678084692]
2019-04-01 21:29:00 INFO     Epoch: [2/200] Loss: [1.3939060678084692] Accuracy: [0.5658181818181819]
2019-04-01 21:29:00 INFO     Batch: [0/120] Epoch: [3] Loss: [1.248935580253601]
2019-04-01 21:29:01 INFO     Accuracy: [0.5647272727272727]

2019-04-01 21:29:01 INFO     Batch: [1/120] Epoch: [3] Loss: [1.262189507484436]
2019-04-01 21:29:01 INFO     Batch: [2/120] Epoch: [3] Loss: [1.2803655465443928]
2019-04-01 21:29:02 INFO     Batch: [3/120] Epoch: [3] Loss: [1.2864927649497986]
2019-04-01 21:29:02 INFO     Batch: [4/120] Epoch: [3] Loss: [1.2943713426589967]
2019-04-01 21:29:02 INFO     Batch: [5/120] Epoch: [3] Loss: [1.2851860721906025]
2019-04-01 21:29:02 INFO     Batch: [6/120] Epoch: [3] Loss: [1.2866123063223702]
2019-04-01 21:29:02 INFO     Batch: [7/120] Epoch: [3] Loss: [1.2945205569267273]
2019-04-01 21:29:02 INFO     Batch: [8/120] Epoch: [3] Loss: [1.2909681002298992]
2019-04-01 21:29:02 INFO     Batch: [9/120] Epoch: [3] Loss: [1.2942880868911744]
2019-04-01 21:29:03 INFO     Batch: [10/120] Epoch: [3] Loss: [1.2863882996819236]
2019-04-01 21:29:03 INFO     Batch: [11/120] Epoch: [3] Loss: [1.290665904680888]
2019-04-01 21:29:03 INFO     Batch: [12/120] Epoch: [3] Loss: [1.2923136674440825]
2019-04-01 21:29:03 INFO     Batch: [13/120] Epoch: [3] Loss: [1.2963993208748954]
2019-04-01 21:29:03 INFO     Batch: [14/120] Epoch: [3] Loss: [1.3015410025914511]
2019-04-01 21:29:03 INFO     Batch: [15/120] Epoch: [3] Loss: [1.3058413416147232]
2019-04-01 21:29:03 INFO     Batch: [16/120] Epoch: [3] Loss: [1.3063942544600542]
2019-04-01 21:29:04 INFO     Batch: [17/120] Epoch: [3] Loss: [1.3094016909599304]
2019-04-01 21:29:04 INFO     Batch: [18/120] Epoch: [3] Loss: [1.311049040995146]
2019-04-01 21:29:04 INFO     Batch: [19/120] Epoch: [3] Loss: [1.3162021696567536]
2019-04-01 21:29:04 INFO     Batch: [20/120] Epoch: [3] Loss: [1.316891806466239]
2019-04-01 21:29:04 INFO     Batch: [21/120] Epoch: [3] Loss: [1.3177437673915515]
2019-04-01 21:29:04 INFO     Batch: [22/120] Epoch: [3] Loss: [1.3186597098474917]
2019-04-01 21:29:04 INFO     Batch: [23/120] Epoch: [3] Loss: [1.3178145736455917]
2019-04-01 21:29:04 INFO     Batch: [24/120] Epoch: [3] Loss: [1.3214373636245726]
2019-04-01 21:29:05 INFO     Batch: [25/120] Epoch: [3] Loss: [1.3236864025776203]
2019-04-01 21:29:05 INFO     Batch: [26/120] Epoch: [3] Loss: [1.3234029434345387]
2019-04-01 21:29:05 INFO     Batch: [27/120] Epoch: [3] Loss: [1.3258883569921767]
2019-04-01 21:29:05 INFO     Batch: [28/120] Epoch: [3] Loss: [1.3254922587296059]
2019-04-01 21:29:05 INFO     Batch: [29/120] Epoch: [3] Loss: [1.3269927144050597]
2019-04-01 21:29:05 INFO     Batch: [30/120] Epoch: [3] Loss: [1.3288590138958347]
2019-04-01 21:29:05 INFO     Batch: [31/120] Epoch: [3] Loss: [1.3323195800185204]
2019-04-01 21:29:06 INFO     Batch: [32/120] Epoch: [3] Loss: [1.3334923693628022]
2019-04-01 21:29:06 INFO     Batch: [33/120] Epoch: [3] Loss: [1.3342750773710363]
2019-04-01 21:29:06 INFO     Batch: [34/120] Epoch: [3] Loss: [1.3341079132897513]
2019-04-01 21:29:06 INFO     Batch: [35/120] Epoch: [3] Loss: [1.3358455432785883]
2019-04-01 21:29:06 INFO     Batch: [36/120] Epoch: [3] Loss: [1.3360535357449506]
2019-04-01 21:29:06 INFO     Batch: [37/120] Epoch: [3] Loss: [1.3359358938116777]
2019-04-01 21:29:06 INFO     Batch: [38/120] Epoch: [3] Loss: [1.3363345830868452]
2019-04-01 21:29:07 INFO     Batch: [39/120] Epoch: [3] Loss: [1.3365997046232223]
2019-04-01 21:29:07 INFO     Batch: [40/120] Epoch: [3] Loss: [1.3363368220445586]
2019-04-01 21:29:07 INFO     Batch: [41/120] Epoch: [3] Loss: [1.33499052411034]
2019-04-01 21:29:07 INFO     Batch: [42/120] Epoch: [3] Loss: [1.3343235919641894]
2019-04-01 21:29:07 INFO     Batch: [43/120] Epoch: [3] Loss: [1.3329371972517534]
2019-04-01 21:29:07 INFO     Batch: [44/120] Epoch: [3] Loss: [1.3317192845874362]
2019-04-01 21:29:07 INFO     Batch: [45/120] Epoch: [3] Loss: [1.3313250101130942]
2019-04-01 21:29:08 INFO     Batch: [46/120] Epoch: [3] Loss: [1.3316698480159679]
2019-04-01 21:29:08 INFO     Batch: [47/120] Epoch: [3] Loss: [1.3297005544106166]
2019-04-01 21:29:08 INFO     Batch: [48/120] Epoch: [3] Loss: [1.3275200882736518]
2019-04-01 21:29:08 INFO     Batch: [49/120] Epoch: [3] Loss: [1.3280256724357604]
2019-04-01 21:29:08 INFO     Batch: [50/120] Epoch: [3] Loss: [1.3283726327559526]
2019-04-01 21:29:08 INFO     Batch: [51/120] Epoch: [3] Loss: [1.3281409602898817]
2019-04-01 21:29:08 INFO     Batch: [52/120] Epoch: [3] Loss: [1.3265077685410123]
2019-04-01 21:29:09 INFO     Batch: [53/120] Epoch: [3] Loss: [1.3257464369138081]
2019-04-01 21:29:09 INFO     Batch: [54/120] Epoch: [3] Loss: [1.3243016308004205]
2019-04-01 21:29:09 INFO     Batch: [55/120] Epoch: [3] Loss: [1.323903168950762]
2019-04-01 21:29:09 INFO     Batch: [56/120] Epoch: [3] Loss: [1.3234351476033528]
2019-04-01 21:29:09 INFO     Batch: [57/120] Epoch: [3] Loss: [1.323097352323861]
2019-04-01 21:29:09 INFO     Batch: [58/120] Epoch: [3] Loss: [1.3213408963154938]
2019-04-01 21:29:09 INFO     Batch: [59/120] Epoch: [3] Loss: [1.3195517003536223]
2019-04-01 21:29:10 INFO     Batch: [60/120] Epoch: [3] Loss: [1.3181329066636132]
2019-04-01 21:29:10 INFO     Batch: [61/120] Epoch: [3] Loss: [1.3172890620846902]
2019-04-01 21:29:10 INFO     Batch: [62/120] Epoch: [3] Loss: [1.3152667454310827]
2019-04-01 21:29:10 INFO     Batch: [63/120] Epoch: [3] Loss: [1.3141316324472427]
2019-04-01 21:29:10 INFO     Batch: [64/120] Epoch: [3] Loss: [1.313987607222337]
2019-04-01 21:29:10 INFO     Batch: [65/120] Epoch: [3] Loss: [1.3138662341869238]
2019-04-01 21:29:10 INFO     Batch: [66/120] Epoch: [3] Loss: [1.3134658176507523]
2019-04-01 21:29:11 INFO     Batch: [67/120] Epoch: [3] Loss: [1.3123436535105986]
2019-04-01 21:29:11 INFO     Batch: [68/120] Epoch: [3] Loss: [1.3122298043707143]
2019-04-01 21:29:11 INFO     Batch: [69/120] Epoch: [3] Loss: [1.3110345891543798]
2019-04-01 21:29:11 INFO     Batch: [70/120] Epoch: [3] Loss: [1.3108066521899802]
2019-04-01 21:29:11 INFO     Batch: [71/120] Epoch: [3] Loss: [1.3098822500970628]
2019-04-01 21:29:11 INFO     Batch: [72/120] Epoch: [3] Loss: [1.308852731365047]
2019-04-01 21:29:11 INFO     Batch: [73/120] Epoch: [3] Loss: [1.3077677359452118]
2019-04-01 21:29:12 INFO     Batch: [74/120] Epoch: [3] Loss: [1.3077429580688475]
2019-04-01 21:29:12 INFO     Batch: [75/120] Epoch: [3] Loss: [1.306571579293201]
2019-04-01 21:29:12 INFO     Batch: [76/120] Epoch: [3] Loss: [1.3062674194187314]
2019-04-01 21:29:12 INFO     Batch: [77/120] Epoch: [3] Loss: [1.307143816581139]
2019-04-01 21:29:12 INFO     Batch: [78/120] Epoch: [3] Loss: [1.3074061236804044]
2019-04-01 21:29:12 INFO     Batch: [79/120] Epoch: [3] Loss: [1.3067734450101853]
2019-04-01 21:29:12 INFO     Batch: [80/120] Epoch: [3] Loss: [1.3075180289186077]
2019-04-01 21:29:13 INFO     Batch: [81/120] Epoch: [3] Loss: [1.3081271633869265]
2019-04-01 21:29:13 INFO     Batch: [82/120] Epoch: [3] Loss: [1.3076033146984607]
2019-04-01 21:29:13 INFO     Batch: [83/120] Epoch: [3] Loss: [1.3078261060374123]
2019-04-01 21:29:13 INFO     Batch: [84/120] Epoch: [3] Loss: [1.3094767500372495]
2019-04-01 21:29:13 INFO     Batch: [85/120] Epoch: [3] Loss: [1.310148272403451]
2019-04-01 21:29:13 INFO     Batch: [86/120] Epoch: [3] Loss: [1.310848973263269]
2019-04-01 21:29:13 INFO     Batch: [87/120] Epoch: [3] Loss: [1.3108614913441918]
2019-04-01 21:29:14 INFO     Batch: [88/120] Epoch: [3] Loss: [1.311734925495105]
2019-04-01 21:29:14 INFO     Batch: [89/120] Epoch: [3] Loss: [1.3121016131507026]
2019-04-01 21:29:14 INFO     Batch: [90/120] Epoch: [3] Loss: [1.3123823011314475]
2019-04-01 21:29:14 INFO     Batch: [91/120] Epoch: [3] Loss: [1.3137609453304955]
2019-04-01 21:29:14 INFO     Batch: [92/120] Epoch: [3] Loss: [1.3137027948133406]
2019-04-01 21:29:14 INFO     Batch: [93/120] Epoch: [3] Loss: [1.3134619327301675]
2019-04-01 21:29:14 INFO     Batch: [94/120] Epoch: [3] Loss: [1.3141184530760113]
2019-04-01 21:29:14 INFO     Batch: [95/120] Epoch: [3] Loss: [1.3136228322982788]
2019-04-01 21:29:15 INFO     Batch: [96/120] Epoch: [3] Loss: [1.3141820676547964]
2019-04-01 21:29:15 INFO     Batch: [97/120] Epoch: [3] Loss: [1.3139587738076035]
2019-04-01 21:29:15 INFO     Batch: [98/120] Epoch: [3] Loss: [1.3151010852871519]
2019-04-01 21:29:15 INFO     Batch: [99/120] Epoch: [3] Loss: [1.3147378718852998]
2019-04-01 21:29:15 INFO     Batch: [100/120] Epoch: [3] Loss: [1.3145098898670462]
2019-04-01 21:29:15 INFO     Batch: [101/120] Epoch: [3] Loss: [1.3141675731715035]
2019-04-01 21:29:15 INFO     Batch: [102/120] Epoch: [3] Loss: [1.314241319026762]
2019-04-01 21:29:16 INFO     Batch: [103/120] Epoch: [3] Loss: [1.314364337004148]
2019-04-01 21:29:16 INFO     Batch: [104/120] Epoch: [3] Loss: [1.3134366432825724]
2019-04-01 21:29:16 INFO     Batch: [105/120] Epoch: [3] Loss: [1.313318059129535]
2019-04-01 21:29:16 INFO     Batch: [106/120] Epoch: [3] Loss: [1.3130796055927454]
2019-04-01 21:29:16 INFO     Batch: [107/120] Epoch: [3] Loss: [1.3121632757010284]
2019-04-01 21:29:16 INFO     Batch: [108/120] Epoch: [3] Loss: [1.311785166416693]
2019-04-01 21:29:16 INFO     Batch: [109/120] Epoch: [3] Loss: [1.3123570940711282]
2019-04-01 21:29:16 INFO     Batch: [110/120] Epoch: [3] Loss: [1.3120812016564447]
2019-04-01 21:29:17 INFO     Batch: [111/120] Epoch: [3] Loss: [1.3116015600306647]
2019-04-01 21:29:17 INFO     Batch: [112/120] Epoch: [3] Loss: [1.3099150995237638]
2019-04-01 21:29:17 INFO     Batch: [113/120] Epoch: [3] Loss: [1.3092451221064518]
2019-04-01 21:29:17 INFO     Batch: [114/120] Epoch: [3] Loss: [1.3086785534153813]
2019-04-01 21:29:17 INFO     Batch: [115/120] Epoch: [3] Loss: [1.3086740878121605]
2019-04-01 21:29:17 INFO     Batch: [116/120] Epoch: [3] Loss: [1.3087859734510765]
2019-04-01 21:29:17 INFO     Batch: [117/120] Epoch: [3] Loss: [1.307790481438071]
2019-04-01 21:29:18 INFO     Batch: [118/120] Epoch: [3] Loss: [1.306982440107009]
2019-04-01 21:29:18 INFO     Batch: [119/120] Epoch: [3] Loss: [1.3071432371934255]
2019-04-01 21:29:19 INFO     Epoch: [3/200] Loss: [1.3071432371934255] Accuracy: [0.5770909090909091]
2019-04-01 21:29:19 INFO     Batch: [0/120] Epoch: [4] Loss: [1.2734086513519287]
2019-04-01 21:29:21 INFO     Accuracy: [0.581090909090909]

2019-04-01 21:29:21 INFO     Batch: [1/120] Epoch: [4] Loss: [1.2098618745803833]
2019-04-01 21:29:21 INFO     Batch: [2/120] Epoch: [4] Loss: [1.190080960591634]
2019-04-01 21:29:21 INFO     Batch: [3/120] Epoch: [4] Loss: [1.1975753605365753]
2019-04-01 21:29:21 INFO     Batch: [4/120] Epoch: [4] Loss: [1.2002806425094605]
2019-04-01 21:29:21 INFO     Batch: [5/120] Epoch: [4] Loss: [1.2186537384986877]
2019-04-01 21:29:21 INFO     Batch: [6/120] Epoch: [4] Loss: [1.2116243498665946]
2019-04-01 21:29:22 INFO     Batch: [7/120] Epoch: [4] Loss: [1.2213942110538483]
2019-04-01 21:29:22 INFO     Batch: [8/120] Epoch: [4] Loss: [1.215054326587253]
2019-04-01 21:29:22 INFO     Batch: [9/120] Epoch: [4] Loss: [1.2186936497688294]
2019-04-01 21:29:22 INFO     Batch: [10/120] Epoch: [4] Loss: [1.2254138426347212]
2019-04-01 21:29:22 INFO     Batch: [11/120] Epoch: [4] Loss: [1.2285316685835521]
2019-04-01 21:29:22 INFO     Batch: [12/120] Epoch: [4] Loss: [1.236686688203078]
2019-04-01 21:29:22 INFO     Batch: [13/120] Epoch: [4] Loss: [1.2366934248379298]
2019-04-01 21:29:22 INFO     Batch: [14/120] Epoch: [4] Loss: [1.2410818974177042]
2019-04-01 21:29:23 INFO     Batch: [15/120] Epoch: [4] Loss: [1.2387378513813019]
2019-04-01 21:29:23 INFO     Batch: [16/120] Epoch: [4] Loss: [1.2391018236384672]
2019-04-01 21:29:23 INFO     Batch: [17/120] Epoch: [4] Loss: [1.2415017154481676]
2019-04-01 21:29:23 INFO     Batch: [18/120] Epoch: [4] Loss: [1.2445603734568547]
2019-04-01 21:29:23 INFO     Batch: [19/120] Epoch: [4] Loss: [1.2461073040962218]
2019-04-01 21:29:23 INFO     Batch: [20/120] Epoch: [4] Loss: [1.242641187849499]
2019-04-01 21:29:23 INFO     Batch: [21/120] Epoch: [4] Loss: [1.2440270510586826]
2019-04-01 21:29:24 INFO     Batch: [22/120] Epoch: [4] Loss: [1.249722703643467]
2019-04-01 21:29:24 INFO     Batch: [23/120] Epoch: [4] Loss: [1.2534434497356415]
2019-04-01 21:29:24 INFO     Batch: [24/120] Epoch: [4] Loss: [1.2567772483825683]
2019-04-01 21:29:24 INFO     Batch: [25/120] Epoch: [4] Loss: [1.2576516041388879]
2019-04-01 21:29:24 INFO     Batch: [26/120] Epoch: [4] Loss: [1.2633596526251898]
2019-04-01 21:29:24 INFO     Batch: [27/120] Epoch: [4] Loss: [1.2651374893529075]
2019-04-01 21:29:24 INFO     Batch: [28/120] Epoch: [4] Loss: [1.264412468877332]
2019-04-01 21:29:25 INFO     Batch: [29/120] Epoch: [4] Loss: [1.2674871881802876]
2019-04-01 21:29:25 INFO     Batch: [30/120] Epoch: [4] Loss: [1.274041602688451]
2019-04-01 21:29:25 INFO     Batch: [31/120] Epoch: [4] Loss: [1.2775125242769718]
2019-04-01 21:29:25 INFO     Batch: [32/120] Epoch: [4] Loss: [1.2793722333330098]
2019-04-01 21:29:25 INFO     Batch: [33/120] Epoch: [4] Loss: [1.2810820130740894]
2019-04-01 21:29:25 INFO     Batch: [34/120] Epoch: [4] Loss: [1.281544051851545]
2019-04-01 21:29:25 INFO     Batch: [35/120] Epoch: [4] Loss: [1.2854589985476599]
2019-04-01 21:29:26 INFO     Batch: [36/120] Epoch: [4] Loss: [1.2856974956151601]
2019-04-01 21:29:26 INFO     Batch: [37/120] Epoch: [4] Loss: [1.2877179415602433]
2019-04-01 21:29:26 INFO     Batch: [38/120] Epoch: [4] Loss: [1.2908172607421875]
2019-04-01 21:29:26 INFO     Batch: [39/120] Epoch: [4] Loss: [1.292779341340065]
2019-04-01 21:29:26 INFO     Batch: [40/120] Epoch: [4] Loss: [1.2973676919937134]
2019-04-01 21:29:26 INFO     Batch: [41/120] Epoch: [4] Loss: [1.2964162571089608]
2019-04-01 21:29:26 INFO     Batch: [42/120] Epoch: [4] Loss: [1.3008594679277996]
2019-04-01 21:29:27 INFO     Batch: [43/120] Epoch: [4] Loss: [1.3006824254989624]
2019-04-01 21:29:27 INFO     Batch: [44/120] Epoch: [4] Loss: [1.3032455682754516]
2019-04-01 21:29:27 INFO     Batch: [45/120] Epoch: [4] Loss: [1.3046245963677117]
2019-04-01 21:29:27 INFO     Batch: [46/120] Epoch: [4] Loss: [1.3053630438256771]
2019-04-01 21:29:27 INFO     Batch: [47/120] Epoch: [4] Loss: [1.3057880401611328]
2019-04-01 21:29:27 INFO     Batch: [48/120] Epoch: [4] Loss: [1.3070746197992442]
2019-04-01 21:29:27 INFO     Batch: [49/120] Epoch: [4] Loss: [1.306767213344574]
2019-04-01 21:29:28 INFO     Batch: [50/120] Epoch: [4] Loss: [1.3062173034630569]
2019-04-01 21:29:28 INFO     Batch: [51/120] Epoch: [4] Loss: [1.3058945605388055]
2019-04-01 21:29:28 INFO     Batch: [52/120] Epoch: [4] Loss: [1.305816927046146]
2019-04-01 21:29:28 INFO     Batch: [53/120] Epoch: [4] Loss: [1.3051210862618905]
2019-04-01 21:29:28 INFO     Batch: [54/120] Epoch: [4] Loss: [1.3039261384443803]
2019-04-01 21:29:28 INFO     Batch: [55/120] Epoch: [4] Loss: [1.3034886015313012]
2019-04-01 21:29:28 INFO     Batch: [56/120] Epoch: [4] Loss: [1.3027817847435934]
2019-04-01 21:29:29 INFO     Batch: [57/120] Epoch: [4] Loss: [1.3007996534479076]
2019-04-01 21:29:29 INFO     Batch: [58/120] Epoch: [4] Loss: [1.30032768087872]
2019-04-01 21:29:29 INFO     Batch: [59/120] Epoch: [4] Loss: [1.3007277607917787]
2019-04-01 21:29:29 INFO     Batch: [60/120] Epoch: [4] Loss: [1.3002065947798431]
2019-04-01 21:29:29 INFO     Batch: [61/120] Epoch: [4] Loss: [1.2985426706652488]
2019-04-01 21:29:29 INFO     Batch: [62/120] Epoch: [4] Loss: [1.2994307885094294]
2019-04-01 21:29:29 INFO     Batch: [63/120] Epoch: [4] Loss: [1.298340706154704]
2019-04-01 21:29:30 INFO     Batch: [64/120] Epoch: [4] Loss: [1.2977673328839816]
2019-04-01 21:29:30 INFO     Batch: [65/120] Epoch: [4] Loss: [1.2971946181672993]
