2019-04-14 19:24:18 INFO     Loading Data
2019-04-14 19:24:56 INFO     Model Setting Up
2019-04-14 19:25:17 INFO     train_dir : [../mnist/train]
2019-04-14 19:25:17 INFO     test_dir : [../mnist/test]
2019-04-14 19:25:17 INFO     save_dir : [./save]
2019-04-14 19:25:17 INFO     num_epochs : [500]
2019-04-14 19:25:17 INFO     batch_size : [300]
2019-04-14 19:25:17 INFO     num_points : [512]
2019-04-14 19:25:17 INFO     sigma : [0.05]
2019-04-14 19:25:17 INFO     log_interval : [1000]
2019-04-14 19:25:17 INFO     save_interval : [50]
2019-04-14 19:25:17 INFO     baselr : [5e-05]
2019-04-14 19:25:17 INFO     density_radius : [0.2]
2019-04-14 19:25:17 INFO     feature_out1 : [8]
2019-04-14 19:25:17 INFO     feature_out2 : [16]
2019-04-14 19:25:17 INFO     feature_out3 : [32]
2019-04-14 19:25:17 INFO     feature_out4 : [64]
2019-04-14 19:25:17 INFO     feature_out5 : [128]
2019-04-14 19:25:17 INFO     num_classes : [10]
2019-04-14 19:25:17 INFO     bandwidth_0 : [10]
2019-04-14 19:25:17 INFO     bandwidth_out1 : [10]
2019-04-14 19:25:17 INFO     bandwidth_out2 : [8]
2019-04-14 19:25:17 INFO     bandwidth_out3 : [6]
2019-04-14 19:25:17 INFO     bandwidth_out4 : [4]
2019-04-14 19:25:17 INFO     bandwidth_out5 : [2]
2019-04-14 19:25:17 INFO     resume_training : [0]
2019-04-14 19:25:17 INFO     Start Training
2019-04-14 19:25:18 INFO     Saved model checkpoints into ./save/2019-04-14_19-25-17-model.ckpt...
2019-04-14 19:25:32 INFO     Batch: [0/200] Epoch: [0] Loss: [2.302298069000244]
2019-04-14 19:25:33 INFO     Batch: [1/200] Epoch: [0] Loss: [2.3054832220077515]
2019-04-14 19:25:33 INFO     Batch: [2/200] Epoch: [0] Loss: [2.3086417516072593]
2019-04-14 19:25:33 INFO     Batch: [3/200] Epoch: [0] Loss: [2.306581735610962]
2019-04-14 19:25:33 INFO     Batch: [4/200] Epoch: [0] Loss: [2.305914783477783]
2019-04-14 19:25:34 INFO     Batch: [5/200] Epoch: [0] Loss: [2.3043800592422485]
2019-04-14 19:25:34 INFO     Batch: [6/200] Epoch: [0] Loss: [2.3038036142076765]
2019-04-14 19:25:34 INFO     Batch: [7/200] Epoch: [0] Loss: [2.3037540912628174]
2019-04-14 19:25:34 INFO     Batch: [8/200] Epoch: [0] Loss: [2.302451557583279]
2019-04-14 19:25:35 INFO     Batch: [9/200] Epoch: [0] Loss: [2.301986575126648]
2019-04-14 19:25:35 INFO     Batch: [10/200] Epoch: [0] Loss: [2.300364472649314]
2019-04-14 19:25:35 INFO     Batch: [11/200] Epoch: [0] Loss: [2.300661643346151]
2019-04-14 19:25:35 INFO     Batch: [12/200] Epoch: [0] Loss: [2.2994938446925235]
2019-04-14 19:25:36 INFO     Batch: [13/200] Epoch: [0] Loss: [2.2996041434151784]
2019-04-14 19:25:36 INFO     Batch: [14/200] Epoch: [0] Loss: [2.298357025782267]
2019-04-14 19:25:36 INFO     Batch: [15/200] Epoch: [0] Loss: [2.297446846961975]
2019-04-14 19:25:36 INFO     Batch: [16/200] Epoch: [0] Loss: [2.296690548167509]
2019-04-14 19:25:37 INFO     Batch: [17/200] Epoch: [0] Loss: [2.296825978491041]
2019-04-14 19:25:37 INFO     Batch: [18/200] Epoch: [0] Loss: [2.296500005220112]
2019-04-14 19:25:37 INFO     Batch: [19/200] Epoch: [0] Loss: [2.2960890769958495]
2019-04-14 19:25:37 INFO     Batch: [20/200] Epoch: [0] Loss: [2.2961676915486655]
2019-04-14 19:25:38 INFO     Batch: [21/200] Epoch: [0] Loss: [2.2968651489778]
2019-04-14 19:25:38 INFO     Batch: [22/200] Epoch: [0] Loss: [2.2966557896655537]
2019-04-14 19:25:38 INFO     Batch: [23/200] Epoch: [0] Loss: [2.2963684499263763]
2019-04-14 19:25:38 INFO     Batch: [24/200] Epoch: [0] Loss: [2.2962480449676512]
2019-04-14 19:25:39 INFO     Batch: [25/200] Epoch: [0] Loss: [2.29587668638963]
2019-04-14 19:25:39 INFO     Batch: [26/200] Epoch: [0] Loss: [2.294987784491645]
2019-04-14 19:25:39 INFO     Batch: [27/200] Epoch: [0] Loss: [2.2948086176599776]
2019-04-14 19:25:39 INFO     Batch: [28/200] Epoch: [0] Loss: [2.2950833748126853]
2019-04-14 19:25:40 INFO     Batch: [29/200] Epoch: [0] Loss: [2.2946139176686606]
2019-04-14 19:25:40 INFO     Batch: [30/200] Epoch: [0] Loss: [2.2941275027490433]
2019-04-14 19:25:40 INFO     Batch: [31/200] Epoch: [0] Loss: [2.2938840463757515]
2019-04-14 19:25:40 INFO     Batch: [32/200] Epoch: [0] Loss: [2.2936237075112085]
2019-04-14 19:25:41 INFO     Batch: [33/200] Epoch: [0] Loss: [2.292905562064227]
2019-04-14 19:25:41 INFO     Batch: [34/200] Epoch: [0] Loss: [2.292308487210955]
2019-04-14 19:25:41 INFO     Batch: [35/200] Epoch: [0] Loss: [2.291983571317461]
2019-04-14 19:25:41 INFO     Batch: [36/200] Epoch: [0] Loss: [2.291126296326921]
2019-04-14 19:25:42 INFO     Batch: [37/200] Epoch: [0] Loss: [2.2905664945903577]
2019-04-14 19:25:42 INFO     Batch: [38/200] Epoch: [0] Loss: [2.2900196344424515]
2019-04-14 19:25:42 INFO     Batch: [39/200] Epoch: [0] Loss: [2.2892356753349303]
2019-04-14 19:25:42 INFO     Batch: [40/200] Epoch: [0] Loss: [2.288368201837307]
2019-04-14 19:25:43 INFO     Batch: [41/200] Epoch: [0] Loss: [2.287735927672613]
2019-04-14 19:25:43 INFO     Batch: [42/200] Epoch: [0] Loss: [2.2874795226163642]
2019-04-14 19:25:43 INFO     Batch: [43/200] Epoch: [0] Loss: [2.2869913252917202]
2019-04-14 19:25:43 INFO     Batch: [44/200] Epoch: [0] Loss: [2.2861374378204347]
2019-04-14 19:25:44 INFO     Batch: [45/200] Epoch: [0] Loss: [2.2859331058419268]
2019-04-14 19:25:44 INFO     Batch: [46/200] Epoch: [0] Loss: [2.2859671521694103]
2019-04-14 19:25:44 INFO     Batch: [47/200] Epoch: [0] Loss: [2.285445918639501]
2019-04-14 19:25:44 INFO     Batch: [48/200] Epoch: [0] Loss: [2.284864148315118]
2019-04-14 19:25:45 INFO     Batch: [49/200] Epoch: [0] Loss: [2.284570298194885]
2019-04-14 19:25:45 INFO     Batch: [50/200] Epoch: [0] Loss: [2.284083216798072]
2019-04-14 19:25:45 INFO     Batch: [51/200] Epoch: [0] Loss: [2.283610564011794]
2019-04-14 19:25:45 INFO     Batch: [52/200] Epoch: [0] Loss: [2.2832863825672076]
2019-04-14 19:25:46 INFO     Batch: [53/200] Epoch: [0] Loss: [2.2829933166503906]
2019-04-14 19:25:46 INFO     Batch: [54/200] Epoch: [0] Loss: [2.282979960875078]
2019-04-14 19:25:46 INFO     Batch: [55/200] Epoch: [0] Loss: [2.282438576221466]
2019-04-14 19:25:46 INFO     Batch: [56/200] Epoch: [0] Loss: [2.2818389148042915]
2019-04-14 19:25:47 INFO     Batch: [57/200] Epoch: [0] Loss: [2.281573640889135]
2019-04-14 19:25:47 INFO     Batch: [58/200] Epoch: [0] Loss: [2.2813978599289717]
2019-04-14 19:25:47 INFO     Batch: [59/200] Epoch: [0] Loss: [2.2809564153353374]
2019-04-14 19:25:47 INFO     Batch: [60/200] Epoch: [0] Loss: [2.280300308446415]
2019-04-14 19:25:48 INFO     Batch: [61/200] Epoch: [0] Loss: [2.2797082777946227]
2019-04-14 19:25:48 INFO     Batch: [62/200] Epoch: [0] Loss: [2.279009739557902]
2019-04-14 19:25:48 INFO     Batch: [63/200] Epoch: [0] Loss: [2.2789444252848625]
2019-04-14 19:25:49 INFO     Batch: [64/200] Epoch: [0] Loss: [2.2786120194655197]
2019-04-14 19:25:49 INFO     Batch: [65/200] Epoch: [0] Loss: [2.278371157068195]
2019-04-14 19:25:49 INFO     Batch: [66/200] Epoch: [0] Loss: [2.2781579316552008]
2019-04-14 19:25:49 INFO     Batch: [67/200] Epoch: [0] Loss: [2.2778983852442574]
2019-04-14 19:25:50 INFO     Batch: [68/200] Epoch: [0] Loss: [2.277320357336514]
2019-04-14 19:25:50 INFO     Batch: [69/200] Epoch: [0] Loss: [2.2769404479435513]
2019-04-14 19:25:50 INFO     Batch: [70/200] Epoch: [0] Loss: [2.276352066389272]
2019-04-14 19:25:50 INFO     Batch: [71/200] Epoch: [0] Loss: [2.2756340305010476]
2019-04-14 19:25:51 INFO     Batch: [72/200] Epoch: [0] Loss: [2.275033026525419]
2019-04-14 19:25:51 INFO     Batch: [73/200] Epoch: [0] Loss: [2.2745148652308695]
2019-04-14 19:25:51 INFO     Batch: [74/200] Epoch: [0] Loss: [2.2742188771565757]
2019-04-14 19:25:51 INFO     Batch: [75/200] Epoch: [0] Loss: [2.27396496659831]
2019-04-14 19:25:52 INFO     Batch: [76/200] Epoch: [0] Loss: [2.2734574807154666]
2019-04-14 19:25:52 INFO     Batch: [77/200] Epoch: [0] Loss: [2.273331559621371]
2019-04-14 19:25:52 INFO     Batch: [78/200] Epoch: [0] Loss: [2.273152746731722]
2019-04-14 19:25:52 INFO     Batch: [79/200] Epoch: [0] Loss: [2.2726405382156374]
2019-04-14 19:25:53 INFO     Batch: [80/200] Epoch: [0] Loss: [2.2724085236773077]
2019-04-14 19:25:53 INFO     Batch: [81/200] Epoch: [0] Loss: [2.2721070545475657]
2019-04-14 19:25:53 INFO     Batch: [82/200] Epoch: [0] Loss: [2.271986349519477]
2019-04-14 19:25:53 INFO     Batch: [83/200] Epoch: [0] Loss: [2.2713874266261147]
2019-04-14 19:25:54 INFO     Batch: [84/200] Epoch: [0] Loss: [2.27075036834268]
2019-04-14 19:25:54 INFO     Batch: [85/200] Epoch: [0] Loss: [2.2702264425366425]
2019-04-14 19:25:54 INFO     Batch: [86/200] Epoch: [0] Loss: [2.2699951248607415]
2019-04-14 19:25:54 INFO     Batch: [87/200] Epoch: [0] Loss: [2.2700531645254656]
2019-04-14 19:25:55 INFO     Batch: [88/200] Epoch: [0] Loss: [2.269520194342967]
2019-04-14 19:25:55 INFO     Batch: [89/200] Epoch: [0] Loss: [2.268920474582248]
2019-04-14 19:25:55 INFO     Batch: [90/200] Epoch: [0] Loss: [2.2686899730137418]
2019-04-14 19:25:55 INFO     Batch: [91/200] Epoch: [0] Loss: [2.2684034679246987]
2019-04-14 19:25:56 INFO     Batch: [92/200] Epoch: [0] Loss: [2.267899964445381]
2019-04-14 19:25:56 INFO     Batch: [93/200] Epoch: [0] Loss: [2.267338922683229]
2019-04-14 19:25:56 INFO     Batch: [94/200] Epoch: [0] Loss: [2.2670103048023424]
2019-04-14 19:25:56 INFO     Batch: [95/200] Epoch: [0] Loss: [2.266503281891346]
2019-04-14 19:25:57 INFO     Batch: [96/200] Epoch: [0] Loss: [2.2661255364565505]
2019-04-14 19:25:57 INFO     Batch: [97/200] Epoch: [0] Loss: [2.2656261969585807]
2019-04-14 19:25:57 INFO     Batch: [98/200] Epoch: [0] Loss: [2.265278560946686]
2019-04-14 19:25:57 INFO     Batch: [99/200] Epoch: [0] Loss: [2.264593482017517]
2019-04-14 19:25:58 INFO     Batch: [100/200] Epoch: [0] Loss: [2.2640934250142313]
2019-04-14 19:25:58 INFO     Batch: [101/200] Epoch: [0] Loss: [2.2639977861853207]
2019-04-14 19:25:58 INFO     Batch: [102/200] Epoch: [0] Loss: [2.2635665912072636]
2019-04-14 19:25:58 INFO     Batch: [103/200] Epoch: [0] Loss: [2.2631502197338986]
2019-04-14 19:25:59 INFO     Batch: [104/200] Epoch: [0] Loss: [2.2629009769076394]
2019-04-14 19:25:59 INFO     Batch: [105/200] Epoch: [0] Loss: [2.2626557665051155]
2019-04-14 19:25:59 INFO     Batch: [106/200] Epoch: [0] Loss: [2.2622218332558033]
2019-04-14 19:25:59 INFO     Batch: [107/200] Epoch: [0] Loss: [2.261668081636782]
2019-04-14 19:26:00 INFO     Batch: [108/200] Epoch: [0] Loss: [2.261385817046559]
2019-04-14 19:26:00 INFO     Batch: [109/200] Epoch: [0] Loss: [2.261002300002358]
2019-04-14 19:26:00 INFO     Batch: [110/200] Epoch: [0] Loss: [2.2606311188087806]
2019-04-14 19:26:00 INFO     Batch: [111/200] Epoch: [0] Loss: [2.259931438735553]
2019-04-14 19:26:01 INFO     Batch: [112/200] Epoch: [0] Loss: [2.2596779502598587]
2019-04-14 19:26:01 INFO     Batch: [113/200] Epoch: [0] Loss: [2.259337249555086]
2019-04-14 19:26:01 INFO     Batch: [114/200] Epoch: [0] Loss: [2.2588078042735225]
2019-04-14 19:26:01 INFO     Batch: [115/200] Epoch: [0] Loss: [2.2584762860988747]
2019-04-14 19:26:02 INFO     Batch: [116/200] Epoch: [0] Loss: [2.2583667865166297]
2019-04-14 19:26:02 INFO     Batch: [117/200] Epoch: [0] Loss: [2.2581712270187118]
2019-04-14 19:26:02 INFO     Batch: [118/200] Epoch: [0] Loss: [2.2574583101673285]
2019-04-14 19:26:02 INFO     Batch: [119/200] Epoch: [0] Loss: [2.2570324540138245]
2019-04-14 19:26:03 INFO     Batch: [120/200] Epoch: [0] Loss: [2.2567406350916084]
2019-04-14 19:26:03 INFO     Batch: [121/200] Epoch: [0] Loss: [2.2563045904284618]
2019-04-14 19:26:03 INFO     Batch: [122/200] Epoch: [0] Loss: [2.256108939163084]
2019-04-14 19:26:03 INFO     Batch: [123/200] Epoch: [0] Loss: [2.25547121993957]
2019-04-14 19:26:04 INFO     Batch: [124/200] Epoch: [0] Loss: [2.254800117492676]
2019-04-14 19:26:04 INFO     Batch: [125/200] Epoch: [0] Loss: [2.254623973180377]
2019-04-14 19:26:04 INFO     Batch: [126/200] Epoch: [0] Loss: [2.254109285009189]
2019-04-14 19:26:04 INFO     Batch: [127/200] Epoch: [0] Loss: [2.2536202296614647]
2019-04-14 19:26:05 INFO     Batch: [128/200] Epoch: [0] Loss: [2.2533367752104767]
2019-04-14 19:26:05 INFO     Batch: [129/200] Epoch: [0] Loss: [2.2529632018162653]
2019-04-14 19:26:05 INFO     Batch: [130/200] Epoch: [0] Loss: [2.252575286472117]
2019-04-14 19:26:05 INFO     Batch: [131/200] Epoch: [0] Loss: [2.2522600780833852]
2019-04-14 19:26:06 INFO     Batch: [132/200] Epoch: [0] Loss: [2.2520371594823394]
2019-04-14 19:26:06 INFO     Batch: [133/200] Epoch: [0] Loss: [2.2514340735193508]
2019-04-14 19:26:06 INFO     Batch: [134/200] Epoch: [0] Loss: [2.251295891514531]
2019-04-14 19:26:06 INFO     Batch: [135/200] Epoch: [0] Loss: [2.250927847974441]
2019-04-14 19:26:07 INFO     Batch: [136/200] Epoch: [0] Loss: [2.250672258599831]
2019-04-14 19:26:07 INFO     Batch: [137/200] Epoch: [0] Loss: [2.250200983406841]
2019-04-14 19:26:07 INFO     Batch: [138/200] Epoch: [0] Loss: [2.2496720303734428]
2019-04-14 19:26:07 INFO     Batch: [139/200] Epoch: [0] Loss: [2.249158135482243]
2019-04-14 19:26:08 INFO     Batch: [140/200] Epoch: [0] Loss: [2.2488831340843904]
2019-04-14 19:26:08 INFO     Batch: [141/200] Epoch: [0] Loss: [2.248719702304249]
2019-04-14 19:26:08 INFO     Batch: [142/200] Epoch: [0] Loss: [2.2483894258112342]
2019-04-14 19:26:08 INFO     Batch: [143/200] Epoch: [0] Loss: [2.247836046748691]
2019-04-14 19:26:09 INFO     Batch: [144/200] Epoch: [0] Loss: [2.2474255282303384]
2019-04-14 19:26:09 INFO     Batch: [145/200] Epoch: [0] Loss: [2.2468713309666883]
2019-04-14 19:26:09 INFO     Batch: [146/200] Epoch: [0] Loss: [2.246365495279533]
2019-04-14 19:26:09 INFO     Batch: [147/200] Epoch: [0] Loss: [2.245861960423959]
2019-04-14 19:26:10 INFO     Batch: [148/200] Epoch: [0] Loss: [2.2453398064478933]
2019-04-14 19:26:10 INFO     Batch: [149/200] Epoch: [0] Loss: [2.2447339884440103]
2019-04-14 19:26:10 INFO     Batch: [150/200] Epoch: [0] Loss: [2.24442963410687]
2019-04-14 19:26:10 INFO     Batch: [151/200] Epoch: [0] Loss: [2.2441679945117547]
2019-04-14 19:26:11 INFO     Batch: [152/200] Epoch: [0] Loss: [2.2434041468925727]
2019-04-14 19:26:11 INFO     Batch: [153/200] Epoch: [0] Loss: [2.242945027041745]
2019-04-14 19:26:11 INFO     Batch: [154/200] Epoch: [0] Loss: [2.2423627899539085]
2019-04-14 19:26:12 INFO     Batch: [155/200] Epoch: [0] Loss: [2.241895322616284]
2019-04-14 19:26:12 INFO     Batch: [156/200] Epoch: [0] Loss: [2.2415421813916248]
2019-04-14 19:26:12 INFO     Batch: [157/200] Epoch: [0] Loss: [2.241085050981256]
2019-04-14 19:26:12 INFO     Batch: [158/200] Epoch: [0] Loss: [2.2405854950910844]
2019-04-14 19:26:13 INFO     Batch: [159/200] Epoch: [0] Loss: [2.2401686519384385]
2019-04-14 19:26:13 INFO     Batch: [160/200] Epoch: [0] Loss: [2.2397314317478156]
2019-04-14 19:26:13 INFO     Batch: [161/200] Epoch: [0] Loss: [2.2394075555565918]
2019-04-14 19:26:13 INFO     Batch: [162/200] Epoch: [0] Loss: [2.238837862307309]
2019-04-14 19:26:14 INFO     Batch: [163/200] Epoch: [0] Loss: [2.238274625161799]
2019-04-14 19:26:14 INFO     Batch: [164/200] Epoch: [0] Loss: [2.237811553839481]
2019-04-14 19:26:14 INFO     Batch: [165/200] Epoch: [0] Loss: [2.237107811203922]
2019-04-14 19:26:14 INFO     Batch: [166/200] Epoch: [0] Loss: [2.2363900638626006]
2019-04-14 19:26:15 INFO     Batch: [167/200] Epoch: [0] Loss: [2.2358522542885373]
2019-04-14 19:26:15 INFO     Batch: [168/200] Epoch: [0] Loss: [2.235232419516208]
2019-04-14 19:26:15 INFO     Batch: [169/200] Epoch: [0] Loss: [2.234776226211997]
2019-04-14 19:26:15 INFO     Batch: [170/200] Epoch: [0] Loss: [2.2341999993686787]
2019-04-14 19:26:16 INFO     Batch: [171/200] Epoch: [0] Loss: [2.2335249920224034]
2019-04-14 19:26:16 INFO     Batch: [172/200] Epoch: [0] Loss: [2.2331488669952217]
2019-04-14 19:26:16 INFO     Batch: [173/200] Epoch: [0] Loss: [2.2329056975485266]
2019-04-14 19:26:16 INFO     Batch: [174/200] Epoch: [0] Loss: [2.2325838266100204]
2019-04-14 19:26:17 INFO     Batch: [175/200] Epoch: [0] Loss: [2.231854656880552]
2019-04-14 19:26:17 INFO     Batch: [176/200] Epoch: [0] Loss: [2.2312353775326144]
2019-04-14 19:26:17 INFO     Batch: [177/200] Epoch: [0] Loss: [2.230651513914044]
2019-04-14 19:26:17 INFO     Batch: [178/200] Epoch: [0] Loss: [2.2301189686333003]
2019-04-14 19:26:18 INFO     Batch: [179/200] Epoch: [0] Loss: [2.2297224945492213]
2019-04-14 19:26:18 INFO     Batch: [180/200] Epoch: [0] Loss: [2.2293497264714532]
2019-04-14 19:26:18 INFO     Batch: [181/200] Epoch: [0] Loss: [2.2286876151849935]
2019-04-14 19:26:18 INFO     Batch: [182/200] Epoch: [0] Loss: [2.228232313375004]
2019-04-14 19:26:19 INFO     Batch: [183/200] Epoch: [0] Loss: [2.2277085392371467]
2019-04-14 19:26:19 INFO     Batch: [184/200] Epoch: [0] Loss: [2.227333532797324]
2019-04-14 19:26:19 INFO     Batch: [185/200] Epoch: [0] Loss: [2.226800168714216]
2019-04-14 19:26:19 INFO     Batch: [186/200] Epoch: [0] Loss: [2.226390099142962]
2019-04-14 19:26:20 INFO     Batch: [187/200] Epoch: [0] Loss: [2.2257020308616315]
2019-04-14 19:26:20 INFO     Batch: [188/200] Epoch: [0] Loss: [2.225381779292273]
2019-04-14 19:26:20 INFO     Batch: [189/200] Epoch: [0] Loss: [2.2249207835448415]
2019-04-14 19:26:20 INFO     Batch: [190/200] Epoch: [0] Loss: [2.2243632046964157]
2019-04-14 19:26:21 INFO     Batch: [191/200] Epoch: [0] Loss: [2.223951776822408]
2019-04-14 19:26:21 INFO     Batch: [192/200] Epoch: [0] Loss: [2.2234139961282207]
2019-04-14 19:26:21 INFO     Batch: [193/200] Epoch: [0] Loss: [2.2229103833129726]
2019-04-14 19:26:21 INFO     Batch: [194/200] Epoch: [0] Loss: [2.222654795035338]
2019-04-14 19:26:22 INFO     Batch: [195/200] Epoch: [0] Loss: [2.222236774405655]
2019-04-14 19:26:22 INFO     Batch: [196/200] Epoch: [0] Loss: [2.2216364901683052]
2019-04-14 19:26:22 INFO     Batch: [197/200] Epoch: [0] Loss: [2.221144443810588]
2019-04-14 19:26:22 INFO     Batch: [198/200] Epoch: [0] Loss: [2.220575893344592]
2019-04-14 19:26:32 INFO     Batch: [199/200] Epoch: [0] Loss: [2.220096980333328]
2019-04-14 19:26:33 INFO     
Parameter containing:
tensor([[ 0.2831,  0.4094,  0.5435],
        [ 0.4189,  0.3707, -0.4719],
        [-0.3242,  0.0629, -0.5450]], device='cuda:0', requires_grad=True)
2019-04-14 19:26:33 INFO     **************** Epoch: [0/500] Accuracy: [0.0393939393939394] ****************

2019-04-14 19:26:34 INFO     Batch: [0/200] Epoch: [1] Loss: [2.117757797241211]
2019-04-14 19:26:34 INFO     Batch: [1/200] Epoch: [1] Loss: [2.141872763633728]
2019-04-14 19:26:34 INFO     Batch: [2/200] Epoch: [1] Loss: [2.137650728225708]
2019-04-14 19:26:35 INFO     Batch: [3/200] Epoch: [1] Loss: [2.144281268119812]
2019-04-14 19:26:35 INFO     Batch: [4/200] Epoch: [1] Loss: [2.141171169281006]
2019-04-14 19:26:35 INFO     Batch: [5/200] Epoch: [1] Loss: [2.1360443433125815]
2019-04-14 19:26:35 INFO     Batch: [6/200] Epoch: [1] Loss: [2.139979600906372]
2019-04-14 19:26:36 INFO     Batch: [7/200] Epoch: [1] Loss: [2.132691979408264]
2019-04-14 19:26:36 INFO     Batch: [8/200] Epoch: [1] Loss: [2.130648957358466]
2019-04-14 19:26:36 INFO     Batch: [9/200] Epoch: [1] Loss: [2.1292009592056274]
2019-04-14 19:26:36 INFO     Batch: [10/200] Epoch: [1] Loss: [2.126803896643899]
2019-04-14 19:26:37 INFO     Batch: [11/200] Epoch: [1] Loss: [2.12933748960495]
2019-04-14 19:26:37 INFO     Batch: [12/200] Epoch: [1] Loss: [2.1294389504652758]
2019-04-14 19:26:37 INFO     Batch: [13/200] Epoch: [1] Loss: [2.1283409936087474]
2019-04-14 19:26:37 INFO     Batch: [14/200] Epoch: [1] Loss: [2.127905337015788]
2019-04-14 19:26:38 INFO     Batch: [15/200] Epoch: [1] Loss: [2.1254580169916153]
2019-04-14 19:26:38 INFO     Batch: [16/200] Epoch: [1] Loss: [2.1225719031165626]
2019-04-14 19:26:38 INFO     Batch: [17/200] Epoch: [1] Loss: [2.1202361716164484]
2019-04-14 19:26:38 INFO     Batch: [18/200] Epoch: [1] Loss: [2.1176742252550627]
2019-04-14 19:26:39 INFO     Batch: [19/200] Epoch: [1] Loss: [2.117619740962982]
2019-04-14 19:26:39 INFO     Batch: [20/200] Epoch: [1] Loss: [2.1164972555069697]
2019-04-14 19:26:39 INFO     Batch: [21/200] Epoch: [1] Loss: [2.117040590806441]
2019-04-14 19:26:39 INFO     Batch: [22/200] Epoch: [1] Loss: [2.1161589207856553]
2019-04-14 19:26:40 INFO     Batch: [23/200] Epoch: [1] Loss: [2.1163059771060944]
2019-04-14 19:26:40 INFO     Batch: [24/200] Epoch: [1] Loss: [2.1141361141204835]
2019-04-14 19:26:40 INFO     Batch: [25/200] Epoch: [1] Loss: [2.1133810923649716]
2019-04-14 19:26:40 INFO     Batch: [26/200] Epoch: [1] Loss: [2.1123754713270397]
2019-04-14 19:26:41 INFO     Batch: [27/200] Epoch: [1] Loss: [2.1123678343636647]
2019-04-14 19:26:41 INFO     Batch: [28/200] Epoch: [1] Loss: [2.111874374850043]
2019-04-14 19:26:41 INFO     Batch: [29/200] Epoch: [1] Loss: [2.112047878901164]
2019-04-14 19:26:41 INFO     Batch: [30/200] Epoch: [1] Loss: [2.1119529970230593]
2019-04-14 19:26:42 INFO     Batch: [31/200] Epoch: [1] Loss: [2.1119960844516754]
2019-04-14 19:26:42 INFO     Batch: [32/200] Epoch: [1] Loss: [2.1113125988931367]
2019-04-14 19:26:42 INFO     Batch: [33/200] Epoch: [1] Loss: [2.109985526870279]
2019-04-14 19:26:42 INFO     Batch: [34/200] Epoch: [1] Loss: [2.10861462865557]
2019-04-14 19:26:43 INFO     Batch: [35/200] Epoch: [1] Loss: [2.107618040508694]
2019-04-14 19:26:43 INFO     Batch: [36/200] Epoch: [1] Loss: [2.1061284284333923]
2019-04-14 19:26:43 INFO     Batch: [37/200] Epoch: [1] Loss: [2.1064212259493376]
2019-04-14 19:26:44 INFO     Batch: [38/200] Epoch: [1] Loss: [2.1063441190964136]
2019-04-14 19:26:44 INFO     Batch: [39/200] Epoch: [1] Loss: [2.1057822167873383]
2019-04-14 19:26:44 INFO     Batch: [40/200] Epoch: [1] Loss: [2.1044398924199545]
2019-04-14 19:26:44 INFO     Batch: [41/200] Epoch: [1] Loss: [2.104422410329183]
2019-04-14 19:26:45 INFO     Batch: [42/200] Epoch: [1] Loss: [2.1043624767037326]
2019-04-14 19:26:45 INFO     Batch: [43/200] Epoch: [1] Loss: [2.1046635779467495]
2019-04-14 19:26:45 INFO     Batch: [44/200] Epoch: [1] Loss: [2.103870391845703]
2019-04-14 19:26:45 INFO     Batch: [45/200] Epoch: [1] Loss: [2.103414219358693]
2019-04-14 19:26:46 INFO     Batch: [46/200] Epoch: [1] Loss: [2.102878032846654]
2019-04-14 19:26:46 INFO     Batch: [47/200] Epoch: [1] Loss: [2.1030907332897186]
2019-04-14 19:26:46 INFO     Batch: [48/200] Epoch: [1] Loss: [2.1024353796122024]
2019-04-14 19:26:46 INFO     Batch: [49/200] Epoch: [1] Loss: [2.1019431447982786]
2019-04-14 19:26:47 INFO     Batch: [50/200] Epoch: [1] Loss: [2.1015554689893534]
2019-04-14 19:26:47 INFO     Batch: [51/200] Epoch: [1] Loss: [2.1010566766445455]
2019-04-14 19:26:47 INFO     Batch: [52/200] Epoch: [1] Loss: [2.101233612816289]
2019-04-14 19:26:47 INFO     Batch: [53/200] Epoch: [1] Loss: [2.1009497819123446]
2019-04-14 19:26:48 INFO     Batch: [54/200] Epoch: [1] Loss: [2.1007973670959474]
2019-04-14 19:26:48 INFO     Batch: [55/200] Epoch: [1] Loss: [2.1004808034215654]
2019-04-14 19:26:48 INFO     Batch: [56/200] Epoch: [1] Loss: [2.100030857220031]
2019-04-14 19:26:48 INFO     Batch: [57/200] Epoch: [1] Loss: [2.099230573095124]
2019-04-14 19:26:49 INFO     Batch: [58/200] Epoch: [1] Loss: [2.09924111932011]
2019-04-14 19:26:49 INFO     Batch: [59/200] Epoch: [1] Loss: [2.098144082228343]
2019-04-14 19:26:49 INFO     Batch: [60/200] Epoch: [1] Loss: [2.097245294539655]
2019-04-14 19:26:49 INFO     Batch: [61/200] Epoch: [1] Loss: [2.097178793722583]
2019-04-14 19:26:50 INFO     Batch: [62/200] Epoch: [1] Loss: [2.097305479503813]
2019-04-14 19:26:50 INFO     Batch: [63/200] Epoch: [1] Loss: [2.097389377653599]
2019-04-14 19:26:50 INFO     Batch: [64/200] Epoch: [1] Loss: [2.0973814487457276]
2019-04-14 19:26:50 INFO     Batch: [65/200] Epoch: [1] Loss: [2.097157080968221]
2019-04-14 19:26:51 INFO     Batch: [66/200] Epoch: [1] Loss: [2.096271134134549]
2019-04-14 19:26:51 INFO     Batch: [67/200] Epoch: [1] Loss: [2.0953633785247803]
2019-04-14 19:26:51 INFO     Batch: [68/200] Epoch: [1] Loss: [2.0943486034006313]
2019-04-14 19:26:51 INFO     Batch: [69/200] Epoch: [1] Loss: [2.093802281788417]
2019-04-14 19:26:52 INFO     Batch: [70/200] Epoch: [1] Loss: [2.0930462152185574]
2019-04-14 19:26:52 INFO     Batch: [71/200] Epoch: [1] Loss: [2.0924945639239416]
2019-04-14 19:26:52 INFO     Batch: [72/200] Epoch: [1] Loss: [2.091850751066861]
2019-04-14 19:26:52 INFO     Batch: [73/200] Epoch: [1] Loss: [2.091495156288147]
2019-04-14 19:26:53 INFO     Batch: [74/200] Epoch: [1] Loss: [2.0911067867279054]
2019-04-14 19:26:53 INFO     Batch: [75/200] Epoch: [1] Loss: [2.0909982982434725]
2019-04-14 19:26:53 INFO     Batch: [76/200] Epoch: [1] Loss: [2.090460068219668]
2019-04-14 19:26:53 INFO     Batch: [77/200] Epoch: [1] Loss: [2.089698858750172]
2019-04-14 19:26:54 INFO     Batch: [78/200] Epoch: [1] Loss: [2.0891863032232356]
2019-04-14 19:26:54 INFO     Batch: [79/200] Epoch: [1] Loss: [2.088748037815094]
2019-04-14 19:26:54 INFO     Batch: [80/200] Epoch: [1] Loss: [2.0883987303133362]
2019-04-14 19:26:54 INFO     Batch: [81/200] Epoch: [1] Loss: [2.087787308344027]
2019-04-14 19:26:55 INFO     Batch: [82/200] Epoch: [1] Loss: [2.086846808353102]
2019-04-14 19:26:55 INFO     Batch: [83/200] Epoch: [1] Loss: [2.086279633499327]
2019-04-14 19:26:55 INFO     Batch: [84/200] Epoch: [1] Loss: [2.0860727815067066]
2019-04-14 19:26:55 INFO     Batch: [85/200] Epoch: [1] Loss: [2.085530536119328]
2019-04-14 19:26:56 INFO     Batch: [86/200] Epoch: [1] Loss: [2.0852270647027025]
2019-04-14 19:26:56 INFO     Batch: [87/200] Epoch: [1] Loss: [2.085325541821393]
2019-04-14 19:26:56 INFO     Batch: [88/200] Epoch: [1] Loss: [2.084857075401906]
2019-04-14 19:26:56 INFO     Batch: [89/200] Epoch: [1] Loss: [2.0841336091359457]
2019-04-14 19:26:57 INFO     Batch: [90/200] Epoch: [1] Loss: [2.083648762860141]
2019-04-14 19:26:57 INFO     Batch: [91/200] Epoch: [1] Loss: [2.0831832160120425]
2019-04-14 19:26:57 INFO     Batch: [92/200] Epoch: [1] Loss: [2.082172792444947]
2019-04-14 19:26:57 INFO     Batch: [93/200] Epoch: [1] Loss: [2.0814750511595546]
2019-04-14 19:26:58 INFO     Batch: [94/200] Epoch: [1] Loss: [2.081044978844492]
2019-04-14 19:26:58 INFO     Batch: [95/200] Epoch: [1] Loss: [2.079933992276589]
2019-04-14 19:26:58 INFO     Batch: [96/200] Epoch: [1] Loss: [2.0791595387704596]
2019-04-14 19:26:58 INFO     Batch: [97/200] Epoch: [1] Loss: [2.0786096064411863]
2019-04-14 19:26:59 INFO     Batch: [98/200] Epoch: [1] Loss: [2.078056900188176]
2019-04-14 19:26:59 INFO     Batch: [99/200] Epoch: [1] Loss: [2.077492686510086]
2019-04-14 19:26:59 INFO     Batch: [100/200] Epoch: [1] Loss: [2.076716214123339]
2019-04-14 19:26:59 INFO     Batch: [101/200] Epoch: [1] Loss: [2.0761298537254333]
2019-04-14 19:27:00 INFO     Batch: [102/200] Epoch: [1] Loss: [2.0759851157086566]
2019-04-14 19:27:00 INFO     Batch: [103/200] Epoch: [1] Loss: [2.0756282794934053]
2019-04-14 19:27:00 INFO     Batch: [104/200] Epoch: [1] Loss: [2.075201049305144]
2019-04-14 19:27:00 INFO     Batch: [105/200] Epoch: [1] Loss: [2.074946975932931]
2019-04-14 19:27:01 INFO     Batch: [106/200] Epoch: [1] Loss: [2.074466205088892]
2019-04-14 19:27:01 INFO     Batch: [107/200] Epoch: [1] Loss: [2.0741481372603663]
2019-04-14 19:27:01 INFO     Batch: [108/200] Epoch: [1] Loss: [2.0736525288415613]
2019-04-14 19:27:02 INFO     Batch: [109/200] Epoch: [1] Loss: [2.072935482588681]
2019-04-14 19:27:02 INFO     Batch: [110/200] Epoch: [1] Loss: [2.0718557587615005]
2019-04-14 19:27:02 INFO     Batch: [111/200] Epoch: [1] Loss: [2.071086342845644]
2019-04-14 19:27:02 INFO     Batch: [112/200] Epoch: [1] Loss: [2.0702409881406125]
2019-04-14 19:27:03 INFO     Batch: [113/200] Epoch: [1] Loss: [2.0691036331026176]
2019-04-14 19:27:03 INFO     Batch: [114/200] Epoch: [1] Loss: [2.068449270206949]
2019-04-14 19:27:03 INFO     Batch: [115/200] Epoch: [1] Loss: [2.067987027867087]
2019-04-14 19:27:03 INFO     Batch: [116/200] Epoch: [1] Loss: [2.0674809625006128]
2019-04-14 19:27:04 INFO     Batch: [117/200] Epoch: [1] Loss: [2.066740003682799]
2019-04-14 19:27:04 INFO     Batch: [118/200] Epoch: [1] Loss: [2.0661985192980086]
2019-04-14 19:27:04 INFO     Batch: [119/200] Epoch: [1] Loss: [2.0655349671840666]
2019-04-14 19:27:04 INFO     Batch: [120/200] Epoch: [1] Loss: [2.0646238110282202]
2019-04-14 19:27:05 INFO     Batch: [121/200] Epoch: [1] Loss: [2.0638261212677254]
2019-04-14 19:27:05 INFO     Batch: [122/200] Epoch: [1] Loss: [2.0631720438236143]
2019-04-14 19:27:05 INFO     Batch: [123/200] Epoch: [1] Loss: [2.062874492137663]
2019-04-14 19:27:05 INFO     Batch: [124/200] Epoch: [1] Loss: [2.0620919160842894]
2019-04-14 19:27:06 INFO     Batch: [125/200] Epoch: [1] Loss: [2.0615326904115223]
2019-04-14 19:27:06 INFO     Batch: [126/200] Epoch: [1] Loss: [2.0610827385909913]
2019-04-14 19:27:06 INFO     Batch: [127/200] Epoch: [1] Loss: [2.0607672352343798]
2019-04-14 19:27:06 INFO     Batch: [128/200] Epoch: [1] Loss: [2.0601157800171728]
2019-04-14 19:27:07 INFO     Batch: [129/200] Epoch: [1] Loss: [2.0597204657701345]
2019-04-14 19:27:07 INFO     Batch: [130/200] Epoch: [1] Loss: [2.059991897517488]
2019-04-14 19:27:07 INFO     Batch: [131/200] Epoch: [1] Loss: [2.0593707859516144]
2019-04-14 19:27:07 INFO     Batch: [132/200] Epoch: [1] Loss: [2.0588995254129396]
2019-04-14 19:27:08 INFO     Batch: [133/200] Epoch: [1] Loss: [2.058282057740795]
2019-04-14 19:27:08 INFO     Batch: [134/200] Epoch: [1] Loss: [2.0576514332382767]
2019-04-14 19:27:08 INFO     Batch: [135/200] Epoch: [1] Loss: [2.057468082974939]
2019-04-14 19:27:08 INFO     Batch: [136/200] Epoch: [1] Loss: [2.0568847682354225]
2019-04-14 19:27:09 INFO     Batch: [137/200] Epoch: [1] Loss: [2.0562167210855344]
2019-04-14 19:27:09 INFO     Batch: [138/200] Epoch: [1] Loss: [2.0558560194729045]
2019-04-14 19:27:09 INFO     Batch: [139/200] Epoch: [1] Loss: [2.055323065178735]
2019-04-14 19:27:09 INFO     Batch: [140/200] Epoch: [1] Loss: [2.0549816637174456]
2019-04-14 19:27:10 INFO     Batch: [141/200] Epoch: [1] Loss: [2.0541524710789534]
2019-04-14 19:27:10 INFO     Batch: [142/200] Epoch: [1] Loss: [2.053336514459623]
2019-04-14 19:27:10 INFO     Batch: [143/200] Epoch: [1] Loss: [2.0526520593298807]
2019-04-14 19:27:10 INFO     Batch: [144/200] Epoch: [1] Loss: [2.0521846475272345]
2019-04-14 19:27:11 INFO     Batch: [145/200] Epoch: [1] Loss: [2.051454405262046]
2019-04-14 19:27:11 INFO     Batch: [146/200] Epoch: [1] Loss: [2.0511461358492067]
2019-04-14 19:27:11 INFO     Batch: [147/200] Epoch: [1] Loss: [2.0505005427308984]
2019-04-14 19:27:11 INFO     Batch: [148/200] Epoch: [1] Loss: [2.0499860552333344]
2019-04-14 19:27:12 INFO     Batch: [149/200] Epoch: [1] Loss: [2.049593890508016]
2019-04-14 19:27:12 INFO     Batch: [150/200] Epoch: [1] Loss: [2.0491796842474024]
2019-04-14 19:27:12 INFO     Batch: [151/200] Epoch: [1] Loss: [2.048396701875486]
2019-04-14 19:27:12 INFO     Batch: [152/200] Epoch: [1] Loss: [2.0476034318699554]
2019-04-14 19:27:13 INFO     Batch: [153/200] Epoch: [1] Loss: [2.0470095261350854]
2019-04-14 19:27:13 INFO     Batch: [154/200] Epoch: [1] Loss: [2.045942141932826]
2019-04-14 19:27:13 INFO     Batch: [155/200] Epoch: [1] Loss: [2.0457807916861315]
2019-04-14 19:27:13 INFO     Batch: [156/200] Epoch: [1] Loss: [2.0455904067701596]
2019-04-14 19:27:14 INFO     Batch: [157/200] Epoch: [1] Loss: [2.045144406300557]
2019-04-14 19:27:14 INFO     Batch: [158/200] Epoch: [1] Loss: [2.044542927412117]
2019-04-14 19:27:14 INFO     Batch: [159/200] Epoch: [1] Loss: [2.0437732465565204]
2019-04-14 19:27:14 INFO     Batch: [160/200] Epoch: [1] Loss: [2.0433666928214316]
2019-04-14 19:27:15 INFO     Batch: [161/200] Epoch: [1] Loss: [2.042720557730875]
2019-04-14 19:27:15 INFO     Batch: [162/200] Epoch: [1] Loss: [2.0423886285969086]
2019-04-14 19:27:15 INFO     Batch: [163/200] Epoch: [1] Loss: [2.041796707525486]
2019-04-14 19:27:15 INFO     Batch: [164/200] Epoch: [1] Loss: [2.041391139319449]
2019-04-14 19:27:16 INFO     Batch: [165/200] Epoch: [1] Loss: [2.0407226724796983]
2019-04-14 19:27:16 INFO     Batch: [166/200] Epoch: [1] Loss: [2.040348372059668]
2019-04-14 19:27:16 INFO     Batch: [167/200] Epoch: [1] Loss: [2.0396498633282527]
2019-04-14 19:27:16 INFO     Batch: [168/200] Epoch: [1] Loss: [2.0387444891167816]
2019-04-14 19:27:17 INFO     Batch: [169/200] Epoch: [1] Loss: [2.038026841247783]
2019-04-14 19:27:17 INFO     Batch: [170/200] Epoch: [1] Loss: [2.037488243036103]
2019-04-14 19:27:17 INFO     Batch: [171/200] Epoch: [1] Loss: [2.0369362165761546]
2019-04-14 19:27:17 INFO     Batch: [172/200] Epoch: [1] Loss: [2.036432577695461]
2019-04-14 19:27:18 INFO     Batch: [173/200] Epoch: [1] Loss: [2.0358319118105133]
2019-04-14 19:27:18 INFO     Batch: [174/200] Epoch: [1] Loss: [2.035153044973101]
2019-04-14 19:27:18 INFO     Batch: [175/200] Epoch: [1] Loss: [2.034400639886206]
2019-04-14 19:27:19 INFO     Batch: [176/200] Epoch: [1] Loss: [2.0337022745003135]
2019-04-14 19:27:19 INFO     Batch: [177/200] Epoch: [1] Loss: [2.033233331830314]
2019-04-14 19:27:19 INFO     Batch: [178/200] Epoch: [1] Loss: [2.0326687104209173]
2019-04-14 19:27:19 INFO     Batch: [179/200] Epoch: [1] Loss: [2.031941560904185]
2019-04-14 19:27:20 INFO     Batch: [180/200] Epoch: [1] Loss: [2.0312066032082994]
2019-04-14 19:27:20 INFO     Batch: [181/200] Epoch: [1] Loss: [2.0303698830552155]
2019-04-14 19:27:20 INFO     Batch: [182/200] Epoch: [1] Loss: [2.0298082730809197]
2019-04-14 19:27:20 INFO     Batch: [183/200] Epoch: [1] Loss: [2.0292680231125457]
2019-04-14 19:27:21 INFO     Batch: [184/200] Epoch: [1] Loss: [2.028652573920585]
2019-04-14 19:27:21 INFO     Batch: [185/200] Epoch: [1] Loss: [2.0281082366102483]
2019-04-14 19:27:21 INFO     Batch: [186/200] Epoch: [1] Loss: [2.0277877937663686]
2019-04-14 19:27:21 INFO     Batch: [187/200] Epoch: [1] Loss: [2.0271077124362296]
2019-04-14 19:27:22 INFO     Batch: [188/200] Epoch: [1] Loss: [2.0264894930773942]
2019-04-14 19:27:22 INFO     Batch: [189/200] Epoch: [1] Loss: [2.026248771265933]
2019-04-14 19:27:22 INFO     Batch: [190/200] Epoch: [1] Loss: [2.0256332633382987]
2019-04-14 19:27:22 INFO     Batch: [191/200] Epoch: [1] Loss: [2.0252537224441767]
2019-04-14 19:27:23 INFO     Batch: [192/200] Epoch: [1] Loss: [2.0245186473421484]
2019-04-14 19:27:23 INFO     Batch: [193/200] Epoch: [1] Loss: [2.0240644505343486]
2019-04-14 19:27:23 INFO     Batch: [194/200] Epoch: [1] Loss: [2.0237942603918224]
2019-04-14 19:27:23 INFO     Batch: [195/200] Epoch: [1] Loss: [2.023277581954489]
2019-04-14 19:27:24 INFO     Batch: [196/200] Epoch: [1] Loss: [2.0227781007737677]
2019-04-14 19:27:24 INFO     Batch: [197/200] Epoch: [1] Loss: [2.0218874077604276]
2019-04-14 19:27:24 INFO     Batch: [198/200] Epoch: [1] Loss: [2.021457445082353]
2019-04-14 19:27:33 INFO     Batch: [199/200] Epoch: [1] Loss: [2.020869927406311]
2019-04-14 19:27:35 INFO     
Parameter containing:
tensor([[ 0.3032,  0.4047,  0.5258],
        [ 0.4370,  0.3885, -0.4858],
        [-0.3466,  0.0816, -0.5641]], device='cuda:0', requires_grad=True)
2019-04-14 19:27:35 INFO     **************** Epoch: [1/500] Accuracy: [0.04969696969696969] ****************

2019-04-14 19:27:35 INFO     Batch: [0/200] Epoch: [2] Loss: [1.9356805086135864]
2019-04-14 19:27:36 INFO     Batch: [1/200] Epoch: [2] Loss: [1.881775975227356]
2019-04-14 19:27:36 INFO     Batch: [2/200] Epoch: [2] Loss: [1.9118058681488037]
2019-04-14 19:27:36 INFO     Batch: [3/200] Epoch: [2] Loss: [1.9115874469280243]
2019-04-14 19:27:36 INFO     Batch: [4/200] Epoch: [2] Loss: [1.9080245971679688]
2019-04-14 19:27:37 INFO     Batch: [5/200] Epoch: [2] Loss: [1.907920777797699]
2019-04-14 19:27:37 INFO     Batch: [6/200] Epoch: [2] Loss: [1.910597256251744]
2019-04-14 19:27:37 INFO     Batch: [7/200] Epoch: [2] Loss: [1.909502774477005]
2019-04-14 19:27:37 INFO     Batch: [8/200] Epoch: [2] Loss: [1.91021638446384]
2019-04-14 19:27:38 INFO     Batch: [9/200] Epoch: [2] Loss: [1.9139921069145203]
2019-04-14 19:27:38 INFO     Batch: [10/200] Epoch: [2] Loss: [1.9161014773628928]
2019-04-14 19:27:38 INFO     Batch: [11/200] Epoch: [2] Loss: [1.9158124923706055]
2019-04-14 19:27:38 INFO     Batch: [12/200] Epoch: [2] Loss: [1.9172877164987416]
2019-04-14 19:27:39 INFO     Batch: [13/200] Epoch: [2] Loss: [1.9143327644893102]
2019-04-14 19:27:39 INFO     Batch: [14/200] Epoch: [2] Loss: [1.915807271003723]
2019-04-14 19:27:39 INFO     Batch: [15/200] Epoch: [2] Loss: [1.9115662574768066]
2019-04-14 19:27:39 INFO     Batch: [16/200] Epoch: [2] Loss: [1.9083481325822718]
2019-04-14 19:27:40 INFO     Batch: [17/200] Epoch: [2] Loss: [1.9076395299699571]
2019-04-14 19:27:40 INFO     Batch: [18/200] Epoch: [2] Loss: [1.9053909653111507]
2019-04-14 19:27:40 INFO     Batch: [19/200] Epoch: [2] Loss: [1.903018021583557]
2019-04-14 19:27:40 INFO     Batch: [20/200] Epoch: [2] Loss: [1.9032678660892306]
2019-04-14 19:27:41 INFO     Batch: [21/200] Epoch: [2] Loss: [1.9060353257439353]
2019-04-14 19:27:41 INFO     Batch: [22/200] Epoch: [2] Loss: [1.906236363493878]
2019-04-14 19:27:41 INFO     Batch: [23/200] Epoch: [2] Loss: [1.906373659769694]
2019-04-14 19:27:41 INFO     Batch: [24/200] Epoch: [2] Loss: [1.9032432270050048]
2019-04-14 19:27:42 INFO     Batch: [25/200] Epoch: [2] Loss: [1.901257221515362]
2019-04-14 19:27:42 INFO     Batch: [26/200] Epoch: [2] Loss: [1.9022269293113991]
2019-04-14 19:27:42 INFO     Batch: [27/200] Epoch: [2] Loss: [1.903004629271371]
2019-04-14 19:27:42 INFO     Batch: [28/200] Epoch: [2] Loss: [1.900325244870679]
2019-04-14 19:27:43 INFO     Batch: [29/200] Epoch: [2] Loss: [1.8991581320762634]
2019-04-14 19:27:43 INFO     Batch: [30/200] Epoch: [2] Loss: [1.8981936593209543]
2019-04-14 19:27:43 INFO     Batch: [31/200] Epoch: [2] Loss: [1.8976403661072254]
2019-04-14 19:27:43 INFO     Batch: [32/200] Epoch: [2] Loss: [1.8979659261125508]
2019-04-14 19:27:44 INFO     Batch: [33/200] Epoch: [2] Loss: [1.8978805051130407]
2019-04-14 19:27:44 INFO     Batch: [34/200] Epoch: [2] Loss: [1.8959573132651193]
2019-04-14 19:27:44 INFO     Batch: [35/200] Epoch: [2] Loss: [1.8938361406326294]
2019-04-14 19:27:44 INFO     Batch: [36/200] Epoch: [2] Loss: [1.8919463737590894]
2019-04-14 19:27:45 INFO     Batch: [37/200] Epoch: [2] Loss: [1.8918046167022304]
2019-04-14 19:27:45 INFO     Batch: [38/200] Epoch: [2] Loss: [1.8921383283077142]
2019-04-14 19:27:45 INFO     Batch: [39/200] Epoch: [2] Loss: [1.8932333320379258]
2019-04-14 19:27:45 INFO     Batch: [40/200] Epoch: [2] Loss: [1.8923080665309255]
2019-04-14 19:27:46 INFO     Batch: [41/200] Epoch: [2] Loss: [1.8921395000957308]
2019-04-14 19:27:46 INFO     Batch: [42/200] Epoch: [2] Loss: [1.8916901350021362]
2019-04-14 19:27:46 INFO     Batch: [43/200] Epoch: [2] Loss: [1.8925891383127733]
2019-04-14 19:27:46 INFO     Batch: [44/200] Epoch: [2] Loss: [1.8918134133021036]
2019-04-14 19:27:47 INFO     Batch: [45/200] Epoch: [2] Loss: [1.8915551978608836]
2019-04-14 19:27:47 INFO     Batch: [46/200] Epoch: [2] Loss: [1.8892009232906586]
2019-04-14 19:27:47 INFO     Batch: [47/200] Epoch: [2] Loss: [1.8900675922632217]
2019-04-14 19:27:47 INFO     Batch: [48/200] Epoch: [2] Loss: [1.8894909668941886]
2019-04-14 19:27:48 INFO     Batch: [49/200] Epoch: [2] Loss: [1.887856273651123]
2019-04-14 19:27:48 INFO     Batch: [50/200] Epoch: [2] Loss: [1.8877845815583771]
2019-04-14 19:27:48 INFO     Batch: [51/200] Epoch: [2] Loss: [1.8855668352200434]
2019-04-14 19:27:48 INFO     Batch: [52/200] Epoch: [2] Loss: [1.8838538111380811]
2019-04-14 19:27:49 INFO     Batch: [53/200] Epoch: [2] Loss: [1.8841978973812528]
2019-04-14 19:27:49 INFO     Batch: [54/200] Epoch: [2] Loss: [1.8832697759975086]
2019-04-14 19:27:49 INFO     Batch: [55/200] Epoch: [2] Loss: [1.8826463903699602]
2019-04-14 19:27:49 INFO     Batch: [56/200] Epoch: [2] Loss: [1.883511967826308]
2019-04-14 19:27:50 INFO     Batch: [57/200] Epoch: [2] Loss: [1.8831172729360646]
2019-04-14 19:27:50 INFO     Batch: [58/200] Epoch: [2] Loss: [1.8828064385107008]
2019-04-14 19:27:50 INFO     Batch: [59/200] Epoch: [2] Loss: [1.881441746155421]
2019-04-14 19:27:51 INFO     Batch: [60/200] Epoch: [2] Loss: [1.881065534763649]
2019-04-14 19:27:51 INFO     Batch: [61/200] Epoch: [2] Loss: [1.879721595394996]
2019-04-14 19:27:51 INFO     Batch: [62/200] Epoch: [2] Loss: [1.879365468782092]
2019-04-14 19:27:51 INFO     Batch: [63/200] Epoch: [2] Loss: [1.8783934451639652]
2019-04-14 19:27:52 INFO     Batch: [64/200] Epoch: [2] Loss: [1.8779408069757315]
2019-04-14 19:27:52 INFO     Batch: [65/200] Epoch: [2] Loss: [1.8769217404452236]
2019-04-14 19:27:52 INFO     Batch: [66/200] Epoch: [2] Loss: [1.8768372820384467]
2019-04-14 19:27:52 INFO     Batch: [67/200] Epoch: [2] Loss: [1.8757319275070639]
2019-04-14 19:27:53 INFO     Batch: [68/200] Epoch: [2] Loss: [1.8748346860857978]
2019-04-14 19:27:53 INFO     Batch: [69/200] Epoch: [2] Loss: [1.8742707661220006]
2019-04-14 19:27:53 INFO     Batch: [70/200] Epoch: [2] Loss: [1.8737824886617527]
2019-04-14 19:27:53 INFO     Batch: [71/200] Epoch: [2] Loss: [1.8736071470710967]
2019-04-14 19:27:54 INFO     Batch: [72/200] Epoch: [2] Loss: [1.8727984673356357]
2019-04-14 19:27:54 INFO     Batch: [73/200] Epoch: [2] Loss: [1.8720712532868256]
2019-04-14 19:27:54 INFO     Batch: [74/200] Epoch: [2] Loss: [1.872362593015035]
2019-04-14 19:27:54 INFO     Batch: [75/200] Epoch: [2] Loss: [1.8717948684566899]
2019-04-14 19:27:55 INFO     Batch: [76/200] Epoch: [2] Loss: [1.8716076798253245]
2019-04-14 19:27:55 INFO     Batch: [77/200] Epoch: [2] Loss: [1.8705142507186303]
2019-04-14 19:27:55 INFO     Batch: [78/200] Epoch: [2] Loss: [1.8702042027364802]
2019-04-14 19:27:55 INFO     Batch: [79/200] Epoch: [2] Loss: [1.8707288056612015]
2019-04-14 19:27:56 INFO     Batch: [80/200] Epoch: [2] Loss: [1.8697366876366697]
2019-04-14 19:27:56 INFO     Batch: [81/200] Epoch: [2] Loss: [1.869440520681986]
2019-04-14 19:27:56 INFO     Batch: [82/200] Epoch: [2] Loss: [1.8694099245301212]
2019-04-14 19:27:56 INFO     Batch: [83/200] Epoch: [2] Loss: [1.8688121948923384]
2019-04-14 19:27:57 INFO     Batch: [84/200] Epoch: [2] Loss: [1.867983578233158]
2019-04-14 19:27:57 INFO     Batch: [85/200] Epoch: [2] Loss: [1.8673205999440925]
2019-04-14 19:27:57 INFO     Batch: [86/200] Epoch: [2] Loss: [1.8668454858078354]
2019-04-14 19:27:57 INFO     Batch: [87/200] Epoch: [2] Loss: [1.8675424659794027]
2019-04-14 19:27:58 INFO     Batch: [88/200] Epoch: [2] Loss: [1.8675584203741524]
2019-04-14 19:27:58 INFO     Batch: [89/200] Epoch: [2] Loss: [1.8669131067064073]
2019-04-14 19:27:58 INFO     Batch: [90/200] Epoch: [2] Loss: [1.8665203484860096]
2019-04-14 19:27:58 INFO     Batch: [91/200] Epoch: [2] Loss: [1.866315836491792]
2019-04-14 19:27:59 INFO     Batch: [92/200] Epoch: [2] Loss: [1.866120833222584]
2019-04-14 19:27:59 INFO     Batch: [93/200] Epoch: [2] Loss: [1.8654520651127429]
2019-04-14 19:27:59 INFO     Batch: [94/200] Epoch: [2] Loss: [1.8650178181497674]
2019-04-14 19:27:59 INFO     Batch: [95/200] Epoch: [2] Loss: [1.8652216146389644]
2019-04-14 19:28:00 INFO     Batch: [96/200] Epoch: [2] Loss: [1.8647904457505216]
2019-04-14 19:28:00 INFO     Batch: [97/200] Epoch: [2] Loss: [1.8646586950944395]
2019-04-14 19:28:00 INFO     Batch: [98/200] Epoch: [2] Loss: [1.8639921347300212]
2019-04-14 19:28:00 INFO     Batch: [99/200] Epoch: [2] Loss: [1.8638345563411713]
2019-04-14 19:28:01 INFO     Batch: [100/200] Epoch: [2] Loss: [1.8634552790386842]
2019-04-14 19:28:01 INFO     Batch: [101/200] Epoch: [2] Loss: [1.8627855707617367]
2019-04-14 19:28:01 INFO     Batch: [102/200] Epoch: [2] Loss: [1.8621251316903864]
2019-04-14 19:28:01 INFO     Batch: [103/200] Epoch: [2] Loss: [1.8611444968443651]
2019-04-14 19:28:02 INFO     Batch: [104/200] Epoch: [2] Loss: [1.8612652279081798]
2019-04-14 19:28:02 INFO     Batch: [105/200] Epoch: [2] Loss: [1.8611319110078632]
2019-04-14 19:28:02 INFO     Batch: [106/200] Epoch: [2] Loss: [1.8602758790845069]
2019-04-14 19:28:02 INFO     Batch: [107/200] Epoch: [2] Loss: [1.8598075928511444]
2019-04-14 19:28:03 INFO     Batch: [108/200] Epoch: [2] Loss: [1.8592709795050664]
2019-04-14 19:28:03 INFO     Batch: [109/200] Epoch: [2] Loss: [1.8588340921835467]
2019-04-14 19:28:03 INFO     Batch: [110/200] Epoch: [2] Loss: [1.8586158881316315]
2019-04-14 19:28:03 INFO     Batch: [111/200] Epoch: [2] Loss: [1.858087212911674]
2019-04-14 19:28:04 INFO     Batch: [112/200] Epoch: [2] Loss: [1.8571984968354216]
2019-04-14 19:28:04 INFO     Batch: [113/200] Epoch: [2] Loss: [1.8562854005579363]
2019-04-14 19:28:04 INFO     Batch: [114/200] Epoch: [2] Loss: [1.8556427800137063]
2019-04-14 19:28:04 INFO     Batch: [115/200] Epoch: [2] Loss: [1.8547702955788579]
2019-04-14 19:28:05 INFO     Batch: [116/200] Epoch: [2] Loss: [1.8536323777630799]
2019-04-14 19:28:05 INFO     Batch: [117/200] Epoch: [2] Loss: [1.8531657709913738]
2019-04-14 19:28:05 INFO     Batch: [118/200] Epoch: [2] Loss: [1.8524766940028727]
2019-04-14 19:28:05 INFO     Batch: [119/200] Epoch: [2] Loss: [1.8520142485698063]
2019-04-14 19:28:06 INFO     Batch: [120/200] Epoch: [2] Loss: [1.851311775278454]
2019-04-14 19:28:06 INFO     Batch: [121/200] Epoch: [2] Loss: [1.8500416347237885]
2019-04-14 19:28:06 INFO     Batch: [122/200] Epoch: [2] Loss: [1.8493105628626134]
2019-04-14 19:28:06 INFO     Batch: [123/200] Epoch: [2] Loss: [1.8489630818367004]
2019-04-14 19:28:07 INFO     Batch: [124/200] Epoch: [2] Loss: [1.8479630994796752]
2019-04-14 19:28:07 INFO     Batch: [125/200] Epoch: [2] Loss: [1.8480144029571897]
2019-04-14 19:28:07 INFO     Batch: [126/200] Epoch: [2] Loss: [1.8473198235504271]
2019-04-14 19:28:07 INFO     Batch: [127/200] Epoch: [2] Loss: [1.846579546108842]
2019-04-14 19:28:08 INFO     Batch: [128/200] Epoch: [2] Loss: [1.845539232557134]
2019-04-14 19:28:08 INFO     Batch: [129/200] Epoch: [2] Loss: [1.845125712798192]
2019-04-14 19:28:08 INFO     Batch: [130/200] Epoch: [2] Loss: [1.8445225053161156]
2019-04-14 19:28:09 INFO     Batch: [131/200] Epoch: [2] Loss: [1.84359298601295]
2019-04-14 19:28:09 INFO     Batch: [132/200] Epoch: [2] Loss: [1.8426886438427115]
2019-04-14 19:28:09 INFO     Batch: [133/200] Epoch: [2] Loss: [1.8423096804476495]
2019-04-14 19:28:09 INFO     Batch: [134/200] Epoch: [2] Loss: [1.8423164508960865]
2019-04-14 19:28:10 INFO     Batch: [135/200] Epoch: [2] Loss: [1.8417377059950548]
2019-04-14 19:28:10 INFO     Batch: [136/200] Epoch: [2] Loss: [1.8413991806280874]
2019-04-14 19:28:10 INFO     Batch: [137/200] Epoch: [2] Loss: [1.8405541397523189]
2019-04-14 19:28:10 INFO     Batch: [138/200] Epoch: [2] Loss: [1.8399600210807305]
2019-04-14 19:28:11 INFO     Batch: [139/200] Epoch: [2] Loss: [1.8398441876683915]
2019-04-14 19:28:11 INFO     Batch: [140/200] Epoch: [2] Loss: [1.8396278602857117]
2019-04-14 19:28:11 INFO     Batch: [141/200] Epoch: [2] Loss: [1.8389971264651124]
2019-04-14 19:28:11 INFO     Batch: [142/200] Epoch: [2] Loss: [1.838576390193059]
2019-04-14 19:28:12 INFO     Batch: [143/200] Epoch: [2] Loss: [1.8385019741124577]
2019-04-14 19:28:12 INFO     Batch: [144/200] Epoch: [2] Loss: [1.8376568144765393]
2019-04-14 19:28:12 INFO     Batch: [145/200] Epoch: [2] Loss: [1.8373733873236668]
2019-04-14 19:28:12 INFO     Batch: [146/200] Epoch: [2] Loss: [1.8369813646589006]
2019-04-14 19:28:13 INFO     Batch: [147/200] Epoch: [2] Loss: [1.8366217838751304]
2019-04-14 19:28:13 INFO     Batch: [148/200] Epoch: [2] Loss: [1.8361552545688296]
2019-04-14 19:28:13 INFO     Batch: [149/200] Epoch: [2] Loss: [1.8360000292460124]
2019-04-14 19:28:13 INFO     Batch: [150/200] Epoch: [2] Loss: [1.8355045689652298]
2019-04-14 19:28:14 INFO     Batch: [151/200] Epoch: [2] Loss: [1.8350894804063596]
2019-04-14 19:28:14 INFO     Batch: [152/200] Epoch: [2] Loss: [1.8341279879114987]
2019-04-14 19:28:14 INFO     Batch: [153/200] Epoch: [2] Loss: [1.833579010003573]
2019-04-14 19:28:14 INFO     Batch: [154/200] Epoch: [2] Loss: [1.8335913250523228]
2019-04-14 19:28:15 INFO     Batch: [155/200] Epoch: [2] Loss: [1.8334650894006093]
2019-04-14 19:28:15 INFO     Batch: [156/200] Epoch: [2] Loss: [1.8330986887026743]
2019-04-14 19:28:15 INFO     Batch: [157/200] Epoch: [2] Loss: [1.8325950277002552]
2019-04-14 19:28:15 INFO     Batch: [158/200] Epoch: [2] Loss: [1.8319142464571778]
2019-04-14 19:28:16 INFO     Batch: [159/200] Epoch: [2] Loss: [1.8314015232026577]
2019-04-14 19:28:16 INFO     Batch: [160/200] Epoch: [2] Loss: [1.8308329286042206]
2019-04-14 19:28:16 INFO     Batch: [161/200] Epoch: [2] Loss: [1.8300760336864141]
2019-04-14 19:28:16 INFO     Batch: [162/200] Epoch: [2] Loss: [1.830021274601755]
2019-04-14 19:28:17 INFO     Batch: [163/200] Epoch: [2] Loss: [1.8295648614080942]
2019-04-14 19:28:17 INFO     Batch: [164/200] Epoch: [2] Loss: [1.8293886372537325]
2019-04-14 19:28:17 INFO     Batch: [165/200] Epoch: [2] Loss: [1.8287533471383244]
2019-04-14 19:28:17 INFO     Batch: [166/200] Epoch: [2] Loss: [1.828594982980968]
2019-04-14 19:28:18 INFO     Batch: [167/200] Epoch: [2] Loss: [1.8276415942680269]
2019-04-14 19:28:18 INFO     Batch: [168/200] Epoch: [2] Loss: [1.8275448965603078]
2019-04-14 19:28:18 INFO     Batch: [169/200] Epoch: [2] Loss: [1.8268596501911387]
2019-04-14 19:28:18 INFO     Batch: [170/200] Epoch: [2] Loss: [1.826169024434006]
2019-04-14 19:28:19 INFO     Batch: [171/200] Epoch: [2] Loss: [1.8255170327286387]
2019-04-14 19:28:19 INFO     Batch: [172/200] Epoch: [2] Loss: [1.82499673738645]
2019-04-14 19:28:19 INFO     Batch: [173/200] Epoch: [2] Loss: [1.8250280522752083]
2019-04-14 19:28:19 INFO     Batch: [174/200] Epoch: [2] Loss: [1.8246163368225097]
2019-04-14 19:28:20 INFO     Batch: [175/200] Epoch: [2] Loss: [1.8242849721149965]
2019-04-14 19:28:20 INFO     Batch: [176/200] Epoch: [2] Loss: [1.823808047057545]
2019-04-14 19:28:20 INFO     Batch: [177/200] Epoch: [2] Loss: [1.8229725280504547]
2019-04-14 19:28:20 INFO     Batch: [178/200] Epoch: [2] Loss: [1.8225551677149767]
2019-04-14 19:28:21 INFO     Batch: [179/200] Epoch: [2] Loss: [1.8220234870910645]
2019-04-14 19:28:21 INFO     Batch: [180/200] Epoch: [2] Loss: [1.821652444028064]
2019-04-14 19:28:21 INFO     Batch: [181/200] Epoch: [2] Loss: [1.8214988721596015]
2019-04-14 19:28:21 INFO     Batch: [182/200] Epoch: [2] Loss: [1.8213407622009028]
2019-04-14 19:28:22 INFO     Batch: [183/200] Epoch: [2] Loss: [1.8207310762094415]
2019-04-14 19:28:22 INFO     Batch: [184/200] Epoch: [2] Loss: [1.8202500646178787]
2019-04-14 19:28:22 INFO     Batch: [185/200] Epoch: [2] Loss: [1.8196868870847969]
2019-04-14 19:28:22 INFO     Batch: [186/200] Epoch: [2] Loss: [1.8195467007988915]
2019-04-14 19:28:23 INFO     Batch: [187/200] Epoch: [2] Loss: [1.8191170533920855]
2019-04-14 19:28:23 INFO     Batch: [188/200] Epoch: [2] Loss: [1.8183977288543862]
2019-04-14 19:28:23 INFO     Batch: [189/200] Epoch: [2] Loss: [1.8181043279798408]
2019-04-14 19:28:23 INFO     Batch: [190/200] Epoch: [2] Loss: [1.8174989136101687]
2019-04-14 19:28:24 INFO     Batch: [191/200] Epoch: [2] Loss: [1.8173461587478716]
2019-04-14 19:28:24 INFO     Batch: [192/200] Epoch: [2] Loss: [1.8167726400602666]
2019-04-14 19:28:24 INFO     Batch: [193/200] Epoch: [2] Loss: [1.8162171502703244]
2019-04-14 19:28:25 INFO     Batch: [194/200] Epoch: [2] Loss: [1.8156488271859976]
2019-04-14 19:28:25 INFO     Batch: [195/200] Epoch: [2] Loss: [1.8152917447138806]
2019-04-14 19:28:25 INFO     Batch: [196/200] Epoch: [2] Loss: [1.8153101453926357]
2019-04-14 19:28:25 INFO     Batch: [197/200] Epoch: [2] Loss: [1.8149557806024648]
2019-04-14 19:28:26 INFO     Batch: [198/200] Epoch: [2] Loss: [1.8147984215961628]
2019-04-14 19:28:34 INFO     Batch: [199/200] Epoch: [2] Loss: [1.81442576110363]
2019-04-14 19:28:36 INFO     
Parameter containing:
tensor([[ 0.3163,  0.3923,  0.5076],
        [ 0.4526,  0.4043, -0.4860],
        [-0.3681,  0.1058, -0.5823]], device='cuda:0', requires_grad=True)
2019-04-14 19:28:36 INFO     **************** Epoch: [2/500] Accuracy: [0.10363636363636365] ****************

2019-04-14 19:28:36 INFO     Batch: [0/200] Epoch: [3] Loss: [1.8230538368225098]
2019-04-14 19:28:37 INFO     Batch: [1/200] Epoch: [3] Loss: [1.7923154830932617]
2019-04-14 19:28:37 INFO     Batch: [2/200] Epoch: [3] Loss: [1.7828222115834553]
2019-04-14 19:28:37 INFO     Batch: [3/200] Epoch: [3] Loss: [1.7725253403186798]
2019-04-14 19:28:37 INFO     Batch: [4/200] Epoch: [3] Loss: [1.7639338970184326]
2019-04-14 19:28:38 INFO     Batch: [5/200] Epoch: [3] Loss: [1.7647234201431274]
2019-04-14 19:28:38 INFO     Batch: [6/200] Epoch: [3] Loss: [1.7527936697006226]
2019-04-14 19:28:38 INFO     Batch: [7/200] Epoch: [3] Loss: [1.7471632659435272]
2019-04-14 19:28:38 INFO     Batch: [8/200] Epoch: [3] Loss: [1.7522781292597454]
2019-04-14 19:28:39 INFO     Batch: [9/200] Epoch: [3] Loss: [1.7555729627609253]
2019-04-14 19:28:39 INFO     Batch: [10/200] Epoch: [3] Loss: [1.7479874762621792]
2019-04-14 19:28:39 INFO     Batch: [11/200] Epoch: [3] Loss: [1.746151824792226]
2019-04-14 19:28:39 INFO     Batch: [12/200] Epoch: [3] Loss: [1.7437021457231963]
2019-04-14 19:28:40 INFO     Batch: [13/200] Epoch: [3] Loss: [1.7457917928695679]
2019-04-14 19:28:40 INFO     Batch: [14/200] Epoch: [3] Loss: [1.752894973754883]
2019-04-14 19:28:40 INFO     Batch: [15/200] Epoch: [3] Loss: [1.7479585260152817]
2019-04-14 19:28:40 INFO     Batch: [16/200] Epoch: [3] Loss: [1.7476471802767586]
2019-04-14 19:28:41 INFO     Batch: [17/200] Epoch: [3] Loss: [1.7423619826634724]
2019-04-14 19:28:41 INFO     Batch: [18/200] Epoch: [3] Loss: [1.748472577647159]
2019-04-14 19:28:41 INFO     Batch: [19/200] Epoch: [3] Loss: [1.750905728340149]
