2019-04-01 21:35:57 INFO     Loading Data
2019-04-01 21:35:58 INFO     Model Setting Up
2019-04-01 21:36:07 INFO     Start Training
2019-04-01 21:36:18 INFO     Batch: [0/120] Epoch: [0] Loss: [2.3304646015167236]
2019-04-01 21:36:19 INFO     Accuracy: [0.03945454545454545]

2019-04-01 21:36:19 INFO     Batch: [1/120] Epoch: [0] Loss: [2.328040361404419]
2019-04-01 21:36:19 INFO     Batch: [2/120] Epoch: [0] Loss: [2.321311632792155]
2019-04-01 21:36:19 INFO     Batch: [3/120] Epoch: [0] Loss: [2.31472647190094]
2019-04-01 21:36:19 INFO     Batch: [4/120] Epoch: [0] Loss: [2.309327745437622]
2019-04-01 21:36:20 INFO     Batch: [5/120] Epoch: [0] Loss: [2.3020299275716147]
2019-04-01 21:36:20 INFO     Batch: [6/120] Epoch: [0] Loss: [2.296323912484305]
2019-04-01 21:36:20 INFO     Batch: [7/120] Epoch: [0] Loss: [2.2890825867652893]
2019-04-01 21:36:20 INFO     Batch: [8/120] Epoch: [0] Loss: [2.2852437761094837]
2019-04-01 21:36:20 INFO     Batch: [9/120] Epoch: [0] Loss: [2.2806150197982786]
2019-04-01 21:36:20 INFO     Batch: [10/120] Epoch: [0] Loss: [2.273348266428167]
2019-04-01 21:36:20 INFO     Batch: [11/120] Epoch: [0] Loss: [2.268626888593038]
2019-04-01 21:36:20 INFO     Batch: [12/120] Epoch: [0] Loss: [2.263484973173875]
2019-04-01 21:36:21 INFO     Batch: [13/120] Epoch: [0] Loss: [2.2586361340114047]
2019-04-01 21:36:21 INFO     Batch: [14/120] Epoch: [0] Loss: [2.2540324211120604]
2019-04-01 21:36:21 INFO     Batch: [15/120] Epoch: [0] Loss: [2.2488113194704056]
2019-04-01 21:36:21 INFO     Batch: [16/120] Epoch: [0] Loss: [2.2441575246698715]
2019-04-01 21:36:21 INFO     Batch: [17/120] Epoch: [0] Loss: [2.2389170858595104]
2019-04-01 21:36:21 INFO     Batch: [18/120] Epoch: [0] Loss: [2.2338757514953613]
2019-04-01 21:36:21 INFO     Batch: [19/120] Epoch: [0] Loss: [2.2288734316825867]
2019-04-01 21:36:22 INFO     Batch: [20/120] Epoch: [0] Loss: [2.223945663088844]
2019-04-01 21:36:22 INFO     Batch: [21/120] Epoch: [0] Loss: [2.2199007814580742]
2019-04-01 21:36:22 INFO     Batch: [22/120] Epoch: [0] Loss: [2.215827122978542]
2019-04-01 21:36:22 INFO     Batch: [23/120] Epoch: [0] Loss: [2.211828132470449]
2019-04-01 21:36:22 INFO     Batch: [24/120] Epoch: [0] Loss: [2.2073746490478516]
2019-04-01 21:36:22 INFO     Batch: [25/120] Epoch: [0] Loss: [2.2031846780043383]
2019-04-01 21:36:22 INFO     Batch: [26/120] Epoch: [0] Loss: [2.2008096553661205]
2019-04-01 21:36:23 INFO     Batch: [27/120] Epoch: [0] Loss: [2.1967990483556474]
2019-04-01 21:36:23 INFO     Batch: [28/120] Epoch: [0] Loss: [2.1927356473330795]
2019-04-01 21:36:23 INFO     Batch: [29/120] Epoch: [0] Loss: [2.1892468690872193]
2019-04-01 21:36:23 INFO     Batch: [30/120] Epoch: [0] Loss: [2.1856753210867605]
2019-04-01 21:36:23 INFO     Batch: [31/120] Epoch: [0] Loss: [2.1812808886170387]
2019-04-01 21:36:23 INFO     Batch: [32/120] Epoch: [0] Loss: [2.1780434449513755]
2019-04-01 21:36:23 INFO     Batch: [33/120] Epoch: [0] Loss: [2.174825030214646]
2019-04-01 21:36:24 INFO     Batch: [34/120] Epoch: [0] Loss: [2.1711832250867573]
2019-04-01 21:36:24 INFO     Batch: [35/120] Epoch: [0] Loss: [2.168534669611189]
2019-04-01 21:36:24 INFO     Batch: [36/120] Epoch: [0] Loss: [2.166018131616953]
2019-04-01 21:36:24 INFO     Batch: [37/120] Epoch: [0] Loss: [2.1627167275077417]
2019-04-01 21:36:24 INFO     Batch: [38/120] Epoch: [0] Loss: [2.1597042878468833]
2019-04-01 21:36:24 INFO     Batch: [39/120] Epoch: [0] Loss: [2.156440180540085]
2019-04-01 21:36:24 INFO     Batch: [40/120] Epoch: [0] Loss: [2.153778593714644]
2019-04-01 21:36:25 INFO     Batch: [41/120] Epoch: [0] Loss: [2.1509806996300105]
2019-04-01 21:36:25 INFO     Batch: [42/120] Epoch: [0] Loss: [2.1479018178097036]
2019-04-01 21:36:25 INFO     Batch: [43/120] Epoch: [0] Loss: [2.1460869041356174]
2019-04-01 21:36:25 INFO     Batch: [44/120] Epoch: [0] Loss: [2.143010976579454]
2019-04-01 21:36:25 INFO     Batch: [45/120] Epoch: [0] Loss: [2.1403943559397822]
2019-04-01 21:36:25 INFO     Batch: [46/120] Epoch: [0] Loss: [2.137547016143799]
2019-04-01 21:36:25 INFO     Batch: [47/120] Epoch: [0] Loss: [2.1346758380532265]
2019-04-01 21:36:26 INFO     Batch: [48/120] Epoch: [0] Loss: [2.132615437313002]
2019-04-01 21:36:26 INFO     Batch: [49/120] Epoch: [0] Loss: [2.1303153824806214]
2019-04-01 21:36:26 INFO     Batch: [50/120] Epoch: [0] Loss: [2.1279843017166735]
2019-04-01 21:36:26 INFO     Batch: [51/120] Epoch: [0] Loss: [2.126211255788803]
2019-04-01 21:36:26 INFO     Batch: [52/120] Epoch: [0] Loss: [2.1238118747495256]
2019-04-01 21:36:26 INFO     Batch: [53/120] Epoch: [0] Loss: [2.121552794067948]
2019-04-01 21:36:26 INFO     Batch: [54/120] Epoch: [0] Loss: [2.1196181904185902]
2019-04-01 21:36:26 INFO     Batch: [55/120] Epoch: [0] Loss: [2.1172422702823366]
2019-04-01 21:36:27 INFO     Batch: [56/120] Epoch: [0] Loss: [2.114848916990715]
2019-04-01 21:36:27 INFO     Batch: [57/120] Epoch: [0] Loss: [2.1121379095932533]
2019-04-01 21:36:27 INFO     Batch: [58/120] Epoch: [0] Loss: [2.109780481306173]
2019-04-01 21:36:27 INFO     Batch: [59/120] Epoch: [0] Loss: [2.1073075850804646]
2019-04-01 21:36:27 INFO     Batch: [60/120] Epoch: [0] Loss: [2.1048781090095394]
2019-04-01 21:36:27 INFO     Batch: [61/120] Epoch: [0] Loss: [2.102738607314325]
2019-04-01 21:36:27 INFO     Batch: [62/120] Epoch: [0] Loss: [2.1008951361217196]
2019-04-01 21:36:28 INFO     Batch: [63/120] Epoch: [0] Loss: [2.098524071276188]
2019-04-01 21:36:28 INFO     Batch: [64/120] Epoch: [0] Loss: [2.0959845286149243]
2019-04-01 21:36:28 INFO     Batch: [65/120] Epoch: [0] Loss: [2.0937780521132727]
2019-04-01 21:36:28 INFO     Batch: [66/120] Epoch: [0] Loss: [2.091417421155901]
2019-04-01 21:36:28 INFO     Batch: [67/120] Epoch: [0] Loss: [2.089266252868316]
2019-04-01 21:36:28 INFO     Batch: [68/120] Epoch: [0] Loss: [2.087068013522936]
2019-04-01 21:36:28 INFO     Batch: [69/120] Epoch: [0] Loss: [2.084345672811781]
2019-04-01 21:36:29 INFO     Batch: [70/120] Epoch: [0] Loss: [2.0823045230247605]
2019-04-01 21:36:29 INFO     Batch: [71/120] Epoch: [0] Loss: [2.080664532052146]
2019-04-01 21:36:29 INFO     Batch: [72/120] Epoch: [0] Loss: [2.0791734228395438]
2019-04-01 21:36:29 INFO     Batch: [73/120] Epoch: [0] Loss: [2.077508815236994]
2019-04-01 21:36:29 INFO     Batch: [74/120] Epoch: [0] Loss: [2.0755472946166993]
2019-04-01 21:36:29 INFO     Batch: [75/120] Epoch: [0] Loss: [2.0730935146934106]
2019-04-01 21:36:29 INFO     Batch: [76/120] Epoch: [0] Loss: [2.071944139220498]
2019-04-01 21:36:30 INFO     Batch: [77/120] Epoch: [0] Loss: [2.069620519112318]
2019-04-01 21:36:30 INFO     Batch: [78/120] Epoch: [0] Loss: [2.0676951589463632]
2019-04-01 21:36:30 INFO     Batch: [79/120] Epoch: [0] Loss: [2.065789724886417]
2019-04-01 21:36:30 INFO     Batch: [80/120] Epoch: [0] Loss: [2.0640524434454646]
2019-04-01 21:36:30 INFO     Batch: [81/120] Epoch: [0] Loss: [2.062796687207571]
2019-04-01 21:36:30 INFO     Batch: [82/120] Epoch: [0] Loss: [2.0604993636349596]
2019-04-01 21:36:30 INFO     Batch: [83/120] Epoch: [0] Loss: [2.0582298806735446]
2019-04-01 21:36:31 INFO     Batch: [84/120] Epoch: [0] Loss: [2.0559527845943677]
2019-04-01 21:36:31 INFO     Batch: [85/120] Epoch: [0] Loss: [2.0533818962962127]
2019-04-01 21:36:31 INFO     Batch: [86/120] Epoch: [0] Loss: [2.0517858650492524]
2019-04-01 21:36:31 INFO     Batch: [87/120] Epoch: [0] Loss: [2.0493976067412984]
2019-04-01 21:36:31 INFO     Batch: [88/120] Epoch: [0] Loss: [2.0467649403582797]
2019-04-01 21:36:31 INFO     Batch: [89/120] Epoch: [0] Loss: [2.0447546468840705]
2019-04-01 21:36:31 INFO     Batch: [90/120] Epoch: [0] Loss: [2.042581245139405]
2019-04-01 21:36:32 INFO     Batch: [91/120] Epoch: [0] Loss: [2.0407678614492]
2019-04-01 21:36:32 INFO     Batch: [92/120] Epoch: [0] Loss: [2.038591084941741]
2019-04-01 21:36:32 INFO     Batch: [93/120] Epoch: [0] Loss: [2.0361721122518497]
2019-04-01 21:36:32 INFO     Batch: [94/120] Epoch: [0] Loss: [2.033813194224709]
2019-04-01 21:36:32 INFO     Batch: [95/120] Epoch: [0] Loss: [2.0308343594272933]
2019-04-01 21:36:32 INFO     Batch: [96/120] Epoch: [0] Loss: [2.028847390843421]
2019-04-01 21:36:32 INFO     Batch: [97/120] Epoch: [0] Loss: [2.027034122116712]
2019-04-01 21:36:32 INFO     Batch: [98/120] Epoch: [0] Loss: [2.0249293621140296]
2019-04-01 21:36:33 INFO     Batch: [99/120] Epoch: [0] Loss: [2.0224308407306673]
2019-04-01 21:36:33 INFO     Batch: [100/120] Epoch: [0] Loss: [2.0204894790554992]
2019-04-01 21:36:33 INFO     Batch: [101/120] Epoch: [0] Loss: [2.018393337726593]
2019-04-01 21:36:33 INFO     Batch: [102/120] Epoch: [0] Loss: [2.016479378765069]
2019-04-01 21:36:33 INFO     Batch: [103/120] Epoch: [0] Loss: [2.0145678852613154]
2019-04-01 21:36:33 INFO     Batch: [104/120] Epoch: [0] Loss: [2.0123911732719058]
2019-04-01 21:36:33 INFO     Batch: [105/120] Epoch: [0] Loss: [2.0108545591246405]
2019-04-01 21:36:34 INFO     Batch: [106/120] Epoch: [0] Loss: [2.0087113502983733]
2019-04-01 21:36:34 INFO     Batch: [107/120] Epoch: [0] Loss: [2.0068112214406333]
2019-04-01 21:36:34 INFO     Batch: [108/120] Epoch: [0] Loss: [2.0041925721212266]
2019-04-01 21:36:34 INFO     Batch: [109/120] Epoch: [0] Loss: [2.0025649916041983]
2019-04-01 21:36:34 INFO     Batch: [110/120] Epoch: [0] Loss: [2.0004869688738576]
2019-04-01 21:36:34 INFO     Batch: [111/120] Epoch: [0] Loss: [1.9986462444067001]
2019-04-01 21:36:34 INFO     Batch: [112/120] Epoch: [0] Loss: [1.9966902353067313]
2019-04-01 21:36:35 INFO     Batch: [113/120] Epoch: [0] Loss: [1.9945749985544305]
2019-04-01 21:36:35 INFO     Batch: [114/120] Epoch: [0] Loss: [1.9927338133687558]
2019-04-01 21:36:35 INFO     Batch: [115/120] Epoch: [0] Loss: [1.990917461699453]
2019-04-01 21:36:35 INFO     Batch: [116/120] Epoch: [0] Loss: [1.9890813277317927]
2019-04-01 21:36:35 INFO     Batch: [117/120] Epoch: [0] Loss: [1.9867087925894786]
2019-04-01 21:36:35 INFO     Batch: [118/120] Epoch: [0] Loss: [1.9847387225688005]
2019-04-01 21:36:35 INFO     Batch: [119/120] Epoch: [0] Loss: [1.983298134803772]
2019-04-01 21:36:37 INFO     Epoch: [0/200] Loss: [1.983298134803772] Accuracy: [0.41690909090909095]
2019-04-01 21:36:37 INFO     Batch: [0/120] Epoch: [1] Loss: [1.7598958015441895]
2019-04-01 21:36:38 INFO     Accuracy: [0.40672727272727277]

2019-04-01 21:36:38 INFO     Batch: [1/120] Epoch: [1] Loss: [1.7506726384162903]
2019-04-01 21:36:39 INFO     Batch: [2/120] Epoch: [1] Loss: [1.7198582887649536]
2019-04-01 21:36:39 INFO     Batch: [3/120] Epoch: [1] Loss: [1.7185592353343964]
2019-04-01 21:36:39 INFO     Batch: [4/120] Epoch: [1] Loss: [1.7051405906677246]
2019-04-01 21:36:39 INFO     Batch: [5/120] Epoch: [1] Loss: [1.7049045364061992]
2019-04-01 21:36:39 INFO     Batch: [6/120] Epoch: [1] Loss: [1.7091566324234009]
2019-04-01 21:36:39 INFO     Batch: [7/120] Epoch: [1] Loss: [1.7078010588884354]
2019-04-01 21:36:39 INFO     Batch: [8/120] Epoch: [1] Loss: [1.704298006163703]
2019-04-01 21:36:40 INFO     Batch: [9/120] Epoch: [1] Loss: [1.7073747038841247]
2019-04-01 21:36:40 INFO     Batch: [10/120] Epoch: [1] Loss: [1.7011377161199397]
2019-04-01 21:36:40 INFO     Batch: [11/120] Epoch: [1] Loss: [1.7021583020687103]
2019-04-01 21:36:40 INFO     Batch: [12/120] Epoch: [1] Loss: [1.7022506365409265]
2019-04-01 21:36:40 INFO     Batch: [13/120] Epoch: [1] Loss: [1.702252175126757]
2019-04-01 21:36:40 INFO     Batch: [14/120] Epoch: [1] Loss: [1.6993917147318522]
2019-04-01 21:36:40 INFO     Batch: [15/120] Epoch: [1] Loss: [1.6946666538715363]
2019-04-01 21:36:40 INFO     Batch: [16/120] Epoch: [1] Loss: [1.6970875333337223]
2019-04-01 21:36:41 INFO     Batch: [17/120] Epoch: [1] Loss: [1.6955285800827875]
2019-04-01 21:36:41 INFO     Batch: [18/120] Epoch: [1] Loss: [1.6974956801063137]
2019-04-01 21:36:41 INFO     Batch: [19/120] Epoch: [1] Loss: [1.69846231341362]
2019-04-01 21:36:41 INFO     Batch: [20/120] Epoch: [1] Loss: [1.6967462528319586]
2019-04-01 21:36:41 INFO     Batch: [21/120] Epoch: [1] Loss: [1.6981844739480452]
2019-04-01 21:36:41 INFO     Batch: [22/120] Epoch: [1] Loss: [1.7011503447657046]
2019-04-01 21:36:41 INFO     Batch: [23/120] Epoch: [1] Loss: [1.7016767809788387]
2019-04-01 21:36:42 INFO     Batch: [24/120] Epoch: [1] Loss: [1.7031689167022706]
2019-04-01 21:36:42 INFO     Batch: [25/120] Epoch: [1] Loss: [1.702615302342635]
2019-04-01 21:36:42 INFO     Batch: [26/120] Epoch: [1] Loss: [1.7011936593938757]
2019-04-01 21:36:42 INFO     Batch: [27/120] Epoch: [1] Loss: [1.700009627001626]
2019-04-01 21:36:42 INFO     Batch: [28/120] Epoch: [1] Loss: [1.6988206649648732]
2019-04-01 21:36:42 INFO     Batch: [29/120] Epoch: [1] Loss: [1.699925963083903]
2019-04-01 21:36:42 INFO     Batch: [30/120] Epoch: [1] Loss: [1.6976883180679814]
2019-04-01 21:36:43 INFO     Batch: [31/120] Epoch: [1] Loss: [1.6940195932984352]
2019-04-01 21:36:43 INFO     Batch: [32/120] Epoch: [1] Loss: [1.6935416785153476]
2019-04-01 21:36:43 INFO     Batch: [33/120] Epoch: [1] Loss: [1.6890938317074495]
2019-04-01 21:36:43 INFO     Batch: [34/120] Epoch: [1] Loss: [1.687668650490897]
2019-04-01 21:36:43 INFO     Batch: [35/120] Epoch: [1] Loss: [1.6868391070100996]
2019-04-01 21:36:43 INFO     Batch: [36/120] Epoch: [1] Loss: [1.6846024377925977]
2019-04-01 21:36:43 INFO     Batch: [37/120] Epoch: [1] Loss: [1.6823770309749402]
2019-04-01 21:36:44 INFO     Batch: [38/120] Epoch: [1] Loss: [1.68005978449797]
2019-04-01 21:36:44 INFO     Batch: [39/120] Epoch: [1] Loss: [1.6769271671772004]
2019-04-01 21:36:44 INFO     Batch: [40/120] Epoch: [1] Loss: [1.6751850872505]
2019-04-01 21:36:44 INFO     Batch: [41/120] Epoch: [1] Loss: [1.6728784413564772]
2019-04-01 21:36:44 INFO     Batch: [42/120] Epoch: [1] Loss: [1.6716794801312824]
2019-04-01 21:36:44 INFO     Batch: [43/120] Epoch: [1] Loss: [1.6700190685012124]
2019-04-01 21:36:44 INFO     Batch: [44/120] Epoch: [1] Loss: [1.6674665636486476]
2019-04-01 21:36:45 INFO     Batch: [45/120] Epoch: [1] Loss: [1.6652751772300056]
2019-04-01 21:36:45 INFO     Batch: [46/120] Epoch: [1] Loss: [1.6647940265371444]
2019-04-01 21:36:45 INFO     Batch: [47/120] Epoch: [1] Loss: [1.6637182583411534]
2019-04-01 21:36:45 INFO     Batch: [48/120] Epoch: [1] Loss: [1.6634661689096568]
2019-04-01 21:36:45 INFO     Batch: [49/120] Epoch: [1] Loss: [1.6637780952453614]
2019-04-01 21:36:45 INFO     Batch: [50/120] Epoch: [1] Loss: [1.6625358964882644]
2019-04-01 21:36:45 INFO     Batch: [51/120] Epoch: [1] Loss: [1.6620849348031557]
2019-04-01 21:36:46 INFO     Batch: [52/120] Epoch: [1] Loss: [1.6619511775250704]
2019-04-01 21:36:46 INFO     Batch: [53/120] Epoch: [1] Loss: [1.6627996232774522]
2019-04-01 21:36:46 INFO     Batch: [54/120] Epoch: [1] Loss: [1.6639138135043057]
2019-04-01 21:36:46 INFO     Batch: [55/120] Epoch: [1] Loss: [1.664594584277698]
2019-04-01 21:36:46 INFO     Batch: [56/120] Epoch: [1] Loss: [1.6654097092779059]
2019-04-01 21:36:46 INFO     Batch: [57/120] Epoch: [1] Loss: [1.6668589341229405]
2019-04-01 21:36:46 INFO     Batch: [58/120] Epoch: [1] Loss: [1.6679556915315532]
2019-04-01 21:36:47 INFO     Batch: [59/120] Epoch: [1] Loss: [1.6678342640399932]
2019-04-01 21:36:47 INFO     Batch: [60/120] Epoch: [1] Loss: [1.6681985698762487]
2019-04-01 21:36:47 INFO     Batch: [61/120] Epoch: [1] Loss: [1.6683087848847913]
2019-04-01 21:36:47 INFO     Batch: [62/120] Epoch: [1] Loss: [1.6700325031129142]
2019-04-01 21:36:47 INFO     Batch: [63/120] Epoch: [1] Loss: [1.670400369912386]
2019-04-01 21:36:47 INFO     Batch: [64/120] Epoch: [1] Loss: [1.670843087709867]
2019-04-01 21:36:47 INFO     Batch: [65/120] Epoch: [1] Loss: [1.6709373159842058]
2019-04-01 21:36:48 INFO     Batch: [66/120] Epoch: [1] Loss: [1.6709794001792795]
2019-04-01 21:36:48 INFO     Batch: [67/120] Epoch: [1] Loss: [1.6708446250242346]
2019-04-01 21:36:48 INFO     Batch: [68/120] Epoch: [1] Loss: [1.6693533503490945]
2019-04-01 21:36:48 INFO     Batch: [69/120] Epoch: [1] Loss: [1.668558439186641]
2019-04-01 21:36:48 INFO     Batch: [70/120] Epoch: [1] Loss: [1.6667880726532198]
2019-04-01 21:36:48 INFO     Batch: [71/120] Epoch: [1] Loss: [1.6642301364077463]
2019-04-01 21:36:48 INFO     Batch: [72/120] Epoch: [1] Loss: [1.6629377423900447]
2019-04-01 21:36:48 INFO     Batch: [73/120] Epoch: [1] Loss: [1.6610356875368066]
2019-04-01 21:36:49 INFO     Batch: [74/120] Epoch: [1] Loss: [1.659101309776306]
2019-04-01 21:36:49 INFO     Batch: [75/120] Epoch: [1] Loss: [1.6579279381977885]
2019-04-01 21:36:49 INFO     Batch: [76/120] Epoch: [1] Loss: [1.656434178352356]
2019-04-01 21:36:49 INFO     Batch: [77/120] Epoch: [1] Loss: [1.6544218399585822]
2019-04-01 21:36:49 INFO     Batch: [78/120] Epoch: [1] Loss: [1.6523785319509385]
2019-04-01 21:36:49 INFO     Batch: [79/120] Epoch: [1] Loss: [1.65060995221138]
2019-04-01 21:36:49 INFO     Batch: [80/120] Epoch: [1] Loss: [1.6490032525710117]
2019-04-01 21:36:50 INFO     Batch: [81/120] Epoch: [1] Loss: [1.6468361499832898]
2019-04-01 21:36:50 INFO     Batch: [82/120] Epoch: [1] Loss: [1.6448381033288426]
2019-04-01 21:36:50 INFO     Batch: [83/120] Epoch: [1] Loss: [1.6421641267481304]
2019-04-01 21:36:50 INFO     Batch: [84/120] Epoch: [1] Loss: [1.6399275639477897]
2019-04-01 21:36:50 INFO     Batch: [85/120] Epoch: [1] Loss: [1.6390750907188238]
2019-04-01 21:36:50 INFO     Batch: [86/120] Epoch: [1] Loss: [1.637433554934359]
2019-04-01 21:36:50 INFO     Batch: [87/120] Epoch: [1] Loss: [1.6359501440416684]
2019-04-01 21:36:50 INFO     Batch: [88/120] Epoch: [1] Loss: [1.6345525591560963]
2019-04-01 21:36:51 INFO     Batch: [89/120] Epoch: [1] Loss: [1.6331304391225179]
2019-04-01 21:36:51 INFO     Batch: [90/120] Epoch: [1] Loss: [1.6311648546994388]
2019-04-01 21:36:51 INFO     Batch: [91/120] Epoch: [1] Loss: [1.6296676954497462]
2019-04-01 21:36:51 INFO     Batch: [92/120] Epoch: [1] Loss: [1.6281759610740087]
2019-04-01 21:36:51 INFO     Batch: [93/120] Epoch: [1] Loss: [1.6269350964972313]
2019-04-01 21:36:51 INFO     Batch: [94/120] Epoch: [1] Loss: [1.6259862059041073]
2019-04-01 21:36:51 INFO     Batch: [95/120] Epoch: [1] Loss: [1.624195210635662]
2019-04-01 21:36:52 INFO     Batch: [96/120] Epoch: [1] Loss: [1.6228959363760407]
2019-04-01 21:36:52 INFO     Batch: [97/120] Epoch: [1] Loss: [1.6223892204615535]
2019-04-01 21:36:52 INFO     Batch: [98/120] Epoch: [1] Loss: [1.6214333254881579]
2019-04-01 21:36:52 INFO     Batch: [99/120] Epoch: [1] Loss: [1.620653622150421]
2019-04-01 21:36:52 INFO     Batch: [100/120] Epoch: [1] Loss: [1.6199279150160233]
2019-04-01 21:36:52 INFO     Batch: [101/120] Epoch: [1] Loss: [1.6193139903685625]
2019-04-01 21:36:52 INFO     Batch: [102/120] Epoch: [1] Loss: [1.6183821356412276]
2019-04-01 21:36:53 INFO     Batch: [103/120] Epoch: [1] Loss: [1.6181646768863385]
2019-04-01 21:36:53 INFO     Batch: [104/120] Epoch: [1] Loss: [1.6177042234511603]
2019-04-01 21:36:53 INFO     Batch: [105/120] Epoch: [1] Loss: [1.6176427220398526]
2019-04-01 21:36:53 INFO     Batch: [106/120] Epoch: [1] Loss: [1.6175476134380447]
2019-04-01 21:36:53 INFO     Batch: [107/120] Epoch: [1] Loss: [1.6171189381016626]
2019-04-01 21:36:53 INFO     Batch: [108/120] Epoch: [1] Loss: [1.616582434111779]
2019-04-01 21:36:53 INFO     Batch: [109/120] Epoch: [1] Loss: [1.616497563232075]
2019-04-01 21:36:54 INFO     Batch: [110/120] Epoch: [1] Loss: [1.6165647259703628]
2019-04-01 21:36:54 INFO     Batch: [111/120] Epoch: [1] Loss: [1.6161395598735129]
2019-04-01 21:36:54 INFO     Batch: [112/120] Epoch: [1] Loss: [1.6151908171915375]
2019-04-01 21:36:54 INFO     Batch: [113/120] Epoch: [1] Loss: [1.6146814446700246]
2019-04-01 21:36:54 INFO     Batch: [114/120] Epoch: [1] Loss: [1.6144398544145666]
2019-04-01 21:36:54 INFO     Batch: [115/120] Epoch: [1] Loss: [1.6139873286773418]
2019-04-01 21:36:54 INFO     Batch: [116/120] Epoch: [1] Loss: [1.6135366299213507]
2019-04-01 21:36:55 INFO     Batch: [117/120] Epoch: [1] Loss: [1.612945938514451]
2019-04-01 21:36:55 INFO     Batch: [118/120] Epoch: [1] Loss: [1.6120188747133528]
2019-04-01 21:36:55 INFO     Batch: [119/120] Epoch: [1] Loss: [1.6115482250849407]
2019-04-01 21:36:56 INFO     Epoch: [1/200] Loss: [1.6115482250849407] Accuracy: [0.4950909090909091]
2019-04-01 21:36:56 INFO     Batch: [0/120] Epoch: [2] Loss: [1.5216331481933594]
2019-04-01 21:36:58 INFO     Accuracy: [0.4916363636363636]

2019-04-01 21:36:58 INFO     Batch: [1/120] Epoch: [2] Loss: [1.5227736830711365]
2019-04-01 21:36:58 INFO     Batch: [2/120] Epoch: [2] Loss: [1.5272499322891235]
2019-04-01 21:36:58 INFO     Batch: [3/120] Epoch: [2] Loss: [1.5241944193840027]
2019-04-01 21:36:58 INFO     Batch: [4/120] Epoch: [2] Loss: [1.5201374292373657]
2019-04-01 21:36:58 INFO     Batch: [5/120] Epoch: [2] Loss: [1.5120203097661336]
2019-04-01 21:36:58 INFO     Batch: [6/120] Epoch: [2] Loss: [1.5117380959647042]
2019-04-01 21:36:59 INFO     Batch: [7/120] Epoch: [2] Loss: [1.5116117894649506]
2019-04-01 21:36:59 INFO     Batch: [8/120] Epoch: [2] Loss: [1.5091489288542006]
2019-04-01 21:36:59 INFO     Batch: [9/120] Epoch: [2] Loss: [1.5058982610702514]
2019-04-01 21:36:59 INFO     Batch: [10/120] Epoch: [2] Loss: [1.5047905228354714]
2019-04-01 21:36:59 INFO     Batch: [11/120] Epoch: [2] Loss: [1.5057072937488556]
2019-04-01 21:36:59 INFO     Batch: [12/120] Epoch: [2] Loss: [1.5003898327167218]
2019-04-01 21:36:59 INFO     Batch: [13/120] Epoch: [2] Loss: [1.496704569884709]
2019-04-01 21:37:00 INFO     Batch: [14/120] Epoch: [2] Loss: [1.4965994358062744]
2019-04-01 21:37:00 INFO     Batch: [15/120] Epoch: [2] Loss: [1.4925083220005035]
2019-04-01 21:37:00 INFO     Batch: [16/120] Epoch: [2] Loss: [1.4894614920896643]
2019-04-01 21:37:00 INFO     Batch: [17/120] Epoch: [2] Loss: [1.4924144744873047]
2019-04-01 21:37:00 INFO     Batch: [18/120] Epoch: [2] Loss: [1.4930800701442517]
2019-04-01 21:37:00 INFO     Batch: [19/120] Epoch: [2] Loss: [1.4839457273483276]
2019-04-01 21:37:00 INFO     Batch: [20/120] Epoch: [2] Loss: [1.4829706294195992]
2019-04-01 21:37:01 INFO     Batch: [21/120] Epoch: [2] Loss: [1.4778949618339539]
2019-04-01 21:37:01 INFO     Batch: [22/120] Epoch: [2] Loss: [1.4740742185841436]
2019-04-01 21:37:01 INFO     Batch: [23/120] Epoch: [2] Loss: [1.4726387510697048]
2019-04-01 21:37:01 INFO     Batch: [24/120] Epoch: [2] Loss: [1.4704200410842896]
2019-04-01 21:37:01 INFO     Batch: [25/120] Epoch: [2] Loss: [1.4668592443832984]
2019-04-01 21:37:01 INFO     Batch: [26/120] Epoch: [2] Loss: [1.465797989456742]
2019-04-01 21:37:01 INFO     Batch: [27/120] Epoch: [2] Loss: [1.4640538735049111]
2019-04-01 21:37:01 INFO     Batch: [28/120] Epoch: [2] Loss: [1.4603125021375458]
2019-04-01 21:37:02 INFO     Batch: [29/120] Epoch: [2] Loss: [1.4606526772181192]
2019-04-01 21:37:02 INFO     Batch: [30/120] Epoch: [2] Loss: [1.4599320580882411]
2019-04-01 21:37:02 INFO     Batch: [31/120] Epoch: [2] Loss: [1.4579055830836296]
2019-04-01 21:37:02 INFO     Batch: [32/120] Epoch: [2] Loss: [1.4553519920869307]
2019-04-01 21:37:02 INFO     Batch: [33/120] Epoch: [2] Loss: [1.4546774660839754]
2019-04-01 21:37:02 INFO     Batch: [34/120] Epoch: [2] Loss: [1.4531634943825857]
2019-04-01 21:37:02 INFO     Batch: [35/120] Epoch: [2] Loss: [1.4534684750768874]
2019-04-01 21:37:03 INFO     Batch: [36/120] Epoch: [2] Loss: [1.4530534873137604]
2019-04-01 21:37:03 INFO     Batch: [37/120] Epoch: [2] Loss: [1.452156684900585]
2019-04-01 21:37:03 INFO     Batch: [38/120] Epoch: [2] Loss: [1.4532881791775043]
2019-04-01 21:37:03 INFO     Batch: [39/120] Epoch: [2] Loss: [1.4519184440374375]
2019-04-01 21:37:03 INFO     Batch: [40/120] Epoch: [2] Loss: [1.4510587511993036]
2019-04-01 21:37:03 INFO     Batch: [41/120] Epoch: [2] Loss: [1.449476332891555]
2019-04-01 21:37:03 INFO     Batch: [42/120] Epoch: [2] Loss: [1.4492666804513266]
2019-04-01 21:37:04 INFO     Batch: [43/120] Epoch: [2] Loss: [1.449281632900238]
2019-04-01 21:37:04 INFO     Batch: [44/120] Epoch: [2] Loss: [1.4499858299891153]
2019-04-01 21:37:04 INFO     Batch: [45/120] Epoch: [2] Loss: [1.4488306563833486]
2019-04-01 21:37:04 INFO     Batch: [46/120] Epoch: [2] Loss: [1.4480484749408478]
2019-04-01 21:37:04 INFO     Batch: [47/120] Epoch: [2] Loss: [1.4471236169338226]
2019-04-01 21:37:04 INFO     Batch: [48/120] Epoch: [2] Loss: [1.4458901979485337]
2019-04-01 21:37:04 INFO     Batch: [49/120] Epoch: [2] Loss: [1.4472080516815184]
2019-04-01 21:37:05 INFO     Batch: [50/120] Epoch: [2] Loss: [1.443820221751344]
2019-04-01 21:37:05 INFO     Batch: [51/120] Epoch: [2] Loss: [1.4441207624398744]
2019-04-01 21:37:05 INFO     Batch: [52/120] Epoch: [2] Loss: [1.4432802290286657]
2019-04-01 21:37:05 INFO     Batch: [53/120] Epoch: [2] Loss: [1.442321123900237]
2019-04-01 21:37:05 INFO     Batch: [54/120] Epoch: [2] Loss: [1.4416553150523792]
2019-04-01 21:37:05 INFO     Batch: [55/120] Epoch: [2] Loss: [1.4401450284889765]
2019-04-01 21:37:05 INFO     Batch: [56/120] Epoch: [2] Loss: [1.4394574792761552]
2019-04-01 21:37:06 INFO     Batch: [57/120] Epoch: [2] Loss: [1.4386905287874157]
2019-04-01 21:37:06 INFO     Batch: [58/120] Epoch: [2] Loss: [1.438916820590779]
2019-04-01 21:37:06 INFO     Batch: [59/120] Epoch: [2] Loss: [1.4376858075459797]
2019-04-01 21:37:06 INFO     Batch: [60/120] Epoch: [2] Loss: [1.4359769938422031]
2019-04-01 21:37:06 INFO     Batch: [61/120] Epoch: [2] Loss: [1.4345418810844421]
2019-04-01 21:37:06 INFO     Batch: [62/120] Epoch: [2] Loss: [1.4333707396946256]
2019-04-01 21:37:06 INFO     Batch: [63/120] Epoch: [2] Loss: [1.431280605494976]
2019-04-01 21:37:07 INFO     Batch: [64/120] Epoch: [2] Loss: [1.4301399010878342]
2019-04-01 21:37:07 INFO     Batch: [65/120] Epoch: [2] Loss: [1.4290749629338582]
2019-04-01 21:37:07 INFO     Batch: [66/120] Epoch: [2] Loss: [1.4279771242568742]
2019-04-01 21:37:07 INFO     Batch: [67/120] Epoch: [2] Loss: [1.426172962960075]
2019-04-01 21:37:07 INFO     Batch: [68/120] Epoch: [2] Loss: [1.4254786553590193]
2019-04-01 21:37:07 INFO     Batch: [69/120] Epoch: [2] Loss: [1.424184090750558]
2019-04-01 21:37:07 INFO     Batch: [70/120] Epoch: [2] Loss: [1.4227281002931191]
2019-04-01 21:37:07 INFO     Batch: [71/120] Epoch: [2] Loss: [1.4212055669890509]
2019-04-01 21:37:08 INFO     Batch: [72/120] Epoch: [2] Loss: [1.4194319395169819]
2019-04-01 21:37:08 INFO     Batch: [73/120] Epoch: [2] Loss: [1.4187269758533787]
2019-04-01 21:37:08 INFO     Batch: [74/120] Epoch: [2] Loss: [1.4169347190856934]
2019-04-01 21:37:08 INFO     Batch: [75/120] Epoch: [2] Loss: [1.415773741508785]
2019-04-01 21:37:08 INFO     Batch: [76/120] Epoch: [2] Loss: [1.4149451193871436]
2019-04-01 21:37:08 INFO     Batch: [77/120] Epoch: [2] Loss: [1.4144401611425939]
2019-04-01 21:37:08 INFO     Batch: [78/120] Epoch: [2] Loss: [1.4144819175140768]
2019-04-01 21:37:09 INFO     Batch: [79/120] Epoch: [2] Loss: [1.4127613738179208]
2019-04-01 21:37:09 INFO     Batch: [80/120] Epoch: [2] Loss: [1.4130352867974176]
2019-04-01 21:37:09 INFO     Batch: [81/120] Epoch: [2] Loss: [1.4117911123647922]
2019-04-01 21:37:09 INFO     Batch: [82/120] Epoch: [2] Loss: [1.4108945662716785]
2019-04-01 21:37:09 INFO     Batch: [83/120] Epoch: [2] Loss: [1.4095358507973808]
2019-04-01 21:37:09 INFO     Batch: [84/120] Epoch: [2] Loss: [1.4087982444202198]
2019-04-01 21:37:09 INFO     Batch: [85/120] Epoch: [2] Loss: [1.4078764153081318]
2019-04-01 21:37:09 INFO     Batch: [86/120] Epoch: [2] Loss: [1.4081370638704849]
2019-04-01 21:37:10 INFO     Batch: [87/120] Epoch: [2] Loss: [1.4079086943106218]
2019-04-01 21:37:10 INFO     Batch: [88/120] Epoch: [2] Loss: [1.4071281331308771]
2019-04-01 21:37:10 INFO     Batch: [89/120] Epoch: [2] Loss: [1.4063110113143922]
2019-04-01 21:37:10 INFO     Batch: [90/120] Epoch: [2] Loss: [1.4056122368508643]
2019-04-01 21:37:10 INFO     Batch: [91/120] Epoch: [2] Loss: [1.405426774335944]
2019-04-01 21:37:10 INFO     Batch: [92/120] Epoch: [2] Loss: [1.4054328292928717]
2019-04-01 21:37:10 INFO     Batch: [93/120] Epoch: [2] Loss: [1.405093401036364]
2019-04-01 21:37:11 INFO     Batch: [94/120] Epoch: [2] Loss: [1.4048347586079648]
2019-04-01 21:37:11 INFO     Batch: [95/120] Epoch: [2] Loss: [1.4046474310259025]
2019-04-01 21:37:11 INFO     Batch: [96/120] Epoch: [2] Loss: [1.4039269624297153]
2019-04-01 21:37:11 INFO     Batch: [97/120] Epoch: [2] Loss: [1.403634068917255]
2019-04-01 21:37:11 INFO     Batch: [98/120] Epoch: [2] Loss: [1.4025366511007753]
2019-04-01 21:37:11 INFO     Batch: [99/120] Epoch: [2] Loss: [1.401907855272293]
2019-04-01 21:37:11 INFO     Batch: [100/120] Epoch: [2] Loss: [1.4020628964546884]
2019-04-01 21:37:12 INFO     Batch: [101/120] Epoch: [2] Loss: [1.4014645803208445]
2019-04-01 21:37:12 INFO     Batch: [102/120] Epoch: [2] Loss: [1.4015809193398188]
2019-04-01 21:37:12 INFO     Batch: [103/120] Epoch: [2] Loss: [1.4009261887807112]
2019-04-01 21:37:12 INFO     Batch: [104/120] Epoch: [2] Loss: [1.4005119755154565]
2019-04-01 21:37:12 INFO     Batch: [105/120] Epoch: [2] Loss: [1.3998061800902744]
2019-04-01 21:37:12 INFO     Batch: [106/120] Epoch: [2] Loss: [1.399504201434483]
2019-04-01 21:37:12 INFO     Batch: [107/120] Epoch: [2] Loss: [1.3988359062759965]
2019-04-01 21:37:12 INFO     Batch: [108/120] Epoch: [2] Loss: [1.3987311441963965]
2019-04-01 21:37:13 INFO     Batch: [109/120] Epoch: [2] Loss: [1.3978311592882329]
2019-04-01 21:37:13 INFO     Batch: [110/120] Epoch: [2] Loss: [1.3970147403510842]
2019-04-01 21:37:13 INFO     Batch: [111/120] Epoch: [2] Loss: [1.3958957674247878]
2019-04-01 21:37:13 INFO     Batch: [112/120] Epoch: [2] Loss: [1.3951086491610096]
2019-04-01 21:37:13 INFO     Batch: [113/120] Epoch: [2] Loss: [1.394521715348227]
2019-04-01 21:37:13 INFO     Batch: [114/120] Epoch: [2] Loss: [1.3938898490822833]
2019-04-01 21:37:13 INFO     Batch: [115/120] Epoch: [2] Loss: [1.3928967477946446]
2019-04-01 21:37:14 INFO     Batch: [116/120] Epoch: [2] Loss: [1.3918586541444828]
2019-04-01 21:37:14 INFO     Batch: [117/120] Epoch: [2] Loss: [1.391583726567737]
2019-04-01 21:37:14 INFO     Batch: [118/120] Epoch: [2] Loss: [1.3905439537112452]
2019-04-01 21:37:14 INFO     Batch: [119/120] Epoch: [2] Loss: [1.3897259642680486]
2019-04-01 21:37:15 INFO     Epoch: [2/200] Loss: [1.3897259642680486] Accuracy: [0.5589090909090909]
2019-04-01 21:37:16 INFO     Batch: [0/120] Epoch: [3] Loss: [1.2975367307662964]
2019-04-01 21:37:17 INFO     Accuracy: [0.5414545454545455]

2019-04-01 21:37:17 INFO     Batch: [1/120] Epoch: [3] Loss: [1.2951125502586365]
2019-04-01 21:37:17 INFO     Batch: [2/120] Epoch: [3] Loss: [1.2713022629419963]
2019-04-01 21:37:17 INFO     Batch: [3/120] Epoch: [3] Loss: [1.264885663986206]
2019-04-01 21:37:17 INFO     Batch: [4/120] Epoch: [3] Loss: [1.2591602087020874]
2019-04-01 21:37:18 INFO     Batch: [5/120] Epoch: [3] Loss: [1.264564573764801]
2019-04-01 21:37:18 INFO     Batch: [6/120] Epoch: [3] Loss: [1.268331459590367]
2019-04-01 21:37:18 INFO     Batch: [7/120] Epoch: [3] Loss: [1.2698733359575272]
2019-04-01 21:37:18 INFO     Batch: [8/120] Epoch: [3] Loss: [1.275451382001241]
2019-04-01 21:37:18 INFO     Batch: [9/120] Epoch: [3] Loss: [1.2834744930267334]
2019-04-01 21:37:18 INFO     Batch: [10/120] Epoch: [3] Loss: [1.2839250347831033]
2019-04-01 21:37:18 INFO     Batch: [11/120] Epoch: [3] Loss: [1.2865163683891296]
2019-04-01 21:37:19 INFO     Batch: [12/120] Epoch: [3] Loss: [1.2843945118097158]
2019-04-01 21:37:19 INFO     Batch: [13/120] Epoch: [3] Loss: [1.2930491396359034]
2019-04-01 21:37:19 INFO     Batch: [14/120] Epoch: [3] Loss: [1.294166914621989]
2019-04-01 21:37:19 INFO     Batch: [15/120] Epoch: [3] Loss: [1.292740948498249]
2019-04-01 21:37:19 INFO     Batch: [16/120] Epoch: [3] Loss: [1.2944251439150642]
2019-04-01 21:37:19 INFO     Batch: [17/120] Epoch: [3] Loss: [1.2943990031878154]
2019-04-01 21:37:19 INFO     Batch: [18/120] Epoch: [3] Loss: [1.2943095909921747]
2019-04-01 21:37:20 INFO     Batch: [19/120] Epoch: [3] Loss: [1.2987449169158936]
2019-04-01 21:37:20 INFO     Batch: [20/120] Epoch: [3] Loss: [1.3001321724482946]
2019-04-01 21:37:20 INFO     Batch: [21/120] Epoch: [3] Loss: [1.3026792840524153]
2019-04-01 21:37:20 INFO     Batch: [22/120] Epoch: [3] Loss: [1.3051645703937695]
2019-04-01 21:37:20 INFO     Batch: [23/120] Epoch: [3] Loss: [1.3086856404940288]
2019-04-01 21:37:20 INFO     Batch: [24/120] Epoch: [3] Loss: [1.3101227474212647]
2019-04-01 21:37:20 INFO     Batch: [25/120] Epoch: [3] Loss: [1.3116807020627534]
2019-04-01 21:37:21 INFO     Batch: [26/120] Epoch: [3] Loss: [1.3122553604620475]
2019-04-01 21:37:21 INFO     Batch: [27/120] Epoch: [3] Loss: [1.3115598005907876]
2019-04-01 21:37:21 INFO     Batch: [28/120] Epoch: [3] Loss: [1.3114287894347618]
2019-04-01 21:37:21 INFO     Batch: [29/120] Epoch: [3] Loss: [1.3150955398877462]
2019-04-01 21:37:21 INFO     Batch: [30/120] Epoch: [3] Loss: [1.3176560671098771]
2019-04-01 21:37:21 INFO     Batch: [31/120] Epoch: [3] Loss: [1.3194652274250984]
2019-04-01 21:37:21 INFO     Batch: [32/120] Epoch: [3] Loss: [1.3254454497135046]
2019-04-01 21:37:22 INFO     Batch: [33/120] Epoch: [3] Loss: [1.3286566173329073]
2019-04-01 21:37:22 INFO     Batch: [34/120] Epoch: [3] Loss: [1.3291998079844884]
2019-04-01 21:37:22 INFO     Batch: [35/120] Epoch: [3] Loss: [1.328068928586112]
2019-04-01 21:37:22 INFO     Batch: [36/120] Epoch: [3] Loss: [1.3288010906528782]
2019-04-01 21:37:22 INFO     Batch: [37/120] Epoch: [3] Loss: [1.330269013580523]
2019-04-01 21:37:22 INFO     Batch: [38/120] Epoch: [3] Loss: [1.3321031240316539]
2019-04-01 21:37:22 INFO     Batch: [39/120] Epoch: [3] Loss: [1.3320619702339171]
2019-04-01 21:37:23 INFO     Batch: [40/120] Epoch: [3] Loss: [1.3343276512332078]
2019-04-01 21:37:23 INFO     Batch: [41/120] Epoch: [3] Loss: [1.334557436761402]
2019-04-01 21:37:23 INFO     Batch: [42/120] Epoch: [3] Loss: [1.3366427781970003]
2019-04-01 21:37:23 INFO     Batch: [43/120] Epoch: [3] Loss: [1.33837322213433]
2019-04-01 21:37:23 INFO     Batch: [44/120] Epoch: [3] Loss: [1.3368298371632894]
2019-04-01 21:37:23 INFO     Batch: [45/120] Epoch: [3] Loss: [1.338344747605531]
2019-04-01 21:37:23 INFO     Batch: [46/120] Epoch: [3] Loss: [1.3395878254099096]
2019-04-01 21:37:24 INFO     Batch: [47/120] Epoch: [3] Loss: [1.3385528052846591]
2019-04-01 21:37:24 INFO     Batch: [48/120] Epoch: [3] Loss: [1.3377547872309783]
2019-04-01 21:37:24 INFO     Batch: [49/120] Epoch: [3] Loss: [1.336581597328186]
2019-04-01 21:37:24 INFO     Batch: [50/120] Epoch: [3] Loss: [1.3384257928997862]
2019-04-01 21:37:24 INFO     Batch: [51/120] Epoch: [3] Loss: [1.336163649192223]
2019-04-01 21:37:24 INFO     Batch: [52/120] Epoch: [3] Loss: [1.3364604531594042]
2019-04-01 21:37:24 INFO     Batch: [53/120] Epoch: [3] Loss: [1.3360991963633784]
2019-04-01 21:37:25 INFO     Batch: [54/120] Epoch: [3] Loss: [1.336493713205511]
2019-04-01 21:37:25 INFO     Batch: [55/120] Epoch: [3] Loss: [1.3368242532014847]
2019-04-01 21:37:25 INFO     Batch: [56/120] Epoch: [3] Loss: [1.3347796264447664]
2019-04-01 21:37:25 INFO     Batch: [57/120] Epoch: [3] Loss: [1.3354526799300621]
2019-04-01 21:37:25 INFO     Batch: [58/120] Epoch: [3] Loss: [1.3345826743012768]
2019-04-01 21:37:25 INFO     Batch: [59/120] Epoch: [3] Loss: [1.3328026016553243]
2019-04-01 21:37:25 INFO     Batch: [60/120] Epoch: [3] Loss: [1.3308520121652572]
2019-04-01 21:37:26 INFO     Batch: [61/120] Epoch: [3] Loss: [1.3292492839597887]
2019-04-01 21:37:26 INFO     Batch: [62/120] Epoch: [3] Loss: [1.3277789202947465]
2019-04-01 21:37:26 INFO     Batch: [63/120] Epoch: [3] Loss: [1.3270753808319569]
2019-04-01 21:37:26 INFO     Batch: [64/120] Epoch: [3] Loss: [1.3259937414756189]
2019-04-01 21:37:26 INFO     Batch: [65/120] Epoch: [3] Loss: [1.3254359978618044]
2019-04-01 21:37:26 INFO     Batch: [66/120] Epoch: [3] Loss: [1.323996848134852]
2019-04-01 21:37:26 INFO     Batch: [67/120] Epoch: [3] Loss: [1.3233499211423538]
2019-04-01 21:37:27 INFO     Batch: [68/120] Epoch: [3] Loss: [1.3216154817221821]
2019-04-01 21:37:27 INFO     Batch: [69/120] Epoch: [3] Loss: [1.3219083888190133]
2019-04-01 21:37:27 INFO     Batch: [70/120] Epoch: [3] Loss: [1.3219584260188357]
2019-04-01 21:37:27 INFO     Batch: [71/120] Epoch: [3] Loss: [1.3214917944537268]
2019-04-01 21:37:27 INFO     Batch: [72/120] Epoch: [3] Loss: [1.320240655990496]
2019-04-01 21:37:27 INFO     Batch: [73/120] Epoch: [3] Loss: [1.3202941578787726]
2019-04-01 21:37:27 INFO     Batch: [74/120] Epoch: [3] Loss: [1.3200036636988322]
2019-04-01 21:37:28 INFO     Batch: [75/120] Epoch: [3] Loss: [1.319901383236835]
2019-04-01 21:37:28 INFO     Batch: [76/120] Epoch: [3] Loss: [1.3205246120304257]
2019-04-01 21:37:28 INFO     Batch: [77/120] Epoch: [3] Loss: [1.3192483736918523]
2019-04-01 21:37:28 INFO     Batch: [78/120] Epoch: [3] Loss: [1.3189778358121462]
2019-04-01 21:37:28 INFO     Batch: [79/120] Epoch: [3] Loss: [1.3178788676857949]
2019-04-01 21:37:28 INFO     Batch: [80/120] Epoch: [3] Loss: [1.3177112605836656]
2019-04-01 21:37:28 INFO     Batch: [81/120] Epoch: [3] Loss: [1.3168925773806688]
2019-04-01 21:37:29 INFO     Batch: [82/120] Epoch: [3] Loss: [1.317131369946951]
2019-04-01 21:37:29 INFO     Batch: [83/120] Epoch: [3] Loss: [1.3177254370280675]
2019-04-01 21:37:29 INFO     Batch: [84/120] Epoch: [3] Loss: [1.3169701814651489]
2019-04-01 21:37:29 INFO     Batch: [85/120] Epoch: [3] Loss: [1.316422072953956]
2019-04-01 21:37:29 INFO     Batch: [86/120] Epoch: [3] Loss: [1.3150843066730717]
2019-04-01 21:37:29 INFO     Batch: [87/120] Epoch: [3] Loss: [1.3145805502479726]
2019-04-01 21:37:29 INFO     Batch: [88/120] Epoch: [3] Loss: [1.3140975491384441]
2019-04-01 21:37:29 INFO     Batch: [89/120] Epoch: [3] Loss: [1.313586303922865]
2019-04-01 21:37:30 INFO     Batch: [90/120] Epoch: [3] Loss: [1.3135587959499149]
2019-04-01 21:37:30 INFO     Batch: [91/120] Epoch: [3] Loss: [1.3129126753496088]
2019-04-01 21:37:30 INFO     Batch: [92/120] Epoch: [3] Loss: [1.3141257032271354]
2019-04-01 21:37:30 INFO     Batch: [93/120] Epoch: [3] Loss: [1.314061611256701]
2019-04-01 21:37:30 INFO     Batch: [94/120] Epoch: [3] Loss: [1.3143861871016653]
2019-04-01 21:37:30 INFO     Batch: [95/120] Epoch: [3] Loss: [1.3142553654809792]
2019-04-01 21:37:31 INFO     Batch: [96/120] Epoch: [3] Loss: [1.3144678049480791]
2019-04-01 21:37:31 INFO     Batch: [97/120] Epoch: [3] Loss: [1.314263021459385]
2019-04-01 21:37:31 INFO     Batch: [98/120] Epoch: [3] Loss: [1.31423437474954]
2019-04-01 21:37:31 INFO     Batch: [99/120] Epoch: [3] Loss: [1.3137436604499817]
2019-04-01 21:37:31 INFO     Batch: [100/120] Epoch: [3] Loss: [1.3140106413624075]
2019-04-01 21:37:31 INFO     Batch: [101/120] Epoch: [3] Loss: [1.3134858152445625]
2019-04-01 21:37:31 INFO     Batch: [102/120] Epoch: [3] Loss: [1.3136841255484275]
2019-04-01 21:37:32 INFO     Batch: [103/120] Epoch: [3] Loss: [1.3137690058121314]
2019-04-01 21:37:32 INFO     Batch: [104/120] Epoch: [3] Loss: [1.3136498996189663]
2019-04-01 21:37:32 INFO     Batch: [105/120] Epoch: [3] Loss: [1.3129388138933002]
2019-04-01 21:37:32 INFO     Batch: [106/120] Epoch: [3] Loss: [1.3129782275618793]
2019-04-01 21:37:32 INFO     Batch: [107/120] Epoch: [3] Loss: [1.3115733122384106]
2019-04-01 21:37:32 INFO     Batch: [108/120] Epoch: [3] Loss: [1.3112968807920404]
2019-04-01 21:37:32 INFO     Batch: [109/120] Epoch: [3] Loss: [1.3116913752122359]
2019-04-01 21:37:32 INFO     Batch: [110/120] Epoch: [3] Loss: [1.3116050303519309]
2019-04-01 21:37:33 INFO     Batch: [111/120] Epoch: [3] Loss: [1.3124821122203554]
2019-04-01 21:37:33 INFO     Batch: [112/120] Epoch: [3] Loss: [1.3132847357640225]
2019-04-01 21:37:33 INFO     Batch: [113/120] Epoch: [3] Loss: [1.314196185061806]
2019-04-01 21:37:33 INFO     Batch: [114/120] Epoch: [3] Loss: [1.3145294147989024]
2019-04-01 21:37:33 INFO     Batch: [115/120] Epoch: [3] Loss: [1.3142627837329075]
2019-04-01 21:37:33 INFO     Batch: [116/120] Epoch: [3] Loss: [1.3141332161732209]
2019-04-01 21:37:33 INFO     Batch: [117/120] Epoch: [3] Loss: [1.3135850156767894]
2019-04-01 21:37:34 INFO     Batch: [118/120] Epoch: [3] Loss: [1.3143119902170004]
2019-04-01 21:37:34 INFO     Batch: [119/120] Epoch: [3] Loss: [1.313692609469096]
2019-04-01 21:37:35 INFO     Epoch: [3/200] Loss: [1.313692609469096] Accuracy: [0.5549090909090909]
2019-04-01 21:37:35 INFO     Batch: [0/120] Epoch: [4] Loss: [1.2374669313430786]
2019-04-01 21:37:37 INFO     Accuracy: [0.5609090909090909]

2019-04-01 21:37:37 INFO     Batch: [1/120] Epoch: [4] Loss: [1.2990083694458008]
2019-04-01 21:37:37 INFO     Batch: [2/120] Epoch: [4] Loss: [1.2459038496017456]
2019-04-01 21:37:37 INFO     Batch: [3/120] Epoch: [4] Loss: [1.259992629289627]
2019-04-01 21:37:37 INFO     Batch: [4/120] Epoch: [4] Loss: [1.2595608711242676]
2019-04-01 21:37:37 INFO     Batch: [5/120] Epoch: [4] Loss: [1.2834200461705525]
2019-04-01 21:37:37 INFO     Batch: [6/120] Epoch: [4] Loss: [1.281039936201913]
2019-04-01 21:37:38 INFO     Batch: [7/120] Epoch: [4] Loss: [1.2968746423721313]
2019-04-01 21:37:38 INFO     Batch: [8/120] Epoch: [4] Loss: [1.2937701675626967]
2019-04-01 21:37:38 INFO     Batch: [9/120] Epoch: [4] Loss: [1.2886988520622253]
2019-04-01 21:37:38 INFO     Batch: [10/120] Epoch: [4] Loss: [1.284160559827631]
2019-04-01 21:37:38 INFO     Batch: [11/120] Epoch: [4] Loss: [1.2864688535531361]
2019-04-01 21:37:38 INFO     Batch: [12/120] Epoch: [4] Loss: [1.277905665911161]
2019-04-01 21:37:38 INFO     Batch: [13/120] Epoch: [4] Loss: [1.2755386659077235]
2019-04-01 21:37:39 INFO     Batch: [14/120] Epoch: [4] Loss: [1.2759713411331177]
2019-04-01 21:37:39 INFO     Batch: [15/120] Epoch: [4] Loss: [1.2705947533249855]
2019-04-01 21:37:39 INFO     Batch: [16/120] Epoch: [4] Loss: [1.2714994514689726]
2019-04-01 21:37:39 INFO     Batch: [17/120] Epoch: [4] Loss: [1.2760322093963623]
2019-04-01 21:37:39 INFO     Batch: [18/120] Epoch: [4] Loss: [1.2778618837657727]
2019-04-01 21:37:39 INFO     Batch: [19/120] Epoch: [4] Loss: [1.2759377002716064]
2019-04-01 21:37:39 INFO     Batch: [20/120] Epoch: [4] Loss: [1.2793340115320115]
2019-04-01 21:37:40 INFO     Batch: [21/120] Epoch: [4] Loss: [1.2778480486436323]
2019-04-01 21:37:40 INFO     Batch: [22/120] Epoch: [4] Loss: [1.2689435274704643]
2019-04-01 21:37:40 INFO     Batch: [23/120] Epoch: [4] Loss: [1.2662514100472133]
2019-04-01 21:37:40 INFO     Batch: [24/120] Epoch: [4] Loss: [1.2645793867111206]
2019-04-01 21:37:40 INFO     Batch: [25/120] Epoch: [4] Loss: [1.261857156570141]
2019-04-01 21:37:40 INFO     Batch: [26/120] Epoch: [4] Loss: [1.2604533478065774]
2019-04-01 21:37:40 INFO     Batch: [27/120] Epoch: [4] Loss: [1.2601421986307417]
2019-04-01 21:37:41 INFO     Batch: [28/120] Epoch: [4] Loss: [1.260441443015789]
2019-04-01 21:37:41 INFO     Batch: [29/120] Epoch: [4] Loss: [1.261018705368042]
2019-04-01 21:37:41 INFO     Batch: [30/120] Epoch: [4] Loss: [1.2624565362930298]
2019-04-01 21:37:41 INFO     Batch: [31/120] Epoch: [4] Loss: [1.264117419719696]
2019-04-01 21:37:41 INFO     Batch: [32/120] Epoch: [4] Loss: [1.2664700565916118]
2019-04-01 21:37:41 INFO     Batch: [33/120] Epoch: [4] Loss: [1.2647983081200544]
2019-04-01 21:37:41 INFO     Batch: [34/120] Epoch: [4] Loss: [1.2641310385295323]
2019-04-01 21:37:42 INFO     Batch: [35/120] Epoch: [4] Loss: [1.2640052404668596]
2019-04-01 21:37:42 INFO     Batch: [36/120] Epoch: [4] Loss: [1.2627599529317908]
2019-04-01 21:37:42 INFO     Batch: [37/120] Epoch: [4] Loss: [1.2668700437796743]
2019-04-01 21:37:42 INFO     Batch: [38/120] Epoch: [4] Loss: [1.2663676952704406]
2019-04-01 21:37:42 INFO     Batch: [39/120] Epoch: [4] Loss: [1.2617425203323365]
2019-04-01 21:37:42 INFO     Batch: [40/120] Epoch: [4] Loss: [1.2608627284445413]
2019-04-01 21:37:42 INFO     Batch: [41/120] Epoch: [4] Loss: [1.2595853748775663]
2019-04-01 21:37:43 INFO     Batch: [42/120] Epoch: [4] Loss: [1.2616957675578981]
2019-04-01 21:37:43 INFO     Batch: [43/120] Epoch: [4] Loss: [1.2628383799032732]
2019-04-01 21:37:43 INFO     Batch: [44/120] Epoch: [4] Loss: [1.2631257428063287]
2019-04-01 21:37:43 INFO     Batch: [45/120] Epoch: [4] Loss: [1.2642315600229346]
2019-04-01 21:37:43 INFO     Batch: [46/120] Epoch: [4] Loss: [1.2662301190355991]
2019-04-01 21:37:43 INFO     Batch: [47/120] Epoch: [4] Loss: [1.2667823682228725]
2019-04-01 21:37:43 INFO     Batch: [48/120] Epoch: [4] Loss: [1.26912188286684]
2019-04-01 21:37:44 INFO     Batch: [49/120] Epoch: [4] Loss: [1.2700798726081848]
2019-04-01 21:37:44 INFO     Batch: [50/120] Epoch: [4] Loss: [1.268103746806874]
2019-04-01 21:37:44 INFO     Batch: [51/120] Epoch: [4] Loss: [1.2675946950912476]
2019-04-01 21:37:44 INFO     Batch: [52/120] Epoch: [4] Loss: [1.266373319445916]
2019-04-01 21:37:44 INFO     Batch: [53/120] Epoch: [4] Loss: [1.2666379323712103]
2019-04-01 21:37:44 INFO     Batch: [54/120] Epoch: [4] Loss: [1.26697819666429]
2019-04-01 21:37:44 INFO     Batch: [55/120] Epoch: [4] Loss: [1.2664859741926193]
2019-04-01 21:37:45 INFO     Batch: [56/120] Epoch: [4] Loss: [1.2662968489161708]
2019-04-01 21:37:45 INFO     Batch: [57/120] Epoch: [4] Loss: [1.2673349442153141]
2019-04-01 21:37:45 INFO     Batch: [58/120] Epoch: [4] Loss: [1.2654400073875816]
2019-04-01 21:37:45 INFO     Batch: [59/120] Epoch: [4] Loss: [1.2648474276065826]
2019-04-01 21:37:45 INFO     Batch: [60/120] Epoch: [4] Loss: [1.2670228520377738]
2019-04-01 21:37:45 INFO     Batch: [61/120] Epoch: [4] Loss: [1.2664757909313324]
2019-04-01 21:37:45 INFO     Batch: [62/120] Epoch: [4] Loss: [1.2679019769032795]
2019-04-01 21:37:46 INFO     Batch: [63/120] Epoch: [4] Loss: [1.2662896532565355]
2019-04-01 21:37:46 INFO     Batch: [64/120] Epoch: [4] Loss: [1.2676682215470534]
2019-04-01 21:37:46 INFO     Batch: [65/120] Epoch: [4] Loss: [1.266363217975154]
2019-04-01 21:37:46 INFO     Batch: [66/120] Epoch: [4] Loss: [1.267381915405615]
2019-04-01 21:37:46 INFO     Batch: [67/120] Epoch: [4] Loss: [1.2665199707536137]
2019-04-01 21:37:46 INFO     Batch: [68/120] Epoch: [4] Loss: [1.2669738341068877]
2019-04-01 21:37:46 INFO     Batch: [69/120] Epoch: [4] Loss: [1.2682896324566433]
2019-04-01 21:37:46 INFO     Batch: [70/120] Epoch: [4] Loss: [1.268937026950675]
2019-04-01 21:37:47 INFO     Batch: [71/120] Epoch: [4] Loss: [1.2680303768979178]
2019-04-01 21:37:47 INFO     Batch: [72/120] Epoch: [4] Loss: [1.2688750371541062]
2019-04-01 21:37:47 INFO     Batch: [73/120] Epoch: [4] Loss: [1.2689978142042417]
2019-04-01 21:37:47 INFO     Batch: [74/120] Epoch: [4] Loss: [1.2692714643478393]
2019-04-01 21:37:47 INFO     Batch: [75/120] Epoch: [4] Loss: [1.2692946070118953]
2019-04-01 21:37:47 INFO     Batch: [76/120] Epoch: [4] Loss: [1.2698629289478451]
2019-04-01 21:37:47 INFO     Batch: [77/120] Epoch: [4] Loss: [1.2699174682299297]
2019-04-01 21:37:48 INFO     Batch: [78/120] Epoch: [4] Loss: [1.2693440582178817]
2019-04-01 21:37:48 INFO     Batch: [79/120] Epoch: [4] Loss: [1.269438050687313]
2019-04-01 21:37:48 INFO     Batch: [80/120] Epoch: [4] Loss: [1.2680323845074501]
2019-04-01 21:37:48 INFO     Batch: [81/120] Epoch: [4] Loss: [1.268354100425069]
2019-04-01 21:37:48 INFO     Batch: [82/120] Epoch: [4] Loss: [1.2683393495628632]
2019-04-01 21:37:48 INFO     Batch: [83/120] Epoch: [4] Loss: [1.2678073119549524]
2019-04-01 21:37:48 INFO     Batch: [84/120] Epoch: [4] Loss: [1.2677440138424143]
2019-04-01 21:37:49 INFO     Batch: [85/120] Epoch: [4] Loss: [1.2673053838485895]
2019-04-01 21:37:49 INFO     Batch: [86/120] Epoch: [4] Loss: [1.2666995347231285]
2019-04-01 21:37:49 INFO     Batch: [87/120] Epoch: [4] Loss: [1.2665712305090644]
2019-04-01 21:37:49 INFO     Batch: [88/120] Epoch: [4] Loss: [1.265991509630439]
2019-04-01 21:37:49 INFO     Batch: [89/120] Epoch: [4] Loss: [1.2654854390356276]
2019-04-01 21:37:49 INFO     Batch: [90/120] Epoch: [4] Loss: [1.2646455122874334]
2019-04-01 21:37:49 INFO     Batch: [91/120] Epoch: [4] Loss: [1.2634433650452157]
2019-04-01 21:37:50 INFO     Batch: [92/120] Epoch: [4] Loss: [1.2627866921886322]
2019-04-01 21:37:50 INFO     Batch: [93/120] Epoch: [4] Loss: [1.2629985238643402]
2019-04-01 21:37:50 INFO     Batch: [94/120] Epoch: [4] Loss: [1.2625169427771317]
2019-04-01 21:37:50 INFO     Batch: [95/120] Epoch: [4] Loss: [1.2626447280248005]
2019-04-01 21:37:50 INFO     Batch: [96/120] Epoch: [4] Loss: [1.263053707240783]
2019-04-01 21:37:50 INFO     Batch: [97/120] Epoch: [4] Loss: [1.2640767827325938]
2019-04-01 21:37:50 INFO     Batch: [98/120] Epoch: [4] Loss: [1.2635251668968586]
2019-04-01 21:37:51 INFO     Batch: [99/120] Epoch: [4] Loss: [1.2625102245807647]
2019-04-01 21:37:51 INFO     Batch: [100/120] Epoch: [4] Loss: [1.262943405916195]
2019-04-01 21:37:51 INFO     Batch: [101/120] Epoch: [4] Loss: [1.2631424291461122]
2019-04-01 21:37:51 INFO     Batch: [102/120] Epoch: [4] Loss: [1.263606580715735]
2019-04-01 21:37:51 INFO     Batch: [103/120] Epoch: [4] Loss: [1.2646198295629942]
2019-04-01 21:37:51 INFO     Batch: [104/120] Epoch: [4] Loss: [1.2650244406291418]
2019-04-01 21:37:51 INFO     Batch: [105/120] Epoch: [4] Loss: [1.2646953429815904]
2019-04-01 21:37:52 INFO     Batch: [106/120] Epoch: [4] Loss: [1.263814255455944]
2019-04-01 21:37:52 INFO     Batch: [107/120] Epoch: [4] Loss: [1.2643944025039673]
2019-04-01 21:37:52 INFO     Batch: [108/120] Epoch: [4] Loss: [1.264460183064872]
2019-04-01 21:37:52 INFO     Batch: [109/120] Epoch: [4] Loss: [1.2649164405736055]
2019-04-01 21:37:52 INFO     Batch: [110/120] Epoch: [4] Loss: [1.2645524654302511]
2019-04-01 21:37:52 INFO     Batch: [111/120] Epoch: [4] Loss: [1.263880925519126]
2019-04-01 21:37:52 INFO     Batch: [112/120] Epoch: [4] Loss: [1.263963033667708]
2019-04-01 21:37:53 INFO     Batch: [113/120] Epoch: [4] Loss: [1.264261285463969]
2019-04-01 21:37:53 INFO     Batch: [114/120] Epoch: [4] Loss: [1.264219503817351]
2019-04-01 21:37:53 INFO     Batch: [115/120] Epoch: [4] Loss: [1.2650568567473313]
2019-04-01 21:37:53 INFO     Batch: [116/120] Epoch: [4] Loss: [1.2649870693174183]
2019-04-01 21:37:53 INFO     Batch: [117/120] Epoch: [4] Loss: [1.2648663268250935]
2019-04-01 21:37:53 INFO     Batch: [118/120] Epoch: [4] Loss: [1.264201181275504]
2019-04-01 21:37:53 INFO     Batch: [119/120] Epoch: [4] Loss: [1.2643671333789825]
2019-04-01 21:37:55 INFO     Epoch: [4/200] Loss: [1.2643671333789825] Accuracy: [0.542]
2019-04-01 21:37:55 INFO     Batch: [0/120] Epoch: [5] Loss: [1.3753737211227417]
2019-04-01 21:37:56 INFO     Accuracy: [0.5452727272727272]

2019-04-01 21:37:56 INFO     Batch: [1/120] Epoch: [5] Loss: [1.318088710308075]
2019-04-01 21:37:57 INFO     Batch: [2/120] Epoch: [5] Loss: [1.2710211277008057]
2019-04-01 21:37:57 INFO     Batch: [3/120] Epoch: [5] Loss: [1.271516114473343]
2019-04-01 21:37:57 INFO     Batch: [4/120] Epoch: [5] Loss: [1.2894612312316895]
2019-04-01 21:37:57 INFO     Batch: [5/120] Epoch: [5] Loss: [1.2893495361010234]
2019-04-01 21:37:57 INFO     Batch: [6/120] Epoch: [5] Loss: [1.2895667893545968]
2019-04-01 21:37:57 INFO     Batch: [7/120] Epoch: [5] Loss: [1.2882834523916245]
2019-04-01 21:37:57 INFO     Batch: [8/120] Epoch: [5] Loss: [1.2886821561389499]
2019-04-01 21:37:58 INFO     Batch: [9/120] Epoch: [5] Loss: [1.2869657516479491]
2019-04-01 21:37:58 INFO     Batch: [10/120] Epoch: [5] Loss: [1.2837735522877087]
2019-04-01 21:37:58 INFO     Batch: [11/120] Epoch: [5] Loss: [1.2831966082255046]
2019-04-01 21:37:58 INFO     Batch: [12/120] Epoch: [5] Loss: [1.2885183371030366]
2019-04-01 21:37:58 INFO     Batch: [13/120] Epoch: [5] Loss: [1.287124684878758]
2019-04-01 21:37:58 INFO     Batch: [14/120] Epoch: [5] Loss: [1.288433313369751]
2019-04-01 21:37:58 INFO     Batch: [15/120] Epoch: [5] Loss: [1.2864075228571892]
2019-04-01 21:37:59 INFO     Batch: [16/120] Epoch: [5] Loss: [1.2869130863862879]
2019-04-01 21:37:59 INFO     Batch: [17/120] Epoch: [5] Loss: [1.293614235189226]
2019-04-01 21:37:59 INFO     Batch: [18/120] Epoch: [5] Loss: [1.2992185605199713]
2019-04-01 21:37:59 INFO     Batch: [19/120] Epoch: [5] Loss: [1.2993535816669464]
2019-04-01 21:37:59 INFO     Batch: [20/120] Epoch: [5] Loss: [1.299281807172866]
2019-04-01 21:37:59 INFO     Batch: [21/120] Epoch: [5] Loss: [1.3008534149690107]
2019-04-01 21:37:59 INFO     Batch: [22/120] Epoch: [5] Loss: [1.2973274199858955]
2019-04-01 21:38:00 INFO     Batch: [23/120] Epoch: [5] Loss: [1.2928548852602642]
2019-04-01 21:38:00 INFO     Batch: [24/120] Epoch: [5] Loss: [1.2901735496520996]
2019-04-01 21:38:00 INFO     Batch: [25/120] Epoch: [5] Loss: [1.2897080458127534]
2019-04-01 21:38:00 INFO     Batch: [26/120] Epoch: [5] Loss: [1.2861688799328275]
2019-04-01 21:38:00 INFO     Batch: [27/120] Epoch: [5] Loss: [1.2851264945098333]
2019-04-01 21:38:00 INFO     Batch: [28/120] Epoch: [5] Loss: [1.2831040456377227]
2019-04-01 21:38:00 INFO     Batch: [29/120] Epoch: [5] Loss: [1.2853508432706198]
2019-04-01 21:38:00 INFO     Batch: [30/120] Epoch: [5] Loss: [1.2848977311964958]
2019-04-01 21:38:01 INFO     Batch: [31/120] Epoch: [5] Loss: [1.286424681544304]
2019-04-01 21:38:01 INFO     Batch: [32/120] Epoch: [5] Loss: [1.2869087385408806]
2019-04-01 21:38:01 INFO     Batch: [33/120] Epoch: [5] Loss: [1.287094119717093]
2019-04-01 21:38:01 INFO     Batch: [34/120] Epoch: [5] Loss: [1.2863205194473266]
2019-04-01 21:38:01 INFO     Batch: [35/120] Epoch: [5] Loss: [1.2861952814790938]
2019-04-01 21:38:01 INFO     Batch: [36/120] Epoch: [5] Loss: [1.2860331535339355]
2019-04-01 21:38:01 INFO     Batch: [37/120] Epoch: [5] Loss: [1.2852762216015865]
2019-04-01 21:38:02 INFO     Batch: [38/120] Epoch: [5] Loss: [1.284035141651447]
2019-04-01 21:38:02 INFO     Batch: [39/120] Epoch: [5] Loss: [1.2874560534954071]
2019-04-01 21:38:02 INFO     Batch: [40/120] Epoch: [5] Loss: [1.2838374230919816]
2019-04-01 21:38:02 INFO     Batch: [41/120] Epoch: [5] Loss: [1.2851764758427937]
2019-04-01 21:38:02 INFO     Batch: [42/120] Epoch: [5] Loss: [1.2850090570228045]
2019-04-01 21:38:02 INFO     Batch: [43/120] Epoch: [5] Loss: [1.2856735478747974]
2019-04-01 21:38:02 INFO     Batch: [44/120] Epoch: [5] Loss: [1.2846688588460287]
2019-04-01 21:38:03 INFO     Batch: [45/120] Epoch: [5] Loss: [1.2851984163989192]
2019-04-01 21:38:03 INFO     Batch: [46/120] Epoch: [5] Loss: [1.2856846286895427]
2019-04-01 21:38:03 INFO     Batch: [47/120] Epoch: [5] Loss: [1.2855589936176937]
2019-04-01 21:38:03 INFO     Batch: [48/120] Epoch: [5] Loss: [1.2871034899536444]
2019-04-01 21:38:03 INFO     Batch: [49/120] Epoch: [5] Loss: [1.2901595091819764]
2019-04-01 21:38:03 INFO     Batch: [50/120] Epoch: [5] Loss: [1.2894804804932838]
2019-04-01 21:38:03 INFO     Batch: [51/120] Epoch: [5] Loss: [1.2878338075601137]
2019-04-01 21:38:04 INFO     Batch: [52/120] Epoch: [5] Loss: [1.28745651020194]
2019-04-01 21:38:04 INFO     Batch: [53/120] Epoch: [5] Loss: [1.2901189084406253]
2019-04-01 21:38:04 INFO     Batch: [54/120] Epoch: [5] Loss: [1.2899021603844383]
2019-04-01 21:38:04 INFO     Batch: [55/120] Epoch: [5] Loss: [1.289410616670336]
2019-04-01 21:38:04 INFO     Batch: [56/120] Epoch: [5] Loss: [1.2892406112269352]
2019-04-01 21:38:04 INFO     Batch: [57/120] Epoch: [5] Loss: [1.287506903039998]
2019-04-01 21:38:04 INFO     Batch: [58/120] Epoch: [5] Loss: [1.2871960138870497]
2019-04-01 21:38:05 INFO     Batch: [59/120] Epoch: [5] Loss: [1.2879459798336028]
2019-04-01 21:38:05 INFO     Batch: [60/120] Epoch: [5] Loss: [1.2875132834325071]
2019-04-01 21:38:05 INFO     Batch: [61/120] Epoch: [5] Loss: [1.2860282025029581]
2019-04-01 21:38:05 INFO     Batch: [62/120] Epoch: [5] Loss: [1.2876657342153883]
2019-04-01 21:38:05 INFO     Batch: [63/120] Epoch: [5] Loss: [1.2861834578216076]
2019-04-01 21:38:05 INFO     Batch: [64/120] Epoch: [5] Loss: [1.286748405603262]
2019-04-01 21:38:05 INFO     Batch: [65/120] Epoch: [5] Loss: [1.286262734369798]
2019-04-01 21:38:06 INFO     Batch: [66/120] Epoch: [5] Loss: [1.287190805620222]
2019-04-01 21:38:06 INFO     Batch: [67/120] Epoch: [5] Loss: [1.287132475306006]
2019-04-01 21:38:06 INFO     Batch: [68/120] Epoch: [5] Loss: [1.2866334794224172]
2019-04-01 21:38:06 INFO     Batch: [69/120] Epoch: [5] Loss: [1.2870024510792324]
2019-04-01 21:38:06 INFO     Batch: [70/120] Epoch: [5] Loss: [1.2875020420047598]
2019-04-01 21:38:06 INFO     Batch: [71/120] Epoch: [5] Loss: [1.2869090818696551]
2019-04-01 21:38:06 INFO     Batch: [72/120] Epoch: [5] Loss: [1.2853114915220705]
2019-04-01 21:38:07 INFO     Batch: [73/120] Epoch: [5] Loss: [1.2844411779094387]
2019-04-01 21:38:07 INFO     Batch: [74/120] Epoch: [5] Loss: [1.284475507736206]
2019-04-01 21:38:07 INFO     Batch: [75/120] Epoch: [5] Loss: [1.2827668691936291]
2019-04-01 21:38:07 INFO     Batch: [76/120] Epoch: [5] Loss: [1.2814151358294796]
2019-04-01 21:38:07 INFO     Batch: [77/120] Epoch: [5] Loss: [1.2812732412264898]
2019-04-01 21:38:07 INFO     Batch: [78/120] Epoch: [5] Loss: [1.280285734164564]
2019-04-01 21:38:07 INFO     Batch: [79/120] Epoch: [5] Loss: [1.2794679567217826]
2019-04-01 21:38:08 INFO     Batch: [80/120] Epoch: [5] Loss: [1.2789411706688962]
2019-04-01 21:38:08 INFO     Batch: [81/120] Epoch: [5] Loss: [1.2788874899468772]
2019-04-01 21:38:08 INFO     Batch: [82/120] Epoch: [5] Loss: [1.2792200841099384]
2019-04-01 21:38:08 INFO     Batch: [83/120] Epoch: [5] Loss: [1.2778991333075933]
2019-04-01 21:38:08 INFO     Batch: [84/120] Epoch: [5] Loss: [1.278278680408702]
2019-04-01 21:38:08 INFO     Batch: [85/120] Epoch: [5] Loss: [1.2781525628511297]
2019-04-01 21:38:08 INFO     Batch: [86/120] Epoch: [5] Loss: [1.2778381849157399]
2019-04-01 21:38:09 INFO     Batch: [87/120] Epoch: [5] Loss: [1.278063627806577]
2019-04-01 21:38:09 INFO     Batch: [88/120] Epoch: [5] Loss: [1.278010594710875]
2019-04-01 21:38:09 INFO     Batch: [89/120] Epoch: [5] Loss: [1.2779134657647875]
2019-04-01 21:38:09 INFO     Batch: [90/120] Epoch: [5] Loss: [1.2783541548383104]
2019-04-01 21:38:09 INFO     Batch: [91/120] Epoch: [5] Loss: [1.2785997986793518]
2019-04-01 21:38:09 INFO     Batch: [92/120] Epoch: [5] Loss: [1.2794594533981816]
2019-04-01 21:38:09 INFO     Batch: [93/120] Epoch: [5] Loss: [1.2782606013277744]
2019-04-01 21:38:10 INFO     Batch: [94/120] Epoch: [5] Loss: [1.2781163717571058]
2019-04-01 21:38:10 INFO     Batch: [95/120] Epoch: [5] Loss: [1.2776750015715759]
2019-04-01 21:38:10 INFO     Batch: [96/120] Epoch: [5] Loss: [1.2784924531720347]
2019-04-01 21:38:10 INFO     Batch: [97/120] Epoch: [5] Loss: [1.2797169429915292]
2019-04-01 21:38:10 INFO     Batch: [98/120] Epoch: [5] Loss: [1.280642584116772]
2019-04-01 21:38:10 INFO     Batch: [99/120] Epoch: [5] Loss: [1.2820284402370452]
2019-04-01 21:38:10 INFO     Batch: [100/120] Epoch: [5] Loss: [1.2825692738636885]
2019-04-01 21:38:10 INFO     Batch: [101/120] Epoch: [5] Loss: [1.2827307079352586]
2019-04-01 21:38:11 INFO     Batch: [102/120] Epoch: [5] Loss: [1.2840041801767441]
2019-04-01 21:38:11 INFO     Batch: [103/120] Epoch: [5] Loss: [1.2839051347512465]
2019-04-01 21:38:11 INFO     Batch: [104/120] Epoch: [5] Loss: [1.284696786744254]
2019-04-01 21:38:11 INFO     Batch: [105/120] Epoch: [5] Loss: [1.2849369622626394]
2019-04-01 21:38:11 INFO     Batch: [106/120] Epoch: [5] Loss: [1.2849787573948084]
2019-04-01 21:38:11 INFO     Batch: [107/120] Epoch: [5] Loss: [1.2854983420283705]
2019-04-01 21:38:11 INFO     Batch: [108/120] Epoch: [5] Loss: [1.285140534059717]
2019-04-01 21:38:12 INFO     Batch: [109/120] Epoch: [5] Loss: [1.2852785142985257]
2019-04-01 21:38:12 INFO     Batch: [110/120] Epoch: [5] Loss: [1.2856564801018517]
2019-04-01 21:38:12 INFO     Batch: [111/120] Epoch: [5] Loss: [1.2874396975551332]
2019-04-01 21:38:12 INFO     Batch: [112/120] Epoch: [5] Loss: [1.2875187059419344]
2019-04-01 21:38:12 INFO     Batch: [113/120] Epoch: [5] Loss: [1.2880163192749023]
2019-04-01 21:38:12 INFO     Batch: [114/120] Epoch: [5] Loss: [1.2887239964111992]
2019-04-01 21:38:12 INFO     Batch: [115/120] Epoch: [5] Loss: [1.2884540547584664]
2019-04-01 21:38:13 INFO     Batch: [116/120] Epoch: [5] Loss: [1.2892256231389494]
2019-04-01 21:38:13 INFO     Batch: [117/120] Epoch: [5] Loss: [1.290310212111069]
2019-04-01 21:38:13 INFO     Batch: [118/120] Epoch: [5] Loss: [1.29118224151996]
2019-04-01 21:38:13 INFO     Batch: [119/120] Epoch: [5] Loss: [1.2916406959295272]
2019-04-01 21:38:14 INFO     Epoch: [5/200] Loss: [1.2916406959295272] Accuracy: [0.5419999999999999]
2019-04-01 21:38:15 INFO     Batch: [0/120] Epoch: [6] Loss: [1.3470155000686646]
2019-04-01 21:38:16 INFO     Accuracy: [0.5481818181818181]

2019-04-01 21:38:16 INFO     Batch: [1/120] Epoch: [6] Loss: [1.3516815304756165]
2019-04-01 21:38:16 INFO     Batch: [2/120] Epoch: [6] Loss: [1.3353105783462524]
2019-04-01 21:38:16 INFO     Batch: [3/120] Epoch: [6] Loss: [1.3509922921657562]
2019-04-01 21:38:16 INFO     Batch: [4/120] Epoch: [6] Loss: [1.3540879011154174]
2019-04-01 21:38:17 INFO     Batch: [5/120] Epoch: [6] Loss: [1.3393795092900593]
2019-04-01 21:38:17 INFO     Batch: [6/120] Epoch: [6] Loss: [1.3476567949567522]
2019-04-01 21:38:17 INFO     Batch: [7/120] Epoch: [6] Loss: [1.3439587503671646]
2019-04-01 21:38:17 INFO     Batch: [8/120] Epoch: [6] Loss: [1.3432345522774591]
2019-04-01 21:38:17 INFO     Batch: [9/120] Epoch: [6] Loss: [1.3399661898612976]
2019-04-01 21:38:17 INFO     Batch: [10/120] Epoch: [6] Loss: [1.3343272534283726]
2019-04-01 21:38:17 INFO     Batch: [11/120] Epoch: [6] Loss: [1.3316843112309773]
2019-04-01 21:38:17 INFO     Batch: [12/120] Epoch: [6] Loss: [1.3272190002294688]
2019-04-01 21:38:18 INFO     Batch: [13/120] Epoch: [6] Loss: [1.3295271056038993]
2019-04-01 21:38:18 INFO     Batch: [14/120] Epoch: [6] Loss: [1.330143721898397]
2019-04-01 21:38:18 INFO     Batch: [15/120] Epoch: [6] Loss: [1.3348807767033577]
2019-04-01 21:38:18 INFO     Batch: [16/120] Epoch: [6] Loss: [1.3326035247129553]
2019-04-01 21:38:18 INFO     Batch: [17/120] Epoch: [6] Loss: [1.3353050814734564]
2019-04-01 21:38:18 INFO     Batch: [18/120] Epoch: [6] Loss: [1.3360877350756997]
2019-04-01 21:38:18 INFO     Batch: [19/120] Epoch: [6] Loss: [1.3402841210365295]
2019-04-01 21:38:19 INFO     Batch: [20/120] Epoch: [6] Loss: [1.3409109399432229]
2019-04-01 21:38:19 INFO     Batch: [21/120] Epoch: [6] Loss: [1.3395779512145303]
2019-04-01 21:38:19 INFO     Batch: [22/120] Epoch: [6] Loss: [1.3411453392194665]
2019-04-01 21:38:19 INFO     Batch: [23/120] Epoch: [6] Loss: [1.3379888236522675]
2019-04-01 21:38:19 INFO     Batch: [24/120] Epoch: [6] Loss: [1.340590114593506]
2019-04-01 21:38:19 INFO     Batch: [25/120] Epoch: [6] Loss: [1.3411077031722436]
2019-04-01 21:38:19 INFO     Batch: [26/120] Epoch: [6] Loss: [1.3415686245317813]
2019-04-01 21:38:20 INFO     Batch: [27/120] Epoch: [6] Loss: [1.3399802148342133]
2019-04-01 21:38:20 INFO     Batch: [28/120] Epoch: [6] Loss: [1.3357444837175567]
2019-04-01 21:38:20 INFO     Batch: [29/120] Epoch: [6] Loss: [1.3321276823679606]
2019-04-01 21:38:20 INFO     Batch: [30/120] Epoch: [6] Loss: [1.3299775123596191]
2019-04-01 21:38:20 INFO     Batch: [31/120] Epoch: [6] Loss: [1.3296155482530594]
2019-04-01 21:38:20 INFO     Batch: [32/120] Epoch: [6] Loss: [1.3272725885564631]
2019-04-01 21:38:20 INFO     Batch: [33/120] Epoch: [6] Loss: [1.3247016738442814]
2019-04-01 21:38:21 INFO     Batch: [34/120] Epoch: [6] Loss: [1.3225419930049351]
2019-04-01 21:38:21 INFO     Batch: [35/120] Epoch: [6] Loss: [1.3194293876489003]
2019-04-01 21:38:21 INFO     Batch: [36/120] Epoch: [6] Loss: [1.3196816541053153]
2019-04-01 21:38:21 INFO     Batch: [37/120] Epoch: [6] Loss: [1.3160367733553837]
2019-04-01 21:38:21 INFO     Batch: [38/120] Epoch: [6] Loss: [1.315769910812378]
2019-04-01 21:38:21 INFO     Batch: [39/120] Epoch: [6] Loss: [1.312395915389061]
2019-04-01 21:38:21 INFO     Batch: [40/120] Epoch: [6] Loss: [1.3103427683434836]
2019-04-01 21:38:22 INFO     Batch: [41/120] Epoch: [6] Loss: [1.3075209458669026]
2019-04-01 21:38:22 INFO     Batch: [42/120] Epoch: [6] Loss: [1.3046921796576922]
2019-04-01 21:38:22 INFO     Batch: [43/120] Epoch: [6] Loss: [1.3033394136212089]
2019-04-01 21:38:22 INFO     Batch: [44/120] Epoch: [6] Loss: [1.302871627277798]
2019-04-01 21:38:22 INFO     Batch: [45/120] Epoch: [6] Loss: [1.3006390825561855]
2019-04-01 21:38:22 INFO     Batch: [46/120] Epoch: [6] Loss: [1.2973393480828468]
2019-04-01 21:38:22 INFO     Batch: [47/120] Epoch: [6] Loss: [1.2956105868021648]
2019-04-01 21:38:23 INFO     Batch: [48/120] Epoch: [6] Loss: [1.2947070185019045]
2019-04-01 21:38:23 INFO     Batch: [49/120] Epoch: [6] Loss: [1.292555947303772]
2019-04-01 21:38:23 INFO     Batch: [50/120] Epoch: [6] Loss: [1.2920045548794317]
2019-04-01 21:38:23 INFO     Batch: [51/120] Epoch: [6] Loss: [1.2897415550855489]
2019-04-01 21:38:23 INFO     Batch: [52/120] Epoch: [6] Loss: [1.2895424860828328]
2019-04-01 21:38:23 INFO     Batch: [53/120] Epoch: [6] Loss: [1.2892427223700065]
2019-04-01 21:38:23 INFO     Batch: [54/120] Epoch: [6] Loss: [1.286852392283353]
2019-04-01 21:38:23 INFO     Batch: [55/120] Epoch: [6] Loss: [1.2857299340622765]
2019-04-01 21:38:24 INFO     Batch: [56/120] Epoch: [6] Loss: [1.2863880542286656]
2019-04-01 21:38:24 INFO     Batch: [57/120] Epoch: [6] Loss: [1.2860408528097744]
2019-04-01 21:38:24 INFO     Batch: [58/120] Epoch: [6] Loss: [1.2854194135989172]
2019-04-01 21:38:24 INFO     Batch: [59/120] Epoch: [6] Loss: [1.2841080288092295]
2019-04-01 21:38:24 INFO     Batch: [60/120] Epoch: [6] Loss: [1.282823709190869]
2019-04-01 21:38:24 INFO     Batch: [61/120] Epoch: [6] Loss: [1.2817694448655652]
2019-04-01 21:38:24 INFO     Batch: [62/120] Epoch: [6] Loss: [1.2815427136799646]
2019-04-01 21:38:25 INFO     Batch: [63/120] Epoch: [6] Loss: [1.2816737666726112]
2019-04-01 21:38:25 INFO     Batch: [64/120] Epoch: [6] Loss: [1.2825479085628804]
2019-04-01 21:38:25 INFO     Batch: [65/120] Epoch: [6] Loss: [1.2823469693010503]
2019-04-01 21:38:25 INFO     Batch: [66/120] Epoch: [6] Loss: [1.284298914581982]
2019-04-01 21:38:25 INFO     Batch: [67/120] Epoch: [6] Loss: [1.2837447383824516]
2019-04-01 21:38:25 INFO     Batch: [68/120] Epoch: [6] Loss: [1.284018912177155]
2019-04-01 21:38:25 INFO     Batch: [69/120] Epoch: [6] Loss: [1.2835401330675398]
2019-04-01 21:38:25 INFO     Batch: [70/120] Epoch: [6] Loss: [1.284887988802413]
2019-04-01 21:38:26 INFO     Batch: [71/120] Epoch: [6] Loss: [1.284556195139885]
2019-04-01 21:38:26 INFO     Batch: [72/120] Epoch: [6] Loss: [1.2863238968261301]
2019-04-01 21:38:26 INFO     Batch: [73/120] Epoch: [6] Loss: [1.2859298715720306]
2019-04-01 21:38:26 INFO     Batch: [74/120] Epoch: [6] Loss: [1.2874425013860067]
2019-04-01 21:38:26 INFO     Batch: [75/120] Epoch: [6] Loss: [1.2886418574734737]
2019-04-01 21:38:26 INFO     Batch: [76/120] Epoch: [6] Loss: [1.2878205807178051]
2019-04-01 21:38:26 INFO     Batch: [77/120] Epoch: [6] Loss: [1.2891601110116029]
2019-04-01 21:38:27 INFO     Batch: [78/120] Epoch: [6] Loss: [1.288920158072363]
2019-04-01 21:38:27 INFO     Batch: [79/120] Epoch: [6] Loss: [1.2909694537520409]
2019-04-01 21:38:27 INFO     Batch: [80/120] Epoch: [6] Loss: [1.2918457440388056]
2019-04-01 21:38:27 INFO     Batch: [81/120] Epoch: [6] Loss: [1.2920089814721085]
2019-04-01 21:38:27 INFO     Batch: [82/120] Epoch: [6] Loss: [1.2922178018523987]
2019-04-01 21:38:27 INFO     Batch: [83/120] Epoch: [6] Loss: [1.2934211918285914]
2019-04-01 21:38:27 INFO     Batch: [84/120] Epoch: [6] Loss: [1.2942699250052958]
2019-04-01 21:38:28 INFO     Batch: [85/120] Epoch: [6] Loss: [1.2962169771970704]
2019-04-01 21:38:28 INFO     Batch: [86/120] Epoch: [6] Loss: [1.2979267287528378]
2019-04-01 21:38:28 INFO     Batch: [87/120] Epoch: [6] Loss: [1.2994872250340201]
2019-04-01 21:38:28 INFO     Batch: [88/120] Epoch: [6] Loss: [1.3012403879272805]
2019-04-01 21:38:28 INFO     Batch: [89/120] Epoch: [6] Loss: [1.302254925833808]
2019-04-01 21:38:28 INFO     Batch: [90/120] Epoch: [6] Loss: [1.3025535161678607]
2019-04-01 21:38:28 INFO     Batch: [91/120] Epoch: [6] Loss: [1.302916355755018]
2019-04-01 21:38:29 INFO     Batch: [92/120] Epoch: [6] Loss: [1.3041302286168581]
2019-04-01 21:38:29 INFO     Batch: [93/120] Epoch: [6] Loss: [1.3053688762035776]
2019-04-01 21:38:29 INFO     Batch: [94/120] Epoch: [6] Loss: [1.3069520611512033]
2019-04-01 21:38:29 INFO     Batch: [95/120] Epoch: [6] Loss: [1.3069455387691657]
2019-04-01 21:38:29 INFO     Batch: [96/120] Epoch: [6] Loss: [1.3080145280385755]
2019-04-01 21:38:29 INFO     Batch: [97/120] Epoch: [6] Loss: [1.309129615219272]
2019-04-01 21:38:29 INFO     Batch: [98/120] Epoch: [6] Loss: [1.3108572309667414]
2019-04-01 21:38:30 INFO     Batch: [99/120] Epoch: [6] Loss: [1.3116388738155365]
2019-04-01 21:38:30 INFO     Batch: [100/120] Epoch: [6] Loss: [1.3115901982430185]
2019-04-01 21:38:30 INFO     Batch: [101/120] Epoch: [6] Loss: [1.3118311540753234]
2019-04-01 21:38:30 INFO     Batch: [102/120] Epoch: [6] Loss: [1.3126818474056652]
2019-04-01 21:38:30 INFO     Batch: [103/120] Epoch: [6] Loss: [1.3127990124317317]
2019-04-01 21:38:30 INFO     Batch: [104/120] Epoch: [6] Loss: [1.3140084607260567]
2019-04-01 21:38:30 INFO     Batch: [105/120] Epoch: [6] Loss: [1.3147529476093796]
2019-04-01 21:38:31 INFO     Batch: [106/120] Epoch: [6] Loss: [1.3147451008591697]
2019-04-01 21:38:31 INFO     Batch: [107/120] Epoch: [6] Loss: [1.315003502148169]
2019-04-01 21:38:31 INFO     Batch: [108/120] Epoch: [6] Loss: [1.3159681438306057]
2019-04-01 21:38:31 INFO     Batch: [109/120] Epoch: [6] Loss: [1.3157719579609957]
2019-04-01 21:38:31 INFO     Batch: [110/120] Epoch: [6] Loss: [1.3161753201269888]
2019-04-01 21:38:31 INFO     Batch: [111/120] Epoch: [6] Loss: [1.3164369932242803]
2019-04-01 21:38:31 INFO     Batch: [112/120] Epoch: [6] Loss: [1.3162259454220797]
2019-04-01 21:38:32 INFO     Batch: [113/120] Epoch: [6] Loss: [1.3159215000637792]
2019-04-01 21:38:32 INFO     Batch: [114/120] Epoch: [6] Loss: [1.315725010374318]
2019-04-01 21:38:32 INFO     Batch: [115/120] Epoch: [6] Loss: [1.3148549836257408]
2019-04-01 21:38:32 INFO     Batch: [116/120] Epoch: [6] Loss: [1.3144864190338004]
2019-04-01 21:38:32 INFO     Batch: [117/120] Epoch: [6] Loss: [1.3149400040254755]
2019-04-01 21:38:32 INFO     Batch: [118/120] Epoch: [6] Loss: [1.3141390816504215]
2019-04-01 21:38:32 INFO     Batch: [119/120] Epoch: [6] Loss: [1.3143020739157996]
2019-04-01 21:38:34 INFO     Epoch: [6/200] Loss: [1.3143020739157996] Accuracy: [0.5327272727272727]
2019-04-01 21:38:34 INFO     Batch: [0/120] Epoch: [7] Loss: [1.3205784559249878]
2019-04-01 21:38:35 INFO     Accuracy: [0.5398181818181819]

2019-04-01 21:38:35 INFO     Batch: [1/120] Epoch: [7] Loss: [1.3535317778587341]
2019-04-01 21:38:36 INFO     Batch: [2/120] Epoch: [7] Loss: [1.3267961740493774]
2019-04-01 21:38:36 INFO     Batch: [3/120] Epoch: [7] Loss: [1.2907655835151672]
2019-04-01 21:38:36 INFO     Batch: [4/120] Epoch: [7] Loss: [1.2957849025726318]
2019-04-01 21:38:36 INFO     Batch: [5/120] Epoch: [7] Loss: [1.2710096438725789]
2019-04-01 21:38:36 INFO     Batch: [6/120] Epoch: [7] Loss: [1.2722020319529943]
2019-04-01 21:38:36 INFO     Batch: [7/120] Epoch: [7] Loss: [1.2707105726003647]
2019-04-01 21:38:36 INFO     Batch: [8/120] Epoch: [7] Loss: [1.2710199488533869]
2019-04-01 21:38:37 INFO     Batch: [9/120] Epoch: [7] Loss: [1.2742806911468505]
2019-04-01 21:38:37 INFO     Batch: [10/120] Epoch: [7] Loss: [1.2629854462363503]
2019-04-01 21:38:37 INFO     Batch: [11/120] Epoch: [7] Loss: [1.2602217396100361]
2019-04-01 21:38:37 INFO     Batch: [12/120] Epoch: [7] Loss: [1.259888823215778]
2019-04-01 21:38:37 INFO     Batch: [13/120] Epoch: [7] Loss: [1.250492206641606]
2019-04-01 21:38:37 INFO     Batch: [14/120] Epoch: [7] Loss: [1.2518685420354208]
2019-04-01 21:38:37 INFO     Batch: [15/120] Epoch: [7] Loss: [1.250698558986187]
2019-04-01 21:38:38 INFO     Batch: [16/120] Epoch: [7] Loss: [1.249373435974121]
2019-04-01 21:38:38 INFO     Batch: [17/120] Epoch: [7] Loss: [1.2464421855078802]
2019-04-01 21:38:38 INFO     Batch: [18/120] Epoch: [7] Loss: [1.241975972526952]
2019-04-01 21:38:38 INFO     Batch: [19/120] Epoch: [7] Loss: [1.251142245531082]
2019-04-01 21:38:38 INFO     Batch: [20/120] Epoch: [7] Loss: [1.2540685789925712]
2019-04-01 21:38:38 INFO     Batch: [21/120] Epoch: [7] Loss: [1.254388072273948]
2019-04-01 21:38:38 INFO     Batch: [22/120] Epoch: [7] Loss: [1.2561322450637817]
2019-04-01 21:38:39 INFO     Batch: [23/120] Epoch: [7] Loss: [1.2566496382157009]
2019-04-01 21:38:39 INFO     Batch: [24/120] Epoch: [7] Loss: [1.2567495679855347]
2019-04-01 21:38:39 INFO     Batch: [25/120] Epoch: [7] Loss: [1.256930919793936]
2019-04-01 21:38:39 INFO     Batch: [26/120] Epoch: [7] Loss: [1.2576440087071172]
2019-04-01 21:38:39 INFO     Batch: [27/120] Epoch: [7] Loss: [1.2582938756261552]
2019-04-01 21:38:39 INFO     Batch: [28/120] Epoch: [7] Loss: [1.2548907995224]
2019-04-01 21:38:39 INFO     Batch: [29/120] Epoch: [7] Loss: [1.2541526277860007]
2019-04-01 21:38:39 INFO     Batch: [30/120] Epoch: [7] Loss: [1.255847377161826]
2019-04-01 21:38:40 INFO     Batch: [31/120] Epoch: [7] Loss: [1.2526637837290764]
2019-04-01 21:38:40 INFO     Batch: [32/120] Epoch: [7] Loss: [1.2535203550801133]
2019-04-01 21:38:40 INFO     Batch: [33/120] Epoch: [7] Loss: [1.2523901497616488]
2019-04-01 21:38:40 INFO     Batch: [34/120] Epoch: [7] Loss: [1.2517767327172415]
2019-04-01 21:38:40 INFO     Batch: [35/120] Epoch: [7] Loss: [1.2530537843704224]
2019-04-01 21:38:40 INFO     Batch: [36/120] Epoch: [7] Loss: [1.2530464223913245]
2019-04-01 21:38:40 INFO     Batch: [37/120] Epoch: [7] Loss: [1.2537117914149636]
2019-04-01 21:38:41 INFO     Batch: [38/120] Epoch: [7] Loss: [1.251908268683996]
2019-04-01 21:38:41 INFO     Batch: [39/120] Epoch: [7] Loss: [1.250530481338501]
2019-04-01 21:38:41 INFO     Batch: [40/120] Epoch: [7] Loss: [1.2511689110500057]
2019-04-01 21:38:41 INFO     Batch: [41/120] Epoch: [7] Loss: [1.2501263618469238]
2019-04-01 21:38:41 INFO     Batch: [42/120] Epoch: [7] Loss: [1.2518471784369891]
2019-04-01 21:38:41 INFO     Batch: [43/120] Epoch: [7] Loss: [1.253691922534596]
2019-04-01 21:38:41 INFO     Batch: [44/120] Epoch: [7] Loss: [1.2586930089526707]
2019-04-01 21:38:41 INFO     Batch: [45/120] Epoch: [7] Loss: [1.2588027923003486]
2019-04-01 21:38:42 INFO     Batch: [46/120] Epoch: [7] Loss: [1.2606362662416823]
2019-04-01 21:38:42 INFO     Batch: [47/120] Epoch: [7] Loss: [1.2592510854204495]
2019-04-01 21:38:42 INFO     Batch: [48/120] Epoch: [7] Loss: [1.2609180333663006]
2019-04-01 21:38:42 INFO     Batch: [49/120] Epoch: [7] Loss: [1.2611470437049865]
2019-04-01 21:38:42 INFO     Batch: [50/120] Epoch: [7] Loss: [1.2613441149393718]
2019-04-01 21:38:42 INFO     Batch: [51/120] Epoch: [7] Loss: [1.2605704504709978]
2019-04-01 21:38:42 INFO     Batch: [52/120] Epoch: [7] Loss: [1.2584886933272739]
2019-04-01 21:38:43 INFO     Batch: [53/120] Epoch: [7] Loss: [1.2590016744754933]
2019-04-01 21:38:43 INFO     Batch: [54/120] Epoch: [7] Loss: [1.2599083640358664]
2019-04-01 21:38:43 INFO     Batch: [55/120] Epoch: [7] Loss: [1.2594853597027915]
2019-04-01 21:38:43 INFO     Batch: [56/120] Epoch: [7] Loss: [1.2609365467439617]
2019-04-01 21:38:43 INFO     Batch: [57/120] Epoch: [7] Loss: [1.2627977749397015]
2019-04-01 21:38:43 INFO     Batch: [58/120] Epoch: [7] Loss: [1.263425158242048]
2019-04-01 21:38:43 INFO     Batch: [59/120] Epoch: [7] Loss: [1.264346295595169]
2019-04-01 21:38:44 INFO     Batch: [60/120] Epoch: [7] Loss: [1.2641721631659837]
2019-04-01 21:38:44 INFO     Batch: [61/120] Epoch: [7] Loss: [1.264714615960275]
2019-04-01 21:38:44 INFO     Batch: [62/120] Epoch: [7] Loss: [1.2660490104130335]
2019-04-01 21:38:44 INFO     Batch: [63/120] Epoch: [7] Loss: [1.2684830725193024]
2019-04-01 21:38:44 INFO     Batch: [64/120] Epoch: [7] Loss: [1.2701592390353864]
2019-04-01 21:38:44 INFO     Batch: [65/120] Epoch: [7] Loss: [1.2691852269750652]
2019-04-01 21:38:44 INFO     Batch: [66/120] Epoch: [7] Loss: [1.26894035979883]
2019-04-01 21:38:45 INFO     Batch: [67/120] Epoch: [7] Loss: [1.2679011085454155]
2019-04-01 21:38:45 INFO     Batch: [68/120] Epoch: [7] Loss: [1.2668616270673447]
2019-04-01 21:38:45 INFO     Batch: [69/120] Epoch: [7] Loss: [1.2687338147844587]
2019-04-01 21:38:45 INFO     Batch: [70/120] Epoch: [7] Loss: [1.2682846146570126]
2019-04-01 21:38:45 INFO     Batch: [71/120] Epoch: [7] Loss: [1.2703108903434541]
2019-04-01 21:38:45 INFO     Batch: [72/120] Epoch: [7] Loss: [1.2708470511109862]
2019-04-01 21:38:45 INFO     Batch: [73/120] Epoch: [7] Loss: [1.271468782747114]
2019-04-01 21:38:46 INFO     Batch: [74/120] Epoch: [7] Loss: [1.272728141148885]
2019-04-01 21:38:46 INFO     Batch: [75/120] Epoch: [7] Loss: [1.2730208886297125]
2019-04-01 21:38:46 INFO     Batch: [76/120] Epoch: [7] Loss: [1.273867107056952]
2019-04-01 21:38:46 INFO     Batch: [77/120] Epoch: [7] Loss: [1.2741378301229231]
2019-04-01 21:38:46 INFO     Batch: [78/120] Epoch: [7] Loss: [1.2763513869877103]
2019-04-01 21:38:46 INFO     Batch: [79/120] Epoch: [7] Loss: [1.2759534791111946]
2019-04-01 21:38:46 INFO     Batch: [80/120] Epoch: [7] Loss: [1.2760846511817272]
2019-04-01 21:38:47 INFO     Batch: [81/120] Epoch: [7] Loss: [1.2750619344595002]
2019-04-01 21:38:47 INFO     Batch: [82/120] Epoch: [7] Loss: [1.2758804444807121]
2019-04-01 21:38:47 INFO     Batch: [83/120] Epoch: [7] Loss: [1.2768916260628473]
2019-04-01 21:38:47 INFO     Batch: [84/120] Epoch: [7] Loss: [1.2772961728713093]
2019-04-01 21:38:47 INFO     Batch: [85/120] Epoch: [7] Loss: [1.2767497661501863]
2019-04-01 21:38:47 INFO     Batch: [86/120] Epoch: [7] Loss: [1.278461890659113]
2019-04-01 21:38:47 INFO     Batch: [87/120] Epoch: [7] Loss: [1.2793834182349118]
2019-04-01 21:38:48 INFO     Batch: [88/120] Epoch: [7] Loss: [1.281467915920729]
2019-04-01 21:38:48 INFO     Batch: [89/120] Epoch: [7] Loss: [1.280064011944665]
2019-04-01 21:38:48 INFO     Batch: [90/120] Epoch: [7] Loss: [1.2823331657346788]
2019-04-01 21:38:48 INFO     Batch: [91/120] Epoch: [7] Loss: [1.2823268991449606]
2019-04-01 21:38:48 INFO     Batch: [92/120] Epoch: [7] Loss: [1.2827170189990793]
2019-04-01 21:38:48 INFO     Batch: [93/120] Epoch: [7] Loss: [1.2834680815960497]
2019-04-01 21:38:48 INFO     Batch: [94/120] Epoch: [7] Loss: [1.2838838125530043]
2019-04-01 21:38:49 INFO     Batch: [95/120] Epoch: [7] Loss: [1.2840469156702359]
2019-04-01 21:38:49 INFO     Batch: [96/120] Epoch: [7] Loss: [1.2834863625850874]
2019-04-01 21:38:49 INFO     Batch: [97/120] Epoch: [7] Loss: [1.2836947003189398]
2019-04-01 21:38:49 INFO     Batch: [98/120] Epoch: [7] Loss: [1.284548059858457]
2019-04-01 21:38:49 INFO     Batch: [99/120] Epoch: [7] Loss: [1.2850864911079407]
2019-04-01 21:38:49 INFO     Batch: [100/120] Epoch: [7] Loss: [1.2850183224914098]
2019-04-01 21:38:49 INFO     Batch: [101/120] Epoch: [7] Loss: [1.2855222856297213]
2019-04-01 21:38:50 INFO     Batch: [102/120] Epoch: [7] Loss: [1.2876256345545205]
2019-04-01 21:38:50 INFO     Batch: [103/120] Epoch: [7] Loss: [1.2875945613934443]
2019-04-01 21:38:50 INFO     Batch: [104/120] Epoch: [7] Loss: [1.288148790314084]
2019-04-01 21:38:50 INFO     Batch: [105/120] Epoch: [7] Loss: [1.2881413810658005]
2019-04-01 21:38:50 INFO     Batch: [106/120] Epoch: [7] Loss: [1.2886634853398689]
2019-04-01 21:38:50 INFO     Batch: [107/120] Epoch: [7] Loss: [1.2888289932851438]
2019-04-01 21:38:50 INFO     Batch: [108/120] Epoch: [7] Loss: [1.290282848778121]
2019-04-01 21:38:51 INFO     Batch: [109/120] Epoch: [7] Loss: [1.2907846504991705]
2019-04-01 21:38:51 INFO     Batch: [110/120] Epoch: [7] Loss: [1.2911519531731133]
2019-04-01 21:38:51 INFO     Batch: [111/120] Epoch: [7] Loss: [1.2926079471196448]
2019-04-01 21:38:51 INFO     Batch: [112/120] Epoch: [7] Loss: [1.2927832782795998]
2019-04-01 21:38:51 INFO     Batch: [113/120] Epoch: [7] Loss: [1.2936693419489944]
2019-04-01 21:38:51 INFO     Batch: [114/120] Epoch: [7] Loss: [1.2946222637010658]
2019-04-01 21:38:51 INFO     Batch: [115/120] Epoch: [7] Loss: [1.2956318927222286]
2019-04-01 21:38:52 INFO     Batch: [116/120] Epoch: [7] Loss: [1.2963676513769689]
2019-04-01 21:38:52 INFO     Batch: [117/120] Epoch: [7] Loss: [1.2978506563073497]
2019-04-01 21:38:52 INFO     Batch: [118/120] Epoch: [7] Loss: [1.2991832444647782]
2019-04-01 21:38:52 INFO     Batch: [119/120] Epoch: [7] Loss: [1.2989426692326864]
2019-04-01 21:38:53 INFO     Epoch: [7/200] Loss: [1.2989426692326864] Accuracy: [0.5450909090909091]
2019-04-01 21:38:54 INFO     Batch: [0/120] Epoch: [8] Loss: [1.3466832637786865]
2019-04-01 21:38:55 INFO     Accuracy: [0.5558181818181818]

2019-04-01 21:38:55 INFO     Batch: [1/120] Epoch: [8] Loss: [1.365829586982727]
2019-04-01 21:38:55 INFO     Batch: [2/120] Epoch: [8] Loss: [1.351579189300537]
2019-04-01 21:38:55 INFO     Batch: [3/120] Epoch: [8] Loss: [1.3553722500801086]
2019-04-01 21:38:55 INFO     Batch: [4/120] Epoch: [8] Loss: [1.3326751470565796]
2019-04-01 21:38:56 INFO     Batch: [5/120] Epoch: [8] Loss: [1.3203725417455037]
2019-04-01 21:38:56 INFO     Batch: [6/120] Epoch: [8] Loss: [1.3278182234082903]
2019-04-01 21:38:56 INFO     Batch: [7/120] Epoch: [8] Loss: [1.3313334584236145]
2019-04-01 21:38:56 INFO     Batch: [8/120] Epoch: [8] Loss: [1.33388172255622]
2019-04-01 21:38:56 INFO     Batch: [9/120] Epoch: [8] Loss: [1.339318823814392]
2019-04-01 21:38:56 INFO     Batch: [10/120] Epoch: [8] Loss: [1.332669041373513]
2019-04-01 21:38:56 INFO     Batch: [11/120] Epoch: [8] Loss: [1.3382570346196492]
2019-04-01 21:38:57 INFO     Batch: [12/120] Epoch: [8] Loss: [1.3400690372173603]
2019-04-01 21:38:57 INFO     Batch: [13/120] Epoch: [8] Loss: [1.338603777544839]
2019-04-01 21:38:57 INFO     Batch: [14/120] Epoch: [8] Loss: [1.34141100247701]
2019-04-01 21:38:57 INFO     Batch: [15/120] Epoch: [8] Loss: [1.3415599539875984]
2019-04-01 21:38:57 INFO     Batch: [16/120] Epoch: [8] Loss: [1.333155533846687]
2019-04-01 21:38:57 INFO     Batch: [17/120] Epoch: [8] Loss: [1.3333606057696872]
2019-04-01 21:38:57 INFO     Batch: [18/120] Epoch: [8] Loss: [1.3411559744885093]
2019-04-01 21:38:58 INFO     Batch: [19/120] Epoch: [8] Loss: [1.338087898492813]
2019-04-01 21:38:58 INFO     Batch: [20/120] Epoch: [8] Loss: [1.3368031638009208]
2019-04-01 21:38:58 INFO     Batch: [21/120] Epoch: [8] Loss: [1.3365439610047773]
2019-04-01 21:38:58 INFO     Batch: [22/120] Epoch: [8] Loss: [1.3418586357780125]
2019-04-01 21:38:58 INFO     Batch: [23/120] Epoch: [8] Loss: [1.3391535878181458]
2019-04-01 21:38:58 INFO     Batch: [24/120] Epoch: [8] Loss: [1.340110788345337]
2019-04-01 21:38:58 INFO     Batch: [25/120] Epoch: [8] Loss: [1.3407077835156367]
2019-04-01 21:38:58 INFO     Batch: [26/120] Epoch: [8] Loss: [1.339628157792268]
2019-04-01 21:38:59 INFO     Batch: [27/120] Epoch: [8] Loss: [1.338762845311846]
2019-04-01 21:38:59 INFO     Batch: [28/120] Epoch: [8] Loss: [1.338852072584218]
2019-04-01 21:38:59 INFO     Batch: [29/120] Epoch: [8] Loss: [1.3367832024892172]
2019-04-01 21:38:59 INFO     Batch: [30/120] Epoch: [8] Loss: [1.3383485001902427]
2019-04-01 21:38:59 INFO     Batch: [31/120] Epoch: [8] Loss: [1.337868269532919]
