2019-04-01 21:19:25 INFO     Loading Data
2019-04-01 21:19:26 INFO     Model Setting Up
2019-04-01 21:19:35 INFO     Start Training
2019-04-01 21:19:44 INFO     Batch: [0/120] Epoch: [0] Loss: [2.3388588428497314]
2019-04-01 21:19:45 INFO     Accuracy: [0.09981818181818182]

2019-04-01 21:19:46 INFO     Batch: [1/120] Epoch: [0] Loss: [2.3313714265823364]
2019-04-01 21:19:46 INFO     Batch: [2/120] Epoch: [0] Loss: [2.320904016494751]
2019-04-01 21:19:46 INFO     Batch: [3/120] Epoch: [0] Loss: [2.3141204118728638]
2019-04-01 21:19:46 INFO     Batch: [4/120] Epoch: [0] Loss: [2.3094916343688965]
2019-04-01 21:19:46 INFO     Batch: [5/120] Epoch: [0] Loss: [2.3038439750671387]
2019-04-01 21:19:46 INFO     Batch: [6/120] Epoch: [0] Loss: [2.297508955001831]
2019-04-01 21:19:46 INFO     Batch: [7/120] Epoch: [0] Loss: [2.2920218408107758]
2019-04-01 21:19:47 INFO     Batch: [8/120] Epoch: [0] Loss: [2.2848216162787542]
2019-04-01 21:19:47 INFO     Batch: [9/120] Epoch: [0] Loss: [2.2788452386856077]
2019-04-01 21:19:47 INFO     Batch: [10/120] Epoch: [0] Loss: [2.2733034870841284]
2019-04-01 21:19:47 INFO     Batch: [11/120] Epoch: [0] Loss: [2.2695780992507935]
2019-04-01 21:19:47 INFO     Batch: [12/120] Epoch: [0] Loss: [2.263840601994441]
2019-04-01 21:19:47 INFO     Batch: [13/120] Epoch: [0] Loss: [2.2588009323392595]
2019-04-01 21:19:47 INFO     Batch: [14/120] Epoch: [0] Loss: [2.2535085042317706]
2019-04-01 21:19:48 INFO     Batch: [15/120] Epoch: [0] Loss: [2.2487592697143555]
2019-04-01 21:19:48 INFO     Batch: [16/120] Epoch: [0] Loss: [2.2437783269321216]
2019-04-01 21:19:48 INFO     Batch: [17/120] Epoch: [0] Loss: [2.238894237412347]
2019-04-01 21:19:48 INFO     Batch: [18/120] Epoch: [0] Loss: [2.2349085431349907]
2019-04-01 21:19:48 INFO     Batch: [19/120] Epoch: [0] Loss: [2.230220282077789]
2019-04-01 21:19:48 INFO     Batch: [20/120] Epoch: [0] Loss: [2.2258679299127486]
2019-04-01 21:19:48 INFO     Batch: [21/120] Epoch: [0] Loss: [2.221655704758384]
2019-04-01 21:19:48 INFO     Batch: [22/120] Epoch: [0] Loss: [2.217722934225331]
2019-04-01 21:19:49 INFO     Batch: [23/120] Epoch: [0] Loss: [2.213852028052012]
2019-04-01 21:19:49 INFO     Batch: [24/120] Epoch: [0] Loss: [2.2096621704101564]
2019-04-01 21:19:49 INFO     Batch: [25/120] Epoch: [0] Loss: [2.205014916566702]
2019-04-01 21:19:49 INFO     Batch: [26/120] Epoch: [0] Loss: [2.20091293476246]
2019-04-01 21:19:49 INFO     Batch: [27/120] Epoch: [0] Loss: [2.1972176006862094]
2019-04-01 21:19:49 INFO     Batch: [28/120] Epoch: [0] Loss: [2.193351408530926]
2019-04-01 21:19:49 INFO     Batch: [29/120] Epoch: [0] Loss: [2.1897727489471435]
2019-04-01 21:19:49 INFO     Batch: [30/120] Epoch: [0] Loss: [2.1862320361598844]
2019-04-01 21:19:50 INFO     Batch: [31/120] Epoch: [0] Loss: [2.1824540570378304]
2019-04-01 21:19:50 INFO     Batch: [32/120] Epoch: [0] Loss: [2.1784389380252724]
2019-04-01 21:19:50 INFO     Batch: [33/120] Epoch: [0] Loss: [2.1736050493576946]
2019-04-01 21:19:50 INFO     Batch: [34/120] Epoch: [0] Loss: [2.1702512332371304]
2019-04-01 21:19:50 INFO     Batch: [35/120] Epoch: [0] Loss: [2.1662488248613148]
2019-04-01 21:19:50 INFO     Batch: [36/120] Epoch: [0] Loss: [2.163165253561896]
2019-04-01 21:19:50 INFO     Batch: [37/120] Epoch: [0] Loss: [2.1589521420629403]
2019-04-01 21:19:51 INFO     Batch: [38/120] Epoch: [0] Loss: [2.156079414563301]
2019-04-01 21:19:51 INFO     Batch: [39/120] Epoch: [0] Loss: [2.1527667939662933]
2019-04-01 21:19:51 INFO     Batch: [40/120] Epoch: [0] Loss: [2.1494855648133813]
2019-04-01 21:19:51 INFO     Batch: [41/120] Epoch: [0] Loss: [2.145652399176643]
2019-04-01 21:19:51 INFO     Batch: [42/120] Epoch: [0] Loss: [2.1422456863314605]
2019-04-01 21:19:51 INFO     Batch: [43/120] Epoch: [0] Loss: [2.138722747564316]
2019-04-01 21:19:51 INFO     Batch: [44/120] Epoch: [0] Loss: [2.1357951243718465]
2019-04-01 21:19:52 INFO     Batch: [45/120] Epoch: [0] Loss: [2.1328779381254446]
2019-04-01 21:19:52 INFO     Batch: [46/120] Epoch: [0] Loss: [2.1294668253431928]
2019-04-01 21:19:52 INFO     Batch: [47/120] Epoch: [0] Loss: [2.127043796082338]
2019-04-01 21:19:52 INFO     Batch: [48/120] Epoch: [0] Loss: [2.1234609058925082]
2019-04-01 21:19:52 INFO     Batch: [49/120] Epoch: [0] Loss: [2.120140941143036]
2019-04-01 21:19:52 INFO     Batch: [50/120] Epoch: [0] Loss: [2.1177037229724958]
2019-04-01 21:19:52 INFO     Batch: [51/120] Epoch: [0] Loss: [2.1142328954659977]
2019-04-01 21:19:52 INFO     Batch: [52/120] Epoch: [0] Loss: [2.1112233535298763]
2019-04-01 21:19:53 INFO     Batch: [53/120] Epoch: [0] Loss: [2.108501178246957]
2019-04-01 21:19:53 INFO     Batch: [54/120] Epoch: [0] Loss: [2.1052442507310345]
2019-04-01 21:19:53 INFO     Batch: [55/120] Epoch: [0] Loss: [2.102415131671088]
2019-04-01 21:19:53 INFO     Batch: [56/120] Epoch: [0] Loss: [2.0994622184519183]
2019-04-01 21:19:53 INFO     Batch: [57/120] Epoch: [0] Loss: [2.0962924340675615]
2019-04-01 21:19:53 INFO     Batch: [58/120] Epoch: [0] Loss: [2.0934645058745045]
2019-04-01 21:19:53 INFO     Batch: [59/120] Epoch: [0] Loss: [2.0906469245751698]
2019-04-01 21:19:54 INFO     Batch: [60/120] Epoch: [0] Loss: [2.087802421851236]
2019-04-01 21:19:54 INFO     Batch: [61/120] Epoch: [0] Loss: [2.084745782036935]
2019-04-01 21:19:54 INFO     Batch: [62/120] Epoch: [0] Loss: [2.0812006299457853]
2019-04-01 21:19:54 INFO     Batch: [63/120] Epoch: [0] Loss: [2.0786394011229277]
2019-04-01 21:19:54 INFO     Batch: [64/120] Epoch: [0] Loss: [2.0761792971537663]
2019-04-01 21:19:54 INFO     Batch: [65/120] Epoch: [0] Loss: [2.0734781081026252]
2019-04-01 21:19:54 INFO     Batch: [66/120] Epoch: [0] Loss: [2.0704992244492715]
2019-04-01 21:19:55 INFO     Batch: [67/120] Epoch: [0] Loss: [2.0675136657322155]
2019-04-01 21:19:55 INFO     Batch: [68/120] Epoch: [0] Loss: [2.0648325491642607]
2019-04-01 21:19:55 INFO     Batch: [69/120] Epoch: [0] Loss: [2.062246174471719]
2019-04-01 21:19:55 INFO     Batch: [70/120] Epoch: [0] Loss: [2.0591239694138648]
2019-04-01 21:19:55 INFO     Batch: [71/120] Epoch: [0] Loss: [2.0568158427874246]
2019-04-01 21:19:55 INFO     Batch: [72/120] Epoch: [0] Loss: [2.054417183954422]
2019-04-01 21:19:55 INFO     Batch: [73/120] Epoch: [0] Loss: [2.051839422535252]
2019-04-01 21:19:55 INFO     Batch: [74/120] Epoch: [0] Loss: [2.0501141023635863]
2019-04-01 21:19:56 INFO     Batch: [75/120] Epoch: [0] Loss: [2.0470169531671623]
2019-04-01 21:19:56 INFO     Batch: [76/120] Epoch: [0] Loss: [2.0438455374209914]
2019-04-01 21:19:56 INFO     Batch: [77/120] Epoch: [0] Loss: [2.041520907328679]
2019-04-01 21:19:56 INFO     Batch: [78/120] Epoch: [0] Loss: [2.0393882039227065]
2019-04-01 21:19:56 INFO     Batch: [79/120] Epoch: [0] Loss: [2.03684786260128]
2019-04-01 21:19:56 INFO     Batch: [80/120] Epoch: [0] Loss: [2.034334131229071]
2019-04-01 21:19:56 INFO     Batch: [81/120] Epoch: [0] Loss: [2.0324834410737203]
2019-04-01 21:19:57 INFO     Batch: [82/120] Epoch: [0] Loss: [2.0292903299791267]
2019-04-01 21:19:57 INFO     Batch: [83/120] Epoch: [0] Loss: [2.026631924368086]
2019-04-01 21:19:57 INFO     Batch: [84/120] Epoch: [0] Loss: [2.0236952907898846]
2019-04-01 21:19:57 INFO     Batch: [85/120] Epoch: [0] Loss: [2.022015696348146]
2019-04-01 21:19:57 INFO     Batch: [86/120] Epoch: [0] Loss: [2.0195511702833504]
2019-04-01 21:19:57 INFO     Batch: [87/120] Epoch: [0] Loss: [2.017263673923232]
2019-04-01 21:19:57 INFO     Batch: [88/120] Epoch: [0] Loss: [2.0144628179207276]
2019-04-01 21:19:57 INFO     Batch: [89/120] Epoch: [0] Loss: [2.012101353539361]
2019-04-01 21:19:58 INFO     Batch: [90/120] Epoch: [0] Loss: [2.0097176609458502]
2019-04-01 21:19:58 INFO     Batch: [91/120] Epoch: [0] Loss: [2.0075032892434495]
2019-04-01 21:19:58 INFO     Batch: [92/120] Epoch: [0] Loss: [2.0054128926287413]
2019-04-01 21:19:58 INFO     Batch: [93/120] Epoch: [0] Loss: [2.002919257955348]
2019-04-01 21:19:58 INFO     Batch: [94/120] Epoch: [0] Loss: [2.0005060459438124]
2019-04-01 21:19:58 INFO     Batch: [95/120] Epoch: [0] Loss: [1.9981438207129638]
2019-04-01 21:19:58 INFO     Batch: [96/120] Epoch: [0] Loss: [1.9956676370089816]
2019-04-01 21:19:59 INFO     Batch: [97/120] Epoch: [0] Loss: [1.9935253311176688]
2019-04-01 21:19:59 INFO     Batch: [98/120] Epoch: [0] Loss: [1.9908590858632869]
2019-04-01 21:19:59 INFO     Batch: [99/120] Epoch: [0] Loss: [1.9887495231628418]
2019-04-01 21:19:59 INFO     Batch: [100/120] Epoch: [0] Loss: [1.986520496925505]
2019-04-01 21:19:59 INFO     Batch: [101/120] Epoch: [0] Loss: [1.9840288746590709]
2019-04-01 21:19:59 INFO     Batch: [102/120] Epoch: [0] Loss: [1.9820129744057517]
2019-04-01 21:19:59 INFO     Batch: [103/120] Epoch: [0] Loss: [1.9803169484321888]
2019-04-01 21:20:00 INFO     Batch: [104/120] Epoch: [0] Loss: [1.978786884035383]
2019-04-01 21:20:00 INFO     Batch: [105/120] Epoch: [0] Loss: [1.9765168653344207]
2019-04-01 21:20:00 INFO     Batch: [106/120] Epoch: [0] Loss: [1.9738606905268732]
2019-04-01 21:20:00 INFO     Batch: [107/120] Epoch: [0] Loss: [1.971613351945524]
2019-04-01 21:20:00 INFO     Batch: [108/120] Epoch: [0] Loss: [1.969809124229151]
2019-04-01 21:20:00 INFO     Batch: [109/120] Epoch: [0] Loss: [1.9674280112439937]
2019-04-01 21:20:00 INFO     Batch: [110/120] Epoch: [0] Loss: [1.9652244389594138]
2019-04-01 21:20:01 INFO     Batch: [111/120] Epoch: [0] Loss: [1.963088035583496]
2019-04-01 21:20:01 INFO     Batch: [112/120] Epoch: [0] Loss: [1.960852106060602]
2019-04-01 21:20:01 INFO     Batch: [113/120] Epoch: [0] Loss: [1.9582933229312562]
2019-04-01 21:20:01 INFO     Batch: [114/120] Epoch: [0] Loss: [1.9562218780102938]
2019-04-01 21:20:01 INFO     Batch: [115/120] Epoch: [0] Loss: [1.9544721327978989]
2019-04-01 21:20:01 INFO     Batch: [116/120] Epoch: [0] Loss: [1.9517596919312437]
2019-04-01 21:20:01 INFO     Batch: [117/120] Epoch: [0] Loss: [1.9495910759699546]
2019-04-01 21:20:02 INFO     Batch: [118/120] Epoch: [0] Loss: [1.9480593014164131]
2019-04-01 21:20:02 INFO     Batch: [119/120] Epoch: [0] Loss: [1.9462949285904567]
2019-04-01 21:20:03 INFO     Epoch: [0/200] Loss: [1.9462949285904567] Accuracy: [0.42090909090909095]
2019-04-01 21:20:03 INFO     Batch: [0/120] Epoch: [1] Loss: [1.6215606927871704]
2019-04-01 21:20:04 INFO     Accuracy: [0.42054545454545456]

2019-04-01 21:20:05 INFO     Batch: [1/120] Epoch: [1] Loss: [1.6448508501052856]
2019-04-01 21:20:05 INFO     Batch: [2/120] Epoch: [1] Loss: [1.658238371213277]
2019-04-01 21:20:05 INFO     Batch: [3/120] Epoch: [1] Loss: [1.6798133552074432]
2019-04-01 21:20:05 INFO     Batch: [4/120] Epoch: [1] Loss: [1.6852105855941772]
2019-04-01 21:20:05 INFO     Batch: [5/120] Epoch: [1] Loss: [1.677579899628957]
2019-04-01 21:20:05 INFO     Batch: [6/120] Epoch: [1] Loss: [1.670904278755188]
2019-04-01 21:20:05 INFO     Batch: [7/120] Epoch: [1] Loss: [1.658034160733223]
2019-04-01 21:20:06 INFO     Batch: [8/120] Epoch: [1] Loss: [1.6524869203567505]
2019-04-01 21:20:06 INFO     Batch: [9/120] Epoch: [1] Loss: [1.653960072994232]
2019-04-01 21:20:06 INFO     Batch: [10/120] Epoch: [1] Loss: [1.6516964435577393]
2019-04-01 21:20:06 INFO     Batch: [11/120] Epoch: [1] Loss: [1.645622471968333]
2019-04-01 21:20:06 INFO     Batch: [12/120] Epoch: [1] Loss: [1.6418794393539429]
2019-04-01 21:20:06 INFO     Batch: [13/120] Epoch: [1] Loss: [1.6459014926637923]
2019-04-01 21:20:06 INFO     Batch: [14/120] Epoch: [1] Loss: [1.6419177373250327]
2019-04-01 21:20:07 INFO     Batch: [15/120] Epoch: [1] Loss: [1.639222390949726]
2019-04-01 21:20:07 INFO     Batch: [16/120] Epoch: [1] Loss: [1.6377191683825325]
2019-04-01 21:20:07 INFO     Batch: [17/120] Epoch: [1] Loss: [1.6364697350396051]
2019-04-01 21:20:07 INFO     Batch: [18/120] Epoch: [1] Loss: [1.6411000678413792]
2019-04-01 21:20:07 INFO     Batch: [19/120] Epoch: [1] Loss: [1.6432046473026276]
2019-04-01 21:20:07 INFO     Batch: [20/120] Epoch: [1] Loss: [1.6446015607743036]
2019-04-01 21:20:07 INFO     Batch: [21/120] Epoch: [1] Loss: [1.6428278901360251]
2019-04-01 21:20:08 INFO     Batch: [22/120] Epoch: [1] Loss: [1.6442488639251045]
2019-04-01 21:20:08 INFO     Batch: [23/120] Epoch: [1] Loss: [1.6447154680887859]
2019-04-01 21:20:08 INFO     Batch: [24/120] Epoch: [1] Loss: [1.64582594871521]
2019-04-01 21:20:08 INFO     Batch: [25/120] Epoch: [1] Loss: [1.6472773093443651]
2019-04-01 21:20:08 INFO     Batch: [26/120] Epoch: [1] Loss: [1.6468474290989064]
2019-04-01 21:20:08 INFO     Batch: [27/120] Epoch: [1] Loss: [1.6506329476833344]
2019-04-01 21:20:08 INFO     Batch: [28/120] Epoch: [1] Loss: [1.6513260438524444]
2019-04-01 21:20:09 INFO     Batch: [29/120] Epoch: [1] Loss: [1.6509536663691202]
2019-04-01 21:20:09 INFO     Batch: [30/120] Epoch: [1] Loss: [1.6521065427410988]
2019-04-01 21:20:09 INFO     Batch: [31/120] Epoch: [1] Loss: [1.6526150591671467]
2019-04-01 21:20:09 INFO     Batch: [32/120] Epoch: [1] Loss: [1.6541652498823223]
2019-04-01 21:20:09 INFO     Batch: [33/120] Epoch: [1] Loss: [1.6514719935024487]
2019-04-01 21:20:09 INFO     Batch: [34/120] Epoch: [1] Loss: [1.6498007093157088]
2019-04-01 21:20:09 INFO     Batch: [35/120] Epoch: [1] Loss: [1.6478681862354279]
2019-04-01 21:20:10 INFO     Batch: [36/120] Epoch: [1] Loss: [1.646556071332983]
2019-04-01 21:20:10 INFO     Batch: [37/120] Epoch: [1] Loss: [1.6450828470681842]
2019-04-01 21:20:10 INFO     Batch: [38/120] Epoch: [1] Loss: [1.6426772001462104]
2019-04-01 21:20:10 INFO     Batch: [39/120] Epoch: [1] Loss: [1.6405056446790696]
2019-04-01 21:20:10 INFO     Batch: [40/120] Epoch: [1] Loss: [1.6385017575287237]
2019-04-01 21:20:10 INFO     Batch: [41/120] Epoch: [1] Loss: [1.6364071170488994]
2019-04-01 21:20:10 INFO     Batch: [42/120] Epoch: [1] Loss: [1.6363922967467197]
2019-04-01 21:20:11 INFO     Batch: [43/120] Epoch: [1] Loss: [1.6341755444353276]
2019-04-01 21:20:11 INFO     Batch: [44/120] Epoch: [1] Loss: [1.6320291890038385]
2019-04-01 21:20:11 INFO     Batch: [45/120] Epoch: [1] Loss: [1.6291469180065652]
2019-04-01 21:20:11 INFO     Batch: [46/120] Epoch: [1] Loss: [1.6277013205467386]
2019-04-01 21:20:11 INFO     Batch: [47/120] Epoch: [1] Loss: [1.6243265296022098]
2019-04-01 21:20:11 INFO     Batch: [48/120] Epoch: [1] Loss: [1.622511727469308]
2019-04-01 21:20:11 INFO     Batch: [49/120] Epoch: [1] Loss: [1.6205793714523316]
2019-04-01 21:20:12 INFO     Batch: [50/120] Epoch: [1] Loss: [1.620243046797958]
2019-04-01 21:20:12 INFO     Batch: [51/120] Epoch: [1] Loss: [1.617941514803813]
2019-04-01 21:20:12 INFO     Batch: [52/120] Epoch: [1] Loss: [1.6187786628615182]
2019-04-01 21:20:12 INFO     Batch: [53/120] Epoch: [1] Loss: [1.6173418429162767]
2019-04-01 21:20:12 INFO     Batch: [54/120] Epoch: [1] Loss: [1.6173115773634477]
2019-04-01 21:20:12 INFO     Batch: [55/120] Epoch: [1] Loss: [1.6165819061653954]
2019-04-01 21:20:12 INFO     Batch: [56/120] Epoch: [1] Loss: [1.6156143451991833]
2019-04-01 21:20:12 INFO     Batch: [57/120] Epoch: [1] Loss: [1.6160328614300694]
2019-04-01 21:20:13 INFO     Batch: [58/120] Epoch: [1] Loss: [1.6145015550872026]
2019-04-01 21:20:13 INFO     Batch: [59/120] Epoch: [1] Loss: [1.6122045795122781]
2019-04-01 21:20:13 INFO     Batch: [60/120] Epoch: [1] Loss: [1.6128776268880876]
2019-04-01 21:20:13 INFO     Batch: [61/120] Epoch: [1] Loss: [1.6123150644763824]
2019-04-01 21:20:13 INFO     Batch: [62/120] Epoch: [1] Loss: [1.612615150118631]
2019-04-01 21:20:13 INFO     Batch: [63/120] Epoch: [1] Loss: [1.613159865140915]
2019-04-01 21:20:13 INFO     Batch: [64/120] Epoch: [1] Loss: [1.6124091221736028]
2019-04-01 21:20:14 INFO     Batch: [65/120] Epoch: [1] Loss: [1.6130567969697895]
2019-04-01 21:20:14 INFO     Batch: [66/120] Epoch: [1] Loss: [1.614427239147585]
2019-04-01 21:20:14 INFO     Batch: [67/120] Epoch: [1] Loss: [1.6153844665078556]
2019-04-01 21:20:14 INFO     Batch: [68/120] Epoch: [1] Loss: [1.6154067965521328]
2019-04-01 21:20:14 INFO     Batch: [69/120] Epoch: [1] Loss: [1.6147808977535794]
2019-04-01 21:20:14 INFO     Batch: [70/120] Epoch: [1] Loss: [1.6152344908512815]
2019-04-01 21:20:14 INFO     Batch: [71/120] Epoch: [1] Loss: [1.6142511202229395]
2019-04-01 21:20:15 INFO     Batch: [72/120] Epoch: [1] Loss: [1.6143492492910934]
2019-04-01 21:20:15 INFO     Batch: [73/120] Epoch: [1] Loss: [1.6140840536839254]
2019-04-01 21:20:15 INFO     Batch: [74/120] Epoch: [1] Loss: [1.6138688151041667]
2019-04-01 21:20:15 INFO     Batch: [75/120] Epoch: [1] Loss: [1.61384716629982]
2019-04-01 21:20:15 INFO     Batch: [76/120] Epoch: [1] Loss: [1.6134789253210093]
2019-04-01 21:20:15 INFO     Batch: [77/120] Epoch: [1] Loss: [1.6126391795965342]
2019-04-01 21:20:15 INFO     Batch: [78/120] Epoch: [1] Loss: [1.6113573644734636]
2019-04-01 21:20:16 INFO     Batch: [79/120] Epoch: [1] Loss: [1.6099435850977897]
2019-04-01 21:20:16 INFO     Batch: [80/120] Epoch: [1] Loss: [1.6092347613087408]
2019-04-01 21:20:16 INFO     Batch: [81/120] Epoch: [1] Loss: [1.6080492298777511]
2019-04-01 21:20:16 INFO     Batch: [82/120] Epoch: [1] Loss: [1.6064539673816727]
2019-04-01 21:20:16 INFO     Batch: [83/120] Epoch: [1] Loss: [1.6055062455790383]
2019-04-01 21:20:16 INFO     Batch: [84/120] Epoch: [1] Loss: [1.6040003131417666]
2019-04-01 21:20:16 INFO     Batch: [85/120] Epoch: [1] Loss: [1.6027881114981894]
2019-04-01 21:20:17 INFO     Batch: [86/120] Epoch: [1] Loss: [1.6014063303498016]
2019-04-01 21:20:17 INFO     Batch: [87/120] Epoch: [1] Loss: [1.5998031781478361]
2019-04-01 21:20:17 INFO     Batch: [88/120] Epoch: [1] Loss: [1.5986456616540974]
2019-04-01 21:20:17 INFO     Batch: [89/120] Epoch: [1] Loss: [1.5976706001493666]
2019-04-01 21:20:17 INFO     Batch: [90/120] Epoch: [1] Loss: [1.5970290073981652]
2019-04-01 21:20:17 INFO     Batch: [91/120] Epoch: [1] Loss: [1.5949618038923845]
2019-04-01 21:20:17 INFO     Batch: [92/120] Epoch: [1] Loss: [1.5934387432631625]
2019-04-01 21:20:17 INFO     Batch: [93/120] Epoch: [1] Loss: [1.5918728493629617]
2019-04-01 21:20:18 INFO     Batch: [94/120] Epoch: [1] Loss: [1.5910074020686902]
2019-04-01 21:20:18 INFO     Batch: [95/120] Epoch: [1] Loss: [1.589214887470007]
2019-04-01 21:20:18 INFO     Batch: [96/120] Epoch: [1] Loss: [1.5873793695390839]
2019-04-01 21:20:18 INFO     Batch: [97/120] Epoch: [1] Loss: [1.5865045919710277]
2019-04-01 21:20:18 INFO     Batch: [98/120] Epoch: [1] Loss: [1.5857134587836987]
2019-04-01 21:20:18 INFO     Batch: [99/120] Epoch: [1] Loss: [1.5846692383289338]
2019-04-01 21:20:18 INFO     Batch: [100/120] Epoch: [1] Loss: [1.5837078849868018]
2019-04-01 21:20:19 INFO     Batch: [101/120] Epoch: [1] Loss: [1.5831998072418512]
2019-04-01 21:20:19 INFO     Batch: [102/120] Epoch: [1] Loss: [1.582571227573654]
2019-04-01 21:20:19 INFO     Batch: [103/120] Epoch: [1] Loss: [1.5814863019264662]
2019-04-01 21:20:19 INFO     Batch: [104/120] Epoch: [1] Loss: [1.5806545030503045]
2019-04-01 21:20:19 INFO     Batch: [105/120] Epoch: [1] Loss: [1.5805219096957512]
2019-04-01 21:20:19 INFO     Batch: [106/120] Epoch: [1] Loss: [1.5794573186713958]
2019-04-01 21:20:19 INFO     Batch: [107/120] Epoch: [1] Loss: [1.5795105905444533]
2019-04-01 21:20:20 INFO     Batch: [108/120] Epoch: [1] Loss: [1.5787367175478455]
2019-04-01 21:20:20 INFO     Batch: [109/120] Epoch: [1] Loss: [1.578134641864083]
2019-04-01 21:20:20 INFO     Batch: [110/120] Epoch: [1] Loss: [1.5778263893213358]
2019-04-01 21:20:20 INFO     Batch: [111/120] Epoch: [1] Loss: [1.5775431735174996]
2019-04-01 21:20:20 INFO     Batch: [112/120] Epoch: [1] Loss: [1.5770406786319429]
2019-04-01 21:20:20 INFO     Batch: [113/120] Epoch: [1] Loss: [1.5766198509617855]
2019-04-01 21:20:20 INFO     Batch: [114/120] Epoch: [1] Loss: [1.5762617318526557]
2019-04-01 21:20:21 INFO     Batch: [115/120] Epoch: [1] Loss: [1.5755511255099857]
2019-04-01 21:20:21 INFO     Batch: [116/120] Epoch: [1] Loss: [1.575771078085288]
2019-04-01 21:20:21 INFO     Batch: [117/120] Epoch: [1] Loss: [1.5754689190347315]
2019-04-01 21:20:21 INFO     Batch: [118/120] Epoch: [1] Loss: [1.5753269325785275]
2019-04-01 21:20:21 INFO     Batch: [119/120] Epoch: [1] Loss: [1.5746802647908529]
2019-04-01 21:20:22 INFO     Epoch: [1/200] Loss: [1.5746802647908529] Accuracy: [0.478]
2019-04-01 21:20:23 INFO     Batch: [0/120] Epoch: [2] Loss: [1.5783913135528564]
2019-04-01 21:20:24 INFO     Accuracy: [0.4867272727272727]

2019-04-01 21:20:24 INFO     Batch: [1/120] Epoch: [2] Loss: [1.5625112652778625]
2019-04-01 21:20:24 INFO     Batch: [2/120] Epoch: [2] Loss: [1.550307035446167]
2019-04-01 21:20:24 INFO     Batch: [3/120] Epoch: [2] Loss: [1.5385662615299225]
2019-04-01 21:20:24 INFO     Batch: [4/120] Epoch: [2] Loss: [1.536376690864563]
2019-04-01 21:20:25 INFO     Batch: [5/120] Epoch: [2] Loss: [1.542911946773529]
2019-04-01 21:20:25 INFO     Batch: [6/120] Epoch: [2] Loss: [1.5361602646963937]
2019-04-01 21:20:25 INFO     Batch: [7/120] Epoch: [2] Loss: [1.528636395931244]
2019-04-01 21:20:25 INFO     Batch: [8/120] Epoch: [2] Loss: [1.5282903379864163]
2019-04-01 21:20:25 INFO     Batch: [9/120] Epoch: [2] Loss: [1.5265057921409606]
2019-04-01 21:20:25 INFO     Batch: [10/120] Epoch: [2] Loss: [1.5256484205072576]
2019-04-01 21:20:25 INFO     Batch: [11/120] Epoch: [2] Loss: [1.5193803111712139]
2019-04-01 21:20:26 INFO     Batch: [12/120] Epoch: [2] Loss: [1.515034244610713]
2019-04-01 21:20:26 INFO     Batch: [13/120] Epoch: [2] Loss: [1.5103587252753121]
2019-04-01 21:20:26 INFO     Batch: [14/120] Epoch: [2] Loss: [1.5071291049321494]
2019-04-01 21:20:26 INFO     Batch: [15/120] Epoch: [2] Loss: [1.5082366913557053]
2019-04-01 21:20:26 INFO     Batch: [16/120] Epoch: [2] Loss: [1.5029580172370463]
2019-04-01 21:20:26 INFO     Batch: [17/120] Epoch: [2] Loss: [1.4962739282184176]
2019-04-01 21:20:26 INFO     Batch: [18/120] Epoch: [2] Loss: [1.4983490768231844]
2019-04-01 21:20:27 INFO     Batch: [19/120] Epoch: [2] Loss: [1.4934016823768617]
2019-04-01 21:20:27 INFO     Batch: [20/120] Epoch: [2] Loss: [1.488608962013608]
2019-04-01 21:20:27 INFO     Batch: [21/120] Epoch: [2] Loss: [1.4841301170262424]
2019-04-01 21:20:27 INFO     Batch: [22/120] Epoch: [2] Loss: [1.4816753760628079]
2019-04-01 21:20:27 INFO     Batch: [23/120] Epoch: [2] Loss: [1.4785688320795696]
2019-04-01 21:20:27 INFO     Batch: [24/120] Epoch: [2] Loss: [1.475875391960144]
2019-04-01 21:20:27 INFO     Batch: [25/120] Epoch: [2] Loss: [1.4731932144898634]
2019-04-01 21:20:28 INFO     Batch: [26/120] Epoch: [2] Loss: [1.4692236714892917]
2019-04-01 21:20:28 INFO     Batch: [27/120] Epoch: [2] Loss: [1.4648439841611045]
2019-04-01 21:20:28 INFO     Batch: [28/120] Epoch: [2] Loss: [1.4619480412581871]
2019-04-01 21:20:28 INFO     Batch: [29/120] Epoch: [2] Loss: [1.4584477504094442]
2019-04-01 21:20:28 INFO     Batch: [30/120] Epoch: [2] Loss: [1.4554655321182743]
2019-04-01 21:20:28 INFO     Batch: [31/120] Epoch: [2] Loss: [1.452534556388855]
2019-04-01 21:20:28 INFO     Batch: [32/120] Epoch: [2] Loss: [1.4501627719763555]
2019-04-01 21:20:29 INFO     Batch: [33/120] Epoch: [2] Loss: [1.4480749754344715]
2019-04-01 21:20:29 INFO     Batch: [34/120] Epoch: [2] Loss: [1.4469475030899048]
2019-04-01 21:20:29 INFO     Batch: [35/120] Epoch: [2] Loss: [1.444653696484036]
2019-04-01 21:20:29 INFO     Batch: [36/120] Epoch: [2] Loss: [1.4423678855638247]
2019-04-01 21:20:29 INFO     Batch: [37/120] Epoch: [2] Loss: [1.440195670253352]
2019-04-01 21:20:29 INFO     Batch: [38/120] Epoch: [2] Loss: [1.4377700946269891]
2019-04-01 21:20:29 INFO     Batch: [39/120] Epoch: [2] Loss: [1.4358695536851882]
2019-04-01 21:20:30 INFO     Batch: [40/120] Epoch: [2] Loss: [1.4338126734989445]
2019-04-01 21:20:30 INFO     Batch: [41/120] Epoch: [2] Loss: [1.4327067761194139]
2019-04-01 21:20:30 INFO     Batch: [42/120] Epoch: [2] Loss: [1.4314806267272595]
2019-04-01 21:20:30 INFO     Batch: [43/120] Epoch: [2] Loss: [1.4303206476298245]
2019-04-01 21:20:30 INFO     Batch: [44/120] Epoch: [2] Loss: [1.4293957869211833]
2019-04-01 21:20:30 INFO     Batch: [45/120] Epoch: [2] Loss: [1.4306186256201372]
2019-04-01 21:20:30 INFO     Batch: [46/120] Epoch: [2] Loss: [1.4290141577416278]
2019-04-01 21:20:31 INFO     Batch: [47/120] Epoch: [2] Loss: [1.4295103251934052]
2019-04-01 21:20:31 INFO     Batch: [48/120] Epoch: [2] Loss: [1.432099673212791]
2019-04-01 21:20:31 INFO     Batch: [49/120] Epoch: [2] Loss: [1.4315225744247437]
2019-04-01 21:20:31 INFO     Batch: [50/120] Epoch: [2] Loss: [1.4291675044041054]
2019-04-01 21:20:31 INFO     Batch: [51/120] Epoch: [2] Loss: [1.428944624387301]
2019-04-01 21:20:31 INFO     Batch: [52/120] Epoch: [2] Loss: [1.4295011736312002]
2019-04-01 21:20:31 INFO     Batch: [53/120] Epoch: [2] Loss: [1.4303862717416551]
2019-04-01 21:20:32 INFO     Batch: [54/120] Epoch: [2] Loss: [1.431208937818354]
2019-04-01 21:20:32 INFO     Batch: [55/120] Epoch: [2] Loss: [1.4318896532058716]
2019-04-01 21:20:32 INFO     Batch: [56/120] Epoch: [2] Loss: [1.4323916184274774]
2019-04-01 21:20:32 INFO     Batch: [57/120] Epoch: [2] Loss: [1.4327138189611763]
2019-04-01 21:20:32 INFO     Batch: [58/120] Epoch: [2] Loss: [1.432511735770662]
2019-04-01 21:20:32 INFO     Batch: [59/120] Epoch: [2] Loss: [1.4311015069484712]
2019-04-01 21:20:32 INFO     Batch: [60/120] Epoch: [2] Loss: [1.4308195895836002]
2019-04-01 21:20:33 INFO     Batch: [61/120] Epoch: [2] Loss: [1.4313603485784223]
2019-04-01 21:20:33 INFO     Batch: [62/120] Epoch: [2] Loss: [1.430175504987202]
2019-04-01 21:20:33 INFO     Batch: [63/120] Epoch: [2] Loss: [1.429524602368474]
2019-04-01 21:20:33 INFO     Batch: [64/120] Epoch: [2] Loss: [1.4293689159246592]
2019-04-01 21:20:33 INFO     Batch: [65/120] Epoch: [2] Loss: [1.4283872138370166]
2019-04-01 21:20:33 INFO     Batch: [66/120] Epoch: [2] Loss: [1.4282969396505782]
2019-04-01 21:20:33 INFO     Batch: [67/120] Epoch: [2] Loss: [1.427514035912121]
2019-04-01 21:20:34 INFO     Batch: [68/120] Epoch: [2] Loss: [1.4275006971497466]
2019-04-01 21:20:34 INFO     Batch: [69/120] Epoch: [2] Loss: [1.4273961237498691]
2019-04-01 21:20:34 INFO     Batch: [70/120] Epoch: [2] Loss: [1.4265199563872646]
2019-04-01 21:20:34 INFO     Batch: [71/120] Epoch: [2] Loss: [1.425855855147044]
2019-04-01 21:20:34 INFO     Batch: [72/120] Epoch: [2] Loss: [1.4256876429466352]
2019-04-01 21:20:34 INFO     Batch: [73/120] Epoch: [2] Loss: [1.4245974534266703]
2019-04-01 21:20:34 INFO     Batch: [74/120] Epoch: [2] Loss: [1.4228119993209838]
2019-04-01 21:20:35 INFO     Batch: [75/120] Epoch: [2] Loss: [1.4215377318231683]
2019-04-01 21:20:35 INFO     Batch: [76/120] Epoch: [2] Loss: [1.419955512145897]
2019-04-01 21:20:35 INFO     Batch: [77/120] Epoch: [2] Loss: [1.4177517417149665]
2019-04-01 21:20:35 INFO     Batch: [78/120] Epoch: [2] Loss: [1.4168370328372037]
2019-04-01 21:20:35 INFO     Batch: [79/120] Epoch: [2] Loss: [1.416212113201618]
2019-04-01 21:20:35 INFO     Batch: [80/120] Epoch: [2] Loss: [1.4149369722531167]
2019-04-01 21:20:35 INFO     Batch: [81/120] Epoch: [2] Loss: [1.4148994233550094]
2019-04-01 21:20:36 INFO     Batch: [82/120] Epoch: [2] Loss: [1.4141782392938453]
2019-04-01 21:20:36 INFO     Batch: [83/120] Epoch: [2] Loss: [1.4128702807994116]
2019-04-01 21:20:36 INFO     Batch: [84/120] Epoch: [2] Loss: [1.4109776959699742]
2019-04-01 21:20:36 INFO     Batch: [85/120] Epoch: [2] Loss: [1.4104536494543387]
2019-04-01 21:20:36 INFO     Batch: [86/120] Epoch: [2] Loss: [1.4091809631764203]
2019-04-01 21:20:36 INFO     Batch: [87/120] Epoch: [2] Loss: [1.407947219230912]
2019-04-01 21:20:36 INFO     Batch: [88/120] Epoch: [2] Loss: [1.4064642914225547]
2019-04-01 21:20:36 INFO     Batch: [89/120] Epoch: [2] Loss: [1.4047743293974135]
2019-04-01 21:20:37 INFO     Batch: [90/120] Epoch: [2] Loss: [1.40325540631682]
2019-04-01 21:20:37 INFO     Batch: [91/120] Epoch: [2] Loss: [1.402359400106513]
2019-04-01 21:20:37 INFO     Batch: [92/120] Epoch: [2] Loss: [1.4020013591294647]
2019-04-01 21:20:37 INFO     Batch: [93/120] Epoch: [2] Loss: [1.400300014526286]
2019-04-01 21:20:37 INFO     Batch: [94/120] Epoch: [2] Loss: [1.3997099851307115]
2019-04-01 21:20:37 INFO     Batch: [95/120] Epoch: [2] Loss: [1.3991626352071762]
2019-04-01 21:20:37 INFO     Batch: [96/120] Epoch: [2] Loss: [1.3990077407089705]
2019-04-01 21:20:38 INFO     Batch: [97/120] Epoch: [2] Loss: [1.3984079543425112]
2019-04-01 21:20:38 INFO     Batch: [98/120] Epoch: [2] Loss: [1.3986989909952336]
2019-04-01 21:20:38 INFO     Batch: [99/120] Epoch: [2] Loss: [1.3978897964954375]
2019-04-01 21:20:38 INFO     Batch: [100/120] Epoch: [2] Loss: [1.3966633022421657]
2019-04-01 21:20:38 INFO     Batch: [101/120] Epoch: [2] Loss: [1.3949221968650818]
2019-04-01 21:20:38 INFO     Batch: [102/120] Epoch: [2] Loss: [1.3942601646034463]
2019-04-01 21:20:38 INFO     Batch: [103/120] Epoch: [2] Loss: [1.3927972958638117]
2019-04-01 21:20:39 INFO     Batch: [104/120] Epoch: [2] Loss: [1.3923590126491727]
2019-04-01 21:20:39 INFO     Batch: [105/120] Epoch: [2] Loss: [1.391049766315604]
2019-04-01 21:20:39 INFO     Batch: [106/120] Epoch: [2] Loss: [1.389802627474348]
2019-04-01 21:20:39 INFO     Batch: [107/120] Epoch: [2] Loss: [1.389722755661717]
2019-04-01 21:20:39 INFO     Batch: [108/120] Epoch: [2] Loss: [1.3897395330831546]
2019-04-01 21:20:39 INFO     Batch: [109/120] Epoch: [2] Loss: [1.389700174331665]
2019-04-01 21:20:39 INFO     Batch: [110/120] Epoch: [2] Loss: [1.3892937533490293]
2019-04-01 21:20:40 INFO     Batch: [111/120] Epoch: [2] Loss: [1.3885092937520571]
2019-04-01 21:20:40 INFO     Batch: [112/120] Epoch: [2] Loss: [1.3880180320908537]
2019-04-01 21:20:40 INFO     Batch: [113/120] Epoch: [2] Loss: [1.3876920426101016]
2019-04-01 21:20:40 INFO     Batch: [114/120] Epoch: [2] Loss: [1.3876698587251746]
2019-04-01 21:20:40 INFO     Batch: [115/120] Epoch: [2] Loss: [1.3873029875344243]
2019-04-01 21:20:40 INFO     Batch: [116/120] Epoch: [2] Loss: [1.3866129064152384]
2019-04-01 21:20:40 INFO     Batch: [117/120] Epoch: [2] Loss: [1.3862990332862077]
2019-04-01 21:20:41 INFO     Batch: [118/120] Epoch: [2] Loss: [1.386531588410129]
2019-04-01 21:20:41 INFO     Batch: [119/120] Epoch: [2] Loss: [1.3862480789422988]
2019-04-01 21:20:42 INFO     Epoch: [2/200] Loss: [1.3862480789422988] Accuracy: [0.5419999999999999]
2019-04-01 21:20:42 INFO     Batch: [0/120] Epoch: [3] Loss: [1.3949095010757446]
2019-04-01 21:20:43 INFO     Accuracy: [0.5367272727272728]

2019-04-01 21:20:44 INFO     Batch: [1/120] Epoch: [3] Loss: [1.3884080648422241]
2019-04-01 21:20:44 INFO     Batch: [2/120] Epoch: [3] Loss: [1.3558217287063599]
2019-04-01 21:20:44 INFO     Batch: [3/120] Epoch: [3] Loss: [1.35222789645195]
2019-04-01 21:20:44 INFO     Batch: [4/120] Epoch: [3] Loss: [1.3637230157852174]
2019-04-01 21:20:44 INFO     Batch: [5/120] Epoch: [3] Loss: [1.3530660072962444]
2019-04-01 21:20:44 INFO     Batch: [6/120] Epoch: [3] Loss: [1.3521346194403512]
2019-04-01 21:20:44 INFO     Batch: [7/120] Epoch: [3] Loss: [1.3604226559400558]
2019-04-01 21:20:45 INFO     Batch: [8/120] Epoch: [3] Loss: [1.353864272435506]
2019-04-01 21:20:45 INFO     Batch: [9/120] Epoch: [3] Loss: [1.3527372121810912]
2019-04-01 21:20:45 INFO     Batch: [10/120] Epoch: [3] Loss: [1.3621290055188267]
2019-04-01 21:20:45 INFO     Batch: [11/120] Epoch: [3] Loss: [1.3621022999286652]
2019-04-01 21:20:45 INFO     Batch: [12/120] Epoch: [3] Loss: [1.3597129308260405]
2019-04-01 21:20:45 INFO     Batch: [13/120] Epoch: [3] Loss: [1.3599056942122323]
2019-04-01 21:20:45 INFO     Batch: [14/120] Epoch: [3] Loss: [1.3599545001983642]
2019-04-01 21:20:46 INFO     Batch: [15/120] Epoch: [3] Loss: [1.356280893087387]
2019-04-01 21:20:46 INFO     Batch: [16/120] Epoch: [3] Loss: [1.357651387943941]
2019-04-01 21:20:46 INFO     Batch: [17/120] Epoch: [3] Loss: [1.3541218241055806]
2019-04-01 21:20:46 INFO     Batch: [18/120] Epoch: [3] Loss: [1.3501976602955867]
2019-04-01 21:20:46 INFO     Batch: [19/120] Epoch: [3] Loss: [1.357867294549942]
2019-04-01 21:20:46 INFO     Batch: [20/120] Epoch: [3] Loss: [1.357323129971822]
2019-04-01 21:20:46 INFO     Batch: [21/120] Epoch: [3] Loss: [1.3560452677986838]
2019-04-01 21:20:47 INFO     Batch: [22/120] Epoch: [3] Loss: [1.3555547206298164]
2019-04-01 21:20:47 INFO     Batch: [23/120] Epoch: [3] Loss: [1.3581790278355281]
2019-04-01 21:20:47 INFO     Batch: [24/120] Epoch: [3] Loss: [1.3586060619354248]
2019-04-01 21:20:47 INFO     Batch: [25/120] Epoch: [3] Loss: [1.357125447346614]
2019-04-01 21:20:47 INFO     Batch: [26/120] Epoch: [3] Loss: [1.3589025603400335]
2019-04-01 21:20:47 INFO     Batch: [27/120] Epoch: [3] Loss: [1.3598244871412004]
2019-04-01 21:20:47 INFO     Batch: [28/120] Epoch: [3] Loss: [1.3593833693142594]
2019-04-01 21:20:48 INFO     Batch: [29/120] Epoch: [3] Loss: [1.3584351936976116]
2019-04-01 21:20:48 INFO     Batch: [30/120] Epoch: [3] Loss: [1.3598303256496307]
2019-04-01 21:20:48 INFO     Batch: [31/120] Epoch: [3] Loss: [1.3598742596805096]
2019-04-01 21:20:48 INFO     Batch: [32/120] Epoch: [3] Loss: [1.3599030140674475]
2019-04-01 21:20:48 INFO     Batch: [33/120] Epoch: [3] Loss: [1.3608534862013424]
2019-04-01 21:20:48 INFO     Batch: [34/120] Epoch: [3] Loss: [1.3602273532322475]
2019-04-01 21:20:48 INFO     Batch: [35/120] Epoch: [3] Loss: [1.3603691856066387]
2019-04-01 21:20:49 INFO     Batch: [36/120] Epoch: [3] Loss: [1.3615719917658213]
2019-04-01 21:20:49 INFO     Batch: [37/120] Epoch: [3] Loss: [1.3595707196938365]
2019-04-01 21:20:49 INFO     Batch: [38/120] Epoch: [3] Loss: [1.3590373351023748]
2019-04-01 21:20:49 INFO     Batch: [39/120] Epoch: [3] Loss: [1.3600239425897598]
2019-04-01 21:20:49 INFO     Batch: [40/120] Epoch: [3] Loss: [1.3573028256253499]
2019-04-01 21:20:49 INFO     Batch: [41/120] Epoch: [3] Loss: [1.3588569221042452]
2019-04-01 21:20:49 INFO     Batch: [42/120] Epoch: [3] Loss: [1.358403438745543]
2019-04-01 21:20:50 INFO     Batch: [43/120] Epoch: [3] Loss: [1.3571190725673328]
2019-04-01 21:20:50 INFO     Batch: [44/120] Epoch: [3] Loss: [1.3552989270952014]
2019-04-01 21:20:50 INFO     Batch: [45/120] Epoch: [3] Loss: [1.354862542256065]
2019-04-01 21:20:50 INFO     Batch: [46/120] Epoch: [3] Loss: [1.3553525615245738]
2019-04-01 21:20:50 INFO     Batch: [47/120] Epoch: [3] Loss: [1.353556014597416]
2019-04-01 21:20:50 INFO     Batch: [48/120] Epoch: [3] Loss: [1.3532431758179957]
2019-04-01 21:20:50 INFO     Batch: [49/120] Epoch: [3] Loss: [1.3520604944229127]
2019-04-01 21:20:51 INFO     Batch: [50/120] Epoch: [3] Loss: [1.350105000477211]
2019-04-01 21:20:51 INFO     Batch: [51/120] Epoch: [3] Loss: [1.3505794084989107]
2019-04-01 21:20:51 INFO     Batch: [52/120] Epoch: [3] Loss: [1.3504142311384093]
2019-04-01 21:20:51 INFO     Batch: [53/120] Epoch: [3] Loss: [1.3500213313985754]
2019-04-01 21:20:51 INFO     Batch: [54/120] Epoch: [3] Loss: [1.3494929595427079]
2019-04-01 21:20:51 INFO     Batch: [55/120] Epoch: [3] Loss: [1.3483598743166243]
2019-04-01 21:20:51 INFO     Batch: [56/120] Epoch: [3] Loss: [1.3465229042789393]
2019-04-01 21:20:52 INFO     Batch: [57/120] Epoch: [3] Loss: [1.3450285319624276]
2019-04-01 21:20:52 INFO     Batch: [58/120] Epoch: [3] Loss: [1.3435961169711614]
2019-04-01 21:20:52 INFO     Batch: [59/120] Epoch: [3] Loss: [1.3437036534150442]
2019-04-01 21:20:52 INFO     Batch: [60/120] Epoch: [3] Loss: [1.3423688763477764]
2019-04-01 21:20:52 INFO     Batch: [61/120] Epoch: [3] Loss: [1.3403465997788213]
2019-04-01 21:20:52 INFO     Batch: [62/120] Epoch: [3] Loss: [1.3386611484345936]
2019-04-01 21:20:52 INFO     Batch: [63/120] Epoch: [3] Loss: [1.338190097361803]
2019-04-01 21:20:53 INFO     Batch: [64/120] Epoch: [3] Loss: [1.3377682795891395]
2019-04-01 21:20:53 INFO     Batch: [65/120] Epoch: [3] Loss: [1.3376467805920225]
2019-04-01 21:20:53 INFO     Batch: [66/120] Epoch: [3] Loss: [1.3353282515682392]
2019-04-01 21:20:53 INFO     Batch: [67/120] Epoch: [3] Loss: [1.333647443967707]
2019-04-01 21:20:53 INFO     Batch: [68/120] Epoch: [3] Loss: [1.332394646561664]
2019-04-01 21:20:53 INFO     Batch: [69/120] Epoch: [3] Loss: [1.3324357986450195]
2019-04-01 21:20:53 INFO     Batch: [70/120] Epoch: [3] Loss: [1.330900939417557]
2019-04-01 21:20:54 INFO     Batch: [71/120] Epoch: [3] Loss: [1.3292667319377263]
2019-04-01 21:20:54 INFO     Batch: [72/120] Epoch: [3] Loss: [1.3282966025888103]
2019-04-01 21:20:54 INFO     Batch: [73/120] Epoch: [3] Loss: [1.3275579665158246]
2019-04-01 21:20:54 INFO     Batch: [74/120] Epoch: [3] Loss: [1.327356850306193]
2019-04-01 21:20:54 INFO     Batch: [75/120] Epoch: [3] Loss: [1.325479496466486]
2019-04-01 21:20:54 INFO     Batch: [76/120] Epoch: [3] Loss: [1.3238033783900274]
2019-04-01 21:20:54 INFO     Batch: [77/120] Epoch: [3] Loss: [1.3224086409960039]
2019-04-01 21:20:55 INFO     Batch: [78/120] Epoch: [3] Loss: [1.3211971883532367]
2019-04-01 21:20:55 INFO     Batch: [79/120] Epoch: [3] Loss: [1.320190614461899]
2019-04-01 21:20:55 INFO     Batch: [80/120] Epoch: [3] Loss: [1.320224236558985]
2019-04-01 21:20:55 INFO     Batch: [81/120] Epoch: [3] Loss: [1.3188295393455318]
2019-04-01 21:20:55 INFO     Batch: [82/120] Epoch: [3] Loss: [1.3188959115959076]
2019-04-01 21:20:55 INFO     Batch: [83/120] Epoch: [3] Loss: [1.3183381046567644]
2019-04-01 21:20:55 INFO     Batch: [84/120] Epoch: [3] Loss: [1.3181496634202845]
2019-04-01 21:20:56 INFO     Batch: [85/120] Epoch: [3] Loss: [1.3177626354749812]
2019-04-01 21:20:56 INFO     Batch: [86/120] Epoch: [3] Loss: [1.3165863752365112]
2019-04-01 21:20:56 INFO     Batch: [87/120] Epoch: [3] Loss: [1.315523399548097]
2019-04-01 21:20:56 INFO     Batch: [88/120] Epoch: [3] Loss: [1.3163549725929002]
2019-04-01 21:20:56 INFO     Batch: [89/120] Epoch: [3] Loss: [1.3157263888253106]
2019-04-01 21:20:56 INFO     Batch: [90/120] Epoch: [3] Loss: [1.3164927186546744]
2019-04-01 21:20:56 INFO     Batch: [91/120] Epoch: [3] Loss: [1.3160520766092383]
2019-04-01 21:20:57 INFO     Batch: [92/120] Epoch: [3] Loss: [1.316037771522358]
2019-04-01 21:20:57 INFO     Batch: [93/120] Epoch: [3] Loss: [1.3149334534685662]
2019-04-01 21:20:57 INFO     Batch: [94/120] Epoch: [3] Loss: [1.3148055264824314]
2019-04-01 21:20:57 INFO     Batch: [95/120] Epoch: [3] Loss: [1.3140420851608117]
2019-04-01 21:20:57 INFO     Batch: [96/120] Epoch: [3] Loss: [1.314637245591154]
2019-04-01 21:20:57 INFO     Batch: [97/120] Epoch: [3] Loss: [1.3142297717989708]
2019-04-01 21:20:57 INFO     Batch: [98/120] Epoch: [3] Loss: [1.3148895923537438]
2019-04-01 21:20:58 INFO     Batch: [99/120] Epoch: [3] Loss: [1.315489113330841]
2019-04-01 21:20:58 INFO     Batch: [100/120] Epoch: [3] Loss: [1.315359375264385]
2019-04-01 21:20:58 INFO     Batch: [101/120] Epoch: [3] Loss: [1.3143777333053888]
2019-04-01 21:20:58 INFO     Batch: [102/120] Epoch: [3] Loss: [1.3135876956495267]
2019-04-01 21:20:58 INFO     Batch: [103/120] Epoch: [3] Loss: [1.3142013332018485]
2019-04-01 21:20:58 INFO     Batch: [104/120] Epoch: [3] Loss: [1.3142941054843722]
2019-04-01 21:20:58 INFO     Batch: [105/120] Epoch: [3] Loss: [1.3153465648867049]
2019-04-01 21:20:59 INFO     Batch: [106/120] Epoch: [3] Loss: [1.3168342470008636]
2019-04-01 21:20:59 INFO     Batch: [107/120] Epoch: [3] Loss: [1.3172280578701585]
2019-04-01 21:20:59 INFO     Batch: [108/120] Epoch: [3] Loss: [1.3171210278064833]
2019-04-01 21:20:59 INFO     Batch: [109/120] Epoch: [3] Loss: [1.3177437088706276]
2019-04-01 21:20:59 INFO     Batch: [110/120] Epoch: [3] Loss: [1.3176851669947307]
2019-04-01 21:20:59 INFO     Batch: [111/120] Epoch: [3] Loss: [1.3162986359425954]
2019-04-01 21:20:59 INFO     Batch: [112/120] Epoch: [3] Loss: [1.317270172380768]
2019-04-01 21:21:00 INFO     Batch: [113/120] Epoch: [3] Loss: [1.316450429590125]
2019-04-01 21:21:00 INFO     Batch: [114/120] Epoch: [3] Loss: [1.315950696364693]
2019-04-01 21:21:00 INFO     Batch: [115/120] Epoch: [3] Loss: [1.316536272394246]
2019-04-01 21:21:00 INFO     Batch: [116/120] Epoch: [3] Loss: [1.3166600404641566]
2019-04-01 21:21:00 INFO     Batch: [117/120] Epoch: [3] Loss: [1.31679071208178]
2019-04-01 21:21:00 INFO     Batch: [118/120] Epoch: [3] Loss: [1.3162196634196435]
2019-04-01 21:21:00 INFO     Batch: [119/120] Epoch: [3] Loss: [1.3160576264063517]
2019-04-01 21:21:02 INFO     Epoch: [3/200] Loss: [1.3160576264063517] Accuracy: [0.5354545454545455]
2019-04-01 21:21:02 INFO     Batch: [0/120] Epoch: [4] Loss: [1.2360378503799438]
2019-04-01 21:21:03 INFO     Accuracy: [0.5434545454545455]

2019-04-01 21:21:03 INFO     Batch: [1/120] Epoch: [4] Loss: [1.2242470383644104]
2019-04-01 21:21:03 INFO     Batch: [2/120] Epoch: [4] Loss: [1.2654739618301392]
2019-04-01 21:21:04 INFO     Batch: [3/120] Epoch: [4] Loss: [1.239361733198166]
2019-04-01 21:21:04 INFO     Batch: [4/120] Epoch: [4] Loss: [1.254327082633972]
2019-04-01 21:21:04 INFO     Batch: [5/120] Epoch: [4] Loss: [1.2433581352233887]
2019-04-01 21:21:04 INFO     Batch: [6/120] Epoch: [4] Loss: [1.2448039565767561]
2019-04-01 21:21:04 INFO     Batch: [7/120] Epoch: [4] Loss: [1.2610329240560532]
2019-04-01 21:21:04 INFO     Batch: [8/120] Epoch: [4] Loss: [1.2624406549665663]
2019-04-01 21:21:04 INFO     Batch: [9/120] Epoch: [4] Loss: [1.2597797989845276]
2019-04-01 21:21:05 INFO     Batch: [10/120] Epoch: [4] Loss: [1.2487508383664219]
2019-04-01 21:21:05 INFO     Batch: [11/120] Epoch: [4] Loss: [1.2501037021478016]
2019-04-01 21:21:05 INFO     Batch: [12/120] Epoch: [4] Loss: [1.251162785750169]
2019-04-01 21:21:05 INFO     Batch: [13/120] Epoch: [4] Loss: [1.2497882076672144]
2019-04-01 21:21:05 INFO     Batch: [14/120] Epoch: [4] Loss: [1.2530728419621786]
2019-04-01 21:21:05 INFO     Batch: [15/120] Epoch: [4] Loss: [1.2480138093233109]
2019-04-01 21:21:05 INFO     Batch: [16/120] Epoch: [4] Loss: [1.2428709198446835]
2019-04-01 21:21:06 INFO     Batch: [17/120] Epoch: [4] Loss: [1.23725907670127]
2019-04-01 21:21:06 INFO     Batch: [18/120] Epoch: [4] Loss: [1.2310361862182617]
2019-04-01 21:21:06 INFO     Batch: [19/120] Epoch: [4] Loss: [1.2284506559371948]
2019-04-01 21:21:06 INFO     Batch: [20/120] Epoch: [4] Loss: [1.2287811722074236]
2019-04-01 21:21:06 INFO     Batch: [21/120] Epoch: [4] Loss: [1.2298339334401218]
2019-04-01 21:21:06 INFO     Batch: [22/120] Epoch: [4] Loss: [1.228661993275518]
2019-04-01 21:21:06 INFO     Batch: [23/120] Epoch: [4] Loss: [1.2282945613066356]
2019-04-01 21:21:07 INFO     Batch: [24/120] Epoch: [4] Loss: [1.2254304742813111]
2019-04-01 21:21:07 INFO     Batch: [25/120] Epoch: [4] Loss: [1.2247984180083642]
2019-04-01 21:21:07 INFO     Batch: [26/120] Epoch: [4] Loss: [1.2226690451304119]
2019-04-01 21:21:07 INFO     Batch: [27/120] Epoch: [4] Loss: [1.2189478874206543]
2019-04-01 21:21:07 INFO     Batch: [28/120] Epoch: [4] Loss: [1.218785705237553]
2019-04-01 21:21:07 INFO     Batch: [29/120] Epoch: [4] Loss: [1.2191357930501303]
2019-04-01 21:21:07 INFO     Batch: [30/120] Epoch: [4] Loss: [1.221426171641196]
2019-04-01 21:21:08 INFO     Batch: [31/120] Epoch: [4] Loss: [1.2233521491289139]
2019-04-01 21:21:08 INFO     Batch: [32/120] Epoch: [4] Loss: [1.2203780268177842]
2019-04-01 21:21:08 INFO     Batch: [33/120] Epoch: [4] Loss: [1.2209136100376354]
2019-04-01 21:21:08 INFO     Batch: [34/120] Epoch: [4] Loss: [1.2186481850487845]
2019-04-01 21:21:08 INFO     Batch: [35/120] Epoch: [4] Loss: [1.2187813387976751]
2019-04-01 21:21:08 INFO     Batch: [36/120] Epoch: [4] Loss: [1.2181800700522758]
2019-04-01 21:21:08 INFO     Batch: [37/120] Epoch: [4] Loss: [1.2168293093380176]
2019-04-01 21:21:09 INFO     Batch: [38/120] Epoch: [4] Loss: [1.2159741902962709]
2019-04-01 21:21:09 INFO     Batch: [39/120] Epoch: [4] Loss: [1.2163537561893463]
2019-04-01 21:21:09 INFO     Batch: [40/120] Epoch: [4] Loss: [1.2183970765369694]
2019-04-01 21:21:09 INFO     Batch: [41/120] Epoch: [4] Loss: [1.220372852824983]
2019-04-01 21:21:09 INFO     Batch: [42/120] Epoch: [4] Loss: [1.2220146988713465]
2019-04-01 21:21:09 INFO     Batch: [43/120] Epoch: [4] Loss: [1.2227350933985277]
2019-04-01 21:21:09 INFO     Batch: [44/120] Epoch: [4] Loss: [1.2240485429763794]
2019-04-01 21:21:10 INFO     Batch: [45/120] Epoch: [4] Loss: [1.223117364489514]
2019-04-01 21:21:10 INFO     Batch: [46/120] Epoch: [4] Loss: [1.2239286468384114]
2019-04-01 21:21:10 INFO     Batch: [47/120] Epoch: [4] Loss: [1.2246521587173145]
2019-04-01 21:21:10 INFO     Batch: [48/120] Epoch: [4] Loss: [1.2230599778039115]
2019-04-01 21:21:10 INFO     Batch: [49/120] Epoch: [4] Loss: [1.2224184226989747]
2019-04-01 21:21:10 INFO     Batch: [50/120] Epoch: [4] Loss: [1.2216032182469088]
2019-04-01 21:21:10 INFO     Batch: [51/120] Epoch: [4] Loss: [1.2220197503383343]
2019-04-01 21:21:11 INFO     Batch: [52/120] Epoch: [4] Loss: [1.2228514338439365]
2019-04-01 21:21:11 INFO     Batch: [53/120] Epoch: [4] Loss: [1.2230509033909551]
2019-04-01 21:21:11 INFO     Batch: [54/120] Epoch: [4] Loss: [1.2254396135156804]
2019-04-01 21:21:11 INFO     Batch: [55/120] Epoch: [4] Loss: [1.2271893343755178]
2019-04-01 21:21:11 INFO     Batch: [56/120] Epoch: [4] Loss: [1.2284642750756782]
2019-04-01 21:21:11 INFO     Batch: [57/120] Epoch: [4] Loss: [1.2299508657948723]
2019-04-01 21:21:11 INFO     Batch: [58/120] Epoch: [4] Loss: [1.2309216644804357]
2019-04-01 21:21:12 INFO     Batch: [59/120] Epoch: [4] Loss: [1.2314736127853394]
2019-04-01 21:21:12 INFO     Batch: [60/120] Epoch: [4] Loss: [1.2318100186645007]
2019-04-01 21:21:12 INFO     Batch: [61/120] Epoch: [4] Loss: [1.2330838845622154]
2019-04-01 21:21:12 INFO     Batch: [62/120] Epoch: [4] Loss: [1.2343196887818595]
2019-04-01 21:21:12 INFO     Batch: [63/120] Epoch: [4] Loss: [1.234521348029375]
2019-04-01 21:21:12 INFO     Batch: [64/120] Epoch: [4] Loss: [1.2355413583608774]
2019-04-01 21:21:12 INFO     Batch: [65/120] Epoch: [4] Loss: [1.236482645526077]
2019-04-01 21:21:13 INFO     Batch: [66/120] Epoch: [4] Loss: [1.2384198637151007]
2019-04-01 21:21:13 INFO     Batch: [67/120] Epoch: [4] Loss: [1.2418890192228205]
2019-04-01 21:21:13 INFO     Batch: [68/120] Epoch: [4] Loss: [1.2425763900729194]
2019-04-01 21:21:13 INFO     Batch: [69/120] Epoch: [4] Loss: [1.2452408364840917]
2019-04-01 21:21:13 INFO     Batch: [70/120] Epoch: [4] Loss: [1.2456288942148988]
2019-04-01 21:21:13 INFO     Batch: [71/120] Epoch: [4] Loss: [1.2465985235240724]
2019-04-01 21:21:13 INFO     Batch: [72/120] Epoch: [4] Loss: [1.2491177826711577]
2019-04-01 21:21:13 INFO     Batch: [73/120] Epoch: [4] Loss: [1.2510724293219078]
2019-04-01 21:21:14 INFO     Batch: [74/120] Epoch: [4] Loss: [1.2517729918162028]
2019-04-01 21:21:14 INFO     Batch: [75/120] Epoch: [4] Loss: [1.2527169397002773]
2019-04-01 21:21:14 INFO     Batch: [76/120] Epoch: [4] Loss: [1.2527806681471985]
2019-04-01 21:21:14 INFO     Batch: [77/120] Epoch: [4] Loss: [1.2535088260968525]
2019-04-01 21:21:14 INFO     Batch: [78/120] Epoch: [4] Loss: [1.2544182418267937]
2019-04-01 21:21:14 INFO     Batch: [79/120] Epoch: [4] Loss: [1.2554557204246521]
2019-04-01 21:21:14 INFO     Batch: [80/120] Epoch: [4] Loss: [1.2564123280254411]
2019-04-01 21:21:15 INFO     Batch: [81/120] Epoch: [4] Loss: [1.2578556595779047]
2019-04-01 21:21:15 INFO     Batch: [82/120] Epoch: [4] Loss: [1.2584786860339612]
2019-04-01 21:21:15 INFO     Batch: [83/120] Epoch: [4] Loss: [1.2584663076060159]
2019-04-01 21:21:15 INFO     Batch: [84/120] Epoch: [4] Loss: [1.2584703655803904]
2019-04-01 21:21:15 INFO     Batch: [85/120] Epoch: [4] Loss: [1.2590677308481792]
2019-04-01 21:21:15 INFO     Batch: [86/120] Epoch: [4] Loss: [1.259113043204121]
2019-04-01 21:21:15 INFO     Batch: [87/120] Epoch: [4] Loss: [1.2600002911957828]
2019-04-01 21:21:16 INFO     Batch: [88/120] Epoch: [4] Loss: [1.260247913639197]
2019-04-01 21:21:16 INFO     Batch: [89/120] Epoch: [4] Loss: [1.260443557633294]
2019-04-01 21:21:16 INFO     Batch: [90/120] Epoch: [4] Loss: [1.2604117956790295]
2019-04-01 21:21:16 INFO     Batch: [91/120] Epoch: [4] Loss: [1.259666876948398]
2019-04-01 21:21:16 INFO     Batch: [92/120] Epoch: [4] Loss: [1.2588672625121249]
2019-04-01 21:21:16 INFO     Batch: [93/120] Epoch: [4] Loss: [1.2606307889552826]
2019-04-01 21:21:16 INFO     Batch: [94/120] Epoch: [4] Loss: [1.2602609634399413]
2019-04-01 21:21:17 INFO     Batch: [95/120] Epoch: [4] Loss: [1.2602110914885998]
2019-04-01 21:21:17 INFO     Batch: [96/120] Epoch: [4] Loss: [1.2608427522108727]
2019-04-01 21:21:17 INFO     Batch: [97/120] Epoch: [4] Loss: [1.2598577944599851]
2019-04-01 21:21:17 INFO     Batch: [98/120] Epoch: [4] Loss: [1.2600240888017598]
2019-04-01 21:21:17 INFO     Batch: [99/120] Epoch: [4] Loss: [1.2585012233257293]
2019-04-01 21:21:17 INFO     Batch: [100/120] Epoch: [4] Loss: [1.2593418465982569]
2019-04-01 21:21:17 INFO     Batch: [101/120] Epoch: [4] Loss: [1.2584286741181916]
2019-04-01 21:21:17 INFO     Batch: [102/120] Epoch: [4] Loss: [1.2580381400376848]
2019-04-01 21:21:18 INFO     Batch: [103/120] Epoch: [4] Loss: [1.2571387531665654]
2019-04-01 21:21:18 INFO     Batch: [104/120] Epoch: [4] Loss: [1.2578401758557274]
2019-04-01 21:21:18 INFO     Batch: [105/120] Epoch: [4] Loss: [1.2572902306070868]
2019-04-01 21:21:18 INFO     Batch: [106/120] Epoch: [4] Loss: [1.258206348552882]
2019-04-01 21:21:18 INFO     Batch: [107/120] Epoch: [4] Loss: [1.2587081734780912]
2019-04-01 21:21:18 INFO     Batch: [108/120] Epoch: [4] Loss: [1.2587382520010713]
2019-04-01 21:21:18 INFO     Batch: [109/120] Epoch: [4] Loss: [1.2588301127607173]
2019-04-01 21:21:19 INFO     Batch: [110/120] Epoch: [4] Loss: [1.2575610929781251]
2019-04-01 21:21:19 INFO     Batch: [111/120] Epoch: [4] Loss: [1.2575024291872978]
2019-04-01 21:21:19 INFO     Batch: [112/120] Epoch: [4] Loss: [1.2567344777351988]
2019-04-01 21:21:19 INFO     Batch: [113/120] Epoch: [4] Loss: [1.2561530878669338]
2019-04-01 21:21:19 INFO     Batch: [114/120] Epoch: [4] Loss: [1.256652311656786]
2019-04-01 21:21:19 INFO     Batch: [115/120] Epoch: [4] Loss: [1.255891335421595]
2019-04-01 21:21:19 INFO     Batch: [116/120] Epoch: [4] Loss: [1.2551533900774443]
2019-04-01 21:21:20 INFO     Batch: [117/120] Epoch: [4] Loss: [1.2549878975092355]
2019-04-01 21:21:20 INFO     Batch: [118/120] Epoch: [4] Loss: [1.2545303787503923]
2019-04-01 21:21:20 INFO     Batch: [119/120] Epoch: [4] Loss: [1.2541814963022868]
2019-04-01 21:21:21 INFO     Epoch: [4/200] Loss: [1.2541814963022868] Accuracy: [0.5658181818181819]
2019-04-01 21:21:21 INFO     Batch: [0/120] Epoch: [5] Loss: [1.2733640670776367]
2019-04-01 21:21:23 INFO     Accuracy: [0.5690909090909091]

2019-04-01 21:21:23 INFO     Batch: [1/120] Epoch: [5] Loss: [1.2602246403694153]
2019-04-01 21:21:23 INFO     Batch: [2/120] Epoch: [5] Loss: [1.242081840833028]
2019-04-01 21:21:23 INFO     Batch: [3/120] Epoch: [5] Loss: [1.2355404496192932]
2019-04-01 21:21:23 INFO     Batch: [4/120] Epoch: [5] Loss: [1.2385196685791016]
2019-04-01 21:21:23 INFO     Batch: [5/120] Epoch: [5] Loss: [1.234184245268504]
2019-04-01 21:21:23 INFO     Batch: [6/120] Epoch: [5] Loss: [1.2358213322503226]
2019-04-01 21:21:24 INFO     Batch: [7/120] Epoch: [5] Loss: [1.2335496991872787]
2019-04-01 21:21:24 INFO     Batch: [8/120] Epoch: [5] Loss: [1.242449680964152]
2019-04-01 21:21:24 INFO     Batch: [9/120] Epoch: [5] Loss: [1.2435059785842895]
2019-04-01 21:21:24 INFO     Batch: [10/120] Epoch: [5] Loss: [1.2445911169052124]
2019-04-01 21:21:24 INFO     Batch: [11/120] Epoch: [5] Loss: [1.2384369671344757]
2019-04-01 21:21:24 INFO     Batch: [12/120] Epoch: [5] Loss: [1.2370868095984826]
2019-04-01 21:21:24 INFO     Batch: [13/120] Epoch: [5] Loss: [1.2362795642444067]
2019-04-01 21:21:25 INFO     Batch: [14/120] Epoch: [5] Loss: [1.2319648583730063]
2019-04-01 21:21:25 INFO     Batch: [15/120] Epoch: [5] Loss: [1.2361911609768867]
2019-04-01 21:21:25 INFO     Batch: [16/120] Epoch: [5] Loss: [1.2461614538641537]
2019-04-01 21:21:25 INFO     Batch: [17/120] Epoch: [5] Loss: [1.241625017589993]
2019-04-01 21:21:25 INFO     Batch: [18/120] Epoch: [5] Loss: [1.2407402553056415]
2019-04-01 21:21:25 INFO     Batch: [19/120] Epoch: [5] Loss: [1.2396650969982148]
2019-04-01 21:21:25 INFO     Batch: [20/120] Epoch: [5] Loss: [1.2447113934017362]
2019-04-01 21:21:26 INFO     Batch: [21/120] Epoch: [5] Loss: [1.2476252046498386]
2019-04-01 21:21:26 INFO     Batch: [22/120] Epoch: [5] Loss: [1.2489884469820105]
2019-04-01 21:21:26 INFO     Batch: [23/120] Epoch: [5] Loss: [1.2506255805492401]
2019-04-01 21:21:26 INFO     Batch: [24/120] Epoch: [5] Loss: [1.2497097873687744]
2019-04-01 21:21:26 INFO     Batch: [25/120] Epoch: [5] Loss: [1.2509959844442515]
2019-04-01 21:21:26 INFO     Batch: [26/120] Epoch: [5] Loss: [1.251311359582124]
2019-04-01 21:21:26 INFO     Batch: [27/120] Epoch: [5] Loss: [1.251871028116771]
2019-04-01 21:21:27 INFO     Batch: [28/120] Epoch: [5] Loss: [1.2553133389045452]
2019-04-01 21:21:27 INFO     Batch: [29/120] Epoch: [5] Loss: [1.2609159151713054]
2019-04-01 21:21:27 INFO     Batch: [30/120] Epoch: [5] Loss: [1.2609526649598153]
2019-04-01 21:21:27 INFO     Batch: [31/120] Epoch: [5] Loss: [1.264408528804779]
2019-04-01 21:21:27 INFO     Batch: [32/120] Epoch: [5] Loss: [1.2611840168635051]
2019-04-01 21:21:27 INFO     Batch: [33/120] Epoch: [5] Loss: [1.2627016761723686]
2019-04-01 21:21:27 INFO     Batch: [34/120] Epoch: [5] Loss: [1.2640463420322963]
2019-04-01 21:21:28 INFO     Batch: [35/120] Epoch: [5] Loss: [1.262186759048038]
2019-04-01 21:21:28 INFO     Batch: [36/120] Epoch: [5] Loss: [1.2643624995205853]
2019-04-01 21:21:28 INFO     Batch: [37/120] Epoch: [5] Loss: [1.266877830028534]
2019-04-01 21:21:28 INFO     Batch: [38/120] Epoch: [5] Loss: [1.270137878564688]
2019-04-01 21:21:28 INFO     Batch: [39/120] Epoch: [5] Loss: [1.27128124833107]
2019-04-01 21:21:28 INFO     Batch: [40/120] Epoch: [5] Loss: [1.2704282039549293]
2019-04-01 21:21:28 INFO     Batch: [41/120] Epoch: [5] Loss: [1.2698588853790647]
2019-04-01 21:21:29 INFO     Batch: [42/120] Epoch: [5] Loss: [1.2705539991689283]
2019-04-01 21:21:29 INFO     Batch: [43/120] Epoch: [5] Loss: [1.2739470140500502]
2019-04-01 21:21:29 INFO     Batch: [44/120] Epoch: [5] Loss: [1.2761777665879992]
2019-04-01 21:21:29 INFO     Batch: [45/120] Epoch: [5] Loss: [1.2779151797294617]
2019-04-01 21:21:29 INFO     Batch: [46/120] Epoch: [5] Loss: [1.2775720966623185]
2019-04-01 21:21:29 INFO     Batch: [47/120] Epoch: [5] Loss: [1.277492659787337]
2019-04-01 21:21:29 INFO     Batch: [48/120] Epoch: [5] Loss: [1.2774711117452504]
2019-04-01 21:21:29 INFO     Batch: [49/120] Epoch: [5] Loss: [1.2782459354400635]
2019-04-01 21:21:30 INFO     Batch: [50/120] Epoch: [5] Loss: [1.2759649823693668]
2019-04-01 21:21:30 INFO     Batch: [51/120] Epoch: [5] Loss: [1.2756981391173143]
2019-04-01 21:21:30 INFO     Batch: [52/120] Epoch: [5] Loss: [1.2763141686061643]
2019-04-01 21:21:30 INFO     Batch: [53/120] Epoch: [5] Loss: [1.2746455007129245]
2019-04-01 21:21:30 INFO     Batch: [54/120] Epoch: [5] Loss: [1.274645447731018]
2019-04-01 21:21:30 INFO     Batch: [55/120] Epoch: [5] Loss: [1.2730016963822501]
2019-04-01 21:21:30 INFO     Batch: [56/120] Epoch: [5] Loss: [1.273373428143953]
2019-04-01 21:21:31 INFO     Batch: [57/120] Epoch: [5] Loss: [1.2712141460385815]
2019-04-01 21:21:31 INFO     Batch: [58/120] Epoch: [5] Loss: [1.271524051488456]
2019-04-01 21:21:31 INFO     Batch: [59/120] Epoch: [5] Loss: [1.2713212152322133]
2019-04-01 21:21:31 INFO     Batch: [60/120] Epoch: [5] Loss: [1.2709218693561242]
2019-04-01 21:21:31 INFO     Batch: [61/120] Epoch: [5] Loss: [1.2692526444312064]
2019-04-01 21:21:31 INFO     Batch: [62/120] Epoch: [5] Loss: [1.2683447807554216]
2019-04-01 21:21:31 INFO     Batch: [63/120] Epoch: [5] Loss: [1.2678251657634974]
2019-04-01 21:21:32 INFO     Batch: [64/120] Epoch: [5] Loss: [1.2662794589996338]
2019-04-01 21:21:32 INFO     Batch: [65/120] Epoch: [5] Loss: [1.264872462460489]
2019-04-01 21:21:32 INFO     Batch: [66/120] Epoch: [5] Loss: [1.263895897722956]
2019-04-01 21:21:32 INFO     Batch: [67/120] Epoch: [5] Loss: [1.262368950773688]
2019-04-01 21:21:32 INFO     Batch: [68/120] Epoch: [5] Loss: [1.260289116182189]
2019-04-01 21:21:32 INFO     Batch: [69/120] Epoch: [5] Loss: [1.259680654321398]
2019-04-01 21:21:32 INFO     Batch: [70/120] Epoch: [5] Loss: [1.2595455663304933]
2019-04-01 21:21:33 INFO     Batch: [71/120] Epoch: [5] Loss: [1.2588414947191875]
2019-04-01 21:21:33 INFO     Batch: [72/120] Epoch: [5] Loss: [1.258766193912454]
2019-04-01 21:21:33 INFO     Batch: [73/120] Epoch: [5] Loss: [1.2584210408700478]
2019-04-01 21:21:33 INFO     Batch: [74/120] Epoch: [5] Loss: [1.258097604115804]
2019-04-01 21:21:33 INFO     Batch: [75/120] Epoch: [5] Loss: [1.2585452136240507]
2019-04-01 21:21:33 INFO     Batch: [76/120] Epoch: [5] Loss: [1.259113266870573]
2019-04-01 21:21:33 INFO     Batch: [77/120] Epoch: [5] Loss: [1.257851901726845]
2019-04-01 21:21:33 INFO     Batch: [78/120] Epoch: [5] Loss: [1.2569487894637674]
2019-04-01 21:21:34 INFO     Batch: [79/120] Epoch: [5] Loss: [1.2563135504722596]
2019-04-01 21:21:34 INFO     Batch: [80/120] Epoch: [5] Loss: [1.2571623192893133]
2019-04-01 21:21:34 INFO     Batch: [81/120] Epoch: [5] Loss: [1.255999283092778]
2019-04-01 21:21:34 INFO     Batch: [82/120] Epoch: [5] Loss: [1.2559562232120927]
2019-04-01 21:21:34 INFO     Batch: [83/120] Epoch: [5] Loss: [1.2547040581703186]
2019-04-01 21:21:34 INFO     Batch: [84/120] Epoch: [5] Loss: [1.2548247716006111]
2019-04-01 21:21:34 INFO     Batch: [85/120] Epoch: [5] Loss: [1.255054509916971]
2019-04-01 21:21:35 INFO     Batch: [86/120] Epoch: [5] Loss: [1.2546742442010463]
2019-04-01 21:21:35 INFO     Batch: [87/120] Epoch: [5] Loss: [1.2550818093798377]
2019-04-01 21:21:35 INFO     Batch: [88/120] Epoch: [5] Loss: [1.2554105680980039]
2019-04-01 21:21:35 INFO     Batch: [89/120] Epoch: [5] Loss: [1.2557678196165296]
2019-04-01 21:21:35 INFO     Batch: [90/120] Epoch: [5] Loss: [1.2555394421566974]
2019-04-01 21:21:35 INFO     Batch: [91/120] Epoch: [5] Loss: [1.2543611643107042]
2019-04-01 21:21:35 INFO     Batch: [92/120] Epoch: [5] Loss: [1.254151423772176]
2019-04-01 21:21:35 INFO     Batch: [93/120] Epoch: [5] Loss: [1.2543266263413937]
2019-04-01 21:21:36 INFO     Batch: [94/120] Epoch: [5] Loss: [1.2552678308988872]
2019-04-01 21:21:36 INFO     Batch: [95/120] Epoch: [5] Loss: [1.2560997133453686]
2019-04-01 21:21:36 INFO     Batch: [96/120] Epoch: [5] Loss: [1.2567954456683286]
2019-04-01 21:21:36 INFO     Batch: [97/120] Epoch: [5] Loss: [1.25681480096311]
2019-04-01 21:21:36 INFO     Batch: [98/120] Epoch: [5] Loss: [1.2577101666517931]
2019-04-01 21:21:36 INFO     Batch: [99/120] Epoch: [5] Loss: [1.2584107196331025]
2019-04-01 21:21:36 INFO     Batch: [100/120] Epoch: [5] Loss: [1.2585561594160477]
2019-04-01 21:21:37 INFO     Batch: [101/120] Epoch: [5] Loss: [1.2593878367367912]
2019-04-01 21:21:37 INFO     Batch: [102/120] Epoch: [5] Loss: [1.2605621120304737]
2019-04-01 21:21:37 INFO     Batch: [103/120] Epoch: [5] Loss: [1.2613918609344041]
2019-04-01 21:21:37 INFO     Batch: [104/120] Epoch: [5] Loss: [1.2600714649472917]
2019-04-01 21:21:37 INFO     Batch: [105/120] Epoch: [5] Loss: [1.2611438272134312]
2019-04-01 21:21:37 INFO     Batch: [106/120] Epoch: [5] Loss: [1.261677590486045]
2019-04-01 21:21:37 INFO     Batch: [107/120] Epoch: [5] Loss: [1.2617545668725614]
2019-04-01 21:21:38 INFO     Batch: [108/120] Epoch: [5] Loss: [1.2620705005225785]
2019-04-01 21:21:38 INFO     Batch: [109/120] Epoch: [5] Loss: [1.2624609470367432]
2019-04-01 21:21:38 INFO     Batch: [110/120] Epoch: [5] Loss: [1.2636113080892477]
2019-04-01 21:21:38 INFO     Batch: [111/120] Epoch: [5] Loss: [1.2646759418504578]
2019-04-01 21:21:38 INFO     Batch: [112/120] Epoch: [5] Loss: [1.2648686128380024]
2019-04-01 21:21:38 INFO     Batch: [113/120] Epoch: [5] Loss: [1.2650763308792783]
2019-04-01 21:21:38 INFO     Batch: [114/120] Epoch: [5] Loss: [1.2653465975885805]
2019-04-01 21:21:38 INFO     Batch: [115/120] Epoch: [5] Loss: [1.2658244864694004]
2019-04-01 21:21:39 INFO     Batch: [116/120] Epoch: [5] Loss: [1.265928618928306]
2019-04-01 21:21:39 INFO     Batch: [117/120] Epoch: [5] Loss: [1.2664914333214194]
2019-04-01 21:21:39 INFO     Batch: [118/120] Epoch: [5] Loss: [1.2671992187740422]
2019-04-01 21:21:39 INFO     Batch: [119/120] Epoch: [5] Loss: [1.268364852666855]
2019-04-01 21:21:40 INFO     Epoch: [5/200] Loss: [1.268364852666855] Accuracy: [0.542]
2019-04-01 21:21:41 INFO     Batch: [0/120] Epoch: [6] Loss: [1.4314744472503662]
2019-04-01 21:21:42 INFO     Accuracy: [0.5454545454545454]

2019-04-01 21:21:42 INFO     Batch: [1/120] Epoch: [6] Loss: [1.3589246273040771]
2019-04-01 21:21:42 INFO     Batch: [2/120] Epoch: [6] Loss: [1.373624563217163]
2019-04-01 21:21:42 INFO     Batch: [3/120] Epoch: [6] Loss: [1.372624009847641]
2019-04-01 21:21:42 INFO     Batch: [4/120] Epoch: [6] Loss: [1.3703737735748291]
2019-04-01 21:21:42 INFO     Batch: [5/120] Epoch: [6] Loss: [1.34811665614446]
2019-04-01 21:21:43 INFO     Batch: [6/120] Epoch: [6] Loss: [1.342924611909049]
2019-04-01 21:21:43 INFO     Batch: [7/120] Epoch: [6] Loss: [1.3422943651676178]
2019-04-01 21:21:43 INFO     Batch: [8/120] Epoch: [6] Loss: [1.3361975749333699]
2019-04-01 21:21:43 INFO     Batch: [9/120] Epoch: [6] Loss: [1.3389683842658997]
2019-04-01 21:21:43 INFO     Batch: [10/120] Epoch: [6] Loss: [1.3444358435544101]
2019-04-01 21:21:43 INFO     Batch: [11/120] Epoch: [6] Loss: [1.3402687708536785]
2019-04-01 21:21:43 INFO     Batch: [12/120] Epoch: [6] Loss: [1.3389907433436468]
2019-04-01 21:21:44 INFO     Batch: [13/120] Epoch: [6] Loss: [1.3316436154501778]
2019-04-01 21:21:44 INFO     Batch: [14/120] Epoch: [6] Loss: [1.3328686952590942]
2019-04-01 21:21:44 INFO     Batch: [15/120] Epoch: [6] Loss: [1.3289968967437744]
2019-04-01 21:21:44 INFO     Batch: [16/120] Epoch: [6] Loss: [1.3310933884452372]
2019-04-01 21:21:44 INFO     Batch: [17/120] Epoch: [6] Loss: [1.3297971553272672]
2019-04-01 21:21:44 INFO     Batch: [18/120] Epoch: [6] Loss: [1.3281751306433427]
2019-04-01 21:21:44 INFO     Batch: [19/120] Epoch: [6] Loss: [1.3307420015335083]
2019-04-01 21:21:44 INFO     Batch: [20/120] Epoch: [6] Loss: [1.3294872726712907]
2019-04-01 21:21:45 INFO     Batch: [21/120] Epoch: [6] Loss: [1.3329913236878135]
2019-04-01 21:21:45 INFO     Batch: [22/120] Epoch: [6] Loss: [1.3315786486086638]
2019-04-01 21:21:45 INFO     Batch: [23/120] Epoch: [6] Loss: [1.3354194511969883]
2019-04-01 21:21:45 INFO     Batch: [24/120] Epoch: [6] Loss: [1.3354291343688964]
2019-04-01 21:21:45 INFO     Batch: [25/120] Epoch: [6] Loss: [1.333828485929049]
2019-04-01 21:21:45 INFO     Batch: [26/120] Epoch: [6] Loss: [1.3288830209661413]
2019-04-01 21:21:45 INFO     Batch: [27/120] Epoch: [6] Loss: [1.329775141818183]
2019-04-01 21:21:46 INFO     Batch: [28/120] Epoch: [6] Loss: [1.3284683885245487]
2019-04-01 21:21:46 INFO     Batch: [29/120] Epoch: [6] Loss: [1.3281634330749512]
2019-04-01 21:21:46 INFO     Batch: [30/120] Epoch: [6] Loss: [1.3263616984890354]
2019-04-01 21:21:46 INFO     Batch: [31/120] Epoch: [6] Loss: [1.3259341046214104]
2019-04-01 21:21:46 INFO     Batch: [32/120] Epoch: [6] Loss: [1.3242998267665054]
2019-04-01 21:21:46 INFO     Batch: [33/120] Epoch: [6] Loss: [1.3240209362086128]
2019-04-01 21:21:46 INFO     Batch: [34/120] Epoch: [6] Loss: [1.3221957411084857]
2019-04-01 21:21:47 INFO     Batch: [35/120] Epoch: [6] Loss: [1.321454405784607]
2019-04-01 21:21:47 INFO     Batch: [36/120] Epoch: [6] Loss: [1.3214341595366195]
2019-04-01 21:21:47 INFO     Batch: [37/120] Epoch: [6] Loss: [1.3202238427965265]
2019-04-01 21:21:47 INFO     Batch: [38/120] Epoch: [6] Loss: [1.3189397714076898]
2019-04-01 21:21:47 INFO     Batch: [39/120] Epoch: [6] Loss: [1.3152152985334395]
2019-04-01 21:21:47 INFO     Batch: [40/120] Epoch: [6] Loss: [1.3153969165755481]
2019-04-01 21:21:47 INFO     Batch: [41/120] Epoch: [6] Loss: [1.3147502115794591]
2019-04-01 21:21:48 INFO     Batch: [42/120] Epoch: [6] Loss: [1.3116748915162197]
2019-04-01 21:21:48 INFO     Batch: [43/120] Epoch: [6] Loss: [1.3108882389285348]
2019-04-01 21:21:48 INFO     Batch: [44/120] Epoch: [6] Loss: [1.3099000877804226]
2019-04-01 21:21:48 INFO     Batch: [45/120] Epoch: [6] Loss: [1.3069927303687385]
2019-04-01 21:21:48 INFO     Batch: [46/120] Epoch: [6] Loss: [1.3067696297422369]
2019-04-01 21:21:48 INFO     Batch: [47/120] Epoch: [6] Loss: [1.3053373595078785]
2019-04-01 21:21:48 INFO     Batch: [48/120] Epoch: [6] Loss: [1.305878342414389]
2019-04-01 21:21:49 INFO     Batch: [49/120] Epoch: [6] Loss: [1.3047614073753357]
2019-04-01 21:21:49 INFO     Batch: [50/120] Epoch: [6] Loss: [1.3074640760234757]
2019-04-01 21:21:49 INFO     Batch: [51/120] Epoch: [6] Loss: [1.3052297165760627]
2019-04-01 21:21:49 INFO     Batch: [52/120] Epoch: [6] Loss: [1.3042269180405814]
2019-04-01 21:21:49 INFO     Batch: [53/120] Epoch: [6] Loss: [1.301531478210732]
2019-04-01 21:21:49 INFO     Batch: [54/120] Epoch: [6] Loss: [1.301927586035295]
2019-04-01 21:21:49 INFO     Batch: [55/120] Epoch: [6] Loss: [1.3012527993747167]
2019-04-01 21:21:49 INFO     Batch: [56/120] Epoch: [6] Loss: [1.3009446880273652]
2019-04-01 21:21:50 INFO     Batch: [57/120] Epoch: [6] Loss: [1.2991482903217446]
2019-04-01 21:21:50 INFO     Batch: [58/120] Epoch: [6] Loss: [1.2977332866798013]
2019-04-01 21:21:50 INFO     Batch: [59/120] Epoch: [6] Loss: [1.2961872299512227]
2019-04-01 21:21:50 INFO     Batch: [60/120] Epoch: [6] Loss: [1.2968638373202965]
2019-04-01 21:21:50 INFO     Batch: [61/120] Epoch: [6] Loss: [1.2956089108220992]
2019-04-01 21:21:50 INFO     Batch: [62/120] Epoch: [6] Loss: [1.292659354588342]
2019-04-01 21:21:50 INFO     Batch: [63/120] Epoch: [6] Loss: [1.2928611505776644]
2019-04-01 21:21:51 INFO     Batch: [64/120] Epoch: [6] Loss: [1.290779003730187]
2019-04-01 21:21:51 INFO     Batch: [65/120] Epoch: [6] Loss: [1.2899637547406284]
2019-04-01 21:21:51 INFO     Batch: [66/120] Epoch: [6] Loss: [1.288837084129675]
2019-04-01 21:21:51 INFO     Batch: [67/120] Epoch: [6] Loss: [1.2894111503573025]
2019-04-01 21:21:51 INFO     Batch: [68/120] Epoch: [6] Loss: [1.287845668585404]
2019-04-01 21:21:51 INFO     Batch: [69/120] Epoch: [6] Loss: [1.2870298504829407]
2019-04-01 21:21:51 INFO     Batch: [70/120] Epoch: [6] Loss: [1.2883741973151623]
2019-04-01 21:21:52 INFO     Batch: [71/120] Epoch: [6] Loss: [1.2871980037954118]
2019-04-01 21:21:52 INFO     Batch: [72/120] Epoch: [6] Loss: [1.2867720388386348]
2019-04-01 21:21:52 INFO     Batch: [73/120] Epoch: [6] Loss: [1.2867774592863548]
2019-04-01 21:21:52 INFO     Batch: [74/120] Epoch: [6] Loss: [1.2842826811472574]
2019-04-01 21:21:52 INFO     Batch: [75/120] Epoch: [6] Loss: [1.2832590780760114]
2019-04-01 21:21:52 INFO     Batch: [76/120] Epoch: [6] Loss: [1.2834501777376448]
2019-04-01 21:21:52 INFO     Batch: [77/120] Epoch: [6] Loss: [1.283548932809096]
2019-04-01 21:21:52 INFO     Batch: [78/120] Epoch: [6] Loss: [1.2826638795152496]
2019-04-01 21:21:53 INFO     Batch: [79/120] Epoch: [6] Loss: [1.2809015095233918]
2019-04-01 21:21:53 INFO     Batch: [80/120] Epoch: [6] Loss: [1.279437020972923]
2019-04-01 21:21:53 INFO     Batch: [81/120] Epoch: [6] Loss: [1.2797968111387112]
2019-04-01 21:21:53 INFO     Batch: [82/120] Epoch: [6] Loss: [1.2808822996645088]
2019-04-01 21:21:53 INFO     Batch: [83/120] Epoch: [6] Loss: [1.2800417783714475]
2019-04-01 21:21:53 INFO     Batch: [84/120] Epoch: [6] Loss: [1.2799325774697696]
2019-04-01 21:21:53 INFO     Batch: [85/120] Epoch: [6] Loss: [1.2796370484108148]
2019-04-01 21:21:54 INFO     Batch: [86/120] Epoch: [6] Loss: [1.2787322586980359]
2019-04-01 21:21:54 INFO     Batch: [87/120] Epoch: [6] Loss: [1.278009058399634]
2019-04-01 21:21:54 INFO     Batch: [88/120] Epoch: [6] Loss: [1.2777713416667467]
2019-04-01 21:21:54 INFO     Batch: [89/120] Epoch: [6] Loss: [1.2770090341567992]
2019-04-01 21:21:54 INFO     Batch: [90/120] Epoch: [6] Loss: [1.2777008604217361]
2019-04-01 21:21:54 INFO     Batch: [91/120] Epoch: [6] Loss: [1.2763758133287015]
2019-04-01 21:21:54 INFO     Batch: [92/120] Epoch: [6] Loss: [1.274899548099887]
2019-04-01 21:21:55 INFO     Batch: [93/120] Epoch: [6] Loss: [1.2738444285189852]
2019-04-01 21:21:55 INFO     Batch: [94/120] Epoch: [6] Loss: [1.2729717932249371]
2019-04-01 21:21:55 INFO     Batch: [95/120] Epoch: [6] Loss: [1.2724485869208972]
2019-04-01 21:21:55 INFO     Batch: [96/120] Epoch: [6] Loss: [1.2712406657405735]
2019-04-01 21:21:55 INFO     Batch: [97/120] Epoch: [6] Loss: [1.2722908696349786]
2019-04-01 21:21:55 INFO     Batch: [98/120] Epoch: [6] Loss: [1.2724827190842292]
2019-04-01 21:21:55 INFO     Batch: [99/120] Epoch: [6] Loss: [1.2727209150791168]
2019-04-01 21:21:56 INFO     Batch: [100/120] Epoch: [6] Loss: [1.272143805381095]
2019-04-01 21:21:56 INFO     Batch: [101/120] Epoch: [6] Loss: [1.271441665350222]
