2019-03-20 23:41:21 INFO     Loading Data
2019-03-20 23:41:22 INFO     Model Setting Up
2019-03-20 23:41:34 INFO     Start Training
2019-03-20 23:41:43 INFO     Batch: [0/600] Epoch: [0] Loss: [2.324252128601074]
2019-03-20 23:41:45 INFO     Accuracy: [0.17272727272727273]

2019-03-20 23:41:45 INFO     Batch: [1/600] Epoch: [0] Loss: [2.320204734802246]
2019-03-20 23:41:46 INFO     Batch: [2/600] Epoch: [0] Loss: [2.301452080408732]
2019-03-20 23:41:46 INFO     Batch: [3/600] Epoch: [0] Loss: [2.2911041975021362]
2019-03-20 23:41:46 INFO     Batch: [4/600] Epoch: [0] Loss: [2.2785595893859862]
2019-03-20 23:41:46 INFO     Batch: [5/600] Epoch: [0] Loss: [2.277864456176758]
2019-03-20 23:41:47 INFO     Batch: [6/600] Epoch: [0] Loss: [2.2651510579245433]
2019-03-20 23:41:47 INFO     Batch: [7/600] Epoch: [0] Loss: [2.2519633769989014]
2019-03-20 23:41:47 INFO     Batch: [8/600] Epoch: [0] Loss: [2.244049151738485]
2019-03-20 23:41:47 INFO     Batch: [9/600] Epoch: [0] Loss: [2.23708975315094]
2019-03-20 23:41:47 INFO     Batch: [10/600] Epoch: [0] Loss: [2.225631280378862]
2019-03-20 23:41:49 INFO     Accuracy: [0.23]

2019-03-20 23:41:49 INFO     Batch: [11/600] Epoch: [0] Loss: [2.21981950600942]
2019-03-20 23:41:50 INFO     Batch: [12/600] Epoch: [0] Loss: [2.216009158354539]
2019-03-20 23:41:50 INFO     Batch: [13/600] Epoch: [0] Loss: [2.2108462367738997]
2019-03-20 23:41:50 INFO     Batch: [14/600] Epoch: [0] Loss: [2.2038764476776125]
2019-03-20 23:41:50 INFO     Batch: [15/600] Epoch: [0] Loss: [2.1987956017255783]
2019-03-20 23:41:50 INFO     Batch: [16/600] Epoch: [0] Loss: [2.194583528182086]
2019-03-20 23:41:51 INFO     Batch: [17/600] Epoch: [0] Loss: [2.191243131955465]
2019-03-20 23:41:51 INFO     Batch: [18/600] Epoch: [0] Loss: [2.183182352467587]
2019-03-20 23:41:51 INFO     Batch: [19/600] Epoch: [0] Loss: [2.179741179943085]
2019-03-20 23:41:51 INFO     Batch: [20/600] Epoch: [0] Loss: [2.176562638509841]
2019-03-20 23:41:53 INFO     Accuracy: [0.2872727272727273]

2019-03-20 23:41:53 INFO     Batch: [21/600] Epoch: [0] Loss: [2.170132637023926]
2019-03-20 23:41:54 INFO     Batch: [22/600] Epoch: [0] Loss: [2.167875217354816]
2019-03-20 23:41:54 INFO     Batch: [23/600] Epoch: [0] Loss: [2.1644362211227417]
2019-03-20 23:41:54 INFO     Batch: [24/600] Epoch: [0] Loss: [2.160876388549805]
2019-03-20 23:41:54 INFO     Batch: [25/600] Epoch: [0] Loss: [2.1558640003204346]
2019-03-20 23:41:54 INFO     Batch: [26/600] Epoch: [0] Loss: [2.1527424653371177]
2019-03-20 23:41:55 INFO     Batch: [27/600] Epoch: [0] Loss: [2.1491915498461043]
2019-03-20 23:41:55 INFO     Batch: [28/600] Epoch: [0] Loss: [2.1445882073764144]
2019-03-20 23:41:55 INFO     Batch: [29/600] Epoch: [0] Loss: [2.142040491104126]
2019-03-20 23:41:55 INFO     Batch: [30/600] Epoch: [0] Loss: [2.1405299632780013]
2019-03-20 23:41:57 INFO     Accuracy: [0.2790909090909091]

2019-03-20 23:41:57 INFO     Batch: [31/600] Epoch: [0] Loss: [2.135938562452793]
2019-03-20 23:41:58 INFO     Batch: [32/600] Epoch: [0] Loss: [2.128262075510892]
2019-03-20 23:41:58 INFO     Batch: [33/600] Epoch: [0] Loss: [2.1254660276805653]
2019-03-20 23:41:58 INFO     Batch: [34/600] Epoch: [0] Loss: [2.119412224633353]
2019-03-20 23:41:58 INFO     Batch: [35/600] Epoch: [0] Loss: [2.1163805855645075]
2019-03-20 23:41:58 INFO     Batch: [36/600] Epoch: [0] Loss: [2.1140759184553817]
2019-03-20 23:41:59 INFO     Batch: [37/600] Epoch: [0] Loss: [2.1119471349214254]
2019-03-20 23:41:59 INFO     Batch: [38/600] Epoch: [0] Loss: [2.1096032705062475]
2019-03-20 23:41:59 INFO     Batch: [39/600] Epoch: [0] Loss: [2.1050806254148484]
2019-03-20 23:41:59 INFO     Batch: [40/600] Epoch: [0] Loss: [2.1018725633621216]
2019-03-20 23:42:01 INFO     Accuracy: [0.29363636363636364]

2019-03-20 23:42:01 INFO     Batch: [41/600] Epoch: [0] Loss: [2.1012846543675376]
2019-03-20 23:42:01 INFO     Batch: [42/600] Epoch: [0] Loss: [2.1004001955653346]
2019-03-20 23:42:02 INFO     Batch: [43/600] Epoch: [0] Loss: [2.096715580333363]
2019-03-20 23:42:02 INFO     Batch: [44/600] Epoch: [0] Loss: [2.0981418662601046]
2019-03-20 23:42:02 INFO     Batch: [45/600] Epoch: [0] Loss: [2.0936479594396507]
2019-03-20 23:42:02 INFO     Batch: [46/600] Epoch: [0] Loss: [2.0902349999610412]
2019-03-20 23:42:03 INFO     Batch: [47/600] Epoch: [0] Loss: [2.087933674454689]
2019-03-20 23:42:03 INFO     Batch: [48/600] Epoch: [0] Loss: [2.0872395622486972]
2019-03-20 23:42:03 INFO     Batch: [49/600] Epoch: [0] Loss: [2.084588298797607]
2019-03-20 23:42:03 INFO     Batch: [50/600] Epoch: [0] Loss: [2.082050793311175]
2019-03-20 23:42:05 INFO     Accuracy: [0.2881818181818182]

2019-03-20 23:42:05 INFO     Batch: [51/600] Epoch: [0] Loss: [2.0797740381497603]
2019-03-20 23:42:05 INFO     Batch: [52/600] Epoch: [0] Loss: [2.0772705910340794]
2019-03-20 23:42:06 INFO     Batch: [53/600] Epoch: [0] Loss: [2.0750466739689863]
2019-03-20 23:42:06 INFO     Batch: [54/600] Epoch: [0] Loss: [2.0713732437653976]
2019-03-20 23:42:06 INFO     Batch: [55/600] Epoch: [0] Loss: [2.0690319389104843]
2019-03-20 23:42:06 INFO     Batch: [56/600] Epoch: [0] Loss: [2.066003816169605]
2019-03-20 23:42:07 INFO     Batch: [57/600] Epoch: [0] Loss: [2.0635984211132445]
2019-03-20 23:42:07 INFO     Batch: [58/600] Epoch: [0] Loss: [2.0607811535819103]
2019-03-20 23:42:07 INFO     Batch: [59/600] Epoch: [0] Loss: [2.059588716427485]
2019-03-20 23:42:07 INFO     Batch: [60/600] Epoch: [0] Loss: [2.059087149432448]
2019-03-20 23:42:09 INFO     Accuracy: [0.3072727272727272]

2019-03-20 23:42:09 INFO     Batch: [61/600] Epoch: [0] Loss: [2.0585763396755343]
2019-03-20 23:42:09 INFO     Batch: [62/600] Epoch: [0] Loss: [2.055946639605931]
2019-03-20 23:42:10 INFO     Batch: [63/600] Epoch: [0] Loss: [2.0537833850830793]
2019-03-20 23:42:10 INFO     Batch: [64/600] Epoch: [0] Loss: [2.0516804365011363]
2019-03-20 23:42:10 INFO     Batch: [65/600] Epoch: [0] Loss: [2.048221510468107]
2019-03-20 23:42:10 INFO     Batch: [66/600] Epoch: [0] Loss: [2.046102525582954]
2019-03-20 23:42:11 INFO     Batch: [67/600] Epoch: [0] Loss: [2.044696676380494]
2019-03-20 23:42:11 INFO     Batch: [68/600] Epoch: [0] Loss: [2.04340668519338]
2019-03-20 23:42:11 INFO     Batch: [69/600] Epoch: [0] Loss: [2.040059164592198]
2019-03-20 23:42:11 INFO     Batch: [70/600] Epoch: [0] Loss: [2.0387019976763656]
2019-03-20 23:42:13 INFO     Accuracy: [0.3063636363636364]

2019-03-20 23:42:13 INFO     Batch: [71/600] Epoch: [0] Loss: [2.039522565073437]
2019-03-20 23:42:13 INFO     Batch: [72/600] Epoch: [0] Loss: [2.0395489065614467]
2019-03-20 23:42:14 INFO     Batch: [73/600] Epoch: [0] Loss: [2.038248239336787]
2019-03-20 23:42:14 INFO     Batch: [74/600] Epoch: [0] Loss: [2.0374068228403726]
2019-03-20 23:42:14 INFO     Batch: [75/600] Epoch: [0] Loss: [2.0342320078297664]
2019-03-20 23:42:14 INFO     Batch: [76/600] Epoch: [0] Loss: [2.032868896211897]
2019-03-20 23:42:14 INFO     Batch: [77/600] Epoch: [0] Loss: [2.0305521060258913]
2019-03-20 23:42:15 INFO     Batch: [78/600] Epoch: [0] Loss: [2.029146693929841]
2019-03-20 23:42:15 INFO     Batch: [79/600] Epoch: [0] Loss: [2.0268543735146523]
2019-03-20 23:42:15 INFO     Batch: [80/600] Epoch: [0] Loss: [2.026236155886709]
2019-03-20 23:42:17 INFO     Accuracy: [0.29090909090909095]

2019-03-20 23:42:17 INFO     Batch: [81/600] Epoch: [0] Loss: [2.0268013404636847]
2019-03-20 23:42:17 INFO     Batch: [82/600] Epoch: [0] Loss: [2.0267751346151512]
2019-03-20 23:42:18 INFO     Batch: [83/600] Epoch: [0] Loss: [2.0246570919241225]
2019-03-20 23:42:18 INFO     Batch: [84/600] Epoch: [0] Loss: [2.0228959476246553]
2019-03-20 23:42:18 INFO     Batch: [85/600] Epoch: [0] Loss: [2.0222814637561175]
2019-03-20 23:42:18 INFO     Batch: [86/600] Epoch: [0] Loss: [2.02062246169167]
2019-03-20 23:42:18 INFO     Batch: [87/600] Epoch: [0] Loss: [2.019431479952552]
2019-03-20 23:42:19 INFO     Batch: [88/600] Epoch: [0] Loss: [2.0184971737057977]
2019-03-20 23:42:19 INFO     Batch: [89/600] Epoch: [0] Loss: [2.01757038169437]
2019-03-20 23:42:19 INFO     Batch: [90/600] Epoch: [0] Loss: [2.016967850727039]
2019-03-20 23:42:21 INFO     Accuracy: [0.30818181818181817]

2019-03-20 23:42:21 INFO     Batch: [91/600] Epoch: [0] Loss: [2.015881798837496]
2019-03-20 23:42:21 INFO     Batch: [92/600] Epoch: [0] Loss: [2.0149082483783847]
2019-03-20 23:42:22 INFO     Batch: [93/600] Epoch: [0] Loss: [2.0152725374445004]
2019-03-20 23:42:22 INFO     Batch: [94/600] Epoch: [0] Loss: [2.015345905956469]
2019-03-20 23:42:22 INFO     Batch: [95/600] Epoch: [0] Loss: [2.0143053643405437]
2019-03-20 23:42:22 INFO     Batch: [96/600] Epoch: [0] Loss: [2.0143087389542886]
2019-03-20 23:42:22 INFO     Batch: [97/600] Epoch: [0] Loss: [2.011983551541153]
2019-03-20 23:42:23 INFO     Batch: [98/600] Epoch: [0] Loss: [2.0109551916218766]
2019-03-20 23:42:23 INFO     Batch: [99/600] Epoch: [0] Loss: [2.0090698158740996]
2019-03-20 23:42:23 INFO     Batch: [100/600] Epoch: [0] Loss: [2.0072640156981967]
2019-03-20 23:42:25 INFO     Accuracy: [0.30363636363636365]

2019-03-20 23:42:25 INFO     Batch: [101/600] Epoch: [0] Loss: [2.0048526876112995]
2019-03-20 23:42:25 INFO     Batch: [102/600] Epoch: [0] Loss: [2.0044890919935354]
2019-03-20 23:42:25 INFO     Batch: [103/600] Epoch: [0] Loss: [2.0026739961825886]
2019-03-20 23:42:26 INFO     Batch: [104/600] Epoch: [0] Loss: [2.0025899137769425]
2019-03-20 23:42:26 INFO     Batch: [105/600] Epoch: [0] Loss: [2.002284769741994]
2019-03-20 23:42:26 INFO     Batch: [106/600] Epoch: [0] Loss: [2.002219500942765]
2019-03-20 23:42:26 INFO     Batch: [107/600] Epoch: [0] Loss: [2.000800711137277]
2019-03-20 23:42:27 INFO     Batch: [108/600] Epoch: [0] Loss: [1.9995492270233435]
2019-03-20 23:42:27 INFO     Batch: [109/600] Epoch: [0] Loss: [1.9993716034022244]
2019-03-20 23:42:27 INFO     Batch: [110/600] Epoch: [0] Loss: [1.9976004490981232]
2019-03-20 23:42:29 INFO     Accuracy: [0.33454545454545453]

2019-03-20 23:42:29 INFO     Batch: [111/600] Epoch: [0] Loss: [1.9966785098825182]
2019-03-20 23:42:29 INFO     Batch: [112/600] Epoch: [0] Loss: [1.9956183517928672]
2019-03-20 23:42:29 INFO     Batch: [113/600] Epoch: [0] Loss: [1.9923586594431024]
2019-03-20 23:42:30 INFO     Batch: [114/600] Epoch: [0] Loss: [1.9913745382557744]
2019-03-20 23:42:30 INFO     Batch: [115/600] Epoch: [0] Loss: [1.9897762865855777]
2019-03-20 23:42:30 INFO     Batch: [116/600] Epoch: [0] Loss: [1.990377525997977]
2019-03-20 23:42:30 INFO     Batch: [117/600] Epoch: [0] Loss: [1.9899023518723957]
2019-03-20 23:42:31 INFO     Batch: [118/600] Epoch: [0] Loss: [1.989367946857164]
2019-03-20 23:42:31 INFO     Batch: [119/600] Epoch: [0] Loss: [1.9895722558101019]
2019-03-20 23:42:31 INFO     Batch: [120/600] Epoch: [0] Loss: [1.9890623831551921]
2019-03-20 23:42:33 INFO     Accuracy: [0.33545454545454545]

2019-03-20 23:42:33 INFO     Batch: [121/600] Epoch: [0] Loss: [1.9875945722470518]
2019-03-20 23:42:33 INFO     Batch: [122/600] Epoch: [0] Loss: [1.986849240171231]
2019-03-20 23:42:33 INFO     Batch: [123/600] Epoch: [0] Loss: [1.9851724986107118]
2019-03-20 23:42:34 INFO     Batch: [124/600] Epoch: [0] Loss: [1.9843811407089234]
2019-03-20 23:42:34 INFO     Batch: [125/600] Epoch: [0] Loss: [1.9840854794260054]
2019-03-20 23:42:34 INFO     Batch: [126/600] Epoch: [0] Loss: [1.9822979705540213]
2019-03-20 23:42:34 INFO     Batch: [127/600] Epoch: [0] Loss: [1.9820544235408306]
2019-03-20 23:42:35 INFO     Batch: [128/600] Epoch: [0] Loss: [1.9822553830553395]
2019-03-20 23:42:35 INFO     Batch: [129/600] Epoch: [0] Loss: [1.9805508182598994]
2019-03-20 23:42:35 INFO     Batch: [130/600] Epoch: [0] Loss: [1.9791471949060455]
2019-03-20 23:42:37 INFO     Accuracy: [0.31636363636363635]

2019-03-20 23:42:37 INFO     Batch: [131/600] Epoch: [0] Loss: [1.9778352298519828]
2019-03-20 23:42:37 INFO     Batch: [132/600] Epoch: [0] Loss: [1.977872775909596]
2019-03-20 23:42:37 INFO     Batch: [133/600] Epoch: [0] Loss: [1.9775702214952726]
2019-03-20 23:42:38 INFO     Batch: [134/600] Epoch: [0] Loss: [1.977183664286578]
2019-03-20 23:42:38 INFO     Batch: [135/600] Epoch: [0] Loss: [1.9765775124816334]
2019-03-20 23:42:38 INFO     Batch: [136/600] Epoch: [0] Loss: [1.9762826557577091]
2019-03-20 23:42:38 INFO     Batch: [137/600] Epoch: [0] Loss: [1.9752458852270376]
2019-03-20 23:42:38 INFO     Batch: [138/600] Epoch: [0] Loss: [1.9743786364150562]
2019-03-20 23:42:39 INFO     Batch: [139/600] Epoch: [0] Loss: [1.9740723729133607]
2019-03-20 23:42:39 INFO     Batch: [140/600] Epoch: [0] Loss: [1.9739343984752682]
2019-03-20 23:42:41 INFO     Accuracy: [0.3027272727272728]

2019-03-20 23:42:41 INFO     Batch: [141/600] Epoch: [0] Loss: [1.9732633317020578]
2019-03-20 23:42:41 INFO     Batch: [142/600] Epoch: [0] Loss: [1.9737291911265233]
2019-03-20 23:42:41 INFO     Batch: [143/600] Epoch: [0] Loss: [1.9727654481927555]
2019-03-20 23:42:42 INFO     Batch: [144/600] Epoch: [0] Loss: [1.9734992347914597]
2019-03-20 23:42:42 INFO     Batch: [145/600] Epoch: [0] Loss: [1.973191593607811]
2019-03-20 23:42:42 INFO     Batch: [146/600] Epoch: [0] Loss: [1.973578531725877]
2019-03-20 23:42:42 INFO     Batch: [147/600] Epoch: [0] Loss: [1.9730307161808014]
2019-03-20 23:42:42 INFO     Batch: [148/600] Epoch: [0] Loss: [1.9732459127502953]
2019-03-20 23:42:43 INFO     Batch: [149/600] Epoch: [0] Loss: [1.9721725654602051]
2019-03-20 23:42:43 INFO     Batch: [150/600] Epoch: [0] Loss: [1.971474777783779]
2019-03-20 23:42:45 INFO     Accuracy: [0.29000000000000004]

2019-03-20 23:42:45 INFO     Batch: [151/600] Epoch: [0] Loss: [1.9685965352936794]
2019-03-20 23:42:45 INFO     Batch: [152/600] Epoch: [0] Loss: [1.9676899894390232]
2019-03-20 23:42:45 INFO     Batch: [153/600] Epoch: [0] Loss: [1.9682835665616123]
2019-03-20 23:42:45 INFO     Batch: [154/600] Epoch: [0] Loss: [1.96755457462803]
2019-03-20 23:42:46 INFO     Batch: [155/600] Epoch: [0] Loss: [1.967714623763011]
2019-03-20 23:42:46 INFO     Batch: [156/600] Epoch: [0] Loss: [1.9663084935230815]
2019-03-20 23:42:46 INFO     Batch: [157/600] Epoch: [0] Loss: [1.9664462133298946]
2019-03-20 23:42:46 INFO     Batch: [158/600] Epoch: [0] Loss: [1.9669671950850096]
2019-03-20 23:42:47 INFO     Batch: [159/600] Epoch: [0] Loss: [1.9666744112968444]
2019-03-20 23:42:47 INFO     Batch: [160/600] Epoch: [0] Loss: [1.965638836718494]
2019-03-20 23:42:49 INFO     Accuracy: [0.32181818181818184]

2019-03-20 23:42:49 INFO     Batch: [161/600] Epoch: [0] Loss: [1.9652927525249528]
2019-03-20 23:42:49 INFO     Batch: [162/600] Epoch: [0] Loss: [1.9648727909918944]
2019-03-20 23:42:49 INFO     Batch: [163/600] Epoch: [0] Loss: [1.9643970706113956]
2019-03-20 23:42:49 INFO     Batch: [164/600] Epoch: [0] Loss: [1.9640598969026046]
2019-03-20 23:42:50 INFO     Batch: [165/600] Epoch: [0] Loss: [1.9641714261238834]
2019-03-20 23:42:50 INFO     Batch: [166/600] Epoch: [0] Loss: [1.9652405434739804]
2019-03-20 23:42:50 INFO     Batch: [167/600] Epoch: [0] Loss: [1.9650799880425136]
2019-03-20 23:42:50 INFO     Batch: [168/600] Epoch: [0] Loss: [1.9642644281218038]
2019-03-20 23:42:51 INFO     Batch: [169/600] Epoch: [0] Loss: [1.963759390746846]
2019-03-20 23:42:51 INFO     Batch: [170/600] Epoch: [0] Loss: [1.9633385389171847]
2019-03-20 23:42:53 INFO     Accuracy: [0.29636363636363633]

2019-03-20 23:42:53 INFO     Batch: [171/600] Epoch: [0] Loss: [1.9642372124416883]
2019-03-20 23:42:53 INFO     Batch: [172/600] Epoch: [0] Loss: [1.9635612089509908]
2019-03-20 23:42:53 INFO     Batch: [173/600] Epoch: [0] Loss: [1.962934409749919]
2019-03-20 23:42:53 INFO     Batch: [174/600] Epoch: [0] Loss: [1.9629078190667288]
2019-03-20 23:42:54 INFO     Batch: [175/600] Epoch: [0] Loss: [1.961961555210027]
2019-03-20 23:42:54 INFO     Batch: [176/600] Epoch: [0] Loss: [1.9630572432178561]
2019-03-20 23:42:54 INFO     Batch: [177/600] Epoch: [0] Loss: [1.9624992675995558]
2019-03-20 23:42:54 INFO     Batch: [178/600] Epoch: [0] Loss: [1.9626566438035593]
2019-03-20 23:42:55 INFO     Batch: [179/600] Epoch: [0] Loss: [1.9626556628280216]
2019-03-20 23:42:55 INFO     Batch: [180/600] Epoch: [0] Loss: [1.9618826340575244]
2019-03-20 23:42:56 INFO     Accuracy: [0.2818181818181818]

2019-03-20 23:42:57 INFO     Batch: [181/600] Epoch: [0] Loss: [1.9620006261291085]
2019-03-20 23:42:57 INFO     Batch: [182/600] Epoch: [0] Loss: [1.9614942868550618]
2019-03-20 23:42:57 INFO     Batch: [183/600] Epoch: [0] Loss: [1.9609406888484955]
2019-03-20 23:42:57 INFO     Batch: [184/600] Epoch: [0] Loss: [1.9606770547660621]
2019-03-20 23:42:58 INFO     Batch: [185/600] Epoch: [0] Loss: [1.9612229940711812]
2019-03-20 23:42:58 INFO     Batch: [186/600] Epoch: [0] Loss: [1.9607262732510897]
2019-03-20 23:42:58 INFO     Batch: [187/600] Epoch: [0] Loss: [1.9611421360614452]
2019-03-20 23:42:58 INFO     Batch: [188/600] Epoch: [0] Loss: [1.9612964101569363]
2019-03-20 23:42:58 INFO     Batch: [189/600] Epoch: [0] Loss: [1.9612382807229694]
2019-03-20 23:42:59 INFO     Batch: [190/600] Epoch: [0] Loss: [1.9623720327597014]
2019-03-20 23:43:00 INFO     Accuracy: [0.32545454545454544]

2019-03-20 23:43:01 INFO     Batch: [191/600] Epoch: [0] Loss: [1.9616711549460888]
2019-03-20 23:43:01 INFO     Batch: [192/600] Epoch: [0] Loss: [1.9620193545682443]
2019-03-20 23:43:01 INFO     Batch: [193/600] Epoch: [0] Loss: [1.9641329689124196]
2019-03-20 23:43:01 INFO     Batch: [194/600] Epoch: [0] Loss: [1.9644398163526486]
2019-03-20 23:43:02 INFO     Batch: [195/600] Epoch: [0] Loss: [1.9640985015703707]
2019-03-20 23:43:02 INFO     Batch: [196/600] Epoch: [0] Loss: [1.964437653570611]
2019-03-20 23:43:02 INFO     Batch: [197/600] Epoch: [0] Loss: [1.9647215502430695]
2019-03-20 23:43:02 INFO     Batch: [198/600] Epoch: [0] Loss: [1.964511045259447]
2019-03-20 23:43:02 INFO     Batch: [199/600] Epoch: [0] Loss: [1.9645283758640288]
2019-03-20 23:43:03 INFO     Batch: [200/600] Epoch: [0] Loss: [1.9637248130580085]
2019-03-20 23:43:04 INFO     Accuracy: [0.25363636363636366]

2019-03-20 23:43:05 INFO     Batch: [201/600] Epoch: [0] Loss: [1.9642599000789152]
2019-03-20 23:43:05 INFO     Batch: [202/600] Epoch: [0] Loss: [1.963319079629306]
2019-03-20 23:43:05 INFO     Batch: [203/600] Epoch: [0] Loss: [1.9623337125076967]
2019-03-20 23:43:05 INFO     Batch: [204/600] Epoch: [0] Loss: [1.9635176071306555]
2019-03-20 23:43:06 INFO     Batch: [205/600] Epoch: [0] Loss: [1.963730856631566]
2019-03-20 23:43:06 INFO     Batch: [206/600] Epoch: [0] Loss: [1.964120372481968]
2019-03-20 23:43:06 INFO     Batch: [207/600] Epoch: [0] Loss: [1.9644714863254473]
2019-03-20 23:43:06 INFO     Batch: [208/600] Epoch: [0] Loss: [1.9641935682753056]
2019-03-20 23:43:06 INFO     Batch: [209/600] Epoch: [0] Loss: [1.9639902875536963]
2019-03-20 23:43:07 INFO     Batch: [210/600] Epoch: [0] Loss: [1.963731309248938]
2019-03-20 23:43:08 INFO     Accuracy: [0.3027272727272728]

2019-03-20 23:43:09 INFO     Batch: [211/600] Epoch: [0] Loss: [1.9628383393557567]
2019-03-20 23:43:09 INFO     Batch: [212/600] Epoch: [0] Loss: [1.9626171096389842]
2019-03-20 23:43:09 INFO     Batch: [213/600] Epoch: [0] Loss: [1.9622439034631318]
2019-03-20 23:43:09 INFO     Batch: [214/600] Epoch: [0] Loss: [1.961882124390713]
2019-03-20 23:43:09 INFO     Batch: [215/600] Epoch: [0] Loss: [1.9623349010944366]
2019-03-20 23:43:10 INFO     Batch: [216/600] Epoch: [0] Loss: [1.9627644697092645]
2019-03-20 23:43:10 INFO     Batch: [217/600] Epoch: [0] Loss: [1.9622464628394591]
2019-03-20 23:43:10 INFO     Batch: [218/600] Epoch: [0] Loss: [1.9615482598134917]
2019-03-20 23:43:10 INFO     Batch: [219/600] Epoch: [0] Loss: [1.961435011842034]
2019-03-20 23:43:11 INFO     Batch: [220/600] Epoch: [0] Loss: [1.9609070023799913]
2019-03-20 23:43:12 INFO     Accuracy: [0.3118181818181818]

2019-03-20 23:43:13 INFO     Batch: [221/600] Epoch: [0] Loss: [1.9611582084819004]
2019-03-20 23:43:13 INFO     Batch: [222/600] Epoch: [0] Loss: [1.9607403310425078]
2019-03-20 23:43:13 INFO     Batch: [223/600] Epoch: [0] Loss: [1.960724304829325]
2019-03-20 23:43:13 INFO     Batch: [224/600] Epoch: [0] Loss: [1.9607440911398994]
2019-03-20 23:43:13 INFO     Batch: [225/600] Epoch: [0] Loss: [1.9604953126569764]
2019-03-20 23:43:14 INFO     Batch: [226/600] Epoch: [0] Loss: [1.9609882947106718]
2019-03-20 23:43:14 INFO     Batch: [227/600] Epoch: [0] Loss: [1.9609453976154327]
2019-03-20 23:43:14 INFO     Batch: [228/600] Epoch: [0] Loss: [1.9612333967175546]
2019-03-20 23:43:14 INFO     Batch: [229/600] Epoch: [0] Loss: [1.9613680865453638]
2019-03-20 23:43:15 INFO     Batch: [230/600] Epoch: [0] Loss: [1.961896924745469]
2019-03-20 23:43:16 INFO     Accuracy: [0.3054545454545454]

2019-03-20 23:43:17 INFO     Batch: [231/600] Epoch: [0] Loss: [1.9628325089298446]
2019-03-20 23:43:17 INFO     Batch: [232/600] Epoch: [0] Loss: [1.9630439818672867]
2019-03-20 23:43:17 INFO     Batch: [233/600] Epoch: [0] Loss: [1.9631509021816091]
2019-03-20 23:43:17 INFO     Batch: [234/600] Epoch: [0] Loss: [1.9627743152861898]
2019-03-20 23:43:17 INFO     Batch: [235/600] Epoch: [0] Loss: [1.962787916599694]
2019-03-20 23:43:18 INFO     Batch: [236/600] Epoch: [0] Loss: [1.963101112892859]
2019-03-20 23:43:18 INFO     Batch: [237/600] Epoch: [0] Loss: [1.9632935879611169]
2019-03-20 23:43:18 INFO     Batch: [238/600] Epoch: [0] Loss: [1.9619748078629562]
2019-03-20 23:43:18 INFO     Batch: [239/600] Epoch: [0] Loss: [1.961819695432981]
2019-03-20 23:43:19 INFO     Batch: [240/600] Epoch: [0] Loss: [1.9614982323033185]
2019-03-20 23:43:20 INFO     Accuracy: [0.29545454545454547]

2019-03-20 23:43:20 INFO     Batch: [241/600] Epoch: [0] Loss: [1.961465831630486]
2019-03-20 23:43:21 INFO     Batch: [242/600] Epoch: [0] Loss: [1.9603876832090779]
2019-03-20 23:43:21 INFO     Batch: [243/600] Epoch: [0] Loss: [1.9603004787789016]
2019-03-20 23:43:21 INFO     Batch: [244/600] Epoch: [0] Loss: [1.9598365044107242]
2019-03-20 23:43:21 INFO     Batch: [245/600] Epoch: [0] Loss: [1.9596200643516168]
2019-03-20 23:43:22 INFO     Batch: [246/600] Epoch: [0] Loss: [1.959404971435485]
2019-03-20 23:43:22 INFO     Batch: [247/600] Epoch: [0] Loss: [1.9593690503989496]
2019-03-20 23:43:22 INFO     Batch: [248/600] Epoch: [0] Loss: [1.9588803014602048]
2019-03-20 23:43:22 INFO     Batch: [249/600] Epoch: [0] Loss: [1.9587176780700684]
2019-03-20 23:43:22 INFO     Batch: [250/600] Epoch: [0] Loss: [1.9582817098533964]
2019-03-20 23:43:24 INFO     Accuracy: [0.28818181818181815]

2019-03-20 23:43:24 INFO     Batch: [251/600] Epoch: [0] Loss: [1.9589238195192247]
2019-03-20 23:43:25 INFO     Batch: [252/600] Epoch: [0] Loss: [1.959518071691038]
2019-03-20 23:43:25 INFO     Batch: [253/600] Epoch: [0] Loss: [1.959248158406085]
2019-03-20 23:43:25 INFO     Batch: [254/600] Epoch: [0] Loss: [1.959306913731145]
2019-03-20 23:43:25 INFO     Batch: [255/600] Epoch: [0] Loss: [1.9597101449035108]
2019-03-20 23:43:26 INFO     Batch: [256/600] Epoch: [0] Loss: [1.9601843547264426]
2019-03-20 23:43:26 INFO     Batch: [257/600] Epoch: [0] Loss: [1.9598674496939017]
2019-03-20 23:43:26 INFO     Batch: [258/600] Epoch: [0] Loss: [1.9598496738087716]
2019-03-20 23:43:26 INFO     Batch: [259/600] Epoch: [0] Loss: [1.9595008620849022]
2019-03-20 23:43:26 INFO     Batch: [260/600] Epoch: [0] Loss: [1.959764303375478]
2019-03-20 23:43:28 INFO     Accuracy: [0.2736363636363636]

2019-03-20 23:43:28 INFO     Batch: [261/600] Epoch: [0] Loss: [1.9600835392493328]
2019-03-20 23:43:29 INFO     Batch: [262/600] Epoch: [0] Loss: [1.9605897488249573]
2019-03-20 23:43:29 INFO     Batch: [263/600] Epoch: [0] Loss: [1.9602487669749693]
2019-03-20 23:43:29 INFO     Batch: [264/600] Epoch: [0] Loss: [1.9607797348274374]
2019-03-20 23:43:29 INFO     Batch: [265/600] Epoch: [0] Loss: [1.9610233938783632]
2019-03-20 23:43:30 INFO     Batch: [266/600] Epoch: [0] Loss: [1.9615831933217995]
2019-03-20 23:43:30 INFO     Batch: [267/600] Epoch: [0] Loss: [1.9620047945584824]
2019-03-20 23:43:30 INFO     Batch: [268/600] Epoch: [0] Loss: [1.9617831901989904]
2019-03-20 23:43:30 INFO     Batch: [269/600] Epoch: [0] Loss: [1.9619257070400096]
2019-03-20 23:43:30 INFO     Batch: [270/600] Epoch: [0] Loss: [1.9622283685691242]
2019-03-20 23:43:32 INFO     Accuracy: [0.2536363636363637]

2019-03-20 23:43:32 INFO     Batch: [271/600] Epoch: [0] Loss: [1.9624870305552202]
2019-03-20 23:43:33 INFO     Batch: [272/600] Epoch: [0] Loss: [1.9624892276721997]
2019-03-20 23:43:33 INFO     Batch: [273/600] Epoch: [0] Loss: [1.9628972815771173]
2019-03-20 23:43:33 INFO     Batch: [274/600] Epoch: [0] Loss: [1.9636114571311256]
2019-03-20 23:43:33 INFO     Batch: [275/600] Epoch: [0] Loss: [1.963382542565249]
2019-03-20 23:43:33 INFO     Batch: [276/600] Epoch: [0] Loss: [1.963579200665443]
2019-03-20 23:43:34 INFO     Batch: [277/600] Epoch: [0] Loss: [1.963466517788043]
2019-03-20 23:43:34 INFO     Batch: [278/600] Epoch: [0] Loss: [1.963222485716625]
2019-03-20 23:43:34 INFO     Batch: [279/600] Epoch: [0] Loss: [1.9636223724910191]
2019-03-20 23:43:34 INFO     Batch: [280/600] Epoch: [0] Loss: [1.9636195596851065]
2019-03-20 23:43:36 INFO     Accuracy: [0.2590909090909091]

2019-03-20 23:43:36 INFO     Batch: [281/600] Epoch: [0] Loss: [1.9639395221750786]
2019-03-20 23:43:37 INFO     Batch: [282/600] Epoch: [0] Loss: [1.9637050624449768]
2019-03-20 23:43:37 INFO     Batch: [283/600] Epoch: [0] Loss: [1.9649408128060086]
2019-03-20 23:43:37 INFO     Batch: [284/600] Epoch: [0] Loss: [1.9645043084495946]
2019-03-20 23:43:37 INFO     Batch: [285/600] Epoch: [0] Loss: [1.9655937710842053]
2019-03-20 23:43:37 INFO     Batch: [286/600] Epoch: [0] Loss: [1.966182773121558]
2019-03-20 23:43:38 INFO     Batch: [287/600] Epoch: [0] Loss: [1.966622832334704]
2019-03-20 23:43:38 INFO     Batch: [288/600] Epoch: [0] Loss: [1.9663027533197899]
2019-03-20 23:43:38 INFO     Batch: [289/600] Epoch: [0] Loss: [1.9663915942455161]
2019-03-20 23:43:38 INFO     Batch: [290/600] Epoch: [0] Loss: [1.966125351047188]
2019-03-20 23:43:40 INFO     Accuracy: [0.2645454545454546]

2019-03-20 23:43:40 INFO     Batch: [291/600] Epoch: [0] Loss: [1.9666078151905373]
2019-03-20 23:43:40 INFO     Batch: [292/600] Epoch: [0] Loss: [1.9664474868123443]
2019-03-20 23:43:41 INFO     Batch: [293/600] Epoch: [0] Loss: [1.9663309045389397]
2019-03-20 23:43:41 INFO     Batch: [294/600] Epoch: [0] Loss: [1.9661216529749208]
2019-03-20 23:43:41 INFO     Batch: [295/600] Epoch: [0] Loss: [1.9662413923321544]
2019-03-20 23:43:41 INFO     Batch: [296/600] Epoch: [0] Loss: [1.9667340990670201]
2019-03-20 23:43:42 INFO     Batch: [297/600] Epoch: [0] Loss: [1.9666831417371762]
2019-03-20 23:43:42 INFO     Batch: [298/600] Epoch: [0] Loss: [1.966853222719403]
2019-03-20 23:43:42 INFO     Batch: [299/600] Epoch: [0] Loss: [1.9675709068775178]
2019-03-20 23:43:42 INFO     Batch: [300/600] Epoch: [0] Loss: [1.9676040676345066]
2019-03-20 23:43:44 INFO     Accuracy: [0.2936363636363636]

2019-03-20 23:43:44 INFO     Batch: [301/600] Epoch: [0] Loss: [1.9675697392185791]
2019-03-20 23:43:44 INFO     Batch: [302/600] Epoch: [0] Loss: [1.9673133820983837]
2019-03-20 23:43:45 INFO     Batch: [303/600] Epoch: [0] Loss: [1.966896587688672]
2019-03-20 23:43:45 INFO     Batch: [304/600] Epoch: [0] Loss: [1.9668428378026994]
2019-03-20 23:43:45 INFO     Batch: [305/600] Epoch: [0] Loss: [1.9669277157658844]
2019-03-20 23:43:45 INFO     Batch: [306/600] Epoch: [0] Loss: [1.9667391780921613]
2019-03-20 23:43:46 INFO     Batch: [307/600] Epoch: [0] Loss: [1.9666681641882116]
2019-03-20 23:43:46 INFO     Batch: [308/600] Epoch: [0] Loss: [1.9669707488859356]
2019-03-20 23:43:46 INFO     Batch: [309/600] Epoch: [0] Loss: [1.9666753780457282]
2019-03-20 23:43:46 INFO     Batch: [310/600] Epoch: [0] Loss: [1.9664161784089262]
2019-03-20 23:43:48 INFO     Accuracy: [0.2981818181818182]

2019-03-20 23:43:48 INFO     Batch: [311/600] Epoch: [0] Loss: [1.9660962319526918]
2019-03-20 23:43:48 INFO     Batch: [312/600] Epoch: [0] Loss: [1.9660641968059844]
2019-03-20 23:43:49 INFO     Batch: [313/600] Epoch: [0] Loss: [1.966155804646243]
2019-03-20 23:43:49 INFO     Batch: [314/600] Epoch: [0] Loss: [1.9665493435329862]
2019-03-20 23:43:49 INFO     Batch: [315/600] Epoch: [0] Loss: [1.966208880460715]
2019-03-20 23:43:49 INFO     Batch: [316/600] Epoch: [0] Loss: [1.9665087277204834]
2019-03-20 23:43:50 INFO     Batch: [317/600] Epoch: [0] Loss: [1.9666886254676483]
2019-03-20 23:43:50 INFO     Batch: [318/600] Epoch: [0] Loss: [1.966417241993369]
2019-03-20 23:43:50 INFO     Batch: [319/600] Epoch: [0] Loss: [1.9661821931600572]
2019-03-20 23:43:50 INFO     Batch: [320/600] Epoch: [0] Loss: [1.966759211549135]
2019-03-20 23:43:52 INFO     Accuracy: [0.29545454545454547]

2019-03-20 23:43:52 INFO     Batch: [321/600] Epoch: [0] Loss: [1.966061074171007]
2019-03-20 23:43:52 INFO     Batch: [322/600] Epoch: [0] Loss: [1.9659241925083077]
2019-03-20 23:43:53 INFO     Batch: [323/600] Epoch: [0] Loss: [1.9655905877366477]
2019-03-20 23:43:53 INFO     Batch: [324/600] Epoch: [0] Loss: [1.9654373554083018]
2019-03-20 23:43:53 INFO     Batch: [325/600] Epoch: [0] Loss: [1.9650182109668943]
2019-03-20 23:43:53 INFO     Batch: [326/600] Epoch: [0] Loss: [1.9650174342893314]
2019-03-20 23:43:53 INFO     Batch: [327/600] Epoch: [0] Loss: [1.9650673731798078]
2019-03-20 23:43:54 INFO     Batch: [328/600] Epoch: [0] Loss: [1.965888628119031]
2019-03-20 23:43:54 INFO     Batch: [329/600] Epoch: [0] Loss: [1.965728705218344]
2019-03-20 23:43:54 INFO     Batch: [330/600] Epoch: [0] Loss: [1.965807763831493]
2019-03-20 23:43:56 INFO     Accuracy: [0.27545454545454545]

2019-03-20 23:43:56 INFO     Batch: [331/600] Epoch: [0] Loss: [1.9655088617140988]
2019-03-20 23:43:56 INFO     Batch: [332/600] Epoch: [0] Loss: [1.9656100623958461]
2019-03-20 23:43:57 INFO     Batch: [333/600] Epoch: [0] Loss: [1.9654665949815762]
2019-03-20 23:43:57 INFO     Batch: [334/600] Epoch: [0] Loss: [1.9658526833377667]
2019-03-20 23:43:57 INFO     Batch: [335/600] Epoch: [0] Loss: [1.9652669461710113]
2019-03-20 23:43:57 INFO     Batch: [336/600] Epoch: [0] Loss: [1.965312106673017]
2019-03-20 23:43:57 INFO     Batch: [337/600] Epoch: [0] Loss: [1.9643931159606347]
2019-03-20 23:43:58 INFO     Batch: [338/600] Epoch: [0] Loss: [1.9644569791523756]
2019-03-20 23:43:58 INFO     Batch: [339/600] Epoch: [0] Loss: [1.9647071077543146]
2019-03-20 23:43:58 INFO     Batch: [340/600] Epoch: [0] Loss: [1.9649726425098184]
2019-03-20 23:44:00 INFO     Accuracy: [0.26]

2019-03-20 23:44:00 INFO     Batch: [341/600] Epoch: [0] Loss: [1.9650416095354404]
2019-03-20 23:44:00 INFO     Batch: [342/600] Epoch: [0] Loss: [1.965039637276452]
2019-03-20 23:44:01 INFO     Batch: [343/600] Epoch: [0] Loss: [1.9649605290141217]
2019-03-20 23:44:01 INFO     Batch: [344/600] Epoch: [0] Loss: [1.9654711851175282]
2019-03-20 23:44:01 INFO     Batch: [345/600] Epoch: [0] Loss: [1.9656969801538942]
2019-03-20 23:44:01 INFO     Batch: [346/600] Epoch: [0] Loss: [1.9657642377556572]
2019-03-20 23:44:01 INFO     Batch: [347/600] Epoch: [0] Loss: [1.9655521799778115]
2019-03-20 23:44:02 INFO     Batch: [348/600] Epoch: [0] Loss: [1.9652996654155261]
2019-03-20 23:44:02 INFO     Batch: [349/600] Epoch: [0] Loss: [1.9658156316620963]
2019-03-20 23:44:02 INFO     Batch: [350/600] Epoch: [0] Loss: [1.966383156613407]
2019-03-20 23:44:04 INFO     Accuracy: [0.28272727272727277]

2019-03-20 23:44:04 INFO     Batch: [351/600] Epoch: [0] Loss: [1.9665171399035237]
2019-03-20 23:44:04 INFO     Batch: [352/600] Epoch: [0] Loss: [1.9662480273260274]
2019-03-20 23:44:04 INFO     Batch: [353/600] Epoch: [0] Loss: [1.966688561574214]
2019-03-20 23:44:05 INFO     Batch: [354/600] Epoch: [0] Loss: [1.966500289003614]
2019-03-20 23:44:05 INFO     Batch: [355/600] Epoch: [0] Loss: [1.9663957648732688]
2019-03-20 23:44:05 INFO     Batch: [356/600] Epoch: [0] Loss: [1.9666155469851667]
2019-03-20 23:44:05 INFO     Batch: [357/600] Epoch: [0] Loss: [1.967123836445409]
2019-03-20 23:44:06 INFO     Batch: [358/600] Epoch: [0] Loss: [1.9670957326889038]
2019-03-20 23:44:06 INFO     Batch: [359/600] Epoch: [0] Loss: [1.9666730966832904]
2019-03-20 23:44:06 INFO     Batch: [360/600] Epoch: [0] Loss: [1.9668352174626824]
2019-03-20 23:44:08 INFO     Accuracy: [0.2727272727272727]

2019-03-20 23:44:08 INFO     Batch: [361/600] Epoch: [0] Loss: [1.9668235640499474]
2019-03-20 23:44:08 INFO     Batch: [362/600] Epoch: [0] Loss: [1.966652165102893]
2019-03-20 23:44:08 INFO     Batch: [363/600] Epoch: [0] Loss: [1.9663245255475517]
2019-03-20 23:44:09 INFO     Batch: [364/600] Epoch: [0] Loss: [1.9663465447621802]
2019-03-20 23:44:09 INFO     Batch: [365/600] Epoch: [0] Loss: [1.9666284049143556]
2019-03-20 23:44:09 INFO     Batch: [366/600] Epoch: [0] Loss: [1.9664431550522266]
2019-03-20 23:44:09 INFO     Batch: [367/600] Epoch: [0] Loss: [1.9662985821133074]
2019-03-20 23:44:10 INFO     Batch: [368/600] Epoch: [0] Loss: [1.9660904178128333]
2019-03-20 23:44:10 INFO     Batch: [369/600] Epoch: [0] Loss: [1.9659620710321375]
2019-03-20 23:44:10 INFO     Batch: [370/600] Epoch: [0] Loss: [1.965961963982595]
2019-03-20 23:44:12 INFO     Accuracy: [0.28272727272727277]

2019-03-20 23:44:12 INFO     Batch: [371/600] Epoch: [0] Loss: [1.9660256601149035]
2019-03-20 23:44:12 INFO     Batch: [372/600] Epoch: [0] Loss: [1.9658939205609443]
2019-03-20 23:44:12 INFO     Batch: [373/600] Epoch: [0] Loss: [1.9656494422392412]
2019-03-20 23:44:13 INFO     Batch: [374/600] Epoch: [0] Loss: [1.965595511118571]
2019-03-20 23:44:13 INFO     Batch: [375/600] Epoch: [0] Loss: [1.965607871717595]
2019-03-20 23:44:13 INFO     Batch: [376/600] Epoch: [0] Loss: [1.9659535059562097]
2019-03-20 23:44:13 INFO     Batch: [377/600] Epoch: [0] Loss: [1.9662165840466816]
2019-03-20 23:44:14 INFO     Batch: [378/600] Epoch: [0] Loss: [1.9663050942181912]
2019-03-20 23:44:14 INFO     Batch: [379/600] Epoch: [0] Loss: [1.966204939076775]
2019-03-20 23:44:14 INFO     Batch: [380/600] Epoch: [0] Loss: [1.9660912861661335]
2019-03-20 23:44:16 INFO     Accuracy: [0.2690909090909091]

2019-03-20 23:44:16 INFO     Batch: [381/600] Epoch: [0] Loss: [1.965842827452415]
2019-03-20 23:44:16 INFO     Batch: [382/600] Epoch: [0] Loss: [1.9658234598742452]
2019-03-20 23:44:16 INFO     Batch: [383/600] Epoch: [0] Loss: [1.9661143273115158]
2019-03-20 23:44:17 INFO     Batch: [384/600] Epoch: [0] Loss: [1.9663342042402787]
2019-03-20 23:44:17 INFO     Batch: [385/600] Epoch: [0] Loss: [1.9660217135063724]
2019-03-20 23:44:17 INFO     Batch: [386/600] Epoch: [0] Loss: [1.9660212300544562]
2019-03-20 23:44:17 INFO     Batch: [387/600] Epoch: [0] Loss: [1.9660189907575392]
2019-03-20 23:44:17 INFO     Batch: [388/600] Epoch: [0] Loss: [1.9661140772861196]
2019-03-20 23:44:18 INFO     Batch: [389/600] Epoch: [0] Loss: [1.9660769740740458]
2019-03-20 23:44:18 INFO     Batch: [390/600] Epoch: [0] Loss: [1.9662202608859753]
2019-03-20 23:44:20 INFO     Accuracy: [0.2736363636363636]

2019-03-20 23:44:20 INFO     Batch: [391/600] Epoch: [0] Loss: [1.9659118001558342]
2019-03-20 23:44:20 INFO     Batch: [392/600] Epoch: [0] Loss: [1.9659088671055762]
2019-03-20 23:44:20 INFO     Batch: [393/600] Epoch: [0] Loss: [1.9657935675630716]
2019-03-20 23:44:21 INFO     Batch: [394/600] Epoch: [0] Loss: [1.9658571997775307]
2019-03-20 23:44:21 INFO     Batch: [395/600] Epoch: [0] Loss: [1.9656833768492998]
2019-03-20 23:44:21 INFO     Batch: [396/600] Epoch: [0] Loss: [1.965925985079268]
2019-03-20 23:44:21 INFO     Batch: [397/600] Epoch: [0] Loss: [1.9657743129897955]
2019-03-20 23:44:21 INFO     Batch: [398/600] Epoch: [0] Loss: [1.966074420395949]
2019-03-20 23:44:22 INFO     Batch: [399/600] Epoch: [0] Loss: [1.9660058879852296]
2019-03-20 23:44:22 INFO     Batch: [400/600] Epoch: [0] Loss: [1.965908582073792]
2019-03-20 23:44:24 INFO     Accuracy: [0.29090909090909095]

2019-03-20 23:44:24 INFO     Batch: [401/600] Epoch: [0] Loss: [1.9657666276936507]
2019-03-20 23:44:24 INFO     Batch: [402/600] Epoch: [0] Loss: [1.9656469999412745]
2019-03-20 23:44:24 INFO     Batch: [403/600] Epoch: [0] Loss: [1.9656351258849154]
2019-03-20 23:44:25 INFO     Batch: [404/600] Epoch: [0] Loss: [1.965828964150982]
2019-03-20 23:44:25 INFO     Batch: [405/600] Epoch: [0] Loss: [1.9655187024271548]
2019-03-20 23:44:25 INFO     Batch: [406/600] Epoch: [0] Loss: [1.9653123359422426]
2019-03-20 23:44:25 INFO     Batch: [407/600] Epoch: [0] Loss: [1.9651922875759649]
2019-03-20 23:44:25 INFO     Batch: [408/600] Epoch: [0] Loss: [1.9654806732839945]
2019-03-20 23:44:26 INFO     Batch: [409/600] Epoch: [0] Loss: [1.9654844554459177]
2019-03-20 23:44:26 INFO     Batch: [410/600] Epoch: [0] Loss: [1.9657687383846645]
2019-03-20 23:44:28 INFO     Accuracy: [0.28090909090909094]

2019-03-20 23:44:28 INFO     Batch: [411/600] Epoch: [0] Loss: [1.9656666071669568]
2019-03-20 23:44:28 INFO     Batch: [412/600] Epoch: [0] Loss: [1.9658873750857522]
2019-03-20 23:44:28 INFO     Batch: [413/600] Epoch: [0] Loss: [1.9661954169112128]
2019-03-20 23:44:28 INFO     Batch: [414/600] Epoch: [0] Loss: [1.965948808911335]
2019-03-20 23:44:29 INFO     Batch: [415/600] Epoch: [0] Loss: [1.966196238134916]
2019-03-20 23:44:29 INFO     Batch: [416/600] Epoch: [0] Loss: [1.9660939772923787]
2019-03-20 23:44:29 INFO     Batch: [417/600] Epoch: [0] Loss: [1.9661009816461772]
2019-03-20 23:44:29 INFO     Batch: [418/600] Epoch: [0] Loss: [1.966333308197149]
2019-03-20 23:44:30 INFO     Batch: [419/600] Epoch: [0] Loss: [1.9664714129198164]
2019-03-20 23:44:30 INFO     Batch: [420/600] Epoch: [0] Loss: [1.9665041768352662]
2019-03-20 23:44:32 INFO     Accuracy: [0.24545454545454548]

2019-03-20 23:44:32 INFO     Batch: [421/600] Epoch: [0] Loss: [1.966662865679411]
2019-03-20 23:44:32 INFO     Batch: [422/600] Epoch: [0] Loss: [1.9668252919018974]
2019-03-20 23:44:32 INFO     Batch: [423/600] Epoch: [0] Loss: [1.96720611430564]
2019-03-20 23:44:32 INFO     Batch: [424/600] Epoch: [0] Loss: [1.9672624091541067]
2019-03-20 23:44:33 INFO     Batch: [425/600] Epoch: [0] Loss: [1.9673675049638524]
2019-03-20 23:44:33 INFO     Batch: [426/600] Epoch: [0] Loss: [1.967678642105442]
2019-03-20 23:44:33 INFO     Batch: [427/600] Epoch: [0] Loss: [1.967497115380296]
2019-03-20 23:44:33 INFO     Batch: [428/600] Epoch: [0] Loss: [1.9673650020208113]
2019-03-20 23:44:34 INFO     Batch: [429/600] Epoch: [0] Loss: [1.9672896881436193]
2019-03-20 23:44:34 INFO     Batch: [430/600] Epoch: [0] Loss: [1.9678649877450858]
2019-03-20 23:44:36 INFO     Accuracy: [0.2727272727272727]

2019-03-20 23:44:36 INFO     Batch: [431/600] Epoch: [0] Loss: [1.9677053002847567]
2019-03-20 23:44:36 INFO     Batch: [432/600] Epoch: [0] Loss: [1.9682718201542562]
2019-03-20 23:44:36 INFO     Batch: [433/600] Epoch: [0] Loss: [1.9684145782949738]
2019-03-20 23:44:36 INFO     Batch: [434/600] Epoch: [0] Loss: [1.9682779027127673]
2019-03-20 23:44:37 INFO     Batch: [435/600] Epoch: [0] Loss: [1.9684003547790947]
2019-03-20 23:44:37 INFO     Batch: [436/600] Epoch: [0] Loss: [1.96863369483424]
2019-03-20 23:44:37 INFO     Batch: [437/600] Epoch: [0] Loss: [1.9690517862093504]
2019-03-20 23:44:37 INFO     Batch: [438/600] Epoch: [0] Loss: [1.969393370634874]
2019-03-20 23:44:38 INFO     Batch: [439/600] Epoch: [0] Loss: [1.9690504212271083]
2019-03-20 23:44:38 INFO     Batch: [440/600] Epoch: [0] Loss: [1.969319561711785]
2019-03-20 23:44:39 INFO     Accuracy: [0.2727272727272727]

2019-03-20 23:44:40 INFO     Batch: [441/600] Epoch: [0] Loss: [1.9693133294312664]
2019-03-20 23:44:40 INFO     Batch: [442/600] Epoch: [0] Loss: [1.969686933618636]
2019-03-20 23:44:40 INFO     Batch: [443/600] Epoch: [0] Loss: [1.9699356660649583]
2019-03-20 23:44:40 INFO     Batch: [444/600] Epoch: [0] Loss: [1.9704535862033288]
2019-03-20 23:44:41 INFO     Batch: [445/600] Epoch: [0] Loss: [1.970376119218065]
2019-03-20 23:44:41 INFO     Batch: [446/600] Epoch: [0] Loss: [1.9706660146414567]
2019-03-20 23:44:41 INFO     Batch: [447/600] Epoch: [0] Loss: [1.9707767662725277]
2019-03-20 23:44:41 INFO     Batch: [448/600] Epoch: [0] Loss: [1.9705082130325928]
2019-03-20 23:44:41 INFO     Batch: [449/600] Epoch: [0] Loss: [1.97091830862893]
2019-03-20 23:44:42 INFO     Batch: [450/600] Epoch: [0] Loss: [1.971358246126619]
2019-03-20 23:44:43 INFO     Accuracy: [0.2463636363636364]

2019-03-20 23:44:44 INFO     Batch: [451/600] Epoch: [0] Loss: [1.9713091583906022]
2019-03-20 23:44:44 INFO     Batch: [452/600] Epoch: [0] Loss: [1.9716114226819137]
2019-03-20 23:44:44 INFO     Batch: [453/600] Epoch: [0] Loss: [1.9713279098141037]
2019-03-20 23:44:44 INFO     Batch: [454/600] Epoch: [0] Loss: [1.9715240363236313]
2019-03-20 23:44:45 INFO     Batch: [455/600] Epoch: [0] Loss: [1.9720690009886759]
2019-03-20 23:44:45 INFO     Batch: [456/600] Epoch: [0] Loss: [1.972517245186236]
2019-03-20 23:44:45 INFO     Batch: [457/600] Epoch: [0] Loss: [1.9730142058243398]
2019-03-20 23:44:45 INFO     Batch: [458/600] Epoch: [0] Loss: [1.9731143087083738]
2019-03-20 23:44:45 INFO     Batch: [459/600] Epoch: [0] Loss: [1.9730025846025219]
2019-03-20 23:44:46 INFO     Batch: [460/600] Epoch: [0] Loss: [1.9730496835812052]
2019-03-20 23:44:47 INFO     Accuracy: [0.21727272727272728]

2019-03-20 23:44:48 INFO     Batch: [461/600] Epoch: [0] Loss: [1.9731539100795596]
2019-03-20 23:44:48 INFO     Batch: [462/600] Epoch: [0] Loss: [1.9735084033166872]
2019-03-20 23:44:48 INFO     Batch: [463/600] Epoch: [0] Loss: [1.9734446969011734]
2019-03-20 23:44:48 INFO     Batch: [464/600] Epoch: [0] Loss: [1.9738557243859896]
2019-03-20 23:44:48 INFO     Batch: [465/600] Epoch: [0] Loss: [1.9737665435786922]
2019-03-20 23:44:49 INFO     Batch: [466/600] Epoch: [0] Loss: [1.9740121285461]
2019-03-20 23:44:49 INFO     Batch: [467/600] Epoch: [0] Loss: [1.9736898457392669]
2019-03-20 23:44:49 INFO     Batch: [468/600] Epoch: [0] Loss: [1.9739535126858936]
2019-03-20 23:44:49 INFO     Batch: [469/600] Epoch: [0] Loss: [1.9741205649173006]
2019-03-20 23:44:50 INFO     Batch: [470/600] Epoch: [0] Loss: [1.9738622326759776]
2019-03-20 23:44:51 INFO     Accuracy: [0.2281818181818182]

2019-03-20 23:44:52 INFO     Batch: [471/600] Epoch: [0] Loss: [1.9739202409982681]
2019-03-20 23:44:52 INFO     Batch: [472/600] Epoch: [0] Loss: [1.974178789281946]
2019-03-20 23:44:52 INFO     Batch: [473/600] Epoch: [0] Loss: [1.974694091307966]
2019-03-20 23:44:52 INFO     Batch: [474/600] Epoch: [0] Loss: [1.9745874675951507]
2019-03-20 23:44:52 INFO     Batch: [475/600] Epoch: [0] Loss: [1.9745797562499006]
2019-03-20 23:44:53 INFO     Batch: [476/600] Epoch: [0] Loss: [1.9745570951037936]
2019-03-20 23:44:53 INFO     Batch: [477/600] Epoch: [0] Loss: [1.9750159846688913]
2019-03-20 23:44:53 INFO     Batch: [478/600] Epoch: [0] Loss: [1.9748834162514992]
2019-03-20 23:44:53 INFO     Batch: [479/600] Epoch: [0] Loss: [1.9754962377250194]
2019-03-20 23:44:54 INFO     Batch: [480/600] Epoch: [0] Loss: [1.9756364056573341]
2019-03-20 23:44:55 INFO     Accuracy: [0.23999999999999996]

2019-03-20 23:44:56 INFO     Batch: [481/600] Epoch: [0] Loss: [1.9761857494279063]
2019-03-20 23:44:56 INFO     Batch: [482/600] Epoch: [0] Loss: [1.976337680905502]
2019-03-20 23:44:56 INFO     Batch: [483/600] Epoch: [0] Loss: [1.976404072085688]
2019-03-20 23:44:56 INFO     Batch: [484/600] Epoch: [0] Loss: [1.9764227451737395]
2019-03-20 23:44:56 INFO     Batch: [485/600] Epoch: [0] Loss: [1.976625911247583]
2019-03-20 23:44:57 INFO     Batch: [486/600] Epoch: [0] Loss: [1.9767077867500102]
2019-03-20 23:44:57 INFO     Batch: [487/600] Epoch: [0] Loss: [1.9772582667284324]
2019-03-20 23:44:57 INFO     Batch: [488/600] Epoch: [0] Loss: [1.977392648870472]
2019-03-20 23:44:57 INFO     Batch: [489/600] Epoch: [0] Loss: [1.9774492232166991]
2019-03-20 23:44:58 INFO     Batch: [490/600] Epoch: [0] Loss: [1.9775182513743943]
2019-03-20 23:44:59 INFO     Accuracy: [0.2618181818181818]

2019-03-20 23:44:59 INFO     Batch: [491/600] Epoch: [0] Loss: [1.9775144399666205]
2019-03-20 23:45:00 INFO     Batch: [492/600] Epoch: [0] Loss: [1.9777142247128439]
2019-03-20 23:45:00 INFO     Batch: [493/600] Epoch: [0] Loss: [1.9777090139234597]
2019-03-20 23:45:00 INFO     Batch: [494/600] Epoch: [0] Loss: [1.9777402971730087]
2019-03-20 23:45:00 INFO     Batch: [495/600] Epoch: [0] Loss: [1.9777992442250252]
2019-03-20 23:45:01 INFO     Batch: [496/600] Epoch: [0] Loss: [1.9776692412029089]
2019-03-20 23:45:01 INFO     Batch: [497/600] Epoch: [0] Loss: [1.977862476105671]
2019-03-20 23:45:01 INFO     Batch: [498/600] Epoch: [0] Loss: [1.9778014280514153]
2019-03-20 23:45:01 INFO     Batch: [499/600] Epoch: [0] Loss: [1.9780230417251587]
2019-03-20 23:45:01 INFO     Batch: [500/600] Epoch: [0] Loss: [1.9780499747175417]
2019-03-20 23:45:03 INFO     Accuracy: [0.27181818181818185]

2019-03-20 23:45:03 INFO     Batch: [501/600] Epoch: [0] Loss: [1.9780029913343757]
2019-03-20 23:45:04 INFO     Batch: [502/600] Epoch: [0] Loss: [1.9779498875733634]
2019-03-20 23:45:04 INFO     Batch: [503/600] Epoch: [0] Loss: [1.9781220796562375]
2019-03-20 23:45:04 INFO     Batch: [504/600] Epoch: [0] Loss: [1.9782282956755988]
2019-03-20 23:45:04 INFO     Batch: [505/600] Epoch: [0] Loss: [1.9783113337317002]
2019-03-20 23:45:05 INFO     Batch: [506/600] Epoch: [0] Loss: [1.9780465028224847]
2019-03-20 23:45:05 INFO     Batch: [507/600] Epoch: [0] Loss: [1.9782240315685122]
2019-03-20 23:45:05 INFO     Batch: [508/600] Epoch: [0] Loss: [1.9787015943021344]
2019-03-20 23:45:05 INFO     Batch: [509/600] Epoch: [0] Loss: [1.9787790695826213]
2019-03-20 23:45:05 INFO     Batch: [510/600] Epoch: [0] Loss: [1.9786892781752197]
2019-03-20 23:45:07 INFO     Accuracy: [0.2609090909090909]

2019-03-20 23:45:07 INFO     Batch: [511/600] Epoch: [0] Loss: [1.9787381892092526]
2019-03-20 23:45:08 INFO     Batch: [512/600] Epoch: [0] Loss: [1.9786552483575386]
2019-03-20 23:45:08 INFO     Batch: [513/600] Epoch: [0] Loss: [1.978868701810503]
2019-03-20 23:45:08 INFO     Batch: [514/600] Epoch: [0] Loss: [1.9789946350079137]
2019-03-20 23:45:08 INFO     Batch: [515/600] Epoch: [0] Loss: [1.9794918060764786]
2019-03-20 23:45:09 INFO     Batch: [516/600] Epoch: [0] Loss: [1.9795798496766523]
2019-03-20 23:45:09 INFO     Batch: [517/600] Epoch: [0] Loss: [1.9795800357711821]
2019-03-20 23:45:09 INFO     Batch: [518/600] Epoch: [0] Loss: [1.9796101511788047]
2019-03-20 23:45:09 INFO     Batch: [519/600] Epoch: [0] Loss: [1.979918010188983]
2019-03-20 23:45:09 INFO     Batch: [520/600] Epoch: [0] Loss: [1.979721873598227]
2019-03-20 23:45:11 INFO     Accuracy: [0.28]

2019-03-20 23:45:11 INFO     Batch: [521/600] Epoch: [0] Loss: [1.979970127001576]
2019-03-20 23:45:12 INFO     Batch: [522/600] Epoch: [0] Loss: [1.9799011970797187]
2019-03-20 23:45:12 INFO     Batch: [523/600] Epoch: [0] Loss: [1.9799848148840984]
2019-03-20 23:45:12 INFO     Batch: [524/600] Epoch: [0] Loss: [1.9800222489947363]
2019-03-20 23:45:12 INFO     Batch: [525/600] Epoch: [0] Loss: [1.9799273684904148]
2019-03-20 23:45:12 INFO     Batch: [526/600] Epoch: [0] Loss: [1.979937356834846]
2019-03-20 23:45:13 INFO     Batch: [527/600] Epoch: [0] Loss: [1.9799841513687915]
2019-03-20 23:45:13 INFO     Batch: [528/600] Epoch: [0] Loss: [1.9798159455081241]
2019-03-20 23:45:13 INFO     Batch: [529/600] Epoch: [0] Loss: [1.9796995230440824]
2019-03-20 23:45:13 INFO     Batch: [530/600] Epoch: [0] Loss: [1.9796049875503654]
2019-03-20 23:45:15 INFO     Accuracy: [0.30909090909090914]

2019-03-20 23:45:15 INFO     Batch: [531/600] Epoch: [0] Loss: [1.9796300236891984]
2019-03-20 23:45:16 INFO     Batch: [532/600] Epoch: [0] Loss: [1.979637155166039]
2019-03-20 23:45:16 INFO     Batch: [533/600] Epoch: [0] Loss: [1.9794771910160223]
2019-03-20 23:45:16 INFO     Batch: [534/600] Epoch: [0] Loss: [1.979709058164436]
2019-03-20 23:45:16 INFO     Batch: [535/600] Epoch: [0] Loss: [1.9796437334213683]
2019-03-20 23:45:16 INFO     Batch: [536/600] Epoch: [0] Loss: [1.9797799038931423]
2019-03-20 23:45:17 INFO     Batch: [537/600] Epoch: [0] Loss: [1.979729310287419]
2019-03-20 23:45:17 INFO     Batch: [538/600] Epoch: [0] Loss: [1.9796668790930498]
2019-03-20 23:45:17 INFO     Batch: [539/600] Epoch: [0] Loss: [1.9795544984164062]
2019-03-20 23:45:17 INFO     Batch: [540/600] Epoch: [0] Loss: [1.9795102096970112]
2019-03-20 23:45:19 INFO     Accuracy: [0.3]

2019-03-20 23:45:19 INFO     Batch: [541/600] Epoch: [0] Loss: [1.9795582745347955]
2019-03-20 23:45:20 INFO     Batch: [542/600] Epoch: [0] Loss: [1.9796205126778197]
2019-03-20 23:45:20 INFO     Batch: [543/600] Epoch: [0] Loss: [1.9798783811137957]
2019-03-20 23:45:20 INFO     Batch: [544/600] Epoch: [0] Loss: [1.9797343258464009]
2019-03-20 23:45:20 INFO     Batch: [545/600] Epoch: [0] Loss: [1.9795150361654958]
2019-03-20 23:45:20 INFO     Batch: [546/600] Epoch: [0] Loss: [1.9796718171571246]
2019-03-20 23:45:21 INFO     Batch: [547/600] Epoch: [0] Loss: [1.979811180899613]
2019-03-20 23:45:21 INFO     Batch: [548/600] Epoch: [0] Loss: [1.9795806965975595]
2019-03-20 23:45:21 INFO     Batch: [549/600] Epoch: [0] Loss: [1.9796758419817144]
2019-03-20 23:45:21 INFO     Batch: [550/600] Epoch: [0] Loss: [1.9797125723747073]
2019-03-20 23:45:23 INFO     Accuracy: [0.2672727272727273]

2019-03-20 23:45:23 INFO     Batch: [551/600] Epoch: [0] Loss: [1.9797835570314657]
2019-03-20 23:45:23 INFO     Batch: [552/600] Epoch: [0] Loss: [1.979451520964638]
2019-03-20 23:45:24 INFO     Batch: [553/600] Epoch: [0] Loss: [1.9797932331312433]
2019-03-20 23:45:24 INFO     Batch: [554/600] Epoch: [0] Loss: [1.9796939269916431]
2019-03-20 23:45:24 INFO     Batch: [555/600] Epoch: [0] Loss: [1.9797956892054716]
2019-03-20 23:45:24 INFO     Batch: [556/600] Epoch: [0] Loss: [1.9800421425427313]
2019-03-20 23:45:25 INFO     Batch: [557/600] Epoch: [0] Loss: [1.9800328787509687]
2019-03-20 23:45:25 INFO     Batch: [558/600] Epoch: [0] Loss: [1.979775227033175]
2019-03-20 23:45:25 INFO     Batch: [559/600] Epoch: [0] Loss: [1.9797328501939773]
2019-03-20 23:45:25 INFO     Batch: [560/600] Epoch: [0] Loss: [1.979595623551843]
2019-03-20 23:45:27 INFO     Accuracy: [0.25727272727272726]

2019-03-20 23:45:27 INFO     Batch: [561/600] Epoch: [0] Loss: [1.9796142086015478]
2019-03-20 23:45:27 INFO     Batch: [562/600] Epoch: [0] Loss: [1.979423772801726]
2019-03-20 23:45:28 INFO     Batch: [563/600] Epoch: [0] Loss: [1.97943462441999]
2019-03-20 23:45:28 INFO     Batch: [564/600] Epoch: [0] Loss: [1.9796573603047734]
2019-03-20 23:45:28 INFO     Batch: [565/600] Epoch: [0] Loss: [1.9795437966976908]
2019-03-20 23:45:28 INFO     Batch: [566/600] Epoch: [0] Loss: [1.9794963512050623]
2019-03-20 23:45:29 INFO     Batch: [567/600] Epoch: [0] Loss: [1.9796561296557036]
2019-03-20 23:45:29 INFO     Batch: [568/600] Epoch: [0] Loss: [1.97952128399445]
2019-03-20 23:45:29 INFO     Batch: [569/600] Epoch: [0] Loss: [1.9796030138668261]
2019-03-20 23:45:29 INFO     Batch: [570/600] Epoch: [0] Loss: [1.9792760957143352]
2019-03-20 23:45:31 INFO     Accuracy: [0.2754545454545455]

2019-03-20 23:45:31 INFO     Batch: [571/600] Epoch: [0] Loss: [1.9798336731387185]
2019-03-20 23:45:31 INFO     Batch: [572/600] Epoch: [0] Loss: [1.9799800316492717]
2019-03-20 23:45:32 INFO     Batch: [573/600] Epoch: [0] Loss: [1.9802429204618475]
2019-03-20 23:45:32 INFO     Batch: [574/600] Epoch: [0] Loss: [1.980688038079635]
2019-03-20 23:45:32 INFO     Batch: [575/600] Epoch: [0] Loss: [1.9803344876401954]
2019-03-20 23:45:32 INFO     Batch: [576/600] Epoch: [0] Loss: [1.9803913999058345]
2019-03-20 23:45:33 INFO     Batch: [577/600] Epoch: [0] Loss: [1.9803269946863906]
2019-03-20 23:45:33 INFO     Batch: [578/600] Epoch: [0] Loss: [1.9802009396396565]
2019-03-20 23:45:33 INFO     Batch: [579/600] Epoch: [0] Loss: [1.9802022792142013]
2019-03-20 23:45:33 INFO     Batch: [580/600] Epoch: [0] Loss: [1.9806259189333235]
2019-03-20 23:45:35 INFO     Accuracy: [0.24545454545454548]

2019-03-20 23:45:35 INFO     Batch: [581/600] Epoch: [0] Loss: [1.980589108573612]
2019-03-20 23:45:35 INFO     Batch: [582/600] Epoch: [0] Loss: [1.9808500669832705]
2019-03-20 23:45:36 INFO     Batch: [583/600] Epoch: [0] Loss: [1.9807531621358165]
2019-03-20 23:45:36 INFO     Batch: [584/600] Epoch: [0] Loss: [1.9810959489936502]
2019-03-20 23:45:36 INFO     Batch: [585/600] Epoch: [0] Loss: [1.9815034060754875]
2019-03-20 23:45:36 INFO     Batch: [586/600] Epoch: [0] Loss: [1.9816320401440284]
2019-03-20 23:45:36 INFO     Batch: [587/600] Epoch: [0] Loss: [1.981903462182908]
2019-03-20 23:45:37 INFO     Batch: [588/600] Epoch: [0] Loss: [1.9821478365232665]
2019-03-20 23:45:37 INFO     Batch: [589/600] Epoch: [0] Loss: [1.982093708595987]
2019-03-20 23:45:37 INFO     Batch: [590/600] Epoch: [0] Loss: [1.982588218755125]
2019-03-20 23:45:39 INFO     Accuracy: [0.3045454545454546]

2019-03-20 23:45:39 INFO     Batch: [591/600] Epoch: [0] Loss: [1.9829488374494217]
2019-03-20 23:45:39 INFO     Batch: [592/600] Epoch: [0] Loss: [1.9832308865317205]
2019-03-20 23:45:40 INFO     Batch: [593/600] Epoch: [0] Loss: [1.9831147876251427]
2019-03-20 23:45:40 INFO     Batch: [594/600] Epoch: [0] Loss: [1.9832717951606302]
2019-03-20 23:45:40 INFO     Batch: [595/600] Epoch: [0] Loss: [1.983355228932912]
2019-03-20 23:45:40 INFO     Batch: [596/600] Epoch: [0] Loss: [1.983780980309849]
2019-03-20 23:45:40 INFO     Batch: [597/600] Epoch: [0] Loss: [1.9839930362924685]
2019-03-20 23:45:41 INFO     Batch: [598/600] Epoch: [0] Loss: [1.984665625879482]
2019-03-20 23:45:41 INFO     Batch: [599/600] Epoch: [0] Loss: [1.9851215263207753]
2019-03-20 23:45:43 INFO     Epoch: [0/200] Loss: [1.9851215263207753] Accuracy: [0.3018181818181818]
2019-03-20 23:45:43 INFO     Batch: [0/600] Epoch: [1] Loss: [2.019399642944336]
2019-03-20 23:45:45 INFO     Accuracy: [0.30272727272727273]

2019-03-20 23:45:45 INFO     Batch: [1/600] Epoch: [1] Loss: [1.934022307395935]
2019-03-20 23:45:45 INFO     Batch: [2/600] Epoch: [1] Loss: [2.035487651824951]
2019-03-20 23:45:45 INFO     Batch: [3/600] Epoch: [1] Loss: [1.9675543904304504]
2019-03-20 23:45:46 INFO     Batch: [4/600] Epoch: [1] Loss: [1.9684798002243042]
2019-03-20 23:45:46 INFO     Batch: [5/600] Epoch: [1] Loss: [1.9938690861066182]
2019-03-20 23:45:46 INFO     Batch: [6/600] Epoch: [1] Loss: [1.9896282298224313]
2019-03-20 23:45:46 INFO     Batch: [7/600] Epoch: [1] Loss: [2.020167574286461]
2019-03-20 23:45:46 INFO     Batch: [8/600] Epoch: [1] Loss: [2.030151459905836]
2019-03-20 23:45:47 INFO     Batch: [9/600] Epoch: [1] Loss: [2.025118410587311]
2019-03-20 23:45:47 INFO     Batch: [10/600] Epoch: [1] Loss: [2.038714571432634]
2019-03-20 23:45:49 INFO     Accuracy: [0.32181818181818184]

2019-03-20 23:45:49 INFO     Batch: [11/600] Epoch: [1] Loss: [2.0583375990390778]
2019-03-20 23:45:49 INFO     Batch: [12/600] Epoch: [1] Loss: [2.0733419289955726]
2019-03-20 23:45:49 INFO     Batch: [13/600] Epoch: [1] Loss: [2.0710156730243137]
2019-03-20 23:45:50 INFO     Batch: [14/600] Epoch: [1] Loss: [2.064362088839213]
2019-03-20 23:45:50 INFO     Batch: [15/600] Epoch: [1] Loss: [2.070794440805912]
2019-03-20 23:45:50 INFO     Batch: [16/600] Epoch: [1] Loss: [2.082828725085539]
2019-03-20 23:45:50 INFO     Batch: [17/600] Epoch: [1] Loss: [2.06977868742413]
2019-03-20 23:45:50 INFO     Batch: [18/600] Epoch: [1] Loss: [2.069080848442881]
2019-03-20 23:45:51 INFO     Batch: [19/600] Epoch: [1] Loss: [2.065850108861923]
2019-03-20 23:45:51 INFO     Batch: [20/600] Epoch: [1] Loss: [2.062170738265628]
2019-03-20 23:45:53 INFO     Accuracy: [0.30363636363636365]

2019-03-20 23:45:53 INFO     Batch: [21/600] Epoch: [1] Loss: [2.0622029358690437]
2019-03-20 23:45:53 INFO     Batch: [22/600] Epoch: [1] Loss: [2.057865505633147]
2019-03-20 23:45:53 INFO     Batch: [23/600] Epoch: [1] Loss: [2.0554054031769433]
2019-03-20 23:45:53 INFO     Batch: [24/600] Epoch: [1] Loss: [2.0593650579452514]
2019-03-20 23:45:54 INFO     Batch: [25/600] Epoch: [1] Loss: [2.056299062875601]
2019-03-20 23:45:54 INFO     Batch: [26/600] Epoch: [1] Loss: [2.0560373112007424]
2019-03-20 23:45:54 INFO     Batch: [27/600] Epoch: [1] Loss: [2.0527089876788005]
2019-03-20 23:45:54 INFO     Batch: [28/600] Epoch: [1] Loss: [2.050167042633583]
2019-03-20 23:45:55 INFO     Batch: [29/600] Epoch: [1] Loss: [2.051434636116028]
2019-03-20 23:45:55 INFO     Batch: [30/600] Epoch: [1] Loss: [2.051238498380107]
2019-03-20 23:45:57 INFO     Accuracy: [0.29818181818181816]

2019-03-20 23:45:57 INFO     Batch: [31/600] Epoch: [1] Loss: [2.044686071574688]
2019-03-20 23:45:57 INFO     Batch: [32/600] Epoch: [1] Loss: [2.043278481021072]
2019-03-20 23:45:57 INFO     Batch: [33/600] Epoch: [1] Loss: [2.0393070578575134]
2019-03-20 23:45:57 INFO     Batch: [34/600] Epoch: [1] Loss: [2.033549199785505]
2019-03-20 23:45:58 INFO     Batch: [35/600] Epoch: [1] Loss: [2.036896652645535]
2019-03-20 23:45:58 INFO     Batch: [36/600] Epoch: [1] Loss: [2.037265951569016]
2019-03-20 23:45:58 INFO     Batch: [37/600] Epoch: [1] Loss: [2.031047218724301]
2019-03-20 23:45:58 INFO     Batch: [38/600] Epoch: [1] Loss: [2.0323918599348803]
2019-03-20 23:45:59 INFO     Batch: [39/600] Epoch: [1] Loss: [2.032794398069382]
2019-03-20 23:45:59 INFO     Batch: [40/600] Epoch: [1] Loss: [2.037077502506535]
2019-03-20 23:46:00 INFO     Accuracy: [0.27181818181818185]

2019-03-20 23:46:01 INFO     Batch: [41/600] Epoch: [1] Loss: [2.039146758261181]
2019-03-20 23:46:01 INFO     Batch: [42/600] Epoch: [1] Loss: [2.0392430493997975]
2019-03-20 23:46:01 INFO     Batch: [43/600] Epoch: [1] Loss: [2.0394716371189463]
2019-03-20 23:46:01 INFO     Batch: [44/600] Epoch: [1] Loss: [2.0441910531785754]
2019-03-20 23:46:02 INFO     Batch: [45/600] Epoch: [1] Loss: [2.0432560392048047]
2019-03-20 23:46:02 INFO     Batch: [46/600] Epoch: [1] Loss: [2.045464500467828]
2019-03-20 23:46:02 INFO     Batch: [47/600] Epoch: [1] Loss: [2.0495819548765817]
2019-03-20 23:46:02 INFO     Batch: [48/600] Epoch: [1] Loss: [2.0513997418539867]
2019-03-20 23:46:02 INFO     Batch: [49/600] Epoch: [1] Loss: [2.0523706531524657]
2019-03-20 23:46:03 INFO     Batch: [50/600] Epoch: [1] Loss: [2.0550269145591584]
2019-03-20 23:46:04 INFO     Accuracy: [0.2681818181818182]

2019-03-20 23:46:05 INFO     Batch: [51/600] Epoch: [1] Loss: [2.0576762281931362]
2019-03-20 23:46:05 INFO     Batch: [52/600] Epoch: [1] Loss: [2.056059331264136]
2019-03-20 23:46:05 INFO     Batch: [53/600] Epoch: [1] Loss: [2.05803789695104]
2019-03-20 23:46:05 INFO     Batch: [54/600] Epoch: [1] Loss: [2.060701450434598]
2019-03-20 23:46:06 INFO     Batch: [55/600] Epoch: [1] Loss: [2.0634355821779797]
2019-03-20 23:46:06 INFO     Batch: [56/600] Epoch: [1] Loss: [2.0648468272727833]
2019-03-20 23:46:06 INFO     Batch: [57/600] Epoch: [1] Loss: [2.066426357318615]
2019-03-20 23:46:06 INFO     Batch: [58/600] Epoch: [1] Loss: [2.0644886271428255]
2019-03-20 23:46:06 INFO     Batch: [59/600] Epoch: [1] Loss: [2.0671503722667692]
2019-03-20 23:46:07 INFO     Batch: [60/600] Epoch: [1] Loss: [2.069817271388945]
2019-03-20 23:46:08 INFO     Accuracy: [0.24545454545454548]

2019-03-20 23:46:09 INFO     Batch: [61/600] Epoch: [1] Loss: [2.0719334906147373]
2019-03-20 23:46:09 INFO     Batch: [62/600] Epoch: [1] Loss: [2.072162667910258]
2019-03-20 23:46:09 INFO     Batch: [63/600] Epoch: [1] Loss: [2.073369996622205]
2019-03-20 23:46:09 INFO     Batch: [64/600] Epoch: [1] Loss: [2.0746274783061103]
2019-03-20 23:46:10 INFO     Batch: [65/600] Epoch: [1] Loss: [2.0751592950387434]
2019-03-20 23:46:10 INFO     Batch: [66/600] Epoch: [1] Loss: [2.0747197795270096]
2019-03-20 23:46:10 INFO     Batch: [67/600] Epoch: [1] Loss: [2.0758034884929657]
2019-03-20 23:46:10 INFO     Batch: [68/600] Epoch: [1] Loss: [2.0746880009554434]
2019-03-20 23:46:10 INFO     Batch: [69/600] Epoch: [1] Loss: [2.07830320256097]
2019-03-20 23:46:11 INFO     Batch: [70/600] Epoch: [1] Loss: [2.075842425856792]
2019-03-20 23:46:12 INFO     Accuracy: [0.24818181818181817]

2019-03-20 23:46:13 INFO     Batch: [71/600] Epoch: [1] Loss: [2.0749250799417496]
2019-03-20 23:46:13 INFO     Batch: [72/600] Epoch: [1] Loss: [2.074492194881178]
2019-03-20 23:46:13 INFO     Batch: [73/600] Epoch: [1] Loss: [2.0723321276742057]
2019-03-20 23:46:13 INFO     Batch: [74/600] Epoch: [1] Loss: [2.0713542699813843]
2019-03-20 23:46:13 INFO     Batch: [75/600] Epoch: [1] Loss: [2.0698256163220656]
2019-03-20 23:46:14 INFO     Batch: [76/600] Epoch: [1] Loss: [2.0715348643141906]
2019-03-20 23:46:14 INFO     Batch: [77/600] Epoch: [1] Loss: [2.0745377036241384]
2019-03-20 23:46:14 INFO     Batch: [78/600] Epoch: [1] Loss: [2.0733620788477642]
2019-03-20 23:46:14 INFO     Batch: [79/600] Epoch: [1] Loss: [2.0742072463035583]
2019-03-20 23:46:15 INFO     Batch: [80/600] Epoch: [1] Loss: [2.0727884946046053]
2019-03-20 23:46:16 INFO     Accuracy: [0.2545454545454546]

2019-03-20 23:46:17 INFO     Batch: [81/600] Epoch: [1] Loss: [2.0717168959175667]
2019-03-20 23:46:17 INFO     Batch: [82/600] Epoch: [1] Loss: [2.0708373311054276]
2019-03-20 23:46:17 INFO     Batch: [83/600] Epoch: [1] Loss: [2.071891270932697]
2019-03-20 23:46:17 INFO     Batch: [84/600] Epoch: [1] Loss: [2.071816141465131]
2019-03-20 23:46:17 INFO     Batch: [85/600] Epoch: [1] Loss: [2.070246233496555]
2019-03-20 23:46:18 INFO     Batch: [86/600] Epoch: [1] Loss: [2.0706905359509347]
2019-03-20 23:46:18 INFO     Batch: [87/600] Epoch: [1] Loss: [2.069958207282153]
2019-03-20 23:46:18 INFO     Batch: [88/600] Epoch: [1] Loss: [2.068796460548144]
2019-03-20 23:46:18 INFO     Batch: [89/600] Epoch: [1] Loss: [2.0675886988639833]
2019-03-20 23:46:19 INFO     Batch: [90/600] Epoch: [1] Loss: [2.064593744801951]
2019-03-20 23:46:20 INFO     Accuracy: [0.26999999999999996]

2019-03-20 23:46:21 INFO     Batch: [91/600] Epoch: [1] Loss: [2.064693349858989]
2019-03-20 23:46:21 INFO     Batch: [92/600] Epoch: [1] Loss: [2.0639261263673023]
2019-03-20 23:46:21 INFO     Batch: [93/600] Epoch: [1] Loss: [2.0639640511350428]
2019-03-20 23:46:21 INFO     Batch: [94/600] Epoch: [1] Loss: [2.063155516825224]
2019-03-20 23:46:21 INFO     Batch: [95/600] Epoch: [1] Loss: [2.0615144819021225]
2019-03-20 23:46:22 INFO     Batch: [96/600] Epoch: [1] Loss: [2.061139927696936]
2019-03-20 23:46:22 INFO     Batch: [97/600] Epoch: [1] Loss: [2.0612854981908995]
2019-03-20 23:46:22 INFO     Batch: [98/600] Epoch: [1] Loss: [2.059949288464556]
2019-03-20 23:46:22 INFO     Batch: [99/600] Epoch: [1] Loss: [2.0609563386440275]
2019-03-20 23:46:23 INFO     Batch: [100/600] Epoch: [1] Loss: [2.060329842095328]
2019-03-20 23:46:24 INFO     Accuracy: [0.23454545454545456]

2019-03-20 23:46:24 INFO     Batch: [101/600] Epoch: [1] Loss: [2.061128315972347]
2019-03-20 23:46:25 INFO     Batch: [102/600] Epoch: [1] Loss: [2.0623748221443696]
2019-03-20 23:46:25 INFO     Batch: [103/600] Epoch: [1] Loss: [2.061387449502945]
2019-03-20 23:46:25 INFO     Batch: [104/600] Epoch: [1] Loss: [2.0638752460479735]
2019-03-20 23:46:25 INFO     Batch: [105/600] Epoch: [1] Loss: [2.0646726027974545]
2019-03-20 23:46:26 INFO     Batch: [106/600] Epoch: [1] Loss: [2.065751635025595]
2019-03-20 23:46:26 INFO     Batch: [107/600] Epoch: [1] Loss: [2.0672669763918274]
2019-03-20 23:46:26 INFO     Batch: [108/600] Epoch: [1] Loss: [2.067850460699939]
2019-03-20 23:46:26 INFO     Batch: [109/600] Epoch: [1] Loss: [2.0688155087557707]
2019-03-20 23:46:26 INFO     Batch: [110/600] Epoch: [1] Loss: [2.0680524969960117]
2019-03-20 23:46:28 INFO     Accuracy: [0.22272727272727275]

2019-03-20 23:46:28 INFO     Batch: [111/600] Epoch: [1] Loss: [2.0699715114065578]
2019-03-20 23:46:29 INFO     Batch: [112/600] Epoch: [1] Loss: [2.070352994235216]
2019-03-20 23:46:29 INFO     Batch: [113/600] Epoch: [1] Loss: [2.0712067233888725]
2019-03-20 23:46:29 INFO     Batch: [114/600] Epoch: [1] Loss: [2.072815197447072]
2019-03-20 23:46:29 INFO     Batch: [115/600] Epoch: [1] Loss: [2.075200176444547]
2019-03-20 23:46:30 INFO     Batch: [116/600] Epoch: [1] Loss: [2.078560693651183]
2019-03-20 23:46:30 INFO     Batch: [117/600] Epoch: [1] Loss: [2.078706132153333]
2019-03-20 23:46:30 INFO     Batch: [118/600] Epoch: [1] Loss: [2.0791077744059203]
2019-03-20 23:46:30 INFO     Batch: [119/600] Epoch: [1] Loss: [2.0821717232465744]
2019-03-20 23:46:30 INFO     Batch: [120/600] Epoch: [1] Loss: [2.0821415146520317]
2019-03-20 23:46:32 INFO     Accuracy: [0.20272727272727273]

2019-03-20 23:46:32 INFO     Batch: [121/600] Epoch: [1] Loss: [2.083119104143049]
2019-03-20 23:46:33 INFO     Batch: [122/600] Epoch: [1] Loss: [2.0845987418802774]
2019-03-20 23:46:33 INFO     Batch: [123/600] Epoch: [1] Loss: [2.087371108032042]
2019-03-20 23:46:33 INFO     Batch: [124/600] Epoch: [1] Loss: [2.0896103677749633]
2019-03-20 23:46:33 INFO     Batch: [125/600] Epoch: [1] Loss: [2.091824926081158]
2019-03-20 23:46:34 INFO     Batch: [126/600] Epoch: [1] Loss: [2.0916842879272823]
2019-03-20 23:46:34 INFO     Batch: [127/600] Epoch: [1] Loss: [2.092823979444802]
2019-03-20 23:46:34 INFO     Batch: [128/600] Epoch: [1] Loss: [2.0969244925550714]
2019-03-20 23:46:34 INFO     Batch: [129/600] Epoch: [1] Loss: [2.099308264255524]
2019-03-20 23:46:34 INFO     Batch: [130/600] Epoch: [1] Loss: [2.1003686371650403]
2019-03-20 23:46:36 INFO     Accuracy: [0.17727272727272725]

2019-03-20 23:46:36 INFO     Batch: [131/600] Epoch: [1] Loss: [2.1018739405906564]
2019-03-20 23:46:37 INFO     Batch: [132/600] Epoch: [1] Loss: [2.1041921807411024]
