2019-04-07 22:32:28 INFO     Loading Data
2019-04-07 22:32:29 INFO     Model Setting Up
2019-04-07 22:32:37 INFO     train_dir : [../mnist/train]
2019-04-07 22:32:37 INFO     test_dir : [../mnist/test]
2019-04-07 22:32:37 INFO     save_dir : [./save]
2019-04-07 22:32:37 INFO     num_epochs : [250]
2019-04-07 22:32:37 INFO     batch_size : [500]
2019-04-07 22:32:37 INFO     num_points : [512]
2019-04-07 22:32:37 INFO     sigma : [0.05]
2019-04-07 22:32:37 INFO     log_interval : [1000]
2019-04-07 22:32:37 INFO     save_interval : [50]
2019-04-07 22:32:37 INFO     baselr : [5e-05]
2019-04-07 22:32:37 INFO     density_radius : [0.2]
2019-04-07 22:32:37 INFO     feature_out1 : [8]
2019-04-07 22:32:37 INFO     feature_out2 : [16]
2019-04-07 22:32:37 INFO     feature_out3 : [32]
2019-04-07 22:32:37 INFO     feature_out4 : [64]
2019-04-07 22:32:37 INFO     feature_out5 : [128]
2019-04-07 22:32:37 INFO     num_classes : [10]
2019-04-07 22:32:37 INFO     bandwidth_0 : [10]
2019-04-07 22:32:37 INFO     bandwidth_out1 : [10]
2019-04-07 22:32:37 INFO     bandwidth_out2 : [8]
2019-04-07 22:32:37 INFO     bandwidth_out3 : [6]
2019-04-07 22:32:37 INFO     bandwidth_out4 : [4]
2019-04-07 22:32:37 INFO     bandwidth_out5 : [2]
2019-04-07 22:32:37 INFO     resume_training : [0]
2019-04-07 22:32:37 INFO     Start Training
2019-04-07 22:32:37 INFO     Saved model checkpoints into ./save/2019-04-07_22-32-37-model.ckpt...
2019-04-07 22:32:42 INFO     Batch: [0/120] Epoch: [0] Loss: [2.3151540756225586]
2019-04-07 22:32:42 INFO     Batch: [1/120] Epoch: [0] Loss: [2.313654661178589]
2019-04-07 22:32:42 INFO     Batch: [2/120] Epoch: [0] Loss: [2.311450719833374]
2019-04-07 22:32:43 INFO     Batch: [3/120] Epoch: [0] Loss: [2.309856355190277]
2019-04-07 22:32:43 INFO     Batch: [4/120] Epoch: [0] Loss: [2.3077550888061524]
2019-04-07 22:32:43 INFO     Batch: [5/120] Epoch: [0] Loss: [2.3073437611262]
2019-04-07 22:32:43 INFO     Batch: [6/120] Epoch: [0] Loss: [2.3062990052359447]
2019-04-07 22:32:43 INFO     Batch: [7/120] Epoch: [0] Loss: [2.3053343296051025]
2019-04-07 22:32:43 INFO     Batch: [8/120] Epoch: [0] Loss: [2.305112600326538]
2019-04-07 22:32:44 INFO     Batch: [9/120] Epoch: [0] Loss: [2.304990220069885]
2019-04-07 22:32:44 INFO     Batch: [10/120] Epoch: [0] Loss: [2.3043429634787818]
2019-04-07 22:32:44 INFO     Batch: [11/120] Epoch: [0] Loss: [2.304162939389547]
2019-04-07 22:32:44 INFO     Batch: [12/120] Epoch: [0] Loss: [2.3040848695314846]
2019-04-07 22:32:44 INFO     Batch: [13/120] Epoch: [0] Loss: [2.3036497831344604]
2019-04-07 22:32:45 INFO     Batch: [14/120] Epoch: [0] Loss: [2.3032309214274087]
2019-04-07 22:32:45 INFO     Batch: [15/120] Epoch: [0] Loss: [2.3029372841119766]
2019-04-07 22:32:45 INFO     Batch: [16/120] Epoch: [0] Loss: [2.302630101933199]
2019-04-07 22:32:45 INFO     Batch: [17/120] Epoch: [0] Loss: [2.302362256579929]
2019-04-07 22:32:45 INFO     Batch: [18/120] Epoch: [0] Loss: [2.3018794812654195]
2019-04-07 22:32:46 INFO     Batch: [19/120] Epoch: [0] Loss: [2.3010966181755066]
2019-04-07 22:32:46 INFO     Batch: [20/120] Epoch: [0] Loss: [2.300668920789446]
2019-04-07 22:32:46 INFO     Batch: [21/120] Epoch: [0] Loss: [2.300101496956565]
2019-04-07 22:32:46 INFO     Batch: [22/120] Epoch: [0] Loss: [2.2998256372368853]
2019-04-07 22:32:46 INFO     Batch: [23/120] Epoch: [0] Loss: [2.2996401886145272]
2019-04-07 22:32:47 INFO     Batch: [24/120] Epoch: [0] Loss: [2.2994442653656004]
2019-04-07 22:32:47 INFO     Batch: [25/120] Epoch: [0] Loss: [2.298864538852985]
2019-04-07 22:32:47 INFO     Batch: [26/120] Epoch: [0] Loss: [2.298503204628273]
2019-04-07 22:32:47 INFO     Batch: [27/120] Epoch: [0] Loss: [2.2979492459978377]
2019-04-07 22:32:47 INFO     Batch: [28/120] Epoch: [0] Loss: [2.2974804927562844]
2019-04-07 22:32:48 INFO     Batch: [29/120] Epoch: [0] Loss: [2.296920148531596]
2019-04-07 22:32:48 INFO     Batch: [30/120] Epoch: [0] Loss: [2.296399885608304]
2019-04-07 22:32:48 INFO     Batch: [31/120] Epoch: [0] Loss: [2.2958836033940315]
2019-04-07 22:32:48 INFO     Batch: [32/120] Epoch: [0] Loss: [2.295476024801081]
2019-04-07 22:32:48 INFO     Batch: [33/120] Epoch: [0] Loss: [2.295066335622002]
2019-04-07 22:32:49 INFO     Batch: [34/120] Epoch: [0] Loss: [2.2948325293404714]
2019-04-07 22:32:49 INFO     Batch: [35/120] Epoch: [0] Loss: [2.294395102394952]
2019-04-07 22:32:49 INFO     Batch: [36/120] Epoch: [0] Loss: [2.294119815568666]
2019-04-07 22:32:49 INFO     Batch: [37/120] Epoch: [0] Loss: [2.293655226105138]
2019-04-07 22:32:49 INFO     Batch: [38/120] Epoch: [0] Loss: [2.2932285284384704]
2019-04-07 22:32:50 INFO     Batch: [39/120] Epoch: [0] Loss: [2.2927631974220275]
2019-04-07 22:32:50 INFO     Batch: [40/120] Epoch: [0] Loss: [2.2923554501882415]
2019-04-07 22:32:50 INFO     Batch: [41/120] Epoch: [0] Loss: [2.2918794382186163]
2019-04-07 22:32:50 INFO     Batch: [42/120] Epoch: [0] Loss: [2.291524659755618]
2019-04-07 22:32:50 INFO     Batch: [43/120] Epoch: [0] Loss: [2.2910901524803857]
2019-04-07 22:32:51 INFO     Batch: [44/120] Epoch: [0] Loss: [2.290747626622518]
2019-04-07 22:32:51 INFO     Batch: [45/120] Epoch: [0] Loss: [2.2904701284740283]
2019-04-07 22:32:51 INFO     Batch: [46/120] Epoch: [0] Loss: [2.290040487938739]
2019-04-07 22:32:51 INFO     Batch: [47/120] Epoch: [0] Loss: [2.2897509038448334]
2019-04-07 22:32:51 INFO     Batch: [48/120] Epoch: [0] Loss: [2.289295259787112]
2019-04-07 22:32:52 INFO     Batch: [49/120] Epoch: [0] Loss: [2.289049186706543]
2019-04-07 22:32:52 INFO     Batch: [50/120] Epoch: [0] Loss: [2.2887636680229035]
2019-04-07 22:32:52 INFO     Batch: [51/120] Epoch: [0] Loss: [2.288474426819728]
2019-04-07 22:32:52 INFO     Batch: [52/120] Epoch: [0] Loss: [2.288159559357841]
2019-04-07 22:32:52 INFO     Batch: [53/120] Epoch: [0] Loss: [2.2878061356367887]
2019-04-07 22:32:52 INFO     Batch: [54/120] Epoch: [0] Loss: [2.287384288961237]
2019-04-07 22:32:53 INFO     Batch: [55/120] Epoch: [0] Loss: [2.2870412170886993]
2019-04-07 22:32:53 INFO     Batch: [56/120] Epoch: [0] Loss: [2.2866896620967934]
2019-04-07 22:32:53 INFO     Batch: [57/120] Epoch: [0] Loss: [2.2863549857304015]
2019-04-07 22:32:53 INFO     Batch: [58/120] Epoch: [0] Loss: [2.285913451243255]
2019-04-07 22:32:53 INFO     Batch: [59/120] Epoch: [0] Loss: [2.2853660662968953]
2019-04-07 22:32:54 INFO     Batch: [60/120] Epoch: [0] Loss: [2.284909897163266]
2019-04-07 22:32:54 INFO     Batch: [61/120] Epoch: [0] Loss: [2.2844927234034382]
2019-04-07 22:32:54 INFO     Batch: [62/120] Epoch: [0] Loss: [2.2840265660058883]
2019-04-07 22:32:54 INFO     Batch: [63/120] Epoch: [0] Loss: [2.283576525747776]
2019-04-07 22:32:54 INFO     Batch: [64/120] Epoch: [0] Loss: [2.283145152605497]
2019-04-07 22:32:55 INFO     Batch: [65/120] Epoch: [0] Loss: [2.2827012394413804]
2019-04-07 22:32:55 INFO     Batch: [66/120] Epoch: [0] Loss: [2.282413009387344]
2019-04-07 22:32:55 INFO     Batch: [67/120] Epoch: [0] Loss: [2.2820463601280663]
2019-04-07 22:32:55 INFO     Batch: [68/120] Epoch: [0] Loss: [2.2816673119862876]
2019-04-07 22:32:55 INFO     Batch: [69/120] Epoch: [0] Loss: [2.281307601928711]
2019-04-07 22:32:56 INFO     Batch: [70/120] Epoch: [0] Loss: [2.280832505561936]
2019-04-07 22:32:56 INFO     Batch: [71/120] Epoch: [0] Loss: [2.280597448348999]
2019-04-07 22:32:56 INFO     Batch: [72/120] Epoch: [0] Loss: [2.280096027949085]
2019-04-07 22:32:56 INFO     Batch: [73/120] Epoch: [0] Loss: [2.279736592962935]
2019-04-07 22:32:56 INFO     Batch: [74/120] Epoch: [0] Loss: [2.27933585802714]
2019-04-07 22:32:57 INFO     Batch: [75/120] Epoch: [0] Loss: [2.2789500010641]
2019-04-07 22:32:57 INFO     Batch: [76/120] Epoch: [0] Loss: [2.278530315919356]
2019-04-07 22:32:57 INFO     Batch: [77/120] Epoch: [0] Loss: [2.2780260092172866]
2019-04-07 22:32:57 INFO     Batch: [78/120] Epoch: [0] Loss: [2.2775910504256625]
2019-04-07 22:32:57 INFO     Batch: [79/120] Epoch: [0] Loss: [2.2771932065486906]
2019-04-07 22:32:58 INFO     Batch: [80/120] Epoch: [0] Loss: [2.2768230762010737]
2019-04-07 22:32:58 INFO     Batch: [81/120] Epoch: [0] Loss: [2.2764863066556975]
2019-04-07 22:32:58 INFO     Batch: [82/120] Epoch: [0] Loss: [2.276026642466166]
2019-04-07 22:32:58 INFO     Batch: [83/120] Epoch: [0] Loss: [2.275616322244917]
2019-04-07 22:32:58 INFO     Batch: [84/120] Epoch: [0] Loss: [2.275161594503066]
2019-04-07 22:32:59 INFO     Batch: [85/120] Epoch: [0] Loss: [2.2748122908348263]
2019-04-07 22:32:59 INFO     Batch: [86/120] Epoch: [0] Loss: [2.27448383418993]
2019-04-07 22:32:59 INFO     Batch: [87/120] Epoch: [0] Loss: [2.274133641611446]
2019-04-07 22:32:59 INFO     Batch: [88/120] Epoch: [0] Loss: [2.273729115389706]
2019-04-07 22:32:59 INFO     Batch: [89/120] Epoch: [0] Loss: [2.273379272884793]
2019-04-07 22:33:00 INFO     Batch: [90/120] Epoch: [0] Loss: [2.273050234867976]
2019-04-07 22:33:00 INFO     Batch: [91/120] Epoch: [0] Loss: [2.272640549618265]
2019-04-07 22:33:00 INFO     Batch: [92/120] Epoch: [0] Loss: [2.2722770655027]
2019-04-07 22:33:00 INFO     Batch: [93/120] Epoch: [0] Loss: [2.271912009158033]
2019-04-07 22:33:00 INFO     Batch: [94/120] Epoch: [0] Loss: [2.2714822016264264]
2019-04-07 22:33:00 INFO     Batch: [95/120] Epoch: [0] Loss: [2.271064303815365]
2019-04-07 22:33:01 INFO     Batch: [96/120] Epoch: [0] Loss: [2.2707364706648994]
2019-04-07 22:33:01 INFO     Batch: [97/120] Epoch: [0] Loss: [2.2702530865766564]
2019-04-07 22:33:01 INFO     Batch: [98/120] Epoch: [0] Loss: [2.2698251261855615]
2019-04-07 22:33:01 INFO     Batch: [99/120] Epoch: [0] Loss: [2.2693905901908873]
2019-04-07 22:33:01 INFO     Batch: [100/120] Epoch: [0] Loss: [2.268990464729838]
2019-04-07 22:33:02 INFO     Batch: [101/120] Epoch: [0] Loss: [2.268667789066539]
2019-04-07 22:33:02 INFO     Batch: [102/120] Epoch: [0] Loss: [2.2683455203343366]
2019-04-07 22:33:02 INFO     Batch: [103/120] Epoch: [0] Loss: [2.267905900111565]
2019-04-07 22:33:02 INFO     Batch: [104/120] Epoch: [0] Loss: [2.267540270941598]
2019-04-07 22:33:02 INFO     Batch: [105/120] Epoch: [0] Loss: [2.2671299228128396]
2019-04-07 22:33:03 INFO     Batch: [106/120] Epoch: [0] Loss: [2.2667626911234633]
2019-04-07 22:33:03 INFO     Batch: [107/120] Epoch: [0] Loss: [2.266218200877861]
2019-04-07 22:33:03 INFO     Batch: [108/120] Epoch: [0] Loss: [2.2657811641693115]
2019-04-07 22:33:03 INFO     Batch: [109/120] Epoch: [0] Loss: [2.265413947538896]
2019-04-07 22:33:03 INFO     Batch: [110/120] Epoch: [0] Loss: [2.265155289624188]
2019-04-07 22:33:04 INFO     Batch: [111/120] Epoch: [0] Loss: [2.2647422403097153]
2019-04-07 22:33:04 INFO     Batch: [112/120] Epoch: [0] Loss: [2.2644098986566594]
2019-04-07 22:33:04 INFO     Batch: [113/120] Epoch: [0] Loss: [2.2640245839169153]
2019-04-07 22:33:04 INFO     Batch: [114/120] Epoch: [0] Loss: [2.2636972427368165]
2019-04-07 22:33:04 INFO     Batch: [115/120] Epoch: [0] Loss: [2.263310465319403]
2019-04-07 22:33:05 INFO     Batch: [116/120] Epoch: [0] Loss: [2.26286456727574]
2019-04-07 22:33:05 INFO     Batch: [117/120] Epoch: [0] Loss: [2.2624499373516795]
2019-04-07 22:33:05 INFO     Batch: [118/120] Epoch: [0] Loss: [2.261941693410152]
2019-04-07 22:33:05 INFO     Batch: [119/120] Epoch: [0] Loss: [2.2616175850232443]
2019-04-07 22:33:07 INFO     **************** Epoch: [0/250] Accuracy: [0.12290909090909091] ****************

2019-04-07 22:33:07 INFO     Batch: [0/120] Epoch: [1] Loss: [2.215268135070801]
2019-04-07 22:33:07 INFO     Batch: [1/120] Epoch: [1] Loss: [2.2107620239257812]
2019-04-07 22:33:08 INFO     Batch: [2/120] Epoch: [1] Loss: [2.214503288269043]
2019-04-07 22:33:08 INFO     Batch: [3/120] Epoch: [1] Loss: [2.2096423506736755]
2019-04-07 22:33:08 INFO     Batch: [4/120] Epoch: [1] Loss: [2.2080217361450196]
2019-04-07 22:33:08 INFO     Batch: [5/120] Epoch: [1] Loss: [2.2051664193471274]
2019-04-07 22:33:08 INFO     Batch: [6/120] Epoch: [1] Loss: [2.205052920750209]
2019-04-07 22:33:08 INFO     Batch: [7/120] Epoch: [1] Loss: [2.2058014571666718]
2019-04-07 22:33:09 INFO     Batch: [8/120] Epoch: [1] Loss: [2.205398771497938]
2019-04-07 22:33:09 INFO     Batch: [9/120] Epoch: [1] Loss: [2.2040547132492065]
2019-04-07 22:33:09 INFO     Batch: [10/120] Epoch: [1] Loss: [2.203712658448653]
2019-04-07 22:33:09 INFO     Batch: [11/120] Epoch: [1] Loss: [2.2030992110570273]
2019-04-07 22:33:09 INFO     Batch: [12/120] Epoch: [1] Loss: [2.2027670053335338]
2019-04-07 22:33:10 INFO     Batch: [13/120] Epoch: [1] Loss: [2.2034734317234586]
2019-04-07 22:33:10 INFO     Batch: [14/120] Epoch: [1] Loss: [2.203145694732666]
2019-04-07 22:33:10 INFO     Batch: [15/120] Epoch: [1] Loss: [2.202480763196945]
2019-04-07 22:33:10 INFO     Batch: [16/120] Epoch: [1] Loss: [2.202860439524931]
2019-04-07 22:33:10 INFO     Batch: [17/120] Epoch: [1] Loss: [2.2024081548055015]
2019-04-07 22:33:11 INFO     Batch: [18/120] Epoch: [1] Loss: [2.2019866140265214]
2019-04-07 22:33:11 INFO     Batch: [19/120] Epoch: [1] Loss: [2.201094162464142]
2019-04-07 22:33:11 INFO     Batch: [20/120] Epoch: [1] Loss: [2.199916056224278]
2019-04-07 22:33:11 INFO     Batch: [21/120] Epoch: [1] Loss: [2.199365269054066]
2019-04-07 22:33:11 INFO     Batch: [22/120] Epoch: [1] Loss: [2.1990102166714878]
2019-04-07 22:33:12 INFO     Batch: [23/120] Epoch: [1] Loss: [2.1982369820276895]
2019-04-07 22:33:12 INFO     Batch: [24/120] Epoch: [1] Loss: [2.197148389816284]
2019-04-07 22:33:12 INFO     Batch: [25/120] Epoch: [1] Loss: [2.1961619762273936]
2019-04-07 22:33:12 INFO     Batch: [26/120] Epoch: [1] Loss: [2.1963290815000183]
2019-04-07 22:33:12 INFO     Batch: [27/120] Epoch: [1] Loss: [2.1954816920416698]
2019-04-07 22:33:13 INFO     Batch: [28/120] Epoch: [1] Loss: [2.1956053273431184]
2019-04-07 22:33:13 INFO     Batch: [29/120] Epoch: [1] Loss: [2.1949004491170245]
2019-04-07 22:33:13 INFO     Batch: [30/120] Epoch: [1] Loss: [2.194480980596235]
2019-04-07 22:33:13 INFO     Batch: [31/120] Epoch: [1] Loss: [2.1946879252791405]
2019-04-07 22:33:13 INFO     Batch: [32/120] Epoch: [1] Loss: [2.1945426391832754]
2019-04-07 22:33:14 INFO     Batch: [33/120] Epoch: [1] Loss: [2.1940504102145924]
2019-04-07 22:33:14 INFO     Batch: [34/120] Epoch: [1] Loss: [2.1933584213256836]
2019-04-07 22:33:14 INFO     Batch: [35/120] Epoch: [1] Loss: [2.1925277180141873]
2019-04-07 22:33:14 INFO     Batch: [36/120] Epoch: [1] Loss: [2.191585605208938]
2019-04-07 22:33:14 INFO     Batch: [37/120] Epoch: [1] Loss: [2.1910682100998726]
2019-04-07 22:33:15 INFO     Batch: [38/120] Epoch: [1] Loss: [2.1898342829484205]
2019-04-07 22:33:15 INFO     Batch: [39/120] Epoch: [1] Loss: [2.189290928840637]
2019-04-07 22:33:15 INFO     Batch: [40/120] Epoch: [1] Loss: [2.1885208385746653]
2019-04-07 22:33:15 INFO     Batch: [41/120] Epoch: [1] Loss: [2.188502067611331]
2019-04-07 22:33:15 INFO     Batch: [42/120] Epoch: [1] Loss: [2.187692414882571]
2019-04-07 22:33:16 INFO     Batch: [43/120] Epoch: [1] Loss: [2.1872215270996094]
2019-04-07 22:33:16 INFO     Batch: [44/120] Epoch: [1] Loss: [2.1863635116153293]
2019-04-07 22:33:16 INFO     Batch: [45/120] Epoch: [1] Loss: [2.1859467236892036]
2019-04-07 22:33:16 INFO     Batch: [46/120] Epoch: [1] Loss: [2.184980331583226]
2019-04-07 22:33:16 INFO     Batch: [47/120] Epoch: [1] Loss: [2.1843101481596627]
2019-04-07 22:33:16 INFO     Batch: [48/120] Epoch: [1] Loss: [2.183680602482387]
2019-04-07 22:33:17 INFO     Batch: [49/120] Epoch: [1] Loss: [2.1833081102371215]
2019-04-07 22:33:17 INFO     Batch: [50/120] Epoch: [1] Loss: [2.1827628846262015]
2019-04-07 22:33:17 INFO     Batch: [51/120] Epoch: [1] Loss: [2.1820251987530637]
2019-04-07 22:33:17 INFO     Batch: [52/120] Epoch: [1] Loss: [2.181404707566747]
2019-04-07 22:33:17 INFO     Batch: [53/120] Epoch: [1] Loss: [2.1809493524056895]
2019-04-07 22:33:18 INFO     Batch: [54/120] Epoch: [1] Loss: [2.180361036820845]
2019-04-07 22:33:18 INFO     Batch: [55/120] Epoch: [1] Loss: [2.1800291580813274]
2019-04-07 22:33:18 INFO     Batch: [56/120] Epoch: [1] Loss: [2.179460228535167]
2019-04-07 22:33:18 INFO     Batch: [57/120] Epoch: [1] Loss: [2.1790298017962226]
2019-04-07 22:33:18 INFO     Batch: [58/120] Epoch: [1] Loss: [2.17811531939749]
2019-04-07 22:33:19 INFO     Batch: [59/120] Epoch: [1] Loss: [2.1775723059972125]
2019-04-07 22:33:19 INFO     Batch: [60/120] Epoch: [1] Loss: [2.176729022479448]
2019-04-07 22:33:19 INFO     Batch: [61/120] Epoch: [1] Loss: [2.176360845565796]
2019-04-07 22:33:19 INFO     Batch: [62/120] Epoch: [1] Loss: [2.175687627186851]
2019-04-07 22:33:19 INFO     Batch: [63/120] Epoch: [1] Loss: [2.1750698052346706]
2019-04-07 22:33:20 INFO     Batch: [64/120] Epoch: [1] Loss: [2.1743358832139235]
2019-04-07 22:33:20 INFO     Batch: [65/120] Epoch: [1] Loss: [2.1735817988713584]
2019-04-07 22:33:20 INFO     Batch: [66/120] Epoch: [1] Loss: [2.1729883364777067]
2019-04-07 22:33:20 INFO     Batch: [67/120] Epoch: [1] Loss: [2.1722761427654937]
2019-04-07 22:33:20 INFO     Batch: [68/120] Epoch: [1] Loss: [2.171787068463754]
2019-04-07 22:33:21 INFO     Batch: [69/120] Epoch: [1] Loss: [2.1712819133486065]
2019-04-07 22:33:21 INFO     Batch: [70/120] Epoch: [1] Loss: [2.170434767091778]
2019-04-07 22:33:21 INFO     Batch: [71/120] Epoch: [1] Loss: [2.169445365667343]
2019-04-07 22:33:21 INFO     Batch: [72/120] Epoch: [1] Loss: [2.168923420448826]
2019-04-07 22:33:21 INFO     Batch: [73/120] Epoch: [1] Loss: [2.168102125863771]
2019-04-07 22:33:22 INFO     Batch: [74/120] Epoch: [1] Loss: [2.1673828983306884]
2019-04-07 22:33:22 INFO     Batch: [75/120] Epoch: [1] Loss: [2.1665997442446256]
2019-04-07 22:33:22 INFO     Batch: [76/120] Epoch: [1] Loss: [2.165765938820777]
2019-04-07 22:33:22 INFO     Batch: [77/120] Epoch: [1] Loss: [2.1653283070295286]
2019-04-07 22:33:22 INFO     Batch: [78/120] Epoch: [1] Loss: [2.1646178674094285]
2019-04-07 22:33:23 INFO     Batch: [79/120] Epoch: [1] Loss: [2.1638491272926332]
2019-04-07 22:33:23 INFO     Batch: [80/120] Epoch: [1] Loss: [2.1631620518955184]
2019-04-07 22:33:23 INFO     Batch: [81/120] Epoch: [1] Loss: [2.1629001192930266]
2019-04-07 22:33:23 INFO     Batch: [82/120] Epoch: [1] Loss: [2.1622840438980653]
2019-04-07 22:33:23 INFO     Batch: [83/120] Epoch: [1] Loss: [2.1617814756575084]
2019-04-07 22:33:24 INFO     Batch: [84/120] Epoch: [1] Loss: [2.1608441324794994]
2019-04-07 22:33:24 INFO     Batch: [85/120] Epoch: [1] Loss: [2.160203781238822]
2019-04-07 22:33:24 INFO     Batch: [86/120] Epoch: [1] Loss: [2.1597627661694054]
2019-04-07 22:33:24 INFO     Batch: [87/120] Epoch: [1] Loss: [2.159374012188478]
2019-04-07 22:33:24 INFO     Batch: [88/120] Epoch: [1] Loss: [2.1587149695064243]
2019-04-07 22:33:25 INFO     Batch: [89/120] Epoch: [1] Loss: [2.1585709704293143]
2019-04-07 22:33:25 INFO     Batch: [90/120] Epoch: [1] Loss: [2.1580519597608965]
2019-04-07 22:33:25 INFO     Batch: [91/120] Epoch: [1] Loss: [2.1574137288591135]
2019-04-07 22:33:25 INFO     Batch: [92/120] Epoch: [1] Loss: [2.1568250912491993]
2019-04-07 22:33:25 INFO     Batch: [93/120] Epoch: [1] Loss: [2.1561722806159485]
2019-04-07 22:33:25 INFO     Batch: [94/120] Epoch: [1] Loss: [2.1554130805166145]
2019-04-07 22:33:26 INFO     Batch: [95/120] Epoch: [1] Loss: [2.1549767752488456]
2019-04-07 22:33:26 INFO     Batch: [96/120] Epoch: [1] Loss: [2.15451107811682]
2019-04-07 22:33:26 INFO     Batch: [97/120] Epoch: [1] Loss: [2.1540462605807247]
2019-04-07 22:33:26 INFO     Batch: [98/120] Epoch: [1] Loss: [2.1534133752187095]
2019-04-07 22:33:26 INFO     Batch: [99/120] Epoch: [1] Loss: [2.1526996302604675]
2019-04-07 22:33:27 INFO     Batch: [100/120] Epoch: [1] Loss: [2.1523553168419562]
2019-04-07 22:33:27 INFO     Batch: [101/120] Epoch: [1] Loss: [2.151806672414144]
2019-04-07 22:33:27 INFO     Batch: [102/120] Epoch: [1] Loss: [2.151219053175843]
2019-04-07 22:33:27 INFO     Batch: [103/120] Epoch: [1] Loss: [2.1503909665804644]
2019-04-07 22:33:27 INFO     Batch: [104/120] Epoch: [1] Loss: [2.1498817557380314]
2019-04-07 22:33:28 INFO     Batch: [105/120] Epoch: [1] Loss: [2.1492375450314216]
2019-04-07 22:33:28 INFO     Batch: [106/120] Epoch: [1] Loss: [2.148600756564987]
2019-04-07 22:33:28 INFO     Batch: [107/120] Epoch: [1] Loss: [2.1479304565323725]
2019-04-07 22:33:28 INFO     Batch: [108/120] Epoch: [1] Loss: [2.147258294831722]
2019-04-07 22:33:28 INFO     Batch: [109/120] Epoch: [1] Loss: [2.1467347318475896]
2019-04-07 22:33:29 INFO     Batch: [110/120] Epoch: [1] Loss: [2.1459229830149056]
2019-04-07 22:33:29 INFO     Batch: [111/120] Epoch: [1] Loss: [2.1453437890325273]
2019-04-07 22:33:29 INFO     Batch: [112/120] Epoch: [1] Loss: [2.1447251032939]
2019-04-07 22:33:29 INFO     Batch: [113/120] Epoch: [1] Loss: [2.144013760382669]
2019-04-07 22:33:29 INFO     Batch: [114/120] Epoch: [1] Loss: [2.143338570387467]
2019-04-07 22:33:30 INFO     Batch: [115/120] Epoch: [1] Loss: [2.14251937742891]
2019-04-07 22:33:30 INFO     Batch: [116/120] Epoch: [1] Loss: [2.1418451121729665]
2019-04-07 22:33:30 INFO     Batch: [117/120] Epoch: [1] Loss: [2.141268873618821]
2019-04-07 22:33:30 INFO     Batch: [118/120] Epoch: [1] Loss: [2.140367860553645]
2019-04-07 22:33:30 INFO     Batch: [119/120] Epoch: [1] Loss: [2.1397201776504517]
2019-04-07 22:33:32 INFO     **************** Epoch: [1/250] Accuracy: [0.11836363636363637] ****************

2019-04-07 22:33:32 INFO     Batch: [0/120] Epoch: [2] Loss: [2.083170175552368]
2019-04-07 22:33:33 INFO     Batch: [1/120] Epoch: [2] Loss: [2.059804320335388]
2019-04-07 22:33:33 INFO     Batch: [2/120] Epoch: [2] Loss: [2.051762024561564]
2019-04-07 22:33:33 INFO     Batch: [3/120] Epoch: [2] Loss: [2.046996831893921]
2019-04-07 22:33:33 INFO     Batch: [4/120] Epoch: [2] Loss: [2.050200653076172]
2019-04-07 22:33:33 INFO     Batch: [5/120] Epoch: [2] Loss: [2.0490185817082724]
2019-04-07 22:33:34 INFO     Batch: [6/120] Epoch: [2] Loss: [2.0563409669058665]
2019-04-07 22:33:34 INFO     Batch: [7/120] Epoch: [2] Loss: [2.0581314265727997]
2019-04-07 22:33:34 INFO     Batch: [8/120] Epoch: [2] Loss: [2.05780299504598]
2019-04-07 22:33:34 INFO     Batch: [9/120] Epoch: [2] Loss: [2.0562544107437133]
2019-04-07 22:33:34 INFO     Batch: [10/120] Epoch: [2] Loss: [2.0569181008772417]
2019-04-07 22:33:35 INFO     Batch: [11/120] Epoch: [2] Loss: [2.054809590180715]
2019-04-07 22:33:35 INFO     Batch: [12/120] Epoch: [2] Loss: [2.055707124563364]
2019-04-07 22:33:35 INFO     Batch: [13/120] Epoch: [2] Loss: [2.0543310812541415]
2019-04-07 22:33:35 INFO     Batch: [14/120] Epoch: [2] Loss: [2.055212450027466]
2019-04-07 22:33:35 INFO     Batch: [15/120] Epoch: [2] Loss: [2.052726984024048]
2019-04-07 22:33:35 INFO     Batch: [16/120] Epoch: [2] Loss: [2.0537324512706085]
2019-04-07 22:33:36 INFO     Batch: [17/120] Epoch: [2] Loss: [2.0522494183646307]
2019-04-07 22:33:36 INFO     Batch: [18/120] Epoch: [2] Loss: [2.0506460164722644]
2019-04-07 22:33:36 INFO     Batch: [19/120] Epoch: [2] Loss: [2.050857591629028]
2019-04-07 22:33:36 INFO     Batch: [20/120] Epoch: [2] Loss: [2.049612488065447]
2019-04-07 22:33:36 INFO     Batch: [21/120] Epoch: [2] Loss: [2.0494445237246426]
2019-04-07 22:33:37 INFO     Batch: [22/120] Epoch: [2] Loss: [2.0506976894710376]
2019-04-07 22:33:37 INFO     Batch: [23/120] Epoch: [2] Loss: [2.0507966578006744]
2019-04-07 22:33:37 INFO     Batch: [24/120] Epoch: [2] Loss: [2.0513818359375]
2019-04-07 22:33:37 INFO     Batch: [25/120] Epoch: [2] Loss: [2.051164590395414]
2019-04-07 22:33:37 INFO     Batch: [26/120] Epoch: [2] Loss: [2.049676453625714]
2019-04-07 22:33:38 INFO     Batch: [27/120] Epoch: [2] Loss: [2.048134241785322]
2019-04-07 22:33:38 INFO     Batch: [28/120] Epoch: [2] Loss: [2.0483401150539002]
2019-04-07 22:33:38 INFO     Batch: [29/120] Epoch: [2] Loss: [2.0480745156606037]
2019-04-07 22:33:38 INFO     Batch: [30/120] Epoch: [2] Loss: [2.0479650112890426]
2019-04-07 22:33:38 INFO     Batch: [31/120] Epoch: [2] Loss: [2.046620801091194]
2019-04-07 22:33:39 INFO     Batch: [32/120] Epoch: [2] Loss: [2.046157237255212]
2019-04-07 22:33:39 INFO     Batch: [33/120] Epoch: [2] Loss: [2.0455753803253174]
2019-04-07 22:33:39 INFO     Batch: [34/120] Epoch: [2] Loss: [2.0445708956037247]
2019-04-07 22:33:39 INFO     Batch: [35/120] Epoch: [2] Loss: [2.0437343981530933]
2019-04-07 22:33:39 INFO     Batch: [36/120] Epoch: [2] Loss: [2.0439999039108687]
2019-04-07 22:33:40 INFO     Batch: [37/120] Epoch: [2] Loss: [2.043011313990543]
2019-04-07 22:33:40 INFO     Batch: [38/120] Epoch: [2] Loss: [2.0425507105313816]
2019-04-07 22:33:40 INFO     Batch: [39/120] Epoch: [2] Loss: [2.041583377122879]
2019-04-07 22:33:40 INFO     Batch: [40/120] Epoch: [2] Loss: [2.0415264397132686]
2019-04-07 22:33:40 INFO     Batch: [41/120] Epoch: [2] Loss: [2.041414947736831]
2019-04-07 22:33:41 INFO     Batch: [42/120] Epoch: [2] Loss: [2.0403041590091795]
2019-04-07 22:33:41 INFO     Batch: [43/120] Epoch: [2] Loss: [2.039343844760548]
2019-04-07 22:33:41 INFO     Batch: [44/120] Epoch: [2] Loss: [2.0376269896825154]
2019-04-07 22:33:41 INFO     Batch: [45/120] Epoch: [2] Loss: [2.0368546843528748]
2019-04-07 22:33:41 INFO     Batch: [46/120] Epoch: [2] Loss: [2.035778593509755]
2019-04-07 22:33:42 INFO     Batch: [47/120] Epoch: [2] Loss: [2.0346496626734734]
2019-04-07 22:33:42 INFO     Batch: [48/120] Epoch: [2] Loss: [2.0342342148021775]
2019-04-07 22:33:42 INFO     Batch: [49/120] Epoch: [2] Loss: [2.032878427505493]
2019-04-07 22:33:42 INFO     Batch: [50/120] Epoch: [2] Loss: [2.0328619900871727]
2019-04-07 22:33:42 INFO     Batch: [51/120] Epoch: [2] Loss: [2.0323960185050964]
2019-04-07 22:33:43 INFO     Batch: [52/120] Epoch: [2] Loss: [2.031831390452835]
2019-04-07 22:33:43 INFO     Batch: [53/120] Epoch: [2] Loss: [2.0300616754425898]
2019-04-07 22:33:43 INFO     Batch: [54/120] Epoch: [2] Loss: [2.0294384999708694]
2019-04-07 22:33:43 INFO     Batch: [55/120] Epoch: [2] Loss: [2.028995164803096]
2019-04-07 22:33:43 INFO     Batch: [56/120] Epoch: [2] Loss: [2.028691605517739]
2019-04-07 22:33:44 INFO     Batch: [57/120] Epoch: [2] Loss: [2.0279167602802146]
2019-04-07 22:33:44 INFO     Batch: [58/120] Epoch: [2] Loss: [2.0269986148607932]
2019-04-07 22:33:44 INFO     Batch: [59/120] Epoch: [2] Loss: [2.0261613368988036]
2019-04-07 22:33:44 INFO     Batch: [60/120] Epoch: [2] Loss: [2.025074902128001]
2019-04-07 22:33:44 INFO     Batch: [61/120] Epoch: [2] Loss: [2.024720659179072]
2019-04-07 22:33:44 INFO     Batch: [62/120] Epoch: [2] Loss: [2.024708272918822]
2019-04-07 22:33:45 INFO     Batch: [63/120] Epoch: [2] Loss: [2.023636830970645]
2019-04-07 22:33:45 INFO     Batch: [64/120] Epoch: [2] Loss: [2.022850251197815]
2019-04-07 22:33:45 INFO     Batch: [65/120] Epoch: [2] Loss: [2.02246129693407]
2019-04-07 22:33:45 INFO     Batch: [66/120] Epoch: [2] Loss: [2.02201374075306]
2019-04-07 22:33:45 INFO     Batch: [67/120] Epoch: [2] Loss: [2.021086450885324]
2019-04-07 22:33:46 INFO     Batch: [68/120] Epoch: [2] Loss: [2.020515825437463]
2019-04-07 22:33:46 INFO     Batch: [69/120] Epoch: [2] Loss: [2.0200250812939236]
2019-04-07 22:33:46 INFO     Batch: [70/120] Epoch: [2] Loss: [2.019963870585804]
2019-04-07 22:33:46 INFO     Batch: [71/120] Epoch: [2] Loss: [2.0193401823441186]
2019-04-07 22:33:46 INFO     Batch: [72/120] Epoch: [2] Loss: [2.0187865479351723]
2019-04-07 22:33:47 INFO     Batch: [73/120] Epoch: [2] Loss: [2.018511369421675]
2019-04-07 22:33:47 INFO     Batch: [74/120] Epoch: [2] Loss: [2.017588472366333]
2019-04-07 22:33:47 INFO     Batch: [75/120] Epoch: [2] Loss: [2.0164765072496316]
2019-04-07 22:33:47 INFO     Batch: [76/120] Epoch: [2] Loss: [2.016350880845801]
2019-04-07 22:33:47 INFO     Batch: [77/120] Epoch: [2] Loss: [2.016110958197178]
2019-04-07 22:33:48 INFO     Batch: [78/120] Epoch: [2] Loss: [2.0155595435371882]
2019-04-07 22:33:48 INFO     Batch: [79/120] Epoch: [2] Loss: [2.0152293026447294]
2019-04-07 22:33:48 INFO     Batch: [80/120] Epoch: [2] Loss: [2.0146943772280657]
2019-04-07 22:33:48 INFO     Batch: [81/120] Epoch: [2] Loss: [2.014594736622601]
2019-04-07 22:33:48 INFO     Batch: [82/120] Epoch: [2] Loss: [2.0139433360961547]
2019-04-07 22:33:49 INFO     Batch: [83/120] Epoch: [2] Loss: [2.0136645237604776]
2019-04-07 22:33:49 INFO     Batch: [84/120] Epoch: [2] Loss: [2.013485642040477]
2019-04-07 22:33:49 INFO     Batch: [85/120] Epoch: [2] Loss: [2.0130712445392165]
2019-04-07 22:33:49 INFO     Batch: [86/120] Epoch: [2] Loss: [2.012369638201834]
2019-04-07 22:33:49 INFO     Batch: [87/120] Epoch: [2] Loss: [2.012126784433018]
2019-04-07 22:33:50 INFO     Batch: [88/120] Epoch: [2] Loss: [2.011636886703834]
2019-04-07 22:33:50 INFO     Batch: [89/120] Epoch: [2] Loss: [2.0108098652627735]
2019-04-07 22:33:50 INFO     Batch: [90/120] Epoch: [2] Loss: [2.010296035598923]
2019-04-07 22:33:50 INFO     Batch: [91/120] Epoch: [2] Loss: [2.00945696623429]
2019-04-07 22:33:50 INFO     Batch: [92/120] Epoch: [2] Loss: [2.009124876350485]
2019-04-07 22:33:51 INFO     Batch: [93/120] Epoch: [2] Loss: [2.008374031553877]
2019-04-07 22:33:51 INFO     Batch: [94/120] Epoch: [2] Loss: [2.0080005532816836]
2019-04-07 22:33:51 INFO     Batch: [95/120] Epoch: [2] Loss: [2.0075906924903393]
2019-04-07 22:33:51 INFO     Batch: [96/120] Epoch: [2] Loss: [2.0073082729713203]
2019-04-07 22:33:51 INFO     Batch: [97/120] Epoch: [2] Loss: [2.006432737622942]
2019-04-07 22:33:52 INFO     Batch: [98/120] Epoch: [2] Loss: [2.0055654337911895]
2019-04-07 22:33:52 INFO     Batch: [99/120] Epoch: [2] Loss: [2.004828481674194]
2019-04-07 22:33:52 INFO     Batch: [100/120] Epoch: [2] Loss: [2.0034939086083137]
2019-04-07 22:33:52 INFO     Batch: [101/120] Epoch: [2] Loss: [2.0028092627431833]
2019-04-07 22:33:52 INFO     Batch: [102/120] Epoch: [2] Loss: [2.002094025750762]
2019-04-07 22:33:53 INFO     Batch: [103/120] Epoch: [2] Loss: [2.001305965276865]
2019-04-07 22:33:53 INFO     Batch: [104/120] Epoch: [2] Loss: [2.000616611753191]
2019-04-07 22:33:53 INFO     Batch: [105/120] Epoch: [2] Loss: [2.0000824725852824]
2019-04-07 22:33:53 INFO     Batch: [106/120] Epoch: [2] Loss: [1.999265834549877]
2019-04-07 22:33:53 INFO     Batch: [107/120] Epoch: [2] Loss: [1.998601425577093]
2019-04-07 22:33:53 INFO     Batch: [108/120] Epoch: [2] Loss: [1.9976333751590973]
2019-04-07 22:33:54 INFO     Batch: [109/120] Epoch: [2] Loss: [1.9971580396999011]
2019-04-07 22:33:54 INFO     Batch: [110/120] Epoch: [2] Loss: [1.9964304206607577]
2019-04-07 22:33:54 INFO     Batch: [111/120] Epoch: [2] Loss: [1.995480558701924]
2019-04-07 22:33:54 INFO     Batch: [112/120] Epoch: [2] Loss: [1.9950110606387652]
2019-04-07 22:33:54 INFO     Batch: [113/120] Epoch: [2] Loss: [1.994782409124207]
2019-04-07 22:33:55 INFO     Batch: [114/120] Epoch: [2] Loss: [1.9942045854485553]
2019-04-07 22:33:55 INFO     Batch: [115/120] Epoch: [2] Loss: [1.994188872904613]
2019-04-07 22:33:55 INFO     Batch: [116/120] Epoch: [2] Loss: [1.9940508889336872]
2019-04-07 22:33:55 INFO     Batch: [117/120] Epoch: [2] Loss: [1.9932325007551808]
2019-04-07 22:33:55 INFO     Batch: [118/120] Epoch: [2] Loss: [1.99255423385556]
2019-04-07 22:33:56 INFO     Batch: [119/120] Epoch: [2] Loss: [1.9921939531962076]
2019-04-07 22:33:57 INFO     **************** Epoch: [2/250] Accuracy: [0.12418181818181816] ****************

2019-04-07 22:33:58 INFO     Batch: [0/120] Epoch: [3] Loss: [1.8927854299545288]
2019-04-07 22:33:58 INFO     Batch: [1/120] Epoch: [3] Loss: [1.9359096884727478]
2019-04-07 22:33:58 INFO     Batch: [2/120] Epoch: [3] Loss: [1.933663249015808]
2019-04-07 22:33:58 INFO     Batch: [3/120] Epoch: [3] Loss: [1.9339479207992554]
2019-04-07 22:33:58 INFO     Batch: [4/120] Epoch: [3] Loss: [1.9370403289794922]
2019-04-07 22:33:59 INFO     Batch: [5/120] Epoch: [3] Loss: [1.9362456401189168]
2019-04-07 22:33:59 INFO     Batch: [6/120] Epoch: [3] Loss: [1.9329448086874825]
2019-04-07 22:33:59 INFO     Batch: [7/120] Epoch: [3] Loss: [1.9343921095132828]
2019-04-07 22:33:59 INFO     Batch: [8/120] Epoch: [3] Loss: [1.931342641512553]
2019-04-07 22:33:59 INFO     Batch: [9/120] Epoch: [3] Loss: [1.9349031805992127]
2019-04-07 22:34:00 INFO     Batch: [10/120] Epoch: [3] Loss: [1.9327741644599221]
2019-04-07 22:34:00 INFO     Batch: [11/120] Epoch: [3] Loss: [1.934536079565684]
2019-04-07 22:34:00 INFO     Batch: [12/120] Epoch: [3] Loss: [1.9359934146587665]
2019-04-07 22:34:00 INFO     Batch: [13/120] Epoch: [3] Loss: [1.9352193645068578]
2019-04-07 22:34:00 INFO     Batch: [14/120] Epoch: [3] Loss: [1.933974067370097]
2019-04-07 22:34:01 INFO     Batch: [15/120] Epoch: [3] Loss: [1.9314981177449226]
2019-04-07 22:34:01 INFO     Batch: [16/120] Epoch: [3] Loss: [1.9305484224768246]
2019-04-07 22:34:01 INFO     Batch: [17/120] Epoch: [3] Loss: [1.931231631173028]
2019-04-07 22:34:01 INFO     Batch: [18/120] Epoch: [3] Loss: [1.9306339401947825]
2019-04-07 22:34:01 INFO     Batch: [19/120] Epoch: [3] Loss: [1.9294098556041717]
2019-04-07 22:34:01 INFO     Batch: [20/120] Epoch: [3] Loss: [1.9287192197073073]
2019-04-07 22:34:02 INFO     Batch: [21/120] Epoch: [3] Loss: [1.925965347073295]
2019-04-07 22:34:02 INFO     Batch: [22/120] Epoch: [3] Loss: [1.9251572567483652]
2019-04-07 22:34:02 INFO     Batch: [23/120] Epoch: [3] Loss: [1.9255595207214355]
2019-04-07 22:34:02 INFO     Batch: [24/120] Epoch: [3] Loss: [1.9243512058258057]
2019-04-07 22:34:02 INFO     Batch: [25/120] Epoch: [3] Loss: [1.9218434691429138]
2019-04-07 22:34:03 INFO     Batch: [26/120] Epoch: [3] Loss: [1.9201889567905002]
2019-04-07 22:34:03 INFO     Batch: [27/120] Epoch: [3] Loss: [1.9185744183404105]
2019-04-07 22:34:03 INFO     Batch: [28/120] Epoch: [3] Loss: [1.915663871271857]
2019-04-07 22:34:03 INFO     Batch: [29/120] Epoch: [3] Loss: [1.9147264202435812]
2019-04-07 22:34:03 INFO     Batch: [30/120] Epoch: [3] Loss: [1.913435382227744]
2019-04-07 22:34:04 INFO     Batch: [31/120] Epoch: [3] Loss: [1.9127479642629623]
2019-04-07 22:34:04 INFO     Batch: [32/120] Epoch: [3] Loss: [1.9102847865133574]
2019-04-07 22:34:04 INFO     Batch: [33/120] Epoch: [3] Loss: [1.9084357829654919]
2019-04-07 22:34:04 INFO     Batch: [34/120] Epoch: [3] Loss: [1.9064656700406755]
2019-04-07 22:34:04 INFO     Batch: [35/120] Epoch: [3] Loss: [1.905445271068149]
2019-04-07 22:34:05 INFO     Batch: [36/120] Epoch: [3] Loss: [1.9036493559141416]
2019-04-07 22:34:05 INFO     Batch: [37/120] Epoch: [3] Loss: [1.9020757706541764]
2019-04-07 22:34:05 INFO     Batch: [38/120] Epoch: [3] Loss: [1.9006391916519556]
