2019-07-11 01:10:37 INFO     Loading Data
2019-07-11 01:10:38 INFO     Model Setting Up
2019-07-11 01:10:46 INFO     train_dir : [../dataset/mnist/train]
2019-07-11 01:10:46 INFO     test_dir : [../dataset/mnist/test]
2019-07-11 01:10:46 INFO     save_dir : [./save]
2019-07-11 01:10:46 INFO     gpu : [7]
2019-07-11 01:10:46 INFO     num_epochs : [300]
2019-07-11 01:10:46 INFO     batch_size : [64]
2019-07-11 01:10:46 INFO     num_points : [512]
2019-07-11 01:10:46 INFO     visualize : [False]
2019-07-11 01:10:46 INFO     log_interval : [1000]
2019-07-11 01:10:46 INFO     save_interval : [20]
2019-07-11 01:10:46 INFO     baselr : [5e-05]
2019-07-11 01:10:46 INFO     density_radius : [0.2]
2019-07-11 01:10:46 INFO     rotate_deflection : [0.1]
2019-07-11 01:10:46 INFO     cube_size : [2]
2019-07-11 01:10:46 INFO     num_grids : [3]
2019-07-11 01:10:46 INFO     base_radius : [1]
2019-07-11 01:10:46 INFO     static_sigma : [0.05]
2019-07-11 01:10:46 INFO     use_static_sigma : [False]
2019-07-11 01:10:46 INFO     use_weights : [False]
2019-07-11 01:10:46 INFO     sigma_layer_diff : [True]
2019-07-11 01:10:46 INFO     feature_out1 : [8]
2019-07-11 01:10:46 INFO     feature_out2 : [16]
2019-07-11 01:10:46 INFO     feature_out3 : [32]
2019-07-11 01:10:46 INFO     feature_out4 : [64]
2019-07-11 01:10:46 INFO     feature_out5 : [128]
2019-07-11 01:10:46 INFO     num_classes : [10]
2019-07-11 01:10:46 INFO     num_so3_layers : [3]
2019-07-11 01:10:46 INFO     bandwidth_0 : [10]
2019-07-11 01:10:46 INFO     bandwidth_out1 : [10]
2019-07-11 01:10:46 INFO     bandwidth_out2 : [8]
2019-07-11 01:10:46 INFO     bandwidth_out3 : [6]
2019-07-11 01:10:46 INFO     bandwidth_out4 : [4]
2019-07-11 01:10:46 INFO     bandwidth_out5 : [2]
2019-07-11 01:10:46 INFO     resume_training : [0]
2019-07-11 01:10:46 INFO     Start Training
2019-07-11 01:10:57 INFO     Batch: [0/938] Epoch: [0] Loss: [2.457730531692505]
2019-07-11 01:10:57 INFO     Batch: [1/938] Epoch: [0] Loss: [2.5012906789779663]
2019-07-11 01:10:58 INFO     Batch: [2/938] Epoch: [0] Loss: [2.5009470780690513]
2019-07-11 01:10:59 INFO     Batch: [3/938] Epoch: [0] Loss: [2.498291552066803]
2019-07-11 01:11:00 INFO     Batch: [4/938] Epoch: [0] Loss: [2.475317907333374]
2019-07-11 01:11:00 INFO     Batch: [5/938] Epoch: [0] Loss: [2.4746187925338745]
2019-07-11 01:11:01 INFO     Batch: [6/938] Epoch: [0] Loss: [2.464934689658029]
2019-07-11 01:11:02 INFO     Batch: [7/938] Epoch: [0] Loss: [2.459255427122116]
2019-07-11 01:11:02 INFO     Batch: [8/938] Epoch: [0] Loss: [2.4535414377848306]
2019-07-11 01:11:03 INFO     Batch: [9/938] Epoch: [0] Loss: [2.4530678510665895]
2019-07-11 01:11:04 INFO     Batch: [10/938] Epoch: [0] Loss: [2.4446646950461646]
2019-07-11 01:11:04 INFO     Batch: [11/938] Epoch: [0] Loss: [2.4361865123113]
2019-07-11 01:11:05 INFO     Batch: [12/938] Epoch: [0] Loss: [2.431668813412006]
2019-07-11 01:11:06 INFO     Batch: [13/938] Epoch: [0] Loss: [2.419141548020499]
2019-07-11 01:11:07 INFO     Batch: [14/938] Epoch: [0] Loss: [2.416055107116699]
2019-07-11 01:11:07 INFO     Batch: [15/938] Epoch: [0] Loss: [2.4084037095308304]
2019-07-11 01:11:08 INFO     Batch: [16/938] Epoch: [0] Loss: [2.4025456063887654]
2019-07-11 01:11:09 INFO     Batch: [17/938] Epoch: [0] Loss: [2.400165014796787]
2019-07-11 01:11:09 INFO     Batch: [18/938] Epoch: [0] Loss: [2.390545041937577]
2019-07-11 01:11:10 INFO     Batch: [19/938] Epoch: [0] Loss: [2.3892483353614806]
2019-07-11 01:11:11 INFO     Batch: [20/938] Epoch: [0] Loss: [2.3860521089463007]
2019-07-11 01:11:11 INFO     Batch: [21/938] Epoch: [0] Loss: [2.380588585680181]
2019-07-11 01:11:12 INFO     Batch: [22/938] Epoch: [0] Loss: [2.3734405870022983]
2019-07-11 01:11:13 INFO     Batch: [23/938] Epoch: [0] Loss: [2.3687176009019217]
2019-07-11 01:11:13 INFO     Batch: [24/938] Epoch: [0] Loss: [2.361157693862915]
2019-07-11 01:11:14 INFO     Batch: [25/938] Epoch: [0] Loss: [2.3559607909275937]
2019-07-11 01:11:15 INFO     Batch: [26/938] Epoch: [0] Loss: [2.35062657462226]
2019-07-11 01:11:15 INFO     Batch: [27/938] Epoch: [0] Loss: [2.3465475014277866]
2019-07-11 01:11:16 INFO     Batch: [28/938] Epoch: [0] Loss: [2.34621315166868]
2019-07-11 01:11:17 INFO     Batch: [29/938] Epoch: [0] Loss: [2.3423346439997355]
2019-07-11 01:11:18 INFO     Batch: [30/938] Epoch: [0] Loss: [2.335579103039157]
2019-07-11 01:11:18 INFO     Batch: [31/938] Epoch: [0] Loss: [2.3321617618203163]
2019-07-11 01:11:19 INFO     Batch: [32/938] Epoch: [0] Loss: [2.327107053814512]
2019-07-11 01:11:20 INFO     Batch: [33/938] Epoch: [0] Loss: [2.3239228515064014]
2019-07-11 01:11:20 INFO     Batch: [34/938] Epoch: [0] Loss: [2.320746523993356]
2019-07-11 01:11:21 INFO     Batch: [35/938] Epoch: [0] Loss: [2.31759684615665]
2019-07-11 01:11:22 INFO     Batch: [36/938] Epoch: [0] Loss: [2.314267248720736]
2019-07-11 01:11:22 INFO     Batch: [37/938] Epoch: [0] Loss: [2.3117908364848088]
2019-07-11 01:11:23 INFO     Batch: [38/938] Epoch: [0] Loss: [2.310255337984134]
2019-07-11 01:11:24 INFO     Batch: [39/938] Epoch: [0] Loss: [2.306683486700058]
2019-07-11 01:11:25 INFO     Batch: [40/938] Epoch: [0] Loss: [2.3034247363485942]
2019-07-11 01:11:25 INFO     Batch: [41/938] Epoch: [0] Loss: [2.300822621300107]
2019-07-11 01:11:26 INFO     Batch: [42/938] Epoch: [0] Loss: [2.2980635720630023]
2019-07-11 01:11:27 INFO     Batch: [43/938] Epoch: [0] Loss: [2.297629015012221]
2019-07-11 01:11:27 INFO     Batch: [44/938] Epoch: [0] Loss: [2.2958556228213842]
2019-07-11 01:11:28 INFO     Batch: [45/938] Epoch: [0] Loss: [2.294351655503978]
2019-07-11 01:11:29 INFO     Batch: [46/938] Epoch: [0] Loss: [2.291916289228074]
2019-07-11 01:11:29 INFO     Batch: [47/938] Epoch: [0] Loss: [2.289772813518842]
2019-07-11 01:11:30 INFO     Batch: [48/938] Epoch: [0] Loss: [2.2893052782331194]
2019-07-11 01:11:31 INFO     Batch: [49/938] Epoch: [0] Loss: [2.2892516803741456]
2019-07-11 01:11:32 INFO     Batch: [50/938] Epoch: [0] Loss: [2.288060613707]
2019-07-11 01:11:32 INFO     Batch: [51/938] Epoch: [0] Loss: [2.28760747726147]
2019-07-11 01:11:33 INFO     Batch: [52/938] Epoch: [0] Loss: [2.2874027648062074]
2019-07-11 01:11:34 INFO     Batch: [53/938] Epoch: [0] Loss: [2.284303064699526]
2019-07-11 01:11:34 INFO     Batch: [54/938] Epoch: [0] Loss: [2.2835455287586557]
2019-07-11 01:11:35 INFO     Batch: [55/938] Epoch: [0] Loss: [2.282736850636346]
2019-07-11 01:11:36 INFO     Batch: [56/938] Epoch: [0] Loss: [2.2806891976741324]
2019-07-11 01:11:36 INFO     Batch: [57/938] Epoch: [0] Loss: [2.2801670987030556]
2019-07-11 01:11:37 INFO     Batch: [58/938] Epoch: [0] Loss: [2.278596663879136]
2019-07-11 01:11:38 INFO     Batch: [59/938] Epoch: [0] Loss: [2.27826980749766]
2019-07-11 01:11:38 INFO     Batch: [60/938] Epoch: [0] Loss: [2.2776308606882565]
2019-07-11 01:11:39 INFO     Batch: [61/938] Epoch: [0] Loss: [2.278298497200012]
2019-07-11 01:11:40 INFO     Batch: [62/938] Epoch: [0] Loss: [2.277384981276497]
2019-07-11 01:11:41 INFO     Batch: [63/938] Epoch: [0] Loss: [2.275954846292734]
2019-07-11 01:11:41 INFO     Batch: [64/938] Epoch: [0] Loss: [2.276249518761268]
2019-07-11 01:11:42 INFO     Batch: [65/938] Epoch: [0] Loss: [2.273920001405658]
2019-07-11 01:11:43 INFO     Batch: [66/938] Epoch: [0] Loss: [2.2714993135252994]
2019-07-11 01:11:43 INFO     Batch: [67/938] Epoch: [0] Loss: [2.2727461772806503]
2019-07-11 01:11:44 INFO     Batch: [68/938] Epoch: [0] Loss: [2.2708084686942724]
2019-07-11 01:11:45 INFO     Batch: [69/938] Epoch: [0] Loss: [2.2707256283078876]
2019-07-11 01:11:45 INFO     Batch: [70/938] Epoch: [0] Loss: [2.270049874211701]
2019-07-11 01:11:46 INFO     Batch: [71/938] Epoch: [0] Loss: [2.2688460449377694]
2019-07-11 01:11:47 INFO     Batch: [72/938] Epoch: [0] Loss: [2.2673692964527703]
2019-07-11 01:11:48 INFO     Batch: [73/938] Epoch: [0] Loss: [2.265430534208143]
2019-07-11 01:11:48 INFO     Batch: [74/938] Epoch: [0] Loss: [2.2640209134419758]
2019-07-11 01:11:49 INFO     Batch: [75/938] Epoch: [0] Loss: [2.2630460607378104]
2019-07-11 01:11:50 INFO     Batch: [76/938] Epoch: [0] Loss: [2.261896895123767]
2019-07-11 01:11:50 INFO     Batch: [77/938] Epoch: [0] Loss: [2.261503999049847]
2019-07-11 01:11:51 INFO     Batch: [78/938] Epoch: [0] Loss: [2.2622369754163523]
2019-07-11 01:11:52 INFO     Batch: [79/938] Epoch: [0] Loss: [2.2602861344814302]
2019-07-11 01:11:52 INFO     Batch: [80/938] Epoch: [0] Loss: [2.259028693776072]
2019-07-11 01:11:53 INFO     Batch: [81/938] Epoch: [0] Loss: [2.2581130702321124]
2019-07-11 01:11:54 INFO     Batch: [82/938] Epoch: [0] Loss: [2.2568248869424843]
2019-07-11 01:11:55 INFO     Batch: [83/938] Epoch: [0] Loss: [2.2558673847289312]
2019-07-11 01:11:55 INFO     Batch: [84/938] Epoch: [0] Loss: [2.255438439986285]
2019-07-11 01:11:56 INFO     Batch: [85/938] Epoch: [0] Loss: [2.253194301627403]
2019-07-11 01:11:57 INFO     Batch: [86/938] Epoch: [0] Loss: [2.251490058570073]
2019-07-11 01:11:57 INFO     Batch: [87/938] Epoch: [0] Loss: [2.2488464523445475]
2019-07-11 01:11:58 INFO     Batch: [88/938] Epoch: [0] Loss: [2.2474216477254805]
2019-07-11 01:11:59 INFO     Batch: [89/938] Epoch: [0] Loss: [2.2459405687120224]
2019-07-11 01:11:59 INFO     Batch: [90/938] Epoch: [0] Loss: [2.245107655996805]
2019-07-11 01:12:00 INFO     Batch: [91/938] Epoch: [0] Loss: [2.24359546277834]
2019-07-11 01:12:01 INFO     Batch: [92/938] Epoch: [0] Loss: [2.2432160249320408]
2019-07-11 01:12:02 INFO     Batch: [93/938] Epoch: [0] Loss: [2.241642249391434]
2019-07-11 01:12:02 INFO     Batch: [94/938] Epoch: [0] Loss: [2.2418430453852602]
2019-07-11 01:12:03 INFO     Batch: [95/938] Epoch: [0] Loss: [2.2399041280150414]
2019-07-11 01:12:04 INFO     Batch: [96/938] Epoch: [0] Loss: [2.238690437729826]
2019-07-11 01:12:04 INFO     Batch: [97/938] Epoch: [0] Loss: [2.2378718585384134]
2019-07-11 01:12:05 INFO     Batch: [98/938] Epoch: [0] Loss: [2.236690904154922]
2019-07-11 01:12:06 INFO     Batch: [99/938] Epoch: [0] Loss: [2.2364145588874815]
2019-07-11 01:12:07 INFO     Batch: [100/938] Epoch: [0] Loss: [2.234765376194869]
2019-07-11 01:12:07 INFO     Batch: [101/938] Epoch: [0] Loss: [2.2337477066937614]
2019-07-11 01:12:08 INFO     Batch: [102/938] Epoch: [0] Loss: [2.233204216633028]
2019-07-11 01:12:09 INFO     Batch: [103/938] Epoch: [0] Loss: [2.232283741235733]
2019-07-11 01:12:09 INFO     Batch: [104/938] Epoch: [0] Loss: [2.231395637421381]
2019-07-11 01:12:10 INFO     Batch: [105/938] Epoch: [0] Loss: [2.2297081497480287]
2019-07-11 01:12:11 INFO     Batch: [106/938] Epoch: [0] Loss: [2.2282765201319044]
2019-07-11 01:12:11 INFO     Batch: [107/938] Epoch: [0] Loss: [2.227471673930133]
2019-07-11 01:12:12 INFO     Batch: [108/938] Epoch: [0] Loss: [2.2259947903659367]
2019-07-11 01:12:13 INFO     Batch: [109/938] Epoch: [0] Loss: [2.224583946574818]
2019-07-11 01:12:14 INFO     Batch: [110/938] Epoch: [0] Loss: [2.223086101514799]
2019-07-11 01:12:14 INFO     Batch: [111/938] Epoch: [0] Loss: [2.2216468985591615]
2019-07-11 01:12:15 INFO     Batch: [112/938] Epoch: [0] Loss: [2.2201360727833435]
2019-07-11 01:12:16 INFO     Batch: [113/938] Epoch: [0] Loss: [2.2187732458114624]
2019-07-11 01:12:16 INFO     Batch: [114/938] Epoch: [0] Loss: [2.2183014537977135]
2019-07-11 01:12:17 INFO     Batch: [115/938] Epoch: [0] Loss: [2.216798149306199]
2019-07-11 01:12:18 INFO     Batch: [116/938] Epoch: [0] Loss: [2.2155543392540045]
2019-07-11 01:12:18 INFO     Batch: [117/938] Epoch: [0] Loss: [2.2146423408540628]
2019-07-11 01:12:19 INFO     Batch: [118/938] Epoch: [0] Loss: [2.2129893363023005]
2019-07-11 01:12:20 INFO     Batch: [119/938] Epoch: [0] Loss: [2.2115967094898226]
2019-07-11 01:12:21 INFO     Batch: [120/938] Epoch: [0] Loss: [2.210598925913661]
2019-07-11 01:12:21 INFO     Batch: [121/938] Epoch: [0] Loss: [2.20893943505209]
2019-07-11 01:12:22 INFO     Batch: [122/938] Epoch: [0] Loss: [2.208617121223512]
2019-07-11 01:12:23 INFO     Batch: [123/938] Epoch: [0] Loss: [2.207602939298076]
2019-07-11 01:12:23 INFO     Batch: [124/938] Epoch: [0] Loss: [2.206308572769165]
2019-07-11 01:12:24 INFO     Batch: [125/938] Epoch: [0] Loss: [2.205250925487942]
2019-07-11 01:12:25 INFO     Batch: [126/938] Epoch: [0] Loss: [2.2036372845567116]
2019-07-11 01:12:25 INFO     Batch: [127/938] Epoch: [0] Loss: [2.202207749709487]
2019-07-11 01:12:26 INFO     Batch: [128/938] Epoch: [0] Loss: [2.2006517343742904]
2019-07-11 01:12:27 INFO     Batch: [129/938] Epoch: [0] Loss: [2.1992276961986836]
2019-07-11 01:12:28 INFO     Batch: [130/938] Epoch: [0] Loss: [2.197665305538032]
2019-07-11 01:12:28 INFO     Batch: [131/938] Epoch: [0] Loss: [2.1964131864634426]
2019-07-11 01:12:29 INFO     Batch: [132/938] Epoch: [0] Loss: [2.1958938003482675]
2019-07-11 01:12:30 INFO     Batch: [133/938] Epoch: [0] Loss: [2.1950638596691303]
2019-07-11 01:12:30 INFO     Batch: [134/938] Epoch: [0] Loss: [2.1938028070661755]
2019-07-11 01:12:31 INFO     Batch: [135/938] Epoch: [0] Loss: [2.191649365951033]
2019-07-11 01:12:32 INFO     Batch: [136/938] Epoch: [0] Loss: [2.1914478871074037]
2019-07-11 01:12:32 INFO     Batch: [137/938] Epoch: [0] Loss: [2.1902091770932293]
2019-07-11 01:12:33 INFO     Batch: [138/938] Epoch: [0] Loss: [2.188831122659093]
2019-07-11 01:12:34 INFO     Batch: [139/938] Epoch: [0] Loss: [2.187461031334741]
2019-07-11 01:12:35 INFO     Batch: [140/938] Epoch: [0] Loss: [2.1865579160392707]
2019-07-11 01:12:35 INFO     Batch: [141/938] Epoch: [0] Loss: [2.18578548246706]
2019-07-11 01:12:36 INFO     Batch: [142/938] Epoch: [0] Loss: [2.1847868290814487]
2019-07-11 01:12:37 INFO     Batch: [143/938] Epoch: [0] Loss: [2.1833766715394125]
2019-07-11 01:12:37 INFO     Batch: [144/938] Epoch: [0] Loss: [2.1819873612502527]
2019-07-11 01:12:38 INFO     Batch: [145/938] Epoch: [0] Loss: [2.1807552020843715]
2019-07-11 01:12:39 INFO     Batch: [146/938] Epoch: [0] Loss: [2.1795724541151604]
2019-07-11 01:12:40 INFO     Batch: [147/938] Epoch: [0] Loss: [2.1786920347729244]
2019-07-11 01:12:40 INFO     Batch: [148/938] Epoch: [0] Loss: [2.17728041562458]
2019-07-11 01:12:41 INFO     Batch: [149/938] Epoch: [0] Loss: [2.176371074517568]
2019-07-11 01:12:42 INFO     Batch: [150/938] Epoch: [0] Loss: [2.1750679939787907]
2019-07-11 01:12:42 INFO     Batch: [151/938] Epoch: [0] Loss: [2.173762711255174]
2019-07-11 01:12:43 INFO     Batch: [152/938] Epoch: [0] Loss: [2.172990305750978]
2019-07-11 01:12:44 INFO     Batch: [153/938] Epoch: [0] Loss: [2.1720400483577285]
2019-07-11 01:12:44 INFO     Batch: [154/938] Epoch: [0] Loss: [2.1714587680755124]
2019-07-11 01:12:45 INFO     Batch: [155/938] Epoch: [0] Loss: [2.170315076143314]
2019-07-11 01:12:46 INFO     Batch: [156/938] Epoch: [0] Loss: [2.1694504349095047]
2019-07-11 01:12:47 INFO     Batch: [157/938] Epoch: [0] Loss: [2.1680838865569876]
2019-07-11 01:12:47 INFO     Batch: [158/938] Epoch: [0] Loss: [2.16675829287595]
2019-07-11 01:12:48 INFO     Batch: [159/938] Epoch: [0] Loss: [2.1665106981992723]
2019-07-11 01:12:49 INFO     Batch: [160/938] Epoch: [0] Loss: [2.1656232339254817]
2019-07-11 01:12:49 INFO     Batch: [161/938] Epoch: [0] Loss: [2.1644867143513244]
2019-07-11 01:12:50 INFO     Batch: [162/938] Epoch: [0] Loss: [2.163359186400665]
2019-07-11 01:12:51 INFO     Batch: [163/938] Epoch: [0] Loss: [2.1616112829708474]
2019-07-11 01:12:51 INFO     Batch: [164/938] Epoch: [0] Loss: [2.1596883911075015]
2019-07-11 01:12:52 INFO     Batch: [165/938] Epoch: [0] Loss: [2.1585755262030175]
2019-07-11 01:12:53 INFO     Batch: [166/938] Epoch: [0] Loss: [2.1571264616743533]
2019-07-11 01:12:54 INFO     Batch: [167/938] Epoch: [0] Loss: [2.156172195360774]
2019-07-11 01:12:54 INFO     Batch: [168/938] Epoch: [0] Loss: [2.155171204600814]
2019-07-11 01:12:55 INFO     Batch: [169/938] Epoch: [0] Loss: [2.1539258087382596]
2019-07-11 01:12:56 INFO     Batch: [170/938] Epoch: [0] Loss: [2.1534770050941154]
2019-07-11 01:12:56 INFO     Batch: [171/938] Epoch: [0] Loss: [2.151959916186887]
2019-07-11 01:12:57 INFO     Batch: [172/938] Epoch: [0] Loss: [2.1509835217040396]
2019-07-11 01:12:58 INFO     Batch: [173/938] Epoch: [0] Loss: [2.149418351979091]
2019-07-11 01:12:59 INFO     Batch: [174/938] Epoch: [0] Loss: [2.1485487583705356]
2019-07-11 01:12:59 INFO     Batch: [175/938] Epoch: [0] Loss: [2.1475934582677754]
2019-07-11 01:13:00 INFO     Batch: [176/938] Epoch: [0] Loss: [2.1469324113285473]
2019-07-11 01:13:01 INFO     Batch: [177/938] Epoch: [0] Loss: [2.1465894646858903]
2019-07-11 01:13:01 INFO     Batch: [178/938] Epoch: [0] Loss: [2.145846328921824]
2019-07-11 01:13:02 INFO     Batch: [179/938] Epoch: [0] Loss: [2.1455125696129267]
2019-07-11 01:13:03 INFO     Batch: [180/938] Epoch: [0] Loss: [2.1447069625169535]
2019-07-11 01:13:03 INFO     Batch: [181/938] Epoch: [0] Loss: [2.1434169988055807]
2019-07-11 01:13:04 INFO     Batch: [182/938] Epoch: [0] Loss: [2.1420492695980387]
2019-07-11 01:13:05 INFO     Batch: [183/938] Epoch: [0] Loss: [2.14080148935318]
2019-07-11 01:13:06 INFO     Batch: [184/938] Epoch: [0] Loss: [2.1397310553370295]
2019-07-11 01:13:06 INFO     Batch: [185/938] Epoch: [0] Loss: [2.139034894204909]
2019-07-11 01:13:07 INFO     Batch: [186/938] Epoch: [0] Loss: [2.137416947334208]
2019-07-11 01:13:08 INFO     Batch: [187/938] Epoch: [0] Loss: [2.136201429240247]
2019-07-11 01:13:08 INFO     Batch: [188/938] Epoch: [0] Loss: [2.135140129498073]
2019-07-11 01:13:09 INFO     Batch: [189/938] Epoch: [0] Loss: [2.1342821190231724]
2019-07-11 01:13:10 INFO     Batch: [190/938] Epoch: [0] Loss: [2.1343410945063486]
2019-07-11 01:13:10 INFO     Batch: [191/938] Epoch: [0] Loss: [2.133637913813194]
2019-07-11 01:13:11 INFO     Batch: [192/938] Epoch: [0] Loss: [2.1324364496636266]
2019-07-11 01:13:12 INFO     Batch: [193/938] Epoch: [0] Loss: [2.1317737360590514]
2019-07-11 01:13:13 INFO     Batch: [194/938] Epoch: [0] Loss: [2.131338941133939]
2019-07-11 01:13:13 INFO     Batch: [195/938] Epoch: [0] Loss: [2.130242473616892]
2019-07-11 01:13:14 INFO     Batch: [196/938] Epoch: [0] Loss: [2.129354444857176]
2019-07-11 01:13:15 INFO     Batch: [197/938] Epoch: [0] Loss: [2.128116063999407]
2019-07-11 01:13:15 INFO     Batch: [198/938] Epoch: [0] Loss: [2.1275939899473335]
2019-07-11 01:13:16 INFO     Batch: [199/938] Epoch: [0] Loss: [2.126778990626335]
2019-07-11 01:13:17 INFO     Batch: [200/938] Epoch: [0] Loss: [2.1258552252356684]
2019-07-11 01:13:18 INFO     Batch: [201/938] Epoch: [0] Loss: [2.1244874673314613]
2019-07-11 01:13:18 INFO     Batch: [202/938] Epoch: [0] Loss: [2.1237936783306703]
2019-07-11 01:13:19 INFO     Batch: [203/938] Epoch: [0] Loss: [2.1236913846988306]
2019-07-11 01:13:20 INFO     Batch: [204/938] Epoch: [0] Loss: [2.122526300244215]
2019-07-11 01:13:20 INFO     Batch: [205/938] Epoch: [0] Loss: [2.121988364793722]
2019-07-11 01:13:21 INFO     Batch: [206/938] Epoch: [0] Loss: [2.122057908974984]
2019-07-11 01:13:22 INFO     Batch: [207/938] Epoch: [0] Loss: [2.121266489991775]
2019-07-11 01:13:22 INFO     Batch: [208/938] Epoch: [0] Loss: [2.1204712174155493]
2019-07-11 01:13:23 INFO     Batch: [209/938] Epoch: [0] Loss: [2.119884181022644]
2019-07-11 01:13:24 INFO     Batch: [210/938] Epoch: [0] Loss: [2.118829565590592]
2019-07-11 01:13:25 INFO     Batch: [211/938] Epoch: [0] Loss: [2.117941324440938]
2019-07-11 01:13:25 INFO     Batch: [212/938] Epoch: [0] Loss: [2.117044961508451]
2019-07-11 01:13:26 INFO     Batch: [213/938] Epoch: [0] Loss: [2.1156934109803673]
2019-07-11 01:13:27 INFO     Batch: [214/938] Epoch: [0] Loss: [2.1154633599658346]
2019-07-11 01:13:27 INFO     Batch: [215/938] Epoch: [0] Loss: [2.114815413399979]
2019-07-11 01:13:28 INFO     Batch: [216/938] Epoch: [0] Loss: [2.114063876565151]
2019-07-11 01:13:29 INFO     Batch: [217/938] Epoch: [0] Loss: [2.1128392667945373]
2019-07-11 01:13:29 INFO     Batch: [218/938] Epoch: [0] Loss: [2.112356477676461]
2019-07-11 01:13:30 INFO     Batch: [219/938] Epoch: [0] Loss: [2.111117630113255]
2019-07-11 01:13:31 INFO     Batch: [220/938] Epoch: [0] Loss: [2.11019236955168]
2019-07-11 01:13:32 INFO     Batch: [221/938] Epoch: [0] Loss: [2.1096346845497957]
2019-07-11 01:13:32 INFO     Batch: [222/938] Epoch: [0] Loss: [2.109114622321364]
2019-07-11 01:13:33 INFO     Batch: [223/938] Epoch: [0] Loss: [2.1080533553447043]
2019-07-11 01:13:34 INFO     Batch: [224/938] Epoch: [0] Loss: [2.107291668785943]
2019-07-11 01:13:34 INFO     Batch: [225/938] Epoch: [0] Loss: [2.106383069954087]
2019-07-11 01:13:35 INFO     Batch: [226/938] Epoch: [0] Loss: [2.105589757931915]
2019-07-11 01:13:36 INFO     Batch: [227/938] Epoch: [0] Loss: [2.1044095487971055]
2019-07-11 01:13:37 INFO     Batch: [228/938] Epoch: [0] Loss: [2.10420964846965]
2019-07-11 01:13:37 INFO     Batch: [229/938] Epoch: [0] Loss: [2.1033240986906963]
2019-07-11 01:13:38 INFO     Batch: [230/938] Epoch: [0] Loss: [2.102450717579235]
2019-07-11 01:13:39 INFO     Batch: [231/938] Epoch: [0] Loss: [2.1021430924020965]
2019-07-11 01:13:39 INFO     Batch: [232/938] Epoch: [0] Loss: [2.1014423687570596]
2019-07-11 01:13:40 INFO     Batch: [233/938] Epoch: [0] Loss: [2.100987657522544]
2019-07-11 01:13:41 INFO     Batch: [234/938] Epoch: [0] Loss: [2.100156487809851]
2019-07-11 01:13:42 INFO     Batch: [235/938] Epoch: [0] Loss: [2.0996275402731817]
2019-07-11 01:13:42 INFO     Batch: [236/938] Epoch: [0] Loss: [2.0989890953659507]
2019-07-11 01:13:43 INFO     Batch: [237/938] Epoch: [0] Loss: [2.098036645841198]
2019-07-11 01:13:44 INFO     Batch: [238/938] Epoch: [0] Loss: [2.097754951301479]
2019-07-11 01:13:44 INFO     Batch: [239/938] Epoch: [0] Loss: [2.0971290056904155]
2019-07-11 01:13:45 INFO     Batch: [240/938] Epoch: [0] Loss: [2.0965135681184]
2019-07-11 01:13:46 INFO     Batch: [241/938] Epoch: [0] Loss: [2.095490097014372]
2019-07-11 01:13:46 INFO     Batch: [242/938] Epoch: [0] Loss: [2.095343839975051]
2019-07-11 01:13:47 INFO     Batch: [243/938] Epoch: [0] Loss: [2.0951261999177153]
2019-07-11 01:13:48 INFO     Batch: [244/938] Epoch: [0] Loss: [2.094020262543036]
2019-07-11 01:13:49 INFO     Batch: [245/938] Epoch: [0] Loss: [2.094239560569205]
2019-07-11 01:13:49 INFO     Batch: [246/938] Epoch: [0] Loss: [2.0934544767928025]
2019-07-11 01:13:50 INFO     Batch: [247/938] Epoch: [0] Loss: [2.092843070626259]
2019-07-11 01:13:51 INFO     Batch: [248/938] Epoch: [0] Loss: [2.091737078854358]
2019-07-11 01:13:51 INFO     Batch: [249/938] Epoch: [0] Loss: [2.0907914762496946]
2019-07-11 01:13:52 INFO     Batch: [250/938] Epoch: [0] Loss: [2.0897268982997455]
2019-07-11 01:13:53 INFO     Batch: [251/938] Epoch: [0] Loss: [2.0884130114600774]
2019-07-11 01:13:54 INFO     Batch: [252/938] Epoch: [0] Loss: [2.0877317722607036]
2019-07-11 01:13:54 INFO     Batch: [253/938] Epoch: [0] Loss: [2.0867475233678743]
2019-07-11 01:13:55 INFO     Batch: [254/938] Epoch: [0] Loss: [2.0862283931058996]
2019-07-11 01:13:56 INFO     Batch: [255/938] Epoch: [0] Loss: [2.0854878104291856]
2019-07-11 01:13:56 INFO     Batch: [256/938] Epoch: [0] Loss: [2.084736110635305]
2019-07-11 01:13:57 INFO     Batch: [257/938] Epoch: [0] Loss: [2.083893036195474]
2019-07-11 01:13:58 INFO     Batch: [258/938] Epoch: [0] Loss: [2.0831637851980203]
2019-07-11 01:13:58 INFO     Batch: [259/938] Epoch: [0] Loss: [2.0820743083953857]
2019-07-11 01:13:59 INFO     Batch: [260/938] Epoch: [0] Loss: [2.080809404110086]
2019-07-11 01:14:00 INFO     Batch: [261/938] Epoch: [0] Loss: [2.0800301391659803]
2019-07-11 01:14:01 INFO     Batch: [262/938] Epoch: [0] Loss: [2.0793884992599487]
2019-07-11 01:14:01 INFO     Batch: [263/938] Epoch: [0] Loss: [2.0792855390093545]
2019-07-11 01:14:02 INFO     Batch: [264/938] Epoch: [0] Loss: [2.0786475950816894]
2019-07-11 01:14:03 INFO     Batch: [265/938] Epoch: [0] Loss: [2.078274484863855]
2019-07-11 01:14:03 INFO     Batch: [266/938] Epoch: [0] Loss: [2.0779844660883984]
2019-07-11 01:14:04 INFO     Batch: [267/938] Epoch: [0] Loss: [2.077618122990452]
2019-07-11 01:14:05 INFO     Batch: [268/938] Epoch: [0] Loss: [2.077227520676794]
2019-07-11 01:14:06 INFO     Batch: [269/938] Epoch: [0] Loss: [2.076778792451929]
2019-07-11 01:14:06 INFO     Batch: [270/938] Epoch: [0] Loss: [2.0761075750048312]
2019-07-11 01:14:07 INFO     Batch: [271/938] Epoch: [0] Loss: [2.0752449640456367]
2019-07-11 01:14:08 INFO     Batch: [272/938] Epoch: [0] Loss: [2.074906852655795]
2019-07-11 01:14:08 INFO     Batch: [273/938] Epoch: [0] Loss: [2.0740635991096497]
2019-07-11 01:14:09 INFO     Batch: [274/938] Epoch: [0] Loss: [2.073254258849404]
2019-07-11 01:14:10 INFO     Batch: [275/938] Epoch: [0] Loss: [2.0722375382547793]
2019-07-11 01:14:10 INFO     Batch: [276/938] Epoch: [0] Loss: [2.071442076015128]
2019-07-11 01:14:11 INFO     Batch: [277/938] Epoch: [0] Loss: [2.0704568109923986]
2019-07-11 01:14:12 INFO     Batch: [278/938] Epoch: [0] Loss: [2.0696816589669944]
2019-07-11 01:14:13 INFO     Batch: [279/938] Epoch: [0] Loss: [2.069108123864446]
2019-07-11 01:14:13 INFO     Batch: [280/938] Epoch: [0] Loss: [2.0685299405848006]
2019-07-11 01:14:14 INFO     Batch: [281/938] Epoch: [0] Loss: [2.067624646721157]
2019-07-11 01:14:15 INFO     Batch: [282/938] Epoch: [0] Loss: [2.067168330135278]
2019-07-11 01:14:15 INFO     Batch: [283/938] Epoch: [0] Loss: [2.0665532715723547]
2019-07-11 01:14:16 INFO     Batch: [284/938] Epoch: [0] Loss: [2.066039352249681]
2019-07-11 01:14:17 INFO     Batch: [285/938] Epoch: [0] Loss: [2.0658243786204946]
2019-07-11 01:14:18 INFO     Batch: [286/938] Epoch: [0] Loss: [2.065138649026691]
2019-07-11 01:14:18 INFO     Batch: [287/938] Epoch: [0] Loss: [2.064572934061289]
2019-07-11 01:14:19 INFO     Batch: [288/938] Epoch: [0] Loss: [2.0643954924646133]
2019-07-11 01:14:20 INFO     Batch: [289/938] Epoch: [0] Loss: [2.0638228461660186]
2019-07-11 01:14:20 INFO     Batch: [290/938] Epoch: [0] Loss: [2.063247249298489]
2019-07-11 01:14:21 INFO     Batch: [291/938] Epoch: [0] Loss: [2.063004097709917]
2019-07-11 01:14:22 INFO     Batch: [292/938] Epoch: [0] Loss: [2.062411646794134]
2019-07-11 01:14:22 INFO     Batch: [293/938] Epoch: [0] Loss: [2.062152611966036]
2019-07-11 01:14:23 INFO     Batch: [294/938] Epoch: [0] Loss: [2.061579956846722]
2019-07-11 01:14:24 INFO     Batch: [295/938] Epoch: [0] Loss: [2.0608683309039555]
2019-07-11 01:14:25 INFO     Batch: [296/938] Epoch: [0] Loss: [2.0600046035817976]
2019-07-11 01:14:25 INFO     Batch: [297/938] Epoch: [0] Loss: [2.0594987545237444]
2019-07-11 01:14:26 INFO     Batch: [298/938] Epoch: [0] Loss: [2.058472497008716]
2019-07-11 01:14:27 INFO     Batch: [299/938] Epoch: [0] Loss: [2.05848667383194]
2019-07-11 01:14:27 INFO     Batch: [300/938] Epoch: [0] Loss: [2.0578252088983984]
2019-07-11 01:14:28 INFO     Batch: [301/938] Epoch: [0] Loss: [2.0568777622766055]
2019-07-11 01:14:29 INFO     Batch: [302/938] Epoch: [0] Loss: [2.056128652969209]
2019-07-11 01:14:30 INFO     Batch: [303/938] Epoch: [0] Loss: [2.0560288641013598]
2019-07-11 01:14:30 INFO     Batch: [304/938] Epoch: [0] Loss: [2.055200996555266]
2019-07-11 01:14:31 INFO     Batch: [305/938] Epoch: [0] Loss: [2.0550031938584024]
2019-07-11 01:14:32 INFO     Batch: [306/938] Epoch: [0] Loss: [2.0549802077321355]
2019-07-11 01:14:32 INFO     Batch: [307/938] Epoch: [0] Loss: [2.0540757221835]
2019-07-11 01:14:33 INFO     Batch: [308/938] Epoch: [0] Loss: [2.054102023056796]
2019-07-11 01:14:34 INFO     Batch: [309/938] Epoch: [0] Loss: [2.0532122062098597]
2019-07-11 01:14:35 INFO     Batch: [310/938] Epoch: [0] Loss: [2.0526925869693327]
2019-07-11 01:14:35 INFO     Batch: [311/938] Epoch: [0] Loss: [2.052302434658393]
2019-07-11 01:14:36 INFO     Batch: [312/938] Epoch: [0] Loss: [2.052421323788433]
2019-07-11 01:14:37 INFO     Batch: [313/938] Epoch: [0] Loss: [2.051738855185782]
2019-07-11 01:14:37 INFO     Batch: [314/938] Epoch: [0] Loss: [2.0513839460554575]
2019-07-11 01:14:38 INFO     Batch: [315/938] Epoch: [0] Loss: [2.0506967370268665]
2019-07-11 01:14:39 INFO     Batch: [316/938] Epoch: [0] Loss: [2.0499084311704907]
2019-07-11 01:14:40 INFO     Batch: [317/938] Epoch: [0] Loss: [2.049133319524849]
2019-07-11 01:14:40 INFO     Batch: [318/938] Epoch: [0] Loss: [2.0485462122202667]
2019-07-11 01:14:41 INFO     Batch: [319/938] Epoch: [0] Loss: [2.0482967291027308]
2019-07-11 01:14:42 INFO     Batch: [320/938] Epoch: [0] Loss: [2.047445504836204]
2019-07-11 01:14:42 INFO     Batch: [321/938] Epoch: [0] Loss: [2.046060174148275]
2019-07-11 01:14:43 INFO     Batch: [322/938] Epoch: [0] Loss: [2.0454480371239017]
2019-07-11 01:14:44 INFO     Batch: [323/938] Epoch: [0] Loss: [2.0450545928360504]
2019-07-11 01:14:45 INFO     Batch: [324/938] Epoch: [0] Loss: [2.0448707067049465]
2019-07-11 01:14:45 INFO     Batch: [325/938] Epoch: [0] Loss: [2.044774673467765]
2019-07-11 01:14:46 INFO     Batch: [326/938] Epoch: [0] Loss: [2.044801050005338]
2019-07-11 01:14:47 INFO     Batch: [327/938] Epoch: [0] Loss: [2.0434216816977755]
2019-07-11 01:14:47 INFO     Batch: [328/938] Epoch: [0] Loss: [2.0426899600536266]
2019-07-11 01:14:48 INFO     Batch: [329/938] Epoch: [0] Loss: [2.0426351030667624]
2019-07-11 01:14:49 INFO     Batch: [330/938] Epoch: [0] Loss: [2.041675759586323]
2019-07-11 01:14:49 INFO     Batch: [331/938] Epoch: [0] Loss: [2.0408225185181723]
2019-07-11 01:14:50 INFO     Batch: [332/938] Epoch: [0] Loss: [2.0408340112583057]
2019-07-11 01:14:51 INFO     Batch: [333/938] Epoch: [0] Loss: [2.040584006352339]
2019-07-11 01:14:52 INFO     Batch: [334/938] Epoch: [0] Loss: [2.039622945572013]
2019-07-11 01:14:52 INFO     Batch: [335/938] Epoch: [0] Loss: [2.039447599933261]
2019-07-11 01:14:53 INFO     Batch: [336/938] Epoch: [0] Loss: [2.0391237848944055]
2019-07-11 01:14:54 INFO     Batch: [337/938] Epoch: [0] Loss: [2.0377438759662696]
2019-07-11 01:14:54 INFO     Batch: [338/938] Epoch: [0] Loss: [2.037500104721317]
2019-07-11 01:14:55 INFO     Batch: [339/938] Epoch: [0] Loss: [2.0370050721308766]
2019-07-11 01:14:56 INFO     Batch: [340/938] Epoch: [0] Loss: [2.0361564764179443]
2019-07-11 01:14:57 INFO     Batch: [341/938] Epoch: [0] Loss: [2.0355409387259455]
2019-07-11 01:14:57 INFO     Batch: [342/938] Epoch: [0] Loss: [2.0354163191408876]
2019-07-11 01:14:58 INFO     Batch: [343/938] Epoch: [0] Loss: [2.0348147614750753]
2019-07-11 01:14:59 INFO     Batch: [344/938] Epoch: [0] Loss: [2.034955352631168]
2019-07-11 01:14:59 INFO     Batch: [345/938] Epoch: [0] Loss: [2.0344435779345518]
2019-07-11 01:15:00 INFO     Batch: [346/938] Epoch: [0] Loss: [2.033849531704136]
2019-07-11 01:15:01 INFO     Batch: [347/938] Epoch: [0] Loss: [2.033096661170324]
2019-07-11 01:15:02 INFO     Batch: [348/938] Epoch: [0] Loss: [2.032509760050514]
2019-07-11 01:15:02 INFO     Batch: [349/938] Epoch: [0] Loss: [2.031789698260171]
2019-07-11 01:15:03 INFO     Batch: [350/938] Epoch: [0] Loss: [2.031466066667497]
2019-07-11 01:15:04 INFO     Batch: [351/938] Epoch: [0] Loss: [2.030805755406618]
2019-07-11 01:15:04 INFO     Batch: [352/938] Epoch: [0] Loss: [2.030149309560868]
2019-07-11 01:15:05 INFO     Batch: [353/938] Epoch: [0] Loss: [2.029113885036296]
2019-07-11 01:15:06 INFO     Batch: [354/938] Epoch: [0] Loss: [2.028520881961769]
2019-07-11 01:15:06 INFO     Batch: [355/938] Epoch: [0] Loss: [2.027415525712324]
2019-07-11 01:15:07 INFO     Batch: [356/938] Epoch: [0] Loss: [2.0267875007554594]
2019-07-11 01:15:08 INFO     Batch: [357/938] Epoch: [0] Loss: [2.026800483964675]
2019-07-11 01:15:09 INFO     Batch: [358/938] Epoch: [0] Loss: [2.0269555055995507]
2019-07-11 01:15:09 INFO     Batch: [359/938] Epoch: [0] Loss: [2.0263569179508423]
2019-07-11 01:15:10 INFO     Batch: [360/938] Epoch: [0] Loss: [2.0264001034633603]
2019-07-11 01:15:11 INFO     Batch: [361/938] Epoch: [0] Loss: [2.026447448611918]
2019-07-11 01:15:11 INFO     Batch: [362/938] Epoch: [0] Loss: [2.0260236335523203]
2019-07-11 01:15:12 INFO     Batch: [363/938] Epoch: [0] Loss: [2.0257221247468675]
2019-07-11 01:15:13 INFO     Batch: [364/938] Epoch: [0] Loss: [2.025571981521502]
2019-07-11 01:15:14 INFO     Batch: [365/938] Epoch: [0] Loss: [2.0249862573185906]
2019-07-11 01:15:14 INFO     Batch: [366/938] Epoch: [0] Loss: [2.024949161493161]
2019-07-11 01:15:15 INFO     Batch: [367/938] Epoch: [0] Loss: [2.02437113614186]
2019-07-11 01:15:16 INFO     Batch: [368/938] Epoch: [0] Loss: [2.024419385889358]
2019-07-11 01:15:16 INFO     Batch: [369/938] Epoch: [0] Loss: [2.024302442653759]
2019-07-11 01:15:17 INFO     Batch: [370/938] Epoch: [0] Loss: [2.023564166457184]
2019-07-11 01:15:18 INFO     Batch: [371/938] Epoch: [0] Loss: [2.023606902168643]
2019-07-11 01:15:19 INFO     Batch: [372/938] Epoch: [0] Loss: [2.0232213796303675]
2019-07-11 01:15:19 INFO     Batch: [373/938] Epoch: [0] Loss: [2.0237452996605856]
2019-07-11 01:15:20 INFO     Batch: [374/938] Epoch: [0] Loss: [2.0239355239868164]
2019-07-11 01:15:21 INFO     Batch: [375/938] Epoch: [0] Loss: [2.0232465425704387]
2019-07-11 01:15:21 INFO     Batch: [376/938] Epoch: [0] Loss: [2.023106370111359]
2019-07-11 01:15:22 INFO     Batch: [377/938] Epoch: [0] Loss: [2.0226873588309715]
2019-07-11 01:15:23 INFO     Batch: [378/938] Epoch: [0] Loss: [2.02245918301605]
2019-07-11 01:15:24 INFO     Batch: [379/938] Epoch: [0] Loss: [2.0224979319070515]
2019-07-11 01:15:24 INFO     Batch: [380/938] Epoch: [0] Loss: [2.0225535146207636]
2019-07-11 01:15:25 INFO     Batch: [381/938] Epoch: [0] Loss: [2.0219427378389847]
2019-07-11 01:15:26 INFO     Batch: [382/938] Epoch: [0] Loss: [2.0213607776880886]
2019-07-11 01:15:26 INFO     Batch: [383/938] Epoch: [0] Loss: [2.0215488485991955]
2019-07-11 01:15:27 INFO     Batch: [384/938] Epoch: [0] Loss: [2.0212391147365816]
2019-07-11 01:15:28 INFO     Batch: [385/938] Epoch: [0] Loss: [2.0208425963480856]
2019-07-11 01:15:29 INFO     Batch: [386/938] Epoch: [0] Loss: [2.021032605984414]
2019-07-11 01:15:29 INFO     Batch: [387/938] Epoch: [0] Loss: [2.0210782808741343]
2019-07-11 01:15:30 INFO     Batch: [388/938] Epoch: [0] Loss: [2.0204271556172704]
2019-07-11 01:15:31 INFO     Batch: [389/938] Epoch: [0] Loss: [2.020052468471038]
2019-07-11 01:15:31 INFO     Batch: [390/938] Epoch: [0] Loss: [2.019603804249288]
2019-07-11 01:15:32 INFO     Batch: [391/938] Epoch: [0] Loss: [2.0191764518314477]
2019-07-11 01:15:33 INFO     Batch: [392/938] Epoch: [0] Loss: [2.0183553962610454]
2019-07-11 01:15:33 INFO     Batch: [393/938] Epoch: [0] Loss: [2.0179715725371077]
2019-07-11 01:15:34 INFO     Batch: [394/938] Epoch: [0] Loss: [2.0174918226048915]
2019-07-11 01:15:35 INFO     Batch: [395/938] Epoch: [0] Loss: [2.017076724105411]
2019-07-11 01:15:36 INFO     Batch: [396/938] Epoch: [0] Loss: [2.0167533741790042]
2019-07-11 01:15:36 INFO     Batch: [397/938] Epoch: [0] Loss: [2.0161027629770825]
2019-07-11 01:15:37 INFO     Batch: [398/938] Epoch: [0] Loss: [2.015560609953744]
2019-07-11 01:15:38 INFO     Batch: [399/938] Epoch: [0] Loss: [2.0152290239930153]
2019-07-11 01:15:38 INFO     Batch: [400/938] Epoch: [0] Loss: [2.0146159581709977]
2019-07-11 01:15:39 INFO     Batch: [401/938] Epoch: [0] Loss: [2.0143889761089686]
2019-07-11 01:15:40 INFO     Batch: [402/938] Epoch: [0] Loss: [2.013839868694618]
2019-07-11 01:15:41 INFO     Batch: [403/938] Epoch: [0] Loss: [2.013681157980815]
2019-07-11 01:15:41 INFO     Batch: [404/938] Epoch: [0] Loss: [2.01304082016886]
2019-07-11 01:15:42 INFO     Batch: [405/938] Epoch: [0] Loss: [2.0128350933197097]
2019-07-11 01:15:43 INFO     Batch: [406/938] Epoch: [0] Loss: [2.0121813371081902]
2019-07-11 01:15:43 INFO     Batch: [407/938] Epoch: [0] Loss: [2.011658370787022]
2019-07-11 01:15:44 INFO     Batch: [408/938] Epoch: [0] Loss: [2.0117084557386367]
2019-07-11 01:15:45 INFO     Batch: [409/938] Epoch: [0] Loss: [2.0114932813295505]
2019-07-11 01:15:46 INFO     Batch: [410/938] Epoch: [0] Loss: [2.011123046097674]
2019-07-11 01:15:46 INFO     Batch: [411/938] Epoch: [0] Loss: [2.010795135521194]
2019-07-11 01:15:47 INFO     Batch: [412/938] Epoch: [0] Loss: [2.0107183444875205]
2019-07-11 01:15:48 INFO     Batch: [413/938] Epoch: [0] Loss: [2.0104021395462146]
2019-07-11 01:15:48 INFO     Batch: [414/938] Epoch: [0] Loss: [2.0103546424084398]
2019-07-11 01:15:49 INFO     Batch: [415/938] Epoch: [0] Loss: [2.0094048300614724]
2019-07-11 01:15:50 INFO     Batch: [416/938] Epoch: [0] Loss: [2.0093548812454554]
2019-07-11 01:15:50 INFO     Batch: [417/938] Epoch: [0] Loss: [2.0090396946126763]
2019-07-11 01:15:51 INFO     Batch: [418/938] Epoch: [0] Loss: [2.008736444828334]
2019-07-11 01:15:52 INFO     Batch: [419/938] Epoch: [0] Loss: [2.0083402193727946]
2019-07-11 01:15:53 INFO     Batch: [420/938] Epoch: [0] Loss: [2.007783585376241]
2019-07-11 01:15:53 INFO     Batch: [421/938] Epoch: [0] Loss: [2.007538570611963]
2019-07-11 01:15:54 INFO     Batch: [422/938] Epoch: [0] Loss: [2.006721290854416]
2019-07-11 01:15:55 INFO     Batch: [423/938] Epoch: [0] Loss: [2.0064358334496335]
2019-07-11 01:15:55 INFO     Batch: [424/938] Epoch: [0] Loss: [2.0062438305686503]
2019-07-11 01:15:56 INFO     Batch: [425/938] Epoch: [0] Loss: [2.005888924072606]
2019-07-11 01:15:57 INFO     Batch: [426/938] Epoch: [0] Loss: [2.0054688612806153]
2019-07-11 01:15:58 INFO     Batch: [427/938] Epoch: [0] Loss: [2.0050837595329107]
2019-07-11 01:15:58 INFO     Batch: [428/938] Epoch: [0] Loss: [2.0049353562868557]
2019-07-11 01:15:59 INFO     Batch: [429/938] Epoch: [0] Loss: [2.0044836571050246]
2019-07-11 01:16:00 INFO     Batch: [430/938] Epoch: [0] Loss: [2.004018136354168]
2019-07-11 01:16:00 INFO     Batch: [431/938] Epoch: [0] Loss: [2.003716956410143]
2019-07-11 01:16:01 INFO     Batch: [432/938] Epoch: [0] Loss: [2.0031366601551928]
2019-07-11 01:16:02 INFO     Batch: [433/938] Epoch: [0] Loss: [2.0025676563038806]
2019-07-11 01:16:03 INFO     Batch: [434/938] Epoch: [0] Loss: [2.0022683886275896]
2019-07-11 01:16:03 INFO     Batch: [435/938] Epoch: [0] Loss: [2.0015384885696097]
2019-07-11 01:16:04 INFO     Batch: [436/938] Epoch: [0] Loss: [2.0012086610772246]
2019-07-11 01:16:05 INFO     Batch: [437/938] Epoch: [0] Loss: [2.00104831424478]
2019-07-11 01:16:05 INFO     Batch: [438/938] Epoch: [0] Loss: [2.0005045624148603]
2019-07-11 01:16:06 INFO     Batch: [439/938] Epoch: [0] Loss: [2.000260772488334]
2019-07-11 01:16:07 INFO     Batch: [440/938] Epoch: [0] Loss: [2.000591758697752]
2019-07-11 01:16:08 INFO     Batch: [441/938] Epoch: [0] Loss: [2.0000810043304753]
2019-07-11 01:16:08 INFO     Batch: [442/938] Epoch: [0] Loss: [1.9998483235357039]
2019-07-11 01:16:09 INFO     Batch: [443/938] Epoch: [0] Loss: [1.9997058078512415]
2019-07-11 01:16:10 INFO     Batch: [444/938] Epoch: [0] Loss: [1.9998110736354013]
2019-07-11 01:16:10 INFO     Batch: [445/938] Epoch: [0] Loss: [1.9994131834517679]
2019-07-11 01:16:11 INFO     Batch: [446/938] Epoch: [0] Loss: [1.9991125687123412]
2019-07-11 01:16:12 INFO     Batch: [447/938] Epoch: [0] Loss: [1.9991313724645547]
2019-07-11 01:16:12 INFO     Batch: [448/938] Epoch: [0] Loss: [1.9988752269001475]
2019-07-11 01:16:13 INFO     Batch: [449/938] Epoch: [0] Loss: [1.9988358073764376]
2019-07-11 01:16:14 INFO     Batch: [450/938] Epoch: [0] Loss: [1.9983390070118026]
2019-07-11 01:16:15 INFO     Batch: [451/938] Epoch: [0] Loss: [1.9977459372144886]
2019-07-11 01:16:15 INFO     Batch: [452/938] Epoch: [0] Loss: [1.9978385968976726]
2019-07-11 01:16:16 INFO     Batch: [453/938] Epoch: [0] Loss: [1.9977624839097918]
2019-07-11 01:16:17 INFO     Batch: [454/938] Epoch: [0] Loss: [1.997480222419068]
2019-07-11 01:16:17 INFO     Batch: [455/938] Epoch: [0] Loss: [1.9971545069364078]
2019-07-11 01:16:18 INFO     Batch: [456/938] Epoch: [0] Loss: [1.9972048617035345]
2019-07-11 01:16:19 INFO     Batch: [457/938] Epoch: [0] Loss: [1.997276769715105]
2019-07-11 01:16:20 INFO     Batch: [458/938] Epoch: [0] Loss: [1.9967130983577055]
2019-07-11 01:16:20 INFO     Batch: [459/938] Epoch: [0] Loss: [1.9967747405819272]
2019-07-11 01:16:21 INFO     Batch: [460/938] Epoch: [0] Loss: [1.9964301710273593]
2019-07-11 01:16:22 INFO     Batch: [461/938] Epoch: [0] Loss: [1.9959747819673448]
2019-07-11 01:16:22 INFO     Batch: [462/938] Epoch: [0] Loss: [1.9957038800093319]
2019-07-11 01:16:23 INFO     Batch: [463/938] Epoch: [0] Loss: [1.995726910130731]
2019-07-11 01:16:24 INFO     Batch: [464/938] Epoch: [0] Loss: [1.9957010492201774]
2019-07-11 01:16:25 INFO     Batch: [465/938] Epoch: [0] Loss: [1.9956207211437142]
2019-07-11 01:16:25 INFO     Batch: [466/938] Epoch: [0] Loss: [1.9956523511853923]
2019-07-11 01:16:26 INFO     Batch: [467/938] Epoch: [0] Loss: [1.9956026151139512]
2019-07-11 01:16:27 INFO     Batch: [468/938] Epoch: [0] Loss: [1.9956902667149297]
2019-07-11 01:16:27 INFO     Batch: [469/938] Epoch: [0] Loss: [1.9959424386633204]
2019-07-11 01:16:28 INFO     Batch: [470/938] Epoch: [0] Loss: [1.9955332066602767]
2019-07-11 01:16:29 INFO     Batch: [471/938] Epoch: [0] Loss: [1.995843501919407]
2019-07-11 01:16:30 INFO     Batch: [472/938] Epoch: [0] Loss: [1.995585314315167]
2019-07-11 01:16:30 INFO     Batch: [473/938] Epoch: [0] Loss: [1.9955421391921708]
2019-07-11 01:16:31 INFO     Batch: [474/938] Epoch: [0] Loss: [1.9953314206474706]
2019-07-11 01:16:32 INFO     Batch: [475/938] Epoch: [0] Loss: [1.99505413981045]
2019-07-11 01:16:32 INFO     Batch: [476/938] Epoch: [0] Loss: [1.995427337082677]
2019-07-11 01:16:33 INFO     Batch: [477/938] Epoch: [0] Loss: [1.9948871998607365]
2019-07-11 01:16:34 INFO     Batch: [478/938] Epoch: [0] Loss: [1.9946642467024929]
2019-07-11 01:16:34 INFO     Batch: [479/938] Epoch: [0] Loss: [1.9944069390495618]
2019-07-11 01:16:35 INFO     Batch: [480/938] Epoch: [0] Loss: [1.9942535791476403]
2019-07-11 01:16:36 INFO     Batch: [481/938] Epoch: [0] Loss: [1.9941342502708752]
2019-07-11 01:16:37 INFO     Batch: [482/938] Epoch: [0] Loss: [1.993434636736015]
2019-07-11 01:16:37 INFO     Batch: [483/938] Epoch: [0] Loss: [1.9931508088407437]
2019-07-11 01:16:38 INFO     Batch: [484/938] Epoch: [0] Loss: [1.9928627731873818]
2019-07-11 01:16:39 INFO     Batch: [485/938] Epoch: [0] Loss: [1.9923644983228832]
2019-07-11 01:16:39 INFO     Batch: [486/938] Epoch: [0] Loss: [1.9918460767616726]
2019-07-11 01:16:40 INFO     Batch: [487/938] Epoch: [0] Loss: [1.9918431888838284]
2019-07-11 01:16:41 INFO     Batch: [488/938] Epoch: [0] Loss: [1.9917816262547468]
2019-07-11 01:16:42 INFO     Batch: [489/938] Epoch: [0] Loss: [1.9912032852367478]
2019-07-11 01:16:42 INFO     Batch: [490/938] Epoch: [0] Loss: [1.9909059280290624]
2019-07-11 01:16:43 INFO     Batch: [491/938] Epoch: [0] Loss: [1.9906906802964404]
2019-07-11 01:16:44 INFO     Batch: [492/938] Epoch: [0] Loss: [1.990218276909834]
2019-07-11 01:16:44 INFO     Batch: [493/938] Epoch: [0] Loss: [1.9898947590758442]
2019-07-11 01:16:45 INFO     Batch: [494/938] Epoch: [0] Loss: [1.9898437307338521]
2019-07-11 01:16:46 INFO     Batch: [495/938] Epoch: [0] Loss: [1.9893715261451659]
2019-07-11 01:16:47 INFO     Batch: [496/938] Epoch: [0] Loss: [1.9892529493846165]
2019-07-11 01:16:47 INFO     Batch: [497/938] Epoch: [0] Loss: [1.9888617417898522]
2019-07-11 01:16:48 INFO     Batch: [498/938] Epoch: [0] Loss: [1.9884925999478968]
2019-07-11 01:16:49 INFO     Batch: [499/938] Epoch: [0] Loss: [1.9884662301540375]
2019-07-11 01:16:49 INFO     Batch: [500/938] Epoch: [0] Loss: [1.98812143959685]
2019-07-11 01:16:50 INFO     Batch: [501/938] Epoch: [0] Loss: [1.9879082267977801]
2019-07-11 01:16:51 INFO     Batch: [502/938] Epoch: [0] Loss: [1.988006185347707]
2019-07-11 01:16:52 INFO     Batch: [503/938] Epoch: [0] Loss: [1.9876839232350152]
2019-07-11 01:16:52 INFO     Batch: [504/938] Epoch: [0] Loss: [1.9875451822092038]
2019-07-11 01:16:53 INFO     Batch: [505/938] Epoch: [0] Loss: [1.986961363332545]
2019-07-11 01:16:54 INFO     Batch: [506/938] Epoch: [0] Loss: [1.9862692041039702]
2019-07-11 01:16:54 INFO     Batch: [507/938] Epoch: [0] Loss: [1.985959381334425]
2019-07-11 01:16:55 INFO     Batch: [508/938] Epoch: [0] Loss: [1.9858343793273205]
2019-07-11 01:16:56 INFO     Batch: [509/938] Epoch: [0] Loss: [1.9855548641260932]
2019-07-11 01:16:56 INFO     Batch: [510/938] Epoch: [0] Loss: [1.9851850079930224]
2019-07-11 01:16:57 INFO     Batch: [511/938] Epoch: [0] Loss: [1.9847460072487593]
2019-07-11 01:16:58 INFO     Batch: [512/938] Epoch: [0] Loss: [1.9840146951508104]
2019-07-11 01:16:59 INFO     Batch: [513/938] Epoch: [0] Loss: [1.9838060388769156]
2019-07-11 01:16:59 INFO     Batch: [514/938] Epoch: [0] Loss: [1.9836334469248948]
2019-07-11 01:17:00 INFO     Batch: [515/938] Epoch: [0] Loss: [1.9833132675451826]
2019-07-11 01:17:01 INFO     Batch: [516/938] Epoch: [0] Loss: [1.9830626565206444]
2019-07-11 01:17:01 INFO     Batch: [517/938] Epoch: [0] Loss: [1.9828285266533783]
2019-07-11 01:17:02 INFO     Batch: [518/938] Epoch: [0] Loss: [1.9824441556526287]
2019-07-11 01:17:03 INFO     Batch: [519/938] Epoch: [0] Loss: [1.9821084673588092]
2019-07-11 01:17:04 INFO     Batch: [520/938] Epoch: [0] Loss: [1.981916516390048]
2019-07-11 01:17:04 INFO     Batch: [521/938] Epoch: [0] Loss: [1.9816503805675725]
2019-07-11 01:17:05 INFO     Batch: [522/938] Epoch: [0] Loss: [1.981423140483878]
2019-07-11 01:17:06 INFO     Batch: [523/938] Epoch: [0] Loss: [1.9810051802005477]
2019-07-11 01:17:06 INFO     Batch: [524/938] Epoch: [0] Loss: [1.9807763828550067]
2019-07-11 01:17:07 INFO     Batch: [525/938] Epoch: [0] Loss: [1.9805818993329096]
2019-07-11 01:17:08 INFO     Batch: [526/938] Epoch: [0] Loss: [1.9803644669802412]
2019-07-11 01:17:09 INFO     Batch: [527/938] Epoch: [0] Loss: [1.9801176571936319]
2019-07-11 01:17:09 INFO     Batch: [528/938] Epoch: [0] Loss: [1.9797643157169365]
2019-07-11 01:17:10 INFO     Batch: [529/938] Epoch: [0] Loss: [1.9796126878486489]
2019-07-11 01:17:11 INFO     Batch: [530/938] Epoch: [0] Loss: [1.9793153767756375]
2019-07-11 01:17:11 INFO     Batch: [531/938] Epoch: [0] Loss: [1.979133811660279]
2019-07-11 01:17:12 INFO     Batch: [532/938] Epoch: [0] Loss: [1.9791335433330142]
2019-07-11 01:17:13 INFO     Batch: [533/938] Epoch: [0] Loss: [1.978862725170364]
2019-07-11 01:17:14 INFO     Batch: [534/938] Epoch: [0] Loss: [1.9789734459368982]
2019-07-11 01:17:14 INFO     Batch: [535/938] Epoch: [0] Loss: [1.978688043444904]
2019-07-11 01:17:15 INFO     Batch: [536/938] Epoch: [0] Loss: [1.9787815438524528]
2019-07-11 01:17:16 INFO     Batch: [537/938] Epoch: [0] Loss: [1.9787747130961224]
2019-07-11 01:17:16 INFO     Batch: [538/938] Epoch: [0] Loss: [1.9786421551554012]
2019-07-11 01:17:17 INFO     Batch: [539/938] Epoch: [0] Loss: [1.9783533226560663]
2019-07-11 01:17:18 INFO     Batch: [540/938] Epoch: [0] Loss: [1.978111869746788]
2019-07-11 01:17:18 INFO     Batch: [541/938] Epoch: [0] Loss: [1.9783127041760407]
2019-07-11 01:17:19 INFO     Batch: [542/938] Epoch: [0] Loss: [1.9782271400560552]
2019-07-11 01:17:20 INFO     Batch: [543/938] Epoch: [0] Loss: [1.9781022420262588]
2019-07-11 01:17:21 INFO     Batch: [544/938] Epoch: [0] Loss: [1.9779460863235894]
2019-07-11 01:17:21 INFO     Batch: [545/938] Epoch: [0] Loss: [1.9778610245212094]
2019-07-11 01:17:22 INFO     Batch: [546/938] Epoch: [0] Loss: [1.9776376132773308]
2019-07-11 01:17:23 INFO     Batch: [547/938] Epoch: [0] Loss: [1.9776205427020135]
2019-07-11 01:17:23 INFO     Batch: [548/938] Epoch: [0] Loss: [1.9774307596661789]
2019-07-11 01:17:24 INFO     Batch: [549/938] Epoch: [0] Loss: [1.9771748538450762]
2019-07-11 01:17:25 INFO     Batch: [550/938] Epoch: [0] Loss: [1.9768928802164842]
2019-07-11 01:17:26 INFO     Batch: [551/938] Epoch: [0] Loss: [1.9770101973975913]
2019-07-11 01:17:26 INFO     Batch: [552/938] Epoch: [0] Loss: [1.9770032861564732]
2019-07-11 01:17:27 INFO     Batch: [553/938] Epoch: [0] Loss: [1.9774317412169833]
2019-07-11 01:17:28 INFO     Batch: [554/938] Epoch: [0] Loss: [1.9773968176798777]
2019-07-11 01:17:28 INFO     Batch: [555/938] Epoch: [0] Loss: [1.9771217255712412]
2019-07-11 01:17:29 INFO     Batch: [556/938] Epoch: [0] Loss: [1.9772837472347211]
2019-07-11 01:17:30 INFO     Batch: [557/938] Epoch: [0] Loss: [1.9770845157698491]
2019-07-11 01:17:31 INFO     Batch: [558/938] Epoch: [0] Loss: [1.97658731493839]
2019-07-11 01:17:31 INFO     Batch: [559/938] Epoch: [0] Loss: [1.9766114979982377]
2019-07-11 01:17:32 INFO     Batch: [560/938] Epoch: [0] Loss: [1.9764107151252488]
2019-07-11 01:17:33 INFO     Batch: [561/938] Epoch: [0] Loss: [1.9765856815402618]
2019-07-11 01:17:33 INFO     Batch: [562/938] Epoch: [0] Loss: [1.9767558538680814]
2019-07-11 01:17:34 INFO     Batch: [563/938] Epoch: [0] Loss: [1.9767653515152896]
2019-07-11 01:17:35 INFO     Batch: [564/938] Epoch: [0] Loss: [1.9769789830773277]
2019-07-11 01:17:36 INFO     Batch: [565/938] Epoch: [0] Loss: [1.97701890118973]
2019-07-11 01:17:36 INFO     Batch: [566/938] Epoch: [0] Loss: [1.9769493938543599]
2019-07-11 01:17:37 INFO     Batch: [567/938] Epoch: [0] Loss: [1.9765948921861782]
2019-07-11 01:17:38 INFO     Batch: [568/938] Epoch: [0] Loss: [1.9765905164876176]
2019-07-11 01:17:38 INFO     Batch: [569/938] Epoch: [0] Loss: [1.9765574687405636]
2019-07-11 01:17:39 INFO     Batch: [570/938] Epoch: [0] Loss: [1.9761349050468404]
2019-07-11 01:17:40 INFO     Batch: [571/938] Epoch: [0] Loss: [1.9762374102235674]
2019-07-11 01:17:41 INFO     Batch: [572/938] Epoch: [0] Loss: [1.9761342659046512]
2019-07-11 01:17:41 INFO     Batch: [573/938] Epoch: [0] Loss: [1.9758880184087189]
2019-07-11 01:17:42 INFO     Batch: [574/938] Epoch: [0] Loss: [1.9756261670071147]
2019-07-11 01:17:43 INFO     Batch: [575/938] Epoch: [0] Loss: [1.975331614828772]
2019-07-11 01:17:43 INFO     Batch: [576/938] Epoch: [0] Loss: [1.97541683013559]
2019-07-11 01:17:44 INFO     Batch: [577/938] Epoch: [0] Loss: [1.9755408157526828]
2019-07-11 01:17:45 INFO     Batch: [578/938] Epoch: [0] Loss: [1.9756626629870584]
2019-07-11 01:17:46 INFO     Batch: [579/938] Epoch: [0] Loss: [1.9752967043169614]
2019-07-11 01:17:46 INFO     Batch: [580/938] Epoch: [0] Loss: [1.9749657730227288]
2019-07-11 01:17:47 INFO     Batch: [581/938] Epoch: [0] Loss: [1.9744880981871353]
2019-07-11 01:17:48 INFO     Batch: [582/938] Epoch: [0] Loss: [1.974219643026846]
2019-07-11 01:17:48 INFO     Batch: [583/938] Epoch: [0] Loss: [1.9737950577719572]
2019-07-11 01:17:49 INFO     Batch: [584/938] Epoch: [0] Loss: [1.9736608056940583]
2019-07-11 01:17:50 INFO     Batch: [585/938] Epoch: [0] Loss: [1.9730725150059514]
2019-07-11 01:17:51 INFO     Batch: [586/938] Epoch: [0] Loss: [1.972887088736643]
2019-07-11 01:17:51 INFO     Batch: [587/938] Epoch: [0] Loss: [1.972776327206164]
2019-07-11 01:17:52 INFO     Batch: [588/938] Epoch: [0] Loss: [1.9729529607073357]
2019-07-11 01:17:53 INFO     Batch: [589/938] Epoch: [0] Loss: [1.9725729932219296]
2019-07-11 01:17:53 INFO     Batch: [590/938] Epoch: [0] Loss: [1.972972823278553]
2019-07-11 01:17:54 INFO     Batch: [591/938] Epoch: [0] Loss: [1.973076539869244]
2019-07-11 01:17:55 INFO     Batch: [592/938] Epoch: [0] Loss: [1.97275705100312]
2019-07-11 01:17:55 INFO     Batch: [593/938] Epoch: [0] Loss: [1.972395187676555]
2019-07-11 01:17:56 INFO     Batch: [594/938] Epoch: [0] Loss: [1.9721541911614042]
2019-07-11 01:17:57 INFO     Batch: [595/938] Epoch: [0] Loss: [1.9718771798898709]
2019-07-11 01:17:58 INFO     Batch: [596/938] Epoch: [0] Loss: [1.9719548147527417]
2019-07-11 01:17:58 INFO     Batch: [597/938] Epoch: [0] Loss: [1.9715767255594898]
2019-07-11 01:17:59 INFO     Batch: [598/938] Epoch: [0] Loss: [1.9715657465047949]
2019-07-11 01:18:00 INFO     Batch: [599/938] Epoch: [0] Loss: [1.9711681405703227]
2019-07-11 01:18:00 INFO     Batch: [600/938] Epoch: [0] Loss: [1.9708011505409406]
2019-07-11 01:18:01 INFO     Batch: [601/938] Epoch: [0] Loss: [1.9701962241302693]
2019-07-11 01:18:02 INFO     Batch: [602/938] Epoch: [0] Loss: [1.9701186887067348]
2019-07-11 01:18:03 INFO     Batch: [603/938] Epoch: [0] Loss: [1.9699380358323355]
2019-07-11 01:18:03 INFO     Batch: [604/938] Epoch: [0] Loss: [1.9696365823430464]
2019-07-11 01:18:04 INFO     Batch: [605/938] Epoch: [0] Loss: [1.9694260516182425]
2019-07-11 01:18:05 INFO     Batch: [606/938] Epoch: [0] Loss: [1.9689205256482523]
2019-07-11 01:18:05 INFO     Batch: [607/938] Epoch: [0] Loss: [1.9685828436754251]
2019-07-11 01:18:06 INFO     Batch: [608/938] Epoch: [0] Loss: [1.9681676571396576]
2019-07-11 01:18:07 INFO     Batch: [609/938] Epoch: [0] Loss: [1.9680303137810504]
2019-07-11 01:18:08 INFO     Batch: [610/938] Epoch: [0] Loss: [1.967724016567299]
2019-07-11 01:18:08 INFO     Batch: [611/938] Epoch: [0] Loss: [1.967557068743737]
2019-07-11 01:18:09 INFO     Batch: [612/938] Epoch: [0] Loss: [1.9670629851386365]
2019-07-11 01:18:10 INFO     Batch: [613/938] Epoch: [0] Loss: [1.9670565701074632]
2019-07-11 01:18:10 INFO     Batch: [614/938] Epoch: [0] Loss: [1.9666133475497487]
2019-07-11 01:18:11 INFO     Batch: [615/938] Epoch: [0] Loss: [1.966524339341498]
2019-07-11 01:18:12 INFO     Batch: [616/938] Epoch: [0] Loss: [1.9663610479626896]
2019-07-11 01:18:13 INFO     Batch: [617/938] Epoch: [0] Loss: [1.9659151434898376]
2019-07-11 01:18:13 INFO     Batch: [618/938] Epoch: [0] Loss: [1.9659512588011043]
2019-07-11 01:18:14 INFO     Batch: [619/938] Epoch: [0] Loss: [1.9657948359366386]
2019-07-11 01:18:15 INFO     Batch: [620/938] Epoch: [0] Loss: [1.9653256659346503]
2019-07-11 01:18:15 INFO     Batch: [621/938] Epoch: [0] Loss: [1.9651001438833893]
2019-07-11 01:18:16 INFO     Batch: [622/938] Epoch: [0] Loss: [1.9647219150445243]
2019-07-11 01:18:17 INFO     Batch: [623/938] Epoch: [0] Loss: [1.9644741423619099]
2019-07-11 01:18:17 INFO     Batch: [624/938] Epoch: [0] Loss: [1.9647484283447265]
2019-07-11 01:18:18 INFO     Batch: [625/938] Epoch: [0] Loss: [1.9642382858279415]
2019-07-11 01:18:19 INFO     Batch: [626/938] Epoch: [0] Loss: [1.9637061716837176]
2019-07-11 01:18:20 INFO     Batch: [627/938] Epoch: [0] Loss: [1.9633162374709063]
2019-07-11 01:18:20 INFO     Batch: [628/938] Epoch: [0] Loss: [1.9630965943935377]
2019-07-11 01:18:21 INFO     Batch: [629/938] Epoch: [0] Loss: [1.962743202088371]
2019-07-11 01:18:22 INFO     Batch: [630/938] Epoch: [0] Loss: [1.9623187124823618]
2019-07-11 01:18:22 INFO     Batch: [631/938] Epoch: [0] Loss: [1.9618112448650071]
