2019-04-01 21:52:46 INFO     Loading Data
2019-04-01 21:52:47 INFO     Model Setting Up
2019-04-01 21:52:56 INFO     Start Training
2019-04-01 21:53:06 INFO     Batch: [0/120] Epoch: [0] Loss: [2.3343701362609863]
2019-04-01 21:53:09 INFO     Accuracy: [0.08072727272727273]

2019-04-01 21:53:09 INFO     Batch: [1/120] Epoch: [0] Loss: [2.329355835914612]
2019-04-01 21:53:09 INFO     Batch: [2/120] Epoch: [0] Loss: [2.3294852574666343]
2019-04-01 21:53:10 INFO     Batch: [3/120] Epoch: [0] Loss: [2.33013117313385]
2019-04-01 21:53:10 INFO     Batch: [4/120] Epoch: [0] Loss: [2.328537368774414]
2019-04-01 21:53:10 INFO     Batch: [5/120] Epoch: [0] Loss: [2.3284334341684976]
2019-04-01 21:53:10 INFO     Batch: [6/120] Epoch: [0] Loss: [2.3282470703125]
2019-04-01 21:53:11 INFO     Batch: [7/120] Epoch: [0] Loss: [2.3278202414512634]
2019-04-01 21:53:11 INFO     Batch: [8/120] Epoch: [0] Loss: [2.327057361602783]
2019-04-01 21:53:11 INFO     Batch: [9/120] Epoch: [0] Loss: [2.3261301279067994]
2019-04-01 21:53:12 INFO     Batch: [10/120] Epoch: [0] Loss: [2.326107610355724]
2019-04-01 21:53:12 INFO     Batch: [11/120] Epoch: [0] Loss: [2.325826644897461]
2019-04-01 21:53:12 INFO     Batch: [12/120] Epoch: [0] Loss: [2.3257491405193624]
2019-04-01 21:53:13 INFO     Batch: [13/120] Epoch: [0] Loss: [2.3253545590809415]
2019-04-01 21:53:13 INFO     Batch: [14/120] Epoch: [0] Loss: [2.325006135304769]
2019-04-01 21:53:13 INFO     Batch: [15/120] Epoch: [0] Loss: [2.3244101852178574]
2019-04-01 21:53:14 INFO     Batch: [16/120] Epoch: [0] Loss: [2.3238773766685936]
2019-04-01 21:53:14 INFO     Batch: [17/120] Epoch: [0] Loss: [2.3237302038404675]
2019-04-01 21:53:14 INFO     Batch: [18/120] Epoch: [0] Loss: [2.323259617152967]
2019-04-01 21:53:15 INFO     Batch: [19/120] Epoch: [0] Loss: [2.3230069041252137]
2019-04-01 21:53:15 INFO     Batch: [20/120] Epoch: [0] Loss: [2.322929541269938]
2019-04-01 21:53:15 INFO     Batch: [21/120] Epoch: [0] Loss: [2.3225735317577016]
2019-04-01 21:53:16 INFO     Batch: [22/120] Epoch: [0] Loss: [2.321744307227757]
2019-04-01 21:53:16 INFO     Batch: [23/120] Epoch: [0] Loss: [2.321344564358393]
2019-04-01 21:53:16 INFO     Batch: [24/120] Epoch: [0] Loss: [2.3210563468933105]
2019-04-01 21:53:17 INFO     Batch: [25/120] Epoch: [0] Loss: [2.320739663564242]
2019-04-01 21:53:17 INFO     Batch: [26/120] Epoch: [0] Loss: [2.320477944833261]
2019-04-01 21:53:17 INFO     Batch: [27/120] Epoch: [0] Loss: [2.320032545498439]
2019-04-01 21:53:18 INFO     Batch: [28/120] Epoch: [0] Loss: [2.3195765593956255]
2019-04-01 21:53:18 INFO     Batch: [29/120] Epoch: [0] Loss: [2.3192091306050617]
2019-04-01 21:53:18 INFO     Batch: [30/120] Epoch: [0] Loss: [2.3187625408172607]
2019-04-01 21:53:19 INFO     Batch: [31/120] Epoch: [0] Loss: [2.318211644887924]
2019-04-01 21:53:19 INFO     Batch: [32/120] Epoch: [0] Loss: [2.3179612520969277]
2019-04-01 21:53:19 INFO     Batch: [33/120] Epoch: [0] Loss: [2.3175357439938713]
2019-04-01 21:53:20 INFO     Batch: [34/120] Epoch: [0] Loss: [2.317245435714722]
2019-04-01 21:53:20 INFO     Batch: [35/120] Epoch: [0] Loss: [2.3168637686305575]
2019-04-01 21:53:20 INFO     Batch: [36/120] Epoch: [0] Loss: [2.316594362258911]
2019-04-01 21:53:20 INFO     Batch: [37/120] Epoch: [0] Loss: [2.3161328403573287]
2019-04-01 21:53:21 INFO     Batch: [38/120] Epoch: [0] Loss: [2.315727637364314]
2019-04-01 21:53:21 INFO     Batch: [39/120] Epoch: [0] Loss: [2.3153101205825806]
2019-04-01 21:53:21 INFO     Batch: [40/120] Epoch: [0] Loss: [2.3149932826437603]
2019-04-01 21:53:22 INFO     Batch: [41/120] Epoch: [0] Loss: [2.3146722941171554]
2019-04-01 21:53:22 INFO     Batch: [42/120] Epoch: [0] Loss: [2.3142285457877225]
2019-04-01 21:53:22 INFO     Batch: [43/120] Epoch: [0] Loss: [2.3137882080945102]
2019-04-01 21:53:23 INFO     Batch: [44/120] Epoch: [0] Loss: [2.3133560763465035]
2019-04-01 21:53:23 INFO     Batch: [45/120] Epoch: [0] Loss: [2.312935170919999]
2019-04-01 21:53:23 INFO     Batch: [46/120] Epoch: [0] Loss: [2.3125630490323332]
2019-04-01 21:53:24 INFO     Batch: [47/120] Epoch: [0] Loss: [2.3121429830789566]
2019-04-01 21:53:24 INFO     Batch: [48/120] Epoch: [0] Loss: [2.311703312153719]
2019-04-01 21:53:24 INFO     Batch: [49/120] Epoch: [0] Loss: [2.3113155221939086]
2019-04-01 21:53:25 INFO     Batch: [50/120] Epoch: [0] Loss: [2.310928082933613]
2019-04-01 21:53:25 INFO     Batch: [51/120] Epoch: [0] Loss: [2.3107106869037333]
2019-04-01 21:53:25 INFO     Batch: [52/120] Epoch: [0] Loss: [2.3103302694716543]
2019-04-01 21:53:26 INFO     Batch: [53/120] Epoch: [0] Loss: [2.309876883471454]
2019-04-01 21:53:26 INFO     Batch: [54/120] Epoch: [0] Loss: [2.3095219872214576]
2019-04-01 21:53:26 INFO     Batch: [55/120] Epoch: [0] Loss: [2.309130621807916]
2019-04-01 21:53:26 INFO     Batch: [56/120] Epoch: [0] Loss: [2.308729422719855]
2019-04-01 21:53:27 INFO     Batch: [57/120] Epoch: [0] Loss: [2.308361501529299]
2019-04-01 21:53:27 INFO     Batch: [58/120] Epoch: [0] Loss: [2.3078931792307706]
2019-04-01 21:53:27 INFO     Batch: [59/120] Epoch: [0] Loss: [2.3074045459429424]
2019-04-01 21:53:28 INFO     Batch: [60/120] Epoch: [0] Loss: [2.306942236228067]
2019-04-01 21:53:28 INFO     Batch: [61/120] Epoch: [0] Loss: [2.3065112636935328]
2019-04-01 21:53:28 INFO     Batch: [62/120] Epoch: [0] Loss: [2.3060855751945857]
2019-04-01 21:53:29 INFO     Batch: [63/120] Epoch: [0] Loss: [2.305647924542427]
2019-04-01 21:53:29 INFO     Batch: [64/120] Epoch: [0] Loss: [2.3052170276641846]
2019-04-01 21:53:29 INFO     Batch: [65/120] Epoch: [0] Loss: [2.3047655351234204]
2019-04-01 21:53:30 INFO     Batch: [66/120] Epoch: [0] Loss: [2.3043843169710527]
2019-04-01 21:53:30 INFO     Batch: [67/120] Epoch: [0] Loss: [2.3040110959726223]
2019-04-01 21:53:30 INFO     Batch: [68/120] Epoch: [0] Loss: [2.3035940191020137]
2019-04-01 21:53:31 INFO     Batch: [69/120] Epoch: [0] Loss: [2.3031901018960137]
2019-04-01 21:53:31 INFO     Batch: [70/120] Epoch: [0] Loss: [2.3027238980145524]
2019-04-01 21:53:31 INFO     Batch: [71/120] Epoch: [0] Loss: [2.3023793697357178]
2019-04-01 21:53:31 INFO     Batch: [72/120] Epoch: [0] Loss: [2.3020260236034655]
2019-04-01 21:53:32 INFO     Batch: [73/120] Epoch: [0] Loss: [2.3017547356115804]
2019-04-01 21:53:32 INFO     Batch: [74/120] Epoch: [0] Loss: [2.301337429682414]
2019-04-01 21:53:32 INFO     Batch: [75/120] Epoch: [0] Loss: [2.300904863759091]
2019-04-01 21:53:33 INFO     Batch: [76/120] Epoch: [0] Loss: [2.30052831575468]
2019-04-01 21:53:33 INFO     Batch: [77/120] Epoch: [0] Loss: [2.3002005173609805]
2019-04-01 21:53:33 INFO     Batch: [78/120] Epoch: [0] Loss: [2.2997648866870737]
2019-04-01 21:53:34 INFO     Batch: [79/120] Epoch: [0] Loss: [2.299375221133232]
2019-04-01 21:53:34 INFO     Batch: [80/120] Epoch: [0] Loss: [2.2989439758253685]
2019-04-01 21:53:34 INFO     Batch: [81/120] Epoch: [0] Loss: [2.298550925603727]
2019-04-01 21:53:35 INFO     Batch: [82/120] Epoch: [0] Loss: [2.298180496836283]
2019-04-01 21:53:35 INFO     Batch: [83/120] Epoch: [0] Loss: [2.2978144685427346]
2019-04-01 21:53:35 INFO     Batch: [84/120] Epoch: [0] Loss: [2.2972989867715277]
2019-04-01 21:53:36 INFO     Batch: [85/120] Epoch: [0] Loss: [2.2968685848768366]
2019-04-01 21:53:36 INFO     Batch: [86/120] Epoch: [0] Loss: [2.296430752195161]
2019-04-01 21:53:36 INFO     Batch: [87/120] Epoch: [0] Loss: [2.295904357324947]
2019-04-01 21:53:37 INFO     Batch: [88/120] Epoch: [0] Loss: [2.2954395379912986]
2019-04-01 21:53:37 INFO     Batch: [89/120] Epoch: [0] Loss: [2.2949833896425034]
2019-04-01 21:53:37 INFO     Batch: [90/120] Epoch: [0] Loss: [2.2945572622529755]
2019-04-01 21:53:38 INFO     Batch: [91/120] Epoch: [0] Loss: [2.29410162438517]
2019-04-01 21:53:38 INFO     Batch: [92/120] Epoch: [0] Loss: [2.2936759456511466]
2019-04-01 21:53:38 INFO     Batch: [93/120] Epoch: [0] Loss: [2.2932584285736084]
2019-04-01 21:53:38 INFO     Batch: [94/120] Epoch: [0] Loss: [2.292879307897467]
2019-04-01 21:53:39 INFO     Batch: [95/120] Epoch: [0] Loss: [2.292466906209787]
2019-04-01 21:53:39 INFO     Batch: [96/120] Epoch: [0] Loss: [2.2920967844343676]
2019-04-01 21:53:39 INFO     Batch: [97/120] Epoch: [0] Loss: [2.291688602797839]
2019-04-01 21:53:40 INFO     Batch: [98/120] Epoch: [0] Loss: [2.29127400089996]
2019-04-01 21:53:40 INFO     Batch: [99/120] Epoch: [0] Loss: [2.2908138918876646]
2019-04-01 21:53:40 INFO     Batch: [100/120] Epoch: [0] Loss: [2.2903346472447463]
2019-04-01 21:53:41 INFO     Batch: [101/120] Epoch: [0] Loss: [2.2899039679882573]
2019-04-01 21:53:41 INFO     Batch: [102/120] Epoch: [0] Loss: [2.2894423285734304]
2019-04-01 21:53:41 INFO     Batch: [103/120] Epoch: [0] Loss: [2.2889806903325596]
2019-04-01 21:53:42 INFO     Batch: [104/120] Epoch: [0] Loss: [2.2886672383263]
2019-04-01 21:53:42 INFO     Batch: [105/120] Epoch: [0] Loss: [2.2881887228983753]
2019-04-01 21:53:42 INFO     Batch: [106/120] Epoch: [0] Loss: [2.2877729897187136]
2019-04-01 21:53:43 INFO     Batch: [107/120] Epoch: [0] Loss: [2.2872863941722446]
2019-04-01 21:53:43 INFO     Batch: [108/120] Epoch: [0] Loss: [2.286904833732395]
2019-04-01 21:53:43 INFO     Batch: [109/120] Epoch: [0] Loss: [2.286474609375]
2019-04-01 21:53:43 INFO     Batch: [110/120] Epoch: [0] Loss: [2.2860594998608836]
2019-04-01 21:53:44 INFO     Batch: [111/120] Epoch: [0] Loss: [2.2856091814381734]
2019-04-01 21:53:44 INFO     Batch: [112/120] Epoch: [0] Loss: [2.285203526505327]
2019-04-01 21:53:44 INFO     Batch: [113/120] Epoch: [0] Loss: [2.284804287709688]
2019-04-01 21:53:45 INFO     Batch: [114/120] Epoch: [0] Loss: [2.284508101836495]
2019-04-01 21:53:45 INFO     Batch: [115/120] Epoch: [0] Loss: [2.284106192917659]
2019-04-01 21:53:45 INFO     Batch: [116/120] Epoch: [0] Loss: [2.2837638039874215]
2019-04-01 21:53:46 INFO     Batch: [117/120] Epoch: [0] Loss: [2.2833468792802196]
2019-04-01 21:53:46 INFO     Batch: [118/120] Epoch: [0] Loss: [2.2829987642143954]
2019-04-01 21:53:46 INFO     Batch: [119/120] Epoch: [0] Loss: [2.282556211948395]
2019-04-01 21:53:49 INFO     Epoch: [0/200] Loss: [2.282556211948395] Accuracy: [0.2516363636363636]
2019-04-01 21:53:49 INFO     Batch: [0/120] Epoch: [1] Loss: [2.227937698364258]
2019-04-01 21:53:51 INFO     Accuracy: [0.25272727272727274]

2019-04-01 21:53:52 INFO     Batch: [1/120] Epoch: [1] Loss: [2.2292712926864624]
2019-04-01 21:53:52 INFO     Batch: [2/120] Epoch: [1] Loss: [2.227151950200399]
2019-04-01 21:53:52 INFO     Batch: [3/120] Epoch: [1] Loss: [2.227462649345398]
2019-04-01 21:53:53 INFO     Batch: [4/120] Epoch: [1] Loss: [2.2294655323028563]
2019-04-01 21:53:53 INFO     Batch: [5/120] Epoch: [1] Loss: [2.2278953393300376]
2019-04-01 21:53:53 INFO     Batch: [6/120] Epoch: [1] Loss: [2.2269698892320906]
2019-04-01 21:53:54 INFO     Batch: [7/120] Epoch: [1] Loss: [2.227174997329712]
2019-04-01 21:53:54 INFO     Batch: [8/120] Epoch: [1] Loss: [2.2265017562442355]
2019-04-01 21:53:54 INFO     Batch: [9/120] Epoch: [1] Loss: [2.2264168739318846]
2019-04-01 21:53:55 INFO     Batch: [10/120] Epoch: [1] Loss: [2.2254621332341973]
2019-04-01 21:53:55 INFO     Batch: [11/120] Epoch: [1] Loss: [2.2255802154541016]
2019-04-01 21:53:55 INFO     Batch: [12/120] Epoch: [1] Loss: [2.2263705547039327]
2019-04-01 21:53:56 INFO     Batch: [13/120] Epoch: [1] Loss: [2.226253237043108]
2019-04-01 21:53:56 INFO     Batch: [14/120] Epoch: [1] Loss: [2.2258567969004313]
2019-04-01 21:53:56 INFO     Batch: [15/120] Epoch: [1] Loss: [2.2256629168987274]
2019-04-01 21:53:57 INFO     Batch: [16/120] Epoch: [1] Loss: [2.2255080587723675]
2019-04-01 21:53:57 INFO     Batch: [17/120] Epoch: [1] Loss: [2.225062714682685]
2019-04-01 21:53:57 INFO     Batch: [18/120] Epoch: [1] Loss: [2.2247739465613114]
2019-04-01 21:53:58 INFO     Batch: [19/120] Epoch: [1] Loss: [2.224917161464691]
2019-04-01 21:53:58 INFO     Batch: [20/120] Epoch: [1] Loss: [2.2244584560394287]
2019-04-01 21:53:58 INFO     Batch: [21/120] Epoch: [1] Loss: [2.2242497964338823]
2019-04-01 21:53:59 INFO     Batch: [22/120] Epoch: [1] Loss: [2.2242171971694282]
2019-04-01 21:53:59 INFO     Batch: [23/120] Epoch: [1] Loss: [2.2235084970792136]
2019-04-01 21:53:59 INFO     Batch: [24/120] Epoch: [1] Loss: [2.2231884384155274]
2019-04-01 21:54:00 INFO     Batch: [25/120] Epoch: [1] Loss: [2.2224025267821093]
2019-04-01 21:54:00 INFO     Batch: [26/120] Epoch: [1] Loss: [2.2214200408370406]
2019-04-01 21:54:00 INFO     Batch: [27/120] Epoch: [1] Loss: [2.2212229541369846]
2019-04-01 21:54:01 INFO     Batch: [28/120] Epoch: [1] Loss: [2.22106356456362]
2019-04-01 21:54:01 INFO     Batch: [29/120] Epoch: [1] Loss: [2.221295682589213]
2019-04-01 21:54:01 INFO     Batch: [30/120] Epoch: [1] Loss: [2.2210589455020044]
2019-04-01 21:54:01 INFO     Batch: [31/120] Epoch: [1] Loss: [2.220794416964054]
2019-04-01 21:54:02 INFO     Batch: [32/120] Epoch: [1] Loss: [2.2206492785251504]
2019-04-01 21:54:02 INFO     Batch: [33/120] Epoch: [1] Loss: [2.2204465234980866]
2019-04-01 21:54:02 INFO     Batch: [34/120] Epoch: [1] Loss: [2.2201824937547956]
2019-04-01 21:54:03 INFO     Batch: [35/120] Epoch: [1] Loss: [2.2195694711473255]
2019-04-01 21:54:03 INFO     Batch: [36/120] Epoch: [1] Loss: [2.219063765293843]
2019-04-01 21:54:03 INFO     Batch: [37/120] Epoch: [1] Loss: [2.2187216595599524]
2019-04-01 21:54:04 INFO     Batch: [38/120] Epoch: [1] Loss: [2.2183188719627185]
2019-04-01 21:54:04 INFO     Batch: [39/120] Epoch: [1] Loss: [2.2181157231330872]
2019-04-01 21:54:04 INFO     Batch: [40/120] Epoch: [1] Loss: [2.2175439450798966]
2019-04-01 21:54:05 INFO     Batch: [41/120] Epoch: [1] Loss: [2.2173249494461786]
2019-04-01 21:54:05 INFO     Batch: [42/120] Epoch: [1] Loss: [2.2167111441146496]
2019-04-01 21:54:05 INFO     Batch: [43/120] Epoch: [1] Loss: [2.2164256789467554]
2019-04-01 21:54:06 INFO     Batch: [44/120] Epoch: [1] Loss: [2.2159800900353326]
2019-04-01 21:54:06 INFO     Batch: [45/120] Epoch: [1] Loss: [2.2156199890634287]
2019-04-01 21:54:06 INFO     Batch: [46/120] Epoch: [1] Loss: [2.2153032384020217]
2019-04-01 21:54:07 INFO     Batch: [47/120] Epoch: [1] Loss: [2.215095266699791]
2019-04-01 21:54:07 INFO     Batch: [48/120] Epoch: [1] Loss: [2.2146642256756217]
2019-04-01 21:54:07 INFO     Batch: [49/120] Epoch: [1] Loss: [2.214461951255798]
2019-04-01 21:54:08 INFO     Batch: [50/120] Epoch: [1] Loss: [2.2140359270806407]
2019-04-01 21:54:08 INFO     Batch: [51/120] Epoch: [1] Loss: [2.2138430109390845]
2019-04-01 21:54:08 INFO     Batch: [52/120] Epoch: [1] Loss: [2.213544062848361]
2019-04-01 21:54:09 INFO     Batch: [53/120] Epoch: [1] Loss: [2.2130805827953197]
2019-04-01 21:54:09 INFO     Batch: [54/120] Epoch: [1] Loss: [2.212809606031938]
2019-04-01 21:54:09 INFO     Batch: [55/120] Epoch: [1] Loss: [2.212502177272524]
2019-04-01 21:54:09 INFO     Batch: [56/120] Epoch: [1] Loss: [2.2122750240459776]
2019-04-01 21:54:10 INFO     Batch: [57/120] Epoch: [1] Loss: [2.21189022886342]
2019-04-01 21:54:10 INFO     Batch: [58/120] Epoch: [1] Loss: [2.2114983372769115]
2019-04-01 21:54:10 INFO     Batch: [59/120] Epoch: [1] Loss: [2.211016782124837]
2019-04-01 21:54:11 INFO     Batch: [60/120] Epoch: [1] Loss: [2.2106670981547873]
2019-04-01 21:54:11 INFO     Batch: [61/120] Epoch: [1] Loss: [2.2104021464624712]
2019-04-01 21:54:11 INFO     Batch: [62/120] Epoch: [1] Loss: [2.209895300486731]
2019-04-01 21:54:12 INFO     Batch: [63/120] Epoch: [1] Loss: [2.209487956017256]
2019-04-01 21:54:12 INFO     Batch: [64/120] Epoch: [1] Loss: [2.209244757432204]
2019-04-01 21:54:12 INFO     Batch: [65/120] Epoch: [1] Loss: [2.2088296846909956]
2019-04-01 21:54:13 INFO     Batch: [66/120] Epoch: [1] Loss: [2.208379503506333]
2019-04-01 21:54:13 INFO     Batch: [67/120] Epoch: [1] Loss: [2.208026584456949]
2019-04-01 21:54:13 INFO     Batch: [68/120] Epoch: [1] Loss: [2.207451015278913]
2019-04-01 21:54:14 INFO     Batch: [69/120] Epoch: [1] Loss: [2.207136048589434]
2019-04-01 21:54:14 INFO     Batch: [70/120] Epoch: [1] Loss: [2.2067036561562983]
2019-04-01 21:54:14 INFO     Batch: [71/120] Epoch: [1] Loss: [2.2062514887915716]
2019-04-01 21:54:14 INFO     Batch: [72/120] Epoch: [1] Loss: [2.2061370692840994]
2019-04-01 21:54:15 INFO     Batch: [73/120] Epoch: [1] Loss: [2.2057354675756917]
2019-04-01 21:54:15 INFO     Batch: [74/120] Epoch: [1] Loss: [2.2052827294667563]
2019-04-01 21:54:15 INFO     Batch: [75/120] Epoch: [1] Loss: [2.204830216734033]
2019-04-01 21:54:16 INFO     Batch: [76/120] Epoch: [1] Loss: [2.2043470128790124]
2019-04-01 21:54:16 INFO     Batch: [77/120] Epoch: [1] Loss: [2.2038980233363614]
2019-04-01 21:54:16 INFO     Batch: [78/120] Epoch: [1] Loss: [2.203780983067766]
2019-04-01 21:54:17 INFO     Batch: [79/120] Epoch: [1] Loss: [2.2031387984752655]
2019-04-01 21:54:17 INFO     Batch: [80/120] Epoch: [1] Loss: [2.202941441241606]
2019-04-01 21:54:17 INFO     Batch: [81/120] Epoch: [1] Loss: [2.2026238208863793]
2019-04-01 21:54:18 INFO     Batch: [82/120] Epoch: [1] Loss: [2.202115624783987]
2019-04-01 21:54:18 INFO     Batch: [83/120] Epoch: [1] Loss: [2.2020237020083835]
2019-04-01 21:54:18 INFO     Batch: [84/120] Epoch: [1] Loss: [2.2016366004943846]
2019-04-01 21:54:19 INFO     Batch: [85/120] Epoch: [1] Loss: [2.201438155285148]
2019-04-01 21:54:19 INFO     Batch: [86/120] Epoch: [1] Loss: [2.200997122402849]
2019-04-01 21:54:19 INFO     Batch: [87/120] Epoch: [1] Loss: [2.2006985355507243]
2019-04-01 21:54:19 INFO     Batch: [88/120] Epoch: [1] Loss: [2.2002386752139316]
2019-04-01 21:54:20 INFO     Batch: [89/120] Epoch: [1] Loss: [2.199798019727071]
2019-04-01 21:54:20 INFO     Batch: [90/120] Epoch: [1] Loss: [2.1993811235323055]
2019-04-01 21:54:20 INFO     Batch: [91/120] Epoch: [1] Loss: [2.199049369148586]
2019-04-01 21:54:21 INFO     Batch: [92/120] Epoch: [1] Loss: [2.1985730586513395]
2019-04-01 21:54:21 INFO     Batch: [93/120] Epoch: [1] Loss: [2.1980296449458345]
2019-04-01 21:54:21 INFO     Batch: [94/120] Epoch: [1] Loss: [2.1975850707606264]
2019-04-01 21:54:22 INFO     Batch: [95/120] Epoch: [1] Loss: [2.197225828965505]
2019-04-01 21:54:22 INFO     Batch: [96/120] Epoch: [1] Loss: [2.196790454313927]
2019-04-01 21:54:22 INFO     Batch: [97/120] Epoch: [1] Loss: [2.1964857772905]
2019-04-01 21:54:23 INFO     Batch: [98/120] Epoch: [1] Loss: [2.196322075044266]
2019-04-01 21:54:23 INFO     Batch: [99/120] Epoch: [1] Loss: [2.196007788181305]
2019-04-01 21:54:23 INFO     Batch: [100/120] Epoch: [1] Loss: [2.1956721131164247]
2019-04-01 21:54:24 INFO     Batch: [101/120] Epoch: [1] Loss: [2.195289373397827]
2019-04-01 21:54:24 INFO     Batch: [102/120] Epoch: [1] Loss: [2.1949841003973507]
2019-04-01 21:54:24 INFO     Batch: [103/120] Epoch: [1] Loss: [2.1945931819769053]
2019-04-01 21:54:25 INFO     Batch: [104/120] Epoch: [1] Loss: [2.194350458326794]
2019-04-01 21:54:25 INFO     Batch: [105/120] Epoch: [1] Loss: [2.1940354266256654]
2019-04-01 21:54:25 INFO     Batch: [106/120] Epoch: [1] Loss: [2.1935135404640267]
2019-04-01 21:54:26 INFO     Batch: [107/120] Epoch: [1] Loss: [2.1932093743924743]
2019-04-01 21:54:26 INFO     Batch: [108/120] Epoch: [1] Loss: [2.192897335104986]
2019-04-01 21:54:26 INFO     Batch: [109/120] Epoch: [1] Loss: [2.1923538901589135]
2019-04-01 21:54:27 INFO     Batch: [110/120] Epoch: [1] Loss: [2.1920010012549325]
2019-04-01 21:54:27 INFO     Batch: [111/120] Epoch: [1] Loss: [2.1916237814085826]
2019-04-01 21:54:27 INFO     Batch: [112/120] Epoch: [1] Loss: [2.1914193102743775]
2019-04-01 21:54:28 INFO     Batch: [113/120] Epoch: [1] Loss: [2.1910436446206614]
2019-04-01 21:54:28 INFO     Batch: [114/120] Epoch: [1] Loss: [2.1906251513439674]
2019-04-01 21:54:28 INFO     Batch: [115/120] Epoch: [1] Loss: [2.1902722058625055]
2019-04-01 21:54:29 INFO     Batch: [116/120] Epoch: [1] Loss: [2.1901106569502087]
2019-04-01 21:54:29 INFO     Batch: [117/120] Epoch: [1] Loss: [2.1897360591565147]
2019-04-01 21:54:29 INFO     Batch: [118/120] Epoch: [1] Loss: [2.189504951989951]
2019-04-01 21:54:29 INFO     Batch: [119/120] Epoch: [1] Loss: [2.188916403055191]
2019-04-01 21:54:32 INFO     Epoch: [1/200] Loss: [2.188916403055191] Accuracy: [0.2869090909090909]
2019-04-01 21:54:32 INFO     Batch: [0/120] Epoch: [2] Loss: [2.1502676010131836]
2019-04-01 21:54:34 INFO     Accuracy: [0.29072727272727267]

2019-04-01 21:54:35 INFO     Batch: [1/120] Epoch: [2] Loss: [2.1358642578125]
2019-04-01 21:54:35 INFO     Batch: [2/120] Epoch: [2] Loss: [2.1387315591176352]
2019-04-01 21:54:35 INFO     Batch: [3/120] Epoch: [2] Loss: [2.1371405720710754]
2019-04-01 21:54:36 INFO     Batch: [4/120] Epoch: [2] Loss: [2.137462615966797]
2019-04-01 21:54:36 INFO     Batch: [5/120] Epoch: [2] Loss: [2.135348081588745]
2019-04-01 21:54:36 INFO     Batch: [6/120] Epoch: [2] Loss: [2.138068675994873]
2019-04-01 21:54:37 INFO     Batch: [7/120] Epoch: [2] Loss: [2.1381683349609375]
2019-04-01 21:54:37 INFO     Batch: [8/120] Epoch: [2] Loss: [2.137024614546034]
2019-04-01 21:54:37 INFO     Batch: [9/120] Epoch: [2] Loss: [2.1368746519088746]
2019-04-01 21:54:38 INFO     Batch: [10/120] Epoch: [2] Loss: [2.1344222372228447]
2019-04-01 21:54:38 INFO     Batch: [11/120] Epoch: [2] Loss: [2.1354589660962424]
2019-04-01 21:54:38 INFO     Batch: [12/120] Epoch: [2] Loss: [2.1349367728600135]
2019-04-01 21:54:39 INFO     Batch: [13/120] Epoch: [2] Loss: [2.13391489642007]
2019-04-01 21:54:39 INFO     Batch: [14/120] Epoch: [2] Loss: [2.1343385378519693]
2019-04-01 21:54:39 INFO     Batch: [15/120] Epoch: [2] Loss: [2.1348576843738556]
2019-04-01 21:54:40 INFO     Batch: [16/120] Epoch: [2] Loss: [2.1348579631132236]
2019-04-01 21:54:40 INFO     Batch: [17/120] Epoch: [2] Loss: [2.1340941985448203]
2019-04-01 21:54:40 INFO     Batch: [18/120] Epoch: [2] Loss: [2.133500914824636]
2019-04-01 21:54:41 INFO     Batch: [19/120] Epoch: [2] Loss: [2.1333770155906677]
2019-04-01 21:54:41 INFO     Batch: [20/120] Epoch: [2] Loss: [2.1329226153237477]
2019-04-01 21:54:41 INFO     Batch: [21/120] Epoch: [2] Loss: [2.1329761310057207]
2019-04-01 21:54:42 INFO     Batch: [22/120] Epoch: [2] Loss: [2.1327893422997515]
2019-04-01 21:54:42 INFO     Batch: [23/120] Epoch: [2] Loss: [2.1340096493562064]
2019-04-01 21:54:42 INFO     Batch: [24/120] Epoch: [2] Loss: [2.1338570594787596]
2019-04-01 21:54:43 INFO     Batch: [25/120] Epoch: [2] Loss: [2.1331466894883375]
2019-04-01 21:54:43 INFO     Batch: [26/120] Epoch: [2] Loss: [2.1321408572020353]
2019-04-01 21:54:43 INFO     Batch: [27/120] Epoch: [2] Loss: [2.1319819007601057]
2019-04-01 21:54:44 INFO     Batch: [28/120] Epoch: [2] Loss: [2.1312247638044686]
2019-04-01 21:54:44 INFO     Batch: [29/120] Epoch: [2] Loss: [2.13111895720164]
2019-04-01 21:54:44 INFO     Batch: [30/120] Epoch: [2] Loss: [2.1311002008376585]
2019-04-01 21:54:44 INFO     Batch: [31/120] Epoch: [2] Loss: [2.1315445750951767]
2019-04-01 21:54:45 INFO     Batch: [32/120] Epoch: [2] Loss: [2.1315415411284477]
2019-04-01 21:54:45 INFO     Batch: [33/120] Epoch: [2] Loss: [2.13145948157591]
2019-04-01 21:54:45 INFO     Batch: [34/120] Epoch: [2] Loss: [2.1309890951429096]
2019-04-01 21:54:46 INFO     Batch: [35/120] Epoch: [2] Loss: [2.130449983808729]
2019-04-01 21:54:46 INFO     Batch: [36/120] Epoch: [2] Loss: [2.1298373003263733]
2019-04-01 21:54:46 INFO     Batch: [37/120] Epoch: [2] Loss: [2.1290011405944824]
2019-04-01 21:54:47 INFO     Batch: [38/120] Epoch: [2] Loss: [2.128435703424307]
2019-04-01 21:54:47 INFO     Batch: [39/120] Epoch: [2] Loss: [2.1284510672092436]
2019-04-01 21:54:47 INFO     Batch: [40/120] Epoch: [2] Loss: [2.128824838777868]
2019-04-01 21:54:48 INFO     Batch: [41/120] Epoch: [2] Loss: [2.128911336263021]
2019-04-01 21:54:48 INFO     Batch: [42/120] Epoch: [2] Loss: [2.1288588435150855]
2019-04-01 21:54:48 INFO     Batch: [43/120] Epoch: [2] Loss: [2.128492387858304]
2019-04-01 21:54:49 INFO     Batch: [44/120] Epoch: [2] Loss: [2.1284805986616346]
2019-04-01 21:54:49 INFO     Batch: [45/120] Epoch: [2] Loss: [2.1285558420678843]
2019-04-01 21:54:49 INFO     Batch: [46/120] Epoch: [2] Loss: [2.1281926885564277]
2019-04-01 21:54:50 INFO     Batch: [47/120] Epoch: [2] Loss: [2.127994656562805]
2019-04-01 21:54:50 INFO     Batch: [48/120] Epoch: [2] Loss: [2.1280595672373868]
2019-04-01 21:54:50 INFO     Batch: [49/120] Epoch: [2] Loss: [2.1275273847579954]
2019-04-01 21:54:51 INFO     Batch: [50/120] Epoch: [2] Loss: [2.126969482384476]
2019-04-01 21:54:51 INFO     Batch: [51/120] Epoch: [2] Loss: [2.126527923804063]
2019-04-01 21:54:51 INFO     Batch: [52/120] Epoch: [2] Loss: [2.1262000956625307]
2019-04-01 21:54:52 INFO     Batch: [53/120] Epoch: [2] Loss: [2.1260642343097262]
2019-04-01 21:54:52 INFO     Batch: [54/120] Epoch: [2] Loss: [2.1259192596782337]
2019-04-01 21:54:52 INFO     Batch: [55/120] Epoch: [2] Loss: [2.1258039687361037]
2019-04-01 21:54:53 INFO     Batch: [56/120] Epoch: [2] Loss: [2.125245031557585]
2019-04-01 21:54:53 INFO     Batch: [57/120] Epoch: [2] Loss: [2.1249131210919083]
2019-04-01 21:54:53 INFO     Batch: [58/120] Epoch: [2] Loss: [2.1246342295307223]
2019-04-01 21:54:54 INFO     Batch: [59/120] Epoch: [2] Loss: [2.1243924180666607]
2019-04-01 21:54:54 INFO     Batch: [60/120] Epoch: [2] Loss: [2.1244189778312306]
2019-04-01 21:54:54 INFO     Batch: [61/120] Epoch: [2] Loss: [2.124002495119649]
2019-04-01 21:54:55 INFO     Batch: [62/120] Epoch: [2] Loss: [2.1236817496163503]
2019-04-01 21:54:55 INFO     Batch: [63/120] Epoch: [2] Loss: [2.1231686919927597]
2019-04-01 21:54:55 INFO     Batch: [64/120] Epoch: [2] Loss: [2.1230530665471004]
2019-04-01 21:54:56 INFO     Batch: [65/120] Epoch: [2] Loss: [2.122959436792316]
2019-04-01 21:54:56 INFO     Batch: [66/120] Epoch: [2] Loss: [2.122553085213277]
2019-04-01 21:54:56 INFO     Batch: [67/120] Epoch: [2] Loss: [2.1223469025948467]
2019-04-01 21:54:57 INFO     Batch: [68/120] Epoch: [2] Loss: [2.121977118478305]
2019-04-01 21:54:57 INFO     Batch: [69/120] Epoch: [2] Loss: [2.1213556596211025]
2019-04-01 21:54:57 INFO     Batch: [70/120] Epoch: [2] Loss: [2.1210934108411763]
2019-04-01 21:54:58 INFO     Batch: [71/120] Epoch: [2] Loss: [2.1207425428761377]
2019-04-01 21:54:58 INFO     Batch: [72/120] Epoch: [2] Loss: [2.1203822893639135]
2019-04-01 21:54:58 INFO     Batch: [73/120] Epoch: [2] Loss: [2.1201340572254077]
2019-04-01 21:54:58 INFO     Batch: [74/120] Epoch: [2] Loss: [2.1198028087615968]
2019-04-01 21:54:59 INFO     Batch: [75/120] Epoch: [2] Loss: [2.1196299822706925]
2019-04-01 21:54:59 INFO     Batch: [76/120] Epoch: [2] Loss: [2.1192510189948144]
2019-04-01 21:54:59 INFO     Batch: [77/120] Epoch: [2] Loss: [2.118988865461105]
2019-04-01 21:55:00 INFO     Batch: [78/120] Epoch: [2] Loss: [2.118588954587526]
2019-04-01 21:55:00 INFO     Batch: [79/120] Epoch: [2] Loss: [2.118351450562477]
2019-04-01 21:55:00 INFO     Batch: [80/120] Epoch: [2] Loss: [2.117979720786766]
2019-04-01 21:55:01 INFO     Batch: [81/120] Epoch: [2] Loss: [2.117492748469841]
2019-04-01 21:55:01 INFO     Batch: [82/120] Epoch: [2] Loss: [2.1170672221356126]
2019-04-01 21:55:01 INFO     Batch: [83/120] Epoch: [2] Loss: [2.1165349994386946]
2019-04-01 21:55:02 INFO     Batch: [84/120] Epoch: [2] Loss: [2.1160200399511]
2019-04-01 21:55:02 INFO     Batch: [85/120] Epoch: [2] Loss: [2.115756553272868]
2019-04-01 21:55:02 INFO     Batch: [86/120] Epoch: [2] Loss: [2.1151763214462105]
2019-04-01 21:55:03 INFO     Batch: [87/120] Epoch: [2] Loss: [2.1149829111315985]
2019-04-01 21:55:03 INFO     Batch: [88/120] Epoch: [2] Loss: [2.114769123913197]
2019-04-01 21:55:03 INFO     Batch: [89/120] Epoch: [2] Loss: [2.114611898528205]
2019-04-01 21:55:03 INFO     Batch: [90/120] Epoch: [2] Loss: [2.114529609680176]
2019-04-01 21:55:04 INFO     Batch: [91/120] Epoch: [2] Loss: [2.1141871835874473]
2019-04-01 21:55:04 INFO     Batch: [92/120] Epoch: [2] Loss: [2.113974304609401]
2019-04-01 21:55:04 INFO     Batch: [93/120] Epoch: [2] Loss: [2.113578923205112]
2019-04-01 21:55:05 INFO     Batch: [94/120] Epoch: [2] Loss: [2.113577401010614]
2019-04-01 21:55:05 INFO     Batch: [95/120] Epoch: [2] Loss: [2.1132940078775087]
2019-04-01 21:55:05 INFO     Batch: [96/120] Epoch: [2] Loss: [2.113036192569536]
2019-04-01 21:55:06 INFO     Batch: [97/120] Epoch: [2] Loss: [2.1127316757124297]
2019-04-01 21:55:06 INFO     Batch: [98/120] Epoch: [2] Loss: [2.112441908229481]
2019-04-01 21:55:06 INFO     Batch: [99/120] Epoch: [2] Loss: [2.1123272252082823]
2019-04-01 21:55:07 INFO     Batch: [100/120] Epoch: [2] Loss: [2.1120694014105466]
2019-04-01 21:55:07 INFO     Batch: [101/120] Epoch: [2] Loss: [2.11161053648182]
2019-04-01 21:55:07 INFO     Batch: [102/120] Epoch: [2] Loss: [2.1113487748266424]
2019-04-01 21:55:08 INFO     Batch: [103/120] Epoch: [2] Loss: [2.111084672120901]
2019-04-01 21:55:08 INFO     Batch: [104/120] Epoch: [2] Loss: [2.1107954252333867]
2019-04-01 21:55:08 INFO     Batch: [105/120] Epoch: [2] Loss: [2.11024605328182]
2019-04-01 21:55:09 INFO     Batch: [106/120] Epoch: [2] Loss: [2.1100566320330185]
2019-04-01 21:55:09 INFO     Batch: [107/120] Epoch: [2] Loss: [2.109693933416296]
2019-04-01 21:55:09 INFO     Batch: [108/120] Epoch: [2] Loss: [2.109319564399369]
2019-04-01 21:55:10 INFO     Batch: [109/120] Epoch: [2] Loss: [2.1090756437995215]
2019-04-01 21:55:10 INFO     Batch: [110/120] Epoch: [2] Loss: [2.108788775968122]
2019-04-01 21:55:10 INFO     Batch: [111/120] Epoch: [2] Loss: [2.108434960246086]
2019-04-01 21:55:10 INFO     Batch: [112/120] Epoch: [2] Loss: [2.1079607305273544]
2019-04-01 21:55:11 INFO     Batch: [113/120] Epoch: [2] Loss: [2.1075591037147925]
2019-04-01 21:55:11 INFO     Batch: [114/120] Epoch: [2] Loss: [2.1069966979648758]
2019-04-01 21:55:11 INFO     Batch: [115/120] Epoch: [2] Loss: [2.106834380791105]
2019-04-01 21:55:12 INFO     Batch: [116/120] Epoch: [2] Loss: [2.1064123475653496]
2019-04-01 21:55:12 INFO     Batch: [117/120] Epoch: [2] Loss: [2.106190212702347]
2019-04-01 21:55:12 INFO     Batch: [118/120] Epoch: [2] Loss: [2.105692148208618]
2019-04-01 21:55:13 INFO     Batch: [119/120] Epoch: [2] Loss: [2.105634303887685]
2019-04-01 21:55:15 INFO     Epoch: [2/200] Loss: [2.105634303887685] Accuracy: [0.35836363636363633]
2019-04-01 21:55:15 INFO     Batch: [0/120] Epoch: [3] Loss: [2.0760014057159424]
2019-04-01 21:55:18 INFO     Accuracy: [0.35872727272727273]

2019-04-01 21:55:18 INFO     Batch: [1/120] Epoch: [3] Loss: [2.066907286643982]
2019-04-01 21:55:18 INFO     Batch: [2/120] Epoch: [3] Loss: [2.076462745666504]
2019-04-01 21:55:19 INFO     Batch: [3/120] Epoch: [3] Loss: [2.0759597420692444]
2019-04-01 21:55:19 INFO     Batch: [4/120] Epoch: [3] Loss: [2.074682664871216]
2019-04-01 21:55:19 INFO     Batch: [5/120] Epoch: [3] Loss: [2.0713988145192466]
2019-04-01 21:55:20 INFO     Batch: [6/120] Epoch: [3] Loss: [2.0720622539520264]
2019-04-01 21:55:20 INFO     Batch: [7/120] Epoch: [3] Loss: [2.0756542682647705]
2019-04-01 21:55:20 INFO     Batch: [8/120] Epoch: [3] Loss: [2.0749275419447155]
2019-04-01 21:55:21 INFO     Batch: [9/120] Epoch: [3] Loss: [2.0749420166015624]
2019-04-01 21:55:21 INFO     Batch: [10/120] Epoch: [3] Loss: [2.0727774013172495]
2019-04-01 21:55:21 INFO     Batch: [11/120] Epoch: [3] Loss: [2.07123855749766]
2019-04-01 21:55:22 INFO     Batch: [12/120] Epoch: [3] Loss: [2.071770117833064]
2019-04-01 21:55:22 INFO     Batch: [13/120] Epoch: [3] Loss: [2.0699605771473477]
2019-04-01 21:55:22 INFO     Batch: [14/120] Epoch: [3] Loss: [2.067944796880086]
2019-04-01 21:55:23 INFO     Batch: [15/120] Epoch: [3] Loss: [2.068298786878586]
2019-04-01 21:55:23 INFO     Batch: [16/120] Epoch: [3] Loss: [2.068139679291669]
2019-04-01 21:55:23 INFO     Batch: [17/120] Epoch: [3] Loss: [2.06730494234297]
2019-04-01 21:55:24 INFO     Batch: [18/120] Epoch: [3] Loss: [2.067304385335822]
2019-04-01 21:55:24 INFO     Batch: [19/120] Epoch: [3] Loss: [2.06704386472702]
2019-04-01 21:55:24 INFO     Batch: [20/120] Epoch: [3] Loss: [2.067288841520037]
2019-04-01 21:55:25 INFO     Batch: [21/120] Epoch: [3] Loss: [2.067491878162731]
2019-04-01 21:55:25 INFO     Batch: [22/120] Epoch: [3] Loss: [2.067805642667024]
2019-04-01 21:55:25 INFO     Batch: [23/120] Epoch: [3] Loss: [2.0668309529622397]
2019-04-01 21:55:26 INFO     Batch: [24/120] Epoch: [3] Loss: [2.065845880508423]
2019-04-01 21:55:26 INFO     Batch: [25/120] Epoch: [3] Loss: [2.063683353937589]
2019-04-01 21:55:26 INFO     Batch: [26/120] Epoch: [3] Loss: [2.0635655191209583]
2019-04-01 21:55:26 INFO     Batch: [27/120] Epoch: [3] Loss: [2.0628861614636014]
2019-04-01 21:55:27 INFO     Batch: [28/120] Epoch: [3] Loss: [2.0626660051016974]
2019-04-01 21:55:27 INFO     Batch: [29/120] Epoch: [3] Loss: [2.062690321604411]
2019-04-01 21:55:27 INFO     Batch: [30/120] Epoch: [3] Loss: [2.0630055166059926]
2019-04-01 21:55:28 INFO     Batch: [31/120] Epoch: [3] Loss: [2.062061235308647]
2019-04-01 21:55:28 INFO     Batch: [32/120] Epoch: [3] Loss: [2.0624050082582417]
2019-04-01 21:55:28 INFO     Batch: [33/120] Epoch: [3] Loss: [2.0622869309257057]
2019-04-01 21:55:29 INFO     Batch: [34/120] Epoch: [3] Loss: [2.061090578351702]
2019-04-01 21:55:29 INFO     Batch: [35/120] Epoch: [3] Loss: [2.0607900288369922]
2019-04-01 21:55:29 INFO     Batch: [36/120] Epoch: [3] Loss: [2.060440984932152]
2019-04-01 21:55:30 INFO     Batch: [37/120] Epoch: [3] Loss: [2.060274042581257]
2019-04-01 21:55:30 INFO     Batch: [38/120] Epoch: [3] Loss: [2.059792750921005]
2019-04-01 21:55:30 INFO     Batch: [39/120] Epoch: [3] Loss: [2.0594950675964356]
2019-04-01 21:55:31 INFO     Batch: [40/120] Epoch: [3] Loss: [2.0590577707058046]
2019-04-01 21:55:31 INFO     Batch: [41/120] Epoch: [3] Loss: [2.057948033014933]
2019-04-01 21:55:31 INFO     Batch: [42/120] Epoch: [3] Loss: [2.0575167522873987]
2019-04-01 21:55:32 INFO     Batch: [43/120] Epoch: [3] Loss: [2.057264734398235]
2019-04-01 21:55:32 INFO     Batch: [44/120] Epoch: [3] Loss: [2.0567042774624293]
2019-04-01 21:55:32 INFO     Batch: [45/120] Epoch: [3] Loss: [2.0564255714416504]
2019-04-01 21:55:32 INFO     Batch: [46/120] Epoch: [3] Loss: [2.055500923319066]
2019-04-01 21:55:33 INFO     Batch: [47/120] Epoch: [3] Loss: [2.0547107408444085]
2019-04-01 21:55:33 INFO     Batch: [48/120] Epoch: [3] Loss: [2.0539834596672835]
2019-04-01 21:55:33 INFO     Batch: [49/120] Epoch: [3] Loss: [2.053636589050293]
2019-04-01 21:55:34 INFO     Batch: [50/120] Epoch: [3] Loss: [2.053685940948187]
2019-04-01 21:55:34 INFO     Batch: [51/120] Epoch: [3] Loss: [2.053214064011207]
2019-04-01 21:55:34 INFO     Batch: [52/120] Epoch: [3] Loss: [2.0532064167958386]
2019-04-01 21:55:35 INFO     Batch: [53/120] Epoch: [3] Loss: [2.0531434262240373]
2019-04-01 21:55:35 INFO     Batch: [54/120] Epoch: [3] Loss: [2.052690527655862]
2019-04-01 21:55:35 INFO     Batch: [55/120] Epoch: [3] Loss: [2.052300934280668]
2019-04-01 21:55:36 INFO     Batch: [56/120] Epoch: [3] Loss: [2.0523348189236823]
2019-04-01 21:55:36 INFO     Batch: [57/120] Epoch: [3] Loss: [2.0517686975413354]
2019-04-01 21:55:36 INFO     Batch: [58/120] Epoch: [3] Loss: [2.052099094552509]
2019-04-01 21:55:37 INFO     Batch: [59/120] Epoch: [3] Loss: [2.051763292153676]
2019-04-01 21:55:37 INFO     Batch: [60/120] Epoch: [3] Loss: [2.05134886210082]
2019-04-01 21:55:37 INFO     Batch: [61/120] Epoch: [3] Loss: [2.051387590746726]
2019-04-01 21:55:38 INFO     Batch: [62/120] Epoch: [3] Loss: [2.0513134154062422]
2019-04-01 21:55:38 INFO     Batch: [63/120] Epoch: [3] Loss: [2.0511614345014095]
2019-04-01 21:55:38 INFO     Batch: [64/120] Epoch: [3] Loss: [2.0510297481830304]
2019-04-01 21:55:39 INFO     Batch: [65/120] Epoch: [3] Loss: [2.0507422902367334]
2019-04-01 21:55:39 INFO     Batch: [66/120] Epoch: [3] Loss: [2.050245982497486]
2019-04-01 21:55:39 INFO     Batch: [67/120] Epoch: [3] Loss: [2.049967920078951]
2019-04-01 21:55:40 INFO     Batch: [68/120] Epoch: [3] Loss: [2.0495116883429927]
2019-04-01 21:55:40 INFO     Batch: [69/120] Epoch: [3] Loss: [2.0493189811706545]
2019-04-01 21:55:40 INFO     Batch: [70/120] Epoch: [3] Loss: [2.048946958192637]
2019-04-01 21:55:40 INFO     Batch: [71/120] Epoch: [3] Loss: [2.048398984803094]
2019-04-01 21:55:41 INFO     Batch: [72/120] Epoch: [3] Loss: [2.0481541548689752]
2019-04-01 21:55:41 INFO     Batch: [73/120] Epoch: [3] Loss: [2.0475520829896667]
2019-04-01 21:55:41 INFO     Batch: [74/120] Epoch: [3] Loss: [2.047688735326131]
2019-04-01 21:55:42 INFO     Batch: [75/120] Epoch: [3] Loss: [2.0474173740336767]
2019-04-01 21:55:42 INFO     Batch: [76/120] Epoch: [3] Loss: [2.0473455546738264]
2019-04-01 21:55:42 INFO     Batch: [77/120] Epoch: [3] Loss: [2.0472062673324194]
2019-04-01 21:55:43 INFO     Batch: [78/120] Epoch: [3] Loss: [2.0470779636238197]
2019-04-01 21:55:43 INFO     Batch: [79/120] Epoch: [3] Loss: [2.0465232759714125]
2019-04-01 21:55:43 INFO     Batch: [80/120] Epoch: [3] Loss: [2.046575455018032]
2019-04-01 21:55:44 INFO     Batch: [81/120] Epoch: [3] Loss: [2.0463238053205535]
2019-04-01 21:55:44 INFO     Batch: [82/120] Epoch: [3] Loss: [2.045978322086564]
2019-04-01 21:55:44 INFO     Batch: [83/120] Epoch: [3] Loss: [2.046056914897192]
2019-04-01 21:55:45 INFO     Batch: [84/120] Epoch: [3] Loss: [2.0460089066449334]
2019-04-01 21:55:45 INFO     Batch: [85/120] Epoch: [3] Loss: [2.0458638945291208]
2019-04-01 21:55:45 INFO     Batch: [86/120] Epoch: [3] Loss: [2.0453890192097632]
2019-04-01 21:55:46 INFO     Batch: [87/120] Epoch: [3] Loss: [2.0451200875368984]
2019-04-01 21:55:46 INFO     Batch: [88/120] Epoch: [3] Loss: [2.0452508283465094]
2019-04-01 21:55:46 INFO     Batch: [89/120] Epoch: [3] Loss: [2.0450521257188585]
2019-04-01 21:55:47 INFO     Batch: [90/120] Epoch: [3] Loss: [2.0446512201330163]
2019-04-01 21:55:47 INFO     Batch: [91/120] Epoch: [3] Loss: [2.0446287730465764]
2019-04-01 21:55:47 INFO     Batch: [92/120] Epoch: [3] Loss: [2.0441859332464074]
2019-04-01 21:55:48 INFO     Batch: [93/120] Epoch: [3] Loss: [2.043968888039285]
2019-04-01 21:55:48 INFO     Batch: [94/120] Epoch: [3] Loss: [2.0436079200945403]
2019-04-01 21:55:48 INFO     Batch: [95/120] Epoch: [3] Loss: [2.043620544175307]
2019-04-01 21:55:49 INFO     Batch: [96/120] Epoch: [3] Loss: [2.0435077726226494]
2019-04-01 21:55:49 INFO     Batch: [97/120] Epoch: [3] Loss: [2.04314657376737]
2019-04-01 21:55:49 INFO     Batch: [98/120] Epoch: [3] Loss: [2.042813970585062]
2019-04-01 21:55:50 INFO     Batch: [99/120] Epoch: [3] Loss: [2.042935218811035]
2019-04-01 21:55:50 INFO     Batch: [100/120] Epoch: [3] Loss: [2.0433393138470035]
2019-04-01 21:55:50 INFO     Batch: [101/120] Epoch: [3] Loss: [2.042973102307787]
2019-04-01 21:55:51 INFO     Batch: [102/120] Epoch: [3] Loss: [2.0426796177058546]
2019-04-01 21:55:51 INFO     Batch: [103/120] Epoch: [3] Loss: [2.0424569707650404]
2019-04-01 21:55:51 INFO     Batch: [104/120] Epoch: [3] Loss: [2.041924906912304]
2019-04-01 21:55:52 INFO     Batch: [105/120] Epoch: [3] Loss: [2.041368802763381]
2019-04-01 21:55:52 INFO     Batch: [106/120] Epoch: [3] Loss: [2.041098165734906]
2019-04-01 21:55:52 INFO     Batch: [107/120] Epoch: [3] Loss: [2.040913020019178]
2019-04-01 21:55:52 INFO     Batch: [108/120] Epoch: [3] Loss: [2.040803422621631]
2019-04-01 21:55:53 INFO     Batch: [109/120] Epoch: [3] Loss: [2.0408008737997574]
2019-04-01 21:55:53 INFO     Batch: [110/120] Epoch: [3] Loss: [2.040582898500803]
2019-04-01 21:55:53 INFO     Batch: [111/120] Epoch: [3] Loss: [2.0405654704996516]
2019-04-01 21:55:54 INFO     Batch: [112/120] Epoch: [3] Loss: [2.0402137188784844]
2019-04-01 21:55:54 INFO     Batch: [113/120] Epoch: [3] Loss: [2.0399602745708667]
2019-04-01 21:55:54 INFO     Batch: [114/120] Epoch: [3] Loss: [2.03937231561412]
2019-04-01 21:55:55 INFO     Batch: [115/120] Epoch: [3] Loss: [2.0393548936679444]
2019-04-01 21:55:55 INFO     Batch: [116/120] Epoch: [3] Loss: [2.038772135718256]
2019-04-01 21:55:55 INFO     Batch: [117/120] Epoch: [3] Loss: [2.038375954506761]
2019-04-01 21:55:56 INFO     Batch: [118/120] Epoch: [3] Loss: [2.0380528323790608]
2019-04-01 21:55:56 INFO     Batch: [119/120] Epoch: [3] Loss: [2.037787776192029]
2019-04-01 21:55:58 INFO     Epoch: [3/200] Loss: [2.037787776192029] Accuracy: [0.36727272727272725]
2019-04-01 21:55:59 INFO     Batch: [0/120] Epoch: [4] Loss: [2.006221055984497]
2019-04-01 21:56:01 INFO     Accuracy: [0.3663636363636363]

2019-04-01 21:56:01 INFO     Batch: [1/120] Epoch: [4] Loss: [1.9926204085350037]
2019-04-01 21:56:02 INFO     Batch: [2/120] Epoch: [4] Loss: [2.000517964363098]
2019-04-01 21:56:02 INFO     Batch: [3/120] Epoch: [4] Loss: [2.0020762383937836]
2019-04-01 21:56:02 INFO     Batch: [4/120] Epoch: [4] Loss: [2.0017452955245973]
2019-04-01 21:56:03 INFO     Batch: [5/120] Epoch: [4] Loss: [1.9977338711420696]
2019-04-01 21:56:03 INFO     Batch: [6/120] Epoch: [4] Loss: [1.9985428197043282]
2019-04-01 21:56:03 INFO     Batch: [7/120] Epoch: [4] Loss: [1.9999361038208008]
2019-04-01 21:56:04 INFO     Batch: [8/120] Epoch: [4] Loss: [2.0016500684950085]
2019-04-01 21:56:04 INFO     Batch: [9/120] Epoch: [4] Loss: [2.003910994529724]
2019-04-01 21:56:04 INFO     Batch: [10/120] Epoch: [4] Loss: [2.0055360794067383]
2019-04-01 21:56:05 INFO     Batch: [11/120] Epoch: [4] Loss: [2.003452161947886]
2019-04-01 21:56:05 INFO     Batch: [12/120] Epoch: [4] Loss: [2.001292953124413]
2019-04-01 21:56:05 INFO     Batch: [13/120] Epoch: [4] Loss: [2.0033940843173434]
2019-04-01 21:56:06 INFO     Batch: [14/120] Epoch: [4] Loss: [2.00175621509552]
2019-04-01 21:56:06 INFO     Batch: [15/120] Epoch: [4] Loss: [2.001860313117504]
2019-04-01 21:56:06 INFO     Batch: [16/120] Epoch: [4] Loss: [2.0013715800117042]
2019-04-01 21:56:07 INFO     Batch: [17/120] Epoch: [4] Loss: [2.0018072393205433]
2019-04-01 21:56:07 INFO     Batch: [18/120] Epoch: [4] Loss: [2.003814371008622]
2019-04-01 21:56:07 INFO     Batch: [19/120] Epoch: [4] Loss: [2.0025401592254637]
2019-04-01 21:56:07 INFO     Batch: [20/120] Epoch: [4] Loss: [2.0028388500213623]
2019-04-01 21:56:08 INFO     Batch: [21/120] Epoch: [4] Loss: [2.0018153840845283]
2019-04-01 21:56:08 INFO     Batch: [22/120] Epoch: [4] Loss: [2.002718334612639]
2019-04-01 21:56:08 INFO     Batch: [23/120] Epoch: [4] Loss: [2.002407411734263]
2019-04-01 21:56:09 INFO     Batch: [24/120] Epoch: [4] Loss: [2.0016137027740477]
2019-04-01 21:56:09 INFO     Batch: [25/120] Epoch: [4] Loss: [2.002606364396902]
2019-04-01 21:56:09 INFO     Batch: [26/120] Epoch: [4] Loss: [2.0021864970525107]
2019-04-01 21:56:10 INFO     Batch: [27/120] Epoch: [4] Loss: [2.001234199319567]
2019-04-01 21:56:10 INFO     Batch: [28/120] Epoch: [4] Loss: [2.0018317123939253]
2019-04-01 21:56:10 INFO     Batch: [29/120] Epoch: [4] Loss: [2.0023281971613565]
2019-04-01 21:56:11 INFO     Batch: [30/120] Epoch: [4] Loss: [2.000947202405622]
2019-04-01 21:56:11 INFO     Batch: [31/120] Epoch: [4] Loss: [2.0007454566657543]
2019-04-01 21:56:11 INFO     Batch: [32/120] Epoch: [4] Loss: [2.0010042587916055]
2019-04-01 21:56:11 INFO     Batch: [33/120] Epoch: [4] Loss: [2.0006607315119576]
2019-04-01 21:56:12 INFO     Batch: [34/120] Epoch: [4] Loss: [2.00119582925524]
2019-04-01 21:56:12 INFO     Batch: [35/120] Epoch: [4] Loss: [2.001955810520384]
2019-04-01 21:56:12 INFO     Batch: [36/120] Epoch: [4] Loss: [2.001260905652433]
