2019-04-07 17:38:37 INFO     Loading Data
2019-04-07 17:38:38 INFO     Model Setting Up
2019-04-07 17:38:49 INFO     train_dir : [../mnist/train]
2019-04-07 17:38:49 INFO     test_dir : [../mnist/test]
2019-04-07 17:38:49 INFO     save_dir : [./save]
2019-04-07 17:38:49 INFO     num_epochs : [250]
2019-04-07 17:38:49 INFO     batch_size : [500]
2019-04-07 17:38:49 INFO     num_points : [512]
2019-04-07 17:38:49 INFO     sigma : [0.05]
2019-04-07 17:38:49 INFO     log_interval : [1000]
2019-04-07 17:38:49 INFO     save_interval : [50]
2019-04-07 17:38:49 INFO     baselr : [5e-05]
2019-04-07 17:38:49 INFO     density_radius : [0.2]
2019-04-07 17:38:49 INFO     feature_out1 : [8]
2019-04-07 17:38:49 INFO     feature_out2 : [16]
2019-04-07 17:38:49 INFO     feature_out3 : [32]
2019-04-07 17:38:49 INFO     feature_out4 : [64]
2019-04-07 17:38:49 INFO     feature_out5 : [128]
2019-04-07 17:38:49 INFO     num_classes : [10]
2019-04-07 17:38:49 INFO     bandwidth_0 : [10]
2019-04-07 17:38:49 INFO     bandwidth_out1 : [10]
2019-04-07 17:38:49 INFO     bandwidth_out2 : [8]
2019-04-07 17:38:49 INFO     bandwidth_out3 : [6]
2019-04-07 17:38:49 INFO     bandwidth_out4 : [4]
2019-04-07 17:38:49 INFO     bandwidth_out5 : [2]
2019-04-07 17:38:49 INFO     resume_training : [0]
2019-04-07 17:38:49 INFO     Start Training
2019-04-07 17:38:49 INFO     Saved model checkpoints into ./save/2019-04-07_17-38-49-model.ckpt...
2019-04-07 17:38:54 INFO     Batch: [0/120] Epoch: [0] Loss: [2.298398494720459]
2019-04-07 17:38:54 INFO     Batch: [1/120] Epoch: [0] Loss: [2.2981343269348145]
2019-04-07 17:38:54 INFO     Batch: [2/120] Epoch: [0] Loss: [2.2964988549550376]
2019-04-07 17:38:54 INFO     Batch: [3/120] Epoch: [0] Loss: [2.297121524810791]
2019-04-07 17:38:54 INFO     Batch: [4/120] Epoch: [0] Loss: [2.295748233795166]
2019-04-07 17:38:55 INFO     Batch: [5/120] Epoch: [0] Loss: [2.294881264368693]
2019-04-07 17:38:55 INFO     Batch: [6/120] Epoch: [0] Loss: [2.2947440147399902]
2019-04-07 17:38:55 INFO     Batch: [7/120] Epoch: [0] Loss: [2.2938730716705322]
2019-04-07 17:38:55 INFO     Batch: [8/120] Epoch: [0] Loss: [2.2929787635803223]
2019-04-07 17:38:55 INFO     Batch: [9/120] Epoch: [0] Loss: [2.291684937477112]
2019-04-07 17:38:56 INFO     Batch: [10/120] Epoch: [0] Loss: [2.291304176503962]
2019-04-07 17:38:56 INFO     Batch: [11/120] Epoch: [0] Loss: [2.290874163309733]
2019-04-07 17:38:56 INFO     Batch: [12/120] Epoch: [0] Loss: [2.2901034905360294]
2019-04-07 17:38:56 INFO     Batch: [13/120] Epoch: [0] Loss: [2.2896205527441844]
2019-04-07 17:38:56 INFO     Batch: [14/120] Epoch: [0] Loss: [2.2890283425649005]
2019-04-07 17:38:57 INFO     Batch: [15/120] Epoch: [0] Loss: [2.288177102804184]
2019-04-07 17:38:57 INFO     Batch: [16/120] Epoch: [0] Loss: [2.287691088283763]
2019-04-07 17:38:57 INFO     Batch: [17/120] Epoch: [0] Loss: [2.2870153850979276]
2019-04-07 17:38:57 INFO     Batch: [18/120] Epoch: [0] Loss: [2.286229472411306]
2019-04-07 17:38:57 INFO     Batch: [19/120] Epoch: [0] Loss: [2.2853416204452515]
2019-04-07 17:38:58 INFO     Batch: [20/120] Epoch: [0] Loss: [2.2847394829704646]
2019-04-07 17:38:58 INFO     Batch: [21/120] Epoch: [0] Loss: [2.2840812531384556]
2019-04-07 17:38:58 INFO     Batch: [22/120] Epoch: [0] Loss: [2.2837637922038203]
2019-04-07 17:38:58 INFO     Batch: [23/120] Epoch: [0] Loss: [2.283110330502192]
2019-04-07 17:38:58 INFO     Batch: [24/120] Epoch: [0] Loss: [2.282640104293823]
2019-04-07 17:38:59 INFO     Batch: [25/120] Epoch: [0] Loss: [2.2818873662215013]
2019-04-07 17:38:59 INFO     Batch: [26/120] Epoch: [0] Loss: [2.2809456895898887]
2019-04-07 17:38:59 INFO     Batch: [27/120] Epoch: [0] Loss: [2.280466854572296]
2019-04-07 17:38:59 INFO     Batch: [28/120] Epoch: [0] Loss: [2.279776014130691]
2019-04-07 17:38:59 INFO     Batch: [29/120] Epoch: [0] Loss: [2.2789921522140504]
2019-04-07 17:38:59 INFO     Batch: [30/120] Epoch: [0] Loss: [2.2784009671980336]
2019-04-07 17:39:00 INFO     Batch: [31/120] Epoch: [0] Loss: [2.2778331264853477]
2019-04-07 17:39:00 INFO     Batch: [32/120] Epoch: [0] Loss: [2.277447324810606]
2019-04-07 17:39:00 INFO     Batch: [33/120] Epoch: [0] Loss: [2.2767876316519344]
2019-04-07 17:39:00 INFO     Batch: [34/120] Epoch: [0] Loss: [2.2760492869785853]
2019-04-07 17:39:00 INFO     Batch: [35/120] Epoch: [0] Loss: [2.2754332423210144]
2019-04-07 17:39:01 INFO     Batch: [36/120] Epoch: [0] Loss: [2.274907550296268]
2019-04-07 17:39:01 INFO     Batch: [37/120] Epoch: [0] Loss: [2.2742194501977218]
2019-04-07 17:39:01 INFO     Batch: [38/120] Epoch: [0] Loss: [2.273393392562866]
2019-04-07 17:39:01 INFO     Batch: [39/120] Epoch: [0] Loss: [2.2725738644599915]
2019-04-07 17:39:01 INFO     Batch: [40/120] Epoch: [0] Loss: [2.2720146877009695]
2019-04-07 17:39:02 INFO     Batch: [41/120] Epoch: [0] Loss: [2.2715392850694203]
2019-04-07 17:39:02 INFO     Batch: [42/120] Epoch: [0] Loss: [2.2708586703899294]
2019-04-07 17:39:02 INFO     Batch: [43/120] Epoch: [0] Loss: [2.2700511758977715]
2019-04-07 17:39:02 INFO     Batch: [44/120] Epoch: [0] Loss: [2.269367551803589]
2019-04-07 17:39:02 INFO     Batch: [45/120] Epoch: [0] Loss: [2.2686809405036596]
2019-04-07 17:39:03 INFO     Batch: [46/120] Epoch: [0] Loss: [2.268107434536548]
2019-04-07 17:39:03 INFO     Batch: [47/120] Epoch: [0] Loss: [2.2675075779358544]
2019-04-07 17:39:03 INFO     Batch: [48/120] Epoch: [0] Loss: [2.2667751409569563]
2019-04-07 17:39:03 INFO     Batch: [49/120] Epoch: [0] Loss: [2.265946698188782]
2019-04-07 17:39:03 INFO     Batch: [50/120] Epoch: [0] Loss: [2.265530081356273]
2019-04-07 17:39:04 INFO     Batch: [51/120] Epoch: [0] Loss: [2.2649101202304545]
2019-04-07 17:39:04 INFO     Batch: [52/120] Epoch: [0] Loss: [2.264332375436459]
2019-04-07 17:39:04 INFO     Batch: [53/120] Epoch: [0] Loss: [2.2637753089269004]
2019-04-07 17:39:04 INFO     Batch: [54/120] Epoch: [0] Loss: [2.2630931637503884]
2019-04-07 17:39:04 INFO     Batch: [55/120] Epoch: [0] Loss: [2.262375227042607]
2019-04-07 17:39:04 INFO     Batch: [56/120] Epoch: [0] Loss: [2.2617919235898736]
2019-04-07 17:39:05 INFO     Batch: [57/120] Epoch: [0] Loss: [2.261299396383351]
2019-04-07 17:39:05 INFO     Batch: [58/120] Epoch: [0] Loss: [2.2606856055178883]
2019-04-07 17:39:05 INFO     Batch: [59/120] Epoch: [0] Loss: [2.259961398442586]
2019-04-07 17:39:05 INFO     Batch: [60/120] Epoch: [0] Loss: [2.2592235549551543]
2019-04-07 17:39:05 INFO     Batch: [61/120] Epoch: [0] Loss: [2.2585152772165116]
2019-04-07 17:39:06 INFO     Batch: [62/120] Epoch: [0] Loss: [2.2574896698906306]
2019-04-07 17:39:06 INFO     Batch: [63/120] Epoch: [0] Loss: [2.256872497498989]
2019-04-07 17:39:06 INFO     Batch: [64/120] Epoch: [0] Loss: [2.2561680647043083]
2019-04-07 17:39:06 INFO     Batch: [65/120] Epoch: [0] Loss: [2.2555615215590508]
2019-04-07 17:39:06 INFO     Batch: [66/120] Epoch: [0] Loss: [2.2549590957698538]
2019-04-07 17:39:07 INFO     Batch: [67/120] Epoch: [0] Loss: [2.2543639435487637]
2019-04-07 17:39:07 INFO     Batch: [68/120] Epoch: [0] Loss: [2.2538301944732666]
2019-04-07 17:39:07 INFO     Batch: [69/120] Epoch: [0] Loss: [2.252993723324367]
2019-04-07 17:39:07 INFO     Batch: [70/120] Epoch: [0] Loss: [2.252294271764621]
2019-04-07 17:39:07 INFO     Batch: [71/120] Epoch: [0] Loss: [2.2519043717119427]
2019-04-07 17:39:08 INFO     Batch: [72/120] Epoch: [0] Loss: [2.251124035822202]
2019-04-07 17:39:08 INFO     Batch: [73/120] Epoch: [0] Loss: [2.25031219301997]
2019-04-07 17:39:08 INFO     Batch: [74/120] Epoch: [0] Loss: [2.2496536922454835]
2019-04-07 17:39:08 INFO     Batch: [75/120] Epoch: [0] Loss: [2.249012777679845]
2019-04-07 17:39:08 INFO     Batch: [76/120] Epoch: [0] Loss: [2.2482220662104617]
2019-04-07 17:39:08 INFO     Batch: [77/120] Epoch: [0] Loss: [2.2475494604844313]
2019-04-07 17:39:09 INFO     Batch: [78/120] Epoch: [0] Loss: [2.2467970667006094]
2019-04-07 17:39:09 INFO     Batch: [79/120] Epoch: [0] Loss: [2.245978444814682]
2019-04-07 17:39:09 INFO     Batch: [80/120] Epoch: [0] Loss: [2.2451673760826205]
2019-04-07 17:39:09 INFO     Batch: [81/120] Epoch: [0] Loss: [2.2444853637276627]
2019-04-07 17:39:09 INFO     Batch: [82/120] Epoch: [0] Loss: [2.243701291371541]
2019-04-07 17:39:10 INFO     Batch: [83/120] Epoch: [0] Loss: [2.243088716552371]
2019-04-07 17:39:10 INFO     Batch: [84/120] Epoch: [0] Loss: [2.2424196972566492]
2019-04-07 17:39:10 INFO     Batch: [85/120] Epoch: [0] Loss: [2.2417745118917423]
2019-04-07 17:39:10 INFO     Batch: [86/120] Epoch: [0] Loss: [2.2410006468323456]
2019-04-07 17:39:10 INFO     Batch: [87/120] Epoch: [0] Loss: [2.2402910102497446]
2019-04-07 17:39:11 INFO     Batch: [88/120] Epoch: [0] Loss: [2.239632547571418]
2019-04-07 17:39:11 INFO     Batch: [89/120] Epoch: [0] Loss: [2.2387790123621625]
2019-04-07 17:39:11 INFO     Batch: [90/120] Epoch: [0] Loss: [2.2381067721398322]
2019-04-07 17:39:11 INFO     Batch: [91/120] Epoch: [0] Loss: [2.237282185450844]
2019-04-07 17:39:11 INFO     Batch: [92/120] Epoch: [0] Loss: [2.2367306319616174]
2019-04-07 17:39:12 INFO     Batch: [93/120] Epoch: [0] Loss: [2.2360326736531357]
2019-04-07 17:39:12 INFO     Batch: [94/120] Epoch: [0] Loss: [2.235373901066027]
2019-04-07 17:39:12 INFO     Batch: [95/120] Epoch: [0] Loss: [2.234617824355761]
2019-04-07 17:39:12 INFO     Batch: [96/120] Epoch: [0] Loss: [2.2337148779446316]
2019-04-07 17:39:12 INFO     Batch: [97/120] Epoch: [0] Loss: [2.232990410863137]
2019-04-07 17:39:13 INFO     Batch: [98/120] Epoch: [0] Loss: [2.232212955301458]
2019-04-07 17:39:13 INFO     Batch: [99/120] Epoch: [0] Loss: [2.231478259563446]
2019-04-07 17:39:13 INFO     Batch: [100/120] Epoch: [0] Loss: [2.2306755792976607]
2019-04-07 17:39:13 INFO     Batch: [101/120] Epoch: [0] Loss: [2.2301335545147167]
2019-04-07 17:39:13 INFO     Batch: [102/120] Epoch: [0] Loss: [2.2295883627771174]
2019-04-07 17:39:13 INFO     Batch: [103/120] Epoch: [0] Loss: [2.2290508036430063]
2019-04-07 17:39:14 INFO     Batch: [104/120] Epoch: [0] Loss: [2.2284421534765335]
2019-04-07 17:39:14 INFO     Batch: [105/120] Epoch: [0] Loss: [2.2278151332207448]
2019-04-07 17:39:14 INFO     Batch: [106/120] Epoch: [0] Loss: [2.2270092785915483]
2019-04-07 17:39:14 INFO     Batch: [107/120] Epoch: [0] Loss: [2.2262476638511375]
2019-04-07 17:39:14 INFO     Batch: [108/120] Epoch: [0] Loss: [2.2256566318896933]
2019-04-07 17:39:15 INFO     Batch: [109/120] Epoch: [0] Loss: [2.2248286312276666]
2019-04-07 17:39:15 INFO     Batch: [110/120] Epoch: [0] Loss: [2.2239683146949285]
2019-04-07 17:39:15 INFO     Batch: [111/120] Epoch: [0] Loss: [2.223277739116124]
2019-04-07 17:39:15 INFO     Batch: [112/120] Epoch: [0] Loss: [2.2225305316722497]
2019-04-07 17:39:15 INFO     Batch: [113/120] Epoch: [0] Loss: [2.2219711897665992]
2019-04-07 17:39:16 INFO     Batch: [114/120] Epoch: [0] Loss: [2.2212625918181046]
2019-04-07 17:39:16 INFO     Batch: [115/120] Epoch: [0] Loss: [2.2205549088017693]
2019-04-07 17:39:16 INFO     Batch: [116/120] Epoch: [0] Loss: [2.219745295679467]
2019-04-07 17:39:16 INFO     Batch: [117/120] Epoch: [0] Loss: [2.219030527745263]
2019-04-07 17:39:16 INFO     Batch: [118/120] Epoch: [0] Loss: [2.2184549700312255]
2019-04-07 17:39:17 INFO     Batch: [119/120] Epoch: [0] Loss: [2.2177865147590636]
2019-04-07 17:39:18 INFO     **************** Epoch: [0/250] Accuracy: [0.21981818181818183] ****************

2019-04-07 17:39:18 INFO     Batch: [0/120] Epoch: [1] Loss: [2.135587692260742]
2019-04-07 17:39:19 INFO     Batch: [1/120] Epoch: [1] Loss: [2.138396739959717]
2019-04-07 17:39:19 INFO     Batch: [2/120] Epoch: [1] Loss: [2.13386336962382]
2019-04-07 17:39:19 INFO     Batch: [3/120] Epoch: [1] Loss: [2.1318699717521667]
2019-04-07 17:39:19 INFO     Batch: [4/120] Epoch: [1] Loss: [2.1293335437774656]
2019-04-07 17:39:19 INFO     Batch: [5/120] Epoch: [1] Loss: [2.125591516494751]
2019-04-07 17:39:19 INFO     Batch: [6/120] Epoch: [1] Loss: [2.128785950796945]
2019-04-07 17:39:20 INFO     Batch: [7/120] Epoch: [1] Loss: [2.127141922712326]
2019-04-07 17:39:20 INFO     Batch: [8/120] Epoch: [1] Loss: [2.124990224838257]
2019-04-07 17:39:20 INFO     Batch: [9/120] Epoch: [1] Loss: [2.12336323261261]
2019-04-07 17:39:20 INFO     Batch: [10/120] Epoch: [1] Loss: [2.123501560904763]
2019-04-07 17:39:20 INFO     Batch: [11/120] Epoch: [1] Loss: [2.121000091234843]
2019-04-07 17:39:21 INFO     Batch: [12/120] Epoch: [1] Loss: [2.119973292717567]
2019-04-07 17:39:21 INFO     Batch: [13/120] Epoch: [1] Loss: [2.1176306179591586]
2019-04-07 17:39:21 INFO     Batch: [14/120] Epoch: [1] Loss: [2.1183263937632244]
2019-04-07 17:39:21 INFO     Batch: [15/120] Epoch: [1] Loss: [2.11552332341671]
2019-04-07 17:39:21 INFO     Batch: [16/120] Epoch: [1] Loss: [2.113790315740249]
2019-04-07 17:39:22 INFO     Batch: [17/120] Epoch: [1] Loss: [2.1124699910481772]
2019-04-07 17:39:22 INFO     Batch: [18/120] Epoch: [1] Loss: [2.1107015986191597]
2019-04-07 17:39:22 INFO     Batch: [19/120] Epoch: [1] Loss: [2.1101916551589968]
2019-04-07 17:39:22 INFO     Batch: [20/120] Epoch: [1] Loss: [2.1096571059454057]
2019-04-07 17:39:22 INFO     Batch: [21/120] Epoch: [1] Loss: [2.1099906509572808]
2019-04-07 17:39:23 INFO     Batch: [22/120] Epoch: [1] Loss: [2.1093345725018047]
2019-04-07 17:39:23 INFO     Batch: [23/120] Epoch: [1] Loss: [2.1088403165340424]
2019-04-07 17:39:23 INFO     Batch: [24/120] Epoch: [1] Loss: [2.1078418350219725]
2019-04-07 17:39:23 INFO     Batch: [25/120] Epoch: [1] Loss: [2.106726334645198]
2019-04-07 17:39:23 INFO     Batch: [26/120] Epoch: [1] Loss: [2.105638618822451]
2019-04-07 17:39:24 INFO     Batch: [27/120] Epoch: [1] Loss: [2.1055207678249905]
2019-04-07 17:39:24 INFO     Batch: [28/120] Epoch: [1] Loss: [2.1044475210124047]
2019-04-07 17:39:24 INFO     Batch: [29/120] Epoch: [1] Loss: [2.103981121381124]
2019-04-07 17:39:24 INFO     Batch: [30/120] Epoch: [1] Loss: [2.1023346147229596]
2019-04-07 17:39:24 INFO     Batch: [31/120] Epoch: [1] Loss: [2.1024575904011726]
2019-04-07 17:39:24 INFO     Batch: [32/120] Epoch: [1] Loss: [2.1022361553076543]
2019-04-07 17:39:25 INFO     Batch: [33/120] Epoch: [1] Loss: [2.101185574251063]
2019-04-07 17:39:25 INFO     Batch: [34/120] Epoch: [1] Loss: [2.1000304971422468]
2019-04-07 17:39:25 INFO     Batch: [35/120] Epoch: [1] Loss: [2.099201010333167]
2019-04-07 17:39:25 INFO     Batch: [36/120] Epoch: [1] Loss: [2.097889938869992]
2019-04-07 17:39:25 INFO     Batch: [37/120] Epoch: [1] Loss: [2.0965122862866052]
2019-04-07 17:39:26 INFO     Batch: [38/120] Epoch: [1] Loss: [2.095925056017362]
2019-04-07 17:39:26 INFO     Batch: [39/120] Epoch: [1] Loss: [2.095786488056183]
2019-04-07 17:39:26 INFO     Batch: [40/120] Epoch: [1] Loss: [2.0958831659177455]
2019-04-07 17:39:26 INFO     Batch: [41/120] Epoch: [1] Loss: [2.095106459799267]
2019-04-07 17:39:26 INFO     Batch: [42/120] Epoch: [1] Loss: [2.094499621280404]
2019-04-07 17:39:27 INFO     Batch: [43/120] Epoch: [1] Loss: [2.0930576541207055]
2019-04-07 17:39:27 INFO     Batch: [44/120] Epoch: [1] Loss: [2.0925179216596814]
2019-04-07 17:39:27 INFO     Batch: [45/120] Epoch: [1] Loss: [2.0917392761810967]
2019-04-07 17:39:27 INFO     Batch: [46/120] Epoch: [1] Loss: [2.0914847039161844]
2019-04-07 17:39:27 INFO     Batch: [47/120] Epoch: [1] Loss: [2.090777431925138]
2019-04-07 17:39:28 INFO     Batch: [48/120] Epoch: [1] Loss: [2.0895985048644397]
2019-04-07 17:39:28 INFO     Batch: [49/120] Epoch: [1] Loss: [2.089650583267212]
2019-04-07 17:39:28 INFO     Batch: [50/120] Epoch: [1] Loss: [2.089243856130862]
2019-04-07 17:39:28 INFO     Batch: [51/120] Epoch: [1] Loss: [2.088052612084609]
2019-04-07 17:39:28 INFO     Batch: [52/120] Epoch: [1] Loss: [2.0876642353129835]
2019-04-07 17:39:29 INFO     Batch: [53/120] Epoch: [1] Loss: [2.0872606480563127]
2019-04-07 17:39:29 INFO     Batch: [54/120] Epoch: [1] Loss: [2.0865644194863058]
2019-04-07 17:39:29 INFO     Batch: [55/120] Epoch: [1] Loss: [2.08572581410408]
2019-04-07 17:39:29 INFO     Batch: [56/120] Epoch: [1] Loss: [2.0848306647518227]
2019-04-07 17:39:29 INFO     Batch: [57/120] Epoch: [1] Loss: [2.0840216546223083]
2019-04-07 17:39:29 INFO     Batch: [58/120] Epoch: [1] Loss: [2.0836988465260653]
2019-04-07 17:39:30 INFO     Batch: [59/120] Epoch: [1] Loss: [2.082784179846446]
2019-04-07 17:39:30 INFO     Batch: [60/120] Epoch: [1] Loss: [2.0822523343758506]
2019-04-07 17:39:30 INFO     Batch: [61/120] Epoch: [1] Loss: [2.081070811517777]
2019-04-07 17:39:30 INFO     Batch: [62/120] Epoch: [1] Loss: [2.080257737447345]
2019-04-07 17:39:30 INFO     Batch: [63/120] Epoch: [1] Loss: [2.0794240906834602]
2019-04-07 17:39:31 INFO     Batch: [64/120] Epoch: [1] Loss: [2.0787190914154055]
2019-04-07 17:39:31 INFO     Batch: [65/120] Epoch: [1] Loss: [2.077994967951919]
2019-04-07 17:39:31 INFO     Batch: [66/120] Epoch: [1] Loss: [2.0771787842707847]
2019-04-07 17:39:31 INFO     Batch: [67/120] Epoch: [1] Loss: [2.076409203164718]
2019-04-07 17:39:31 INFO     Batch: [68/120] Epoch: [1] Loss: [2.0754711593406787]
2019-04-07 17:39:32 INFO     Batch: [69/120] Epoch: [1] Loss: [2.07477388381958]
2019-04-07 17:39:32 INFO     Batch: [70/120] Epoch: [1] Loss: [2.0737957652186005]
2019-04-07 17:39:32 INFO     Batch: [71/120] Epoch: [1] Loss: [2.0726887815528445]
2019-04-07 17:39:32 INFO     Batch: [72/120] Epoch: [1] Loss: [2.071384526278875]
2019-04-07 17:39:32 INFO     Batch: [73/120] Epoch: [1] Loss: [2.0704655051231384]
2019-04-07 17:39:33 INFO     Batch: [74/120] Epoch: [1] Loss: [2.0693055311838786]
2019-04-07 17:39:33 INFO     Batch: [75/120] Epoch: [1] Loss: [2.068126662781364]
2019-04-07 17:39:33 INFO     Batch: [76/120] Epoch: [1] Loss: [2.067375015902829]
2019-04-07 17:39:33 INFO     Batch: [77/120] Epoch: [1] Loss: [2.0664653395995116]
2019-04-07 17:39:33 INFO     Batch: [78/120] Epoch: [1] Loss: [2.064606106733974]
2019-04-07 17:39:34 INFO     Batch: [79/120] Epoch: [1] Loss: [2.0640122041106226]
2019-04-07 17:39:34 INFO     Batch: [80/120] Epoch: [1] Loss: [2.0631824761261175]
2019-04-07 17:39:34 INFO     Batch: [81/120] Epoch: [1] Loss: [2.0623158972437787]
2019-04-07 17:39:34 INFO     Batch: [82/120] Epoch: [1] Loss: [2.0612257302525534]
2019-04-07 17:39:34 INFO     Batch: [83/120] Epoch: [1] Loss: [2.0607031129655384]
2019-04-07 17:39:34 INFO     Batch: [84/120] Epoch: [1] Loss: [2.0595580353456384]
2019-04-07 17:39:35 INFO     Batch: [85/120] Epoch: [1] Loss: [2.0589324956716495]
2019-04-07 17:39:35 INFO     Batch: [86/120] Epoch: [1] Loss: [2.0583456960217705]
2019-04-07 17:39:35 INFO     Batch: [87/120] Epoch: [1] Loss: [2.0567340728911487]
2019-04-07 17:39:35 INFO     Batch: [88/120] Epoch: [1] Loss: [2.055772804142384]
2019-04-07 17:39:35 INFO     Batch: [89/120] Epoch: [1] Loss: [2.05442183415095]
2019-04-07 17:39:36 INFO     Batch: [90/120] Epoch: [1] Loss: [2.0543678370150893]
2019-04-07 17:39:36 INFO     Batch: [91/120] Epoch: [1] Loss: [2.0536442062129145]
2019-04-07 17:39:36 INFO     Batch: [92/120] Epoch: [1] Loss: [2.0530573821836904]
2019-04-07 17:39:36 INFO     Batch: [93/120] Epoch: [1] Loss: [2.052448371623425]
2019-04-07 17:39:36 INFO     Batch: [94/120] Epoch: [1] Loss: [2.0518627756520322]
2019-04-07 17:39:37 INFO     Batch: [95/120] Epoch: [1] Loss: [2.0510929711163044]
2019-04-07 17:39:37 INFO     Batch: [96/120] Epoch: [1] Loss: [2.049885844446949]
2019-04-07 17:39:37 INFO     Batch: [97/120] Epoch: [1] Loss: [2.0488522064929104]
2019-04-07 17:39:37 INFO     Batch: [98/120] Epoch: [1] Loss: [2.0477270742859504]
2019-04-07 17:39:37 INFO     Batch: [99/120] Epoch: [1] Loss: [2.0471540200710296]
2019-04-07 17:39:38 INFO     Batch: [100/120] Epoch: [1] Loss: [2.0464781345707355]
2019-04-07 17:39:38 INFO     Batch: [101/120] Epoch: [1] Loss: [2.045662366876415]
2019-04-07 17:39:38 INFO     Batch: [102/120] Epoch: [1] Loss: [2.044675225193061]
2019-04-07 17:39:38 INFO     Batch: [103/120] Epoch: [1] Loss: [2.043901107632197]
2019-04-07 17:39:38 INFO     Batch: [104/120] Epoch: [1] Loss: [2.0428601650964646]
2019-04-07 17:39:39 INFO     Batch: [105/120] Epoch: [1] Loss: [2.0416251915805743]
2019-04-07 17:39:39 INFO     Batch: [106/120] Epoch: [1] Loss: [2.0411293005274835]
2019-04-07 17:39:39 INFO     Batch: [107/120] Epoch: [1] Loss: [2.0407489615458028]
2019-04-07 17:39:39 INFO     Batch: [108/120] Epoch: [1] Loss: [2.0395859009628996]
2019-04-07 17:39:39 INFO     Batch: [109/120] Epoch: [1] Loss: [2.0388995376500216]
2019-04-07 17:39:39 INFO     Batch: [110/120] Epoch: [1] Loss: [2.038394817360887]
2019-04-07 17:39:40 INFO     Batch: [111/120] Epoch: [1] Loss: [2.0375717346157347]
2019-04-07 17:39:40 INFO     Batch: [112/120] Epoch: [1] Loss: [2.0366777856793026]
2019-04-07 17:39:40 INFO     Batch: [113/120] Epoch: [1] Loss: [2.0355315103865506]
2019-04-07 17:39:40 INFO     Batch: [114/120] Epoch: [1] Loss: [2.0349793133528338]
2019-04-07 17:39:40 INFO     Batch: [115/120] Epoch: [1] Loss: [2.0345783130875947]
2019-04-07 17:39:41 INFO     Batch: [116/120] Epoch: [1] Loss: [2.0340518604995856]
2019-04-07 17:39:41 INFO     Batch: [117/120] Epoch: [1] Loss: [2.0337568541704596]
2019-04-07 17:39:41 INFO     Batch: [118/120] Epoch: [1] Loss: [2.0331381769741284]
2019-04-07 17:39:41 INFO     Batch: [119/120] Epoch: [1] Loss: [2.032805103063583]
2019-04-07 17:39:43 INFO     **************** Epoch: [1/250] Accuracy: [0.2032727272727273] ****************

2019-04-07 17:39:43 INFO     Batch: [0/120] Epoch: [2] Loss: [1.916674017906189]
2019-04-07 17:39:43 INFO     Batch: [1/120] Epoch: [2] Loss: [1.920370876789093]
2019-04-07 17:39:43 INFO     Batch: [2/120] Epoch: [2] Loss: [1.9169790744781494]
2019-04-07 17:39:44 INFO     Batch: [3/120] Epoch: [2] Loss: [1.9267203211784363]
2019-04-07 17:39:44 INFO     Batch: [4/120] Epoch: [2] Loss: [1.9343106746673584]
2019-04-07 17:39:44 INFO     Batch: [5/120] Epoch: [2] Loss: [1.9368592103322346]
2019-04-07 17:39:44 INFO     Batch: [6/120] Epoch: [2] Loss: [1.9384922129767281]
2019-04-07 17:39:44 INFO     Batch: [7/120] Epoch: [2] Loss: [1.9396823346614838]
2019-04-07 17:39:45 INFO     Batch: [8/120] Epoch: [2] Loss: [1.9371338552898831]
2019-04-07 17:39:45 INFO     Batch: [9/120] Epoch: [2] Loss: [1.9374066233634948]
2019-04-07 17:39:45 INFO     Batch: [10/120] Epoch: [2] Loss: [1.9370748021385886]
2019-04-07 17:39:45 INFO     Batch: [11/120] Epoch: [2] Loss: [1.9361751178900402]
2019-04-07 17:39:45 INFO     Batch: [12/120] Epoch: [2] Loss: [1.9353837966918945]
2019-04-07 17:39:46 INFO     Batch: [13/120] Epoch: [2] Loss: [1.9334304077284676]
2019-04-07 17:39:46 INFO     Batch: [14/120] Epoch: [2] Loss: [1.9302151679992676]
2019-04-07 17:39:46 INFO     Batch: [15/120] Epoch: [2] Loss: [1.9274944886565208]
2019-04-07 17:39:46 INFO     Batch: [16/120] Epoch: [2] Loss: [1.9287319323595833]
2019-04-07 17:39:46 INFO     Batch: [17/120] Epoch: [2] Loss: [1.9272307091289096]
2019-04-07 17:39:47 INFO     Batch: [18/120] Epoch: [2] Loss: [1.9266091208708913]
2019-04-07 17:39:47 INFO     Batch: [19/120] Epoch: [2] Loss: [1.9279309868812562]
2019-04-07 17:39:47 INFO     Batch: [20/120] Epoch: [2] Loss: [1.9267519428616477]
2019-04-07 17:39:47 INFO     Batch: [21/120] Epoch: [2] Loss: [1.9254539554769343]
2019-04-07 17:39:47 INFO     Batch: [22/120] Epoch: [2] Loss: [1.9285404060197913]
2019-04-07 17:39:48 INFO     Batch: [23/120] Epoch: [2] Loss: [1.926509365439415]
2019-04-07 17:39:48 INFO     Batch: [24/120] Epoch: [2] Loss: [1.9245575428009034]
2019-04-07 17:39:48 INFO     Batch: [25/120] Epoch: [2] Loss: [1.924263766178718]
2019-04-07 17:39:48 INFO     Batch: [26/120] Epoch: [2] Loss: [1.9242939728277701]
2019-04-07 17:39:48 INFO     Batch: [27/120] Epoch: [2] Loss: [1.9230155774525233]
2019-04-07 17:39:48 INFO     Batch: [28/120] Epoch: [2] Loss: [1.9217285328897937]
2019-04-07 17:39:49 INFO     Batch: [29/120] Epoch: [2] Loss: [1.9216152667999267]
2019-04-07 17:39:49 INFO     Batch: [30/120] Epoch: [2] Loss: [1.9211559372563516]
2019-04-07 17:39:49 INFO     Batch: [31/120] Epoch: [2] Loss: [1.9208151325583458]
2019-04-07 17:39:49 INFO     Batch: [32/120] Epoch: [2] Loss: [1.9196121656533442]
2019-04-07 17:39:49 INFO     Batch: [33/120] Epoch: [2] Loss: [1.9182569419636446]
2019-04-07 17:39:50 INFO     Batch: [34/120] Epoch: [2] Loss: [1.9174363919666835]
2019-04-07 17:39:50 INFO     Batch: [35/120] Epoch: [2] Loss: [1.916620393594106]
2019-04-07 17:39:50 INFO     Batch: [36/120] Epoch: [2] Loss: [1.916443109512329]
2019-04-07 17:39:50 INFO     Batch: [37/120] Epoch: [2] Loss: [1.9161297773060046]
2019-04-07 17:39:50 INFO     Batch: [38/120] Epoch: [2] Loss: [1.9161761448933528]
2019-04-07 17:39:51 INFO     Batch: [39/120] Epoch: [2] Loss: [1.916559413075447]
2019-04-07 17:39:51 INFO     Batch: [40/120] Epoch: [2] Loss: [1.9158835004015666]
2019-04-07 17:39:51 INFO     Batch: [41/120] Epoch: [2] Loss: [1.9153634338151841]
2019-04-07 17:39:51 INFO     Batch: [42/120] Epoch: [2] Loss: [1.9154158054396164]
2019-04-07 17:39:51 INFO     Batch: [43/120] Epoch: [2] Loss: [1.914713125337254]
2019-04-07 17:39:52 INFO     Batch: [44/120] Epoch: [2] Loss: [1.9145608796013727]
2019-04-07 17:39:52 INFO     Batch: [45/120] Epoch: [2] Loss: [1.9128415480903957]
2019-04-07 17:39:52 INFO     Batch: [46/120] Epoch: [2] Loss: [1.912176530411903]
2019-04-07 17:39:52 INFO     Batch: [47/120] Epoch: [2] Loss: [1.9105048005779584]
2019-04-07 17:39:52 INFO     Batch: [48/120] Epoch: [2] Loss: [1.9107243114588213]
2019-04-07 17:39:53 INFO     Batch: [49/120] Epoch: [2] Loss: [1.9098223757743835]
2019-04-07 17:39:53 INFO     Batch: [50/120] Epoch: [2] Loss: [1.9094437711379106]
2019-04-07 17:39:53 INFO     Batch: [51/120] Epoch: [2] Loss: [1.909392203275974]
2019-04-07 17:39:53 INFO     Batch: [52/120] Epoch: [2] Loss: [1.9094119386852912]
2019-04-07 17:39:53 INFO     Batch: [53/120] Epoch: [2] Loss: [1.9094618713414226]
2019-04-07 17:39:53 INFO     Batch: [54/120] Epoch: [2] Loss: [1.9096075838262385]
2019-04-07 17:39:54 INFO     Batch: [55/120] Epoch: [2] Loss: [1.9085499154669898]
2019-04-07 17:39:54 INFO     Batch: [56/120] Epoch: [2] Loss: [1.9075196207615368]
2019-04-07 17:39:54 INFO     Batch: [57/120] Epoch: [2] Loss: [1.9078689854720543]
2019-04-07 17:39:54 INFO     Batch: [58/120] Epoch: [2] Loss: [1.907138420363604]
2019-04-07 17:39:54 INFO     Batch: [59/120] Epoch: [2] Loss: [1.907242524623871]
2019-04-07 17:39:55 INFO     Batch: [60/120] Epoch: [2] Loss: [1.907493673387121]
2019-04-07 17:39:55 INFO     Batch: [61/120] Epoch: [2] Loss: [1.9072241187095642]
2019-04-07 17:39:55 INFO     Batch: [62/120] Epoch: [2] Loss: [1.9063103274693565]
2019-04-07 17:39:55 INFO     Batch: [63/120] Epoch: [2] Loss: [1.9058052320033312]
2019-04-07 17:39:55 INFO     Batch: [64/120] Epoch: [2] Loss: [1.9048727860817543]
2019-04-07 17:39:56 INFO     Batch: [65/120] Epoch: [2] Loss: [1.9037460160977913]
2019-04-07 17:39:56 INFO     Batch: [66/120] Epoch: [2] Loss: [1.9036708732149494]
2019-04-07 17:39:56 INFO     Batch: [67/120] Epoch: [2] Loss: [1.9037737671066732]
2019-04-07 17:39:56 INFO     Batch: [68/120] Epoch: [2] Loss: [1.9033957443375518]
2019-04-07 17:39:56 INFO     Batch: [69/120] Epoch: [2] Loss: [1.902398601600102]
2019-04-07 17:39:57 INFO     Batch: [70/120] Epoch: [2] Loss: [1.90109762003724]
2019-04-07 17:39:57 INFO     Batch: [71/120] Epoch: [2] Loss: [1.9006216807497873]
2019-04-07 17:39:57 INFO     Batch: [72/120] Epoch: [2] Loss: [1.899284104778342]
2019-04-07 17:39:57 INFO     Batch: [73/120] Epoch: [2] Loss: [1.8996568338291064]
2019-04-07 17:39:57 INFO     Batch: [74/120] Epoch: [2] Loss: [1.9001126209894816]
2019-04-07 17:39:58 INFO     Batch: [75/120] Epoch: [2] Loss: [1.8998141775005741]
2019-04-07 17:39:58 INFO     Batch: [76/120] Epoch: [2] Loss: [1.8998969174050666]
2019-04-07 17:39:58 INFO     Batch: [77/120] Epoch: [2] Loss: [1.899555137524238]
2019-04-07 17:39:58 INFO     Batch: [78/120] Epoch: [2] Loss: [1.8997044020061251]
2019-04-07 17:39:58 INFO     Batch: [79/120] Epoch: [2] Loss: [1.899366195499897]
2019-04-07 17:39:58 INFO     Batch: [80/120] Epoch: [2] Loss: [1.8988912164429088]
2019-04-07 17:39:59 INFO     Batch: [81/120] Epoch: [2] Loss: [1.8980333223575498]
2019-04-07 17:39:59 INFO     Batch: [82/120] Epoch: [2] Loss: [1.8976856972797806]
2019-04-07 17:39:59 INFO     Batch: [83/120] Epoch: [2] Loss: [1.8973292878695898]
2019-04-07 17:39:59 INFO     Batch: [84/120] Epoch: [2] Loss: [1.8961407310822431]
2019-04-07 17:39:59 INFO     Batch: [85/120] Epoch: [2] Loss: [1.8966976612113242]
2019-04-07 17:40:00 INFO     Batch: [86/120] Epoch: [2] Loss: [1.8960502654656597]
2019-04-07 17:40:00 INFO     Batch: [87/120] Epoch: [2] Loss: [1.8961541056632996]
2019-04-07 17:40:00 INFO     Batch: [88/120] Epoch: [2] Loss: [1.8958157662595256]
2019-04-07 17:40:00 INFO     Batch: [89/120] Epoch: [2] Loss: [1.8962141712506613]
2019-04-07 17:40:00 INFO     Batch: [90/120] Epoch: [2] Loss: [1.8961742526882297]
2019-04-07 17:40:01 INFO     Batch: [91/120] Epoch: [2] Loss: [1.8960676892944004]
2019-04-07 17:40:01 INFO     Batch: [92/120] Epoch: [2] Loss: [1.8957067548587758]
2019-04-07 17:40:01 INFO     Batch: [93/120] Epoch: [2] Loss: [1.8959546609127775]
2019-04-07 17:40:01 INFO     Batch: [94/120] Epoch: [2] Loss: [1.8960331954454122]
2019-04-07 17:40:01 INFO     Batch: [95/120] Epoch: [2] Loss: [1.895683524509271]
2019-04-07 17:40:02 INFO     Batch: [96/120] Epoch: [2] Loss: [1.895415914427374]
2019-04-07 17:40:02 INFO     Batch: [97/120] Epoch: [2] Loss: [1.894838451122751]
2019-04-07 17:40:02 INFO     Batch: [98/120] Epoch: [2] Loss: [1.894103746221523]
2019-04-07 17:40:02 INFO     Batch: [99/120] Epoch: [2] Loss: [1.8933232140541076]
2019-04-07 17:40:02 INFO     Batch: [100/120] Epoch: [2] Loss: [1.8929180957303189]
2019-04-07 17:40:03 INFO     Batch: [101/120] Epoch: [2] Loss: [1.8929845643978493]
2019-04-07 17:40:03 INFO     Batch: [102/120] Epoch: [2] Loss: [1.8923717065922265]
2019-04-07 17:40:03 INFO     Batch: [103/120] Epoch: [2] Loss: [1.892391297679681]
2019-04-07 17:40:03 INFO     Batch: [104/120] Epoch: [2] Loss: [1.8923097428821383]
2019-04-07 17:40:03 INFO     Batch: [105/120] Epoch: [2] Loss: [1.8920901957547889]
2019-04-07 17:40:03 INFO     Batch: [106/120] Epoch: [2] Loss: [1.8912475376485665]
2019-04-07 17:40:04 INFO     Batch: [107/120] Epoch: [2] Loss: [1.8906332927721519]
2019-04-07 17:40:04 INFO     Batch: [108/120] Epoch: [2] Loss: [1.890294160317937]
2019-04-07 17:40:04 INFO     Batch: [109/120] Epoch: [2] Loss: [1.8900370532816106]
2019-04-07 17:40:04 INFO     Batch: [110/120] Epoch: [2] Loss: [1.8891239735457275]
2019-04-07 17:40:04 INFO     Batch: [111/120] Epoch: [2] Loss: [1.8887135641915458]
2019-04-07 17:40:05 INFO     Batch: [112/120] Epoch: [2] Loss: [1.8889240606696205]
2019-04-07 17:40:05 INFO     Batch: [113/120] Epoch: [2] Loss: [1.888140316595111]
2019-04-07 17:40:05 INFO     Batch: [114/120] Epoch: [2] Loss: [1.8876818936804067]
2019-04-07 17:40:05 INFO     Batch: [115/120] Epoch: [2] Loss: [1.887411729015153]
2019-04-07 17:40:05 INFO     Batch: [116/120] Epoch: [2] Loss: [1.8870019464411287]
2019-04-07 17:40:06 INFO     Batch: [117/120] Epoch: [2] Loss: [1.8870125776630338]
2019-04-07 17:40:06 INFO     Batch: [118/120] Epoch: [2] Loss: [1.8862362509014226]
2019-04-07 17:40:06 INFO     Batch: [119/120] Epoch: [2] Loss: [1.8859178413947424]
2019-04-07 17:40:08 INFO     **************** Epoch: [2/250] Accuracy: [0.1767272727272727] ****************

2019-04-07 17:40:08 INFO     Batch: [0/120] Epoch: [3] Loss: [1.8668208122253418]
2019-04-07 17:40:08 INFO     Batch: [1/120] Epoch: [3] Loss: [1.855749249458313]
2019-04-07 17:40:08 INFO     Batch: [2/120] Epoch: [3] Loss: [1.8318976163864136]
2019-04-07 17:40:08 INFO     Batch: [3/120] Epoch: [3] Loss: [1.8204510807991028]
2019-04-07 17:40:09 INFO     Batch: [4/120] Epoch: [3] Loss: [1.8202210426330567]
2019-04-07 17:40:09 INFO     Batch: [5/120] Epoch: [3] Loss: [1.821923275788625]
2019-04-07 17:40:09 INFO     Batch: [6/120] Epoch: [3] Loss: [1.8326733452933175]
2019-04-07 17:40:09 INFO     Batch: [7/120] Epoch: [3] Loss: [1.835924208164215]
2019-04-07 17:40:09 INFO     Batch: [8/120] Epoch: [3] Loss: [1.833686179584927]
2019-04-07 17:40:10 INFO     Batch: [9/120] Epoch: [3] Loss: [1.8383365988731384]
2019-04-07 17:40:10 INFO     Batch: [10/120] Epoch: [3] Loss: [1.8350925662300803]
2019-04-07 17:40:10 INFO     Batch: [11/120] Epoch: [3] Loss: [1.832421213388443]
2019-04-07 17:40:10 INFO     Batch: [12/120] Epoch: [3] Loss: [1.8347298732170692]
2019-04-07 17:40:10 INFO     Batch: [13/120] Epoch: [3] Loss: [1.8361305424145289]
2019-04-07 17:40:11 INFO     Batch: [14/120] Epoch: [3] Loss: [1.835419742266337]
2019-04-07 17:40:11 INFO     Batch: [15/120] Epoch: [3] Loss: [1.8376730903983116]
2019-04-07 17:40:11 INFO     Batch: [16/120] Epoch: [3] Loss: [1.8366203588597916]
2019-04-07 17:40:11 INFO     Batch: [17/120] Epoch: [3] Loss: [1.8361190093888178]
2019-04-07 17:40:11 INFO     Batch: [18/120] Epoch: [3] Loss: [1.8372232663004022]
2019-04-07 17:40:12 INFO     Batch: [19/120] Epoch: [3] Loss: [1.8352758169174195]
2019-04-07 17:40:12 INFO     Batch: [20/120] Epoch: [3] Loss: [1.832144748596918]
2019-04-07 17:40:12 INFO     Batch: [21/120] Epoch: [3] Loss: [1.8328542926094749]
2019-04-07 17:40:12 INFO     Batch: [22/120] Epoch: [3] Loss: [1.8334847844165305]
2019-04-07 17:40:12 INFO     Batch: [23/120] Epoch: [3] Loss: [1.8332324574391048]
2019-04-07 17:40:13 INFO     Batch: [24/120] Epoch: [3] Loss: [1.8322603845596312]
2019-04-07 17:40:13 INFO     Batch: [25/120] Epoch: [3] Loss: [1.8324586198880122]
2019-04-07 17:40:13 INFO     Batch: [26/120] Epoch: [3] Loss: [1.8312831189897325]
2019-04-07 17:40:13 INFO     Batch: [27/120] Epoch: [3] Loss: [1.8315989545413427]
2019-04-07 17:40:13 INFO     Batch: [28/120] Epoch: [3] Loss: [1.8323197981406902]
2019-04-07 17:40:13 INFO     Batch: [29/120] Epoch: [3] Loss: [1.8305259466171264]
2019-04-07 17:40:14 INFO     Batch: [30/120] Epoch: [3] Loss: [1.8310646164801814]
2019-04-07 17:40:14 INFO     Batch: [31/120] Epoch: [3] Loss: [1.830546498298645]
2019-04-07 17:40:14 INFO     Batch: [32/120] Epoch: [3] Loss: [1.8294148192261204]
2019-04-07 17:40:14 INFO     Batch: [33/120] Epoch: [3] Loss: [1.8305916330393623]
2019-04-07 17:40:14 INFO     Batch: [34/120] Epoch: [3] Loss: [1.8295379979269846]
2019-04-07 17:40:15 INFO     Batch: [35/120] Epoch: [3] Loss: [1.8280909193886652]
2019-04-07 17:40:15 INFO     Batch: [36/120] Epoch: [3] Loss: [1.8269984206637822]
2019-04-07 17:40:15 INFO     Batch: [37/120] Epoch: [3] Loss: [1.8262389239511991]
2019-04-07 17:40:15 INFO     Batch: [38/120] Epoch: [3] Loss: [1.8264405543987567]
2019-04-07 17:40:15 INFO     Batch: [39/120] Epoch: [3] Loss: [1.8267728686332703]
2019-04-07 17:40:16 INFO     Batch: [40/120] Epoch: [3] Loss: [1.8264040249149973]
2019-04-07 17:40:16 INFO     Batch: [41/120] Epoch: [3] Loss: [1.8255660732587178]
2019-04-07 17:40:16 INFO     Batch: [42/120] Epoch: [3] Loss: [1.8238517822221267]
2019-04-07 17:40:16 INFO     Batch: [43/120] Epoch: [3] Loss: [1.8230514526367188]
2019-04-07 17:40:16 INFO     Batch: [44/120] Epoch: [3] Loss: [1.822535557217068]
2019-04-07 17:40:17 INFO     Batch: [45/120] Epoch: [3] Loss: [1.8215834135594575]
2019-04-07 17:40:17 INFO     Batch: [46/120] Epoch: [3] Loss: [1.8205515552074352]
2019-04-07 17:40:17 INFO     Batch: [47/120] Epoch: [3] Loss: [1.8203811421990395]
2019-04-07 17:40:17 INFO     Batch: [48/120] Epoch: [3] Loss: [1.8193430365348349]
2019-04-07 17:40:17 INFO     Batch: [49/120] Epoch: [3] Loss: [1.8192008543014526]
2019-04-07 17:40:18 INFO     Batch: [50/120] Epoch: [3] Loss: [1.8196787086187625]
2019-04-07 17:40:18 INFO     Batch: [51/120] Epoch: [3] Loss: [1.8198999854234548]
2019-04-07 17:40:18 INFO     Batch: [52/120] Epoch: [3] Loss: [1.8195166205460171]
2019-04-07 17:40:18 INFO     Batch: [53/120] Epoch: [3] Loss: [1.8199836192307648]
2019-04-07 17:40:18 INFO     Batch: [54/120] Epoch: [3] Loss: [1.818940526788885]
2019-04-07 17:40:18 INFO     Batch: [55/120] Epoch: [3] Loss: [1.818318607551711]
2019-04-07 17:40:19 INFO     Batch: [56/120] Epoch: [3] Loss: [1.8176392735096447]
2019-04-07 17:40:19 INFO     Batch: [57/120] Epoch: [3] Loss: [1.8190184769959286]
2019-04-07 17:40:19 INFO     Batch: [58/120] Epoch: [3] Loss: [1.8183408874576374]
2019-04-07 17:40:19 INFO     Batch: [59/120] Epoch: [3] Loss: [1.818336013952891]
2019-04-07 17:40:19 INFO     Batch: [60/120] Epoch: [3] Loss: [1.817769802984644]
2019-04-07 17:40:20 INFO     Batch: [61/120] Epoch: [3] Loss: [1.817559080739175]
2019-04-07 17:40:20 INFO     Batch: [62/120] Epoch: [3] Loss: [1.8166236139479137]
2019-04-07 17:40:20 INFO     Batch: [63/120] Epoch: [3] Loss: [1.8159093372523785]
2019-04-07 17:40:20 INFO     Batch: [64/120] Epoch: [3] Loss: [1.8154533551289485]
2019-04-07 17:40:20 INFO     Batch: [65/120] Epoch: [3] Loss: [1.814809475884293]
2019-04-07 17:40:21 INFO     Batch: [66/120] Epoch: [3] Loss: [1.8143617092673459]
2019-04-07 17:40:21 INFO     Batch: [67/120] Epoch: [3] Loss: [1.813951280187158]
2019-04-07 17:40:21 INFO     Batch: [68/120] Epoch: [3] Loss: [1.8133010881534521]
2019-04-07 17:40:21 INFO     Batch: [69/120] Epoch: [3] Loss: [1.813207391330174]
2019-04-07 17:40:21 INFO     Batch: [70/120] Epoch: [3] Loss: [1.8125812956984615]
2019-04-07 17:40:22 INFO     Batch: [71/120] Epoch: [3] Loss: [1.8128463973601658]
2019-04-07 17:40:22 INFO     Batch: [72/120] Epoch: [3] Loss: [1.8127630475449235]
2019-04-07 17:40:22 INFO     Batch: [73/120] Epoch: [3] Loss: [1.812533120851259]
2019-04-07 17:40:22 INFO     Batch: [74/120] Epoch: [3] Loss: [1.8133433643976848]
2019-04-07 17:40:22 INFO     Batch: [75/120] Epoch: [3] Loss: [1.81303513363788]
2019-04-07 17:40:23 INFO     Batch: [76/120] Epoch: [3] Loss: [1.8122343614503935]
2019-04-07 17:40:23 INFO     Batch: [77/120] Epoch: [3] Loss: [1.8117728798817365]
2019-04-07 17:40:23 INFO     Batch: [78/120] Epoch: [3] Loss: [1.8121737830246551]
2019-04-07 17:40:23 INFO     Batch: [79/120] Epoch: [3] Loss: [1.812637707591057]
2019-04-07 17:40:23 INFO     Batch: [80/120] Epoch: [3] Loss: [1.8121884811071702]
2019-04-07 17:40:23 INFO     Batch: [81/120] Epoch: [3] Loss: [1.8117280268087619]
2019-04-07 17:40:24 INFO     Batch: [82/120] Epoch: [3] Loss: [1.8110403870961753]
2019-04-07 17:40:24 INFO     Batch: [83/120] Epoch: [3] Loss: [1.8106586578346433]
2019-04-07 17:40:24 INFO     Batch: [84/120] Epoch: [3] Loss: [1.8102740498150096]
2019-04-07 17:40:24 INFO     Batch: [85/120] Epoch: [3] Loss: [1.8103871775227924]
2019-04-07 17:40:24 INFO     Batch: [86/120] Epoch: [3] Loss: [1.8096816032782368]
2019-04-07 17:40:25 INFO     Batch: [87/120] Epoch: [3] Loss: [1.8104407692497426]
2019-04-07 17:40:25 INFO     Batch: [88/120] Epoch: [3] Loss: [1.8103081403153667]
2019-04-07 17:40:25 INFO     Batch: [89/120] Epoch: [3] Loss: [1.8102520426114401]
2019-04-07 17:40:25 INFO     Batch: [90/120] Epoch: [3] Loss: [1.8105898165440821]
2019-04-07 17:40:25 INFO     Batch: [91/120] Epoch: [3] Loss: [1.8106298641018246]
2019-04-07 17:40:26 INFO     Batch: [92/120] Epoch: [3] Loss: [1.8104920861541585]
2019-04-07 17:40:26 INFO     Batch: [93/120] Epoch: [3] Loss: [1.8106460647380098]
2019-04-07 17:40:26 INFO     Batch: [94/120] Epoch: [3] Loss: [1.810651841916536]
2019-04-07 17:40:26 INFO     Batch: [95/120] Epoch: [3] Loss: [1.8106353394687176]
2019-04-07 17:40:26 INFO     Batch: [96/120] Epoch: [3] Loss: [1.8108308733124094]
2019-04-07 17:40:27 INFO     Batch: [97/120] Epoch: [3] Loss: [1.8098958779354484]
2019-04-07 17:40:27 INFO     Batch: [98/120] Epoch: [3] Loss: [1.809476253962276]
2019-04-07 17:40:27 INFO     Batch: [99/120] Epoch: [3] Loss: [1.809114236831665]
2019-04-07 17:40:27 INFO     Batch: [100/120] Epoch: [3] Loss: [1.8085256779547965]
2019-04-07 17:40:27 INFO     Batch: [101/120] Epoch: [3] Loss: [1.808327898090961]
2019-04-07 17:40:28 INFO     Batch: [102/120] Epoch: [3] Loss: [1.8087806146121719]
2019-04-07 17:40:28 INFO     Batch: [103/120] Epoch: [3] Loss: [1.8086544470145152]
2019-04-07 17:40:28 INFO     Batch: [104/120] Epoch: [3] Loss: [1.8076167628878639]
2019-04-07 17:40:28 INFO     Batch: [105/120] Epoch: [3] Loss: [1.8067839977876194]
2019-04-07 17:40:28 INFO     Batch: [106/120] Epoch: [3] Loss: [1.8072817381297317]
2019-04-07 17:40:28 INFO     Batch: [107/120] Epoch: [3] Loss: [1.8068347518090848]
2019-04-07 17:40:29 INFO     Batch: [108/120] Epoch: [3] Loss: [1.806769603982978]
2019-04-07 17:40:29 INFO     Batch: [109/120] Epoch: [3] Loss: [1.806463284925981]
2019-04-07 17:40:29 INFO     Batch: [110/120] Epoch: [3] Loss: [1.8067036781225119]
2019-04-07 17:40:29 INFO     Batch: [111/120] Epoch: [3] Loss: [1.8067410588264465]
2019-04-07 17:40:29 INFO     Batch: [112/120] Epoch: [3] Loss: [1.8066614317682992]
2019-04-07 17:40:30 INFO     Batch: [113/120] Epoch: [3] Loss: [1.806581855865947]
2019-04-07 17:40:30 INFO     Batch: [114/120] Epoch: [3] Loss: [1.8069454929103022]
2019-04-07 17:40:30 INFO     Batch: [115/120] Epoch: [3] Loss: [1.8065573357302567]
2019-04-07 17:40:30 INFO     Batch: [116/120] Epoch: [3] Loss: [1.805217275252709]
2019-04-07 17:40:30 INFO     Batch: [117/120] Epoch: [3] Loss: [1.805300773200342]
2019-04-07 17:40:31 INFO     Batch: [118/120] Epoch: [3] Loss: [1.8049978298299454]
2019-04-07 17:40:31 INFO     Batch: [119/120] Epoch: [3] Loss: [1.8047501941521962]
2019-04-07 17:40:32 INFO     **************** Epoch: [3/250] Accuracy: [0.21018181818181822] ****************

2019-04-07 17:40:33 INFO     Batch: [0/120] Epoch: [4] Loss: [1.758428931236267]
2019-04-07 17:40:33 INFO     Batch: [1/120] Epoch: [4] Loss: [1.7815091609954834]
2019-04-07 17:40:33 INFO     Batch: [2/120] Epoch: [4] Loss: [1.7767376104990642]
2019-04-07 17:40:33 INFO     Batch: [3/120] Epoch: [4] Loss: [1.7733093202114105]
2019-04-07 17:40:33 INFO     Batch: [4/120] Epoch: [4] Loss: [1.7693376302719117]
2019-04-07 17:40:34 INFO     Batch: [5/120] Epoch: [4] Loss: [1.7732452750205994]
2019-04-07 17:40:34 INFO     Batch: [6/120] Epoch: [4] Loss: [1.7701934746333532]
2019-04-07 17:40:34 INFO     Batch: [7/120] Epoch: [4] Loss: [1.7711786329746246]
2019-04-07 17:40:34 INFO     Batch: [8/120] Epoch: [4] Loss: [1.7759889231787787]
2019-04-07 17:40:34 INFO     Batch: [9/120] Epoch: [4] Loss: [1.7767871379852296]
2019-04-07 17:40:35 INFO     Batch: [10/120] Epoch: [4] Loss: [1.7774612578478726]
2019-04-07 17:40:35 INFO     Batch: [11/120] Epoch: [4] Loss: [1.7745435337225597]
2019-04-07 17:40:35 INFO     Batch: [12/120] Epoch: [4] Loss: [1.7684577244978685]
2019-04-07 17:40:35 INFO     Batch: [13/120] Epoch: [4] Loss: [1.7656505107879639]
2019-04-07 17:40:35 INFO     Batch: [14/120] Epoch: [4] Loss: [1.7615080992380778]
2019-04-07 17:40:36 INFO     Batch: [15/120] Epoch: [4] Loss: [1.7640892714262009]
2019-04-07 17:40:36 INFO     Batch: [16/120] Epoch: [4] Loss: [1.7638521615196676]
2019-04-07 17:40:36 INFO     Batch: [17/120] Epoch: [4] Loss: [1.7631979054874845]
2019-04-07 17:40:36 INFO     Batch: [18/120] Epoch: [4] Loss: [1.7634471968600625]
2019-04-07 17:40:36 INFO     Batch: [19/120] Epoch: [4] Loss: [1.7639354526996613]
2019-04-07 17:40:37 INFO     Batch: [20/120] Epoch: [4] Loss: [1.7635060037885393]
2019-04-07 17:40:37 INFO     Batch: [21/120] Epoch: [4] Loss: [1.7611513517119668]
2019-04-07 17:40:37 INFO     Batch: [22/120] Epoch: [4] Loss: [1.7616080045700073]
2019-04-07 17:40:37 INFO     Batch: [23/120] Epoch: [4] Loss: [1.7609473367532094]
2019-04-07 17:40:37 INFO     Batch: [24/120] Epoch: [4] Loss: [1.7587629413604737]
2019-04-07 17:40:37 INFO     Batch: [25/120] Epoch: [4] Loss: [1.7588211802335887]
2019-04-07 17:40:38 INFO     Batch: [26/120] Epoch: [4] Loss: [1.7586892622488517]
2019-04-07 17:40:38 INFO     Batch: [27/120] Epoch: [4] Loss: [1.7600622645446233]
2019-04-07 17:40:38 INFO     Batch: [28/120] Epoch: [4] Loss: [1.7601343064472592]
2019-04-07 17:40:38 INFO     Batch: [29/120] Epoch: [4] Loss: [1.7601293841997783]
2019-04-07 17:40:38 INFO     Batch: [30/120] Epoch: [4] Loss: [1.7590514998282156]
2019-04-07 17:40:39 INFO     Batch: [31/120] Epoch: [4] Loss: [1.7586498819291592]
2019-04-07 17:40:39 INFO     Batch: [32/120] Epoch: [4] Loss: [1.7576119430137402]
2019-04-07 17:40:39 INFO     Batch: [33/120] Epoch: [4] Loss: [1.7549842701238745]
2019-04-07 17:40:39 INFO     Batch: [34/120] Epoch: [4] Loss: [1.754943779536656]
2019-04-07 17:40:39 INFO     Batch: [35/120] Epoch: [4] Loss: [1.7553559872839186]
2019-04-07 17:40:40 INFO     Batch: [36/120] Epoch: [4] Loss: [1.7565953602661957]
2019-04-07 17:40:40 INFO     Batch: [37/120] Epoch: [4] Loss: [1.756618597005543]
2019-04-07 17:40:40 INFO     Batch: [38/120] Epoch: [4] Loss: [1.757880226159707]
2019-04-07 17:40:40 INFO     Batch: [39/120] Epoch: [4] Loss: [1.757582288980484]
2019-04-07 17:40:40 INFO     Batch: [40/120] Epoch: [4] Loss: [1.755188185994218]
2019-04-07 17:40:41 INFO     Batch: [41/120] Epoch: [4] Loss: [1.755475069795336]
2019-04-07 17:40:41 INFO     Batch: [42/120] Epoch: [4] Loss: [1.7549742127573766]
2019-04-07 17:40:41 INFO     Batch: [43/120] Epoch: [4] Loss: [1.7553926028988578]
2019-04-07 17:40:41 INFO     Batch: [44/120] Epoch: [4] Loss: [1.7568877167171901]
2019-04-07 17:40:41 INFO     Batch: [45/120] Epoch: [4] Loss: [1.7566743570825327]
2019-04-07 17:40:42 INFO     Batch: [46/120] Epoch: [4] Loss: [1.757314717515986]
2019-04-07 17:40:42 INFO     Batch: [47/120] Epoch: [4] Loss: [1.7559329668680828]
2019-04-07 17:40:42 INFO     Batch: [48/120] Epoch: [4] Loss: [1.7544070457925602]
2019-04-07 17:40:42 INFO     Batch: [49/120] Epoch: [4] Loss: [1.7558173775672912]
2019-04-07 17:40:42 INFO     Batch: [50/120] Epoch: [4] Loss: [1.755239902758131]
2019-04-07 17:40:42 INFO     Batch: [51/120] Epoch: [4] Loss: [1.7558043209406047]
2019-04-07 17:40:43 INFO     Batch: [52/120] Epoch: [4] Loss: [1.7550874026316516]
2019-04-07 17:40:43 INFO     Batch: [53/120] Epoch: [4] Loss: [1.755430027290627]
2019-04-07 17:40:43 INFO     Batch: [54/120] Epoch: [4] Loss: [1.75513868115165]
2019-04-07 17:40:43 INFO     Batch: [55/120] Epoch: [4] Loss: [1.7543523056166512]
2019-04-07 17:40:43 INFO     Batch: [56/120] Epoch: [4] Loss: [1.754650772663585]
2019-04-07 17:40:44 INFO     Batch: [57/120] Epoch: [4] Loss: [1.754966037026767]
2019-04-07 17:40:44 INFO     Batch: [58/120] Epoch: [4] Loss: [1.7556179761886597]
2019-04-07 17:40:44 INFO     Batch: [59/120] Epoch: [4] Loss: [1.755143940448761]
2019-04-07 17:40:44 INFO     Batch: [60/120] Epoch: [4] Loss: [1.7551261049802187]
2019-04-07 17:40:44 INFO     Batch: [61/120] Epoch: [4] Loss: [1.7546393871307373]
2019-04-07 17:40:45 INFO     Batch: [62/120] Epoch: [4] Loss: [1.7530658623528859]
2019-04-07 17:40:45 INFO     Batch: [63/120] Epoch: [4] Loss: [1.7526297960430384]
2019-04-07 17:40:45 INFO     Batch: [64/120] Epoch: [4] Loss: [1.7525971541037926]
2019-04-07 17:40:45 INFO     Batch: [65/120] Epoch: [4] Loss: [1.7532692461302786]
2019-04-07 17:40:45 INFO     Batch: [66/120] Epoch: [4] Loss: [1.7533160625998654]
2019-04-07 17:40:46 INFO     Batch: [67/120] Epoch: [4] Loss: [1.7530261716421913]
2019-04-07 17:40:46 INFO     Batch: [68/120] Epoch: [4] Loss: [1.7529798659725466]
2019-04-07 17:40:46 INFO     Batch: [69/120] Epoch: [4] Loss: [1.7518904515675136]
2019-04-07 17:40:46 INFO     Batch: [70/120] Epoch: [4] Loss: [1.752375196403181]
2019-04-07 17:40:46 INFO     Batch: [71/120] Epoch: [4] Loss: [1.7525488701131609]
2019-04-07 17:40:47 INFO     Batch: [72/120] Epoch: [4] Loss: [1.7531285694200698]
2019-04-07 17:40:47 INFO     Batch: [73/120] Epoch: [4] Loss: [1.75275478491912]
2019-04-07 17:40:47 INFO     Batch: [74/120] Epoch: [4] Loss: [1.7526378313700357]
2019-04-07 17:40:47 INFO     Batch: [75/120] Epoch: [4] Loss: [1.753292003744527]
2019-04-07 17:40:47 INFO     Batch: [76/120] Epoch: [4] Loss: [1.7537106786455428]
2019-04-07 17:40:47 INFO     Batch: [77/120] Epoch: [4] Loss: [1.7523302970788417]
2019-04-07 17:40:48 INFO     Batch: [78/120] Epoch: [4] Loss: [1.7519090930117835]
2019-04-07 17:40:48 INFO     Batch: [79/120] Epoch: [4] Loss: [1.750809518992901]
2019-04-07 17:40:48 INFO     Batch: [80/120] Epoch: [4] Loss: [1.7504467125292178]
2019-04-07 17:40:48 INFO     Batch: [81/120] Epoch: [4] Loss: [1.7484641947397372]
2019-04-07 17:40:48 INFO     Batch: [82/120] Epoch: [4] Loss: [1.747245224125414]
2019-04-07 17:40:49 INFO     Batch: [83/120] Epoch: [4] Loss: [1.748778094847997]
2019-04-07 17:40:49 INFO     Batch: [84/120] Epoch: [4] Loss: [1.7490730299669153]
2019-04-07 17:40:49 INFO     Batch: [85/120] Epoch: [4] Loss: [1.7477721821430117]
2019-04-07 17:40:49 INFO     Batch: [86/120] Epoch: [4] Loss: [1.7472411585950303]
2019-04-07 17:40:49 INFO     Batch: [87/120] Epoch: [4] Loss: [1.7471977106549523]
2019-04-07 17:40:50 INFO     Batch: [88/120] Epoch: [4] Loss: [1.7475789745202226]
2019-04-07 17:40:50 INFO     Batch: [89/120] Epoch: [4] Loss: [1.7476764970355563]
2019-04-07 17:40:50 INFO     Batch: [90/120] Epoch: [4] Loss: [1.7467897802918821]
2019-04-07 17:40:50 INFO     Batch: [91/120] Epoch: [4] Loss: [1.7471724100734876]
2019-04-07 17:40:50 INFO     Batch: [92/120] Epoch: [4] Loss: [1.7462230382427093]
2019-04-07 17:40:51 INFO     Batch: [93/120] Epoch: [4] Loss: [1.7464820260697222]
2019-04-07 17:40:51 INFO     Batch: [94/120] Epoch: [4] Loss: [1.746129920608119]
2019-04-07 17:40:51 INFO     Batch: [95/120] Epoch: [4] Loss: [1.7460391595959663]
2019-04-07 17:40:51 INFO     Batch: [96/120] Epoch: [4] Loss: [1.7461090419710297]
2019-04-07 17:40:51 INFO     Batch: [97/120] Epoch: [4] Loss: [1.7459796764412705]
2019-04-07 17:40:52 INFO     Batch: [98/120] Epoch: [4] Loss: [1.7459304417022552]
2019-04-07 17:40:52 INFO     Batch: [99/120] Epoch: [4] Loss: [1.7452620601654052]
2019-04-07 17:40:52 INFO     Batch: [100/120] Epoch: [4] Loss: [1.745455531790705]
2019-04-07 17:40:52 INFO     Batch: [101/120] Epoch: [4] Loss: [1.7449545848603343]
2019-04-07 17:40:52 INFO     Batch: [102/120] Epoch: [4] Loss: [1.7449687881377136]
2019-04-07 17:40:52 INFO     Batch: [103/120] Epoch: [4] Loss: [1.7443586920316403]
2019-04-07 17:40:53 INFO     Batch: [104/120] Epoch: [4] Loss: [1.74384818871816]
2019-04-07 17:40:53 INFO     Batch: [105/120] Epoch: [4] Loss: [1.7438529324981402]
2019-04-07 17:40:53 INFO     Batch: [106/120] Epoch: [4] Loss: [1.743454139923381]
2019-04-07 17:40:53 INFO     Batch: [107/120] Epoch: [4] Loss: [1.7431950480849654]
2019-04-07 17:40:53 INFO     Batch: [108/120] Epoch: [4] Loss: [1.742383022920801]
2019-04-07 17:40:54 INFO     Batch: [109/120] Epoch: [4] Loss: [1.7420622728087685]
2019-04-07 17:40:54 INFO     Batch: [110/120] Epoch: [4] Loss: [1.7417847175855894]
2019-04-07 17:40:54 INFO     Batch: [111/120] Epoch: [4] Loss: [1.7417949044278689]
2019-04-07 17:40:54 INFO     Batch: [112/120] Epoch: [4] Loss: [1.7417853944069517]
2019-04-07 17:40:54 INFO     Batch: [113/120] Epoch: [4] Loss: [1.7418329339278371]
2019-04-07 17:40:55 INFO     Batch: [114/120] Epoch: [4] Loss: [1.7421513287917427]
2019-04-07 17:40:55 INFO     Batch: [115/120] Epoch: [4] Loss: [1.7414241648953537]
2019-04-07 17:40:55 INFO     Batch: [116/120] Epoch: [4] Loss: [1.7408113224893553]
2019-04-07 17:40:55 INFO     Batch: [117/120] Epoch: [4] Loss: [1.7406311893867235]
2019-04-07 17:40:55 INFO     Batch: [118/120] Epoch: [4] Loss: [1.740202675346567]
2019-04-07 17:40:56 INFO     Batch: [119/120] Epoch: [4] Loss: [1.7398676047722499]
2019-04-07 17:40:57 INFO     **************** Epoch: [4/250] Accuracy: [0.13672727272727273] ****************

2019-04-07 17:40:57 INFO     Batch: [0/120] Epoch: [5] Loss: [1.7166584730148315]
2019-04-07 17:40:58 INFO     Batch: [1/120] Epoch: [5] Loss: [1.7131474614143372]
2019-04-07 17:40:58 INFO     Batch: [2/120] Epoch: [5] Loss: [1.7285733222961426]
2019-04-07 17:40:58 INFO     Batch: [3/120] Epoch: [5] Loss: [1.7187347710132599]
2019-04-07 17:40:58 INFO     Batch: [4/120] Epoch: [5] Loss: [1.698065185546875]
2019-04-07 17:40:58 INFO     Batch: [5/120] Epoch: [5] Loss: [1.6966529687245686]
2019-04-07 17:40:59 INFO     Batch: [6/120] Epoch: [5] Loss: [1.714749881199428]
2019-04-07 17:40:59 INFO     Batch: [7/120] Epoch: [5] Loss: [1.7188634872436523]
2019-04-07 17:40:59 INFO     Batch: [8/120] Epoch: [5] Loss: [1.717930210961236]
2019-04-07 17:40:59 INFO     Batch: [9/120] Epoch: [5] Loss: [1.721022939682007]
2019-04-07 17:40:59 INFO     Batch: [10/120] Epoch: [5] Loss: [1.7205131487412886]
2019-04-07 17:41:00 INFO     Batch: [11/120] Epoch: [5] Loss: [1.71869295835495]
2019-04-07 17:41:00 INFO     Batch: [12/120] Epoch: [5] Loss: [1.7139290021016047]
2019-04-07 17:41:00 INFO     Batch: [13/120] Epoch: [5] Loss: [1.7158893261637007]
2019-04-07 17:41:00 INFO     Batch: [14/120] Epoch: [5] Loss: [1.7131581544876098]
2019-04-07 17:41:00 INFO     Batch: [15/120] Epoch: [5] Loss: [1.7136447951197624]
2019-04-07 17:41:01 INFO     Batch: [16/120] Epoch: [5] Loss: [1.7125500580843758]
2019-04-07 17:41:01 INFO     Batch: [17/120] Epoch: [5] Loss: [1.7146579424540203]
2019-04-07 17:41:01 INFO     Batch: [18/120] Epoch: [5] Loss: [1.7176918607009084]
2019-04-07 17:41:01 INFO     Batch: [19/120] Epoch: [5] Loss: [1.719419115781784]
2019-04-07 17:41:01 INFO     Batch: [20/120] Epoch: [5] Loss: [1.7177185671670097]
2019-04-07 17:41:01 INFO     Batch: [21/120] Epoch: [5] Loss: [1.7212653376839377]
2019-04-07 17:41:02 INFO     Batch: [22/120] Epoch: [5] Loss: [1.7207087744837222]
2019-04-07 17:41:02 INFO     Batch: [23/120] Epoch: [5] Loss: [1.7202206055323284]
2019-04-07 17:41:02 INFO     Batch: [24/120] Epoch: [5] Loss: [1.7176396226882935]
2019-04-07 17:41:02 INFO     Batch: [25/120] Epoch: [5] Loss: [1.7151951423058143]
2019-04-07 17:41:02 INFO     Batch: [26/120] Epoch: [5] Loss: [1.712215330865648]
2019-04-07 17:41:03 INFO     Batch: [27/120] Epoch: [5] Loss: [1.7110740457262312]
2019-04-07 17:41:03 INFO     Batch: [28/120] Epoch: [5] Loss: [1.7085491089985287]
2019-04-07 17:41:03 INFO     Batch: [29/120] Epoch: [5] Loss: [1.7102276881535847]
2019-04-07 17:41:03 INFO     Batch: [30/120] Epoch: [5] Loss: [1.709734482149924]
2019-04-07 17:41:03 INFO     Batch: [31/120] Epoch: [5] Loss: [1.7086902521550655]
2019-04-07 17:41:04 INFO     Batch: [32/120] Epoch: [5] Loss: [1.7095809452461475]
2019-04-07 17:41:04 INFO     Batch: [33/120] Epoch: [5] Loss: [1.711818376008202]
2019-04-07 17:41:04 INFO     Batch: [34/120] Epoch: [5] Loss: [1.711606434413365]
2019-04-07 17:41:04 INFO     Batch: [35/120] Epoch: [5] Loss: [1.7098631295892928]
2019-04-07 17:41:04 INFO     Batch: [36/120] Epoch: [5] Loss: [1.7073583474030365]
2019-04-07 17:41:05 INFO     Batch: [37/120] Epoch: [5] Loss: [1.706873727472205]
2019-04-07 17:41:05 INFO     Batch: [38/120] Epoch: [5] Loss: [1.70757096241682]
2019-04-07 17:41:05 INFO     Batch: [39/120] Epoch: [5] Loss: [1.7052603095769883]
2019-04-07 17:41:05 INFO     Batch: [40/120] Epoch: [5] Loss: [1.70483870331834]
2019-04-07 17:41:05 INFO     Batch: [41/120] Epoch: [5] Loss: [1.704310845761072]
2019-04-07 17:41:06 INFO     Batch: [42/120] Epoch: [5] Loss: [1.705975665602573]
2019-04-07 17:41:06 INFO     Batch: [43/120] Epoch: [5] Loss: [1.7051069736480713]
2019-04-07 17:41:06 INFO     Batch: [44/120] Epoch: [5] Loss: [1.7055400954352484]
2019-04-07 17:41:06 INFO     Batch: [45/120] Epoch: [5] Loss: [1.7047642961792324]
2019-04-07 17:41:06 INFO     Batch: [46/120] Epoch: [5] Loss: [1.7035682277476534]
2019-04-07 17:41:06 INFO     Batch: [47/120] Epoch: [5] Loss: [1.7031483923395474]
2019-04-07 17:41:07 INFO     Batch: [48/120] Epoch: [5] Loss: [1.7043148741430165]
2019-04-07 17:41:07 INFO     Batch: [49/120] Epoch: [5] Loss: [1.7043525624275206]
2019-04-07 17:41:07 INFO     Batch: [50/120] Epoch: [5] Loss: [1.703427751859029]
2019-04-07 17:41:07 INFO     Batch: [51/120] Epoch: [5] Loss: [1.7032337532593653]
2019-04-07 17:41:07 INFO     Batch: [52/120] Epoch: [5] Loss: [1.703055406516453]
2019-04-07 17:41:08 INFO     Batch: [53/120] Epoch: [5] Loss: [1.700565998201017]
2019-04-07 17:41:08 INFO     Batch: [54/120] Epoch: [5] Loss: [1.700076740438288]
2019-04-07 17:41:08 INFO     Batch: [55/120] Epoch: [5] Loss: [1.6987937497241157]
2019-04-07 17:41:08 INFO     Batch: [56/120] Epoch: [5] Loss: [1.6986247405671238]
2019-04-07 17:41:08 INFO     Batch: [57/120] Epoch: [5] Loss: [1.6995733236444408]
2019-04-07 17:41:09 INFO     Batch: [58/120] Epoch: [5] Loss: [1.699737292225078]
2019-04-07 17:41:09 INFO     Batch: [59/120] Epoch: [5] Loss: [1.6988612830638885]
2019-04-07 17:41:09 INFO     Batch: [60/120] Epoch: [5] Loss: [1.6977290872667656]
2019-04-07 17:41:09 INFO     Batch: [61/120] Epoch: [5] Loss: [1.697362313347478]
2019-04-07 17:41:09 INFO     Batch: [62/120] Epoch: [5] Loss: [1.6974757020435636]
2019-04-07 17:41:10 INFO     Batch: [63/120] Epoch: [5] Loss: [1.698194146156311]
2019-04-07 17:41:10 INFO     Batch: [64/120] Epoch: [5] Loss: [1.6980041210468]
2019-04-07 17:41:10 INFO     Batch: [65/120] Epoch: [5] Loss: [1.697220833012552]
2019-04-07 17:41:10 INFO     Batch: [66/120] Epoch: [5] Loss: [1.6962163626258053]
2019-04-07 17:41:10 INFO     Batch: [67/120] Epoch: [5] Loss: [1.6961013552020578]
2019-04-07 17:41:11 INFO     Batch: [68/120] Epoch: [5] Loss: [1.6942888636519944]
2019-04-07 17:41:11 INFO     Batch: [69/120] Epoch: [5] Loss: [1.6941966652870177]
2019-04-07 17:41:11 INFO     Batch: [70/120] Epoch: [5] Loss: [1.6945659979968004]
2019-04-07 17:41:11 INFO     Batch: [71/120] Epoch: [5] Loss: [1.6944110691547394]
2019-04-07 17:41:11 INFO     Batch: [72/120] Epoch: [5] Loss: [1.694339837113472]
2019-04-07 17:41:11 INFO     Batch: [73/120] Epoch: [5] Loss: [1.6940904356337882]
2019-04-07 17:41:12 INFO     Batch: [74/120] Epoch: [5] Loss: [1.6943904447555542]
2019-04-07 17:41:12 INFO     Batch: [75/120] Epoch: [5] Loss: [1.6937867999076843]
2019-04-07 17:41:12 INFO     Batch: [76/120] Epoch: [5] Loss: [1.6945313060438478]
2019-04-07 17:41:12 INFO     Batch: [77/120] Epoch: [5] Loss: [1.6935653961621797]
2019-04-07 17:41:12 INFO     Batch: [78/120] Epoch: [5] Loss: [1.6930144798906543]
2019-04-07 17:41:13 INFO     Batch: [79/120] Epoch: [5] Loss: [1.692965069413185]
2019-04-07 17:41:13 INFO     Batch: [80/120] Epoch: [5] Loss: [1.6939164223494354]
2019-04-07 17:41:13 INFO     Batch: [81/120] Epoch: [5] Loss: [1.694064404906296]
2019-04-07 17:41:13 INFO     Batch: [82/120] Epoch: [5] Loss: [1.6943692399794796]
2019-04-07 17:41:13 INFO     Batch: [83/120] Epoch: [5] Loss: [1.693848355894997]
2019-04-07 17:41:14 INFO     Batch: [84/120] Epoch: [5] Loss: [1.6930230519350837]
2019-04-07 17:41:14 INFO     Batch: [85/120] Epoch: [5] Loss: [1.6935111575348432]
2019-04-07 17:41:14 INFO     Batch: [86/120] Epoch: [5] Loss: [1.6935929471048816]
2019-04-07 17:41:14 INFO     Batch: [87/120] Epoch: [5] Loss: [1.693463763052767]
2019-04-07 17:41:14 INFO     Batch: [88/120] Epoch: [5] Loss: [1.6929421706146068]
2019-04-07 17:41:15 INFO     Batch: [89/120] Epoch: [5] Loss: [1.6924001905653212]
2019-04-07 17:41:15 INFO     Batch: [90/120] Epoch: [5] Loss: [1.6924092599323817]
2019-04-07 17:41:15 INFO     Batch: [91/120] Epoch: [5] Loss: [1.6928686214529949]
2019-04-07 17:41:15 INFO     Batch: [92/120] Epoch: [5] Loss: [1.6925541008672407]
2019-04-07 17:41:15 INFO     Batch: [93/120] Epoch: [5] Loss: [1.6922318922712447]
2019-04-07 17:41:16 INFO     Batch: [94/120] Epoch: [5] Loss: [1.6921970091368024]
2019-04-07 17:41:16 INFO     Batch: [95/120] Epoch: [5] Loss: [1.6920944936573505]
2019-04-07 17:41:16 INFO     Batch: [96/120] Epoch: [5] Loss: [1.6919145129390598]
2019-04-07 17:41:16 INFO     Batch: [97/120] Epoch: [5] Loss: [1.6912889711710872]
2019-04-07 17:41:16 INFO     Batch: [98/120] Epoch: [5] Loss: [1.6904074423240893]
2019-04-07 17:41:16 INFO     Batch: [99/120] Epoch: [5] Loss: [1.6898621451854705]
2019-04-07 17:41:17 INFO     Batch: [100/120] Epoch: [5] Loss: [1.6892008179485207]
2019-04-07 17:41:17 INFO     Batch: [101/120] Epoch: [5] Loss: [1.6895444615214479]
2019-04-07 17:41:17 INFO     Batch: [102/120] Epoch: [5] Loss: [1.6888439284944998]
2019-04-07 17:41:17 INFO     Batch: [103/120] Epoch: [5] Loss: [1.6888618847498527]
2019-04-07 17:41:17 INFO     Batch: [104/120] Epoch: [5] Loss: [1.6888546966371083]
2019-04-07 17:41:18 INFO     Batch: [105/120] Epoch: [5] Loss: [1.6887132694136422]
2019-04-07 17:41:18 INFO     Batch: [106/120] Epoch: [5] Loss: [1.6880967271662204]
2019-04-07 17:41:18 INFO     Batch: [107/120] Epoch: [5] Loss: [1.6879233927638442]
2019-04-07 17:41:18 INFO     Batch: [108/120] Epoch: [5] Loss: [1.6876427197675092]
2019-04-07 17:41:18 INFO     Batch: [109/120] Epoch: [5] Loss: [1.6868497144092214]
2019-04-07 17:41:19 INFO     Batch: [110/120] Epoch: [5] Loss: [1.6867763920947239]
2019-04-07 17:41:19 INFO     Batch: [111/120] Epoch: [5] Loss: [1.6861908329384667]
2019-04-07 17:41:19 INFO     Batch: [112/120] Epoch: [5] Loss: [1.686195474810305]
2019-04-07 17:41:19 INFO     Batch: [113/120] Epoch: [5] Loss: [1.6860597949278981]
2019-04-07 17:41:19 INFO     Batch: [114/120] Epoch: [5] Loss: [1.685973568584608]
2019-04-07 17:41:20 INFO     Batch: [115/120] Epoch: [5] Loss: [1.6856092307074317]
2019-04-07 17:41:20 INFO     Batch: [116/120] Epoch: [5] Loss: [1.68543663697365]
2019-04-07 17:41:20 INFO     Batch: [117/120] Epoch: [5] Loss: [1.6850606253591633]
2019-04-07 17:41:20 INFO     Batch: [118/120] Epoch: [5] Loss: [1.6850262639903222]
2019-04-07 17:41:20 INFO     Batch: [119/120] Epoch: [5] Loss: [1.684499529004097]
2019-04-07 17:41:22 INFO     **************** Epoch: [5/250] Accuracy: [0.15327272727272725] ****************

2019-04-07 17:41:22 INFO     Batch: [0/120] Epoch: [6] Loss: [1.6807163953781128]
2019-04-07 17:41:22 INFO     Batch: [1/120] Epoch: [6] Loss: [1.6692222952842712]
2019-04-07 17:41:23 INFO     Batch: [2/120] Epoch: [6] Loss: [1.6480323870976765]
2019-04-07 17:41:23 INFO     Batch: [3/120] Epoch: [6] Loss: [1.6512615382671356]
2019-04-07 17:41:23 INFO     Batch: [4/120] Epoch: [6] Loss: [1.6516563892364502]
2019-04-07 17:41:23 INFO     Batch: [5/120] Epoch: [6] Loss: [1.658245046933492]
2019-04-07 17:41:23 INFO     Batch: [6/120] Epoch: [6] Loss: [1.6571418387549264]
2019-04-07 17:41:24 INFO     Batch: [7/120] Epoch: [6] Loss: [1.6538875699043274]
2019-04-07 17:41:24 INFO     Batch: [8/120] Epoch: [6] Loss: [1.6540326939688788]
2019-04-07 17:41:24 INFO     Batch: [9/120] Epoch: [6] Loss: [1.6481307029724122]
2019-04-07 17:41:24 INFO     Batch: [10/120] Epoch: [6] Loss: [1.6481914086775347]
2019-04-07 17:41:24 INFO     Batch: [11/120] Epoch: [6] Loss: [1.6428953111171722]
2019-04-07 17:41:25 INFO     Batch: [12/120] Epoch: [6] Loss: [1.6440656460248506]
2019-04-07 17:41:25 INFO     Batch: [13/120] Epoch: [6] Loss: [1.64592273746218]
2019-04-07 17:41:25 INFO     Batch: [14/120] Epoch: [6] Loss: [1.6428328196207682]
2019-04-07 17:41:25 INFO     Batch: [15/120] Epoch: [6] Loss: [1.648141659796238]
2019-04-07 17:41:25 INFO     Batch: [16/120] Epoch: [6] Loss: [1.6471944205901201]
2019-04-07 17:41:25 INFO     Batch: [17/120] Epoch: [6] Loss: [1.6483405099974737]
