2019-07-29 15:10:30 INFO     Loading Data
2019-07-29 15:10:34 INFO     Model Setting Up
2019-07-29 15:10:41 INFO     train_dir : [../datasets/mnist/train]
2019-07-29 15:10:41 INFO     test_dir : [../datasets/mnist/test]
2019-07-29 15:10:41 INFO     save_dir : [./save]
2019-07-29 15:10:41 INFO     gpu : [7]
2019-07-29 15:10:41 INFO     num_epochs : [500]
2019-07-29 15:10:41 INFO     batch_size : [64]
2019-07-29 15:10:41 INFO     num_points : [512]
2019-07-29 15:10:41 INFO     visualize : [False]
2019-07-29 15:10:41 INFO     save_model : [False]
2019-07-29 15:10:41 INFO     log_interval : [1000]
2019-07-29 15:10:41 INFO     save_interval : [20]
2019-07-29 15:10:41 INFO     baselr : [5e-05]
2019-07-29 15:10:41 INFO     density_radius : [0.2]
2019-07-29 15:10:41 INFO     num_grids : [3]
2019-07-29 15:10:41 INFO     base_radius : [1]
2019-07-29 15:10:41 INFO     static_sigma : [0.05]
2019-07-29 15:10:41 INFO     use_static_sigma : [False]
2019-07-29 15:10:41 INFO     use_weights : [False]
2019-07-29 15:10:41 INFO     sigma_layer_diff : [True]
2019-07-29 15:10:41 INFO     feature_out1 : [8]
2019-07-29 15:10:41 INFO     feature_out2 : [16]
2019-07-29 15:10:41 INFO     feature_out3 : [32]
2019-07-29 15:10:41 INFO     feature_out4 : [64]
2019-07-29 15:10:41 INFO     feature_out5 : [128]
2019-07-29 15:10:41 INFO     num_classes : [10]
2019-07-29 15:10:41 INFO     num_so3_layers : [3]
2019-07-29 15:10:41 INFO     bandwidth_0 : [10]
2019-07-29 15:10:41 INFO     bandwidth_out1 : [10]
2019-07-29 15:10:41 INFO     bandwidth_out2 : [8]
2019-07-29 15:10:41 INFO     bandwidth_out3 : [6]
2019-07-29 15:10:41 INFO     bandwidth_out4 : [4]
2019-07-29 15:10:41 INFO     bandwidth_out5 : [2]
2019-07-29 15:10:41 INFO     resume_training : [0]
2019-07-29 15:10:41 INFO     Start Training
2019-07-29 15:10:48 INFO     Batch: [0/938] Epoch: [0] Loss: [2.298095703125]
2019-07-29 15:10:48 INFO     Batch: [1/938] Epoch: [0] Loss: [2.2975977659225464]
2019-07-29 15:10:49 INFO     Batch: [2/938] Epoch: [0] Loss: [2.295911947886149]
2019-07-29 15:10:49 INFO     Batch: [3/938] Epoch: [0] Loss: [2.2937926650047302]
2019-07-29 15:10:49 INFO     Batch: [4/938] Epoch: [0] Loss: [2.290252113342285]
2019-07-29 15:10:49 INFO     Batch: [5/938] Epoch: [0] Loss: [2.286502401034037]
2019-07-29 15:10:49 INFO     Batch: [6/938] Epoch: [0] Loss: [2.2896601131984164]
2019-07-29 15:10:49 INFO     Batch: [7/938] Epoch: [0] Loss: [2.2879944443702698]
2019-07-29 15:10:49 INFO     Batch: [8/938] Epoch: [0] Loss: [2.2866045104132757]
2019-07-29 15:10:49 INFO     Batch: [9/938] Epoch: [0] Loss: [2.28655469417572]
2019-07-29 15:10:49 INFO     Batch: [10/938] Epoch: [0] Loss: [2.282976128838279]
2019-07-29 15:10:49 INFO     Batch: [11/938] Epoch: [0] Loss: [2.2808748284975686]
2019-07-29 15:10:49 INFO     Batch: [12/938] Epoch: [0] Loss: [2.276358494391808]
2019-07-29 15:10:50 INFO     Batch: [13/938] Epoch: [0] Loss: [2.2716495990753174]
2019-07-29 15:10:50 INFO     Batch: [14/938] Epoch: [0] Loss: [2.271313031514486]
2019-07-29 15:10:50 INFO     Batch: [15/938] Epoch: [0] Loss: [2.2708361744880676]
2019-07-29 15:10:50 INFO     Batch: [16/938] Epoch: [0] Loss: [2.2683767430922566]
2019-07-29 15:10:50 INFO     Batch: [17/938] Epoch: [0] Loss: [2.2648946709103055]
2019-07-29 15:10:50 INFO     Batch: [18/938] Epoch: [0] Loss: [2.2635186722404077]
2019-07-29 15:10:50 INFO     Batch: [19/938] Epoch: [0] Loss: [2.2608262062072755]
2019-07-29 15:10:50 INFO     Batch: [20/938] Epoch: [0] Loss: [2.2601194495246526]
2019-07-29 15:10:50 INFO     Batch: [21/938] Epoch: [0] Loss: [2.2568200718272817]
2019-07-29 15:10:50 INFO     Batch: [22/938] Epoch: [0] Loss: [2.254312784775444]
2019-07-29 15:10:50 INFO     Batch: [23/938] Epoch: [0] Loss: [2.2542191644509635]
2019-07-29 15:10:51 INFO     Batch: [24/938] Epoch: [0] Loss: [2.2531298446655272]
2019-07-29 15:10:51 INFO     Batch: [25/938] Epoch: [0] Loss: [2.251152680470393]
2019-07-29 15:10:51 INFO     Batch: [26/938] Epoch: [0] Loss: [2.248165907683196]
2019-07-29 15:10:51 INFO     Batch: [27/938] Epoch: [0] Loss: [2.2459498132978166]
2019-07-29 15:10:51 INFO     Batch: [28/938] Epoch: [0] Loss: [2.2442218681861617]
2019-07-29 15:10:51 INFO     Batch: [29/938] Epoch: [0] Loss: [2.242698860168457]
2019-07-29 15:10:51 INFO     Batch: [30/938] Epoch: [0] Loss: [2.2397995533481723]
2019-07-29 15:10:51 INFO     Batch: [31/938] Epoch: [0] Loss: [2.239115484058857]
2019-07-29 15:10:51 INFO     Batch: [32/938] Epoch: [0] Loss: [2.236678802605831]
2019-07-29 15:10:51 INFO     Batch: [33/938] Epoch: [0] Loss: [2.2350907465990852]
2019-07-29 15:10:51 INFO     Batch: [34/938] Epoch: [0] Loss: [2.2314992019108364]
2019-07-29 15:10:52 INFO     Batch: [35/938] Epoch: [0] Loss: [2.231118857860565]
2019-07-29 15:10:52 INFO     Batch: [36/938] Epoch: [0] Loss: [2.2297917765540047]
2019-07-29 15:10:52 INFO     Batch: [37/938] Epoch: [0] Loss: [2.226419022208766]
2019-07-29 15:10:52 INFO     Batch: [38/938] Epoch: [0] Loss: [2.2242436225597677]
2019-07-29 15:10:52 INFO     Batch: [39/938] Epoch: [0] Loss: [2.2222109138965607]
2019-07-29 15:10:52 INFO     Batch: [40/938] Epoch: [0] Loss: [2.2202888756263546]
2019-07-29 15:10:52 INFO     Batch: [41/938] Epoch: [0] Loss: [2.2184285549890426]
2019-07-29 15:10:52 INFO     Batch: [42/938] Epoch: [0] Loss: [2.217016159101974]
2019-07-29 15:10:52 INFO     Batch: [43/938] Epoch: [0] Loss: [2.217340897430073]
2019-07-29 15:10:52 INFO     Batch: [44/938] Epoch: [0] Loss: [2.215339846081204]
2019-07-29 15:10:52 INFO     Batch: [45/938] Epoch: [0] Loss: [2.212722819784413]
2019-07-29 15:10:53 INFO     Batch: [46/938] Epoch: [0] Loss: [2.212710279099485]
2019-07-29 15:10:53 INFO     Batch: [47/938] Epoch: [0] Loss: [2.2106678088506064]
2019-07-29 15:10:53 INFO     Batch: [48/938] Epoch: [0] Loss: [2.2094283541854547]
2019-07-29 15:10:53 INFO     Batch: [49/938] Epoch: [0] Loss: [2.2070521116256714]
2019-07-29 15:10:53 INFO     Batch: [50/938] Epoch: [0] Loss: [2.2069219561184155]
2019-07-29 15:10:53 INFO     Batch: [51/938] Epoch: [0] Loss: [2.204643781368549]
2019-07-29 15:10:53 INFO     Batch: [52/938] Epoch: [0] Loss: [2.2018030454527655]
2019-07-29 15:10:53 INFO     Batch: [53/938] Epoch: [0] Loss: [2.2000167546448886]
2019-07-29 15:10:53 INFO     Batch: [54/938] Epoch: [0] Loss: [2.1993489915674385]
2019-07-29 15:10:53 INFO     Batch: [55/938] Epoch: [0] Loss: [2.1970342312540327]
2019-07-29 15:10:53 INFO     Batch: [56/938] Epoch: [0] Loss: [2.194566893995854]
2019-07-29 15:10:54 INFO     Batch: [57/938] Epoch: [0] Loss: [2.1923810243606567]
2019-07-29 15:10:54 INFO     Batch: [58/938] Epoch: [0] Loss: [2.1891335875301037]
2019-07-29 15:10:54 INFO     Batch: [59/938] Epoch: [0] Loss: [2.1883543769518536]
2019-07-29 15:10:54 INFO     Batch: [60/938] Epoch: [0] Loss: [2.1882379055023193]
2019-07-29 15:10:54 INFO     Batch: [61/938] Epoch: [0] Loss: [2.185904633614325]
2019-07-29 15:10:54 INFO     Batch: [62/938] Epoch: [0] Loss: [2.1837445554279147]
2019-07-29 15:10:54 INFO     Batch: [63/938] Epoch: [0] Loss: [2.1815878078341484]
2019-07-29 15:10:54 INFO     Batch: [64/938] Epoch: [0] Loss: [2.1778535237679115]
2019-07-29 15:10:54 INFO     Batch: [65/938] Epoch: [0] Loss: [2.1759267449378967]
2019-07-29 15:10:54 INFO     Batch: [66/938] Epoch: [0] Loss: [2.1727126053909758]
2019-07-29 15:10:55 INFO     Batch: [67/938] Epoch: [0] Loss: [2.1698449113789726]
2019-07-29 15:10:55 INFO     Batch: [68/938] Epoch: [0] Loss: [2.1687958102295366]
2019-07-29 15:10:55 INFO     Batch: [69/938] Epoch: [0] Loss: [2.166228938102722]
2019-07-29 15:10:55 INFO     Batch: [70/938] Epoch: [0] Loss: [2.164788370401087]
2019-07-29 15:10:55 INFO     Batch: [71/938] Epoch: [0] Loss: [2.162921498219172]
2019-07-29 15:10:55 INFO     Batch: [72/938] Epoch: [0] Loss: [2.1612107917054058]
2019-07-29 15:10:55 INFO     Batch: [73/938] Epoch: [0] Loss: [2.1594843993315824]
2019-07-29 15:10:55 INFO     Batch: [74/938] Epoch: [0] Loss: [2.1584408919016522]
2019-07-29 15:10:55 INFO     Batch: [75/938] Epoch: [0] Loss: [2.156513948189585]
2019-07-29 15:10:56 INFO     Batch: [76/938] Epoch: [0] Loss: [2.1552487813033068]
2019-07-29 15:10:56 INFO     Batch: [77/938] Epoch: [0] Loss: [2.1534338150268946]
2019-07-29 15:10:56 INFO     Batch: [78/938] Epoch: [0] Loss: [2.1509216284450097]
2019-07-29 15:10:56 INFO     Batch: [79/938] Epoch: [0] Loss: [2.1494625121355058]
2019-07-29 15:10:56 INFO     Batch: [80/938] Epoch: [0] Loss: [2.1462650887760115]
2019-07-29 15:10:56 INFO     Batch: [81/938] Epoch: [0] Loss: [2.144912865103745]
2019-07-29 15:10:56 INFO     Batch: [82/938] Epoch: [0] Loss: [2.142924166587462]
2019-07-29 15:10:56 INFO     Batch: [83/938] Epoch: [0] Loss: [2.140252571730387]
2019-07-29 15:10:56 INFO     Batch: [84/938] Epoch: [0] Loss: [2.137346224223866]
2019-07-29 15:10:56 INFO     Batch: [85/938] Epoch: [0] Loss: [2.135785769584567]
2019-07-29 15:10:56 INFO     Batch: [86/938] Epoch: [0] Loss: [2.135224382082621]
2019-07-29 15:10:56 INFO     Batch: [87/938] Epoch: [0] Loss: [2.133380712433295]
2019-07-29 15:10:57 INFO     Batch: [88/938] Epoch: [0] Loss: [2.132506098640099]
2019-07-29 15:10:57 INFO     Batch: [89/938] Epoch: [0] Loss: [2.1314503921402825]
2019-07-29 15:10:57 INFO     Batch: [90/938] Epoch: [0] Loss: [2.1287297757117303]
2019-07-29 15:10:57 INFO     Batch: [91/938] Epoch: [0] Loss: [2.1265835049359696]
2019-07-29 15:10:57 INFO     Batch: [92/938] Epoch: [0] Loss: [2.1235382492824266]
2019-07-29 15:10:57 INFO     Batch: [93/938] Epoch: [0] Loss: [2.1206967412157263]
2019-07-29 15:10:57 INFO     Batch: [94/938] Epoch: [0] Loss: [2.1180720743380097]
2019-07-29 15:10:57 INFO     Batch: [95/938] Epoch: [0] Loss: [2.116006405403217]
2019-07-29 15:10:57 INFO     Batch: [96/938] Epoch: [0] Loss: [2.1153757314092103]
2019-07-29 15:10:57 INFO     Batch: [97/938] Epoch: [0] Loss: [2.113556760914472]
2019-07-29 15:10:57 INFO     Batch: [98/938] Epoch: [0] Loss: [2.1131525629698626]
2019-07-29 15:10:58 INFO     Batch: [99/938] Epoch: [0] Loss: [2.1130126988887787]
2019-07-29 15:10:58 INFO     Batch: [100/938] Epoch: [0] Loss: [2.11113439338042]
2019-07-29 15:10:58 INFO     Batch: [101/938] Epoch: [0] Loss: [2.1101269149312785]
2019-07-29 15:10:58 INFO     Batch: [102/938] Epoch: [0] Loss: [2.108493162590323]
2019-07-29 15:10:58 INFO     Batch: [103/938] Epoch: [0] Loss: [2.106724356229489]
2019-07-29 15:10:58 INFO     Batch: [104/938] Epoch: [0] Loss: [2.106079755510603]
2019-07-29 15:10:58 INFO     Batch: [105/938] Epoch: [0] Loss: [2.104779541492462]
2019-07-29 15:10:58 INFO     Batch: [106/938] Epoch: [0] Loss: [2.102509006161556]
2019-07-29 15:10:58 INFO     Batch: [107/938] Epoch: [0] Loss: [2.100612406377439]
2019-07-29 15:10:58 INFO     Batch: [108/938] Epoch: [0] Loss: [2.100548367981517]
2019-07-29 15:10:58 INFO     Batch: [109/938] Epoch: [0] Loss: [2.098887556249445]
2019-07-29 15:10:59 INFO     Batch: [110/938] Epoch: [0] Loss: [2.0978047514820957]
2019-07-29 15:10:59 INFO     Batch: [111/938] Epoch: [0] Loss: [2.0967952694211687]
2019-07-29 15:10:59 INFO     Batch: [112/938] Epoch: [0] Loss: [2.0965190503449564]
2019-07-29 15:10:59 INFO     Batch: [113/938] Epoch: [0] Loss: [2.0944044778221533]
2019-07-29 15:10:59 INFO     Batch: [114/938] Epoch: [0] Loss: [2.0930838450141573]
2019-07-29 15:10:59 INFO     Batch: [115/938] Epoch: [0] Loss: [2.090487347594623]
2019-07-29 15:10:59 INFO     Batch: [116/938] Epoch: [0] Loss: [2.0877005636182604]
2019-07-29 15:10:59 INFO     Batch: [117/938] Epoch: [0] Loss: [2.0875715956849565]
2019-07-29 15:10:59 INFO     Batch: [118/938] Epoch: [0] Loss: [2.0855028298722598]
2019-07-29 15:10:59 INFO     Batch: [119/938] Epoch: [0] Loss: [2.0830428183078764]
2019-07-29 15:10:59 INFO     Batch: [120/938] Epoch: [0] Loss: [2.0823366612442267]
2019-07-29 15:10:59 INFO     Batch: [121/938] Epoch: [0] Loss: [2.0819005702362685]
2019-07-29 15:11:00 INFO     Batch: [122/938] Epoch: [0] Loss: [2.0805187487020724]
2019-07-29 15:11:00 INFO     Batch: [123/938] Epoch: [0] Loss: [2.079118268143746]
2019-07-29 15:11:00 INFO     Batch: [124/938] Epoch: [0] Loss: [2.0766039600372315]
2019-07-29 15:11:00 INFO     Batch: [125/938] Epoch: [0] Loss: [2.0748752260965015]
2019-07-29 15:11:00 INFO     Batch: [126/938] Epoch: [0] Loss: [2.0734783429799117]
2019-07-29 15:11:00 INFO     Batch: [127/938] Epoch: [0] Loss: [2.072675095871091]
2019-07-29 15:11:00 INFO     Batch: [128/938] Epoch: [0] Loss: [2.0713432491287707]
2019-07-29 15:11:00 INFO     Batch: [129/938] Epoch: [0] Loss: [2.07041987822606]
2019-07-29 15:11:00 INFO     Batch: [130/938] Epoch: [0] Loss: [2.0684910302853767]
2019-07-29 15:11:00 INFO     Batch: [131/938] Epoch: [0] Loss: [2.0685811485304977]
2019-07-29 15:11:00 INFO     Batch: [132/938] Epoch: [0] Loss: [2.06743143644548]
2019-07-29 15:11:01 INFO     Batch: [133/938] Epoch: [0] Loss: [2.065581598388615]
2019-07-29 15:11:01 INFO     Batch: [134/938] Epoch: [0] Loss: [2.0639151970545453]
2019-07-29 15:11:01 INFO     Batch: [135/938] Epoch: [0] Loss: [2.0620258967666065]
2019-07-29 15:11:01 INFO     Batch: [136/938] Epoch: [0] Loss: [2.0600157784719535]
2019-07-29 15:11:01 INFO     Batch: [137/938] Epoch: [0] Loss: [2.058622202147608]
2019-07-29 15:11:01 INFO     Batch: [138/938] Epoch: [0] Loss: [2.0571565516561057]
2019-07-29 15:11:01 INFO     Batch: [139/938] Epoch: [0] Loss: [2.0549298984663826]
2019-07-29 15:11:01 INFO     Batch: [140/938] Epoch: [0] Loss: [2.0536831143900014]
2019-07-29 15:11:01 INFO     Batch: [141/938] Epoch: [0] Loss: [2.051907995217283]
2019-07-29 15:11:01 INFO     Batch: [142/938] Epoch: [0] Loss: [2.050144068011037]
2019-07-29 15:11:01 INFO     Batch: [143/938] Epoch: [0] Loss: [2.0491456207301884]
2019-07-29 15:11:02 INFO     Batch: [144/938] Epoch: [0] Loss: [2.04662552208736]
2019-07-29 15:11:02 INFO     Batch: [145/938] Epoch: [0] Loss: [2.046047222124387]
2019-07-29 15:11:02 INFO     Batch: [146/938] Epoch: [0] Loss: [2.0457685577626132]
2019-07-29 15:11:02 INFO     Batch: [147/938] Epoch: [0] Loss: [2.0441508373698674]
2019-07-29 15:11:02 INFO     Batch: [148/938] Epoch: [0] Loss: [2.043695040997243]
2019-07-29 15:11:02 INFO     Batch: [149/938] Epoch: [0] Loss: [2.043615225950877]
2019-07-29 15:11:02 INFO     Batch: [150/938] Epoch: [0] Loss: [2.0420643525407804]
2019-07-29 15:11:02 INFO     Batch: [151/938] Epoch: [0] Loss: [2.0410476130874535]
2019-07-29 15:11:02 INFO     Batch: [152/938] Epoch: [0] Loss: [2.0396967386108598]
2019-07-29 15:11:02 INFO     Batch: [153/938] Epoch: [0] Loss: [2.0380421845943895]
2019-07-29 15:11:02 INFO     Batch: [154/938] Epoch: [0] Loss: [2.035591645394602]
2019-07-29 15:11:02 INFO     Batch: [155/938] Epoch: [0] Loss: [2.0352194164043818]
2019-07-29 15:11:03 INFO     Batch: [156/938] Epoch: [0] Loss: [2.034138508663056]
2019-07-29 15:11:03 INFO     Batch: [157/938] Epoch: [0] Loss: [2.0321707597261742]
2019-07-29 15:11:03 INFO     Batch: [158/938] Epoch: [0] Loss: [2.0315143357282914]
2019-07-29 15:11:03 INFO     Batch: [159/938] Epoch: [0] Loss: [2.031580317020416]
2019-07-29 15:11:03 INFO     Batch: [160/938] Epoch: [0] Loss: [2.0299658249624026]
2019-07-29 15:11:03 INFO     Batch: [161/938] Epoch: [0] Loss: [2.027574770980411]
2019-07-29 15:11:03 INFO     Batch: [162/938] Epoch: [0] Loss: [2.0249400936021393]
2019-07-29 15:11:03 INFO     Batch: [163/938] Epoch: [0] Loss: [2.0232786100085187]
2019-07-29 15:11:03 INFO     Batch: [164/938] Epoch: [0] Loss: [2.0217114383524115]
2019-07-29 15:11:03 INFO     Batch: [165/938] Epoch: [0] Loss: [2.0196365355009056]
2019-07-29 15:11:03 INFO     Batch: [166/938] Epoch: [0] Loss: [2.0192855460915022]
2019-07-29 15:11:04 INFO     Batch: [167/938] Epoch: [0] Loss: [2.0184694287322817]
2019-07-29 15:11:04 INFO     Batch: [168/938] Epoch: [0] Loss: [2.0165450650559373]
2019-07-29 15:11:04 INFO     Batch: [169/938] Epoch: [0] Loss: [2.0157097809454974]
2019-07-29 15:11:04 INFO     Batch: [170/938] Epoch: [0] Loss: [2.0154324093757316]
2019-07-29 15:11:04 INFO     Batch: [171/938] Epoch: [0] Loss: [2.0157776156137155]
2019-07-29 15:11:04 INFO     Batch: [172/938] Epoch: [0] Loss: [2.015472814526861]
2019-07-29 15:11:04 INFO     Batch: [173/938] Epoch: [0] Loss: [2.0141385334661637]
2019-07-29 15:11:04 INFO     Batch: [174/938] Epoch: [0] Loss: [2.0137078632627214]
2019-07-29 15:11:04 INFO     Batch: [175/938] Epoch: [0] Loss: [2.012827391651544]
2019-07-29 15:11:04 INFO     Batch: [176/938] Epoch: [0] Loss: [2.0117025927635237]
2019-07-29 15:11:04 INFO     Batch: [177/938] Epoch: [0] Loss: [2.0102104102627614]
2019-07-29 15:11:04 INFO     Batch: [178/938] Epoch: [0] Loss: [2.008724901263274]
2019-07-29 15:11:05 INFO     Batch: [179/938] Epoch: [0] Loss: [2.006775951385498]
2019-07-29 15:11:05 INFO     Batch: [180/938] Epoch: [0] Loss: [2.0058800199413827]
2019-07-29 15:11:05 INFO     Batch: [181/938] Epoch: [0] Loss: [2.0049092219426083]
2019-07-29 15:11:05 INFO     Batch: [182/938] Epoch: [0] Loss: [2.0040125000020845]
2019-07-29 15:11:05 INFO     Batch: [183/938] Epoch: [0] Loss: [2.0022407685932904]
2019-07-29 15:11:05 INFO     Batch: [184/938] Epoch: [0] Loss: [2.0011587929081274]
2019-07-29 15:11:05 INFO     Batch: [185/938] Epoch: [0] Loss: [2.0003492492501453]
2019-07-29 15:11:05 INFO     Batch: [186/938] Epoch: [0] Loss: [1.9992915028556784]
2019-07-29 15:11:05 INFO     Batch: [187/938] Epoch: [0] Loss: [1.998004823923111]
2019-07-29 15:11:05 INFO     Batch: [188/938] Epoch: [0] Loss: [1.9979022621477722]
2019-07-29 15:11:05 INFO     Batch: [189/938] Epoch: [0] Loss: [1.9962338773827804]
2019-07-29 15:11:06 INFO     Batch: [190/938] Epoch: [0] Loss: [1.9951691209333728]
2019-07-29 15:11:06 INFO     Batch: [191/938] Epoch: [0] Loss: [1.9934917241334915]
2019-07-29 15:11:06 INFO     Batch: [192/938] Epoch: [0] Loss: [1.9930237544015281]
2019-07-29 15:11:06 INFO     Batch: [193/938] Epoch: [0] Loss: [1.9937517747436602]
2019-07-29 15:11:06 INFO     Batch: [194/938] Epoch: [0] Loss: [1.9926663637161255]
2019-07-29 15:11:06 INFO     Batch: [195/938] Epoch: [0] Loss: [1.9909515526829933]
2019-07-29 15:11:06 INFO     Batch: [196/938] Epoch: [0] Loss: [1.9877791011393977]
2019-07-29 15:11:06 INFO     Batch: [197/938] Epoch: [0] Loss: [1.9871648477785515]
2019-07-29 15:11:06 INFO     Batch: [198/938] Epoch: [0] Loss: [1.9861823530053373]
2019-07-29 15:11:06 INFO     Batch: [199/938] Epoch: [0] Loss: [1.9850370854139328]
2019-07-29 15:11:06 INFO     Batch: [200/938] Epoch: [0] Loss: [1.9841358875160786]
2019-07-29 15:11:07 INFO     Batch: [201/938] Epoch: [0] Loss: [1.9827201047746261]
2019-07-29 15:11:07 INFO     Batch: [202/938] Epoch: [0] Loss: [1.9819710959354644]
2019-07-29 15:11:07 INFO     Batch: [203/938] Epoch: [0] Loss: [1.981504007881763]
2019-07-29 15:11:07 INFO     Batch: [204/938] Epoch: [0] Loss: [1.9803317174678896]
2019-07-29 15:11:07 INFO     Batch: [205/938] Epoch: [0] Loss: [1.9789125404311616]
2019-07-29 15:11:07 INFO     Batch: [206/938] Epoch: [0] Loss: [1.978167958881544]
2019-07-29 15:11:07 INFO     Batch: [207/938] Epoch: [0] Loss: [1.9769554424744387]
2019-07-29 15:11:07 INFO     Batch: [208/938] Epoch: [0] Loss: [1.976171587072491]
2019-07-29 15:11:07 INFO     Batch: [209/938] Epoch: [0] Loss: [1.9743902195067633]
2019-07-29 15:11:07 INFO     Batch: [210/938] Epoch: [0] Loss: [1.9727962401240924]
2019-07-29 15:11:07 INFO     Batch: [211/938] Epoch: [0] Loss: [1.971975436750448]
2019-07-29 15:11:07 INFO     Batch: [212/938] Epoch: [0] Loss: [1.9701224884516757]
2019-07-29 15:11:08 INFO     Batch: [213/938] Epoch: [0] Loss: [1.9696002407608746]
2019-07-29 15:11:08 INFO     Batch: [214/938] Epoch: [0] Loss: [1.9684049029682957]
2019-07-29 15:11:08 INFO     Batch: [215/938] Epoch: [0] Loss: [1.9674991998407576]
2019-07-29 15:11:08 INFO     Batch: [216/938] Epoch: [0] Loss: [1.9664583359995196]
2019-07-29 15:11:08 INFO     Batch: [217/938] Epoch: [0] Loss: [1.9651990702392859]
2019-07-29 15:11:08 INFO     Batch: [218/938] Epoch: [0] Loss: [1.9645783699810777]
2019-07-29 15:11:08 INFO     Batch: [219/938] Epoch: [0] Loss: [1.9638222954489968]
2019-07-29 15:11:08 INFO     Batch: [220/938] Epoch: [0] Loss: [1.9624707310447866]
2019-07-29 15:11:08 INFO     Batch: [221/938] Epoch: [0] Loss: [1.9618223057136879]
2019-07-29 15:11:08 INFO     Batch: [222/938] Epoch: [0] Loss: [1.960925595108169]
2019-07-29 15:11:08 INFO     Batch: [223/938] Epoch: [0] Loss: [1.9595938516514642]
2019-07-29 15:11:09 INFO     Batch: [224/938] Epoch: [0] Loss: [1.9580878474977281]
2019-07-29 15:11:09 INFO     Batch: [225/938] Epoch: [0] Loss: [1.956974705236148]
2019-07-29 15:11:09 INFO     Batch: [226/938] Epoch: [0] Loss: [1.9555571042493576]
2019-07-29 15:11:09 INFO     Batch: [227/938] Epoch: [0] Loss: [1.9554542700449626]
2019-07-29 15:11:09 INFO     Batch: [228/938] Epoch: [0] Loss: [1.9561329502205662]
2019-07-29 15:11:09 INFO     Batch: [229/938] Epoch: [0] Loss: [1.9543927685074185]
2019-07-29 15:11:09 INFO     Batch: [230/938] Epoch: [0] Loss: [1.9531515232928387]
2019-07-29 15:11:09 INFO     Batch: [231/938] Epoch: [0] Loss: [1.951636648897467]
2019-07-29 15:11:09 INFO     Batch: [232/938] Epoch: [0] Loss: [1.9506426169636935]
2019-07-29 15:11:09 INFO     Batch: [233/938] Epoch: [0] Loss: [1.9488679201175005]
2019-07-29 15:11:09 INFO     Batch: [234/938] Epoch: [0] Loss: [1.9476942463124052]
2019-07-29 15:11:09 INFO     Batch: [235/938] Epoch: [0] Loss: [1.9464824174420308]
2019-07-29 15:11:10 INFO     Batch: [236/938] Epoch: [0] Loss: [1.9461750355450915]
2019-07-29 15:11:10 INFO     Batch: [237/938] Epoch: [0] Loss: [1.9439883602767432]
2019-07-29 15:11:10 INFO     Batch: [238/938] Epoch: [0] Loss: [1.9423142811244503]
2019-07-29 15:11:10 INFO     Batch: [239/938] Epoch: [0] Loss: [1.941266812880834]
2019-07-29 15:11:10 INFO     Batch: [240/938] Epoch: [0] Loss: [1.940178561507419]
2019-07-29 15:11:10 INFO     Batch: [241/938] Epoch: [0] Loss: [1.9394244965442942]
2019-07-29 15:11:10 INFO     Batch: [242/938] Epoch: [0] Loss: [1.9386187678992504]
2019-07-29 15:11:10 INFO     Batch: [243/938] Epoch: [0] Loss: [1.9373514320029588]
2019-07-29 15:11:10 INFO     Batch: [244/938] Epoch: [0] Loss: [1.9354154932255647]
2019-07-29 15:11:10 INFO     Batch: [245/938] Epoch: [0] Loss: [1.9338769825493418]
2019-07-29 15:11:10 INFO     Batch: [246/938] Epoch: [0] Loss: [1.9329263285586709]
2019-07-29 15:11:11 INFO     Batch: [247/938] Epoch: [0] Loss: [1.9319121823195489]
2019-07-29 15:11:11 INFO     Batch: [248/938] Epoch: [0] Loss: [1.930611688927953]
2019-07-29 15:11:11 INFO     Batch: [249/938] Epoch: [0] Loss: [1.9289806952476503]
2019-07-29 15:11:11 INFO     Batch: [250/938] Epoch: [0] Loss: [1.9284157582013255]
2019-07-29 15:11:11 INFO     Batch: [251/938] Epoch: [0] Loss: [1.9269593353309329]
2019-07-29 15:11:11 INFO     Batch: [252/938] Epoch: [0] Loss: [1.9265064651315862]
2019-07-29 15:11:11 INFO     Batch: [253/938] Epoch: [0] Loss: [1.9246635366612532]
2019-07-29 15:11:11 INFO     Batch: [254/938] Epoch: [0] Loss: [1.9236501123390946]
2019-07-29 15:11:11 INFO     Batch: [255/938] Epoch: [0] Loss: [1.9236358138732612]
2019-07-29 15:11:11 INFO     Batch: [256/938] Epoch: [0] Loss: [1.9228689016535125]
2019-07-29 15:11:12 INFO     Batch: [257/938] Epoch: [0] Loss: [1.9210623729136562]
2019-07-29 15:11:12 INFO     Batch: [258/938] Epoch: [0] Loss: [1.9207318192743426]
2019-07-29 15:11:12 INFO     Batch: [259/938] Epoch: [0] Loss: [1.9199541307412662]
2019-07-29 15:11:12 INFO     Batch: [260/938] Epoch: [0] Loss: [1.9183922078874376]
2019-07-29 15:11:12 INFO     Batch: [261/938] Epoch: [0] Loss: [1.9162830332763323]
2019-07-29 15:11:12 INFO     Batch: [262/938] Epoch: [0] Loss: [1.9153123074158063]
2019-07-29 15:11:12 INFO     Batch: [263/938] Epoch: [0] Loss: [1.9145451815742436]
2019-07-29 15:11:12 INFO     Batch: [264/938] Epoch: [0] Loss: [1.9135245305187298]
2019-07-29 15:11:12 INFO     Batch: [265/938] Epoch: [0] Loss: [1.9123646025370835]
2019-07-29 15:11:12 INFO     Batch: [266/938] Epoch: [0] Loss: [1.9110393470592713]
2019-07-29 15:11:12 INFO     Batch: [267/938] Epoch: [0] Loss: [1.9101801234394757]
2019-07-29 15:11:13 INFO     Batch: [268/938] Epoch: [0] Loss: [1.908633518396257]
2019-07-29 15:11:13 INFO     Batch: [269/938] Epoch: [0] Loss: [1.9071214062196238]
2019-07-29 15:11:13 INFO     Batch: [270/938] Epoch: [0] Loss: [1.905635057340249]
2019-07-29 15:11:13 INFO     Batch: [271/938] Epoch: [0] Loss: [1.903832956272013]
2019-07-29 15:11:13 INFO     Batch: [272/938] Epoch: [0] Loss: [1.902213250324403]
2019-07-29 15:11:13 INFO     Batch: [273/938] Epoch: [0] Loss: [1.9015942028839223]
2019-07-29 15:11:13 INFO     Batch: [274/938] Epoch: [0] Loss: [1.901466473232616]
2019-07-29 15:11:13 INFO     Batch: [275/938] Epoch: [0] Loss: [1.9006450824115588]
2019-07-29 15:11:13 INFO     Batch: [276/938] Epoch: [0] Loss: [1.8997783273566071]
2019-07-29 15:11:13 INFO     Batch: [277/938] Epoch: [0] Loss: [1.8987795762020907]
2019-07-29 15:11:13 INFO     Batch: [278/938] Epoch: [0] Loss: [1.8985535308024362]
2019-07-29 15:11:14 INFO     Batch: [279/938] Epoch: [0] Loss: [1.8978034062044962]
2019-07-29 15:11:14 INFO     Batch: [280/938] Epoch: [0] Loss: [1.8961121429327967]
2019-07-29 15:11:14 INFO     Batch: [281/938] Epoch: [0] Loss: [1.8953085486770522]
2019-07-29 15:11:14 INFO     Batch: [282/938] Epoch: [0] Loss: [1.895234356078158]
2019-07-29 15:11:14 INFO     Batch: [283/938] Epoch: [0] Loss: [1.8946179231287728]
2019-07-29 15:11:14 INFO     Batch: [284/938] Epoch: [0] Loss: [1.8933946412906313]
2019-07-29 15:11:14 INFO     Batch: [285/938] Epoch: [0] Loss: [1.8919985452732007]
2019-07-29 15:11:14 INFO     Batch: [286/938] Epoch: [0] Loss: [1.8907819624977245]
2019-07-29 15:11:14 INFO     Batch: [287/938] Epoch: [0] Loss: [1.8892668584982555]
2019-07-29 15:11:14 INFO     Batch: [288/938] Epoch: [0] Loss: [1.8885849446161396]
2019-07-29 15:11:14 INFO     Batch: [289/938] Epoch: [0] Loss: [1.8876898296948137]
2019-07-29 15:11:14 INFO     Batch: [290/938] Epoch: [0] Loss: [1.8867930329542388]
2019-07-29 15:11:15 INFO     Batch: [291/938] Epoch: [0] Loss: [1.8853004770736173]
2019-07-29 15:11:15 INFO     Batch: [292/938] Epoch: [0] Loss: [1.883677264122426]
2019-07-29 15:11:15 INFO     Batch: [293/938] Epoch: [0] Loss: [1.8824436555103379]
2019-07-29 15:11:15 INFO     Batch: [294/938] Epoch: [0] Loss: [1.8818556587574846]
2019-07-29 15:11:15 INFO     Batch: [295/938] Epoch: [0] Loss: [1.880695100168924]
2019-07-29 15:11:15 INFO     Batch: [296/938] Epoch: [0] Loss: [1.8803041539208254]
2019-07-29 15:11:15 INFO     Batch: [297/938] Epoch: [0] Loss: [1.8790403408492171]
2019-07-29 15:11:15 INFO     Batch: [298/938] Epoch: [0] Loss: [1.8774733706860238]
2019-07-29 15:11:15 INFO     Batch: [299/938] Epoch: [0] Loss: [1.8759638384977977]
2019-07-29 15:11:15 INFO     Batch: [300/938] Epoch: [0] Loss: [1.8749885444229228]
2019-07-29 15:11:15 INFO     Batch: [301/938] Epoch: [0] Loss: [1.8747039982025198]
2019-07-29 15:11:16 INFO     Batch: [302/938] Epoch: [0] Loss: [1.8730761178649298]
2019-07-29 15:11:16 INFO     Batch: [303/938] Epoch: [0] Loss: [1.8716447580801814]
2019-07-29 15:11:16 INFO     Batch: [304/938] Epoch: [0] Loss: [1.8706020343499106]
2019-07-29 15:11:16 INFO     Batch: [305/938] Epoch: [0] Loss: [1.8698361956216152]
2019-07-29 15:11:16 INFO     Batch: [306/938] Epoch: [0] Loss: [1.869219394770818]
2019-07-29 15:11:16 INFO     Batch: [307/938] Epoch: [0] Loss: [1.8682507462315745]
2019-07-29 15:11:16 INFO     Batch: [308/938] Epoch: [0] Loss: [1.867349089542253]
2019-07-29 15:11:16 INFO     Batch: [309/938] Epoch: [0] Loss: [1.8661209690955378]
2019-07-29 15:11:16 INFO     Batch: [310/938] Epoch: [0] Loss: [1.8652701699848726]
2019-07-29 15:11:16 INFO     Batch: [311/938] Epoch: [0] Loss: [1.863997606894909]
2019-07-29 15:11:16 INFO     Batch: [312/938] Epoch: [0] Loss: [1.862768781070892]
2019-07-29 15:11:17 INFO     Batch: [313/938] Epoch: [0] Loss: [1.8624677198707678]
2019-07-29 15:11:17 INFO     Batch: [314/938] Epoch: [0] Loss: [1.8610946027059403]
2019-07-29 15:11:17 INFO     Batch: [315/938] Epoch: [0] Loss: [1.8604622939719428]
2019-07-29 15:11:17 INFO     Batch: [316/938] Epoch: [0] Loss: [1.8597674320924922]
2019-07-29 15:11:17 INFO     Batch: [317/938] Epoch: [0] Loss: [1.8582919985993103]
2019-07-29 15:11:17 INFO     Batch: [318/938] Epoch: [0] Loss: [1.8570248961074973]
2019-07-29 15:11:17 INFO     Batch: [319/938] Epoch: [0] Loss: [1.8566724888980388]
2019-07-29 15:11:17 INFO     Batch: [320/938] Epoch: [0] Loss: [1.8559296227689843]
2019-07-29 15:11:17 INFO     Batch: [321/938] Epoch: [0] Loss: [1.8546019703705119]
2019-07-29 15:11:17 INFO     Batch: [322/938] Epoch: [0] Loss: [1.8533695172230156]
2019-07-29 15:11:17 INFO     Batch: [323/938] Epoch: [0] Loss: [1.8524727920691173]
2019-07-29 15:11:17 INFO     Batch: [324/938] Epoch: [0] Loss: [1.8514330533834604]
2019-07-29 15:11:18 INFO     Batch: [325/938] Epoch: [0] Loss: [1.8507906476412814]
2019-07-29 15:11:18 INFO     Batch: [326/938] Epoch: [0] Loss: [1.849325613144341]
2019-07-29 15:11:18 INFO     Batch: [327/938] Epoch: [0] Loss: [1.848307242844163]
2019-07-29 15:11:18 INFO     Batch: [328/938] Epoch: [0] Loss: [1.8471835974864321]
2019-07-29 15:11:18 INFO     Batch: [329/938] Epoch: [0] Loss: [1.84603950399341]
2019-07-29 15:11:18 INFO     Batch: [330/938] Epoch: [0] Loss: [1.8451333290860732]
2019-07-29 15:11:18 INFO     Batch: [331/938] Epoch: [0] Loss: [1.844262971935502]
2019-07-29 15:11:18 INFO     Batch: [332/938] Epoch: [0] Loss: [1.8437993891604312]
2019-07-29 15:11:18 INFO     Batch: [333/938] Epoch: [0] Loss: [1.8437381297528386]
2019-07-29 15:11:18 INFO     Batch: [334/938] Epoch: [0] Loss: [1.8423163495846648]
2019-07-29 15:11:18 INFO     Batch: [335/938] Epoch: [0] Loss: [1.8413426652550697]
2019-07-29 15:11:19 INFO     Batch: [336/938] Epoch: [0] Loss: [1.8406305327259822]
2019-07-29 15:11:19 INFO     Batch: [337/938] Epoch: [0] Loss: [1.839463305896556]
2019-07-29 15:11:19 INFO     Batch: [338/938] Epoch: [0] Loss: [1.8382950722292108]
2019-07-29 15:11:19 INFO     Batch: [339/938] Epoch: [0] Loss: [1.8372600930578569]
2019-07-29 15:11:19 INFO     Batch: [340/938] Epoch: [0] Loss: [1.8367012560891964]
2019-07-29 15:11:19 INFO     Batch: [341/938] Epoch: [0] Loss: [1.835848651782811]
2019-07-29 15:11:19 INFO     Batch: [342/938] Epoch: [0] Loss: [1.834464321331102]
2019-07-29 15:11:19 INFO     Batch: [343/938] Epoch: [0] Loss: [1.8334498013867888]
2019-07-29 15:11:19 INFO     Batch: [344/938] Epoch: [0] Loss: [1.8324346801509028]
2019-07-29 15:11:19 INFO     Batch: [345/938] Epoch: [0] Loss: [1.8314115746172865]
2019-07-29 15:11:20 INFO     Batch: [346/938] Epoch: [0] Loss: [1.8302241048483066]
2019-07-29 15:11:20 INFO     Batch: [347/938] Epoch: [0] Loss: [1.8289393601061283]
2019-07-29 15:11:20 INFO     Batch: [348/938] Epoch: [0] Loss: [1.8277021093149923]
2019-07-29 15:11:20 INFO     Batch: [349/938] Epoch: [0] Loss: [1.8272203152520317]
2019-07-29 15:11:20 INFO     Batch: [350/938] Epoch: [0] Loss: [1.8261610116714087]
2019-07-29 15:11:20 INFO     Batch: [351/938] Epoch: [0] Loss: [1.825510962781581]
2019-07-29 15:11:20 INFO     Batch: [352/938] Epoch: [0] Loss: [1.8246374792147628]
2019-07-29 15:11:20 INFO     Batch: [353/938] Epoch: [0] Loss: [1.8235513180662684]
2019-07-29 15:11:20 INFO     Batch: [354/938] Epoch: [0] Loss: [1.8228343641254263]
2019-07-29 15:11:20 INFO     Batch: [355/938] Epoch: [0] Loss: [1.821710464324844]
2019-07-29 15:11:20 INFO     Batch: [356/938] Epoch: [0] Loss: [1.8204711845942907]
2019-07-29 15:11:20 INFO     Batch: [357/938] Epoch: [0] Loss: [1.8198334781151244]
2019-07-29 15:11:21 INFO     Batch: [358/938] Epoch: [0] Loss: [1.8183237314224243]
2019-07-29 15:11:21 INFO     Batch: [359/938] Epoch: [0] Loss: [1.8172839250829484]
2019-07-29 15:11:21 INFO     Batch: [360/938] Epoch: [0] Loss: [1.8164119410052524]
2019-07-29 15:11:21 INFO     Batch: [361/938] Epoch: [0] Loss: [1.8154080296089636]
2019-07-29 15:11:21 INFO     Batch: [362/938] Epoch: [0] Loss: [1.8139517077401321]
2019-07-29 15:11:21 INFO     Batch: [363/938] Epoch: [0] Loss: [1.8127350067044352]
2019-07-29 15:11:21 INFO     Batch: [364/938] Epoch: [0] Loss: [1.8125800211135654]
2019-07-29 15:11:21 INFO     Batch: [365/938] Epoch: [0] Loss: [1.8117830359219202]
2019-07-29 15:11:21 INFO     Batch: [366/938] Epoch: [0] Loss: [1.810552640896727]
2019-07-29 15:11:21 INFO     Batch: [367/938] Epoch: [0] Loss: [1.8094618045117543]
2019-07-29 15:11:21 INFO     Batch: [368/938] Epoch: [0] Loss: [1.8088934660604006]
2019-07-29 15:11:22 INFO     Batch: [369/938] Epoch: [0] Loss: [1.8085579688484605]
2019-07-29 15:11:22 INFO     Batch: [370/938] Epoch: [0] Loss: [1.8076026439666748]
2019-07-29 15:11:22 INFO     Batch: [371/938] Epoch: [0] Loss: [1.8064065511508653]
2019-07-29 15:11:22 INFO     Batch: [372/938] Epoch: [0] Loss: [1.8057303329575158]
2019-07-29 15:11:22 INFO     Batch: [373/938] Epoch: [0] Loss: [1.805478536827679]
2019-07-29 15:11:22 INFO     Batch: [374/938] Epoch: [0] Loss: [1.8044942553838095]
2019-07-29 15:11:22 INFO     Batch: [375/938] Epoch: [0] Loss: [1.8030445417191119]
2019-07-29 15:11:22 INFO     Batch: [376/938] Epoch: [0] Loss: [1.8022917657695334]
2019-07-29 15:11:22 INFO     Batch: [377/938] Epoch: [0] Loss: [1.8013238559955012]
2019-07-29 15:11:22 INFO     Batch: [378/938] Epoch: [0] Loss: [1.8001279764879976]
2019-07-29 15:11:22 INFO     Batch: [379/938] Epoch: [0] Loss: [1.7991449547441383]
2019-07-29 15:11:23 INFO     Batch: [380/938] Epoch: [0] Loss: [1.7982906444179105]
2019-07-29 15:11:23 INFO     Batch: [381/938] Epoch: [0] Loss: [1.7975576938134838]
2019-07-29 15:11:23 INFO     Batch: [382/938] Epoch: [0] Loss: [1.7961338276028944]
2019-07-29 15:11:23 INFO     Batch: [383/938] Epoch: [0] Loss: [1.7950286070505779]
2019-07-29 15:11:23 INFO     Batch: [384/938] Epoch: [0] Loss: [1.7948259198820435]
2019-07-29 15:11:23 INFO     Batch: [385/938] Epoch: [0] Loss: [1.794438832782093]
2019-07-29 15:11:23 INFO     Batch: [386/938] Epoch: [0] Loss: [1.7937551040674056]
2019-07-29 15:11:23 INFO     Batch: [387/938] Epoch: [0] Loss: [1.7925014929058625]
2019-07-29 15:11:23 INFO     Batch: [388/938] Epoch: [0] Loss: [1.7916353971608807]
2019-07-29 15:11:23 INFO     Batch: [389/938] Epoch: [0] Loss: [1.7905865048750853]
2019-07-29 15:11:23 INFO     Batch: [390/938] Epoch: [0] Loss: [1.7893547792263957]
2019-07-29 15:11:24 INFO     Batch: [391/938] Epoch: [0] Loss: [1.7879920951565917]
2019-07-29 15:11:24 INFO     Batch: [392/938] Epoch: [0] Loss: [1.7876752032578447]
2019-07-29 15:11:24 INFO     Batch: [393/938] Epoch: [0] Loss: [1.7866232594862808]
2019-07-29 15:11:24 INFO     Batch: [394/938] Epoch: [0] Loss: [1.7855509528630897]
2019-07-29 15:11:24 INFO     Batch: [395/938] Epoch: [0] Loss: [1.7847720324391065]
2019-07-29 15:11:24 INFO     Batch: [396/938] Epoch: [0] Loss: [1.783399948545307]
2019-07-29 15:11:24 INFO     Batch: [397/938] Epoch: [0] Loss: [1.782298983940527]
2019-07-29 15:11:24 INFO     Batch: [398/938] Epoch: [0] Loss: [1.7810640248439664]
2019-07-29 15:11:24 INFO     Batch: [399/938] Epoch: [0] Loss: [1.7801114410161971]
2019-07-29 15:11:24 INFO     Batch: [400/938] Epoch: [0] Loss: [1.7793990941416296]
2019-07-29 15:11:24 INFO     Batch: [401/938] Epoch: [0] Loss: [1.7783505516265756]
2019-07-29 15:11:25 INFO     Batch: [402/938] Epoch: [0] Loss: [1.77702118445271]
2019-07-29 15:11:25 INFO     Batch: [403/938] Epoch: [0] Loss: [1.7763045787221134]
2019-07-29 15:11:25 INFO     Batch: [404/938] Epoch: [0] Loss: [1.7754230628778904]
2019-07-29 15:11:25 INFO     Batch: [405/938] Epoch: [0] Loss: [1.7743630300601716]
2019-07-29 15:11:25 INFO     Batch: [406/938] Epoch: [0] Loss: [1.7734123450825197]
2019-07-29 15:11:25 INFO     Batch: [407/938] Epoch: [0] Loss: [1.7723467358771492]
2019-07-29 15:11:25 INFO     Batch: [408/938] Epoch: [0] Loss: [1.7711045677912556]
2019-07-29 15:11:25 INFO     Batch: [409/938] Epoch: [0] Loss: [1.7701755090457638]
2019-07-29 15:11:25 INFO     Batch: [410/938] Epoch: [0] Loss: [1.7689747520316836]
2019-07-29 15:11:25 INFO     Batch: [411/938] Epoch: [0] Loss: [1.7681969265335973]
2019-07-29 15:11:25 INFO     Batch: [412/938] Epoch: [0] Loss: [1.7674830343763708]
2019-07-29 15:11:25 INFO     Batch: [413/938] Epoch: [0] Loss: [1.7660765495277257]
2019-07-29 15:11:26 INFO     Batch: [414/938] Epoch: [0] Loss: [1.7652102329644812]
2019-07-29 15:11:26 INFO     Batch: [415/938] Epoch: [0] Loss: [1.7642833398511777]
2019-07-29 15:11:26 INFO     Batch: [416/938] Epoch: [0] Loss: [1.7636047744636627]
2019-07-29 15:11:26 INFO     Batch: [417/938] Epoch: [0] Loss: [1.762803358039217]
2019-07-29 15:11:26 INFO     Batch: [418/938] Epoch: [0] Loss: [1.7621259805979763]
2019-07-29 15:11:26 INFO     Batch: [419/938] Epoch: [0] Loss: [1.762165781997499]
2019-07-29 15:11:26 INFO     Batch: [420/938] Epoch: [0] Loss: [1.7615227237733129]
2019-07-29 15:11:26 INFO     Batch: [421/938] Epoch: [0] Loss: [1.7602861642272551]
2019-07-29 15:11:26 INFO     Batch: [422/938] Epoch: [0] Loss: [1.7595570738433945]
2019-07-29 15:11:26 INFO     Batch: [423/938] Epoch: [0] Loss: [1.7586451594559651]
2019-07-29 15:11:26 INFO     Batch: [424/938] Epoch: [0] Loss: [1.757778154260972]
2019-07-29 15:11:27 INFO     Batch: [425/938] Epoch: [0] Loss: [1.7566960311271775]
2019-07-29 15:11:27 INFO     Batch: [426/938] Epoch: [0] Loss: [1.7556336559791477]
2019-07-29 15:11:27 INFO     Batch: [427/938] Epoch: [0] Loss: [1.7550377920966282]
2019-07-29 15:11:27 INFO     Batch: [428/938] Epoch: [0] Loss: [1.7543536997063733]
2019-07-29 15:11:27 INFO     Batch: [429/938] Epoch: [0] Loss: [1.7538102036298708]
2019-07-29 15:11:27 INFO     Batch: [430/938] Epoch: [0] Loss: [1.7527334961149919]
2019-07-29 15:11:27 INFO     Batch: [431/938] Epoch: [0] Loss: [1.751903546905076]
2019-07-29 15:11:27 INFO     Batch: [432/938] Epoch: [0] Loss: [1.7507738040170824]
2019-07-29 15:11:27 INFO     Batch: [433/938] Epoch: [0] Loss: [1.7502595493870396]
2019-07-29 15:11:27 INFO     Batch: [434/938] Epoch: [0] Loss: [1.749828792166436]
2019-07-29 15:11:27 INFO     Batch: [435/938] Epoch: [0] Loss: [1.748734467073318]
2019-07-29 15:11:28 INFO     Batch: [436/938] Epoch: [0] Loss: [1.7480721689198055]
2019-07-29 15:11:28 INFO     Batch: [437/938] Epoch: [0] Loss: [1.7472528905084688]
2019-07-29 15:11:28 INFO     Batch: [438/938] Epoch: [0] Loss: [1.7464046046511188]
2019-07-29 15:11:28 INFO     Batch: [439/938] Epoch: [0] Loss: [1.7460863582112573]
2019-07-29 15:11:28 INFO     Batch: [440/938] Epoch: [0] Loss: [1.7456019732957524]
2019-07-29 15:11:28 INFO     Batch: [441/938] Epoch: [0] Loss: [1.7447539279363813]
2019-07-29 15:11:28 INFO     Batch: [442/938] Epoch: [0] Loss: [1.74375768520493]
2019-07-29 15:11:28 INFO     Batch: [443/938] Epoch: [0] Loss: [1.7427162667652507]
2019-07-29 15:11:28 INFO     Batch: [444/938] Epoch: [0] Loss: [1.7412720573082399]
2019-07-29 15:11:28 INFO     Batch: [445/938] Epoch: [0] Loss: [1.740730331884906]
2019-07-29 15:11:28 INFO     Batch: [446/938] Epoch: [0] Loss: [1.740302481907326]
2019-07-29 15:11:29 INFO     Batch: [447/938] Epoch: [0] Loss: [1.739749242950763]
2019-07-29 15:11:29 INFO     Batch: [448/938] Epoch: [0] Loss: [1.7383013167200747]
2019-07-29 15:11:29 INFO     Batch: [449/938] Epoch: [0] Loss: [1.737441171805064]
2019-07-29 15:11:29 INFO     Batch: [450/938] Epoch: [0] Loss: [1.7364135333016812]
2019-07-29 15:11:29 INFO     Batch: [451/938] Epoch: [0] Loss: [1.7355037985649784]
2019-07-29 15:11:29 INFO     Batch: [452/938] Epoch: [0] Loss: [1.734715811990481]
2019-07-29 15:11:29 INFO     Batch: [453/938] Epoch: [0] Loss: [1.7338089394149276]
2019-07-29 15:11:29 INFO     Batch: [454/938] Epoch: [0] Loss: [1.7333008716394613]
2019-07-29 15:11:29 INFO     Batch: [455/938] Epoch: [0] Loss: [1.7324468028127102]
2019-07-29 15:11:29 INFO     Batch: [456/938] Epoch: [0] Loss: [1.7313214180506031]
2019-07-29 15:11:29 INFO     Batch: [457/938] Epoch: [0] Loss: [1.730336792344089]
2019-07-29 15:11:30 INFO     Batch: [458/938] Epoch: [0] Loss: [1.72934086520168]
2019-07-29 15:11:30 INFO     Batch: [459/938] Epoch: [0] Loss: [1.72814397138098]
2019-07-29 15:11:30 INFO     Batch: [460/938] Epoch: [0] Loss: [1.7272734243802548]
2019-07-29 15:11:30 INFO     Batch: [461/938] Epoch: [0] Loss: [1.7267431418100994]
2019-07-29 15:11:30 INFO     Batch: [462/938] Epoch: [0] Loss: [1.7257483414903316]
2019-07-29 15:11:30 INFO     Batch: [463/938] Epoch: [0] Loss: [1.724749494729371]
2019-07-29 15:11:30 INFO     Batch: [464/938] Epoch: [0] Loss: [1.724151393675035]
2019-07-29 15:11:30 INFO     Batch: [465/938] Epoch: [0] Loss: [1.723334761392405]
2019-07-29 15:11:30 INFO     Batch: [466/938] Epoch: [0] Loss: [1.722332391034357]
2019-07-29 15:11:30 INFO     Batch: [467/938] Epoch: [0] Loss: [1.7215378190207684]
2019-07-29 15:11:30 INFO     Batch: [468/938] Epoch: [0] Loss: [1.7206601689873473]
2019-07-29 15:11:31 INFO     Batch: [469/938] Epoch: [0] Loss: [1.7197984449406887]
2019-07-29 15:11:31 INFO     Batch: [470/938] Epoch: [0] Loss: [1.7188155339781646]
2019-07-29 15:11:31 INFO     Batch: [471/938] Epoch: [0] Loss: [1.7177213374841012]
2019-07-29 15:11:31 INFO     Batch: [472/938] Epoch: [0] Loss: [1.7169218511964504]
2019-07-29 15:11:31 INFO     Batch: [473/938] Epoch: [0] Loss: [1.7165306831713971]
2019-07-29 15:11:31 INFO     Batch: [474/938] Epoch: [0] Loss: [1.7156043439162405]
2019-07-29 15:11:31 INFO     Batch: [475/938] Epoch: [0] Loss: [1.7149681028197794]
2019-07-29 15:11:31 INFO     Batch: [476/938] Epoch: [0] Loss: [1.7138327052758175]
2019-07-29 15:11:31 INFO     Batch: [477/938] Epoch: [0] Loss: [1.713121057554269]
2019-07-29 15:11:31 INFO     Batch: [478/938] Epoch: [0] Loss: [1.7123130500192185]
2019-07-29 15:11:31 INFO     Batch: [479/938] Epoch: [0] Loss: [1.71131462007761]
2019-07-29 15:11:32 INFO     Batch: [480/938] Epoch: [0] Loss: [1.7103926478701172]
2019-07-29 15:11:32 INFO     Batch: [481/938] Epoch: [0] Loss: [1.7094107980055433]
2019-07-29 15:11:32 INFO     Batch: [482/938] Epoch: [0] Loss: [1.708372419912129]
2019-07-29 15:11:32 INFO     Batch: [483/938] Epoch: [0] Loss: [1.7076702452888173]
2019-07-29 15:11:32 INFO     Batch: [484/938] Epoch: [0] Loss: [1.7066260259176038]
2019-07-29 15:11:32 INFO     Batch: [485/938] Epoch: [0] Loss: [1.705731693854548]
2019-07-29 15:11:32 INFO     Batch: [486/938] Epoch: [0] Loss: [1.7048835392115786]
2019-07-29 15:11:32 INFO     Batch: [487/938] Epoch: [0] Loss: [1.7041005738934532]
2019-07-29 15:11:32 INFO     Batch: [488/938] Epoch: [0] Loss: [1.7032044075261839]
2019-07-29 15:11:32 INFO     Batch: [489/938] Epoch: [0] Loss: [1.7025211888916638]
2019-07-29 15:11:32 INFO     Batch: [490/938] Epoch: [0] Loss: [1.7016056392440486]
2019-07-29 15:11:32 INFO     Batch: [491/938] Epoch: [0] Loss: [1.7005468560912744]
2019-07-29 15:11:33 INFO     Batch: [492/938] Epoch: [0] Loss: [1.6996322190785746]
2019-07-29 15:11:33 INFO     Batch: [493/938] Epoch: [0] Loss: [1.6987676432258205]
2019-07-29 15:11:33 INFO     Batch: [494/938] Epoch: [0] Loss: [1.6975607467420173]
2019-07-29 15:11:33 INFO     Batch: [495/938] Epoch: [0] Loss: [1.6964902101505188]
2019-07-29 15:11:33 INFO     Batch: [496/938] Epoch: [0] Loss: [1.6953747409210358]
2019-07-29 15:11:33 INFO     Batch: [497/938] Epoch: [0] Loss: [1.6946754357422211]
2019-07-29 15:11:33 INFO     Batch: [498/938] Epoch: [0] Loss: [1.693824466579185]
2019-07-29 15:11:33 INFO     Batch: [499/938] Epoch: [0] Loss: [1.6927594835758208]
2019-07-29 15:11:33 INFO     Batch: [500/938] Epoch: [0] Loss: [1.6919947053619964]
2019-07-29 15:11:33 INFO     Batch: [501/938] Epoch: [0] Loss: [1.6915521369987274]
2019-07-29 15:11:33 INFO     Batch: [502/938] Epoch: [0] Loss: [1.6908560924928184]
2019-07-29 15:11:34 INFO     Batch: [503/938] Epoch: [0] Loss: [1.6902145492652105]
2019-07-29 15:11:34 INFO     Batch: [504/938] Epoch: [0] Loss: [1.689184886158103]
2019-07-29 15:11:34 INFO     Batch: [505/938] Epoch: [0] Loss: [1.688322151838084]
2019-07-29 15:11:34 INFO     Batch: [506/938] Epoch: [0] Loss: [1.6875911661859095]
2019-07-29 15:11:34 INFO     Batch: [507/938] Epoch: [0] Loss: [1.687075997431447]
2019-07-29 15:11:34 INFO     Batch: [508/938] Epoch: [0] Loss: [1.6860954382096387]
2019-07-29 15:11:34 INFO     Batch: [509/938] Epoch: [0] Loss: [1.6854851287953994]
2019-07-29 15:11:34 INFO     Batch: [510/938] Epoch: [0] Loss: [1.6849008047417418]
2019-07-29 15:11:34 INFO     Batch: [511/938] Epoch: [0] Loss: [1.6840126302558929]
2019-07-29 15:11:34 INFO     Batch: [512/938] Epoch: [0] Loss: [1.6832024642133805]
2019-07-29 15:11:34 INFO     Batch: [513/938] Epoch: [0] Loss: [1.6825368293064578]
2019-07-29 15:11:35 INFO     Batch: [514/938] Epoch: [0] Loss: [1.6815941768942528]
2019-07-29 15:11:35 INFO     Batch: [515/938] Epoch: [0] Loss: [1.6805307966794154]
2019-07-29 15:11:35 INFO     Batch: [516/938] Epoch: [0] Loss: [1.6797914168359693]
2019-07-29 15:11:35 INFO     Batch: [517/938] Epoch: [0] Loss: [1.6790801967893327]
2019-07-29 15:11:35 INFO     Batch: [518/938] Epoch: [0] Loss: [1.6780908888704744]
2019-07-29 15:11:35 INFO     Batch: [519/938] Epoch: [0] Loss: [1.6775726806658966]
2019-07-29 15:11:35 INFO     Batch: [520/938] Epoch: [0] Loss: [1.6767858353777718]
2019-07-29 15:11:35 INFO     Batch: [521/938] Epoch: [0] Loss: [1.6758906409658234]
2019-07-29 15:11:35 INFO     Batch: [522/938] Epoch: [0] Loss: [1.6749336147399523]
2019-07-29 15:11:35 INFO     Batch: [523/938] Epoch: [0] Loss: [1.6741827291841724]
2019-07-29 15:11:35 INFO     Batch: [524/938] Epoch: [0] Loss: [1.6731196437563216]
2019-07-29 15:11:36 INFO     Batch: [525/938] Epoch: [0] Loss: [1.6723360226634791]
2019-07-29 15:11:36 INFO     Batch: [526/938] Epoch: [0] Loss: [1.6715727626033254]
2019-07-29 15:11:36 INFO     Batch: [527/938] Epoch: [0] Loss: [1.6709295131943442]
2019-07-29 15:11:36 INFO     Batch: [528/938] Epoch: [0] Loss: [1.6701106493324323]
2019-07-29 15:11:36 INFO     Batch: [529/938] Epoch: [0] Loss: [1.6692151375536648]
2019-07-29 15:11:36 INFO     Batch: [530/938] Epoch: [0] Loss: [1.66853087949663]
2019-07-29 15:11:36 INFO     Batch: [531/938] Epoch: [0] Loss: [1.6678745668185384]
2019-07-29 15:11:36 INFO     Batch: [532/938] Epoch: [0] Loss: [1.667238604731676]
2019-07-29 15:11:36 INFO     Batch: [533/938] Epoch: [0] Loss: [1.6663363732202223]
2019-07-29 15:11:36 INFO     Batch: [534/938] Epoch: [0] Loss: [1.6656944196914958]
2019-07-29 15:11:36 INFO     Batch: [535/938] Epoch: [0] Loss: [1.664761590646274]
2019-07-29 15:11:37 INFO     Batch: [536/938] Epoch: [0] Loss: [1.6641873099062474]
2019-07-29 15:11:37 INFO     Batch: [537/938] Epoch: [0] Loss: [1.6635191192414238]
2019-07-29 15:11:37 INFO     Batch: [538/938] Epoch: [0] Loss: [1.6627113900954293]
2019-07-29 15:11:37 INFO     Batch: [539/938] Epoch: [0] Loss: [1.6618398171884041]
2019-07-29 15:11:37 INFO     Batch: [540/938] Epoch: [0] Loss: [1.6613108483788708]
2019-07-29 15:11:37 INFO     Batch: [541/938] Epoch: [0] Loss: [1.660285151972542]
2019-07-29 15:11:37 INFO     Batch: [542/938] Epoch: [0] Loss: [1.6593517651215444]
2019-07-29 15:11:37 INFO     Batch: [543/938] Epoch: [0] Loss: [1.6583182951983284]
2019-07-29 15:11:37 INFO     Batch: [544/938] Epoch: [0] Loss: [1.6580067199304562]
2019-07-29 15:11:37 INFO     Batch: [545/938] Epoch: [0] Loss: [1.6573578931473114]
2019-07-29 15:11:37 INFO     Batch: [546/938] Epoch: [0] Loss: [1.6564365466290463]
2019-07-29 15:11:37 INFO     Batch: [547/938] Epoch: [0] Loss: [1.655955640721495]
2019-07-29 15:11:38 INFO     Batch: [548/938] Epoch: [0] Loss: [1.6551371439341422]
2019-07-29 15:11:38 INFO     Batch: [549/938] Epoch: [0] Loss: [1.6544180130958557]
2019-07-29 15:11:38 INFO     Batch: [550/938] Epoch: [0] Loss: [1.6540038468833411]
2019-07-29 15:11:38 INFO     Batch: [551/938] Epoch: [0] Loss: [1.6529301415750945]
2019-07-29 15:11:38 INFO     Batch: [552/938] Epoch: [0] Loss: [1.6523811610223587]
2019-07-29 15:11:38 INFO     Batch: [553/938] Epoch: [0] Loss: [1.6516255110179474]
2019-07-29 15:11:38 INFO     Batch: [554/938] Epoch: [0] Loss: [1.6509141412941186]
2019-07-29 15:11:38 INFO     Batch: [555/938] Epoch: [0] Loss: [1.6502449394558831]
2019-07-29 15:11:38 INFO     Batch: [556/938] Epoch: [0] Loss: [1.6494667035672994]
2019-07-29 15:11:38 INFO     Batch: [557/938] Epoch: [0] Loss: [1.6488979642536479]
2019-07-29 15:11:38 INFO     Batch: [558/938] Epoch: [0] Loss: [1.648632315062453]
2019-07-29 15:11:39 INFO     Batch: [559/938] Epoch: [0] Loss: [1.6477441604648317]
2019-07-29 15:11:39 INFO     Batch: [560/938] Epoch: [0] Loss: [1.6469319767705473]
2019-07-29 15:11:39 INFO     Batch: [561/938] Epoch: [0] Loss: [1.6459685377378905]
2019-07-29 15:11:39 INFO     Batch: [562/938] Epoch: [0] Loss: [1.6450459444713423]
2019-07-29 15:11:39 INFO     Batch: [563/938] Epoch: [0] Loss: [1.6443677629139406]
2019-07-29 15:11:39 INFO     Batch: [564/938] Epoch: [0] Loss: [1.6432336355732606]
2019-07-29 15:11:39 INFO     Batch: [565/938] Epoch: [0] Loss: [1.6426776169466888]
2019-07-29 15:11:39 INFO     Batch: [566/938] Epoch: [0] Loss: [1.6418920381149076]
2019-07-29 15:11:39 INFO     Batch: [567/938] Epoch: [0] Loss: [1.6410843891576983]
2019-07-29 15:11:39 INFO     Batch: [568/938] Epoch: [0] Loss: [1.6402704078828514]
2019-07-29 15:11:39 INFO     Batch: [569/938] Epoch: [0] Loss: [1.6396859666757417]
2019-07-29 15:11:40 INFO     Batch: [570/938] Epoch: [0] Loss: [1.6392338225803944]
2019-07-29 15:11:40 INFO     Batch: [571/938] Epoch: [0] Loss: [1.638380979532962]
2019-07-29 15:11:40 INFO     Batch: [572/938] Epoch: [0] Loss: [1.637771255058768]
2019-07-29 15:11:40 INFO     Batch: [573/938] Epoch: [0] Loss: [1.6370637084548898]
2019-07-29 15:11:40 INFO     Batch: [574/938] Epoch: [0] Loss: [1.6364131728462552]
2019-07-29 15:11:40 INFO     Batch: [575/938] Epoch: [0] Loss: [1.6355898746599753]
2019-07-29 15:11:40 INFO     Batch: [576/938] Epoch: [0] Loss: [1.6347512758790517]
2019-07-29 15:11:40 INFO     Batch: [577/938] Epoch: [0] Loss: [1.6341705433637626]
2019-07-29 15:11:40 INFO     Batch: [578/938] Epoch: [0] Loss: [1.6336395264907204]
2019-07-29 15:11:40 INFO     Batch: [579/938] Epoch: [0] Loss: [1.6327681481838225]
2019-07-29 15:11:40 INFO     Batch: [580/938] Epoch: [0] Loss: [1.631993434925703]
2019-07-29 15:11:41 INFO     Batch: [581/938] Epoch: [0] Loss: [1.6312715894577838]
2019-07-29 15:11:41 INFO     Batch: [582/938] Epoch: [0] Loss: [1.6308812874259098]
2019-07-29 15:11:41 INFO     Batch: [583/938] Epoch: [0] Loss: [1.6301788359063945]
2019-07-29 15:11:41 INFO     Batch: [584/938] Epoch: [0] Loss: [1.629616963557708]
2019-07-29 15:11:41 INFO     Batch: [585/938] Epoch: [0] Loss: [1.6291988730023745]
2019-07-29 15:11:41 INFO     Batch: [586/938] Epoch: [0] Loss: [1.6285862374346343]
2019-07-29 15:11:41 INFO     Batch: [587/938] Epoch: [0] Loss: [1.6278127364966335]
2019-07-29 15:11:41 INFO     Batch: [588/938] Epoch: [0] Loss: [1.6271250519161515]
2019-07-29 15:11:41 INFO     Batch: [589/938] Epoch: [0] Loss: [1.6267191339347322]
2019-07-29 15:11:41 INFO     Batch: [590/938] Epoch: [0] Loss: [1.6261347312410874]
2019-07-29 15:11:41 INFO     Batch: [591/938] Epoch: [0] Loss: [1.625467477215303]
2019-07-29 15:11:42 INFO     Batch: [592/938] Epoch: [0] Loss: [1.6246711512239145]
2019-07-29 15:11:42 INFO     Batch: [593/938] Epoch: [0] Loss: [1.6240342522309685]
2019-07-29 15:11:42 INFO     Batch: [594/938] Epoch: [0] Loss: [1.6231790652796]
2019-07-29 15:11:42 INFO     Batch: [595/938] Epoch: [0] Loss: [1.623061834165714]
2019-07-29 15:11:42 INFO     Batch: [596/938] Epoch: [0] Loss: [1.6222788121432714]
2019-07-29 15:11:42 INFO     Batch: [597/938] Epoch: [0] Loss: [1.6213941775436784]
2019-07-29 15:11:42 INFO     Batch: [598/938] Epoch: [0] Loss: [1.6208352497304621]
2019-07-29 15:11:42 INFO     Batch: [599/938] Epoch: [0] Loss: [1.6199297477801642]
2019-07-29 15:11:42 INFO     Batch: [600/938] Epoch: [0] Loss: [1.6193931927895189]
2019-07-29 15:11:42 INFO     Batch: [601/938] Epoch: [0] Loss: [1.6187091907393496]
2019-07-29 15:11:42 INFO     Batch: [602/938] Epoch: [0] Loss: [1.6180371455292204]
2019-07-29 15:11:43 INFO     Batch: [603/938] Epoch: [0] Loss: [1.6172570025684028]
2019-07-29 15:11:43 INFO     Batch: [604/938] Epoch: [0] Loss: [1.616438934822713]
2019-07-29 15:11:43 INFO     Batch: [605/938] Epoch: [0] Loss: [1.6159969477763665]
2019-07-29 15:11:43 INFO     Batch: [606/938] Epoch: [0] Loss: [1.6155296340216523]
2019-07-29 15:11:43 INFO     Batch: [607/938] Epoch: [0] Loss: [1.6146911439534866]
2019-07-29 15:11:43 INFO     Batch: [608/938] Epoch: [0] Loss: [1.6141009596964018]
2019-07-29 15:11:43 INFO     Batch: [609/938] Epoch: [0] Loss: [1.6135447478685223]
2019-07-29 15:11:43 INFO     Batch: [610/938] Epoch: [0] Loss: [1.612764157562131]
2019-07-29 15:11:43 INFO     Batch: [611/938] Epoch: [0] Loss: [1.611977546822791]
2019-07-29 15:11:43 INFO     Batch: [612/938] Epoch: [0] Loss: [1.6113214992582312]
2019-07-29 15:11:43 INFO     Batch: [613/938] Epoch: [0] Loss: [1.6104152183191007]
2019-07-29 15:11:43 INFO     Batch: [614/938] Epoch: [0] Loss: [1.6097184039712922]
2019-07-29 15:11:44 INFO     Batch: [615/938] Epoch: [0] Loss: [1.6090105688804155]
2019-07-29 15:11:44 INFO     Batch: [616/938] Epoch: [0] Loss: [1.6083890790877504]
2019-07-29 15:11:44 INFO     Batch: [617/938] Epoch: [0] Loss: [1.6079463870008401]
2019-07-29 15:11:44 INFO     Batch: [618/938] Epoch: [0] Loss: [1.6074233032004706]
2019-07-29 15:11:44 INFO     Batch: [619/938] Epoch: [0] Loss: [1.6068014558284514]
2019-07-29 15:11:44 INFO     Batch: [620/938] Epoch: [0] Loss: [1.606140090647527]
2019-07-29 15:11:44 INFO     Batch: [621/938] Epoch: [0] Loss: [1.6052279079458722]
2019-07-29 15:11:44 INFO     Batch: [622/938] Epoch: [0] Loss: [1.6046005621385038]
2019-07-29 15:11:44 INFO     Batch: [623/938] Epoch: [0] Loss: [1.6037998124957085]
2019-07-29 15:11:44 INFO     Batch: [624/938] Epoch: [0] Loss: [1.6034877309799194]
2019-07-29 15:11:44 INFO     Batch: [625/938] Epoch: [0] Loss: [1.6029161698521135]
2019-07-29 15:11:45 INFO     Batch: [626/938] Epoch: [0] Loss: [1.602027285612371]
2019-07-29 15:11:45 INFO     Batch: [627/938] Epoch: [0] Loss: [1.6015734061314042]
2019-07-29 15:11:45 INFO     Batch: [628/938] Epoch: [0] Loss: [1.6011158690354024]
2019-07-29 15:11:45 INFO     Batch: [629/938] Epoch: [0] Loss: [1.600463604737842]
2019-07-29 15:11:45 INFO     Batch: [630/938] Epoch: [0] Loss: [1.5999167280983055]
2019-07-29 15:11:45 INFO     Batch: [631/938] Epoch: [0] Loss: [1.5994352090962325]
2019-07-29 15:11:45 INFO     Batch: [632/938] Epoch: [0] Loss: [1.5987925979575086]
2019-07-29 15:11:45 INFO     Batch: [633/938] Epoch: [0] Loss: [1.5981462513234712]
2019-07-29 15:11:45 INFO     Batch: [634/938] Epoch: [0] Loss: [1.5974733012867726]
2019-07-29 15:11:45 INFO     Batch: [635/938] Epoch: [0] Loss: [1.5966238508809287]
2019-07-29 15:11:45 INFO     Batch: [636/938] Epoch: [0] Loss: [1.5961661172250001]
2019-07-29 15:11:46 INFO     Batch: [637/938] Epoch: [0] Loss: [1.5952859070607488]
2019-07-29 15:11:46 INFO     Batch: [638/938] Epoch: [0] Loss: [1.5943739218331279]
2019-07-29 15:11:46 INFO     Batch: [639/938] Epoch: [0] Loss: [1.5937907889485359]
2019-07-29 15:11:46 INFO     Batch: [640/938] Epoch: [0] Loss: [1.593241213078432]
2019-07-29 15:11:46 INFO     Batch: [641/938] Epoch: [0] Loss: [1.592576955337762]
2019-07-29 15:11:46 INFO     Batch: [642/938] Epoch: [0] Loss: [1.592037189062424]
2019-07-29 15:11:46 INFO     Batch: [643/938] Epoch: [0] Loss: [1.5912999701425896]
2019-07-29 15:11:46 INFO     Batch: [644/938] Epoch: [0] Loss: [1.5903647931971292]
2019-07-29 15:11:46 INFO     Batch: [645/938] Epoch: [0] Loss: [1.5895095095730418]
2019-07-29 15:11:46 INFO     Batch: [646/938] Epoch: [0] Loss: [1.588728683164352]
2019-07-29 15:11:46 INFO     Batch: [647/938] Epoch: [0] Loss: [1.5882219266560342]
2019-07-29 15:11:47 INFO     Batch: [648/938] Epoch: [0] Loss: [1.5874314006010446]
2019-07-29 15:11:47 INFO     Batch: [649/938] Epoch: [0] Loss: [1.5867473612381862]
2019-07-29 15:11:47 INFO     Batch: [650/938] Epoch: [0] Loss: [1.5859886362988462]
2019-07-29 15:11:47 INFO     Batch: [651/938] Epoch: [0] Loss: [1.5849471178157197]
2019-07-29 15:11:47 INFO     Batch: [652/938] Epoch: [0] Loss: [1.5842053285966788]
2019-07-29 15:11:47 INFO     Batch: [653/938] Epoch: [0] Loss: [1.583567316196745]
2019-07-29 15:11:47 INFO     Batch: [654/938] Epoch: [0] Loss: [1.5831166210975356]
2019-07-29 15:11:47 INFO     Batch: [655/938] Epoch: [0] Loss: [1.5823886874245434]
2019-07-29 15:11:47 INFO     Batch: [656/938] Epoch: [0] Loss: [1.5818780778568449]
2019-07-29 15:11:47 INFO     Batch: [657/938] Epoch: [0] Loss: [1.5812518875649635]
2019-07-29 15:11:47 INFO     Batch: [658/938] Epoch: [0] Loss: [1.5811781857914555]
2019-07-29 15:11:48 INFO     Batch: [659/938] Epoch: [0] Loss: [1.5803035698153756]
2019-07-29 15:11:48 INFO     Batch: [660/938] Epoch: [0] Loss: [1.579743227331072]
2019-07-29 15:11:48 INFO     Batch: [661/938] Epoch: [0] Loss: [1.5792606649442023]
2019-07-29 15:11:48 INFO     Batch: [662/938] Epoch: [0] Loss: [1.5790181400908962]
2019-07-29 15:11:48 INFO     Batch: [663/938] Epoch: [0] Loss: [1.5787620397217303]
2019-07-29 15:11:48 INFO     Batch: [664/938] Epoch: [0] Loss: [1.5780599603079315]
2019-07-29 15:11:48 INFO     Batch: [665/938] Epoch: [0] Loss: [1.5773966092247147]
2019-07-29 15:11:48 INFO     Batch: [666/938] Epoch: [0] Loss: [1.5767319649234526]
2019-07-29 15:11:48 INFO     Batch: [667/938] Epoch: [0] Loss: [1.5758325862670373]
2019-07-29 15:11:48 INFO     Batch: [668/938] Epoch: [0] Loss: [1.5753538597859609]
2019-07-29 15:11:48 INFO     Batch: [669/938] Epoch: [0] Loss: [1.5747053544912766]
2019-07-29 15:11:48 INFO     Batch: [670/938] Epoch: [0] Loss: [1.5740308820224198]
2019-07-29 15:11:49 INFO     Batch: [671/938] Epoch: [0] Loss: [1.5733049219208104]
2019-07-29 15:11:49 INFO     Batch: [672/938] Epoch: [0] Loss: [1.572448318815869]
2019-07-29 15:11:49 INFO     Batch: [673/938] Epoch: [0] Loss: [1.5720057798776146]
2019-07-29 15:11:49 INFO     Batch: [674/938] Epoch: [0] Loss: [1.5716476700041029]
2019-07-29 15:11:49 INFO     Batch: [675/938] Epoch: [0] Loss: [1.5705894959219815]
2019-07-29 15:11:49 INFO     Batch: [676/938] Epoch: [0] Loss: [1.5697420687583912]
2019-07-29 15:11:49 INFO     Batch: [677/938] Epoch: [0] Loss: [1.569074508011517]
2019-07-29 15:11:49 INFO     Batch: [678/938] Epoch: [0] Loss: [1.5682391246042828]
2019-07-29 15:11:49 INFO     Batch: [679/938] Epoch: [0] Loss: [1.5676884425037048]
2019-07-29 15:11:49 INFO     Batch: [680/938] Epoch: [0] Loss: [1.5672112368977191]
2019-07-29 15:11:49 INFO     Batch: [681/938] Epoch: [0] Loss: [1.5668124009437225]
2019-07-29 15:11:50 INFO     Batch: [682/938] Epoch: [0] Loss: [1.56655934614458]
2019-07-29 15:11:50 INFO     Batch: [683/938] Epoch: [0] Loss: [1.5660080587306218]
2019-07-29 15:11:50 INFO     Batch: [684/938] Epoch: [0] Loss: [1.5653832607895788]
2019-07-29 15:11:50 INFO     Batch: [685/938] Epoch: [0] Loss: [1.5650621416269863]
2019-07-29 15:11:50 INFO     Batch: [686/938] Epoch: [0] Loss: [1.5646396528338413]
2019-07-29 15:11:50 INFO     Batch: [687/938] Epoch: [0] Loss: [1.5643174183923145]
2019-07-29 15:11:50 INFO     Batch: [688/938] Epoch: [0] Loss: [1.5635241578037058]
2019-07-29 15:11:50 INFO     Batch: [689/938] Epoch: [0] Loss: [1.5626704195271368]
2019-07-29 15:11:50 INFO     Batch: [690/938] Epoch: [0] Loss: [1.5618847632718673]
2019-07-29 15:11:50 INFO     Batch: [691/938] Epoch: [0] Loss: [1.560985005056927]
2019-07-29 15:11:50 INFO     Batch: [692/938] Epoch: [0] Loss: [1.5606053306426837]
2019-07-29 15:11:51 INFO     Batch: [693/938] Epoch: [0] Loss: [1.5603828540968276]
2019-07-29 15:11:51 INFO     Batch: [694/938] Epoch: [0] Loss: [1.5598106899707438]
2019-07-29 15:11:51 INFO     Batch: [695/938] Epoch: [0] Loss: [1.5592383938445442]
2019-07-29 15:11:51 INFO     Batch: [696/938] Epoch: [0] Loss: [1.5584790418445635]
2019-07-29 15:11:51 INFO     Batch: [697/938] Epoch: [0] Loss: [1.5580972859203646]
2019-07-29 15:11:51 INFO     Batch: [698/938] Epoch: [0] Loss: [1.5579118151350935]
2019-07-29 15:11:51 INFO     Batch: [699/938] Epoch: [0] Loss: [1.5575421393769129]
2019-07-29 15:11:51 INFO     Batch: [700/938] Epoch: [0] Loss: [1.5568251192314648]
2019-07-29 15:11:51 INFO     Batch: [701/938] Epoch: [0] Loss: [1.556497657485837]
2019-07-29 15:11:51 INFO     Batch: [702/938] Epoch: [0] Loss: [1.555792941901287]
2019-07-29 15:11:51 INFO     Batch: [703/938] Epoch: [0] Loss: [1.555126003667035]
2019-07-29 15:11:52 INFO     Batch: [704/938] Epoch: [0] Loss: [1.5544983641475651]
2019-07-29 15:11:52 INFO     Batch: [705/938] Epoch: [0] Loss: [1.5544372824872856]
2019-07-29 15:11:52 INFO     Batch: [706/938] Epoch: [0] Loss: [1.5537087761360988]
2019-07-29 15:11:52 INFO     Batch: [707/938] Epoch: [0] Loss: [1.5533109237413623]
2019-07-29 15:11:52 INFO     Batch: [708/938] Epoch: [0] Loss: [1.5528566607803485]
2019-07-29 15:11:52 INFO     Batch: [709/938] Epoch: [0] Loss: [1.5524509002625102]
2019-07-29 15:11:52 INFO     Batch: [710/938] Epoch: [0] Loss: [1.5521501050384403]
2019-07-29 15:11:52 INFO     Batch: [711/938] Epoch: [0] Loss: [1.5513492277666423]
2019-07-29 15:11:52 INFO     Batch: [712/938] Epoch: [0] Loss: [1.550562421202158]
2019-07-29 15:11:52 INFO     Batch: [713/938] Epoch: [0] Loss: [1.5503599286413325]
2019-07-29 15:11:52 INFO     Batch: [714/938] Epoch: [0] Loss: [1.550076195743534]
2019-07-29 15:11:53 INFO     Batch: [715/938] Epoch: [0] Loss: [1.5499012546832336]
2019-07-29 15:11:53 INFO     Batch: [716/938] Epoch: [0] Loss: [1.5495361673283277]
2019-07-29 15:11:53 INFO     Batch: [717/938] Epoch: [0] Loss: [1.5488737748525934]
2019-07-29 15:11:53 INFO     Batch: [718/938] Epoch: [0] Loss: [1.5480894712479953]
2019-07-29 15:11:53 INFO     Batch: [719/938] Epoch: [0] Loss: [1.5473415833380488]
2019-07-29 15:11:53 INFO     Batch: [720/938] Epoch: [0] Loss: [1.5469503630877532]
2019-07-29 15:11:53 INFO     Batch: [721/938] Epoch: [0] Loss: [1.5464927833166149]
2019-07-29 15:11:53 INFO     Batch: [722/938] Epoch: [0] Loss: [1.545988607043877]
2019-07-29 15:11:53 INFO     Batch: [723/938] Epoch: [0] Loss: [1.5456011749762857]
2019-07-29 15:11:53 INFO     Batch: [724/938] Epoch: [0] Loss: [1.5454248429988993]
2019-07-29 15:11:53 INFO     Batch: [725/938] Epoch: [0] Loss: [1.5450068947040674]
2019-07-29 15:11:54 INFO     Batch: [726/938] Epoch: [0] Loss: [1.5444205814083471]
2019-07-29 15:11:54 INFO     Batch: [727/938] Epoch: [0] Loss: [1.5439467064954422]
2019-07-29 15:11:54 INFO     Batch: [728/938] Epoch: [0] Loss: [1.5430362415902408]
2019-07-29 15:11:54 INFO     Batch: [729/938] Epoch: [0] Loss: [1.5424184670187022]
2019-07-29 15:11:54 INFO     Batch: [730/938] Epoch: [0] Loss: [1.5419236402015843]
2019-07-29 15:11:54 INFO     Batch: [731/938] Epoch: [0] Loss: [1.5414117592605736]
2019-07-29 15:11:54 INFO     Batch: [732/938] Epoch: [0] Loss: [1.5408949790189568]
2019-07-29 15:11:54 INFO     Batch: [733/938] Epoch: [0] Loss: [1.5401310788350795]
2019-07-29 15:11:54 INFO     Batch: [734/938] Epoch: [0] Loss: [1.539509472798328]
2019-07-29 15:11:54 INFO     Batch: [735/938] Epoch: [0] Loss: [1.5390175194681988]
2019-07-29 15:11:54 INFO     Batch: [736/938] Epoch: [0] Loss: [1.5386203880872946]
2019-07-29 15:11:55 INFO     Batch: [737/938] Epoch: [0] Loss: [1.5381783218726233]
2019-07-29 15:11:55 INFO     Batch: [738/938] Epoch: [0] Loss: [1.5375820787898258]
2019-07-29 15:11:55 INFO     Batch: [739/938] Epoch: [0] Loss: [1.5369896538354255]
2019-07-29 15:11:55 INFO     Batch: [740/938] Epoch: [0] Loss: [1.536380478164606]
2019-07-29 15:11:55 INFO     Batch: [741/938] Epoch: [0] Loss: [1.5360203209431023]
2019-07-29 15:11:55 INFO     Batch: [742/938] Epoch: [0] Loss: [1.5354253763626273]
2019-07-29 15:11:55 INFO     Batch: [743/938] Epoch: [0] Loss: [1.5348152224254865]
2019-07-29 15:11:55 INFO     Batch: [744/938] Epoch: [0] Loss: [1.5343191534880825]
2019-07-29 15:11:55 INFO     Batch: [745/938] Epoch: [0] Loss: [1.533644166692652]
2019-07-29 15:11:55 INFO     Batch: [746/938] Epoch: [0] Loss: [1.5334354229720242]
2019-07-29 15:11:55 INFO     Batch: [747/938] Epoch: [0] Loss: [1.5328116008145287]
2019-07-29 15:11:56 INFO     Batch: [748/938] Epoch: [0] Loss: [1.5321323813519905]
2019-07-29 15:11:56 INFO     Batch: [749/938] Epoch: [0] Loss: [1.531677355368932]
2019-07-29 15:11:56 INFO     Batch: [750/938] Epoch: [0] Loss: [1.531154848684801]
2019-07-29 15:11:56 INFO     Batch: [751/938] Epoch: [0] Loss: [1.530785663251547]
2019-07-29 15:11:56 INFO     Batch: [752/938] Epoch: [0] Loss: [1.5302647438498924]
2019-07-29 15:11:56 INFO     Batch: [753/938] Epoch: [0] Loss: [1.5299351570302675]
2019-07-29 15:11:56 INFO     Batch: [754/938] Epoch: [0] Loss: [1.5295300462388044]
2019-07-29 15:11:56 INFO     Batch: [755/938] Epoch: [0] Loss: [1.5288650580341854]
2019-07-29 15:11:56 INFO     Batch: [756/938] Epoch: [0] Loss: [1.5282619162468802]
2019-07-29 15:11:56 INFO     Batch: [757/938] Epoch: [0] Loss: [1.5275003332890433]
2019-07-29 15:11:56 INFO     Batch: [758/938] Epoch: [0] Loss: [1.5268444578324067]
2019-07-29 15:11:56 INFO     Batch: [759/938] Epoch: [0] Loss: [1.5262522302175823]
2019-07-29 15:11:57 INFO     Batch: [760/938] Epoch: [0] Loss: [1.525797719554425]
2019-07-29 15:11:57 INFO     Batch: [761/938] Epoch: [0] Loss: [1.5252424969760765]
2019-07-29 15:11:57 INFO     Batch: [762/938] Epoch: [0] Loss: [1.5244215269076247]
2019-07-29 15:11:57 INFO     Batch: [763/938] Epoch: [0] Loss: [1.5239988765167316]
2019-07-29 15:11:57 INFO     Batch: [764/938] Epoch: [0] Loss: [1.523468067755107]
2019-07-29 15:11:57 INFO     Batch: [765/938] Epoch: [0] Loss: [1.5230476918481972]
2019-07-29 15:11:57 INFO     Batch: [766/938] Epoch: [0] Loss: [1.5224904098597778]
2019-07-29 15:11:57 INFO     Batch: [767/938] Epoch: [0] Loss: [1.5221098622617621]
2019-07-29 15:11:57 INFO     Batch: [768/938] Epoch: [0] Loss: [1.5214899124187673]
2019-07-29 15:11:57 INFO     Batch: [769/938] Epoch: [0] Loss: [1.5209095909998014]
2019-07-29 15:11:57 INFO     Batch: [770/938] Epoch: [0] Loss: [1.5203989277244696]
2019-07-29 15:11:58 INFO     Batch: [771/938] Epoch: [0] Loss: [1.5198071023034307]
2019-07-29 15:11:58 INFO     Batch: [772/938] Epoch: [0] Loss: [1.519097712262019]
2019-07-29 15:11:58 INFO     Batch: [773/938] Epoch: [0] Loss: [1.5186562454207615]
2019-07-29 15:11:58 INFO     Batch: [774/938] Epoch: [0] Loss: [1.5180090288192996]
2019-07-29 15:11:58 INFO     Batch: [775/938] Epoch: [0] Loss: [1.5172752502191926]
2019-07-29 15:11:58 INFO     Batch: [776/938] Epoch: [0] Loss: [1.5166858720810104]
2019-07-29 15:11:58 INFO     Batch: [777/938] Epoch: [0] Loss: [1.5160035205990612]
2019-07-29 15:11:58 INFO     Batch: [778/938] Epoch: [0] Loss: [1.515603157460919]
2019-07-29 15:11:58 INFO     Batch: [779/938] Epoch: [0] Loss: [1.5150035670170416]
2019-07-29 15:11:58 INFO     Batch: [780/938] Epoch: [0] Loss: [1.5146242345035763]
2019-07-29 15:11:58 INFO     Batch: [781/938] Epoch: [0] Loss: [1.5140587884141965]
2019-07-29 15:11:59 INFO     Batch: [782/938] Epoch: [0] Loss: [1.5140557598184656]
2019-07-29 15:11:59 INFO     Batch: [783/938] Epoch: [0] Loss: [1.5133572553797645]
2019-07-29 15:11:59 INFO     Batch: [784/938] Epoch: [0] Loss: [1.5127287519965202]
2019-07-29 15:11:59 INFO     Batch: [785/938] Epoch: [0] Loss: [1.5119879153241942]
2019-07-29 15:11:59 INFO     Batch: [786/938] Epoch: [0] Loss: [1.511515229145181]
2019-07-29 15:11:59 INFO     Batch: [787/938] Epoch: [0] Loss: [1.5110768336935092]
2019-07-29 15:11:59 INFO     Batch: [788/938] Epoch: [0] Loss: [1.5107244729089193]
2019-07-29 15:11:59 INFO     Batch: [789/938] Epoch: [0] Loss: [1.5100894817823096]
2019-07-29 15:11:59 INFO     Batch: [790/938] Epoch: [0] Loss: [1.509382877804989]
2019-07-29 15:11:59 INFO     Batch: [791/938] Epoch: [0] Loss: [1.5086306697792478]
2019-07-29 15:11:59 INFO     Batch: [792/938] Epoch: [0] Loss: [1.5080817386150962]
2019-07-29 15:12:00 INFO     Batch: [793/938] Epoch: [0] Loss: [1.5074181962073299]
2019-07-29 15:12:00 INFO     Batch: [794/938] Epoch: [0] Loss: [1.5069229305915113]
2019-07-29 15:12:00 INFO     Batch: [795/938] Epoch: [0] Loss: [1.50633296984524]
2019-07-29 15:12:00 INFO     Batch: [796/938] Epoch: [0] Loss: [1.5058616535875997]
2019-07-29 15:12:00 INFO     Batch: [797/938] Epoch: [0] Loss: [1.5051831909289635]
2019-07-29 15:12:00 INFO     Batch: [798/938] Epoch: [0] Loss: [1.5048758298792737]
2019-07-29 15:12:00 INFO     Batch: [799/938] Epoch: [0] Loss: [1.5040713119506837]
2019-07-29 15:12:00 INFO     Batch: [800/938] Epoch: [0] Loss: [1.5036649168207403]
2019-07-29 15:12:00 INFO     Batch: [801/938] Epoch: [0] Loss: [1.5030810612990078]
2019-07-29 15:12:00 INFO     Batch: [802/938] Epoch: [0] Loss: [1.502565636729838]
2019-07-29 15:12:00 INFO     Batch: [803/938] Epoch: [0] Loss: [1.5018464511454994]
2019-07-29 15:12:01 INFO     Batch: [804/938] Epoch: [0] Loss: [1.5014285587375948]
2019-07-29 15:12:01 INFO     Batch: [805/938] Epoch: [0] Loss: [1.5009660016070525]
2019-07-29 15:12:01 INFO     Batch: [806/938] Epoch: [0] Loss: [1.500718406806648]
2019-07-29 15:12:01 INFO     Batch: [807/938] Epoch: [0] Loss: [1.5004480089439023]
2019-07-29 15:12:01 INFO     Batch: [808/938] Epoch: [0] Loss: [1.5001792743415268]
2019-07-29 15:12:01 INFO     Batch: [809/938] Epoch: [0] Loss: [1.499669568994899]
2019-07-29 15:12:01 INFO     Batch: [810/938] Epoch: [0] Loss: [1.499158877847227]
2019-07-29 15:12:01 INFO     Batch: [811/938] Epoch: [0] Loss: [1.4987444316078289]
2019-07-29 15:12:01 INFO     Batch: [812/938] Epoch: [0] Loss: [1.498275739020527]
2019-07-29 15:12:01 INFO     Batch: [813/938] Epoch: [0] Loss: [1.4977914370980836]
2019-07-29 15:12:01 INFO     Batch: [814/938] Epoch: [0] Loss: [1.4972370715960404]
2019-07-29 15:12:02 INFO     Batch: [815/938] Epoch: [0] Loss: [1.4966649549702804]
2019-07-29 15:12:02 INFO     Batch: [816/938] Epoch: [0] Loss: [1.4960550535994614]
2019-07-29 15:12:02 INFO     Batch: [817/938] Epoch: [0] Loss: [1.4959232793314825]
2019-07-29 15:12:02 INFO     Batch: [818/938] Epoch: [0] Loss: [1.4955072295971406]
2019-07-29 15:12:02 INFO     Batch: [819/938] Epoch: [0] Loss: [1.4947745251946334]
2019-07-29 15:12:02 INFO     Batch: [820/938] Epoch: [0] Loss: [1.4943265492384674]
2019-07-29 15:12:02 INFO     Batch: [821/938] Epoch: [0] Loss: [1.4939883661676208]
2019-07-29 15:12:02 INFO     Batch: [822/938] Epoch: [0] Loss: [1.4936152734269783]
2019-07-29 15:12:02 INFO     Batch: [823/938] Epoch: [0] Loss: [1.493144894398532]
2019-07-29 15:12:02 INFO     Batch: [824/938] Epoch: [0] Loss: [1.4922792592193141]
2019-07-29 15:12:02 INFO     Batch: [825/938] Epoch: [0] Loss: [1.4919014591858981]
2019-07-29 15:12:02 INFO     Batch: [826/938] Epoch: [0] Loss: [1.4916462327433613]
2019-07-29 15:12:03 INFO     Batch: [827/938] Epoch: [0] Loss: [1.4911296694463]
2019-07-29 15:12:03 INFO     Batch: [828/938] Epoch: [0] Loss: [1.4906969043112779]
2019-07-29 15:12:03 INFO     Batch: [829/938] Epoch: [0] Loss: [1.4904909027628153]
2019-07-29 15:12:03 INFO     Batch: [830/938] Epoch: [0] Loss: [1.489910247667315]
2019-07-29 15:12:03 INFO     Batch: [831/938] Epoch: [0] Loss: [1.4895551416736383]
2019-07-29 15:12:03 INFO     Batch: [832/938] Epoch: [0] Loss: [1.4892263494047369]
2019-07-29 15:12:03 INFO     Batch: [833/938] Epoch: [0] Loss: [1.4885526503876245]
2019-07-29 15:12:03 INFO     Batch: [834/938] Epoch: [0] Loss: [1.4881270607074577]
2019-07-29 15:12:03 INFO     Batch: [835/938] Epoch: [0] Loss: [1.4875439338421708]
2019-07-29 15:12:03 INFO     Batch: [836/938] Epoch: [0] Loss: [1.486778884805659]
2019-07-29 15:12:03 INFO     Batch: [837/938] Epoch: [0] Loss: [1.4866021424887572]
2019-07-29 15:12:04 INFO     Batch: [838/938] Epoch: [0] Loss: [1.486172848009239]
2019-07-29 15:12:04 INFO     Batch: [839/938] Epoch: [0] Loss: [1.4853003066920099]
2019-07-29 15:12:04 INFO     Batch: [840/938] Epoch: [0] Loss: [1.4850758309171543]
2019-07-29 15:12:04 INFO     Batch: [841/938] Epoch: [0] Loss: [1.4846567853471162]
2019-07-29 15:12:04 INFO     Batch: [842/938] Epoch: [0] Loss: [1.4842491238284083]
2019-07-29 15:12:04 INFO     Batch: [843/938] Epoch: [0] Loss: [1.4835532452399132]
2019-07-29 15:12:04 INFO     Batch: [844/938] Epoch: [0] Loss: [1.483214063686732]
2019-07-29 15:12:04 INFO     Batch: [845/938] Epoch: [0] Loss: [1.4825614931735587]
2019-07-29 15:12:04 INFO     Batch: [846/938] Epoch: [0] Loss: [1.4823879051377387]
2019-07-29 15:12:04 INFO     Batch: [847/938] Epoch: [0] Loss: [1.4822677487753473]
2019-07-29 15:12:04 INFO     Batch: [848/938] Epoch: [0] Loss: [1.4817433434465046]
2019-07-29 15:12:05 INFO     Batch: [849/938] Epoch: [0] Loss: [1.4812108422728145]
2019-07-29 15:12:05 INFO     Batch: [850/938] Epoch: [0] Loss: [1.4806504472302213]
2019-07-29 15:12:05 INFO     Batch: [851/938] Epoch: [0] Loss: [1.4801557212368424]
2019-07-29 15:12:05 INFO     Batch: [852/938] Epoch: [0] Loss: [1.4796679595710245]
2019-07-29 15:12:05 INFO     Batch: [853/938] Epoch: [0] Loss: [1.4794643062059996]
2019-07-29 15:12:05 INFO     Batch: [854/938] Epoch: [0] Loss: [1.4790337021587885]
2019-07-29 15:12:05 INFO     Batch: [855/938] Epoch: [0] Loss: [1.4784177221427455]
2019-07-29 15:12:05 INFO     Batch: [856/938] Epoch: [0] Loss: [1.4781545525810127]
2019-07-29 15:12:05 INFO     Batch: [857/938] Epoch: [0] Loss: [1.4774987680233997]
2019-07-29 15:12:05 INFO     Batch: [858/938] Epoch: [0] Loss: [1.4771360224839278]
2019-07-29 15:12:05 INFO     Batch: [859/938] Epoch: [0] Loss: [1.476761080012765]
2019-07-29 15:12:06 INFO     Batch: [860/938] Epoch: [0] Loss: [1.4763012221050595]
2019-07-29 15:12:06 INFO     Batch: [861/938] Epoch: [0] Loss: [1.4757004628463577]
2019-07-29 15:12:06 INFO     Batch: [862/938] Epoch: [0] Loss: [1.4751763927425459]
2019-07-29 15:12:06 INFO     Batch: [863/938] Epoch: [0] Loss: [1.474709713831544]
2019-07-29 15:12:06 INFO     Batch: [864/938] Epoch: [0] Loss: [1.4741440646221182]
2019-07-29 15:12:06 INFO     Batch: [865/938] Epoch: [0] Loss: [1.4736940096762658]
2019-07-29 15:12:06 INFO     Batch: [866/938] Epoch: [0] Loss: [1.4732041099079753]
2019-07-29 15:12:06 INFO     Batch: [867/938] Epoch: [0] Loss: [1.472891306959539]
2019-07-29 15:12:06 INFO     Batch: [868/938] Epoch: [0] Loss: [1.4723725892320465]
2019-07-29 15:12:06 INFO     Batch: [869/938] Epoch: [0] Loss: [1.4718794799399102]
2019-07-29 15:12:06 INFO     Batch: [870/938] Epoch: [0] Loss: [1.471437346647856]
2019-07-29 15:12:07 INFO     Batch: [871/938] Epoch: [0] Loss: [1.471174896173521]
2019-07-29 15:12:07 INFO     Batch: [872/938] Epoch: [0] Loss: [1.4706478028772623]
2019-07-29 15:12:07 INFO     Batch: [873/938] Epoch: [0] Loss: [1.46992514226202]
2019-07-29 15:12:07 INFO     Batch: [874/938] Epoch: [0] Loss: [1.4693678010531834]
2019-07-29 15:12:07 INFO     Batch: [875/938] Epoch: [0] Loss: [1.4691356045606474]
2019-07-29 15:12:07 INFO     Batch: [876/938] Epoch: [0] Loss: [1.4686701071439066]
2019-07-29 15:12:07 INFO     Batch: [877/938] Epoch: [0] Loss: [1.4679973338622438]
2019-07-29 15:12:07 INFO     Batch: [878/938] Epoch: [0] Loss: [1.4676381878478535]
2019-07-29 15:12:07 INFO     Batch: [879/938] Epoch: [0] Loss: [1.467662105912512]
2019-07-29 15:12:07 INFO     Batch: [880/938] Epoch: [0] Loss: [1.467781725184195]
2019-07-29 15:12:07 INFO     Batch: [881/938] Epoch: [0] Loss: [1.4672038394983122]
2019-07-29 15:12:08 INFO     Batch: [882/938] Epoch: [0] Loss: [1.4667290133906112]
2019-07-29 15:12:08 INFO     Batch: [883/938] Epoch: [0] Loss: [1.466295339065979]
2019-07-29 15:12:08 INFO     Batch: [884/938] Epoch: [0] Loss: [1.4659729599952698]
2019-07-29 15:12:08 INFO     Batch: [885/938] Epoch: [0] Loss: [1.4653719480635081]
2019-07-29 15:12:08 INFO     Batch: [886/938] Epoch: [0] Loss: [1.464788825831795]
2019-07-29 15:12:08 INFO     Batch: [887/938] Epoch: [0] Loss: [1.4643185772337355]
2019-07-29 15:12:08 INFO     Batch: [888/938] Epoch: [0] Loss: [1.4639093273804347]
2019-07-29 15:12:08 INFO     Batch: [889/938] Epoch: [0] Loss: [1.4637040891004411]
2019-07-29 15:12:08 INFO     Batch: [890/938] Epoch: [0] Loss: [1.4629073842072193]
2019-07-29 15:12:08 INFO     Batch: [891/938] Epoch: [0] Loss: [1.4626326373206127]
2019-07-29 15:12:08 INFO     Batch: [892/938] Epoch: [0] Loss: [1.4621418631090162]
2019-07-29 15:12:09 INFO     Batch: [893/938] Epoch: [0] Loss: [1.4616537916180272]
2019-07-29 15:12:09 INFO     Batch: [894/938] Epoch: [0] Loss: [1.461518543725573]
2019-07-29 15:12:09 INFO     Batch: [895/938] Epoch: [0] Loss: [1.4608770300235068]
2019-07-29 15:12:09 INFO     Batch: [896/938] Epoch: [0] Loss: [1.4603658796287036]
2019-07-29 15:12:09 INFO     Batch: [897/938] Epoch: [0] Loss: [1.4597634695686053]
2019-07-29 15:12:09 INFO     Batch: [898/938] Epoch: [0] Loss: [1.459207289873957]
2019-07-29 15:12:09 INFO     Batch: [899/938] Epoch: [0] Loss: [1.4587599676185183]
2019-07-29 15:12:09 INFO     Batch: [900/938] Epoch: [0] Loss: [1.4584341571809978]
2019-07-29 15:12:09 INFO     Batch: [901/938] Epoch: [0] Loss: [1.4583479887630353]
2019-07-29 15:12:09 INFO     Batch: [902/938] Epoch: [0] Loss: [1.4578616723401734]
2019-07-29 15:12:09 INFO     Batch: [903/938] Epoch: [0] Loss: [1.4577322633920518]
2019-07-29 15:12:10 INFO     Batch: [904/938] Epoch: [0] Loss: [1.4574015371048648]
2019-07-29 15:12:10 INFO     Batch: [905/938] Epoch: [0] Loss: [1.456962948866501]
2019-07-29 15:12:10 INFO     Batch: [906/938] Epoch: [0] Loss: [1.4565675981515298]
2019-07-29 15:12:10 INFO     Batch: [907/938] Epoch: [0] Loss: [1.4564138530109423]
2019-07-29 15:12:10 INFO     Batch: [908/938] Epoch: [0] Loss: [1.4558973455324162]
2019-07-29 15:12:10 INFO     Batch: [909/938] Epoch: [0] Loss: [1.4553833538359338]
2019-07-29 15:12:10 INFO     Batch: [910/938] Epoch: [0] Loss: [1.4549716495132865]
2019-07-29 15:12:10 INFO     Batch: [911/938] Epoch: [0] Loss: [1.4544046292440933]
2019-07-29 15:12:10 INFO     Batch: [912/938] Epoch: [0] Loss: [1.4539340934252034]
2019-07-29 15:12:10 INFO     Batch: [913/938] Epoch: [0] Loss: [1.4534250981698151]
2019-07-29 15:12:10 INFO     Batch: [914/938] Epoch: [0] Loss: [1.4528540865971091]
2019-07-29 15:12:11 INFO     Batch: [915/938] Epoch: [0] Loss: [1.4525511748275381]
2019-07-29 15:12:11 INFO     Batch: [916/938] Epoch: [0] Loss: [1.452270231629146]
2019-07-29 15:12:11 INFO     Batch: [917/938] Epoch: [0] Loss: [1.4519916828031894]
2019-07-29 15:12:11 INFO     Batch: [918/938] Epoch: [0] Loss: [1.4515109228880283]
2019-07-29 15:12:11 INFO     Batch: [919/938] Epoch: [0] Loss: [1.4510678963168808]
2019-07-29 15:12:11 INFO     Batch: [920/938] Epoch: [0] Loss: [1.4509101094562766]
2019-07-29 15:12:11 INFO     Batch: [921/938] Epoch: [0] Loss: [1.4505347337355583]
2019-07-29 15:12:11 INFO     Batch: [922/938] Epoch: [0] Loss: [1.450222888398403]
2019-07-29 15:12:11 INFO     Batch: [923/938] Epoch: [0] Loss: [1.4499740000023986]
2019-07-29 15:12:11 INFO     Batch: [924/938] Epoch: [0] Loss: [1.449702634746964]
2019-07-29 15:12:11 INFO     Batch: [925/938] Epoch: [0] Loss: [1.4492027800103757]
2019-07-29 15:12:12 INFO     Batch: [926/938] Epoch: [0] Loss: [1.4488790155485867]
2019-07-29 15:12:12 INFO     Batch: [927/938] Epoch: [0] Loss: [1.4486935269087553]
2019-07-29 15:12:12 INFO     Batch: [928/938] Epoch: [0] Loss: [1.448429848906555]
2019-07-29 15:12:12 INFO     Batch: [929/938] Epoch: [0] Loss: [1.4482786365093723]
2019-07-29 15:12:12 INFO     Batch: [930/938] Epoch: [0] Loss: [1.447831118081233]
2019-07-29 15:12:12 INFO     Batch: [931/938] Epoch: [0] Loss: [1.44756467806679]
2019-07-29 15:12:12 INFO     Batch: [932/938] Epoch: [0] Loss: [1.4470111734103033]
2019-07-29 15:12:12 INFO     Batch: [933/938] Epoch: [0] Loss: [1.446565279677287]
2019-07-29 15:12:12 INFO     Batch: [934/938] Epoch: [0] Loss: [1.4462802419687975]
2019-07-29 15:12:12 INFO     Batch: [935/938] Epoch: [0] Loss: [1.4456428072264051]
2019-07-29 15:12:12 INFO     Batch: [936/938] Epoch: [0] Loss: [1.4455373548647128]
2019-07-29 15:12:18 INFO     Batch: [937/938] Epoch: [0] Loss: [1.4449547684904356]
2019-07-29 15:12:18 INFO     ================================ Eval ================================

2019-07-29 15:12:31 INFO     [epoch 0] Accuracy: [0.605593152866242]
2019-07-29 15:12:40 INFO     [epoch 1] Accuracy: [0.6059912420382165]
