2019-04-19 19:20:23 INFO     Loading Data
2019-04-19 19:20:26 INFO     Model Setting Up
2019-04-19 19:20:33 INFO     train_dir : [../mnist/train]
2019-04-19 19:20:33 INFO     test_dir : [../mnist/test]
2019-04-19 19:20:33 INFO     save_dir : [./save]
2019-04-19 19:20:33 INFO     num_epochs : [500]
2019-04-19 19:20:33 INFO     batch_size : [300]
2019-04-19 19:20:33 INFO     num_points : [512]
2019-04-19 19:20:33 INFO     sigma : [0.05]
2019-04-19 19:20:33 INFO     log_interval : [1000]
2019-04-19 19:20:33 INFO     save_interval : [50]
2019-04-19 19:20:33 INFO     baselr : [5e-05]
2019-04-19 19:20:33 INFO     density_radius : [0.2]
2019-04-19 19:20:33 INFO     feature_out1 : [8]
2019-04-19 19:20:33 INFO     feature_out2 : [16]
2019-04-19 19:20:33 INFO     feature_out3 : [32]
2019-04-19 19:20:33 INFO     feature_out4 : [64]
2019-04-19 19:20:33 INFO     feature_out5 : [128]
2019-04-19 19:20:33 INFO     num_classes : [10]
2019-04-19 19:20:33 INFO     bandwidth_0 : [10]
2019-04-19 19:20:33 INFO     bandwidth_out1 : [10]
2019-04-19 19:20:33 INFO     bandwidth_out2 : [8]
2019-04-19 19:20:33 INFO     bandwidth_out3 : [6]
2019-04-19 19:20:33 INFO     bandwidth_out4 : [4]
2019-04-19 19:20:33 INFO     bandwidth_out5 : [2]
2019-04-19 19:20:33 INFO     resume_training : [0]
2019-04-19 19:20:33 INFO     Start Training
2019-04-19 19:20:33 INFO     Saved model checkpoints into ./save/2019-04-19_19-20-33-model.ckpt...
2019-04-19 19:20:52 INFO     Batch: [0/200] Epoch: [0] Loss: [2.2972049713134766]
2019-04-19 19:20:54 INFO     Batch: [1/200] Epoch: [0] Loss: [2.30068302154541]
2019-04-19 19:20:55 INFO     Batch: [2/200] Epoch: [0] Loss: [2.300961494445801]
2019-04-19 19:20:56 INFO     Batch: [3/200] Epoch: [0] Loss: [2.3026317358016968]
2019-04-19 19:20:58 INFO     Batch: [4/200] Epoch: [0] Loss: [2.303043842315674]
2019-04-19 19:20:59 INFO     Batch: [5/200] Epoch: [0] Loss: [2.302571098009745]
2019-04-19 19:21:00 INFO     Batch: [6/200] Epoch: [0] Loss: [2.302757603781564]
2019-04-19 19:21:02 INFO     Batch: [7/200] Epoch: [0] Loss: [2.302771657705307]
2019-04-19 19:21:03 INFO     Batch: [8/200] Epoch: [0] Loss: [2.302263683742947]
2019-04-19 19:21:05 INFO     Batch: [9/200] Epoch: [0] Loss: [2.3012118101119996]
2019-04-19 19:21:06 INFO     Batch: [10/200] Epoch: [0] Loss: [2.3013439828699287]
2019-04-19 19:21:07 INFO     Batch: [11/200] Epoch: [0] Loss: [2.300492763519287]
2019-04-19 19:21:09 INFO     Batch: [12/200] Epoch: [0] Loss: [2.300093595798199]
2019-04-19 19:21:10 INFO     Batch: [13/200] Epoch: [0] Loss: [2.2996186188289096]
2019-04-19 19:21:12 INFO     Batch: [14/200] Epoch: [0] Loss: [2.298973035812378]
2019-04-19 19:21:13 INFO     Batch: [15/200] Epoch: [0] Loss: [2.298428237438202]
2019-04-19 19:21:14 INFO     Batch: [16/200] Epoch: [0] Loss: [2.297270185807172]
2019-04-19 19:21:15 INFO     Batch: [17/200] Epoch: [0] Loss: [2.2967187563578286]
2019-04-19 19:21:17 INFO     Batch: [18/200] Epoch: [0] Loss: [2.29553034431056]
2019-04-19 19:21:18 INFO     Batch: [19/200] Epoch: [0] Loss: [2.2947623252868654]
2019-04-19 19:21:20 INFO     Batch: [20/200] Epoch: [0] Loss: [2.293789579754784]
2019-04-19 19:21:21 INFO     Batch: [21/200] Epoch: [0] Loss: [2.2929873249747534]
2019-04-19 19:21:22 INFO     Batch: [22/200] Epoch: [0] Loss: [2.2924838066101074]
2019-04-19 19:21:24 INFO     Batch: [23/200] Epoch: [0] Loss: [2.292028288046519]
2019-04-19 19:21:25 INFO     Batch: [24/200] Epoch: [0] Loss: [2.2915425872802735]
2019-04-19 19:21:26 INFO     Batch: [25/200] Epoch: [0] Loss: [2.2907050389509935]
2019-04-19 19:21:28 INFO     Batch: [26/200] Epoch: [0] Loss: [2.289893724300243]
2019-04-19 19:21:29 INFO     Batch: [27/200] Epoch: [0] Loss: [2.2894419176237926]
2019-04-19 19:21:30 INFO     Batch: [28/200] Epoch: [0] Loss: [2.2884953022003174]
2019-04-19 19:21:32 INFO     Batch: [29/200] Epoch: [0] Loss: [2.2879496177037555]
2019-04-19 19:21:33 INFO     Batch: [30/200] Epoch: [0] Loss: [2.287339433546989]
2019-04-19 19:21:34 INFO     Batch: [31/200] Epoch: [0] Loss: [2.2864695340394974]
2019-04-19 19:21:36 INFO     Batch: [32/200] Epoch: [0] Loss: [2.2857354554263027]
2019-04-19 19:21:37 INFO     Batch: [33/200] Epoch: [0] Loss: [2.2848330175175384]
2019-04-19 19:21:38 INFO     Batch: [34/200] Epoch: [0] Loss: [2.2844128949301585]
2019-04-19 19:21:40 INFO     Batch: [35/200] Epoch: [0] Loss: [2.2840791410870023]
2019-04-19 19:21:41 INFO     Batch: [36/200] Epoch: [0] Loss: [2.2834398359865755]
2019-04-19 19:21:43 INFO     Batch: [37/200] Epoch: [0] Loss: [2.282536895651566]
2019-04-19 19:21:44 INFO     Batch: [38/200] Epoch: [0] Loss: [2.281903945482694]
2019-04-19 19:21:45 INFO     Batch: [39/200] Epoch: [0] Loss: [2.281399428844452]
2019-04-19 19:21:47 INFO     Batch: [40/200] Epoch: [0] Loss: [2.2809722365402596]
2019-04-19 19:21:48 INFO     Batch: [41/200] Epoch: [0] Loss: [2.2802297614869618]
2019-04-19 19:21:49 INFO     Batch: [42/200] Epoch: [0] Loss: [2.2796480544777804]
2019-04-19 19:21:51 INFO     Batch: [43/200] Epoch: [0] Loss: [2.279078261418776]
2019-04-19 19:21:52 INFO     Batch: [44/200] Epoch: [0] Loss: [2.278311989042494]
2019-04-19 19:21:54 INFO     Batch: [45/200] Epoch: [0] Loss: [2.277829470841781]
2019-04-19 19:21:55 INFO     Batch: [46/200] Epoch: [0] Loss: [2.277201606872234]
2019-04-19 19:21:56 INFO     Batch: [47/200] Epoch: [0] Loss: [2.276664505402247]
2019-04-19 19:21:58 INFO     Batch: [48/200] Epoch: [0] Loss: [2.2758551422430546]
2019-04-19 19:21:59 INFO     Batch: [49/200] Epoch: [0] Loss: [2.2752874088287354]
2019-04-19 19:22:00 INFO     Batch: [50/200] Epoch: [0] Loss: [2.274803184995464]
2019-04-19 19:22:02 INFO     Batch: [51/200] Epoch: [0] Loss: [2.274319043526283]
2019-04-19 19:22:03 INFO     Batch: [52/200] Epoch: [0] Loss: [2.273500438006419]
2019-04-19 19:22:05 INFO     Batch: [53/200] Epoch: [0] Loss: [2.272813730769687]
2019-04-19 19:22:06 INFO     Batch: [54/200] Epoch: [0] Loss: [2.2721805745905095]
2019-04-19 19:22:07 INFO     Batch: [55/200] Epoch: [0] Loss: [2.271334639617375]
2019-04-19 19:22:09 INFO     Batch: [56/200] Epoch: [0] Loss: [2.270788397705346]
2019-04-19 19:22:10 INFO     Batch: [57/200] Epoch: [0] Loss: [2.26995221499739]
2019-04-19 19:22:12 INFO     Batch: [58/200] Epoch: [0] Loss: [2.2692539570695263]
2019-04-19 19:22:13 INFO     Batch: [59/200] Epoch: [0] Loss: [2.268870476881663]
