2019-04-01 15:05:23 INFO     Loading Data
2019-04-01 15:05:23 INFO     Model Setting Up
2019-04-01 15:05:33 INFO     Start Training
2019-04-01 15:05:44 INFO     Batch: [0/120] Epoch: [0] Loss: [2.303379774093628]
2019-04-01 15:05:47 INFO     Accuracy: [0.10090909090909092]

2019-04-01 15:05:48 INFO     Batch: [1/120] Epoch: [0] Loss: [2.302677869796753]
2019-04-01 15:05:48 INFO     Batch: [2/120] Epoch: [0] Loss: [2.30014975865682]
2019-04-01 15:05:49 INFO     Batch: [3/120] Epoch: [0] Loss: [2.2997992634773254]
2019-04-01 15:05:49 INFO     Batch: [4/120] Epoch: [0] Loss: [2.299495553970337]
2019-04-01 15:05:49 INFO     Batch: [5/120] Epoch: [0] Loss: [2.297595500946045]
2019-04-01 15:05:50 INFO     Batch: [6/120] Epoch: [0] Loss: [2.2967903273446217]
2019-04-01 15:05:50 INFO     Batch: [7/120] Epoch: [0] Loss: [2.295243561267853]
2019-04-01 15:05:50 INFO     Batch: [8/120] Epoch: [0] Loss: [2.2945322725507946]
2019-04-01 15:05:51 INFO     Batch: [9/120] Epoch: [0] Loss: [2.293701171875]
2019-04-01 15:05:51 INFO     Batch: [10/120] Epoch: [0] Loss: [2.293242259459062]
2019-04-01 15:05:52 INFO     Batch: [11/120] Epoch: [0] Loss: [2.2925026615460715]
2019-04-01 15:05:52 INFO     Batch: [12/120] Epoch: [0] Loss: [2.2919259254749003]
2019-04-01 15:05:52 INFO     Batch: [13/120] Epoch: [0] Loss: [2.290937168257577]
2019-04-01 15:05:53 INFO     Batch: [14/120] Epoch: [0] Loss: [2.290311415990194]
2019-04-01 15:05:53 INFO     Batch: [15/120] Epoch: [0] Loss: [2.2900258004665375]
2019-04-01 15:05:54 INFO     Batch: [16/120] Epoch: [0] Loss: [2.289092751110301]
2019-04-01 15:05:54 INFO     Batch: [17/120] Epoch: [0] Loss: [2.288452479574415]
2019-04-01 15:05:54 INFO     Batch: [18/120] Epoch: [0] Loss: [2.2879684724305807]
2019-04-01 15:05:55 INFO     Batch: [19/120] Epoch: [0] Loss: [2.2872966647148134]
2019-04-01 15:05:55 INFO     Batch: [20/120] Epoch: [0] Loss: [2.286997670219058]
2019-04-01 15:05:55 INFO     Batch: [21/120] Epoch: [0] Loss: [2.2858529090881348]
2019-04-01 15:05:56 INFO     Batch: [22/120] Epoch: [0] Loss: [2.2849950894065527]
2019-04-01 15:05:56 INFO     Batch: [23/120] Epoch: [0] Loss: [2.284379700819651]
2019-04-01 15:05:57 INFO     Batch: [24/120] Epoch: [0] Loss: [2.2838078594207762]
2019-04-01 15:05:57 INFO     Batch: [25/120] Epoch: [0] Loss: [2.2831365511967587]
2019-04-01 15:05:57 INFO     Batch: [26/120] Epoch: [0] Loss: [2.2826836903889975]
2019-04-01 15:05:58 INFO     Batch: [27/120] Epoch: [0] Loss: [2.281979169164385]
2019-04-01 15:05:58 INFO     Batch: [28/120] Epoch: [0] Loss: [2.2811738047106513]
2019-04-01 15:05:58 INFO     Batch: [29/120] Epoch: [0] Loss: [2.2805806318918864]
2019-04-01 15:05:59 INFO     Batch: [30/120] Epoch: [0] Loss: [2.279832893802274]
2019-04-01 15:05:59 INFO     Batch: [31/120] Epoch: [0] Loss: [2.279144123196602]
2019-04-01 15:06:00 INFO     Batch: [32/120] Epoch: [0] Loss: [2.2785101370377974]
2019-04-01 15:06:00 INFO     Batch: [33/120] Epoch: [0] Loss: [2.2777198132346657]
2019-04-01 15:06:00 INFO     Batch: [34/120] Epoch: [0] Loss: [2.2770632880074637]
2019-04-01 15:06:01 INFO     Batch: [35/120] Epoch: [0] Loss: [2.2763135698106556]
2019-04-01 15:06:01 INFO     Batch: [36/120] Epoch: [0] Loss: [2.275631621077254]
2019-04-01 15:06:01 INFO     Batch: [37/120] Epoch: [0] Loss: [2.2749322778300236]
2019-04-01 15:06:02 INFO     Batch: [38/120] Epoch: [0] Loss: [2.2742948470971522]
2019-04-01 15:06:02 INFO     Batch: [39/120] Epoch: [0] Loss: [2.2737177908420563]
2019-04-01 15:06:03 INFO     Batch: [40/120] Epoch: [0] Loss: [2.2730856814035554]
2019-04-01 15:06:03 INFO     Batch: [41/120] Epoch: [0] Loss: [2.272644184884571]
2019-04-01 15:06:03 INFO     Batch: [42/120] Epoch: [0] Loss: [2.271928615348284]
2019-04-01 15:06:04 INFO     Batch: [43/120] Epoch: [0] Loss: [2.2712190855633128]
2019-04-01 15:06:04 INFO     Batch: [44/120] Epoch: [0] Loss: [2.270654699537489]
2019-04-01 15:06:04 INFO     Batch: [45/120] Epoch: [0] Loss: [2.2698950093725454]
2019-04-01 15:06:05 INFO     Batch: [46/120] Epoch: [0] Loss: [2.2691678239944135]
2019-04-01 15:06:05 INFO     Batch: [47/120] Epoch: [0] Loss: [2.2686169197161994]
2019-04-01 15:06:06 INFO     Batch: [48/120] Epoch: [0] Loss: [2.267997532474751]
2019-04-01 15:06:06 INFO     Batch: [49/120] Epoch: [0] Loss: [2.2674388217926027]
2019-04-01 15:06:06 INFO     Batch: [50/120] Epoch: [0] Loss: [2.266708448821423]
2019-04-01 15:06:07 INFO     Batch: [51/120] Epoch: [0] Loss: [2.2660770966456485]
2019-04-01 15:06:07 INFO     Batch: [52/120] Epoch: [0] Loss: [2.265245307166621]
2019-04-01 15:06:07 INFO     Batch: [53/120] Epoch: [0] Loss: [2.2645838260650635]
2019-04-01 15:06:08 INFO     Batch: [54/120] Epoch: [0] Loss: [2.2640117211775346]
2019-04-01 15:06:08 INFO     Batch: [55/120] Epoch: [0] Loss: [2.263427040406636]
2019-04-01 15:06:09 INFO     Batch: [56/120] Epoch: [0] Loss: [2.262733969772071]
2019-04-01 15:06:09 INFO     Batch: [57/120] Epoch: [0] Loss: [2.2620734962923774]
2019-04-01 15:06:09 INFO     Batch: [58/120] Epoch: [0] Loss: [2.2610497313030695]
2019-04-01 15:06:10 INFO     Batch: [59/120] Epoch: [0] Loss: [2.260291389624278]
2019-04-01 15:06:10 INFO     Batch: [60/120] Epoch: [0] Loss: [2.2596270178185134]
2019-04-01 15:06:11 INFO     Batch: [61/120] Epoch: [0] Loss: [2.2588848375505015]
2019-04-01 15:06:11 INFO     Batch: [62/120] Epoch: [0] Loss: [2.25822170953902]
2019-04-01 15:06:11 INFO     Batch: [63/120] Epoch: [0] Loss: [2.2574216723442078]
2019-04-01 15:06:12 INFO     Batch: [64/120] Epoch: [0] Loss: [2.256642169218797]
2019-04-01 15:06:12 INFO     Batch: [65/120] Epoch: [0] Loss: [2.255915739319541]
2019-04-01 15:06:12 INFO     Batch: [66/120] Epoch: [0] Loss: [2.2552705771887482]
2019-04-01 15:06:13 INFO     Batch: [67/120] Epoch: [0] Loss: [2.2545692990807926]
2019-04-01 15:06:13 INFO     Batch: [68/120] Epoch: [0] Loss: [2.25378185769786]
2019-04-01 15:06:14 INFO     Batch: [69/120] Epoch: [0] Loss: [2.253178473881313]
2019-04-01 15:06:14 INFO     Batch: [70/120] Epoch: [0] Loss: [2.252326874665811]
2019-04-01 15:06:14 INFO     Batch: [71/120] Epoch: [0] Loss: [2.2517108619213104]
2019-04-01 15:06:15 INFO     Batch: [72/120] Epoch: [0] Loss: [2.2510223323351717]
2019-04-01 15:06:15 INFO     Batch: [73/120] Epoch: [0] Loss: [2.2503523568849304]
2019-04-01 15:06:16 INFO     Batch: [74/120] Epoch: [0] Loss: [2.2496153704325357]
2019-04-01 15:06:16 INFO     Batch: [75/120] Epoch: [0] Loss: [2.2489056900927893]
2019-04-01 15:06:16 INFO     Batch: [76/120] Epoch: [0] Loss: [2.2481519742445513]
2019-04-01 15:06:17 INFO     Batch: [77/120] Epoch: [0] Loss: [2.2475010553995767]
2019-04-01 15:06:17 INFO     Batch: [78/120] Epoch: [0] Loss: [2.2467392366143724]
2019-04-01 15:06:17 INFO     Batch: [79/120] Epoch: [0] Loss: [2.246041366457939]
2019-04-01 15:06:18 INFO     Batch: [80/120] Epoch: [0] Loss: [2.2452738873752547]
2019-04-01 15:06:18 INFO     Batch: [81/120] Epoch: [0] Loss: [2.244575139952869]
2019-04-01 15:06:19 INFO     Batch: [82/120] Epoch: [0] Loss: [2.243774112448635]
2019-04-01 15:06:19 INFO     Batch: [83/120] Epoch: [0] Loss: [2.242984414100647]
2019-04-01 15:06:19 INFO     Batch: [84/120] Epoch: [0] Loss: [2.2421590159921085]
2019-04-01 15:06:20 INFO     Batch: [85/120] Epoch: [0] Loss: [2.241345583006393]
2019-04-01 15:06:20 INFO     Batch: [86/120] Epoch: [0] Loss: [2.2405678924472854]
2019-04-01 15:06:21 INFO     Batch: [87/120] Epoch: [0] Loss: [2.2397489737380636]
2019-04-01 15:06:21 INFO     Batch: [88/120] Epoch: [0] Loss: [2.2389051298077187]
2019-04-01 15:06:21 INFO     Batch: [89/120] Epoch: [0] Loss: [2.238183093070984]
2019-04-01 15:06:22 INFO     Batch: [90/120] Epoch: [0] Loss: [2.237373186991765]
2019-04-01 15:06:22 INFO     Batch: [91/120] Epoch: [0] Loss: [2.2366894561311472]
2019-04-01 15:06:22 INFO     Batch: [92/120] Epoch: [0] Loss: [2.2360234516923145]
2019-04-01 15:06:23 INFO     Batch: [93/120] Epoch: [0] Loss: [2.2352952094788248]
2019-04-01 15:06:23 INFO     Batch: [94/120] Epoch: [0] Loss: [2.2346430452246415]
2019-04-01 15:06:24 INFO     Batch: [95/120] Epoch: [0] Loss: [2.2339257101217904]
2019-04-01 15:06:24 INFO     Batch: [96/120] Epoch: [0] Loss: [2.2331718833176133]
2019-04-01 15:06:24 INFO     Batch: [97/120] Epoch: [0] Loss: [2.2324961107604357]
2019-04-01 15:06:25 INFO     Batch: [98/120] Epoch: [0] Loss: [2.2318093343214556]
2019-04-01 15:06:25 INFO     Batch: [99/120] Epoch: [0] Loss: [2.2311109471321107]
2019-04-01 15:06:25 INFO     Batch: [100/120] Epoch: [0] Loss: [2.230401039123535]
2019-04-01 15:06:26 INFO     Batch: [101/120] Epoch: [0] Loss: [2.229700588712505]
2019-04-01 15:06:26 INFO     Batch: [102/120] Epoch: [0] Loss: [2.228843989881497]
2019-04-01 15:06:27 INFO     Batch: [103/120] Epoch: [0] Loss: [2.228085472033574]
2019-04-01 15:06:27 INFO     Batch: [104/120] Epoch: [0] Loss: [2.2274164245242165]
2019-04-01 15:06:27 INFO     Batch: [105/120] Epoch: [0] Loss: [2.2266382586281255]
2019-04-01 15:06:28 INFO     Batch: [106/120] Epoch: [0] Loss: [2.2258057126375004]
2019-04-01 15:06:28 INFO     Batch: [107/120] Epoch: [0] Loss: [2.2249697314368353]
2019-04-01 15:06:28 INFO     Batch: [108/120] Epoch: [0] Loss: [2.2244391638204593]
2019-04-01 15:06:29 INFO     Batch: [109/120] Epoch: [0] Loss: [2.2237237561832774]
2019-04-01 15:06:29 INFO     Batch: [110/120] Epoch: [0] Loss: [2.2230034347053045]
2019-04-01 15:06:30 INFO     Batch: [111/120] Epoch: [0] Loss: [2.2220842391252518]
2019-04-01 15:06:30 INFO     Batch: [112/120] Epoch: [0] Loss: [2.2213242708054266]
2019-04-01 15:06:30 INFO     Batch: [113/120] Epoch: [0] Loss: [2.2204665175655434]
2019-04-01 15:06:31 INFO     Batch: [114/120] Epoch: [0] Loss: [2.2197497181270434]
2019-04-01 15:06:31 INFO     Batch: [115/120] Epoch: [0] Loss: [2.218753393354087]
2019-04-01 15:06:32 INFO     Batch: [116/120] Epoch: [0] Loss: [2.218120845974001]
2019-04-01 15:06:32 INFO     Batch: [117/120] Epoch: [0] Loss: [2.217392086982727]
2019-04-01 15:06:32 INFO     Batch: [118/120] Epoch: [0] Loss: [2.2165812985235904]
2019-04-01 15:06:33 INFO     Batch: [119/120] Epoch: [0] Loss: [2.2157374481360117]
2019-04-01 15:06:36 INFO     Epoch: [0/200] Loss: [2.2157374481360117] Accuracy: [0.2829090909090909]
2019-04-01 15:06:36 INFO     Batch: [0/120] Epoch: [1] Loss: [2.144120931625366]
2019-04-01 15:06:39 INFO     Accuracy: [0.28400000000000003]

2019-04-01 15:06:40 INFO     Batch: [1/120] Epoch: [1] Loss: [2.1331886053085327]
2019-04-01 15:06:40 INFO     Batch: [2/120] Epoch: [1] Loss: [2.1287333965301514]
2019-04-01 15:06:40 INFO     Batch: [3/120] Epoch: [1] Loss: [2.131385624408722]
2019-04-01 15:06:41 INFO     Batch: [4/120] Epoch: [1] Loss: [2.1265084743499756]
2019-04-01 15:06:41 INFO     Batch: [5/120] Epoch: [1] Loss: [2.12651518980662]
2019-04-01 15:06:41 INFO     Batch: [6/120] Epoch: [1] Loss: [2.1289853027888705]
2019-04-01 15:06:42 INFO     Batch: [7/120] Epoch: [1] Loss: [2.1284100711345673]
2019-04-01 15:06:42 INFO     Batch: [8/120] Epoch: [1] Loss: [2.1263712777031794]
2019-04-01 15:06:43 INFO     Batch: [9/120] Epoch: [1] Loss: [2.1274977922439575]
2019-04-01 15:06:43 INFO     Batch: [10/120] Epoch: [1] Loss: [2.1259280985051934]
2019-04-01 15:06:43 INFO     Batch: [11/120] Epoch: [1] Loss: [2.1267017126083374]
2019-04-01 15:06:44 INFO     Batch: [12/120] Epoch: [1] Loss: [2.126319536795983]
2019-04-01 15:06:44 INFO     Batch: [13/120] Epoch: [1] Loss: [2.1256578309195384]
2019-04-01 15:06:45 INFO     Batch: [14/120] Epoch: [1] Loss: [2.124737024307251]
2019-04-01 15:06:45 INFO     Batch: [15/120] Epoch: [1] Loss: [2.1228582561016083]
2019-04-01 15:06:45 INFO     Batch: [16/120] Epoch: [1] Loss: [2.1223268929649803]
2019-04-01 15:06:46 INFO     Batch: [17/120] Epoch: [1] Loss: [2.1213142739401922]
2019-04-01 15:06:46 INFO     Batch: [18/120] Epoch: [1] Loss: [2.1206028712423226]
2019-04-01 15:06:46 INFO     Batch: [19/120] Epoch: [1] Loss: [2.1213074326515198]
2019-04-01 15:06:47 INFO     Batch: [20/120] Epoch: [1] Loss: [2.1199958210899714]
2019-04-01 15:06:47 INFO     Batch: [21/120] Epoch: [1] Loss: [2.1199380376122217]
2019-04-01 15:06:48 INFO     Batch: [22/120] Epoch: [1] Loss: [2.118661123773326]
2019-04-01 15:06:48 INFO     Batch: [23/120] Epoch: [1] Loss: [2.1175950268904367]
2019-04-01 15:06:48 INFO     Batch: [24/120] Epoch: [1] Loss: [2.1175408458709715]
2019-04-01 15:06:49 INFO     Batch: [25/120] Epoch: [1] Loss: [2.1161498840038595]
2019-04-01 15:06:49 INFO     Batch: [26/120] Epoch: [1] Loss: [2.1155709072395608]
2019-04-01 15:06:49 INFO     Batch: [27/120] Epoch: [1] Loss: [2.1149260316576277]
2019-04-01 15:06:50 INFO     Batch: [28/120] Epoch: [1] Loss: [2.1140552553637275]
2019-04-01 15:06:50 INFO     Batch: [29/120] Epoch: [1] Loss: [2.1134409666061402]
2019-04-01 15:06:51 INFO     Batch: [30/120] Epoch: [1] Loss: [2.1126778587218253]
2019-04-01 15:06:51 INFO     Batch: [31/120] Epoch: [1] Loss: [2.112120032310486]
2019-04-01 15:06:51 INFO     Batch: [32/120] Epoch: [1] Loss: [2.1120964469331684]
2019-04-01 15:06:52 INFO     Batch: [33/120] Epoch: [1] Loss: [2.111616373062134]
2019-04-01 15:06:52 INFO     Batch: [34/120] Epoch: [1] Loss: [2.1112414360046388]
2019-04-01 15:06:52 INFO     Batch: [35/120] Epoch: [1] Loss: [2.110395305686527]
2019-04-01 15:06:53 INFO     Batch: [36/120] Epoch: [1] Loss: [2.1104694765967293]
2019-04-01 15:06:53 INFO     Batch: [37/120] Epoch: [1] Loss: [2.1094981557444523]
2019-04-01 15:06:54 INFO     Batch: [38/120] Epoch: [1] Loss: [2.1079221749917054]
2019-04-01 15:06:54 INFO     Batch: [39/120] Epoch: [1] Loss: [2.107420378923416]
2019-04-01 15:06:54 INFO     Batch: [40/120] Epoch: [1] Loss: [2.1071731288258624]
2019-04-01 15:06:55 INFO     Batch: [41/120] Epoch: [1] Loss: [2.107497436659677]
2019-04-01 15:06:55 INFO     Batch: [42/120] Epoch: [1] Loss: [2.106229222098062]
2019-04-01 15:06:55 INFO     Batch: [43/120] Epoch: [1] Loss: [2.1056445837020874]
2019-04-01 15:06:56 INFO     Batch: [44/120] Epoch: [1] Loss: [2.1051920890808105]
2019-04-01 15:06:56 INFO     Batch: [45/120] Epoch: [1] Loss: [2.10465827713842]
2019-04-01 15:06:56 INFO     Batch: [46/120] Epoch: [1] Loss: [2.1041406976415757]
2019-04-01 15:06:57 INFO     Batch: [47/120] Epoch: [1] Loss: [2.1034567952156067]
2019-04-01 15:06:57 INFO     Batch: [48/120] Epoch: [1] Loss: [2.1031681226224315]
2019-04-01 15:06:58 INFO     Batch: [49/120] Epoch: [1] Loss: [2.102455759048462]
2019-04-01 15:06:58 INFO     Batch: [50/120] Epoch: [1] Loss: [2.1020950242584826]
2019-04-01 15:06:58 INFO     Batch: [51/120] Epoch: [1] Loss: [2.1012795705061693]
2019-04-01 15:06:59 INFO     Batch: [52/120] Epoch: [1] Loss: [2.100485729721357]
2019-04-01 15:06:59 INFO     Batch: [53/120] Epoch: [1] Loss: [2.0999967168878624]
2019-04-01 15:06:59 INFO     Batch: [54/120] Epoch: [1] Loss: [2.099551473964344]
2019-04-01 15:07:00 INFO     Batch: [55/120] Epoch: [1] Loss: [2.09852887902941]
2019-04-01 15:07:00 INFO     Batch: [56/120] Epoch: [1] Loss: [2.09772971638462]
2019-04-01 15:07:01 INFO     Batch: [57/120] Epoch: [1] Loss: [2.0969003151203025]
2019-04-01 15:07:01 INFO     Batch: [58/120] Epoch: [1] Loss: [2.096390663567236]
2019-04-01 15:07:01 INFO     Batch: [59/120] Epoch: [1] Loss: [2.0957215587298075]
2019-04-01 15:07:02 INFO     Batch: [60/120] Epoch: [1] Loss: [2.0955936400616757]
2019-04-01 15:07:02 INFO     Batch: [61/120] Epoch: [1] Loss: [2.0950520923060756]
2019-04-01 15:07:02 INFO     Batch: [62/120] Epoch: [1] Loss: [2.093600322329809]
2019-04-01 15:07:03 INFO     Batch: [63/120] Epoch: [1] Loss: [2.0931938849389553]
2019-04-01 15:07:03 INFO     Batch: [64/120] Epoch: [1] Loss: [2.093140730491051]
2019-04-01 15:07:04 INFO     Batch: [65/120] Epoch: [1] Loss: [2.092113064997124]
2019-04-01 15:07:04 INFO     Batch: [66/120] Epoch: [1] Loss: [2.0916353553088745]
2019-04-01 15:07:04 INFO     Batch: [67/120] Epoch: [1] Loss: [2.0908970412086036]
2019-04-01 15:07:05 INFO     Batch: [68/120] Epoch: [1] Loss: [2.0902839432591978]
2019-04-01 15:07:05 INFO     Batch: [69/120] Epoch: [1] Loss: [2.0895826510020665]
2019-04-01 15:07:05 INFO     Batch: [70/120] Epoch: [1] Loss: [2.088981927280695]
2019-04-01 15:07:06 INFO     Batch: [71/120] Epoch: [1] Loss: [2.0886124306254916]
2019-04-01 15:07:06 INFO     Batch: [72/120] Epoch: [1] Loss: [2.0879690679785323]
2019-04-01 15:07:07 INFO     Batch: [73/120] Epoch: [1] Loss: [2.0875660889857524]
2019-04-01 15:07:07 INFO     Batch: [74/120] Epoch: [1] Loss: [2.0871943600972496]
2019-04-01 15:07:07 INFO     Batch: [75/120] Epoch: [1] Loss: [2.0866892306428206]
2019-04-01 15:07:08 INFO     Batch: [76/120] Epoch: [1] Loss: [2.0857570140392747]
2019-04-01 15:07:08 INFO     Batch: [77/120] Epoch: [1] Loss: [2.0850565433502197]
2019-04-01 15:07:09 INFO     Batch: [78/120] Epoch: [1] Loss: [2.0846596065955825]
2019-04-01 15:07:09 INFO     Batch: [79/120] Epoch: [1] Loss: [2.083984822034836]
2019-04-01 15:07:09 INFO     Batch: [80/120] Epoch: [1] Loss: [2.0837963068926775]
2019-04-01 15:07:10 INFO     Batch: [81/120] Epoch: [1] Loss: [2.083331163336591]
2019-04-01 15:07:10 INFO     Batch: [82/120] Epoch: [1] Loss: [2.082443530301014]
2019-04-01 15:07:10 INFO     Batch: [83/120] Epoch: [1] Loss: [2.0816703183310374]
2019-04-01 15:07:11 INFO     Batch: [84/120] Epoch: [1] Loss: [2.081018571292653]
2019-04-01 15:07:11 INFO     Batch: [85/120] Epoch: [1] Loss: [2.0805883407592773]
2019-04-01 15:07:12 INFO     Batch: [86/120] Epoch: [1] Loss: [2.0798183802900643]
2019-04-01 15:07:12 INFO     Batch: [87/120] Epoch: [1] Loss: [2.0793298211964695]
2019-04-01 15:07:12 INFO     Batch: [88/120] Epoch: [1] Loss: [2.078840293241351]
2019-04-01 15:07:13 INFO     Batch: [89/120] Epoch: [1] Loss: [2.078620515929328]
2019-04-01 15:07:13 INFO     Batch: [90/120] Epoch: [1] Loss: [2.0776800205419352]
2019-04-01 15:07:13 INFO     Batch: [91/120] Epoch: [1] Loss: [2.0769464308800907]
2019-04-01 15:07:14 INFO     Batch: [92/120] Epoch: [1] Loss: [2.0766681381451186]
2019-04-01 15:07:14 INFO     Batch: [93/120] Epoch: [1] Loss: [2.076398439863895]
2019-04-01 15:07:15 INFO     Batch: [94/120] Epoch: [1] Loss: [2.075472081334967]
2019-04-01 15:07:15 INFO     Batch: [95/120] Epoch: [1] Loss: [2.07473444690307]
2019-04-01 15:07:15 INFO     Batch: [96/120] Epoch: [1] Loss: [2.073785961288767]
2019-04-01 15:07:16 INFO     Batch: [97/120] Epoch: [1] Loss: [2.0731258173378144]
2019-04-01 15:07:16 INFO     Batch: [98/120] Epoch: [1] Loss: [2.07258130805661]
2019-04-01 15:07:16 INFO     Batch: [99/120] Epoch: [1] Loss: [2.071646283864975]
2019-04-01 15:07:17 INFO     Batch: [100/120] Epoch: [1] Loss: [2.0708357733074982]
2019-04-01 15:07:17 INFO     Batch: [101/120] Epoch: [1] Loss: [2.07006584779889]
2019-04-01 15:07:18 INFO     Batch: [102/120] Epoch: [1] Loss: [2.069493776386224]
2019-04-01 15:07:18 INFO     Batch: [103/120] Epoch: [1] Loss: [2.068884538916441]
2019-04-01 15:07:18 INFO     Batch: [104/120] Epoch: [1] Loss: [2.068540594691322]
2019-04-01 15:07:19 INFO     Batch: [105/120] Epoch: [1] Loss: [2.067630779068425]
2019-04-01 15:07:19 INFO     Batch: [106/120] Epoch: [1] Loss: [2.066927116607951]
2019-04-01 15:07:19 INFO     Batch: [107/120] Epoch: [1] Loss: [2.066303406600599]
2019-04-01 15:07:20 INFO     Batch: [108/120] Epoch: [1] Loss: [2.0655891118793313]
2019-04-01 15:07:20 INFO     Batch: [109/120] Epoch: [1] Loss: [2.0650979659774085]
2019-04-01 15:07:20 INFO     Batch: [110/120] Epoch: [1] Loss: [2.0645201646529876]
2019-04-01 15:07:21 INFO     Batch: [111/120] Epoch: [1] Loss: [2.0636311418243816]
2019-04-01 15:07:21 INFO     Batch: [112/120] Epoch: [1] Loss: [2.063133217592155]
2019-04-01 15:07:22 INFO     Batch: [113/120] Epoch: [1] Loss: [2.062708468813645]
2019-04-01 15:07:22 INFO     Batch: [114/120] Epoch: [1] Loss: [2.062528903588005]
2019-04-01 15:07:22 INFO     Batch: [115/120] Epoch: [1] Loss: [2.0621781647205353]
2019-04-01 15:07:23 INFO     Batch: [116/120] Epoch: [1] Loss: [2.061850491751972]
2019-04-01 15:07:23 INFO     Batch: [117/120] Epoch: [1] Loss: [2.061606222290104]
2019-04-01 15:07:24 INFO     Batch: [118/120] Epoch: [1] Loss: [2.0611569370542253]
2019-04-01 15:07:24 INFO     Batch: [119/120] Epoch: [1] Loss: [2.06049467921257]
2019-04-01 15:07:27 INFO     Epoch: [1/200] Loss: [2.06049467921257] Accuracy: [0.3096363636363636]
2019-04-01 15:07:27 INFO     Batch: [0/120] Epoch: [2] Loss: [2.028715133666992]
2019-04-01 15:07:30 INFO     Accuracy: [0.31236363636363634]

2019-04-01 15:07:31 INFO     Batch: [1/120] Epoch: [2] Loss: [2.0111140608787537]
2019-04-01 15:07:31 INFO     Batch: [2/120] Epoch: [2] Loss: [1.999442458152771]
2019-04-01 15:07:32 INFO     Batch: [3/120] Epoch: [2] Loss: [2.0023492872714996]
2019-04-01 15:07:32 INFO     Batch: [4/120] Epoch: [2] Loss: [1.9906111717224122]
2019-04-01 15:07:32 INFO     Batch: [5/120] Epoch: [2] Loss: [1.9854448835055034]
2019-04-01 15:07:33 INFO     Batch: [6/120] Epoch: [2] Loss: [1.9858822311673845]
2019-04-01 15:07:33 INFO     Batch: [7/120] Epoch: [2] Loss: [1.9868167787790298]
2019-04-01 15:07:33 INFO     Batch: [8/120] Epoch: [2] Loss: [1.9851983255810208]
2019-04-01 15:07:34 INFO     Batch: [9/120] Epoch: [2] Loss: [1.9813384890556336]
2019-04-01 15:07:34 INFO     Batch: [10/120] Epoch: [2] Loss: [1.9823741912841797]
2019-04-01 15:07:35 INFO     Batch: [11/120] Epoch: [2] Loss: [1.983374645312627]
2019-04-01 15:07:35 INFO     Batch: [12/120] Epoch: [2] Loss: [1.9848089493238008]
2019-04-01 15:07:35 INFO     Batch: [13/120] Epoch: [2] Loss: [1.9827556780406408]
2019-04-01 15:07:36 INFO     Batch: [14/120] Epoch: [2] Loss: [1.9829049746195475]
2019-04-01 15:07:36 INFO     Batch: [15/120] Epoch: [2] Loss: [1.9841333031654358]
2019-04-01 15:07:36 INFO     Batch: [16/120] Epoch: [2] Loss: [1.9831146422554464]
2019-04-01 15:07:37 INFO     Batch: [17/120] Epoch: [2] Loss: [1.9842905799547832]
2019-04-01 15:07:37 INFO     Batch: [18/120] Epoch: [2] Loss: [1.9823925181439048]
2019-04-01 15:07:38 INFO     Batch: [19/120] Epoch: [2] Loss: [1.98254474401474]
2019-04-01 15:07:38 INFO     Batch: [20/120] Epoch: [2] Loss: [1.981863016173953]
2019-04-01 15:07:38 INFO     Batch: [21/120] Epoch: [2] Loss: [1.9811417243697427]
2019-04-01 15:07:39 INFO     Batch: [22/120] Epoch: [2] Loss: [1.9796901163847551]
2019-04-01 15:07:39 INFO     Batch: [23/120] Epoch: [2] Loss: [1.9784921606381733]
2019-04-01 15:07:40 INFO     Batch: [24/120] Epoch: [2] Loss: [1.9784858512878418]
2019-04-01 15:07:40 INFO     Batch: [25/120] Epoch: [2] Loss: [1.9750188543246343]
2019-04-01 15:07:40 INFO     Batch: [26/120] Epoch: [2] Loss: [1.9748311969969008]
2019-04-01 15:07:41 INFO     Batch: [27/120] Epoch: [2] Loss: [1.9749694934913091]
2019-04-01 15:07:41 INFO     Batch: [28/120] Epoch: [2] Loss: [1.975468425915159]
2019-04-01 15:07:41 INFO     Batch: [29/120] Epoch: [2] Loss: [1.9760500550270081]
2019-04-01 15:07:42 INFO     Batch: [30/120] Epoch: [2] Loss: [1.9750789134733138]
2019-04-01 15:07:42 INFO     Batch: [31/120] Epoch: [2] Loss: [1.9740654081106186]
2019-04-01 15:07:43 INFO     Batch: [32/120] Epoch: [2] Loss: [1.9751495014537463]
2019-04-01 15:07:43 INFO     Batch: [33/120] Epoch: [2] Loss: [1.976161325679106]
2019-04-01 15:07:43 INFO     Batch: [34/120] Epoch: [2] Loss: [1.9749806472233364]
2019-04-01 15:07:44 INFO     Batch: [35/120] Epoch: [2] Loss: [1.9749279651376936]
2019-04-01 15:07:44 INFO     Batch: [36/120] Epoch: [2] Loss: [1.973703864458445]
2019-04-01 15:07:45 INFO     Batch: [37/120] Epoch: [2] Loss: [1.9740661163079112]
2019-04-01 15:07:45 INFO     Batch: [38/120] Epoch: [2] Loss: [1.9734591704148512]
2019-04-01 15:07:45 INFO     Batch: [39/120] Epoch: [2] Loss: [1.9742989242076874]
2019-04-01 15:07:46 INFO     Batch: [40/120] Epoch: [2] Loss: [1.9744337128429879]
2019-04-01 15:07:46 INFO     Batch: [41/120] Epoch: [2] Loss: [1.9733865970656985]
2019-04-01 15:07:46 INFO     Batch: [42/120] Epoch: [2] Loss: [1.972677982130716]
2019-04-01 15:07:47 INFO     Batch: [43/120] Epoch: [2] Loss: [1.9728981987996534]
2019-04-01 15:07:47 INFO     Batch: [44/120] Epoch: [2] Loss: [1.9721864779790244]
2019-04-01 15:07:47 INFO     Batch: [45/120] Epoch: [2] Loss: [1.9718727521274402]
2019-04-01 15:07:48 INFO     Batch: [46/120] Epoch: [2] Loss: [1.9715971287260665]
2019-04-01 15:07:48 INFO     Batch: [47/120] Epoch: [2] Loss: [1.9706932778159778]
2019-04-01 15:07:49 INFO     Batch: [48/120] Epoch: [2] Loss: [1.9702539541283433]
2019-04-01 15:07:49 INFO     Batch: [49/120] Epoch: [2] Loss: [1.9694356441497802]
2019-04-01 15:07:49 INFO     Batch: [50/120] Epoch: [2] Loss: [1.9699566785026998]
2019-04-01 15:07:50 INFO     Batch: [51/120] Epoch: [2] Loss: [1.9695314077230601]
2019-04-01 15:07:50 INFO     Batch: [52/120] Epoch: [2] Loss: [1.9692709873307426]
2019-04-01 15:07:50 INFO     Batch: [53/120] Epoch: [2] Loss: [1.9689715173509386]
2019-04-01 15:07:51 INFO     Batch: [54/120] Epoch: [2] Loss: [1.9678836519067937]
2019-04-01 15:07:51 INFO     Batch: [55/120] Epoch: [2] Loss: [1.966562392456191]
2019-04-01 15:07:52 INFO     Batch: [56/120] Epoch: [2] Loss: [1.9655340533507497]
2019-04-01 15:07:52 INFO     Batch: [57/120] Epoch: [2] Loss: [1.965519119953287]
2019-04-01 15:07:52 INFO     Batch: [58/120] Epoch: [2] Loss: [1.9646905579809415]
2019-04-01 15:07:53 INFO     Batch: [59/120] Epoch: [2] Loss: [1.9645166714986166]
2019-04-01 15:07:53 INFO     Batch: [60/120] Epoch: [2] Loss: [1.964191831526209]
2019-04-01 15:07:53 INFO     Batch: [61/120] Epoch: [2] Loss: [1.964212513739063]
2019-04-01 15:07:54 INFO     Batch: [62/120] Epoch: [2] Loss: [1.9638163286542136]
2019-04-01 15:07:54 INFO     Batch: [63/120] Epoch: [2] Loss: [1.9637079425156116]
2019-04-01 15:07:55 INFO     Batch: [64/120] Epoch: [2] Loss: [1.9631938750927265]
2019-04-01 15:07:55 INFO     Batch: [65/120] Epoch: [2] Loss: [1.962124329624754]
2019-04-01 15:07:55 INFO     Batch: [66/120] Epoch: [2] Loss: [1.9624946864683237]
2019-04-01 15:07:56 INFO     Batch: [67/120] Epoch: [2] Loss: [1.962373963173698]
2019-04-01 15:07:56 INFO     Batch: [68/120] Epoch: [2] Loss: [1.9615230802176655]
2019-04-01 15:07:56 INFO     Batch: [69/120] Epoch: [2] Loss: [1.9614199570247106]
2019-04-01 15:07:57 INFO     Batch: [70/120] Epoch: [2] Loss: [1.96160433325969]
2019-04-01 15:07:57 INFO     Batch: [71/120] Epoch: [2] Loss: [1.961367227964931]
2019-04-01 15:07:58 INFO     Batch: [72/120] Epoch: [2] Loss: [1.9608450376824156]
2019-04-01 15:07:58 INFO     Batch: [73/120] Epoch: [2] Loss: [1.9610835088265908]
2019-04-01 15:07:58 INFO     Batch: [74/120] Epoch: [2] Loss: [1.9602713632583617]
2019-04-01 15:07:59 INFO     Batch: [75/120] Epoch: [2] Loss: [1.9593805372714996]
2019-04-01 15:07:59 INFO     Batch: [76/120] Epoch: [2] Loss: [1.9591736886408422]
2019-04-01 15:08:00 INFO     Batch: [77/120] Epoch: [2] Loss: [1.9588161829190376]
2019-04-01 15:08:00 INFO     Batch: [78/120] Epoch: [2] Loss: [1.958443893661982]
2019-04-01 15:08:00 INFO     Batch: [79/120] Epoch: [2] Loss: [1.9575524151325225]
2019-04-01 15:08:01 INFO     Batch: [80/120] Epoch: [2] Loss: [1.9574396183461318]
2019-04-01 15:08:01 INFO     Batch: [81/120] Epoch: [2] Loss: [1.9569775273160237]
2019-04-01 15:08:01 INFO     Batch: [82/120] Epoch: [2] Loss: [1.956929076148803]
2019-04-01 15:08:02 INFO     Batch: [83/120] Epoch: [2] Loss: [1.9562257996627264]
2019-04-01 15:08:02 INFO     Batch: [84/120] Epoch: [2] Loss: [1.9560383361928604]
2019-04-01 15:08:03 INFO     Batch: [85/120] Epoch: [2] Loss: [1.956393484459367]
2019-04-01 15:08:03 INFO     Batch: [86/120] Epoch: [2] Loss: [1.956058167863166]
2019-04-01 15:08:03 INFO     Batch: [87/120] Epoch: [2] Loss: [1.9555667733604258]
2019-04-01 15:08:04 INFO     Batch: [88/120] Epoch: [2] Loss: [1.9551870514837544]
2019-04-01 15:08:04 INFO     Batch: [89/120] Epoch: [2] Loss: [1.9548249814245435]
2019-04-01 15:08:05 INFO     Batch: [90/120] Epoch: [2] Loss: [1.9546460240751833]
2019-04-01 15:08:05 INFO     Batch: [91/120] Epoch: [2] Loss: [1.9541589578856593]
2019-04-01 15:08:05 INFO     Batch: [92/120] Epoch: [2] Loss: [1.953651669204876]
2019-04-01 15:08:06 INFO     Batch: [93/120] Epoch: [2] Loss: [1.9527251923337896]
2019-04-01 15:08:06 INFO     Batch: [94/120] Epoch: [2] Loss: [1.9527504331187198]
2019-04-01 15:08:06 INFO     Batch: [95/120] Epoch: [2] Loss: [1.9528907723724842]
2019-04-01 15:08:07 INFO     Batch: [96/120] Epoch: [2] Loss: [1.9529713207913428]
2019-04-01 15:08:07 INFO     Batch: [97/120] Epoch: [2] Loss: [1.9527547079689649]
2019-04-01 15:08:08 INFO     Batch: [98/120] Epoch: [2] Loss: [1.9517988664935333]
2019-04-01 15:08:08 INFO     Batch: [99/120] Epoch: [2] Loss: [1.9510482501983644]
2019-04-01 15:08:08 INFO     Batch: [100/120] Epoch: [2] Loss: [1.9510878855639164]
2019-04-01 15:08:09 INFO     Batch: [101/120] Epoch: [2] Loss: [1.9508290057088815]
2019-04-01 15:08:09 INFO     Batch: [102/120] Epoch: [2] Loss: [1.9503642239616912]
2019-04-01 15:08:09 INFO     Batch: [103/120] Epoch: [2] Loss: [1.9498614519834518]
2019-04-01 15:08:10 INFO     Batch: [104/120] Epoch: [2] Loss: [1.9494401012148177]
2019-04-01 15:08:10 INFO     Batch: [105/120] Epoch: [2] Loss: [1.9492771513057205]
2019-04-01 15:08:11 INFO     Batch: [106/120] Epoch: [2] Loss: [1.9491739796700878]
2019-04-01 15:08:11 INFO     Batch: [107/120] Epoch: [2] Loss: [1.9488205170189892]
2019-04-01 15:08:11 INFO     Batch: [108/120] Epoch: [2] Loss: [1.9483040724325618]
2019-04-01 15:08:12 INFO     Batch: [109/120] Epoch: [2] Loss: [1.948009030385451]
2019-04-01 15:08:12 INFO     Batch: [110/120] Epoch: [2] Loss: [1.9472276831532385]
2019-04-01 15:08:13 INFO     Batch: [111/120] Epoch: [2] Loss: [1.946888546858515]
2019-04-01 15:08:13 INFO     Batch: [112/120] Epoch: [2] Loss: [1.94640251493032]
2019-04-01 15:08:13 INFO     Batch: [113/120] Epoch: [2] Loss: [1.9460422971792388]
2019-04-01 15:08:14 INFO     Batch: [114/120] Epoch: [2] Loss: [1.94542716378751]
2019-04-01 15:08:14 INFO     Batch: [115/120] Epoch: [2] Loss: [1.9453511320311447]
2019-04-01 15:08:14 INFO     Batch: [116/120] Epoch: [2] Loss: [1.9450645049413045]
2019-04-01 15:08:15 INFO     Batch: [117/120] Epoch: [2] Loss: [1.944781659013134]
2019-04-01 15:08:15 INFO     Batch: [118/120] Epoch: [2] Loss: [1.9441409511726444]
2019-04-01 15:08:16 INFO     Batch: [119/120] Epoch: [2] Loss: [1.9441029250621795]
2019-04-01 15:08:19 INFO     Epoch: [2/200] Loss: [1.9441029250621795] Accuracy: [0.3301818181818182]
2019-04-01 15:08:19 INFO     Batch: [0/120] Epoch: [3] Loss: [1.9149268865585327]
2019-04-01 15:08:22 INFO     Accuracy: [0.32599999999999996]

2019-04-01 15:08:23 INFO     Batch: [1/120] Epoch: [3] Loss: [1.9375238418579102]
2019-04-01 15:08:23 INFO     Batch: [2/120] Epoch: [3] Loss: [1.924248735109965]
2019-04-01 15:08:23 INFO     Batch: [3/120] Epoch: [3] Loss: [1.929905116558075]
2019-04-01 15:08:24 INFO     Batch: [4/120] Epoch: [3] Loss: [1.9202468872070313]
2019-04-01 15:08:24 INFO     Batch: [5/120] Epoch: [3] Loss: [1.913313368956248]
2019-04-01 15:08:24 INFO     Batch: [6/120] Epoch: [3] Loss: [1.908581018447876]
2019-04-01 15:08:25 INFO     Batch: [7/120] Epoch: [3] Loss: [1.9103014171123505]
2019-04-01 15:08:25 INFO     Batch: [8/120] Epoch: [3] Loss: [1.914397054248386]
2019-04-01 15:08:26 INFO     Batch: [9/120] Epoch: [3] Loss: [1.9168619632720947]
2019-04-01 15:08:26 INFO     Batch: [10/120] Epoch: [3] Loss: [1.9140442609786987]
2019-04-01 15:08:26 INFO     Batch: [11/120] Epoch: [3] Loss: [1.913658122221629]
2019-04-01 15:08:27 INFO     Batch: [12/120] Epoch: [3] Loss: [1.9116148398472712]
2019-04-01 15:08:27 INFO     Batch: [13/120] Epoch: [3] Loss: [1.9093631080218725]
2019-04-01 15:08:27 INFO     Batch: [14/120] Epoch: [3] Loss: [1.9103823900222778]
2019-04-01 15:08:28 INFO     Batch: [15/120] Epoch: [3] Loss: [1.9081404134631157]
2019-04-01 15:08:28 INFO     Batch: [16/120] Epoch: [3] Loss: [1.9078914207570694]
2019-04-01 15:08:29 INFO     Batch: [17/120] Epoch: [3] Loss: [1.9072302844789293]
2019-04-01 15:08:29 INFO     Batch: [18/120] Epoch: [3] Loss: [1.9059179833060818]
2019-04-01 15:08:29 INFO     Batch: [19/120] Epoch: [3] Loss: [1.9039989769458772]
2019-04-01 15:08:30 INFO     Batch: [20/120] Epoch: [3] Loss: [1.9027585983276367]
2019-04-01 15:08:30 INFO     Batch: [21/120] Epoch: [3] Loss: [1.9039988734505393]
2019-04-01 15:08:31 INFO     Batch: [22/120] Epoch: [3] Loss: [1.9030004325120344]
2019-04-01 15:08:31 INFO     Batch: [23/120] Epoch: [3] Loss: [1.9028846124807994]
2019-04-01 15:08:31 INFO     Batch: [24/120] Epoch: [3] Loss: [1.9034013032913208]
2019-04-01 15:08:32 INFO     Batch: [25/120] Epoch: [3] Loss: [1.9039736023316016]
2019-04-01 15:08:32 INFO     Batch: [26/120] Epoch: [3] Loss: [1.9048739627555564]
2019-04-01 15:08:32 INFO     Batch: [27/120] Epoch: [3] Loss: [1.9052232589040483]
2019-04-01 15:08:33 INFO     Batch: [28/120] Epoch: [3] Loss: [1.9046357006862247]
2019-04-01 15:08:33 INFO     Batch: [29/120] Epoch: [3] Loss: [1.903809090455373]
2019-04-01 15:08:34 INFO     Batch: [30/120] Epoch: [3] Loss: [1.9036308680811236]
2019-04-01 15:08:34 INFO     Batch: [31/120] Epoch: [3] Loss: [1.902206290513277]
2019-04-01 15:08:34 INFO     Batch: [32/120] Epoch: [3] Loss: [1.9032078584035237]
2019-04-01 15:08:35 INFO     Batch: [33/120] Epoch: [3] Loss: [1.9029158143436207]
2019-04-01 15:08:35 INFO     Batch: [34/120] Epoch: [3] Loss: [1.9050585303987775]
2019-04-01 15:08:35 INFO     Batch: [35/120] Epoch: [3] Loss: [1.9048952758312225]
2019-04-01 15:08:36 INFO     Batch: [36/120] Epoch: [3] Loss: [1.9033545094567377]
2019-04-01 15:08:36 INFO     Batch: [37/120] Epoch: [3] Loss: [1.9013671780887402]
2019-04-01 15:08:37 INFO     Batch: [38/120] Epoch: [3] Loss: [1.9010727069316766]
2019-04-01 15:08:37 INFO     Batch: [39/120] Epoch: [3] Loss: [1.8997918277978898]
2019-04-01 15:08:37 INFO     Batch: [40/120] Epoch: [3] Loss: [1.9001297107556971]
2019-04-01 15:08:38 INFO     Batch: [41/120] Epoch: [3] Loss: [1.8994507534163338]
2019-04-01 15:08:38 INFO     Batch: [42/120] Epoch: [3] Loss: [1.8994155678638192]
2019-04-01 15:08:39 INFO     Batch: [43/120] Epoch: [3] Loss: [1.898451106114821]
2019-04-01 15:08:39 INFO     Batch: [44/120] Epoch: [3] Loss: [1.8984453439712525]
2019-04-01 15:08:39 INFO     Batch: [45/120] Epoch: [3] Loss: [1.898078669672427]
2019-04-01 15:08:40 INFO     Batch: [46/120] Epoch: [3] Loss: [1.8991484084027879]
2019-04-01 15:08:40 INFO     Batch: [47/120] Epoch: [3] Loss: [1.8981939976414044]
2019-04-01 15:08:40 INFO     Batch: [48/120] Epoch: [3] Loss: [1.8986606451929833]
2019-04-01 15:08:41 INFO     Batch: [49/120] Epoch: [3] Loss: [1.8980538749694824]
2019-04-01 15:08:41 INFO     Batch: [50/120] Epoch: [3] Loss: [1.8979702089347092]
2019-04-01 15:08:42 INFO     Batch: [51/120] Epoch: [3] Loss: [1.8970155807641835]
2019-04-01 15:08:42 INFO     Batch: [52/120] Epoch: [3] Loss: [1.8968602396407217]
2019-04-01 15:08:42 INFO     Batch: [53/120] Epoch: [3] Loss: [1.8982839164910492]
2019-04-01 15:08:43 INFO     Batch: [54/120] Epoch: [3] Loss: [1.8979671651666814]
2019-04-01 15:08:43 INFO     Batch: [55/120] Epoch: [3] Loss: [1.897440261074475]
2019-04-01 15:08:43 INFO     Batch: [56/120] Epoch: [3] Loss: [1.8975072806341606]
2019-04-01 15:08:44 INFO     Batch: [57/120] Epoch: [3] Loss: [1.896798113296772]
2019-04-01 15:08:44 INFO     Batch: [58/120] Epoch: [3] Loss: [1.8963632462388378]
2019-04-01 15:08:45 INFO     Batch: [59/120] Epoch: [3] Loss: [1.8961471378803254]
2019-04-01 15:08:45 INFO     Batch: [60/120] Epoch: [3] Loss: [1.896585063856156]
2019-04-01 15:08:45 INFO     Batch: [61/120] Epoch: [3] Loss: [1.8960255768991285]
2019-04-01 15:08:46 INFO     Batch: [62/120] Epoch: [3] Loss: [1.8956518892257932]
2019-04-01 15:08:46 INFO     Batch: [63/120] Epoch: [3] Loss: [1.894341867417097]
2019-04-01 15:08:46 INFO     Batch: [64/120] Epoch: [3] Loss: [1.893338940693782]
2019-04-01 15:08:47 INFO     Batch: [65/120] Epoch: [3] Loss: [1.8932065873435049]
2019-04-01 15:08:47 INFO     Batch: [66/120] Epoch: [3] Loss: [1.893204786884251]
2019-04-01 15:08:48 INFO     Batch: [67/120] Epoch: [3] Loss: [1.8926810341722824]
2019-04-01 15:08:48 INFO     Batch: [68/120] Epoch: [3] Loss: [1.8932303432105244]
2019-04-01 15:08:48 INFO     Batch: [69/120] Epoch: [3] Loss: [1.8931329556873866]
2019-04-01 15:08:49 INFO     Batch: [70/120] Epoch: [3] Loss: [1.8924926653714247]
2019-04-01 15:08:49 INFO     Batch: [71/120] Epoch: [3] Loss: [1.8917662534448836]
2019-04-01 15:08:50 INFO     Batch: [72/120] Epoch: [3] Loss: [1.8910285528392008]
2019-04-01 15:08:50 INFO     Batch: [73/120] Epoch: [3] Loss: [1.8911859296463631]
2019-04-01 15:08:50 INFO     Batch: [74/120] Epoch: [3] Loss: [1.8904674752553303]
2019-04-01 15:08:51 INFO     Batch: [75/120] Epoch: [3] Loss: [1.890416195518092]
2019-04-01 15:08:51 INFO     Batch: [76/120] Epoch: [3] Loss: [1.8896044910728158]
2019-04-01 15:08:51 INFO     Batch: [77/120] Epoch: [3] Loss: [1.8892060548831255]
2019-04-01 15:08:52 INFO     Batch: [78/120] Epoch: [3] Loss: [1.8891034699693512]
2019-04-01 15:08:52 INFO     Batch: [79/120] Epoch: [3] Loss: [1.8889348387718201]
2019-04-01 15:08:53 INFO     Batch: [80/120] Epoch: [3] Loss: [1.889397816893495]
2019-04-01 15:08:53 INFO     Batch: [81/120] Epoch: [3] Loss: [1.8894846264908953]
2019-04-01 15:08:53 INFO     Batch: [82/120] Epoch: [3] Loss: [1.8892461837056171]
2019-04-01 15:08:54 INFO     Batch: [83/120] Epoch: [3] Loss: [1.888697631302334]
2019-04-01 15:08:54 INFO     Batch: [84/120] Epoch: [3] Loss: [1.8887336773030898]
2019-04-01 15:08:54 INFO     Batch: [85/120] Epoch: [3] Loss: [1.8887837030166803]
2019-04-01 15:08:55 INFO     Batch: [86/120] Epoch: [3] Loss: [1.8886089407164475]
2019-04-01 15:08:55 INFO     Batch: [87/120] Epoch: [3] Loss: [1.888403587720611]
2019-04-01 15:08:56 INFO     Batch: [88/120] Epoch: [3] Loss: [1.8888995084869729]
2019-04-01 15:08:56 INFO     Batch: [89/120] Epoch: [3] Loss: [1.8886956281132168]
2019-04-01 15:08:56 INFO     Batch: [90/120] Epoch: [3] Loss: [1.8880898729785458]
2019-04-01 15:08:57 INFO     Batch: [91/120] Epoch: [3] Loss: [1.8880804673485134]
2019-04-01 15:08:57 INFO     Batch: [92/120] Epoch: [3] Loss: [1.8877128490837671]
2019-04-01 15:08:58 INFO     Batch: [93/120] Epoch: [3] Loss: [1.8872600743111143]
2019-04-01 15:08:58 INFO     Batch: [94/120] Epoch: [3] Loss: [1.886844213385331]
2019-04-01 15:08:58 INFO     Batch: [95/120] Epoch: [3] Loss: [1.8863507869342964]
2019-04-01 15:08:59 INFO     Batch: [96/120] Epoch: [3] Loss: [1.8862087935516514]
2019-04-01 15:08:59 INFO     Batch: [97/120] Epoch: [3] Loss: [1.885948265085415]
2019-04-01 15:08:59 INFO     Batch: [98/120] Epoch: [3] Loss: [1.8853328384534278]
2019-04-01 15:09:00 INFO     Batch: [99/120] Epoch: [3] Loss: [1.8848462963104249]
2019-04-01 15:09:00 INFO     Batch: [100/120] Epoch: [3] Loss: [1.8847179554476596]
2019-04-01 15:09:01 INFO     Batch: [101/120] Epoch: [3] Loss: [1.884312364400602]
2019-04-01 15:09:01 INFO     Batch: [102/120] Epoch: [3] Loss: [1.8842114985567853]
2019-04-01 15:09:01 INFO     Batch: [103/120] Epoch: [3] Loss: [1.8836351942557554]
2019-04-01 15:09:02 INFO     Batch: [104/120] Epoch: [3] Loss: [1.8834917704264322]
2019-04-01 15:09:02 INFO     Batch: [105/120] Epoch: [3] Loss: [1.8839532069440157]
2019-04-01 15:09:02 INFO     Batch: [106/120] Epoch: [3] Loss: [1.8839319743842722]
2019-04-01 15:09:03 INFO     Batch: [107/120] Epoch: [3] Loss: [1.8838006887171004]
2019-04-01 15:09:03 INFO     Batch: [108/120] Epoch: [3] Loss: [1.8836123101208189]
2019-04-01 15:09:03 INFO     Batch: [109/120] Epoch: [3] Loss: [1.8832805037498475]
2019-04-01 15:09:04 INFO     Batch: [110/120] Epoch: [3] Loss: [1.8836938862328056]
2019-04-01 15:09:04 INFO     Batch: [111/120] Epoch: [3] Loss: [1.8836128977792603]
2019-04-01 15:09:05 INFO     Batch: [112/120] Epoch: [3] Loss: [1.883645291877004]
2019-04-01 15:09:05 INFO     Batch: [113/120] Epoch: [3] Loss: [1.8830068059134901]
2019-04-01 15:09:05 INFO     Batch: [114/120] Epoch: [3] Loss: [1.8828810546709143]
2019-04-01 15:09:06 INFO     Batch: [115/120] Epoch: [3] Loss: [1.8821892779448937]
2019-04-01 15:09:06 INFO     Batch: [116/120] Epoch: [3] Loss: [1.881687852052542]
2019-04-01 15:09:07 INFO     Batch: [117/120] Epoch: [3] Loss: [1.8816555526296972]
2019-04-01 15:09:07 INFO     Batch: [118/120] Epoch: [3] Loss: [1.8816136712787532]
2019-04-01 15:09:07 INFO     Batch: [119/120] Epoch: [3] Loss: [1.881219101945559]
2019-04-01 15:09:10 INFO     Epoch: [3/200] Loss: [1.881219101945559] Accuracy: [0.3601818181818182]
2019-04-01 15:09:11 INFO     Batch: [0/120] Epoch: [4] Loss: [1.871700406074524]
2019-04-01 15:09:14 INFO     Accuracy: [0.358]

2019-04-01 15:09:14 INFO     Batch: [1/120] Epoch: [4] Loss: [1.8822500109672546]
2019-04-01 15:09:15 INFO     Batch: [2/120] Epoch: [4] Loss: [1.8732635577519734]
2019-04-01 15:09:15 INFO     Batch: [3/120] Epoch: [4] Loss: [1.8606305420398712]
2019-04-01 15:09:15 INFO     Batch: [4/120] Epoch: [4] Loss: [1.867149829864502]
2019-04-01 15:09:16 INFO     Batch: [5/120] Epoch: [4] Loss: [1.8623718619346619]
2019-04-01 15:09:16 INFO     Batch: [6/120] Epoch: [4] Loss: [1.8632368871143885]
2019-04-01 15:09:17 INFO     Batch: [7/120] Epoch: [4] Loss: [1.8604390621185303]
2019-04-01 15:09:17 INFO     Batch: [8/120] Epoch: [4] Loss: [1.8621930943595038]
2019-04-01 15:09:17 INFO     Batch: [9/120] Epoch: [4] Loss: [1.8690454840660096]
2019-04-01 15:09:18 INFO     Batch: [10/120] Epoch: [4] Loss: [1.8669080950997092]
2019-04-01 15:09:18 INFO     Batch: [11/120] Epoch: [4] Loss: [1.8689297835032146]
2019-04-01 15:09:18 INFO     Batch: [12/120] Epoch: [4] Loss: [1.8721041771081777]
2019-04-01 15:09:19 INFO     Batch: [13/120] Epoch: [4] Loss: [1.8706239206450326]
2019-04-01 15:09:19 INFO     Batch: [14/120] Epoch: [4] Loss: [1.8676244894663492]
2019-04-01 15:09:20 INFO     Batch: [15/120] Epoch: [4] Loss: [1.8640764728188515]
2019-04-01 15:09:20 INFO     Batch: [16/120] Epoch: [4] Loss: [1.8650048901053036]
2019-04-01 15:09:20 INFO     Batch: [17/120] Epoch: [4] Loss: [1.8617439534929063]
2019-04-01 15:09:21 INFO     Batch: [18/120] Epoch: [4] Loss: [1.8609953679536517]
2019-04-01 15:09:21 INFO     Batch: [19/120] Epoch: [4] Loss: [1.8605350971221923]
2019-04-01 15:09:21 INFO     Batch: [20/120] Epoch: [4] Loss: [1.858389178911845]
2019-04-01 15:09:22 INFO     Batch: [21/120] Epoch: [4] Loss: [1.8580182519826023]
2019-04-01 15:09:22 INFO     Batch: [22/120] Epoch: [4] Loss: [1.857696154843206]
2019-04-01 15:09:23 INFO     Batch: [23/120] Epoch: [4] Loss: [1.8578839947779973]
2019-04-01 15:09:23 INFO     Batch: [24/120] Epoch: [4] Loss: [1.8551123714447022]
2019-04-01 15:09:23 INFO     Batch: [25/120] Epoch: [4] Loss: [1.8540595999130836]
2019-04-01 15:09:24 INFO     Batch: [26/120] Epoch: [4] Loss: [1.8550920530601784]
2019-04-01 15:09:24 INFO     Batch: [27/120] Epoch: [4] Loss: [1.8547258121626717]
2019-04-01 15:09:24 INFO     Batch: [28/120] Epoch: [4] Loss: [1.8542908717846047]
2019-04-01 15:09:25 INFO     Batch: [29/120] Epoch: [4] Loss: [1.8550824125607808]
2019-04-01 15:09:25 INFO     Batch: [30/120] Epoch: [4] Loss: [1.8552739120298816]
2019-04-01 15:09:25 INFO     Batch: [31/120] Epoch: [4] Loss: [1.8552983291447163]
2019-04-01 15:09:26 INFO     Batch: [32/120] Epoch: [4] Loss: [1.8549873756639885]
2019-04-01 15:09:26 INFO     Batch: [33/120] Epoch: [4] Loss: [1.8533782468122595]
2019-04-01 15:09:27 INFO     Batch: [34/120] Epoch: [4] Loss: [1.8536062853676931]
2019-04-01 15:09:27 INFO     Batch: [35/120] Epoch: [4] Loss: [1.853551659319136]
2019-04-01 15:09:27 INFO     Batch: [36/120] Epoch: [4] Loss: [1.8528775170042708]
2019-04-01 15:09:28 INFO     Batch: [37/120] Epoch: [4] Loss: [1.85346561984012]
2019-04-01 15:09:28 INFO     Batch: [38/120] Epoch: [4] Loss: [1.8529756619380071]
2019-04-01 15:09:28 INFO     Batch: [39/120] Epoch: [4] Loss: [1.8529737651348115]
2019-04-01 15:09:29 INFO     Batch: [40/120] Epoch: [4] Loss: [1.8519873677230463]
2019-04-01 15:09:29 INFO     Batch: [41/120] Epoch: [4] Loss: [1.851445822488694]
2019-04-01 15:09:30 INFO     Batch: [42/120] Epoch: [4] Loss: [1.8507741135220195]
2019-04-01 15:09:30 INFO     Batch: [43/120] Epoch: [4] Loss: [1.8506453226913104]
2019-04-01 15:09:30 INFO     Batch: [44/120] Epoch: [4] Loss: [1.8494524929258558]
2019-04-01 15:09:31 INFO     Batch: [45/120] Epoch: [4] Loss: [1.848070968752322]
2019-04-01 15:09:31 INFO     Batch: [46/120] Epoch: [4] Loss: [1.848774364654054]
2019-04-01 15:09:32 INFO     Batch: [47/120] Epoch: [4] Loss: [1.8486727997660637]
2019-04-01 15:09:32 INFO     Batch: [48/120] Epoch: [4] Loss: [1.849235580891979]
2019-04-01 15:09:32 INFO     Batch: [49/120] Epoch: [4] Loss: [1.8492659735679626]
2019-04-01 15:09:33 INFO     Batch: [50/120] Epoch: [4] Loss: [1.8485487045026292]
2019-04-01 15:09:33 INFO     Batch: [51/120] Epoch: [4] Loss: [1.8480958205003004]
2019-04-01 15:09:33 INFO     Batch: [52/120] Epoch: [4] Loss: [1.8480266490072574]
2019-04-01 15:09:34 INFO     Batch: [53/120] Epoch: [4] Loss: [1.848931899777165]
2019-04-01 15:09:34 INFO     Batch: [54/120] Epoch: [4] Loss: [1.8489976904608987]
2019-04-01 15:09:35 INFO     Batch: [55/120] Epoch: [4] Loss: [1.849574163556099]
2019-04-01 15:09:35 INFO     Batch: [56/120] Epoch: [4] Loss: [1.8494875075524313]
2019-04-01 15:09:35 INFO     Batch: [57/120] Epoch: [4] Loss: [1.8493078741534004]
2019-04-01 15:09:36 INFO     Batch: [58/120] Epoch: [4] Loss: [1.8496735843561463]
2019-04-01 15:09:36 INFO     Batch: [59/120] Epoch: [4] Loss: [1.850135185321172]
2019-04-01 15:09:36 INFO     Batch: [60/120] Epoch: [4] Loss: [1.8495004118465987]
2019-04-01 15:09:37 INFO     Batch: [61/120] Epoch: [4] Loss: [1.8501599277219465]
2019-04-01 15:09:37 INFO     Batch: [62/120] Epoch: [4] Loss: [1.8501955441066198]
2019-04-01 15:09:38 INFO     Batch: [63/120] Epoch: [4] Loss: [1.8481504283845425]
2019-04-01 15:09:38 INFO     Batch: [64/120] Epoch: [4] Loss: [1.84688249367934]
2019-04-01 15:09:38 INFO     Batch: [65/120] Epoch: [4] Loss: [1.8463810989350984]
2019-04-01 15:09:39 INFO     Batch: [66/120] Epoch: [4] Loss: [1.845615070257614]
2019-04-01 15:09:39 INFO     Batch: [67/120] Epoch: [4] Loss: [1.845374370322508]
2019-04-01 15:09:39 INFO     Batch: [68/120] Epoch: [4] Loss: [1.8455521818520366]
2019-04-01 15:09:40 INFO     Batch: [69/120] Epoch: [4] Loss: [1.845279586315155]
2019-04-01 15:09:40 INFO     Batch: [70/120] Epoch: [4] Loss: [1.8444931775751248]
2019-04-01 15:09:41 INFO     Batch: [71/120] Epoch: [4] Loss: [1.8442776948213577]
2019-04-01 15:09:41 INFO     Batch: [72/120] Epoch: [4] Loss: [1.8438268393686372]
2019-04-01 15:09:41 INFO     Batch: [73/120] Epoch: [4] Loss: [1.843178950451516]
2019-04-01 15:09:42 INFO     Batch: [74/120] Epoch: [4] Loss: [1.8439327096939087]
2019-04-01 15:09:42 INFO     Batch: [75/120] Epoch: [4] Loss: [1.8432460223373615]
2019-04-01 15:09:43 INFO     Batch: [76/120] Epoch: [4] Loss: [1.8430736622253021]
2019-04-01 15:09:43 INFO     Batch: [77/120] Epoch: [4] Loss: [1.8428582870043242]
2019-04-01 15:09:43 INFO     Batch: [78/120] Epoch: [4] Loss: [1.8430469730232335]
2019-04-01 15:09:44 INFO     Batch: [79/120] Epoch: [4] Loss: [1.8421924859285355]
2019-04-01 15:09:44 INFO     Batch: [80/120] Epoch: [4] Loss: [1.842355661922031]
2019-04-01 15:09:44 INFO     Batch: [81/120] Epoch: [4] Loss: [1.8419485833586715]
2019-04-01 15:09:45 INFO     Batch: [82/120] Epoch: [4] Loss: [1.8421205167310784]
2019-04-01 15:09:45 INFO     Batch: [83/120] Epoch: [4] Loss: [1.8418524449779874]
2019-04-01 15:09:46 INFO     Batch: [84/120] Epoch: [4] Loss: [1.842081556600683]
2019-04-01 15:09:46 INFO     Batch: [85/120] Epoch: [4] Loss: [1.8416318851847981]
2019-04-01 15:09:46 INFO     Batch: [86/120] Epoch: [4] Loss: [1.8411873167958752]
2019-04-01 15:09:47 INFO     Batch: [87/120] Epoch: [4] Loss: [1.840841206637296]
2019-04-01 15:09:47 INFO     Batch: [88/120] Epoch: [4] Loss: [1.8411192036746593]
2019-04-01 15:09:48 INFO     Batch: [89/120] Epoch: [4] Loss: [1.8404903491338094]
2019-04-01 15:09:48 INFO     Batch: [90/120] Epoch: [4] Loss: [1.8412040498230484]
2019-04-01 15:09:48 INFO     Batch: [91/120] Epoch: [4] Loss: [1.8412161469459534]
2019-04-01 15:09:49 INFO     Batch: [92/120] Epoch: [4] Loss: [1.8412350723820348]
2019-04-01 15:09:49 INFO     Batch: [93/120] Epoch: [4] Loss: [1.8410714699866924]
2019-04-01 15:09:49 INFO     Batch: [94/120] Epoch: [4] Loss: [1.841362722296464]
2019-04-01 15:09:50 INFO     Batch: [95/120] Epoch: [4] Loss: [1.840964167068402]
2019-04-01 15:09:50 INFO     Batch: [96/120] Epoch: [4] Loss: [1.840873497048604]
2019-04-01 15:09:51 INFO     Batch: [97/120] Epoch: [4] Loss: [1.840735639844622]
2019-04-01 15:09:51 INFO     Batch: [98/120] Epoch: [4] Loss: [1.8407284527113943]
2019-04-01 15:09:51 INFO     Batch: [99/120] Epoch: [4] Loss: [1.8403602349758148]
2019-04-01 15:09:52 INFO     Batch: [100/120] Epoch: [4] Loss: [1.8402842118008302]
2019-04-01 15:09:52 INFO     Batch: [101/120] Epoch: [4] Loss: [1.8401683335210763]
2019-04-01 15:09:52 INFO     Batch: [102/120] Epoch: [4] Loss: [1.840365442257483]
2019-04-01 15:09:53 INFO     Batch: [103/120] Epoch: [4] Loss: [1.8397560807374806]
2019-04-01 15:09:53 INFO     Batch: [104/120] Epoch: [4] Loss: [1.839902301061721]
2019-04-01 15:09:54 INFO     Batch: [105/120] Epoch: [4] Loss: [1.8399821744774871]
2019-04-01 15:09:54 INFO     Batch: [106/120] Epoch: [4] Loss: [1.8400478853243534]
2019-04-01 15:09:54 INFO     Batch: [107/120] Epoch: [4] Loss: [1.8397459597499282]
2019-04-01 15:09:55 INFO     Batch: [108/120] Epoch: [4] Loss: [1.8395012420251828]
2019-04-01 15:09:55 INFO     Batch: [109/120] Epoch: [4] Loss: [1.8392874175851994]
2019-04-01 15:09:56 INFO     Batch: [110/120] Epoch: [4] Loss: [1.8390843492370468]
2019-04-01 15:09:56 INFO     Batch: [111/120] Epoch: [4] Loss: [1.838671156338283]
2019-04-01 15:09:56 INFO     Batch: [112/120] Epoch: [4] Loss: [1.8386445762836827]
2019-04-01 15:09:57 INFO     Batch: [113/120] Epoch: [4] Loss: [1.8385759769824512]
2019-04-01 15:09:57 INFO     Batch: [114/120] Epoch: [4] Loss: [1.838089510668879]
2019-04-01 15:09:57 INFO     Batch: [115/120] Epoch: [4] Loss: [1.8383812883804584]
2019-04-01 15:09:58 INFO     Batch: [116/120] Epoch: [4] Loss: [1.8387774483770387]
2019-04-01 15:09:58 INFO     Batch: [117/120] Epoch: [4] Loss: [1.8395862276271238]
2019-04-01 15:09:59 INFO     Batch: [118/120] Epoch: [4] Loss: [1.8390290106044096]
2019-04-01 15:09:59 INFO     Batch: [119/120] Epoch: [4] Loss: [1.8385191251834234]
2019-04-01 15:10:02 INFO     Epoch: [4/200] Loss: [1.8385191251834234] Accuracy: [0.3647272727272727]
2019-04-01 15:10:03 INFO     Batch: [0/120] Epoch: [5] Loss: [1.8391897678375244]
2019-04-01 15:10:05 INFO     Accuracy: [0.3710909090909091]

2019-04-01 15:10:06 INFO     Batch: [1/120] Epoch: [5] Loss: [1.8394429087638855]
2019-04-01 15:10:06 INFO     Batch: [2/120] Epoch: [5] Loss: [1.8413278659184773]
2019-04-01 15:10:06 INFO     Batch: [3/120] Epoch: [5] Loss: [1.840493619441986]
2019-04-01 15:10:07 INFO     Batch: [4/120] Epoch: [5] Loss: [1.830088496208191]
2019-04-01 15:10:07 INFO     Batch: [5/120] Epoch: [5] Loss: [1.8253146211306255]
2019-04-01 15:10:08 INFO     Batch: [6/120] Epoch: [5] Loss: [1.8211772612163]
2019-04-01 15:10:08 INFO     Batch: [7/120] Epoch: [5] Loss: [1.81870736181736]
2019-04-01 15:10:08 INFO     Batch: [8/120] Epoch: [5] Loss: [1.8174686564339533]
2019-04-01 15:10:09 INFO     Batch: [9/120] Epoch: [5] Loss: [1.8139282941818238]
2019-04-01 15:10:09 INFO     Batch: [10/120] Epoch: [5] Loss: [1.8093318180604414]
2019-04-01 15:10:09 INFO     Batch: [11/120] Epoch: [5] Loss: [1.8111322025458019]
2019-04-01 15:10:10 INFO     Batch: [12/120] Epoch: [5] Loss: [1.8113621840110192]
2019-04-01 15:10:10 INFO     Batch: [13/120] Epoch: [5] Loss: [1.8115537336894445]
2019-04-01 15:10:11 INFO     Batch: [14/120] Epoch: [5] Loss: [1.8130835135777792]
2019-04-01 15:10:11 INFO     Batch: [15/120] Epoch: [5] Loss: [1.8120745420455933]
2019-04-01 15:10:11 INFO     Batch: [16/120] Epoch: [5] Loss: [1.814178564969231]
2019-04-01 15:10:12 INFO     Batch: [17/120] Epoch: [5] Loss: [1.814480311340756]
2019-04-01 15:10:12 INFO     Batch: [18/120] Epoch: [5] Loss: [1.814842845264234]
2019-04-01 15:10:12 INFO     Batch: [19/120] Epoch: [5] Loss: [1.816506314277649]
2019-04-01 15:10:13 INFO     Batch: [20/120] Epoch: [5] Loss: [1.8206625268572854]
2019-04-01 15:10:13 INFO     Batch: [21/120] Epoch: [5] Loss: [1.8210617954080754]
2019-04-01 15:10:14 INFO     Batch: [22/120] Epoch: [5] Loss: [1.8236497225968733]
2019-04-01 15:10:14 INFO     Batch: [23/120] Epoch: [5] Loss: [1.8214118232329686]
2019-04-01 15:10:14 INFO     Batch: [24/120] Epoch: [5] Loss: [1.817710084915161]
2019-04-01 15:10:15 INFO     Batch: [25/120] Epoch: [5] Loss: [1.8194674941209645]
2019-04-01 15:10:15 INFO     Batch: [26/120] Epoch: [5] Loss: [1.82100338406033]
2019-04-01 15:10:15 INFO     Batch: [27/120] Epoch: [5] Loss: [1.8215220613139016]
2019-04-01 15:10:16 INFO     Batch: [28/120] Epoch: [5] Loss: [1.8213408198849907]
2019-04-01 15:10:16 INFO     Batch: [29/120] Epoch: [5] Loss: [1.8216893116633097]
2019-04-01 15:10:17 INFO     Batch: [30/120] Epoch: [5] Loss: [1.822949770958193]
2019-04-01 15:10:17 INFO     Batch: [31/120] Epoch: [5] Loss: [1.823484268039465]
2019-04-01 15:10:17 INFO     Batch: [32/120] Epoch: [5] Loss: [1.8250389207493176]
2019-04-01 15:10:18 INFO     Batch: [33/120] Epoch: [5] Loss: [1.8250876069068909]
2019-04-01 15:10:18 INFO     Batch: [34/120] Epoch: [5] Loss: [1.8249704667500086]
2019-04-01 15:10:18 INFO     Batch: [35/120] Epoch: [5] Loss: [1.823883957333035]
2019-04-01 15:10:19 INFO     Batch: [36/120] Epoch: [5] Loss: [1.8247388762396735]
2019-04-01 15:10:19 INFO     Batch: [37/120] Epoch: [5] Loss: [1.8241799599245976]
2019-04-01 15:10:19 INFO     Batch: [38/120] Epoch: [5] Loss: [1.8248687921426234]
2019-04-01 15:10:20 INFO     Batch: [39/120] Epoch: [5] Loss: [1.826549932360649]
2019-04-01 15:10:20 INFO     Batch: [40/120] Epoch: [5] Loss: [1.8262892031088107]
2019-04-01 15:10:21 INFO     Batch: [41/120] Epoch: [5] Loss: [1.827543386391231]
2019-04-01 15:10:21 INFO     Batch: [42/120] Epoch: [5] Loss: [1.827393842297931]
2019-04-01 15:10:21 INFO     Batch: [43/120] Epoch: [5] Loss: [1.8280828459696337]
2019-04-01 15:10:22 INFO     Batch: [44/120] Epoch: [5] Loss: [1.8275685681237115]
2019-04-01 15:10:22 INFO     Batch: [45/120] Epoch: [5] Loss: [1.827553337034972]
2019-04-01 15:10:22 INFO     Batch: [46/120] Epoch: [5] Loss: [1.8253631845433662]
2019-04-01 15:10:23 INFO     Batch: [47/120] Epoch: [5] Loss: [1.82438575476408]
2019-04-01 15:10:23 INFO     Batch: [48/120] Epoch: [5] Loss: [1.8247631690940078]
2019-04-01 15:10:24 INFO     Batch: [49/120] Epoch: [5] Loss: [1.825406858921051]
2019-04-01 15:10:24 INFO     Batch: [50/120] Epoch: [5] Loss: [1.8257245900584202]
2019-04-01 15:10:24 INFO     Batch: [51/120] Epoch: [5] Loss: [1.826318736259754]
2019-04-01 15:10:25 INFO     Batch: [52/120] Epoch: [5] Loss: [1.8249117023539994]
2019-04-01 15:10:25 INFO     Batch: [53/120] Epoch: [5] Loss: [1.8247285772252966]
2019-04-01 15:10:25 INFO     Batch: [54/120] Epoch: [5] Loss: [1.824308542771773]
2019-04-01 15:10:26 INFO     Batch: [55/120] Epoch: [5] Loss: [1.8239689597061701]
2019-04-01 15:10:26 INFO     Batch: [56/120] Epoch: [5] Loss: [1.824475974367376]
2019-04-01 15:10:26 INFO     Batch: [57/120] Epoch: [5] Loss: [1.8247713611043732]
2019-04-01 15:10:27 INFO     Batch: [58/120] Epoch: [5] Loss: [1.823982592356407]
2019-04-01 15:10:27 INFO     Batch: [59/120] Epoch: [5] Loss: [1.8236413419246673]
2019-04-01 15:10:28 INFO     Batch: [60/120] Epoch: [5] Loss: [1.8234945301149712]
2019-04-01 15:10:28 INFO     Batch: [61/120] Epoch: [5] Loss: [1.822661945896764]
2019-04-01 15:10:28 INFO     Batch: [62/120] Epoch: [5] Loss: [1.8212944061037093]
2019-04-01 15:10:29 INFO     Batch: [63/120] Epoch: [5] Loss: [1.8214113097637892]
2019-04-01 15:10:29 INFO     Batch: [64/120] Epoch: [5] Loss: [1.8213857687436616]
2019-04-01 15:10:29 INFO     Batch: [65/120] Epoch: [5] Loss: [1.8199322241725344]
2019-04-01 15:10:30 INFO     Batch: [66/120] Epoch: [5] Loss: [1.8189801529272278]
2019-04-01 15:10:30 INFO     Batch: [67/120] Epoch: [5] Loss: [1.8179510218255661]
2019-04-01 15:10:31 INFO     Batch: [68/120] Epoch: [5] Loss: [1.818098593449247]
2019-04-01 15:10:31 INFO     Batch: [69/120] Epoch: [5] Loss: [1.8186957461493356]
2019-04-01 15:10:31 INFO     Batch: [70/120] Epoch: [5] Loss: [1.81842255928147]
2019-04-01 15:10:32 INFO     Batch: [71/120] Epoch: [5] Loss: [1.8176814748181238]
2019-04-01 15:10:32 INFO     Batch: [72/120] Epoch: [5] Loss: [1.8166128184697399]
2019-04-01 15:10:32 INFO     Batch: [73/120] Epoch: [5] Loss: [1.8162278581309963]
2019-04-01 15:10:33 INFO     Batch: [74/120] Epoch: [5] Loss: [1.8160042730967203]
2019-04-01 15:10:33 INFO     Batch: [75/120] Epoch: [5] Loss: [1.8160587721749355]
2019-04-01 15:10:34 INFO     Batch: [76/120] Epoch: [5] Loss: [1.8158130072928094]
2019-04-01 15:10:34 INFO     Batch: [77/120] Epoch: [5] Loss: [1.8152720072330573]
2019-04-01 15:10:34 INFO     Batch: [78/120] Epoch: [5] Loss: [1.8147941933402532]
2019-04-01 15:10:35 INFO     Batch: [79/120] Epoch: [5] Loss: [1.8145909950137138]
2019-04-01 15:10:35 INFO     Batch: [80/120] Epoch: [5] Loss: [1.8145461391519617]
2019-04-01 15:10:35 INFO     Batch: [81/120] Epoch: [5] Loss: [1.8140564924333153]
2019-04-01 15:10:36 INFO     Batch: [82/120] Epoch: [5] Loss: [1.8137372272560395]
2019-04-01 15:10:36 INFO     Batch: [83/120] Epoch: [5] Loss: [1.8126805538222903]
2019-04-01 15:10:37 INFO     Batch: [84/120] Epoch: [5] Loss: [1.8129678557900821]
2019-04-01 15:10:37 INFO     Batch: [85/120] Epoch: [5] Loss: [1.812437190565952]
2019-04-01 15:10:37 INFO     Batch: [86/120] Epoch: [5] Loss: [1.812083319685925]
2019-04-01 15:10:38 INFO     Batch: [87/120] Epoch: [5] Loss: [1.8115094182166187]
2019-04-01 15:10:38 INFO     Batch: [88/120] Epoch: [5] Loss: [1.8114294670940785]
2019-04-01 15:10:38 INFO     Batch: [89/120] Epoch: [5] Loss: [1.8117231872346666]
2019-04-01 15:10:39 INFO     Batch: [90/120] Epoch: [5] Loss: [1.8122497286115373]
2019-04-01 15:10:39 INFO     Batch: [91/120] Epoch: [5] Loss: [1.812111012313677]
2019-04-01 15:10:40 INFO     Batch: [92/120] Epoch: [5] Loss: [1.811629214594441]
2019-04-01 15:10:40 INFO     Batch: [93/120] Epoch: [5] Loss: [1.8110447754251195]
2019-04-01 15:10:40 INFO     Batch: [94/120] Epoch: [5] Loss: [1.8110780075976722]
2019-04-01 15:10:41 INFO     Batch: [95/120] Epoch: [5] Loss: [1.8103306877116363]
2019-04-01 15:10:41 INFO     Batch: [96/120] Epoch: [5] Loss: [1.8104240623946042]
2019-04-01 15:10:42 INFO     Batch: [97/120] Epoch: [5] Loss: [1.8100288376516225]
2019-04-01 15:10:42 INFO     Batch: [98/120] Epoch: [5] Loss: [1.809318837493357]
2019-04-01 15:10:42 INFO     Batch: [99/120] Epoch: [5] Loss: [1.8087273585796355]
2019-04-01 15:10:43 INFO     Batch: [100/120] Epoch: [5] Loss: [1.8083896707780291]
2019-04-01 15:10:43 INFO     Batch: [101/120] Epoch: [5] Loss: [1.8082962445184296]
2019-04-01 15:10:43 INFO     Batch: [102/120] Epoch: [5] Loss: [1.808934130714935]
2019-04-01 15:10:44 INFO     Batch: [103/120] Epoch: [5] Loss: [1.808273481634947]
2019-04-01 15:10:44 INFO     Batch: [104/120] Epoch: [5] Loss: [1.8084803388232276]
2019-04-01 15:10:45 INFO     Batch: [105/120] Epoch: [5] Loss: [1.8081726690508284]
2019-04-01 15:10:45 INFO     Batch: [106/120] Epoch: [5] Loss: [1.8081056626043588]
2019-04-01 15:10:45 INFO     Batch: [107/120] Epoch: [5] Loss: [1.808520558807585]
2019-04-01 15:10:46 INFO     Batch: [108/120] Epoch: [5] Loss: [1.8074019589555372]
2019-04-01 15:10:46 INFO     Batch: [109/120] Epoch: [5] Loss: [1.8071131565354086]
2019-04-01 15:10:46 INFO     Batch: [110/120] Epoch: [5] Loss: [1.8071702933526255]
2019-04-01 15:10:47 INFO     Batch: [111/120] Epoch: [5] Loss: [1.8077633934361594]
2019-04-01 15:10:47 INFO     Batch: [112/120] Epoch: [5] Loss: [1.8077162461998189]
2019-04-01 15:10:48 INFO     Batch: [113/120] Epoch: [5] Loss: [1.807365055669818]
2019-04-01 15:10:48 INFO     Batch: [114/120] Epoch: [5] Loss: [1.8067344302716462]
2019-04-01 15:10:48 INFO     Batch: [115/120] Epoch: [5] Loss: [1.8068434616615032]
2019-04-01 15:10:49 INFO     Batch: [116/120] Epoch: [5] Loss: [1.8074066781590128]
2019-04-01 15:10:49 INFO     Batch: [117/120] Epoch: [5] Loss: [1.8068966047238495]
2019-04-01 15:10:49 INFO     Batch: [118/120] Epoch: [5] Loss: [1.8069863469660783]
2019-04-01 15:10:50 INFO     Batch: [119/120] Epoch: [5] Loss: [1.806800294915835]
2019-04-01 15:10:53 INFO     Epoch: [5/200] Loss: [1.806800294915835] Accuracy: [0.35872727272727273]
2019-04-01 15:10:53 INFO     Batch: [0/120] Epoch: [6] Loss: [1.8167303800582886]
2019-04-01 15:10:56 INFO     Accuracy: [0.3696363636363636]

2019-04-01 15:10:57 INFO     Batch: [1/120] Epoch: [6] Loss: [1.8262964487075806]
2019-04-01 15:10:57 INFO     Batch: [2/120] Epoch: [6] Loss: [1.8262908061345418]
2019-04-01 15:10:57 INFO     Batch: [3/120] Epoch: [6] Loss: [1.8193639814853668]
2019-04-01 15:10:58 INFO     Batch: [4/120] Epoch: [6] Loss: [1.817833375930786]
2019-04-01 15:10:58 INFO     Batch: [5/120] Epoch: [6] Loss: [1.8089318871498108]
2019-04-01 15:10:59 INFO     Batch: [6/120] Epoch: [6] Loss: [1.8065093074526106]
2019-04-01 15:10:59 INFO     Batch: [7/120] Epoch: [6] Loss: [1.8089205622673035]
2019-04-01 15:10:59 INFO     Batch: [8/120] Epoch: [6] Loss: [1.802623497115241]
2019-04-01 15:11:00 INFO     Batch: [9/120] Epoch: [6] Loss: [1.8060713171958924]
2019-04-01 15:11:00 INFO     Batch: [10/120] Epoch: [6] Loss: [1.8003876534375278]
2019-04-01 15:11:00 INFO     Batch: [11/120] Epoch: [6] Loss: [1.8010050356388092]
2019-04-01 15:11:01 INFO     Batch: [12/120] Epoch: [6] Loss: [1.8015526991624098]
2019-04-01 15:11:01 INFO     Batch: [13/120] Epoch: [6] Loss: [1.7967988678387232]
2019-04-01 15:11:02 INFO     Batch: [14/120] Epoch: [6] Loss: [1.7991989135742188]
2019-04-01 15:11:02 INFO     Batch: [15/120] Epoch: [6] Loss: [1.8005133867263794]
2019-04-01 15:11:02 INFO     Batch: [16/120] Epoch: [6] Loss: [1.7973636809517355]
2019-04-01 15:11:03 INFO     Batch: [17/120] Epoch: [6] Loss: [1.7928198907110426]
2019-04-01 15:11:03 INFO     Batch: [18/120] Epoch: [6] Loss: [1.790316337033322]
2019-04-01 15:11:03 INFO     Batch: [19/120] Epoch: [6] Loss: [1.7917589724063874]
2019-04-01 15:11:04 INFO     Batch: [20/120] Epoch: [6] Loss: [1.7918362560726346]
2019-04-01 15:11:04 INFO     Batch: [21/120] Epoch: [6] Loss: [1.7944566173986956]
2019-04-01 15:11:05 INFO     Batch: [22/120] Epoch: [6] Loss: [1.796225236809772]
2019-04-01 15:11:05 INFO     Batch: [23/120] Epoch: [6] Loss: [1.7970955669879913]
2019-04-01 15:11:05 INFO     Batch: [24/120] Epoch: [6] Loss: [1.796121859550476]
2019-04-01 15:11:06 INFO     Batch: [25/120] Epoch: [6] Loss: [1.797421129850241]
2019-04-01 15:11:06 INFO     Batch: [26/120] Epoch: [6] Loss: [1.7936872597093936]
2019-04-01 15:11:06 INFO     Batch: [27/120] Epoch: [6] Loss: [1.7923972478934698]
2019-04-01 15:11:07 INFO     Batch: [28/120] Epoch: [6] Loss: [1.7923944982989082]
2019-04-01 15:11:07 INFO     Batch: [29/120] Epoch: [6] Loss: [1.7897504329681397]
2019-04-01 15:11:08 INFO     Batch: [30/120] Epoch: [6] Loss: [1.7890038759477678]
2019-04-01 15:11:08 INFO     Batch: [31/120] Epoch: [6] Loss: [1.7886349149048328]
2019-04-01 15:11:08 INFO     Batch: [32/120] Epoch: [6] Loss: [1.7872287757468945]
2019-04-01 15:11:09 INFO     Batch: [33/120] Epoch: [6] Loss: [1.7863433045499466]
2019-04-01 15:11:09 INFO     Batch: [34/120] Epoch: [6] Loss: [1.7853849036352976]
2019-04-01 15:11:09 INFO     Batch: [35/120] Epoch: [6] Loss: [1.7846281627813976]
2019-04-01 15:11:10 INFO     Batch: [36/120] Epoch: [6] Loss: [1.7833087927586324]
2019-04-01 15:11:10 INFO     Batch: [37/120] Epoch: [6] Loss: [1.782471594057585]
2019-04-01 15:11:11 INFO     Batch: [38/120] Epoch: [6] Loss: [1.7813005447387695]
2019-04-01 15:11:11 INFO     Batch: [39/120] Epoch: [6] Loss: [1.7819251596927643]
2019-04-01 15:11:11 INFO     Batch: [40/120] Epoch: [6] Loss: [1.7826875390076056]
2019-04-01 15:11:12 INFO     Batch: [41/120] Epoch: [6] Loss: [1.7822429963520594]
2019-04-01 15:11:12 INFO     Batch: [42/120] Epoch: [6] Loss: [1.7814491654551305]
2019-04-01 15:11:12 INFO     Batch: [43/120] Epoch: [6] Loss: [1.7821251587434248]
2019-04-01 15:11:13 INFO     Batch: [44/120] Epoch: [6] Loss: [1.7828303178151448]
2019-04-01 15:11:13 INFO     Batch: [45/120] Epoch: [6] Loss: [1.782455993735272]
2019-04-01 15:11:14 INFO     Batch: [46/120] Epoch: [6] Loss: [1.7845962808487263]
2019-04-01 15:11:14 INFO     Batch: [47/120] Epoch: [6] Loss: [1.7833385492364566]
2019-04-01 15:11:14 INFO     Batch: [48/120] Epoch: [6] Loss: [1.7826671259743827]
2019-04-01 15:11:15 INFO     Batch: [49/120] Epoch: [6] Loss: [1.7810483860969544]
2019-04-01 15:11:15 INFO     Batch: [50/120] Epoch: [6] Loss: [1.7805519384496353]
2019-04-01 15:11:15 INFO     Batch: [51/120] Epoch: [6] Loss: [1.779830820285357]
2019-04-01 15:11:16 INFO     Batch: [52/120] Epoch: [6] Loss: [1.7802757767011534]
2019-04-01 15:11:16 INFO     Batch: [53/120] Epoch: [6] Loss: [1.781901439030965]
2019-04-01 15:11:17 INFO     Batch: [54/120] Epoch: [6] Loss: [1.7804193648425015]
2019-04-01 15:11:17 INFO     Batch: [55/120] Epoch: [6] Loss: [1.7801259181329183]
2019-04-01 15:11:17 INFO     Batch: [56/120] Epoch: [6] Loss: [1.7806551393709684]
2019-04-01 15:11:18 INFO     Batch: [57/120] Epoch: [6] Loss: [1.7792644007452603]
2019-04-01 15:11:18 INFO     Batch: [58/120] Epoch: [6] Loss: [1.7795115082950916]
2019-04-01 15:11:18 INFO     Batch: [59/120] Epoch: [6] Loss: [1.7795157432556152]
2019-04-01 15:11:19 INFO     Batch: [60/120] Epoch: [6] Loss: [1.7794189746262596]
2019-04-01 15:11:19 INFO     Batch: [61/120] Epoch: [6] Loss: [1.7797256708145142]
2019-04-01 15:11:20 INFO     Batch: [62/120] Epoch: [6] Loss: [1.7800323471190438]
2019-04-01 15:11:20 INFO     Batch: [63/120] Epoch: [6] Loss: [1.7788380086421967]
2019-04-01 15:11:20 INFO     Batch: [64/120] Epoch: [6] Loss: [1.7792718722270084]
2019-04-01 15:11:21 INFO     Batch: [65/120] Epoch: [6] Loss: [1.7800953315966057]
2019-04-01 15:11:21 INFO     Batch: [66/120] Epoch: [6] Loss: [1.7797467032475258]
2019-04-01 15:11:21 INFO     Batch: [67/120] Epoch: [6] Loss: [1.7794233543031357]
2019-04-01 15:11:22 INFO     Batch: [68/120] Epoch: [6] Loss: [1.7796331678611645]
2019-04-01 15:11:22 INFO     Batch: [69/120] Epoch: [6] Loss: [1.77931672675269]
2019-04-01 15:11:23 INFO     Batch: [70/120] Epoch: [6] Loss: [1.7785054629957173]
2019-04-01 15:11:23 INFO     Batch: [71/120] Epoch: [6] Loss: [1.7794215728839238]
2019-04-01 15:11:23 INFO     Batch: [72/120] Epoch: [6] Loss: [1.7802571940095457]
2019-04-01 15:11:24 INFO     Batch: [73/120] Epoch: [6] Loss: [1.7805368288143262]
2019-04-01 15:11:24 INFO     Batch: [74/120] Epoch: [6] Loss: [1.7813089466094971]
2019-04-01 15:11:25 INFO     Batch: [75/120] Epoch: [6] Loss: [1.7818636956967806]
2019-04-01 15:11:25 INFO     Batch: [76/120] Epoch: [6] Loss: [1.7809348416018795]
2019-04-01 15:11:25 INFO     Batch: [77/120] Epoch: [6] Loss: [1.7812978212650006]
2019-04-01 15:11:26 INFO     Batch: [78/120] Epoch: [6] Loss: [1.7821859619285487]
2019-04-01 15:11:26 INFO     Batch: [79/120] Epoch: [6] Loss: [1.7810967564582825]
2019-04-01 15:11:26 INFO     Batch: [80/120] Epoch: [6] Loss: [1.7811887440858063]
2019-04-01 15:11:27 INFO     Batch: [81/120] Epoch: [6] Loss: [1.7813732173384689]
2019-04-01 15:11:27 INFO     Batch: [82/120] Epoch: [6] Loss: [1.7816658206732876]
2019-04-01 15:11:28 INFO     Batch: [83/120] Epoch: [6] Loss: [1.7822833870138441]
2019-04-01 15:11:28 INFO     Batch: [84/120] Epoch: [6] Loss: [1.7828490341410916]
2019-04-01 15:11:28 INFO     Batch: [85/120] Epoch: [6] Loss: [1.7827957383421964]
2019-04-01 15:11:29 INFO     Batch: [86/120] Epoch: [6] Loss: [1.7823781679416526]
2019-04-01 15:11:29 INFO     Batch: [87/120] Epoch: [6] Loss: [1.7817567464980213]
2019-04-01 15:11:30 INFO     Batch: [88/120] Epoch: [6] Loss: [1.7823992485410711]
2019-04-01 15:11:30 INFO     Batch: [89/120] Epoch: [6] Loss: [1.7817713035477531]
2019-04-01 15:11:30 INFO     Batch: [90/120] Epoch: [6] Loss: [1.7818618423336154]
2019-04-01 15:11:31 INFO     Batch: [91/120] Epoch: [6] Loss: [1.782045224438543]
2019-04-01 15:11:31 INFO     Batch: [92/120] Epoch: [6] Loss: [1.7816465413698586]
2019-04-01 15:11:31 INFO     Batch: [93/120] Epoch: [6] Loss: [1.7813690976893648]
2019-04-01 15:11:32 INFO     Batch: [94/120] Epoch: [6] Loss: [1.781483214779904]
2019-04-01 15:11:32 INFO     Batch: [95/120] Epoch: [6] Loss: [1.7813283316791058]
2019-04-01 15:11:33 INFO     Batch: [96/120] Epoch: [6] Loss: [1.7816685302970336]
2019-04-01 15:11:33 INFO     Batch: [97/120] Epoch: [6] Loss: [1.7821914529313847]
2019-04-01 15:11:33 INFO     Batch: [98/120] Epoch: [6] Loss: [1.782209985183947]
2019-04-01 15:11:34 INFO     Batch: [99/120] Epoch: [6] Loss: [1.7823513460159301]
2019-04-01 15:11:34 INFO     Batch: [100/120] Epoch: [6] Loss: [1.7826158245011132]
2019-04-01 15:11:35 INFO     Batch: [101/120] Epoch: [6] Loss: [1.7825994888941448]
2019-04-01 15:11:35 INFO     Batch: [102/120] Epoch: [6] Loss: [1.7833111228294742]
2019-04-01 15:11:35 INFO     Batch: [103/120] Epoch: [6] Loss: [1.7837644952994127]
2019-04-01 15:11:36 INFO     Batch: [104/120] Epoch: [6] Loss: [1.7838095755804153]
2019-04-01 15:11:36 INFO     Batch: [105/120] Epoch: [6] Loss: [1.7838834715339373]
2019-04-01 15:11:36 INFO     Batch: [106/120] Epoch: [6] Loss: [1.783997947924605]
2019-04-01 15:11:37 INFO     Batch: [107/120] Epoch: [6] Loss: [1.7842307112835072]
2019-04-01 15:11:37 INFO     Batch: [108/120] Epoch: [6] Loss: [1.7843995728623976]
2019-04-01 15:11:37 INFO     Batch: [109/120] Epoch: [6] Loss: [1.784613433751193]
2019-04-01 15:11:38 INFO     Batch: [110/120] Epoch: [6] Loss: [1.7842686068904292]
2019-04-01 15:11:38 INFO     Batch: [111/120] Epoch: [6] Loss: [1.7840838506817818]
2019-04-01 15:11:38 INFO     Batch: [112/120] Epoch: [6] Loss: [1.7841250252934684]
2019-04-01 15:11:39 INFO     Batch: [113/120] Epoch: [6] Loss: [1.7848005598051506]
2019-04-01 15:11:39 INFO     Batch: [114/120] Epoch: [6] Loss: [1.7848231657691624]
2019-04-01 15:11:40 INFO     Batch: [115/120] Epoch: [6] Loss: [1.7847422083904003]
2019-04-01 15:11:40 INFO     Batch: [116/120] Epoch: [6] Loss: [1.7846996335901766]
2019-04-01 15:11:40 INFO     Batch: [117/120] Epoch: [6] Loss: [1.7844339548531225]
2019-04-01 15:11:41 INFO     Batch: [118/120] Epoch: [6] Loss: [1.7850992659560772]
2019-04-01 15:11:41 INFO     Batch: [119/120] Epoch: [6] Loss: [1.7849109947681427]
2019-04-01 15:11:44 INFO     Epoch: [6/200] Loss: [1.7849109947681427] Accuracy: [0.36818181818181817]
2019-04-01 15:11:45 INFO     Batch: [0/120] Epoch: [7] Loss: [1.8180629014968872]
2019-04-01 15:11:48 INFO     Accuracy: [0.3727272727272728]

2019-04-01 15:11:48 INFO     Batch: [1/120] Epoch: [7] Loss: [1.805301010608673]
2019-04-01 15:11:48 INFO     Batch: [2/120] Epoch: [7] Loss: [1.8083922068277996]
2019-04-01 15:11:49 INFO     Batch: [3/120] Epoch: [7] Loss: [1.7994871139526367]
2019-04-01 15:11:49 INFO     Batch: [4/120] Epoch: [7] Loss: [1.7991551876068115]
2019-04-01 15:11:49 INFO     Batch: [5/120] Epoch: [7] Loss: [1.7963709235191345]
2019-04-01 15:11:50 INFO     Batch: [6/120] Epoch: [7] Loss: [1.8066694395882743]
2019-04-01 15:11:50 INFO     Batch: [7/120] Epoch: [7] Loss: [1.803564891219139]
2019-04-01 15:11:51 INFO     Batch: [8/120] Epoch: [7] Loss: [1.8068811893463135]
2019-04-01 15:11:51 INFO     Batch: [9/120] Epoch: [7] Loss: [1.8081831693649293]
2019-04-01 15:11:51 INFO     Batch: [10/120] Epoch: [7] Loss: [1.8018110448663884]
2019-04-01 15:11:52 INFO     Batch: [11/120] Epoch: [7] Loss: [1.8018749455610912]
2019-04-01 15:11:52 INFO     Batch: [12/120] Epoch: [7] Loss: [1.7996409489558294]
2019-04-01 15:11:52 INFO     Batch: [13/120] Epoch: [7] Loss: [1.8003358670643397]
2019-04-01 15:11:53 INFO     Batch: [14/120] Epoch: [7] Loss: [1.798291317621867]
2019-04-01 15:11:53 INFO     Batch: [15/120] Epoch: [7] Loss: [1.7933963686227798]
2019-04-01 15:11:54 INFO     Batch: [16/120] Epoch: [7] Loss: [1.7948050288593067]
2019-04-01 15:11:54 INFO     Batch: [17/120] Epoch: [7] Loss: [1.7901242110464308]
2019-04-01 15:11:54 INFO     Batch: [18/120] Epoch: [7] Loss: [1.788554505298012]
2019-04-01 15:11:55 INFO     Batch: [19/120] Epoch: [7] Loss: [1.785343861579895]
2019-04-01 15:11:55 INFO     Batch: [20/120] Epoch: [7] Loss: [1.7854242778959728]
2019-04-01 15:11:56 INFO     Batch: [21/120] Epoch: [7] Loss: [1.7874332720583135]
2019-04-01 15:11:56 INFO     Batch: [22/120] Epoch: [7] Loss: [1.7866687515507573]
2019-04-01 15:11:56 INFO     Batch: [23/120] Epoch: [7] Loss: [1.7858063528935115]
2019-04-01 15:11:57 INFO     Batch: [24/120] Epoch: [7] Loss: [1.7828217315673829]
2019-04-01 15:11:57 INFO     Batch: [25/120] Epoch: [7] Loss: [1.7837836146354675]
2019-04-01 15:11:57 INFO     Batch: [26/120] Epoch: [7] Loss: [1.781174346252724]
2019-04-01 15:11:58 INFO     Batch: [27/120] Epoch: [7] Loss: [1.7775076031684875]
2019-04-01 15:11:58 INFO     Batch: [28/120] Epoch: [7] Loss: [1.777964760517252]
2019-04-01 15:11:59 INFO     Batch: [29/120] Epoch: [7] Loss: [1.7772894223531088]
2019-04-01 15:11:59 INFO     Batch: [30/120] Epoch: [7] Loss: [1.7754495028526551]
2019-04-01 15:11:59 INFO     Batch: [31/120] Epoch: [7] Loss: [1.7771292366087437]
2019-04-01 15:12:00 INFO     Batch: [32/120] Epoch: [7] Loss: [1.777570847308997]
2019-04-01 15:12:00 INFO     Batch: [33/120] Epoch: [7] Loss: [1.7771185180720162]
2019-04-01 15:12:00 INFO     Batch: [34/120] Epoch: [7] Loss: [1.7782108851841518]
2019-04-01 15:12:01 INFO     Batch: [35/120] Epoch: [7] Loss: [1.7789544065793355]
2019-04-01 15:12:01 INFO     Batch: [36/120] Epoch: [7] Loss: [1.780404326078054]
2019-04-01 15:12:02 INFO     Batch: [37/120] Epoch: [7] Loss: [1.780211235347547]
2019-04-01 15:12:02 INFO     Batch: [38/120] Epoch: [7] Loss: [1.7830174091534736]
2019-04-01 15:12:02 INFO     Batch: [39/120] Epoch: [7] Loss: [1.7814767986536026]
2019-04-01 15:12:03 INFO     Batch: [40/120] Epoch: [7] Loss: [1.7809963720600779]
2019-04-01 15:12:03 INFO     Batch: [41/120] Epoch: [7] Loss: [1.783388688450768]
2019-04-01 15:12:04 INFO     Batch: [42/120] Epoch: [7] Loss: [1.78453823577526]
2019-04-01 15:12:04 INFO     Batch: [43/120] Epoch: [7] Loss: [1.7858381948687814]
2019-04-01 15:12:04 INFO     Batch: [44/120] Epoch: [7] Loss: [1.7850521749920316]
2019-04-01 15:12:05 INFO     Batch: [45/120] Epoch: [7] Loss: [1.782071160233539]
2019-04-01 15:12:05 INFO     Batch: [46/120] Epoch: [7] Loss: [1.781630724034411]
2019-04-01 15:12:05 INFO     Batch: [47/120] Epoch: [7] Loss: [1.7804141268134117]
2019-04-01 15:12:06 INFO     Batch: [48/120] Epoch: [7] Loss: [1.7803436639357586]
2019-04-01 15:12:06 INFO     Batch: [49/120] Epoch: [7] Loss: [1.779943516254425]
2019-04-01 15:12:07 INFO     Batch: [50/120] Epoch: [7] Loss: [1.7806212668325387]
2019-04-01 15:12:07 INFO     Batch: [51/120] Epoch: [7] Loss: [1.7801345036580012]
2019-04-01 15:12:07 INFO     Batch: [52/120] Epoch: [7] Loss: [1.780333491991151]
2019-04-01 15:12:08 INFO     Batch: [53/120] Epoch: [7] Loss: [1.7803795050691675]
2019-04-01 15:12:08 INFO     Batch: [54/120] Epoch: [7] Loss: [1.7799213604493576]
2019-04-01 15:12:08 INFO     Batch: [55/120] Epoch: [7] Loss: [1.779751839382308]
2019-04-01 15:12:09 INFO     Batch: [56/120] Epoch: [7] Loss: [1.77950718528346]
2019-04-01 15:12:09 INFO     Batch: [57/120] Epoch: [7] Loss: [1.7793089500788986]
2019-04-01 15:12:10 INFO     Batch: [58/120] Epoch: [7] Loss: [1.7785306219327248]
2019-04-01 15:12:10 INFO     Batch: [59/120] Epoch: [7] Loss: [1.7784199794133504]
2019-04-01 15:12:10 INFO     Batch: [60/120] Epoch: [7] Loss: [1.7779035822289888]
2019-04-01 15:12:11 INFO     Batch: [61/120] Epoch: [7] Loss: [1.7770089410966443]
2019-04-01 15:12:11 INFO     Batch: [62/120] Epoch: [7] Loss: [1.7753584593061418]
2019-04-01 15:12:12 INFO     Batch: [63/120] Epoch: [7] Loss: [1.7740409597754478]
2019-04-01 15:12:12 INFO     Batch: [64/120] Epoch: [7] Loss: [1.773360070815453]
2019-04-01 15:12:12 INFO     Batch: [65/120] Epoch: [7] Loss: [1.7718461914495989]
2019-04-01 15:12:13 INFO     Batch: [66/120] Epoch: [7] Loss: [1.77166410702378]
2019-04-01 15:12:13 INFO     Batch: [67/120] Epoch: [7] Loss: [1.772138222175486]
2019-04-01 15:12:13 INFO     Batch: [68/120] Epoch: [7] Loss: [1.7722503845242485]
2019-04-01 15:12:14 INFO     Batch: [69/120] Epoch: [7] Loss: [1.7720156397138322]
2019-04-01 15:12:14 INFO     Batch: [70/120] Epoch: [7] Loss: [1.771735004975762]
2019-04-01 15:12:15 INFO     Batch: [71/120] Epoch: [7] Loss: [1.7720568295982149]
2019-04-01 15:12:15 INFO     Batch: [72/120] Epoch: [7] Loss: [1.7720812101886696]
2019-04-01 15:12:15 INFO     Batch: [73/120] Epoch: [7] Loss: [1.772523101922628]
2019-04-01 15:12:16 INFO     Batch: [74/120] Epoch: [7] Loss: [1.7721643209457398]
2019-04-01 15:12:16 INFO     Batch: [75/120] Epoch: [7] Loss: [1.772962970168967]
2019-04-01 15:12:16 INFO     Batch: [76/120] Epoch: [7] Loss: [1.772958483014788]
2019-04-01 15:12:17 INFO     Batch: [77/120] Epoch: [7] Loss: [1.7719680865605671]
2019-04-01 15:12:17 INFO     Batch: [78/120] Epoch: [7] Loss: [1.7716569719435293]
2019-04-01 15:12:18 INFO     Batch: [79/120] Epoch: [7] Loss: [1.7715692579746247]
2019-04-01 15:12:18 INFO     Batch: [80/120] Epoch: [7] Loss: [1.7722280820210774]
2019-04-01 15:12:18 INFO     Batch: [81/120] Epoch: [7] Loss: [1.7716438494077542]
2019-04-01 15:12:19 INFO     Batch: [82/120] Epoch: [7] Loss: [1.7716673583869476]
2019-04-01 15:12:19 INFO     Batch: [83/120] Epoch: [7] Loss: [1.7715693414211273]
2019-04-01 15:12:19 INFO     Batch: [84/120] Epoch: [7] Loss: [1.771424656755784]
2019-04-01 15:12:20 INFO     Batch: [85/120] Epoch: [7] Loss: [1.7707293740538663]
2019-04-01 15:12:20 INFO     Batch: [86/120] Epoch: [7] Loss: [1.7707550073492115]
2019-04-01 15:12:21 INFO     Batch: [87/120] Epoch: [7] Loss: [1.7714391445571727]
2019-04-01 15:12:21 INFO     Batch: [88/120] Epoch: [7] Loss: [1.7714608653207844]
2019-04-01 15:12:21 INFO     Batch: [89/120] Epoch: [7] Loss: [1.771877438492245]
2019-04-01 15:12:22 INFO     Batch: [90/120] Epoch: [7] Loss: [1.7720680682213752]
2019-04-01 15:12:22 INFO     Batch: [91/120] Epoch: [7] Loss: [1.7715022149293318]
2019-04-01 15:12:22 INFO     Batch: [92/120] Epoch: [7] Loss: [1.7714743280923495]
2019-04-01 15:12:23 INFO     Batch: [93/120] Epoch: [7] Loss: [1.7719244449696643]
2019-04-01 15:12:23 INFO     Batch: [94/120] Epoch: [7] Loss: [1.7716396256497031]
2019-04-01 15:12:24 INFO     Batch: [95/120] Epoch: [7] Loss: [1.7716927627722423]
2019-04-01 15:12:24 INFO     Batch: [96/120] Epoch: [7] Loss: [1.771685111153986]
2019-04-01 15:12:24 INFO     Batch: [97/120] Epoch: [7] Loss: [1.7715062669345312]
2019-04-01 15:12:25 INFO     Batch: [98/120] Epoch: [7] Loss: [1.7712092628382674]
2019-04-01 15:12:25 INFO     Batch: [99/120] Epoch: [7] Loss: [1.7709962475299834]
2019-04-01 15:12:25 INFO     Batch: [100/120] Epoch: [7] Loss: [1.771182671631917]
2019-04-01 15:12:26 INFO     Batch: [101/120] Epoch: [7] Loss: [1.7706270252957064]
2019-04-01 15:12:26 INFO     Batch: [102/120] Epoch: [7] Loss: [1.7710937643514095]
2019-04-01 15:12:27 INFO     Batch: [103/120] Epoch: [7] Loss: [1.770761909393164]
2019-04-01 15:12:27 INFO     Batch: [104/120] Epoch: [7] Loss: [1.7706990366890316]
2019-04-01 15:12:27 INFO     Batch: [105/120] Epoch: [7] Loss: [1.770782952038747]
2019-04-01 15:12:28 INFO     Batch: [106/120] Epoch: [7] Loss: [1.7703483416655352]
2019-04-01 15:12:28 INFO     Batch: [107/120] Epoch: [7] Loss: [1.769907659954495]
2019-04-01 15:12:28 INFO     Batch: [108/120] Epoch: [7] Loss: [1.769939047480942]
2019-04-01 15:12:29 INFO     Batch: [109/120] Epoch: [7] Loss: [1.770371914993633]
2019-04-01 15:12:29 INFO     Batch: [110/120] Epoch: [7] Loss: [1.7690909617655985]
2019-04-01 15:12:30 INFO     Batch: [111/120] Epoch: [7] Loss: [1.7689130742635046]
2019-04-01 15:12:30 INFO     Batch: [112/120] Epoch: [7] Loss: [1.7682290319847849]
2019-04-01 15:12:30 INFO     Batch: [113/120] Epoch: [7] Loss: [1.7674517234166462]
2019-04-01 15:12:31 INFO     Batch: [114/120] Epoch: [7] Loss: [1.7672859181528506]
2019-04-01 15:12:31 INFO     Batch: [115/120] Epoch: [7] Loss: [1.7663774264269863]
2019-04-01 15:12:32 INFO     Batch: [116/120] Epoch: [7] Loss: [1.7661460454647357]
2019-04-01 15:12:32 INFO     Batch: [117/120] Epoch: [7] Loss: [1.765767841015832]
2019-04-01 15:12:32 INFO     Batch: [118/120] Epoch: [7] Loss: [1.7653315187502308]
2019-04-01 15:12:33 INFO     Batch: [119/120] Epoch: [7] Loss: [1.7647991895675659]
2019-04-01 15:12:36 INFO     Epoch: [7/200] Loss: [1.7647991895675659] Accuracy: [0.3956363636363637]
2019-04-01 15:12:36 INFO     Batch: [0/120] Epoch: [8] Loss: [1.7370760440826416]
2019-04-01 15:12:39 INFO     Accuracy: [0.38799999999999996]

2019-04-01 15:12:40 INFO     Batch: [1/120] Epoch: [8] Loss: [1.7599568963050842]
2019-04-01 15:12:40 INFO     Batch: [2/120] Epoch: [8] Loss: [1.7543607552846272]
2019-04-01 15:12:40 INFO     Batch: [3/120] Epoch: [8] Loss: [1.7410341203212738]
2019-04-01 15:12:41 INFO     Batch: [4/120] Epoch: [8] Loss: [1.7357850074768066]
2019-04-01 15:12:41 INFO     Batch: [5/120] Epoch: [8] Loss: [1.7452738881111145]
2019-04-01 15:12:41 INFO     Batch: [6/120] Epoch: [8] Loss: [1.7453932421548026]
2019-04-01 15:12:42 INFO     Batch: [7/120] Epoch: [8] Loss: [1.7456217557191849]
2019-04-01 15:12:42 INFO     Batch: [8/120] Epoch: [8] Loss: [1.7428842120700412]
2019-04-01 15:12:43 INFO     Batch: [9/120] Epoch: [8] Loss: [1.7408467650413513]
2019-04-01 15:12:43 INFO     Batch: [10/120] Epoch: [8] Loss: [1.7383886033838445]
2019-04-01 15:12:43 INFO     Batch: [11/120] Epoch: [8] Loss: [1.7391973733901978]
2019-04-01 15:12:44 INFO     Batch: [12/120] Epoch: [8] Loss: [1.7471799575365508]
2019-04-01 15:12:44 INFO     Batch: [13/120] Epoch: [8] Loss: [1.7471094301768713]
2019-04-01 15:12:44 INFO     Batch: [14/120] Epoch: [8] Loss: [1.7479570150375365]
2019-04-01 15:12:45 INFO     Batch: [15/120] Epoch: [8] Loss: [1.7490505576133728]
2019-04-01 15:12:45 INFO     Batch: [16/120] Epoch: [8] Loss: [1.748871971579159]
2019-04-01 15:12:46 INFO     Batch: [17/120] Epoch: [8] Loss: [1.749545607301924]
2019-04-01 15:12:46 INFO     Batch: [18/120] Epoch: [8] Loss: [1.7503626534813328]
2019-04-01 15:12:46 INFO     Batch: [19/120] Epoch: [8] Loss: [1.751477098464966]
2019-04-01 15:12:47 INFO     Batch: [20/120] Epoch: [8] Loss: [1.7527028151920863]
2019-04-01 15:12:47 INFO     Batch: [21/120] Epoch: [8] Loss: [1.7534675869074734]
2019-04-01 15:12:47 INFO     Batch: [22/120] Epoch: [8] Loss: [1.7533340557761814]
2019-04-01 15:12:48 INFO     Batch: [23/120] Epoch: [8] Loss: [1.7568586717049282]
2019-04-01 15:12:48 INFO     Batch: [24/120] Epoch: [8] Loss: [1.7537442016601563]
2019-04-01 15:12:49 INFO     Batch: [25/120] Epoch: [8] Loss: [1.7537128237577586]
2019-04-01 15:12:49 INFO     Batch: [26/120] Epoch: [8] Loss: [1.7521843468701397]
2019-04-01 15:12:49 INFO     Batch: [27/120] Epoch: [8] Loss: [1.752339435475213]
2019-04-01 15:12:50 INFO     Batch: [28/120] Epoch: [8] Loss: [1.7508677778572872]
2019-04-01 15:12:50 INFO     Batch: [29/120] Epoch: [8] Loss: [1.7515342593193055]
2019-04-01 15:12:50 INFO     Batch: [30/120] Epoch: [8] Loss: [1.7515873908996582]
2019-04-01 15:12:51 INFO     Batch: [31/120] Epoch: [8] Loss: [1.7515853196382523]
2019-04-01 15:12:51 INFO     Batch: [32/120] Epoch: [8] Loss: [1.7509291461019805]
2019-04-01 15:12:52 INFO     Batch: [33/120] Epoch: [8] Loss: [1.7499356585390426]
2019-04-01 15:12:52 INFO     Batch: [34/120] Epoch: [8] Loss: [1.7489905800138201]
2019-04-01 15:12:52 INFO     Batch: [35/120] Epoch: [8] Loss: [1.7482573091983795]
2019-04-01 15:12:53 INFO     Batch: [36/120] Epoch: [8] Loss: [1.7491120905489534]
2019-04-01 15:12:53 INFO     Batch: [37/120] Epoch: [8] Loss: [1.7498864562887895]
2019-04-01 15:12:54 INFO     Batch: [38/120] Epoch: [8] Loss: [1.7493797143300374]
2019-04-01 15:12:54 INFO     Batch: [39/120] Epoch: [8] Loss: [1.7504257410764694]
2019-04-01 15:12:54 INFO     Batch: [40/120] Epoch: [8] Loss: [1.7497831699324817]
2019-04-01 15:12:55 INFO     Batch: [41/120] Epoch: [8] Loss: [1.7493843464624315]
2019-04-01 15:12:55 INFO     Batch: [42/120] Epoch: [8] Loss: [1.7503388177516848]
2019-04-01 15:12:55 INFO     Batch: [43/120] Epoch: [8] Loss: [1.7508086751807819]
2019-04-01 15:12:56 INFO     Batch: [44/120] Epoch: [8] Loss: [1.7493936432732475]
2019-04-01 15:12:56 INFO     Batch: [45/120] Epoch: [8] Loss: [1.7498952409495478]
2019-04-01 15:12:56 INFO     Batch: [46/120] Epoch: [8] Loss: [1.7500867209535964]
2019-04-01 15:12:57 INFO     Batch: [47/120] Epoch: [8] Loss: [1.7507088209191959]
2019-04-01 15:12:57 INFO     Batch: [48/120] Epoch: [8] Loss: [1.7508351875811208]
2019-04-01 15:12:58 INFO     Batch: [49/120] Epoch: [8] Loss: [1.751008746623993]
2019-04-01 15:12:58 INFO     Batch: [50/120] Epoch: [8] Loss: [1.751460124464596]
2019-04-01 15:12:58 INFO     Batch: [51/120] Epoch: [8] Loss: [1.752283371411837]
2019-04-01 15:12:59 INFO     Batch: [52/120] Epoch: [8] Loss: [1.7519207675501984]
2019-04-01 15:12:59 INFO     Batch: [53/120] Epoch: [8] Loss: [1.7509505616294012]
2019-04-01 15:13:00 INFO     Batch: [54/120] Epoch: [8] Loss: [1.7508219263770364]
2019-04-01 15:13:00 INFO     Batch: [55/120] Epoch: [8] Loss: [1.751688865678651]
2019-04-01 15:13:00 INFO     Batch: [56/120] Epoch: [8] Loss: [1.752634427003693]
2019-04-01 15:13:01 INFO     Batch: [57/120] Epoch: [8] Loss: [1.7528224340800582]
2019-04-01 15:13:01 INFO     Batch: [58/120] Epoch: [8] Loss: [1.7517860238834964]
2019-04-01 15:13:01 INFO     Batch: [59/120] Epoch: [8] Loss: [1.7513695100943247]
2019-04-01 15:13:02 INFO     Batch: [60/120] Epoch: [8] Loss: [1.7517283646786799]
2019-04-01 15:13:02 INFO     Batch: [61/120] Epoch: [8] Loss: [1.7498075231429069]
2019-04-01 15:13:03 INFO     Batch: [62/120] Epoch: [8] Loss: [1.7504175996023512]
2019-04-01 15:13:03 INFO     Batch: [63/120] Epoch: [8] Loss: [1.7514958288520575]
2019-04-01 15:13:03 INFO     Batch: [64/120] Epoch: [8] Loss: [1.752189306112436]
2019-04-01 15:13:04 INFO     Batch: [65/120] Epoch: [8] Loss: [1.752289056777954]
2019-04-01 15:13:04 INFO     Batch: [66/120] Epoch: [8] Loss: [1.7516800449855292]
2019-04-01 15:13:05 INFO     Batch: [67/120] Epoch: [8] Loss: [1.7517976620618034]
2019-04-01 15:13:05 INFO     Batch: [68/120] Epoch: [8] Loss: [1.751977397047955]
2019-04-01 15:13:05 INFO     Batch: [69/120] Epoch: [8] Loss: [1.7517944557326182]
2019-04-01 15:13:06 INFO     Batch: [70/120] Epoch: [8] Loss: [1.7528543808090855]
2019-04-01 15:13:06 INFO     Batch: [71/120] Epoch: [8] Loss: [1.7524836245510313]
2019-04-01 15:13:06 INFO     Batch: [72/120] Epoch: [8] Loss: [1.7520945611065382]
2019-04-01 15:13:07 INFO     Batch: [73/120] Epoch: [8] Loss: [1.7507407713580776]
2019-04-01 15:13:07 INFO     Batch: [74/120] Epoch: [8] Loss: [1.7508373991648356]
2019-04-01 15:13:08 INFO     Batch: [75/120] Epoch: [8] Loss: [1.7505812456733303]
2019-04-01 15:13:08 INFO     Batch: [76/120] Epoch: [8] Loss: [1.750185183116368]
2019-04-01 15:13:08 INFO     Batch: [77/120] Epoch: [8] Loss: [1.7493600631371522]
2019-04-01 15:13:09 INFO     Batch: [78/120] Epoch: [8] Loss: [1.7499070273169988]
2019-04-01 15:13:09 INFO     Batch: [79/120] Epoch: [8] Loss: [1.7496409073472023]
2019-04-01 15:13:09 INFO     Batch: [80/120] Epoch: [8] Loss: [1.7495916184083915]
2019-04-01 15:13:10 INFO     Batch: [81/120] Epoch: [8] Loss: [1.749316189347244]
2019-04-01 15:13:10 INFO     Batch: [82/120] Epoch: [8] Loss: [1.7497954727655434]
2019-04-01 15:13:11 INFO     Batch: [83/120] Epoch: [8] Loss: [1.7500987890220823]
2019-04-01 15:13:11 INFO     Batch: [84/120] Epoch: [8] Loss: [1.7492518565234016]
2019-04-01 15:13:11 INFO     Batch: [85/120] Epoch: [8] Loss: [1.7490796197292418]
2019-04-01 15:13:12 INFO     Batch: [86/120] Epoch: [8] Loss: [1.7479384781300336]
2019-04-01 15:13:12 INFO     Batch: [87/120] Epoch: [8] Loss: [1.7471837238831953]
2019-04-01 15:13:13 INFO     Batch: [88/120] Epoch: [8] Loss: [1.7457644095581568]
2019-04-01 15:13:13 INFO     Batch: [89/120] Epoch: [8] Loss: [1.7461979905764262]
2019-04-01 15:13:13 INFO     Batch: [90/120] Epoch: [8] Loss: [1.746310831426264]
2019-04-01 15:13:14 INFO     Batch: [91/120] Epoch: [8] Loss: [1.7458993118742239]
2019-04-01 15:13:14 INFO     Batch: [92/120] Epoch: [8] Loss: [1.7454750371235672]
2019-04-01 15:13:14 INFO     Batch: [93/120] Epoch: [8] Loss: [1.7457404276157946]
2019-04-01 15:13:15 INFO     Batch: [94/120] Epoch: [8] Loss: [1.7450886613444279]
2019-04-01 15:13:15 INFO     Batch: [95/120] Epoch: [8] Loss: [1.7452863765259583]
2019-04-01 15:13:16 INFO     Batch: [96/120] Epoch: [8] Loss: [1.7456222502226681]
2019-04-01 15:13:16 INFO     Batch: [97/120] Epoch: [8] Loss: [1.7451286425395889]
2019-04-01 15:13:16 INFO     Batch: [98/120] Epoch: [8] Loss: [1.7446423865327931]
2019-04-01 15:13:17 INFO     Batch: [99/120] Epoch: [8] Loss: [1.7450319063663482]
2019-04-01 15:13:17 INFO     Batch: [100/120] Epoch: [8] Loss: [1.7444058987173703]
2019-04-01 15:13:17 INFO     Batch: [101/120] Epoch: [8] Loss: [1.7442861970733194]
2019-04-01 15:13:18 INFO     Batch: [102/120] Epoch: [8] Loss: [1.7444118365500738]
2019-04-01 15:13:18 INFO     Batch: [103/120] Epoch: [8] Loss: [1.7445914504619746]
2019-04-01 15:13:19 INFO     Batch: [104/120] Epoch: [8] Loss: [1.7447177046821232]
2019-04-01 15:13:19 INFO     Batch: [105/120] Epoch: [8] Loss: [1.7446469979466133]
2019-04-01 15:13:19 INFO     Batch: [106/120] Epoch: [8] Loss: [1.7449971069799406]
2019-04-01 15:13:20 INFO     Batch: [107/120] Epoch: [8] Loss: [1.7446302981288344]
2019-04-01 15:13:20 INFO     Batch: [108/120] Epoch: [8] Loss: [1.7452628864060848]
2019-04-01 15:13:21 INFO     Batch: [109/120] Epoch: [8] Loss: [1.7458472295240923]
2019-04-01 15:13:21 INFO     Batch: [110/120] Epoch: [8] Loss: [1.7458125019932653]
2019-04-01 15:13:21 INFO     Batch: [111/120] Epoch: [8] Loss: [1.7466087841561861]
2019-04-01 15:13:22 INFO     Batch: [112/120] Epoch: [8] Loss: [1.7468648494872372]
2019-04-01 15:13:22 INFO     Batch: [113/120] Epoch: [8] Loss: [1.7466928864780225]
2019-04-01 15:13:22 INFO     Batch: [114/120] Epoch: [8] Loss: [1.7466968992482061]
2019-04-01 15:13:23 INFO     Batch: [115/120] Epoch: [8] Loss: [1.7468318014309323]
2019-04-01 15:13:23 INFO     Batch: [116/120] Epoch: [8] Loss: [1.7466194415703797]
2019-04-01 15:13:24 INFO     Batch: [117/120] Epoch: [8] Loss: [1.7470682323989222]
2019-04-01 15:13:24 INFO     Batch: [118/120] Epoch: [8] Loss: [1.7471729767422717]
2019-04-01 15:13:24 INFO     Batch: [119/120] Epoch: [8] Loss: [1.7468653788169226]
2019-04-01 15:13:27 INFO     Epoch: [8/200] Loss: [1.7468653788169226] Accuracy: [0.3905454545454546]
2019-04-01 15:13:28 INFO     Batch: [0/120] Epoch: [9] Loss: [1.71849524974823]
2019-04-01 15:13:31 INFO     Accuracy: [0.4014545454545454]

2019-04-01 15:13:31 INFO     Batch: [1/120] Epoch: [9] Loss: [1.7206695675849915]
2019-04-01 15:13:32 INFO     Batch: [2/120] Epoch: [9] Loss: [1.728094180425008]
2019-04-01 15:13:32 INFO     Batch: [3/120] Epoch: [9] Loss: [1.7461722493171692]
2019-04-01 15:13:32 INFO     Batch: [4/120] Epoch: [9] Loss: [1.747633934020996]
2019-04-01 15:13:33 INFO     Batch: [5/120] Epoch: [9] Loss: [1.7530391017595928]
2019-04-01 15:13:33 INFO     Batch: [6/120] Epoch: [9] Loss: [1.7549586125782557]
2019-04-01 15:13:34 INFO     Batch: [7/120] Epoch: [9] Loss: [1.757587492465973]
2019-04-01 15:13:34 INFO     Batch: [8/120] Epoch: [9] Loss: [1.756697694460551]
2019-04-01 15:13:34 INFO     Batch: [9/120] Epoch: [9] Loss: [1.7596026062965393]
2019-04-01 15:13:35 INFO     Batch: [10/120] Epoch: [9] Loss: [1.7579107067801736]
2019-04-01 15:13:35 INFO     Batch: [11/120] Epoch: [9] Loss: [1.7577426433563232]
2019-04-01 15:13:36 INFO     Batch: [12/120] Epoch: [9] Loss: [1.753661192380465]
2019-04-01 15:13:36 INFO     Batch: [13/120] Epoch: [9] Loss: [1.7537550670760018]
2019-04-01 15:13:36 INFO     Batch: [14/120] Epoch: [9] Loss: [1.7499360243479412]
2019-04-01 15:13:37 INFO     Batch: [15/120] Epoch: [9] Loss: [1.745166853070259]
2019-04-01 15:13:37 INFO     Batch: [16/120] Epoch: [9] Loss: [1.7410587282741772]
2019-04-01 15:13:37 INFO     Batch: [17/120] Epoch: [9] Loss: [1.7400874429278903]
2019-04-01 15:13:38 INFO     Batch: [18/120] Epoch: [9] Loss: [1.744148248120358]
2019-04-01 15:13:38 INFO     Batch: [19/120] Epoch: [9] Loss: [1.7441534221172332]
2019-04-01 15:13:39 INFO     Batch: [20/120] Epoch: [9] Loss: [1.7409916094371252]
2019-04-01 15:13:39 INFO     Batch: [21/120] Epoch: [9] Loss: [1.7441014484925703]
2019-04-01 15:13:39 INFO     Batch: [22/120] Epoch: [9] Loss: [1.7437641620635986]
2019-04-01 15:13:40 INFO     Batch: [23/120] Epoch: [9] Loss: [1.748521665732066]
2019-04-01 15:13:40 INFO     Batch: [24/120] Epoch: [9] Loss: [1.748482847213745]
2019-04-01 15:13:40 INFO     Batch: [25/120] Epoch: [9] Loss: [1.747172502370981]
2019-04-01 15:13:41 INFO     Batch: [26/120] Epoch: [9] Loss: [1.7502855548152216]
2019-04-01 15:13:41 INFO     Batch: [27/120] Epoch: [9] Loss: [1.7522934504917689]
2019-04-01 15:13:42 INFO     Batch: [28/120] Epoch: [9] Loss: [1.75305870072595]
2019-04-01 15:13:42 INFO     Batch: [29/120] Epoch: [9] Loss: [1.753048543135325]
2019-04-01 15:13:42 INFO     Batch: [30/120] Epoch: [9] Loss: [1.7544231837795627]
2019-04-01 15:13:43 INFO     Batch: [31/120] Epoch: [9] Loss: [1.7544721215963364]
2019-04-01 15:13:43 INFO     Batch: [32/120] Epoch: [9] Loss: [1.7528437592766501]
2019-04-01 15:13:44 INFO     Batch: [33/120] Epoch: [9] Loss: [1.749933709116543]
2019-04-01 15:13:44 INFO     Batch: [34/120] Epoch: [9] Loss: [1.7479233094624111]
2019-04-01 15:13:44 INFO     Batch: [35/120] Epoch: [9] Loss: [1.7481477657953899]
2019-04-01 15:13:45 INFO     Batch: [36/120] Epoch: [9] Loss: [1.7487087894130398]
2019-04-01 15:13:45 INFO     Batch: [37/120] Epoch: [9] Loss: [1.7486250086834556]
2019-04-01 15:13:45 INFO     Batch: [38/120] Epoch: [9] Loss: [1.7497168015211055]
2019-04-01 15:13:46 INFO     Batch: [39/120] Epoch: [9] Loss: [1.7502803534269333]
2019-04-01 15:13:46 INFO     Batch: [40/120] Epoch: [9] Loss: [1.7502820230111844]
2019-04-01 15:13:47 INFO     Batch: [41/120] Epoch: [9] Loss: [1.7503466776439123]
2019-04-01 15:13:47 INFO     Batch: [42/120] Epoch: [9] Loss: [1.750303717546685]
2019-04-01 15:13:47 INFO     Batch: [43/120] Epoch: [9] Loss: [1.75120025602254]
2019-04-01 15:13:48 INFO     Batch: [44/120] Epoch: [9] Loss: [1.7509838183720907]
2019-04-01 15:13:48 INFO     Batch: [45/120] Epoch: [9] Loss: [1.7486446499824524]
2019-04-01 15:13:48 INFO     Batch: [46/120] Epoch: [9] Loss: [1.7486464190990367]
2019-04-01 15:13:49 INFO     Batch: [47/120] Epoch: [9] Loss: [1.748875044286251]
2019-04-01 15:13:49 INFO     Batch: [48/120] Epoch: [9] Loss: [1.7486430455227286]
2019-04-01 15:13:50 INFO     Batch: [49/120] Epoch: [9] Loss: [1.7502605366706847]
2019-04-01 15:13:50 INFO     Batch: [50/120] Epoch: [9] Loss: [1.748442906959384]
2019-04-01 15:13:50 INFO     Batch: [51/120] Epoch: [9] Loss: [1.7482933470836053]
2019-04-01 15:13:51 INFO     Batch: [52/120] Epoch: [9] Loss: [1.7471879135887578]
2019-04-01 15:13:51 INFO     Batch: [53/120] Epoch: [9] Loss: [1.7483685943815443]
2019-04-01 15:13:51 INFO     Batch: [54/120] Epoch: [9] Loss: [1.748008825562217]
2019-04-01 15:13:52 INFO     Batch: [55/120] Epoch: [9] Loss: [1.747957712837628]
2019-04-01 15:13:52 INFO     Batch: [56/120] Epoch: [9] Loss: [1.7473326942376923]
2019-04-01 15:13:53 INFO     Batch: [57/120] Epoch: [9] Loss: [1.748091849787482]
2019-04-01 15:13:53 INFO     Batch: [58/120] Epoch: [9] Loss: [1.7467259370674522]
2019-04-01 15:13:53 INFO     Batch: [59/120] Epoch: [9] Loss: [1.7469764192899069]
2019-04-01 15:13:54 INFO     Batch: [60/120] Epoch: [9] Loss: [1.7469991250116317]
2019-04-01 15:13:54 INFO     Batch: [61/120] Epoch: [9] Loss: [1.7470378548868242]
2019-04-01 15:13:55 INFO     Batch: [62/120] Epoch: [9] Loss: [1.7470962036223638]
2019-04-01 15:13:55 INFO     Batch: [63/120] Epoch: [9] Loss: [1.7457254603505135]
2019-04-01 15:13:55 INFO     Batch: [64/120] Epoch: [9] Loss: [1.7457950683740469]
2019-04-01 15:13:56 INFO     Batch: [65/120] Epoch: [9] Loss: [1.7460749275756604]
2019-04-01 15:13:56 INFO     Batch: [66/120] Epoch: [9] Loss: [1.7470620692665897]
2019-04-01 15:13:56 INFO     Batch: [67/120] Epoch: [9] Loss: [1.7483401070622837]
2019-04-01 15:13:57 INFO     Batch: [68/120] Epoch: [9] Loss: [1.7478203514347905]
2019-04-01 15:13:57 INFO     Batch: [69/120] Epoch: [9] Loss: [1.7466598766190664]
2019-04-01 15:13:57 INFO     Batch: [70/120] Epoch: [9] Loss: [1.7464538460046473]
2019-04-01 15:13:58 INFO     Batch: [71/120] Epoch: [9] Loss: [1.7455384284257889]
2019-04-01 15:13:58 INFO     Batch: [72/120] Epoch: [9] Loss: [1.7459939424305746]
2019-04-01 15:13:59 INFO     Batch: [73/120] Epoch: [9] Loss: [1.746286606466448]
2019-04-01 15:13:59 INFO     Batch: [74/120] Epoch: [9] Loss: [1.7469771909713745]
2019-04-01 15:13:59 INFO     Batch: [75/120] Epoch: [9] Loss: [1.7472552672812813]
2019-04-01 15:14:00 INFO     Batch: [76/120] Epoch: [9] Loss: [1.7474795099976774]
2019-04-01 15:14:00 INFO     Batch: [77/120] Epoch: [9] Loss: [1.748397741562281]
2019-04-01 15:14:00 INFO     Batch: [78/120] Epoch: [9] Loss: [1.7493394130392919]
2019-04-01 15:14:01 INFO     Batch: [79/120] Epoch: [9] Loss: [1.7486672550439835]
2019-04-01 15:14:01 INFO     Batch: [80/120] Epoch: [9] Loss: [1.7487153035623055]
2019-04-01 15:14:02 INFO     Batch: [81/120] Epoch: [9] Loss: [1.7491978116151763]
2019-04-01 15:14:02 INFO     Batch: [82/120] Epoch: [9] Loss: [1.7495478879974549]
2019-04-01 15:14:02 INFO     Batch: [83/120] Epoch: [9] Loss: [1.7503392781530107]
2019-04-01 15:14:03 INFO     Batch: [84/120] Epoch: [9] Loss: [1.750297889989965]
2019-04-01 15:14:03 INFO     Batch: [85/120] Epoch: [9] Loss: [1.750655587329421]
2019-04-01 15:14:03 INFO     Batch: [86/120] Epoch: [9] Loss: [1.751274322641307]
2019-04-01 15:14:04 INFO     Batch: [87/120] Epoch: [9] Loss: [1.7510555522008375]
2019-04-01 15:14:04 INFO     Batch: [88/120] Epoch: [9] Loss: [1.749884179468905]
2019-04-01 15:14:05 INFO     Batch: [89/120] Epoch: [9] Loss: [1.7502418359120686]
2019-04-01 15:14:05 INFO     Batch: [90/120] Epoch: [9] Loss: [1.7507295529920976]
2019-04-01 15:14:05 INFO     Batch: [91/120] Epoch: [9] Loss: [1.7502758658450583]
2019-04-01 15:14:06 INFO     Batch: [92/120] Epoch: [9] Loss: [1.7504659339945803]
2019-04-01 15:14:06 INFO     Batch: [93/120] Epoch: [9] Loss: [1.7506103464897642]
2019-04-01 15:14:07 INFO     Batch: [94/120] Epoch: [9] Loss: [1.7504871318214819]
2019-04-01 15:14:07 INFO     Batch: [95/120] Epoch: [9] Loss: [1.7500690917174022]
2019-04-01 15:14:07 INFO     Batch: [96/120] Epoch: [9] Loss: [1.7499692956196893]
2019-04-01 15:14:08 INFO     Batch: [97/120] Epoch: [9] Loss: [1.7498481176337417]
2019-04-01 15:14:08 INFO     Batch: [98/120] Epoch: [9] Loss: [1.7496755857660313]
2019-04-01 15:14:08 INFO     Batch: [99/120] Epoch: [9] Loss: [1.7492009401321411]
