2019-04-01 14:55:36 INFO     Loading Data
2019-04-01 14:55:37 INFO     Model Setting Up
2019-04-01 14:55:46 INFO     Start Training
2019-04-01 14:55:55 INFO     Batch: [0/600] Epoch: [0] Loss: [2.263612985610962]
2019-04-01 14:55:56 INFO     Accuracy: [0.13545454545454547]

2019-04-01 14:55:56 INFO     Batch: [1/600] Epoch: [0] Loss: [2.2598243951797485]
2019-04-01 14:55:56 INFO     Batch: [2/600] Epoch: [0] Loss: [2.2577216625213623]
2019-04-01 14:55:56 INFO     Batch: [3/600] Epoch: [0] Loss: [2.2564069628715515]
2019-04-01 14:55:56 INFO     Batch: [4/600] Epoch: [0] Loss: [2.2513701915740967]
2019-04-01 14:55:56 INFO     Batch: [5/600] Epoch: [0] Loss: [2.2466968297958374]
2019-04-01 14:55:56 INFO     Batch: [6/600] Epoch: [0] Loss: [2.239988463265555]
2019-04-01 14:55:56 INFO     Batch: [7/600] Epoch: [0] Loss: [2.2299532294273376]
2019-04-01 14:55:57 INFO     Batch: [8/600] Epoch: [0] Loss: [2.2325348324245877]
2019-04-01 14:55:57 INFO     Batch: [9/600] Epoch: [0] Loss: [2.2240200281143188]
2019-04-01 14:55:57 INFO     Batch: [10/600] Epoch: [0] Loss: [2.219108126380227]
2019-04-01 14:55:57 INFO     Accuracy: [0.23909090909090908]

2019-04-01 14:55:58 INFO     Batch: [11/600] Epoch: [0] Loss: [2.215692937374115]
2019-04-01 14:55:58 INFO     Batch: [12/600] Epoch: [0] Loss: [2.2089184797727146]
2019-04-01 14:55:58 INFO     Batch: [13/600] Epoch: [0] Loss: [2.203380516597203]
2019-04-01 14:55:58 INFO     Batch: [14/600] Epoch: [0] Loss: [2.1992527802785236]
2019-04-01 14:55:58 INFO     Batch: [15/600] Epoch: [0] Loss: [2.1949716955423355]
2019-04-01 14:55:58 INFO     Batch: [16/600] Epoch: [0] Loss: [2.187570165185367]
2019-04-01 14:55:58 INFO     Batch: [17/600] Epoch: [0] Loss: [2.1829028129577637]
2019-04-01 14:55:58 INFO     Batch: [18/600] Epoch: [0] Loss: [2.1821827135587992]
2019-04-01 14:55:58 INFO     Batch: [19/600] Epoch: [0] Loss: [2.178112506866455]
2019-04-01 14:55:58 INFO     Batch: [20/600] Epoch: [0] Loss: [2.173622789837065]
2019-04-01 14:55:59 INFO     Accuracy: [0.25363636363636366]

2019-04-01 14:55:59 INFO     Batch: [21/600] Epoch: [0] Loss: [2.1656464663418857]
2019-04-01 14:55:59 INFO     Batch: [22/600] Epoch: [0] Loss: [2.163757863252059]
2019-04-01 14:55:59 INFO     Batch: [23/600] Epoch: [0] Loss: [2.15909206867218]
2019-04-01 14:55:59 INFO     Batch: [24/600] Epoch: [0] Loss: [2.157025032043457]
2019-04-01 14:55:59 INFO     Batch: [25/600] Epoch: [0] Loss: [2.1524043908486]
2019-04-01 14:55:59 INFO     Batch: [26/600] Epoch: [0] Loss: [2.147691329320272]
2019-04-01 14:55:59 INFO     Batch: [27/600] Epoch: [0] Loss: [2.1440756150654385]
2019-04-01 14:56:00 INFO     Batch: [28/600] Epoch: [0] Loss: [2.1431090585116683]
2019-04-01 14:56:00 INFO     Batch: [29/600] Epoch: [0] Loss: [2.1377777576446535]
2019-04-01 14:56:00 INFO     Batch: [30/600] Epoch: [0] Loss: [2.1306519008451894]
2019-04-01 14:56:00 INFO     Accuracy: [0.2618181818181818]

2019-04-01 14:56:00 INFO     Batch: [31/600] Epoch: [0] Loss: [2.12845104560256]
2019-04-01 14:56:01 INFO     Batch: [32/600] Epoch: [0] Loss: [2.1242157943320996]
2019-04-01 14:56:01 INFO     Batch: [33/600] Epoch: [0] Loss: [2.1209889895775738]
2019-04-01 14:56:01 INFO     Batch: [34/600] Epoch: [0] Loss: [2.117585982595171]
2019-04-01 14:56:01 INFO     Batch: [35/600] Epoch: [0] Loss: [2.1174469689528146]
2019-04-01 14:56:01 INFO     Batch: [36/600] Epoch: [0] Loss: [2.116750443303907]
2019-04-01 14:56:01 INFO     Batch: [37/600] Epoch: [0] Loss: [2.1137308478355408]
2019-04-01 14:56:01 INFO     Batch: [38/600] Epoch: [0] Loss: [2.110116796615796]
2019-04-01 14:56:01 INFO     Batch: [39/600] Epoch: [0] Loss: [2.1067047089338304]
2019-04-01 14:56:01 INFO     Batch: [40/600] Epoch: [0] Loss: [2.1012195348739624]
2019-04-01 14:56:02 INFO     Accuracy: [0.2636363636363636]

2019-04-01 14:56:02 INFO     Batch: [41/600] Epoch: [0] Loss: [2.0983598289035617]
2019-04-01 14:56:02 INFO     Batch: [42/600] Epoch: [0] Loss: [2.094396707623504]
2019-04-01 14:56:02 INFO     Batch: [43/600] Epoch: [0] Loss: [2.090793238444762]
2019-04-01 14:56:02 INFO     Batch: [44/600] Epoch: [0] Loss: [2.088113734457228]
2019-04-01 14:56:02 INFO     Batch: [45/600] Epoch: [0] Loss: [2.0874538551206174]
2019-04-01 14:56:02 INFO     Batch: [46/600] Epoch: [0] Loss: [2.086166374226834]
2019-04-01 14:56:02 INFO     Batch: [47/600] Epoch: [0] Loss: [2.083756022155285]
2019-04-01 14:56:02 INFO     Batch: [48/600] Epoch: [0] Loss: [2.0847822817004458]
2019-04-01 14:56:03 INFO     Batch: [49/600] Epoch: [0] Loss: [2.0825307178497314]
2019-04-01 14:56:03 INFO     Batch: [50/600] Epoch: [0] Loss: [2.079330610293968]
2019-04-01 14:56:03 INFO     Accuracy: [0.32818181818181813]

2019-04-01 14:56:03 INFO     Batch: [51/600] Epoch: [0] Loss: [2.076708137989044]
2019-04-01 14:56:04 INFO     Batch: [52/600] Epoch: [0] Loss: [2.07496932542549]
2019-04-01 14:56:04 INFO     Batch: [53/600] Epoch: [0] Loss: [2.07454905907313]
2019-04-01 14:56:04 INFO     Batch: [54/600] Epoch: [0] Loss: [2.0723894054239445]
2019-04-01 14:56:04 INFO     Batch: [55/600] Epoch: [0] Loss: [2.0703913867473602]
2019-04-01 14:56:04 INFO     Batch: [56/600] Epoch: [0] Loss: [2.0692232366193806]
2019-04-01 14:56:04 INFO     Batch: [57/600] Epoch: [0] Loss: [2.065569824185865]
2019-04-01 14:56:04 INFO     Batch: [58/600] Epoch: [0] Loss: [2.0644933813709323]
2019-04-01 14:56:04 INFO     Batch: [59/600] Epoch: [0] Loss: [2.062771517038345]
2019-04-01 14:56:04 INFO     Batch: [60/600] Epoch: [0] Loss: [2.0611899993458733]
2019-04-01 14:56:05 INFO     Accuracy: [0.3181818181818182]

2019-04-01 14:56:05 INFO     Batch: [61/600] Epoch: [0] Loss: [2.0588858973595405]
2019-04-01 14:56:05 INFO     Batch: [62/600] Epoch: [0] Loss: [2.05704657236735]
2019-04-01 14:56:05 INFO     Batch: [63/600] Epoch: [0] Loss: [2.0547004491090775]
2019-04-01 14:56:05 INFO     Batch: [64/600] Epoch: [0] Loss: [2.0516550339185273]
2019-04-01 14:56:05 INFO     Batch: [65/600] Epoch: [0] Loss: [2.049247075210918]
2019-04-01 14:56:05 INFO     Batch: [66/600] Epoch: [0] Loss: [2.0479990546383076]
2019-04-01 14:56:05 INFO     Batch: [67/600] Epoch: [0] Loss: [2.0469813925378464]
2019-04-01 14:56:05 INFO     Batch: [68/600] Epoch: [0] Loss: [2.046366634576217]
2019-04-01 14:56:06 INFO     Batch: [69/600] Epoch: [0] Loss: [2.0458892055920193]
2019-04-01 14:56:06 INFO     Batch: [70/600] Epoch: [0] Loss: [2.0463833792108885]
2019-04-01 14:56:06 INFO     Accuracy: [0.2936363636363636]

2019-04-01 14:56:06 INFO     Batch: [71/600] Epoch: [0] Loss: [2.0447441786527634]
2019-04-01 14:56:07 INFO     Batch: [72/600] Epoch: [0] Loss: [2.042357113263378]
2019-04-01 14:56:07 INFO     Batch: [73/600] Epoch: [0] Loss: [2.0435920357704163]
2019-04-01 14:56:07 INFO     Batch: [74/600] Epoch: [0] Loss: [2.0434511582056682]
2019-04-01 14:56:07 INFO     Batch: [75/600] Epoch: [0] Loss: [2.041890152190861]
2019-04-01 14:56:07 INFO     Batch: [76/600] Epoch: [0] Loss: [2.0390173847025093]
2019-04-01 14:56:07 INFO     Batch: [77/600] Epoch: [0] Loss: [2.0339944943403587]
2019-04-01 14:56:07 INFO     Batch: [78/600] Epoch: [0] Loss: [2.031911819796019]
2019-04-01 14:56:07 INFO     Batch: [79/600] Epoch: [0] Loss: [2.032075968384743]
2019-04-01 14:56:07 INFO     Batch: [80/600] Epoch: [0] Loss: [2.031573904885186]
2019-04-01 14:56:08 INFO     Accuracy: [0.31363636363636366]

2019-04-01 14:56:08 INFO     Batch: [81/600] Epoch: [0] Loss: [2.0303278012973505]
2019-04-01 14:56:08 INFO     Batch: [82/600] Epoch: [0] Loss: [2.028636172593358]
2019-04-01 14:56:08 INFO     Batch: [83/600] Epoch: [0] Loss: [2.027736316124598]
2019-04-01 14:56:08 INFO     Batch: [84/600] Epoch: [0] Loss: [2.0270249128341673]
2019-04-01 14:56:08 INFO     Batch: [85/600] Epoch: [0] Loss: [2.025323698686999]
2019-04-01 14:56:08 INFO     Batch: [86/600] Epoch: [0] Loss: [2.0236391993774765]
2019-04-01 14:56:08 INFO     Batch: [87/600] Epoch: [0] Loss: [2.0217169631611216]
2019-04-01 14:56:08 INFO     Batch: [88/600] Epoch: [0] Loss: [2.019207737419043]
2019-04-01 14:56:09 INFO     Batch: [89/600] Epoch: [0] Loss: [2.0181016710069444]
2019-04-01 14:56:09 INFO     Batch: [90/600] Epoch: [0] Loss: [2.016780422284053]
2019-04-01 14:56:09 INFO     Accuracy: [0.31181818181818177]

2019-04-01 14:56:09 INFO     Batch: [91/600] Epoch: [0] Loss: [2.0156181415785914]
2019-04-01 14:56:10 INFO     Batch: [92/600] Epoch: [0] Loss: [2.0143484325819117]
2019-04-01 14:56:10 INFO     Batch: [93/600] Epoch: [0] Loss: [2.0138358410368573]
2019-04-01 14:56:10 INFO     Batch: [94/600] Epoch: [0] Loss: [2.01192598468379]
2019-04-01 14:56:10 INFO     Batch: [95/600] Epoch: [0] Loss: [2.0119123744467893]
2019-04-01 14:56:10 INFO     Batch: [96/600] Epoch: [0] Loss: [2.011222750870223]
2019-04-01 14:56:10 INFO     Batch: [97/600] Epoch: [0] Loss: [2.0096029882528343]
2019-04-01 14:56:10 INFO     Batch: [98/600] Epoch: [0] Loss: [2.00836559257122]
2019-04-01 14:56:10 INFO     Batch: [99/600] Epoch: [0] Loss: [2.008255635499954]
2019-04-01 14:56:10 INFO     Batch: [100/600] Epoch: [0] Loss: [2.0080295246426423]
2019-04-01 14:56:11 INFO     Accuracy: [0.2736363636363637]

2019-04-01 14:56:11 INFO     Batch: [101/600] Epoch: [0] Loss: [2.006212769770155]
2019-04-01 14:56:11 INFO     Batch: [102/600] Epoch: [0] Loss: [2.005681769361774]
2019-04-01 14:56:11 INFO     Batch: [103/600] Epoch: [0] Loss: [2.004049618656819]
2019-04-01 14:56:11 INFO     Batch: [104/600] Epoch: [0] Loss: [2.0022244146892003]
2019-04-01 14:56:11 INFO     Batch: [105/600] Epoch: [0] Loss: [2.000828338119219]
2019-04-01 14:56:11 INFO     Batch: [106/600] Epoch: [0] Loss: [2.0006816821677664]
2019-04-01 14:56:11 INFO     Batch: [107/600] Epoch: [0] Loss: [2.000344741123694]
2019-04-01 14:56:11 INFO     Batch: [108/600] Epoch: [0] Loss: [1.9991505572555262]
2019-04-01 14:56:11 INFO     Batch: [109/600] Epoch: [0] Loss: [1.998498045314442]
2019-04-01 14:56:12 INFO     Batch: [110/600] Epoch: [0] Loss: [1.9985301408681784]
2019-04-01 14:56:12 INFO     Accuracy: [0.2790909090909091]

2019-04-01 14:56:12 INFO     Batch: [111/600] Epoch: [0] Loss: [1.9976827395813805]
2019-04-01 14:56:12 INFO     Batch: [112/600] Epoch: [0] Loss: [1.9973243991885565]
2019-04-01 14:56:13 INFO     Batch: [113/600] Epoch: [0] Loss: [1.9968522745266295]
2019-04-01 14:56:13 INFO     Batch: [114/600] Epoch: [0] Loss: [1.9959152543026468]
2019-04-01 14:56:13 INFO     Batch: [115/600] Epoch: [0] Loss: [1.9957666859544556]
2019-04-01 14:56:13 INFO     Batch: [116/600] Epoch: [0] Loss: [1.9953925996764093]
2019-04-01 14:56:13 INFO     Batch: [117/600] Epoch: [0] Loss: [1.9952054518764302]
2019-04-01 14:56:13 INFO     Batch: [118/600] Epoch: [0] Loss: [1.9953110027713936]
2019-04-01 14:56:13 INFO     Batch: [119/600] Epoch: [0] Loss: [1.9960978855689366]
2019-04-01 14:56:13 INFO     Batch: [120/600] Epoch: [0] Loss: [1.9953936377832713]
2019-04-01 14:56:14 INFO     Accuracy: [0.3109090909090909]

2019-04-01 14:56:14 INFO     Batch: [121/600] Epoch: [0] Loss: [1.994026741043466]
2019-04-01 14:56:14 INFO     Batch: [122/600] Epoch: [0] Loss: [1.9934708849201357]
2019-04-01 14:56:14 INFO     Batch: [123/600] Epoch: [0] Loss: [1.9934097634207817]
2019-04-01 14:56:14 INFO     Batch: [124/600] Epoch: [0] Loss: [1.9920367946624755]
2019-04-01 14:56:14 INFO     Batch: [125/600] Epoch: [0] Loss: [1.9916286402278476]
2019-04-01 14:56:14 INFO     Batch: [126/600] Epoch: [0] Loss: [1.9912148413695687]
2019-04-01 14:56:14 INFO     Batch: [127/600] Epoch: [0] Loss: [1.9903541700914502]
2019-04-01 14:56:14 INFO     Batch: [128/600] Epoch: [0] Loss: [1.9888642009838606]
2019-04-01 14:56:14 INFO     Batch: [129/600] Epoch: [0] Loss: [1.9893490543732277]
2019-04-01 14:56:15 INFO     Batch: [130/600] Epoch: [0] Loss: [1.9879602394031204]
2019-04-01 14:56:15 INFO     Accuracy: [0.33636363636363636]

2019-04-01 14:56:15 INFO     Batch: [131/600] Epoch: [0] Loss: [1.9867861009005345]
2019-04-01 14:56:15 INFO     Batch: [132/600] Epoch: [0] Loss: [1.9849775438021897]
2019-04-01 14:56:16 INFO     Batch: [133/600] Epoch: [0] Loss: [1.9845733793813791]
2019-04-01 14:56:16 INFO     Batch: [134/600] Epoch: [0] Loss: [1.9828786814654316]
2019-04-01 14:56:16 INFO     Batch: [135/600] Epoch: [0] Loss: [1.9829469708835377]
2019-04-01 14:56:16 INFO     Batch: [136/600] Epoch: [0] Loss: [1.9812756620184349]
2019-04-01 14:56:16 INFO     Batch: [137/600] Epoch: [0] Loss: [1.9804181698439778]
2019-04-01 14:56:16 INFO     Batch: [138/600] Epoch: [0] Loss: [1.980138237527806]
2019-04-01 14:56:16 INFO     Batch: [139/600] Epoch: [0] Loss: [1.980378941978727]
2019-04-01 14:56:16 INFO     Batch: [140/600] Epoch: [0] Loss: [1.9787698071053688]
2019-04-01 14:56:17 INFO     Accuracy: [0.2936363636363637]

2019-04-01 14:56:17 INFO     Batch: [141/600] Epoch: [0] Loss: [1.978347037879514]
2019-04-01 14:56:17 INFO     Batch: [142/600] Epoch: [0] Loss: [1.97837028636799]
2019-04-01 14:56:17 INFO     Batch: [143/600] Epoch: [0] Loss: [1.976199174920718]
2019-04-01 14:56:17 INFO     Batch: [144/600] Epoch: [0] Loss: [1.9763177427752265]
2019-04-01 14:56:17 INFO     Batch: [145/600] Epoch: [0] Loss: [1.9755807837394819]
2019-04-01 14:56:17 INFO     Batch: [146/600] Epoch: [0] Loss: [1.9758882944275733]
2019-04-01 14:56:17 INFO     Batch: [147/600] Epoch: [0] Loss: [1.9749149390169092]
2019-04-01 14:56:17 INFO     Batch: [148/600] Epoch: [0] Loss: [1.9746283868815275]
2019-04-01 14:56:17 INFO     Batch: [149/600] Epoch: [0] Loss: [1.9750480930010477]
2019-04-01 14:56:17 INFO     Batch: [150/600] Epoch: [0] Loss: [1.9737808230696925]
2019-04-01 14:56:18 INFO     Accuracy: [0.29818181818181816]

2019-04-01 14:56:18 INFO     Batch: [151/600] Epoch: [0] Loss: [1.9748763253814297]
2019-04-01 14:56:18 INFO     Batch: [152/600] Epoch: [0] Loss: [1.973821827788758]
2019-04-01 14:56:19 INFO     Batch: [153/600] Epoch: [0] Loss: [1.9732904201978212]
2019-04-01 14:56:19 INFO     Batch: [154/600] Epoch: [0] Loss: [1.9723624513995264]
2019-04-01 14:56:19 INFO     Batch: [155/600] Epoch: [0] Loss: [1.9731986759564815]
2019-04-01 14:56:19 INFO     Batch: [156/600] Epoch: [0] Loss: [1.971933782480325]
2019-04-01 14:56:19 INFO     Batch: [157/600] Epoch: [0] Loss: [1.9727856388574914]
2019-04-01 14:56:19 INFO     Batch: [158/600] Epoch: [0] Loss: [1.9719954714085322]
2019-04-01 14:56:19 INFO     Batch: [159/600] Epoch: [0] Loss: [1.9716524839401246]
2019-04-01 14:56:19 INFO     Batch: [160/600] Epoch: [0] Loss: [1.9713318829210649]
2019-04-01 14:56:20 INFO     Accuracy: [0.29181818181818187]

2019-04-01 14:56:20 INFO     Batch: [161/600] Epoch: [0] Loss: [1.9707895105267748]
2019-04-01 14:56:20 INFO     Batch: [162/600] Epoch: [0] Loss: [1.9713363983879792]
2019-04-01 14:56:20 INFO     Batch: [163/600] Epoch: [0] Loss: [1.9709427174998493]
2019-04-01 14:56:20 INFO     Batch: [164/600] Epoch: [0] Loss: [1.9716366486115888]
2019-04-01 14:56:20 INFO     Batch: [165/600] Epoch: [0] Loss: [1.9700009119079773]
2019-04-01 14:56:20 INFO     Batch: [166/600] Epoch: [0] Loss: [1.9699325782810142]
2019-04-01 14:56:20 INFO     Batch: [167/600] Epoch: [0] Loss: [1.9684658015058154]
2019-04-01 14:56:20 INFO     Batch: [168/600] Epoch: [0] Loss: [1.9686254721421461]
2019-04-01 14:56:20 INFO     Batch: [169/600] Epoch: [0] Loss: [1.968314034798566]
2019-04-01 14:56:20 INFO     Batch: [170/600] Epoch: [0] Loss: [1.9681256904936673]
2019-04-01 14:56:21 INFO     Accuracy: [0.26999999999999996]

2019-04-01 14:56:21 INFO     Batch: [171/600] Epoch: [0] Loss: [1.9681082277796988]
2019-04-01 14:56:21 INFO     Batch: [172/600] Epoch: [0] Loss: [1.9673518417887605]
2019-04-01 14:56:22 INFO     Batch: [173/600] Epoch: [0] Loss: [1.9670569560993676]
2019-04-01 14:56:22 INFO     Batch: [174/600] Epoch: [0] Loss: [1.9667041124616351]
2019-04-01 14:56:22 INFO     Batch: [175/600] Epoch: [0] Loss: [1.9665661921555346]
2019-04-01 14:56:22 INFO     Batch: [176/600] Epoch: [0] Loss: [1.965755527975869]
2019-04-01 14:56:22 INFO     Batch: [177/600] Epoch: [0] Loss: [1.9662957198164437]
2019-04-01 14:56:22 INFO     Batch: [178/600] Epoch: [0] Loss: [1.9657304886333102]
2019-04-01 14:56:22 INFO     Batch: [179/600] Epoch: [0] Loss: [1.9653249190913307]
2019-04-01 14:56:22 INFO     Batch: [180/600] Epoch: [0] Loss: [1.9644781081057385]
2019-04-01 14:56:23 INFO     Accuracy: [0.28909090909090907]

2019-04-01 14:56:23 INFO     Batch: [181/600] Epoch: [0] Loss: [1.9634863976593857]
2019-04-01 14:56:23 INFO     Batch: [182/600] Epoch: [0] Loss: [1.962910171414985]
2019-04-01 14:56:23 INFO     Batch: [183/600] Epoch: [0] Loss: [1.9625692659098168]
2019-04-01 14:56:23 INFO     Batch: [184/600] Epoch: [0] Loss: [1.9638008098344546]
2019-04-01 14:56:23 INFO     Batch: [185/600] Epoch: [0] Loss: [1.9641313033719217]
2019-04-01 14:56:23 INFO     Batch: [186/600] Epoch: [0] Loss: [1.9660391278445402]
2019-04-01 14:56:23 INFO     Batch: [187/600] Epoch: [0] Loss: [1.966509060022679]
2019-04-01 14:56:23 INFO     Batch: [188/600] Epoch: [0] Loss: [1.9662774511115262]
2019-04-01 14:56:23 INFO     Batch: [189/600] Epoch: [0] Loss: [1.966654003921308]
2019-04-01 14:56:24 INFO     Batch: [190/600] Epoch: [0] Loss: [1.966565124027392]
2019-04-01 14:56:24 INFO     Accuracy: [0.28454545454545455]

2019-04-01 14:56:24 INFO     Batch: [191/600] Epoch: [0] Loss: [1.9663404213885467]
2019-04-01 14:56:24 INFO     Batch: [192/600] Epoch: [0] Loss: [1.9667734136235528]
2019-04-01 14:56:25 INFO     Batch: [193/600] Epoch: [0] Loss: [1.966835378986044]
2019-04-01 14:56:25 INFO     Batch: [194/600] Epoch: [0] Loss: [1.9659956803688636]
2019-04-01 14:56:25 INFO     Batch: [195/600] Epoch: [0] Loss: [1.965827459583477]
2019-04-01 14:56:25 INFO     Batch: [196/600] Epoch: [0] Loss: [1.9659075900382803]
2019-04-01 14:56:25 INFO     Batch: [197/600] Epoch: [0] Loss: [1.9661120928899207]
2019-04-01 14:56:25 INFO     Batch: [198/600] Epoch: [0] Loss: [1.9652417574695606]
2019-04-01 14:56:25 INFO     Batch: [199/600] Epoch: [0] Loss: [1.9642138588428497]
2019-04-01 14:56:25 INFO     Batch: [200/600] Epoch: [0] Loss: [1.9638407236308009]
2019-04-01 14:56:26 INFO     Accuracy: [0.3054545454545455]

2019-04-01 14:56:26 INFO     Batch: [201/600] Epoch: [0] Loss: [1.9628492788513108]
2019-04-01 14:56:26 INFO     Batch: [202/600] Epoch: [0] Loss: [1.9627810029560708]
2019-04-01 14:56:26 INFO     Batch: [203/600] Epoch: [0] Loss: [1.9622051587291793]
2019-04-01 14:56:26 INFO     Batch: [204/600] Epoch: [0] Loss: [1.9613786546195426]
2019-04-01 14:56:26 INFO     Batch: [205/600] Epoch: [0] Loss: [1.9619338686026415]
2019-04-01 14:56:26 INFO     Batch: [206/600] Epoch: [0] Loss: [1.9624523920713415]
2019-04-01 14:56:26 INFO     Batch: [207/600] Epoch: [0] Loss: [1.9631992681668355]
2019-04-01 14:56:26 INFO     Batch: [208/600] Epoch: [0] Loss: [1.9627320749337593]
2019-04-01 14:56:27 INFO     Batch: [209/600] Epoch: [0] Loss: [1.963054909592583]
2019-04-01 14:56:27 INFO     Batch: [210/600] Epoch: [0] Loss: [1.9638034602477088]
2019-04-01 14:56:27 INFO     Accuracy: [0.32090909090909087]

2019-04-01 14:56:27 INFO     Batch: [211/600] Epoch: [0] Loss: [1.9628572267181468]
2019-04-01 14:56:27 INFO     Batch: [212/600] Epoch: [0] Loss: [1.9621066756091767]
2019-04-01 14:56:28 INFO     Batch: [213/600] Epoch: [0] Loss: [1.9614637510798802]
2019-04-01 14:56:28 INFO     Batch: [214/600] Epoch: [0] Loss: [1.9613082392271175]
2019-04-01 14:56:28 INFO     Batch: [215/600] Epoch: [0] Loss: [1.9615849493830293]
2019-04-01 14:56:28 INFO     Batch: [216/600] Epoch: [0] Loss: [1.9615671398452899]
2019-04-01 14:56:28 INFO     Batch: [217/600] Epoch: [0] Loss: [1.961105552835202]
2019-04-01 14:56:28 INFO     Batch: [218/600] Epoch: [0] Loss: [1.9606897243081707]
2019-04-01 14:56:28 INFO     Batch: [219/600] Epoch: [0] Loss: [1.9602292320945047]
2019-04-01 14:56:28 INFO     Batch: [220/600] Epoch: [0] Loss: [1.959639333491951]
2019-04-01 14:56:29 INFO     Accuracy: [0.33999999999999997]

2019-04-01 14:56:29 INFO     Batch: [221/600] Epoch: [0] Loss: [1.9597131491781354]
2019-04-01 14:56:29 INFO     Batch: [222/600] Epoch: [0] Loss: [1.9589598895188405]
2019-04-01 14:56:29 INFO     Batch: [223/600] Epoch: [0] Loss: [1.959046585219247]
2019-04-01 14:56:29 INFO     Batch: [224/600] Epoch: [0] Loss: [1.9578558174769083]
2019-04-01 14:56:29 INFO     Batch: [225/600] Epoch: [0] Loss: [1.9580603305217439]
2019-04-01 14:56:29 INFO     Batch: [226/600] Epoch: [0] Loss: [1.9580656342569427]
2019-04-01 14:56:29 INFO     Batch: [227/600] Epoch: [0] Loss: [1.9579810108009137]
2019-04-01 14:56:29 INFO     Batch: [228/600] Epoch: [0] Loss: [1.9578049932504846]
2019-04-01 14:56:29 INFO     Batch: [229/600] Epoch: [0] Loss: [1.9577965922977614]
2019-04-01 14:56:30 INFO     Batch: [230/600] Epoch: [0] Loss: [1.956592795136687]
2019-04-01 14:56:30 INFO     Accuracy: [0.31090909090909097]

2019-04-01 14:56:30 INFO     Batch: [231/600] Epoch: [0] Loss: [1.9565495900039016]
2019-04-01 14:56:30 INFO     Batch: [232/600] Epoch: [0] Loss: [1.9574661653952536]
2019-04-01 14:56:30 INFO     Batch: [233/600] Epoch: [0] Loss: [1.957711901420202]
2019-04-01 14:56:31 INFO     Batch: [234/600] Epoch: [0] Loss: [1.957608127593994]
2019-04-01 14:56:31 INFO     Batch: [235/600] Epoch: [0] Loss: [1.9577386854058605]
2019-04-01 14:56:31 INFO     Batch: [236/600] Epoch: [0] Loss: [1.9568688120017073]
2019-04-01 14:56:31 INFO     Batch: [237/600] Epoch: [0] Loss: [1.9571230907400115]
2019-04-01 14:56:31 INFO     Batch: [238/600] Epoch: [0] Loss: [1.95741420959329]
2019-04-01 14:56:31 INFO     Batch: [239/600] Epoch: [0] Loss: [1.9575002744793892]
2019-04-01 14:56:31 INFO     Batch: [240/600] Epoch: [0] Loss: [1.957239901376463]
2019-04-01 14:56:32 INFO     Accuracy: [0.2772727272727273]

2019-04-01 14:56:32 INFO     Batch: [241/600] Epoch: [0] Loss: [1.957445958921732]
2019-04-01 14:56:32 INFO     Batch: [242/600] Epoch: [0] Loss: [1.9568895871747178]
2019-04-01 14:56:32 INFO     Batch: [243/600] Epoch: [0] Loss: [1.9565026740558813]
2019-04-01 14:56:32 INFO     Batch: [244/600] Epoch: [0] Loss: [1.9569854551432084]
2019-04-01 14:56:32 INFO     Batch: [245/600] Epoch: [0] Loss: [1.9577533597868633]
2019-04-01 14:56:32 INFO     Batch: [246/600] Epoch: [0] Loss: [1.9576428592928992]
2019-04-01 14:56:32 INFO     Batch: [247/600] Epoch: [0] Loss: [1.9584567383412392]
2019-04-01 14:56:32 INFO     Batch: [248/600] Epoch: [0] Loss: [1.9583593702699287]
2019-04-01 14:56:32 INFO     Batch: [249/600] Epoch: [0] Loss: [1.9589175000190735]
2019-04-01 14:56:32 INFO     Batch: [250/600] Epoch: [0] Loss: [1.9586288482544432]
2019-04-01 14:56:33 INFO     Accuracy: [0.2809090909090909]

2019-04-01 14:56:33 INFO     Batch: [251/600] Epoch: [0] Loss: [1.9585218798546564]
2019-04-01 14:56:33 INFO     Batch: [252/600] Epoch: [0] Loss: [1.9582651076109514]
2019-04-01 14:56:33 INFO     Batch: [253/600] Epoch: [0] Loss: [1.9584678880811677]
2019-04-01 14:56:34 INFO     Batch: [254/600] Epoch: [0] Loss: [1.9587571761187386]
2019-04-01 14:56:34 INFO     Batch: [255/600] Epoch: [0] Loss: [1.959789781831205]
2019-04-01 14:56:34 INFO     Batch: [256/600] Epoch: [0] Loss: [1.9596094245576674]
2019-04-01 14:56:34 INFO     Batch: [257/600] Epoch: [0] Loss: [1.9600905203079992]
2019-04-01 14:56:34 INFO     Batch: [258/600] Epoch: [0] Loss: [1.9605860641103914]
2019-04-01 14:56:34 INFO     Batch: [259/600] Epoch: [0] Loss: [1.9613303436682774]
2019-04-01 14:56:34 INFO     Batch: [260/600] Epoch: [0] Loss: [1.9613650685525945]
2019-04-01 14:56:35 INFO     Accuracy: [0.2672727272727273]

2019-04-01 14:56:35 INFO     Batch: [261/600] Epoch: [0] Loss: [1.9607663236501562]
2019-04-01 14:56:35 INFO     Batch: [262/600] Epoch: [0] Loss: [1.9612016278981257]
2019-04-01 14:56:35 INFO     Batch: [263/600] Epoch: [0] Loss: [1.96085004056945]
2019-04-01 14:56:35 INFO     Batch: [264/600] Epoch: [0] Loss: [1.9606674743148516]
2019-04-01 14:56:35 INFO     Batch: [265/600] Epoch: [0] Loss: [1.9605277861867632]
2019-04-01 14:56:35 INFO     Batch: [266/600] Epoch: [0] Loss: [1.9604253161712533]
2019-04-01 14:56:35 INFO     Batch: [267/600] Epoch: [0] Loss: [1.9602149849507347]
2019-04-01 14:56:35 INFO     Batch: [268/600] Epoch: [0] Loss: [1.9602557894908805]
2019-04-01 14:56:35 INFO     Batch: [269/600] Epoch: [0] Loss: [1.9610366936083192]
2019-04-01 14:56:35 INFO     Batch: [270/600] Epoch: [0] Loss: [1.9612350613428657]
2019-04-01 14:56:36 INFO     Accuracy: [0.28909090909090907]

2019-04-01 14:56:36 INFO     Batch: [271/600] Epoch: [0] Loss: [1.9614657391520107]
2019-04-01 14:56:36 INFO     Batch: [272/600] Epoch: [0] Loss: [1.9610116276548895]
2019-04-01 14:56:36 INFO     Batch: [273/600] Epoch: [0] Loss: [1.9611148046751092]
2019-04-01 14:56:36 INFO     Batch: [274/600] Epoch: [0] Loss: [1.9603433015129783]
2019-04-01 14:56:37 INFO     Batch: [275/600] Epoch: [0] Loss: [1.9603772651458131]
2019-04-01 14:56:37 INFO     Batch: [276/600] Epoch: [0] Loss: [1.9608046961174974]
2019-04-01 14:56:37 INFO     Batch: [277/600] Epoch: [0] Loss: [1.9606867372560843]
2019-04-01 14:56:37 INFO     Batch: [278/600] Epoch: [0] Loss: [1.960308976925402]
2019-04-01 14:56:37 INFO     Batch: [279/600] Epoch: [0] Loss: [1.960220723918506]
2019-04-01 14:56:37 INFO     Batch: [280/600] Epoch: [0] Loss: [1.9603097379419727]
2019-04-01 14:56:38 INFO     Accuracy: [0.3]

2019-04-01 14:56:38 INFO     Batch: [281/600] Epoch: [0] Loss: [1.960705998941516]
2019-04-01 14:56:38 INFO     Batch: [282/600] Epoch: [0] Loss: [1.9610306685889147]
2019-04-01 14:56:38 INFO     Batch: [283/600] Epoch: [0] Loss: [1.9610076563459047]
2019-04-01 14:56:38 INFO     Batch: [284/600] Epoch: [0] Loss: [1.9602869071458515]
2019-04-01 14:56:38 INFO     Batch: [285/600] Epoch: [0] Loss: [1.9609276852407656]
2019-04-01 14:56:38 INFO     Batch: [286/600] Epoch: [0] Loss: [1.9604087116826288]
2019-04-01 14:56:38 INFO     Batch: [287/600] Epoch: [0] Loss: [1.9605095572769642]
2019-04-01 14:56:38 INFO     Batch: [288/600] Epoch: [0] Loss: [1.960212457963752]
2019-04-01 14:56:38 INFO     Batch: [289/600] Epoch: [0] Loss: [1.9603552041382626]
2019-04-01 14:56:38 INFO     Batch: [290/600] Epoch: [0] Loss: [1.9605268747945832]
2019-04-01 14:56:39 INFO     Accuracy: [0.29090909090909095]

2019-04-01 14:56:39 INFO     Batch: [291/600] Epoch: [0] Loss: [1.9600515365600586]
2019-04-01 14:56:39 INFO     Batch: [292/600] Epoch: [0] Loss: [1.9599159715932384]
2019-04-01 14:56:39 INFO     Batch: [293/600] Epoch: [0] Loss: [1.960027345589229]
2019-04-01 14:56:39 INFO     Batch: [294/600] Epoch: [0] Loss: [1.9597966279013683]
2019-04-01 14:56:39 INFO     Batch: [295/600] Epoch: [0] Loss: [1.9592789794142182]
2019-04-01 14:56:40 INFO     Batch: [296/600] Epoch: [0] Loss: [1.9592752725588352]
2019-04-01 14:56:40 INFO     Batch: [297/600] Epoch: [0] Loss: [1.9589203952142857]
2019-04-01 14:56:40 INFO     Batch: [298/600] Epoch: [0] Loss: [1.9583216857750678]
2019-04-01 14:56:40 INFO     Batch: [299/600] Epoch: [0] Loss: [1.9586492550373078]
2019-04-01 14:56:40 INFO     Batch: [300/600] Epoch: [0] Loss: [1.958030939498217]
2019-04-01 14:56:41 INFO     Accuracy: [0.28363636363636363]

2019-04-01 14:56:41 INFO     Batch: [301/600] Epoch: [0] Loss: [1.9578060701193398]
2019-04-01 14:56:41 INFO     Batch: [302/600] Epoch: [0] Loss: [1.9588106158542948]
2019-04-01 14:56:41 INFO     Batch: [303/600] Epoch: [0] Loss: [1.9582312260019152]
2019-04-01 14:56:41 INFO     Batch: [304/600] Epoch: [0] Loss: [1.9583400569978306]
2019-04-01 14:56:41 INFO     Batch: [305/600] Epoch: [0] Loss: [1.9578630846310285]
2019-04-01 14:56:41 INFO     Batch: [306/600] Epoch: [0] Loss: [1.9578283011719149]
2019-04-01 14:56:41 INFO     Batch: [307/600] Epoch: [0] Loss: [1.9577335982353656]
2019-04-01 14:56:41 INFO     Batch: [308/600] Epoch: [0] Loss: [1.9573024951138542]
2019-04-01 14:56:41 INFO     Batch: [309/600] Epoch: [0] Loss: [1.9579776752379632]
2019-04-01 14:56:41 INFO     Batch: [310/600] Epoch: [0] Loss: [1.9577552628287165]
2019-04-01 14:56:42 INFO     Accuracy: [0.26090909090909087]

2019-04-01 14:56:42 INFO     Batch: [311/600] Epoch: [0] Loss: [1.95792179612013]
2019-04-01 14:56:42 INFO     Batch: [312/600] Epoch: [0] Loss: [1.958202719307555]
2019-04-01 14:56:42 INFO     Batch: [313/600] Epoch: [0] Loss: [1.9582186105904307]
2019-04-01 14:56:42 INFO     Batch: [314/600] Epoch: [0] Loss: [1.9579581203914824]
2019-04-01 14:56:42 INFO     Batch: [315/600] Epoch: [0] Loss: [1.9583152219464508]
2019-04-01 14:56:43 INFO     Batch: [316/600] Epoch: [0] Loss: [1.958897147268903]
2019-04-01 14:56:43 INFO     Batch: [317/600] Epoch: [0] Loss: [1.9595934276310902]
2019-04-01 14:56:43 INFO     Batch: [318/600] Epoch: [0] Loss: [1.9599308171616079]
2019-04-01 14:56:43 INFO     Batch: [319/600] Epoch: [0] Loss: [1.9605502877384424]
2019-04-01 14:56:43 INFO     Batch: [320/600] Epoch: [0] Loss: [1.9605641677000811]
2019-04-01 14:56:44 INFO     Accuracy: [0.2709090909090909]

2019-04-01 14:56:44 INFO     Batch: [321/600] Epoch: [0] Loss: [1.9611691377177742]
2019-04-01 14:56:44 INFO     Batch: [322/600] Epoch: [0] Loss: [1.9611100264747077]
2019-04-01 14:56:44 INFO     Batch: [323/600] Epoch: [0] Loss: [1.9617107959441196]
2019-04-01 14:56:44 INFO     Batch: [324/600] Epoch: [0] Loss: [1.9621017874204196]
2019-04-01 14:56:44 INFO     Batch: [325/600] Epoch: [0] Loss: [1.9625178414619773]
2019-04-01 14:56:44 INFO     Batch: [326/600] Epoch: [0] Loss: [1.962649901707967]
2019-04-01 14:56:44 INFO     Batch: [327/600] Epoch: [0] Loss: [1.9630819719012191]
2019-04-01 14:56:44 INFO     Batch: [328/600] Epoch: [0] Loss: [1.9635522452531253]
2019-04-01 14:56:44 INFO     Batch: [329/600] Epoch: [0] Loss: [1.9638679641665835]
2019-04-01 14:56:44 INFO     Batch: [330/600] Epoch: [0] Loss: [1.964475607944039]
2019-04-01 14:56:45 INFO     Accuracy: [0.28454545454545455]

2019-04-01 14:56:45 INFO     Batch: [331/600] Epoch: [0] Loss: [1.9651263858898576]
2019-04-01 14:56:45 INFO     Batch: [332/600] Epoch: [0] Loss: [1.9650986051416255]
2019-04-01 14:56:45 INFO     Batch: [333/600] Epoch: [0] Loss: [1.9651621683628973]
2019-04-01 14:56:45 INFO     Batch: [334/600] Epoch: [0] Loss: [1.964996620078585]
2019-04-01 14:56:45 INFO     Batch: [335/600] Epoch: [0] Loss: [1.9652093985960597]
2019-04-01 14:56:45 INFO     Batch: [336/600] Epoch: [0] Loss: [1.9650856705730675]
2019-04-01 14:56:46 INFO     Batch: [337/600] Epoch: [0] Loss: [1.9662642789310252]
2019-04-01 14:56:46 INFO     Batch: [338/600] Epoch: [0] Loss: [1.96643715200171]
2019-04-01 14:56:46 INFO     Batch: [339/600] Epoch: [0] Loss: [1.9663162536480847]
2019-04-01 14:56:46 INFO     Batch: [340/600] Epoch: [0] Loss: [1.9661448746482648]
2019-04-01 14:56:47 INFO     Accuracy: [0.30363636363636365]

2019-04-01 14:56:47 INFO     Batch: [341/600] Epoch: [0] Loss: [1.966771577882488]
2019-04-01 14:56:47 INFO     Batch: [342/600] Epoch: [0] Loss: [1.9669872070540493]
2019-04-01 14:56:47 INFO     Batch: [343/600] Epoch: [0] Loss: [1.9671329318784003]
2019-04-01 14:56:47 INFO     Batch: [344/600] Epoch: [0] Loss: [1.9676498547844266]
2019-04-01 14:56:47 INFO     Batch: [345/600] Epoch: [0] Loss: [1.967498784464908]
2019-04-01 14:56:47 INFO     Batch: [346/600] Epoch: [0] Loss: [1.9674365262820328]
2019-04-01 14:56:47 INFO     Batch: [347/600] Epoch: [0] Loss: [1.9675108382756683]
2019-04-01 14:56:47 INFO     Batch: [348/600] Epoch: [0] Loss: [1.9685588706188695]
2019-04-01 14:56:47 INFO     Batch: [349/600] Epoch: [0] Loss: [1.9686337835448129]
2019-04-01 14:56:47 INFO     Batch: [350/600] Epoch: [0] Loss: [1.9695761845662043]
2019-04-01 14:56:48 INFO     Accuracy: [0.29090909090909084]

2019-04-01 14:56:48 INFO     Batch: [351/600] Epoch: [0] Loss: [1.9691546511921016]
2019-04-01 14:56:48 INFO     Batch: [352/600] Epoch: [0] Loss: [1.968932778571888]
2019-04-01 14:56:48 INFO     Batch: [353/600] Epoch: [0] Loss: [1.9692917381976285]
2019-04-01 14:56:48 INFO     Batch: [354/600] Epoch: [0] Loss: [1.9695597574744426]
2019-04-01 14:56:48 INFO     Batch: [355/600] Epoch: [0] Loss: [1.9692850193280853]
2019-04-01 14:56:48 INFO     Batch: [356/600] Epoch: [0] Loss: [1.9693922114973308]
2019-04-01 14:56:49 INFO     Batch: [357/600] Epoch: [0] Loss: [1.969358488834104]
2019-04-01 14:56:49 INFO     Batch: [358/600] Epoch: [0] Loss: [1.969278664974117]
2019-04-01 14:56:49 INFO     Batch: [359/600] Epoch: [0] Loss: [1.9692787031332653]
2019-04-01 14:56:49 INFO     Batch: [360/600] Epoch: [0] Loss: [1.9696046705061048]
2019-04-01 14:56:49 INFO     Accuracy: [0.2690909090909091]

2019-04-01 14:56:50 INFO     Batch: [361/600] Epoch: [0] Loss: [1.9696776771413687]
2019-04-01 14:56:50 INFO     Batch: [362/600] Epoch: [0] Loss: [1.9697396843886572]
2019-04-01 14:56:50 INFO     Batch: [363/600] Epoch: [0] Loss: [1.9701920665882446]
2019-04-01 14:56:50 INFO     Batch: [364/600] Epoch: [0] Loss: [1.970012897008086]
2019-04-01 14:56:50 INFO     Batch: [365/600] Epoch: [0] Loss: [1.9700897326234912]
2019-04-01 14:56:50 INFO     Batch: [366/600] Epoch: [0] Loss: [1.9700029325095445]
2019-04-01 14:56:50 INFO     Batch: [367/600] Epoch: [0] Loss: [1.969629396562991]
2019-04-01 14:56:50 INFO     Batch: [368/600] Epoch: [0] Loss: [1.9699515676110742]
2019-04-01 14:56:50 INFO     Batch: [369/600] Epoch: [0] Loss: [1.9700395023500596]
2019-04-01 14:56:50 INFO     Batch: [370/600] Epoch: [0] Loss: [1.9697148067289285]
2019-04-01 14:56:51 INFO     Accuracy: [0.26818181818181813]

2019-04-01 14:56:51 INFO     Batch: [371/600] Epoch: [0] Loss: [1.969827337290651]
2019-04-01 14:56:51 INFO     Batch: [372/600] Epoch: [0] Loss: [1.9702241414353932]
2019-04-01 14:56:51 INFO     Batch: [373/600] Epoch: [0] Loss: [1.9699706827255494]
2019-04-01 14:56:51 INFO     Batch: [374/600] Epoch: [0] Loss: [1.9698721545537312]
2019-04-01 14:56:51 INFO     Batch: [375/600] Epoch: [0] Loss: [1.9701253825679739]
2019-04-01 14:56:51 INFO     Batch: [376/600] Epoch: [0] Loss: [1.970545091110452]
2019-04-01 14:56:51 INFO     Batch: [377/600] Epoch: [0] Loss: [1.9711716569289959]
2019-04-01 14:56:52 INFO     Batch: [378/600] Epoch: [0] Loss: [1.9712566193930392]
2019-04-01 14:56:52 INFO     Batch: [379/600] Epoch: [0] Loss: [1.9715858343400454]
2019-04-01 14:56:52 INFO     Batch: [380/600] Epoch: [0] Loss: [1.9711539388641597]
2019-04-01 14:56:52 INFO     Accuracy: [0.2863636363636364]

2019-04-01 14:56:53 INFO     Batch: [381/600] Epoch: [0] Loss: [1.971192838945938]
2019-04-01 14:56:53 INFO     Batch: [382/600] Epoch: [0] Loss: [1.9714447266127981]
2019-04-01 14:56:53 INFO     Batch: [383/600] Epoch: [0] Loss: [1.9713597623631358]
2019-04-01 14:56:53 INFO     Batch: [384/600] Epoch: [0] Loss: [1.971112390307637]
2019-04-01 14:56:53 INFO     Batch: [385/600] Epoch: [0] Loss: [1.9708480476715404]
2019-04-01 14:56:53 INFO     Batch: [386/600] Epoch: [0] Loss: [1.9704259609375196]
2019-04-01 14:56:53 INFO     Batch: [387/600] Epoch: [0] Loss: [1.970116470277924]
2019-04-01 14:56:53 INFO     Batch: [388/600] Epoch: [0] Loss: [1.9705880766969106]
2019-04-01 14:56:53 INFO     Batch: [389/600] Epoch: [0] Loss: [1.9709189616716825]
2019-04-01 14:56:53 INFO     Batch: [390/600] Epoch: [0] Loss: [1.970994739581252]
2019-04-01 14:56:54 INFO     Accuracy: [0.3]

2019-04-01 14:56:54 INFO     Batch: [391/600] Epoch: [0] Loss: [1.97151609890315]
2019-04-01 14:56:54 INFO     Batch: [392/600] Epoch: [0] Loss: [1.9714781770876042]
2019-04-01 14:56:54 INFO     Batch: [393/600] Epoch: [0] Loss: [1.9710058113040052]
2019-04-01 14:56:54 INFO     Batch: [394/600] Epoch: [0] Loss: [1.9709902280493627]
2019-04-01 14:56:54 INFO     Batch: [395/600] Epoch: [0] Loss: [1.971160594261054]
2019-04-01 14:56:54 INFO     Batch: [396/600] Epoch: [0] Loss: [1.9713485457134488]
2019-04-01 14:56:54 INFO     Batch: [397/600] Epoch: [0] Loss: [1.971575866991551]
2019-04-01 14:56:55 INFO     Batch: [398/600] Epoch: [0] Loss: [1.9716997499155222]
2019-04-01 14:56:55 INFO     Batch: [399/600] Epoch: [0] Loss: [1.971617259681225]
2019-04-01 14:56:55 INFO     Batch: [400/600] Epoch: [0] Loss: [1.9713125873979487]
2019-04-01 14:56:55 INFO     Accuracy: [0.2609090909090909]

2019-04-01 14:56:56 INFO     Batch: [401/600] Epoch: [0] Loss: [1.9710373679796855]
2019-04-01 14:56:56 INFO     Batch: [402/600] Epoch: [0] Loss: [1.9715327107285152]
2019-04-01 14:56:56 INFO     Batch: [403/600] Epoch: [0] Loss: [1.9713149861534043]
2019-04-01 14:56:56 INFO     Batch: [404/600] Epoch: [0] Loss: [1.971663772912673]
2019-04-01 14:56:56 INFO     Batch: [405/600] Epoch: [0] Loss: [1.9717673092640091]
2019-04-01 14:56:56 INFO     Batch: [406/600] Epoch: [0] Loss: [1.971810364898944]
2019-04-01 14:56:56 INFO     Batch: [407/600] Epoch: [0] Loss: [1.972016967979132]
2019-04-01 14:56:56 INFO     Batch: [408/600] Epoch: [0] Loss: [1.9717560068027897]
2019-04-01 14:56:56 INFO     Batch: [409/600] Epoch: [0] Loss: [1.971729661197197]
2019-04-01 14:56:56 INFO     Batch: [410/600] Epoch: [0] Loss: [1.9721254264061179]
2019-04-01 14:56:57 INFO     Accuracy: [0.27999999999999997]

2019-04-01 14:56:57 INFO     Batch: [411/600] Epoch: [0] Loss: [1.9718661134682813]
2019-04-01 14:56:57 INFO     Batch: [412/600] Epoch: [0] Loss: [1.9717375631771135]
2019-04-01 14:56:57 INFO     Batch: [413/600] Epoch: [0] Loss: [1.9720913845559824]
2019-04-01 14:56:57 INFO     Batch: [414/600] Epoch: [0] Loss: [1.9720578952007983]
2019-04-01 14:56:57 INFO     Batch: [415/600] Epoch: [0] Loss: [1.972334963771013]
2019-04-01 14:56:57 INFO     Batch: [416/600] Epoch: [0] Loss: [1.9718435036478568]
2019-04-01 14:56:57 INFO     Batch: [417/600] Epoch: [0] Loss: [1.9720532965431943]
2019-04-01 14:56:58 INFO     Batch: [418/600] Epoch: [0] Loss: [1.9719124318307226]
2019-04-01 14:56:58 INFO     Batch: [419/600] Epoch: [0] Loss: [1.9715497184367408]
2019-04-01 14:56:58 INFO     Batch: [420/600] Epoch: [0] Loss: [1.9719485610794285]
2019-04-01 14:56:58 INFO     Accuracy: [0.2863636363636364]

2019-04-01 14:56:58 INFO     Batch: [421/600] Epoch: [0] Loss: [1.9720501879945185]
2019-04-01 14:56:59 INFO     Batch: [422/600] Epoch: [0] Loss: [1.9718968076345205]
2019-04-01 14:56:59 INFO     Batch: [423/600] Epoch: [0] Loss: [1.9718365593338913]
2019-04-01 14:56:59 INFO     Batch: [424/600] Epoch: [0] Loss: [1.9721583756278542]
2019-04-01 14:56:59 INFO     Batch: [425/600] Epoch: [0] Loss: [1.9720327437203815]
2019-04-01 14:56:59 INFO     Batch: [426/600] Epoch: [0] Loss: [1.9719538833832573]
2019-04-01 14:56:59 INFO     Batch: [427/600] Epoch: [0] Loss: [1.9720756272289242]
2019-04-01 14:56:59 INFO     Batch: [428/600] Epoch: [0] Loss: [1.9716060834053235]
2019-04-01 14:56:59 INFO     Batch: [429/600] Epoch: [0] Loss: [1.9714820032895997]
2019-04-01 14:56:59 INFO     Batch: [430/600] Epoch: [0] Loss: [1.9713419841779634]
2019-04-01 14:57:00 INFO     Accuracy: [0.28181818181818186]

2019-04-01 14:57:00 INFO     Batch: [431/600] Epoch: [0] Loss: [1.9713577713679384]
2019-04-01 14:57:00 INFO     Batch: [432/600] Epoch: [0] Loss: [1.9712061221274713]
2019-04-01 14:57:00 INFO     Batch: [433/600] Epoch: [0] Loss: [1.9710807923897071]
2019-04-01 14:57:00 INFO     Batch: [434/600] Epoch: [0] Loss: [1.9709604805913465]
2019-04-01 14:57:00 INFO     Batch: [435/600] Epoch: [0] Loss: [1.9707815379177758]
2019-04-01 14:57:00 INFO     Batch: [436/600] Epoch: [0] Loss: [1.9705763632427364]
2019-04-01 14:57:00 INFO     Batch: [437/600] Epoch: [0] Loss: [1.9707178813681754]
2019-04-01 14:57:00 INFO     Batch: [438/600] Epoch: [0] Loss: [1.9710292403410128]
2019-04-01 14:57:00 INFO     Batch: [439/600] Epoch: [0] Loss: [1.9708813309669495]
2019-04-01 14:57:01 INFO     Batch: [440/600] Epoch: [0] Loss: [1.9707629964465188]
2019-04-01 14:57:01 INFO     Accuracy: [0.2827272727272727]

2019-04-01 14:57:01 INFO     Batch: [441/600] Epoch: [0] Loss: [1.9707424724263842]
2019-04-01 14:57:01 INFO     Batch: [442/600] Epoch: [0] Loss: [1.9712420131498212]
2019-04-01 14:57:02 INFO     Batch: [443/600] Epoch: [0] Loss: [1.9710328262131493]
2019-04-01 14:57:02 INFO     Batch: [444/600] Epoch: [0] Loss: [1.9710664264271769]
2019-04-01 14:57:02 INFO     Batch: [445/600] Epoch: [0] Loss: [1.9713550616272897]
2019-04-01 14:57:02 INFO     Batch: [446/600] Epoch: [0] Loss: [1.9711606547869824]
2019-04-01 14:57:02 INFO     Batch: [447/600] Epoch: [0] Loss: [1.9711937380156346]
2019-04-01 14:57:02 INFO     Batch: [448/600] Epoch: [0] Loss: [1.9714893086715901]
2019-04-01 14:57:02 INFO     Batch: [449/600] Epoch: [0] Loss: [1.9713016986846923]
2019-04-01 14:57:02 INFO     Batch: [450/600] Epoch: [0] Loss: [1.971141476324551]
2019-04-01 14:57:03 INFO     Accuracy: [0.2672727272727272]

2019-04-01 14:57:03 INFO     Batch: [451/600] Epoch: [0] Loss: [1.9715743265320769]
2019-04-01 14:57:03 INFO     Batch: [452/600] Epoch: [0] Loss: [1.971461771076615]
2019-04-01 14:57:03 INFO     Batch: [453/600] Epoch: [0] Loss: [1.9714311503103652]
2019-04-01 14:57:03 INFO     Batch: [454/600] Epoch: [0] Loss: [1.971030209352682]
2019-04-01 14:57:03 INFO     Batch: [455/600] Epoch: [0] Loss: [1.970903471635099]
2019-04-01 14:57:03 INFO     Batch: [456/600] Epoch: [0] Loss: [1.9713158072736645]
2019-04-01 14:57:03 INFO     Batch: [457/600] Epoch: [0] Loss: [1.9717786450052885]
2019-04-01 14:57:03 INFO     Batch: [458/600] Epoch: [0] Loss: [1.9719996538037567]
2019-04-01 14:57:03 INFO     Batch: [459/600] Epoch: [0] Loss: [1.9719299536684285]
2019-04-01 14:57:03 INFO     Batch: [460/600] Epoch: [0] Loss: [1.9721233169841146]
2019-04-01 14:57:04 INFO     Accuracy: [0.26090909090909087]

2019-04-01 14:57:04 INFO     Batch: [461/600] Epoch: [0] Loss: [1.9726916838001896]
2019-04-01 14:57:04 INFO     Batch: [462/600] Epoch: [0] Loss: [1.9728924880532415]
2019-04-01 14:57:04 INFO     Batch: [463/600] Epoch: [0] Loss: [1.9734259019124096]
2019-04-01 14:57:05 INFO     Batch: [464/600] Epoch: [0] Loss: [1.9737236845877864]
2019-04-01 14:57:05 INFO     Batch: [465/600] Epoch: [0] Loss: [1.9736533031954786]
2019-04-01 14:57:05 INFO     Batch: [466/600] Epoch: [0] Loss: [1.9739514821601885]
2019-04-01 14:57:05 INFO     Batch: [467/600] Epoch: [0] Loss: [1.9741484634896629]
2019-04-01 14:57:05 INFO     Batch: [468/600] Epoch: [0] Loss: [1.9744188587294458]
2019-04-01 14:57:05 INFO     Batch: [469/600] Epoch: [0] Loss: [1.9744544478172952]
2019-04-01 14:57:05 INFO     Batch: [470/600] Epoch: [0] Loss: [1.9747429934276897]
2019-04-01 14:57:06 INFO     Accuracy: [0.2518181818181818]

2019-04-01 14:57:06 INFO     Batch: [471/600] Epoch: [0] Loss: [1.974867348701267]
2019-04-01 14:57:06 INFO     Batch: [472/600] Epoch: [0] Loss: [1.9749285451453533]
2019-04-01 14:57:06 INFO     Batch: [473/600] Epoch: [0] Loss: [1.9753993596205732]
2019-04-01 14:57:06 INFO     Batch: [474/600] Epoch: [0] Loss: [1.975965828393635]
2019-04-01 14:57:06 INFO     Batch: [475/600] Epoch: [0] Loss: [1.9768458822695147]
2019-04-01 14:57:06 INFO     Batch: [476/600] Epoch: [0] Loss: [1.9768227691170555]
2019-04-01 14:57:06 INFO     Batch: [477/600] Epoch: [0] Loss: [1.9767535361285988]
2019-04-01 14:57:06 INFO     Batch: [478/600] Epoch: [0] Loss: [1.9768588592712466]
2019-04-01 14:57:06 INFO     Batch: [479/600] Epoch: [0] Loss: [1.976909893254439]
2019-04-01 14:57:06 INFO     Batch: [480/600] Epoch: [0] Loss: [1.9777182660330854]
2019-04-01 14:57:07 INFO     Accuracy: [0.23272727272727278]

2019-04-01 14:57:07 INFO     Batch: [481/600] Epoch: [0] Loss: [1.9780955373993554]
2019-04-01 14:57:07 INFO     Batch: [482/600] Epoch: [0] Loss: [1.9782063388429567]
2019-04-01 14:57:07 INFO     Batch: [483/600] Epoch: [0] Loss: [1.9788345714245945]
2019-04-01 14:57:07 INFO     Batch: [484/600] Epoch: [0] Loss: [1.9786786470216575]
2019-04-01 14:57:08 INFO     Batch: [485/600] Epoch: [0] Loss: [1.9785253707273507]
2019-04-01 14:57:08 INFO     Batch: [486/600] Epoch: [0] Loss: [1.9787882030377397]
2019-04-01 14:57:08 INFO     Batch: [487/600] Epoch: [0] Loss: [1.9787786268308514]
2019-04-01 14:57:08 INFO     Batch: [488/600] Epoch: [0] Loss: [1.9790317380842743]
2019-04-01 14:57:08 INFO     Batch: [489/600] Epoch: [0] Loss: [1.9787887264271171]
2019-04-01 14:57:08 INFO     Batch: [490/600] Epoch: [0] Loss: [1.9787220685399476]
2019-04-01 14:57:09 INFO     Accuracy: [0.24636363636363637]

2019-04-01 14:57:09 INFO     Batch: [491/600] Epoch: [0] Loss: [1.9789713836782348]
2019-04-01 14:57:09 INFO     Batch: [492/600] Epoch: [0] Loss: [1.9796211634881598]
2019-04-01 14:57:09 INFO     Batch: [493/600] Epoch: [0] Loss: [1.9798348372281804]
2019-04-01 14:57:09 INFO     Batch: [494/600] Epoch: [0] Loss: [1.9798133773033064]
2019-04-01 14:57:09 INFO     Batch: [495/600] Epoch: [0] Loss: [1.9797970878501092]
2019-04-01 14:57:09 INFO     Batch: [496/600] Epoch: [0] Loss: [1.9802439515019807]
2019-04-01 14:57:09 INFO     Batch: [497/600] Epoch: [0] Loss: [1.9802935913384678]
2019-04-01 14:57:09 INFO     Batch: [498/600] Epoch: [0] Loss: [1.9806480818616603]
2019-04-01 14:57:09 INFO     Batch: [499/600] Epoch: [0] Loss: [1.9811752624511718]
2019-04-01 14:57:09 INFO     Batch: [500/600] Epoch: [0] Loss: [1.9813502263166234]
2019-04-01 14:57:10 INFO     Accuracy: [0.23818181818181824]

2019-04-01 14:57:10 INFO     Batch: [501/600] Epoch: [0] Loss: [1.9813017203988308]
2019-04-01 14:57:10 INFO     Batch: [502/600] Epoch: [0] Loss: [1.981471726245008]
2019-04-01 14:57:10 INFO     Batch: [503/600] Epoch: [0] Loss: [1.9814678690736256]
2019-04-01 14:57:10 INFO     Batch: [504/600] Epoch: [0] Loss: [1.9811930377884666]
2019-04-01 14:57:11 INFO     Batch: [505/600] Epoch: [0] Loss: [1.9814892630332073]
2019-04-01 14:57:11 INFO     Batch: [506/600] Epoch: [0] Loss: [1.9817936302877273]
2019-04-01 14:57:11 INFO     Batch: [507/600] Epoch: [0] Loss: [1.9820683335694742]
2019-04-01 14:57:11 INFO     Batch: [508/600] Epoch: [0] Loss: [1.982045016494856]
2019-04-01 14:57:11 INFO     Batch: [509/600] Epoch: [0] Loss: [1.9820233207122953]
2019-04-01 14:57:11 INFO     Batch: [510/600] Epoch: [0] Loss: [1.9820471285840537]
2019-04-01 14:57:12 INFO     Accuracy: [0.2372727272727273]

2019-04-01 14:57:12 INFO     Batch: [511/600] Epoch: [0] Loss: [1.981955680763349]
2019-04-01 14:57:12 INFO     Batch: [512/600] Epoch: [0] Loss: [1.981922908368399]
2019-04-01 14:57:12 INFO     Batch: [513/600] Epoch: [0] Loss: [1.9821449576184906]
2019-04-01 14:57:12 INFO     Batch: [514/600] Epoch: [0] Loss: [1.982324742576451]
2019-04-01 14:57:12 INFO     Batch: [515/600] Epoch: [0] Loss: [1.9824093212915022]
2019-04-01 14:57:12 INFO     Batch: [516/600] Epoch: [0] Loss: [1.9827340596879706]
2019-04-01 14:57:12 INFO     Batch: [517/600] Epoch: [0] Loss: [1.98262279811513]
2019-04-01 14:57:12 INFO     Batch: [518/600] Epoch: [0] Loss: [1.9827511326655716]
2019-04-01 14:57:12 INFO     Batch: [519/600] Epoch: [0] Loss: [1.9827885845532784]
2019-04-01 14:57:12 INFO     Batch: [520/600] Epoch: [0] Loss: [1.9826986856057869]
2019-04-01 14:57:13 INFO     Accuracy: [0.27454545454545454]

2019-04-01 14:57:13 INFO     Batch: [521/600] Epoch: [0] Loss: [1.9826418668374248]
2019-04-01 14:57:13 INFO     Batch: [522/600] Epoch: [0] Loss: [1.9822470597053805]
2019-04-01 14:57:13 INFO     Batch: [523/600] Epoch: [0] Loss: [1.9822956908295173]
2019-04-01 14:57:13 INFO     Batch: [524/600] Epoch: [0] Loss: [1.9824310005278813]
2019-04-01 14:57:14 INFO     Batch: [525/600] Epoch: [0] Loss: [1.9826790250752815]
2019-04-01 14:57:14 INFO     Batch: [526/600] Epoch: [0] Loss: [1.9830920015385753]
2019-04-01 14:57:14 INFO     Batch: [527/600] Epoch: [0] Loss: [1.9829886343443033]
2019-04-01 14:57:14 INFO     Batch: [528/600] Epoch: [0] Loss: [1.98312391991426]
2019-04-01 14:57:14 INFO     Batch: [529/600] Epoch: [0] Loss: [1.9832563364280844]
2019-04-01 14:57:14 INFO     Batch: [530/600] Epoch: [0] Loss: [1.9832723495425926]
2019-04-01 14:57:15 INFO     Accuracy: [0.2581818181818182]

2019-04-01 14:57:15 INFO     Batch: [531/600] Epoch: [0] Loss: [1.983350545840156]
2019-04-01 14:57:15 INFO     Batch: [532/600] Epoch: [0] Loss: [1.983328991490949]
2019-04-01 14:57:15 INFO     Batch: [533/600] Epoch: [0] Loss: [1.9834903697396038]
2019-04-01 14:57:15 INFO     Batch: [534/600] Epoch: [0] Loss: [1.983375135983262]
2019-04-01 14:57:15 INFO     Batch: [535/600] Epoch: [0] Loss: [1.9834673211200913]
2019-04-01 14:57:15 INFO     Batch: [536/600] Epoch: [0] Loss: [1.9833516173300574]
2019-04-01 14:57:15 INFO     Batch: [537/600] Epoch: [0] Loss: [1.9833870780512304]
2019-04-01 14:57:15 INFO     Batch: [538/600] Epoch: [0] Loss: [1.9832629106925015]
2019-04-01 14:57:15 INFO     Batch: [539/600] Epoch: [0] Loss: [1.9830438366642704]
2019-04-01 14:57:15 INFO     Batch: [540/600] Epoch: [0] Loss: [1.9832347228214173]
2019-04-01 14:57:16 INFO     Accuracy: [0.24727272727272728]

2019-04-01 14:57:16 INFO     Batch: [541/600] Epoch: [0] Loss: [1.9832200880860051]
2019-04-01 14:57:16 INFO     Batch: [542/600] Epoch: [0] Loss: [1.9834749233217748]
2019-04-01 14:57:16 INFO     Batch: [543/600] Epoch: [0] Loss: [1.983741880778004]
2019-04-01 14:57:16 INFO     Batch: [544/600] Epoch: [0] Loss: [1.9840053322118356]
2019-04-01 14:57:16 INFO     Batch: [545/600] Epoch: [0] Loss: [1.9843938848474523]
2019-04-01 14:57:17 INFO     Batch: [546/600] Epoch: [0] Loss: [1.9842960043406792]
2019-04-01 14:57:17 INFO     Batch: [547/600] Epoch: [0] Loss: [1.9845956335537625]
2019-04-01 14:57:17 INFO     Batch: [548/600] Epoch: [0] Loss: [1.9847978240588107]
2019-04-01 14:57:17 INFO     Batch: [549/600] Epoch: [0] Loss: [1.9850207408991727]
2019-04-01 14:57:17 INFO     Batch: [550/600] Epoch: [0] Loss: [1.9851307477362576]
2019-04-01 14:57:18 INFO     Accuracy: [0.2681818181818182]

2019-04-01 14:57:18 INFO     Batch: [551/600] Epoch: [0] Loss: [1.9848945218583811]
2019-04-01 14:57:18 INFO     Batch: [552/600] Epoch: [0] Loss: [1.984946981261048]
2019-04-01 14:57:18 INFO     Batch: [553/600] Epoch: [0] Loss: [1.9850538456913367]
2019-04-01 14:57:18 INFO     Batch: [554/600] Epoch: [0] Loss: [1.9852400500495155]
2019-04-01 14:57:18 INFO     Batch: [555/600] Epoch: [0] Loss: [1.9851563742263711]
2019-04-01 14:57:18 INFO     Batch: [556/600] Epoch: [0] Loss: [1.9851510381356177]
2019-04-01 14:57:18 INFO     Batch: [557/600] Epoch: [0] Loss: [1.9853726648942545]
2019-04-01 14:57:18 INFO     Batch: [558/600] Epoch: [0] Loss: [1.9856729411481744]
2019-04-01 14:57:18 INFO     Batch: [559/600] Epoch: [0] Loss: [1.9857122802308627]
2019-04-01 14:57:18 INFO     Batch: [560/600] Epoch: [0] Loss: [1.9861168782766279]
2019-04-01 14:57:19 INFO     Accuracy: [0.24818181818181817]

2019-04-01 14:57:19 INFO     Batch: [561/600] Epoch: [0] Loss: [1.9865199834426528]
2019-04-01 14:57:19 INFO     Batch: [562/600] Epoch: [0] Loss: [1.9865036360112218]
2019-04-01 14:57:19 INFO     Batch: [563/600] Epoch: [0] Loss: [1.9865785374286327]
2019-04-01 14:57:19 INFO     Batch: [564/600] Epoch: [0] Loss: [1.9868511349753997]
2019-04-01 14:57:19 INFO     Batch: [565/600] Epoch: [0] Loss: [1.9869751519533434]
2019-04-01 14:57:19 INFO     Batch: [566/600] Epoch: [0] Loss: [1.9872740111864013]
2019-04-01 14:57:20 INFO     Batch: [567/600] Epoch: [0] Loss: [1.9874531578429988]
2019-04-01 14:57:20 INFO     Batch: [568/600] Epoch: [0] Loss: [1.9877075308865109]
2019-04-01 14:57:20 INFO     Batch: [569/600] Epoch: [0] Loss: [1.987812610467275]
2019-04-01 14:57:20 INFO     Batch: [570/600] Epoch: [0] Loss: [1.9878425566828606]
2019-04-01 14:57:21 INFO     Accuracy: [0.2681818181818182]

2019-04-01 14:57:21 INFO     Batch: [571/600] Epoch: [0] Loss: [1.988099478133075]
2019-04-01 14:57:21 INFO     Batch: [572/600] Epoch: [0] Loss: [1.9882185810731552]
2019-04-01 14:57:21 INFO     Batch: [573/600] Epoch: [0] Loss: [1.9885257322613785]
2019-04-01 14:57:21 INFO     Batch: [574/600] Epoch: [0] Loss: [1.9888402849694957]
2019-04-01 14:57:21 INFO     Batch: [575/600] Epoch: [0] Loss: [1.989020088273618]
2019-04-01 14:57:21 INFO     Batch: [576/600] Epoch: [0] Loss: [1.9893529727099466]
2019-04-01 14:57:21 INFO     Batch: [577/600] Epoch: [0] Loss: [1.9897838210152095]
2019-04-01 14:57:21 INFO     Batch: [578/600] Epoch: [0] Loss: [1.9897406930956405]
2019-04-01 14:57:21 INFO     Batch: [579/600] Epoch: [0] Loss: [1.9902871795769395]
2019-04-01 14:57:21 INFO     Batch: [580/600] Epoch: [0] Loss: [1.9908595243132259]
2019-04-01 14:57:22 INFO     Accuracy: [0.2554545454545455]

2019-04-01 14:57:22 INFO     Batch: [581/600] Epoch: [0] Loss: [1.9915298123130274]
2019-04-01 14:57:22 INFO     Batch: [582/600] Epoch: [0] Loss: [1.991494276306846]
2019-04-01 14:57:22 INFO     Batch: [583/600] Epoch: [0] Loss: [1.9916159590221432]
2019-04-01 14:57:22 INFO     Batch: [584/600] Epoch: [0] Loss: [1.9916938579999484]
2019-04-01 14:57:22 INFO     Batch: [585/600] Epoch: [0] Loss: [1.9919152449015465]
2019-04-01 14:57:22 INFO     Batch: [586/600] Epoch: [0] Loss: [1.9920801732568563]
2019-04-01 14:57:23 INFO     Batch: [587/600] Epoch: [0] Loss: [1.9921969805850464]
2019-04-01 14:57:23 INFO     Batch: [588/600] Epoch: [0] Loss: [1.9925901997069146]
2019-04-01 14:57:23 INFO     Batch: [589/600] Epoch: [0] Loss: [1.9928446258528758]
2019-04-01 14:57:23 INFO     Batch: [590/600] Epoch: [0] Loss: [1.9931037460285193]
2019-04-01 14:57:24 INFO     Accuracy: [0.25181818181818183]

2019-04-01 14:57:24 INFO     Batch: [591/600] Epoch: [0] Loss: [1.9933056414530084]
2019-04-01 14:57:24 INFO     Batch: [592/600] Epoch: [0] Loss: [1.9935291161223567]
2019-04-01 14:57:24 INFO     Batch: [593/600] Epoch: [0] Loss: [1.9933189667435207]
2019-04-01 14:57:24 INFO     Batch: [594/600] Epoch: [0] Loss: [1.9933438040629154]
2019-04-01 14:57:24 INFO     Batch: [595/600] Epoch: [0] Loss: [1.99337188629496]
2019-04-01 14:57:24 INFO     Batch: [596/600] Epoch: [0] Loss: [1.9937839040804148]
2019-04-01 14:57:24 INFO     Batch: [597/600] Epoch: [0] Loss: [1.993992086238287]
2019-04-01 14:57:24 INFO     Batch: [598/600] Epoch: [0] Loss: [1.994106492136476]
2019-04-01 14:57:24 INFO     Batch: [599/600] Epoch: [0] Loss: [1.9945946963628134]
2019-04-01 14:57:25 INFO     Epoch: [0/200] Loss: [1.9945946963628134] Accuracy: [0.23727272727272722]
2019-04-01 14:57:25 INFO     Batch: [0/600] Epoch: [1] Loss: [2.009305715560913]
2019-04-01 14:57:26 INFO     Accuracy: [0.24727272727272726]

2019-04-01 14:57:26 INFO     Batch: [1/600] Epoch: [1] Loss: [1.9639601111412048]
2019-04-01 14:57:26 INFO     Batch: [2/600] Epoch: [1] Loss: [1.9521780411402385]
2019-04-01 14:57:26 INFO     Batch: [3/600] Epoch: [1] Loss: [2.003133088350296]
2019-04-01 14:57:26 INFO     Batch: [4/600] Epoch: [1] Loss: [2.023133730888367]
2019-04-01 14:57:26 INFO     Batch: [5/600] Epoch: [1] Loss: [2.031523605187734]
2019-04-01 14:57:26 INFO     Batch: [6/600] Epoch: [1] Loss: [2.048272660800389]
2019-04-01 14:57:27 INFO     Batch: [7/600] Epoch: [1] Loss: [2.042518123984337]
2019-04-01 14:57:27 INFO     Batch: [8/600] Epoch: [1] Loss: [2.0683390961752997]
2019-04-01 14:57:27 INFO     Batch: [9/600] Epoch: [1] Loss: [2.0811103701591493]
2019-04-01 14:57:27 INFO     Batch: [10/600] Epoch: [1] Loss: [2.0771733739159326]
2019-04-01 14:57:28 INFO     Accuracy: [0.23454545454545456]

2019-04-01 14:57:28 INFO     Batch: [11/600] Epoch: [1] Loss: [2.0893195966879525]
2019-04-01 14:57:28 INFO     Batch: [12/600] Epoch: [1] Loss: [2.0880004350955668]
2019-04-01 14:57:28 INFO     Batch: [13/600] Epoch: [1] Loss: [2.090294965675899]
2019-04-01 14:57:28 INFO     Batch: [14/600] Epoch: [1] Loss: [2.0918349822362265]
2019-04-01 14:57:28 INFO     Batch: [15/600] Epoch: [1] Loss: [2.0946165695786476]
2019-04-01 14:57:28 INFO     Batch: [16/600] Epoch: [1] Loss: [2.110447007067063]
2019-04-01 14:57:28 INFO     Batch: [17/600] Epoch: [1] Loss: [2.1108810702959695]
2019-04-01 14:57:28 INFO     Batch: [18/600] Epoch: [1] Loss: [2.1034386848148547]
2019-04-01 14:57:28 INFO     Batch: [19/600] Epoch: [1] Loss: [2.095067936182022]
2019-04-01 14:57:28 INFO     Batch: [20/600] Epoch: [1] Loss: [2.092421912011646]
2019-04-01 14:57:29 INFO     Accuracy: [0.23909090909090908]

2019-04-01 14:57:29 INFO     Batch: [21/600] Epoch: [1] Loss: [2.0896644321354954]
2019-04-01 14:57:29 INFO     Batch: [22/600] Epoch: [1] Loss: [2.0847891309986943]
2019-04-01 14:57:29 INFO     Batch: [23/600] Epoch: [1] Loss: [2.0864242712656655]
2019-04-01 14:57:29 INFO     Batch: [24/600] Epoch: [1] Loss: [2.087687530517578]
2019-04-01 14:57:29 INFO     Batch: [25/600] Epoch: [1] Loss: [2.089625725379357]
2019-04-01 14:57:29 INFO     Batch: [26/600] Epoch: [1] Loss: [2.0889341036478677]
2019-04-01 14:57:30 INFO     Batch: [27/600] Epoch: [1] Loss: [2.084346213511058]
2019-04-01 14:57:30 INFO     Batch: [28/600] Epoch: [1] Loss: [2.0863933604339073]
2019-04-01 14:57:30 INFO     Batch: [29/600] Epoch: [1] Loss: [2.0914146145184835]
2019-04-01 14:57:30 INFO     Batch: [30/600] Epoch: [1] Loss: [2.0879899571018834]
2019-04-01 14:57:31 INFO     Accuracy: [0.25363636363636366]

2019-04-01 14:57:31 INFO     Batch: [31/600] Epoch: [1] Loss: [2.08288549259305]
2019-04-01 14:57:31 INFO     Batch: [32/600] Epoch: [1] Loss: [2.0826904954332295]
2019-04-01 14:57:31 INFO     Batch: [33/600] Epoch: [1] Loss: [2.075507938861847]
2019-04-01 14:57:31 INFO     Batch: [34/600] Epoch: [1] Loss: [2.072608709335327]
2019-04-01 14:57:31 INFO     Batch: [35/600] Epoch: [1] Loss: [2.0752386384540134]
2019-04-01 14:57:31 INFO     Batch: [36/600] Epoch: [1] Loss: [2.0759777378391577]
2019-04-01 14:57:31 INFO     Batch: [37/600] Epoch: [1] Loss: [2.0746328015076485]
2019-04-01 14:57:31 INFO     Batch: [38/600] Epoch: [1] Loss: [2.0726669935079722]
2019-04-01 14:57:31 INFO     Batch: [39/600] Epoch: [1] Loss: [2.071129631996155]
2019-04-01 14:57:31 INFO     Batch: [40/600] Epoch: [1] Loss: [2.068474885894031]
2019-04-01 14:57:32 INFO     Accuracy: [0.2781818181818182]

2019-04-01 14:57:32 INFO     Batch: [41/600] Epoch: [1] Loss: [2.065733935151781]
2019-04-01 14:57:32 INFO     Batch: [42/600] Epoch: [1] Loss: [2.066245530926904]
2019-04-01 14:57:32 INFO     Batch: [43/600] Epoch: [1] Loss: [2.0652461620894345]
2019-04-01 14:57:32 INFO     Batch: [44/600] Epoch: [1] Loss: [2.0626581695344712]
2019-04-01 14:57:32 INFO     Batch: [45/600] Epoch: [1] Loss: [2.0616771475128504]
2019-04-01 14:57:32 INFO     Batch: [46/600] Epoch: [1] Loss: [2.0611346351339463]
2019-04-01 14:57:33 INFO     Batch: [47/600] Epoch: [1] Loss: [2.0602979883551598]
2019-04-01 14:57:33 INFO     Batch: [48/600] Epoch: [1] Loss: [2.0612515113791643]
2019-04-01 14:57:33 INFO     Batch: [49/600] Epoch: [1] Loss: [2.0583892822265626]
2019-04-01 14:57:33 INFO     Batch: [50/600] Epoch: [1] Loss: [2.0584755458083808]
2019-04-01 14:57:34 INFO     Accuracy: [0.28727272727272735]

2019-04-01 14:57:34 INFO     Batch: [51/600] Epoch: [1] Loss: [2.0581994561048655]
2019-04-01 14:57:34 INFO     Batch: [52/600] Epoch: [1] Loss: [2.0553442689607726]
2019-04-01 14:57:34 INFO     Batch: [53/600] Epoch: [1] Loss: [2.0525256329112582]
2019-04-01 14:57:34 INFO     Batch: [54/600] Epoch: [1] Loss: [2.0515470786528156]
2019-04-01 14:57:34 INFO     Batch: [55/600] Epoch: [1] Loss: [2.0537097432783673]
2019-04-01 14:57:34 INFO     Batch: [56/600] Epoch: [1] Loss: [2.05136800021456]
2019-04-01 14:57:34 INFO     Batch: [57/600] Epoch: [1] Loss: [2.0494939808187813]
2019-04-01 14:57:34 INFO     Batch: [58/600] Epoch: [1] Loss: [2.049216389656067]
2019-04-01 14:57:34 INFO     Batch: [59/600] Epoch: [1] Loss: [2.048774657646815]
2019-04-01 14:57:34 INFO     Batch: [60/600] Epoch: [1] Loss: [2.043926371902716]
2019-04-01 14:57:35 INFO     Accuracy: [0.25909090909090915]

2019-04-01 14:57:35 INFO     Batch: [61/600] Epoch: [1] Loss: [2.0422024880686114]
2019-04-01 14:57:35 INFO     Batch: [62/600] Epoch: [1] Loss: [2.041891923026433]
2019-04-01 14:57:35 INFO     Batch: [63/600] Epoch: [1] Loss: [2.043037213385105]
2019-04-01 14:57:35 INFO     Batch: [64/600] Epoch: [1] Loss: [2.041946266247676]
2019-04-01 14:57:35 INFO     Batch: [65/600] Epoch: [1] Loss: [2.0411290670886184]
2019-04-01 14:57:35 INFO     Batch: [66/600] Epoch: [1] Loss: [2.0417608556462756]
2019-04-01 14:57:36 INFO     Batch: [67/600] Epoch: [1] Loss: [2.041693233391818]
2019-04-01 14:57:36 INFO     Batch: [68/600] Epoch: [1] Loss: [2.0395317164020264]
2019-04-01 14:57:36 INFO     Batch: [69/600] Epoch: [1] Loss: [2.038234087399074]
2019-04-01 14:57:36 INFO     Batch: [70/600] Epoch: [1] Loss: [2.036989007197635]
2019-04-01 14:57:37 INFO     Accuracy: [0.25727272727272726]

2019-04-01 14:57:37 INFO     Batch: [71/600] Epoch: [1] Loss: [2.036319426364369]
2019-04-01 14:57:37 INFO     Batch: [72/600] Epoch: [1] Loss: [2.034905546332059]
2019-04-01 14:57:37 INFO     Batch: [73/600] Epoch: [1] Loss: [2.036699792823276]
2019-04-01 14:57:37 INFO     Batch: [74/600] Epoch: [1] Loss: [2.035247155825297]
2019-04-01 14:57:37 INFO     Batch: [75/600] Epoch: [1] Loss: [2.0338858256214545]
2019-04-01 14:57:37 INFO     Batch: [76/600] Epoch: [1] Loss: [2.030997508532041]
2019-04-01 14:57:37 INFO     Batch: [77/600] Epoch: [1] Loss: [2.0315280663661466]
2019-04-01 14:57:37 INFO     Batch: [78/600] Epoch: [1] Loss: [2.0317287656325327]
2019-04-01 14:57:37 INFO     Batch: [79/600] Epoch: [1] Loss: [2.032721292972565]
2019-04-01 14:57:37 INFO     Batch: [80/600] Epoch: [1] Loss: [2.033317106741446]
2019-04-01 14:57:38 INFO     Accuracy: [0.25000000000000006]

2019-04-01 14:57:38 INFO     Batch: [81/600] Epoch: [1] Loss: [2.0360322638255792]
2019-04-01 14:57:38 INFO     Batch: [82/600] Epoch: [1] Loss: [2.0364294626626624]
2019-04-01 14:57:38 INFO     Batch: [83/600] Epoch: [1] Loss: [2.0356199400765553]
2019-04-01 14:57:38 INFO     Batch: [84/600] Epoch: [1] Loss: [2.0377753622391643]
2019-04-01 14:57:38 INFO     Batch: [85/600] Epoch: [1] Loss: [2.0406923876252283]
2019-04-01 14:57:38 INFO     Batch: [86/600] Epoch: [1] Loss: [2.0402062665457015]
2019-04-01 14:57:38 INFO     Batch: [87/600] Epoch: [1] Loss: [2.0402372655543415]
2019-04-01 14:57:39 INFO     Batch: [88/600] Epoch: [1] Loss: [2.041153713558497]
2019-04-01 14:57:39 INFO     Batch: [89/600] Epoch: [1] Loss: [2.040222852759891]
2019-04-01 14:57:39 INFO     Batch: [90/600] Epoch: [1] Loss: [2.0434116413305095]
2019-04-01 14:57:39 INFO     Accuracy: [0.24636363636363637]

2019-04-01 14:57:40 INFO     Batch: [91/600] Epoch: [1] Loss: [2.044937720765238]
2019-04-01 14:57:40 INFO     Batch: [92/600] Epoch: [1] Loss: [2.0447802171912244]
2019-04-01 14:57:40 INFO     Batch: [93/600] Epoch: [1] Loss: [2.0450270442252463]
2019-04-01 14:57:40 INFO     Batch: [94/600] Epoch: [1] Loss: [2.0460437084499157]
2019-04-01 14:57:40 INFO     Batch: [95/600] Epoch: [1] Loss: [2.0460325367748737]
2019-04-01 14:57:40 INFO     Batch: [96/600] Epoch: [1] Loss: [2.0480152147332418]
2019-04-01 14:57:40 INFO     Batch: [97/600] Epoch: [1] Loss: [2.049371513785148]
2019-04-01 14:57:40 INFO     Batch: [98/600] Epoch: [1] Loss: [2.049187557865875]
2019-04-01 14:57:40 INFO     Batch: [99/600] Epoch: [1] Loss: [2.0495310723781586]
2019-04-01 14:57:40 INFO     Batch: [100/600] Epoch: [1] Loss: [2.049826490997088]
2019-04-01 14:57:41 INFO     Accuracy: [0.25272727272727274]

2019-04-01 14:57:41 INFO     Batch: [101/600] Epoch: [1] Loss: [2.04919188747219]
2019-04-01 14:57:41 INFO     Batch: [102/600] Epoch: [1] Loss: [2.0511802203446914]
2019-04-01 14:57:41 INFO     Batch: [103/600] Epoch: [1] Loss: [2.051735051549398]
2019-04-01 14:57:41 INFO     Batch: [104/600] Epoch: [1] Loss: [2.052944874763489]
2019-04-01 14:57:41 INFO     Batch: [105/600] Epoch: [1] Loss: [2.05315426273166]
2019-04-01 14:57:41 INFO     Batch: [106/600] Epoch: [1] Loss: [2.0533758268178066]
2019-04-01 14:57:42 INFO     Batch: [107/600] Epoch: [1] Loss: [2.054975422444167]
