2019-04-14 18:52:06 INFO     Loading Data
2019-04-14 18:52:09 INFO     Model Setting Up
2019-04-14 18:52:15 INFO     train_dir : [../mnist/train]
2019-04-14 18:52:15 INFO     test_dir : [../mnist/test]
2019-04-14 18:52:15 INFO     save_dir : [./save]
2019-04-14 18:52:15 INFO     num_epochs : [500]
2019-04-14 18:52:15 INFO     batch_size : [300]
2019-04-14 18:52:15 INFO     num_points : [512]
2019-04-14 18:52:15 INFO     sigma : [0.05]
2019-04-14 18:52:15 INFO     log_interval : [1000]
2019-04-14 18:52:15 INFO     save_interval : [50]
2019-04-14 18:52:15 INFO     baselr : [5e-05]
2019-04-14 18:52:15 INFO     density_radius : [0.2]
2019-04-14 18:52:15 INFO     feature_out1 : [8]
2019-04-14 18:52:15 INFO     feature_out2 : [16]
2019-04-14 18:52:15 INFO     feature_out3 : [32]
2019-04-14 18:52:15 INFO     feature_out4 : [64]
2019-04-14 18:52:15 INFO     feature_out5 : [128]
2019-04-14 18:52:15 INFO     num_classes : [10]
2019-04-14 18:52:15 INFO     bandwidth_0 : [10]
2019-04-14 18:52:15 INFO     bandwidth_out1 : [10]
2019-04-14 18:52:15 INFO     bandwidth_out2 : [8]
2019-04-14 18:52:15 INFO     bandwidth_out3 : [6]
2019-04-14 18:52:15 INFO     bandwidth_out4 : [4]
2019-04-14 18:52:15 INFO     bandwidth_out5 : [2]
2019-04-14 18:52:15 INFO     resume_training : [0]
2019-04-14 18:52:15 INFO     Start Training
2019-04-14 18:52:15 INFO     Saved model checkpoints into ./save/2019-04-14_18-52-15-model.ckpt...
2019-04-14 18:52:21 INFO     Batch: [0/200] Epoch: [0] Loss: [2.3090617656707764]
2019-04-14 18:52:21 INFO     Batch: [1/200] Epoch: [0] Loss: [2.313414216041565]
2019-04-14 18:52:21 INFO     Batch: [2/200] Epoch: [0] Loss: [2.309382438659668]
2019-04-14 18:52:21 INFO     Batch: [3/200] Epoch: [0] Loss: [2.3104265332221985]
2019-04-14 18:52:22 INFO     Batch: [4/200] Epoch: [0] Loss: [2.310738039016724]
2019-04-14 18:52:22 INFO     Batch: [5/200] Epoch: [0] Loss: [2.3117199738820395]
2019-04-14 18:52:22 INFO     Batch: [6/200] Epoch: [0] Loss: [2.3102424825940813]
2019-04-14 18:52:23 INFO     Batch: [7/200] Epoch: [0] Loss: [2.3095955550670624]
2019-04-14 18:52:23 INFO     Batch: [8/200] Epoch: [0] Loss: [2.310836527082655]
2019-04-14 18:52:23 INFO     Batch: [9/200] Epoch: [0] Loss: [2.3104002714157104]
2019-04-14 18:52:23 INFO     Batch: [10/200] Epoch: [0] Loss: [2.310167746110396]
2019-04-14 18:52:24 INFO     Batch: [11/200] Epoch: [0] Loss: [2.3098843693733215]
2019-04-14 18:52:24 INFO     Batch: [12/200] Epoch: [0] Loss: [2.3101040766789365]
2019-04-14 18:52:24 INFO     Batch: [13/200] Epoch: [0] Loss: [2.309058036123003]
2019-04-14 18:52:24 INFO     Batch: [14/200] Epoch: [0] Loss: [2.3089807828267417]
2019-04-14 18:52:25 INFO     Batch: [15/200] Epoch: [0] Loss: [2.3088765740394592]
2019-04-14 18:52:25 INFO     Batch: [16/200] Epoch: [0] Loss: [2.308568561778349]
2019-04-14 18:52:25 INFO     Batch: [17/200] Epoch: [0] Loss: [2.308137893676758]
2019-04-14 18:52:26 INFO     Batch: [18/200] Epoch: [0] Loss: [2.3075079917907715]
2019-04-14 18:52:26 INFO     Batch: [19/200] Epoch: [0] Loss: [2.3068405747413636]
2019-04-14 18:52:26 INFO     Batch: [20/200] Epoch: [0] Loss: [2.3064405350458053]
2019-04-14 18:52:26 INFO     Batch: [21/200] Epoch: [0] Loss: [2.3059903274882925]
2019-04-14 18:52:27 INFO     Batch: [22/200] Epoch: [0] Loss: [2.3055654505024785]
2019-04-14 18:52:27 INFO     Batch: [23/200] Epoch: [0] Loss: [2.305170347293218]
2019-04-14 18:52:27 INFO     Batch: [24/200] Epoch: [0] Loss: [2.3048637294769287]
2019-04-14 18:52:27 INFO     Batch: [25/200] Epoch: [0] Loss: [2.3044603696236243]
2019-04-14 18:52:28 INFO     Batch: [26/200] Epoch: [0] Loss: [2.3041176795959473]
2019-04-14 18:52:28 INFO     Batch: [27/200] Epoch: [0] Loss: [2.303712146622794]
2019-04-14 18:52:28 INFO     Batch: [28/200] Epoch: [0] Loss: [2.303597039189832]
2019-04-14 18:52:28 INFO     Batch: [29/200] Epoch: [0] Loss: [2.3030693531036377]
2019-04-14 18:52:29 INFO     Batch: [30/200] Epoch: [0] Loss: [2.302361403742144]
2019-04-14 18:52:29 INFO     Batch: [31/200] Epoch: [0] Loss: [2.302087515592575]
2019-04-14 18:52:29 INFO     Batch: [32/200] Epoch: [0] Loss: [2.3016825806010854]
2019-04-14 18:52:30 INFO     Batch: [33/200] Epoch: [0] Loss: [2.3015607174705055]
2019-04-14 18:52:30 INFO     Batch: [34/200] Epoch: [0] Loss: [2.3009856837136407]
2019-04-14 18:52:30 INFO     Batch: [35/200] Epoch: [0] Loss: [2.300424383746253]
2019-04-14 18:52:30 INFO     Batch: [36/200] Epoch: [0] Loss: [2.3000905449325972]
2019-04-14 18:52:31 INFO     Batch: [37/200] Epoch: [0] Loss: [2.299762299186305]
2019-04-14 18:52:31 INFO     Batch: [38/200] Epoch: [0] Loss: [2.2991489324814234]
2019-04-14 18:52:31 INFO     Batch: [39/200] Epoch: [0] Loss: [2.2988976657390596]
2019-04-14 18:52:31 INFO     Batch: [40/200] Epoch: [0] Loss: [2.2986421003574278]
2019-04-14 18:52:32 INFO     Batch: [41/200] Epoch: [0] Loss: [2.2981308017458235]
2019-04-14 18:52:32 INFO     Batch: [42/200] Epoch: [0] Loss: [2.2978084752726002]
2019-04-14 18:52:32 INFO     Batch: [43/200] Epoch: [0] Loss: [2.2974792935631494]
2019-04-14 18:52:33 INFO     Batch: [44/200] Epoch: [0] Loss: [2.2970014837053085]
2019-04-14 18:52:33 INFO     Batch: [45/200] Epoch: [0] Loss: [2.2962141918099443]
2019-04-14 18:52:33 INFO     Batch: [46/200] Epoch: [0] Loss: [2.295913914416699]
2019-04-14 18:52:33 INFO     Batch: [47/200] Epoch: [0] Loss: [2.2955732891956964]
2019-04-14 18:52:34 INFO     Batch: [48/200] Epoch: [0] Loss: [2.2951159428577035]
2019-04-14 18:52:34 INFO     Batch: [49/200] Epoch: [0] Loss: [2.2945982789993287]
2019-04-14 18:52:34 INFO     Batch: [50/200] Epoch: [0] Loss: [2.294189686868705]
2019-04-14 18:52:34 INFO     Batch: [51/200] Epoch: [0] Loss: [2.2938942588292637]
2019-04-14 18:52:35 INFO     Batch: [52/200] Epoch: [0] Loss: [2.2933121087416164]
2019-04-14 18:52:35 INFO     Batch: [53/200] Epoch: [0] Loss: [2.292968573393645]
2019-04-14 18:52:35 INFO     Batch: [54/200] Epoch: [0] Loss: [2.2926902727647263]
2019-04-14 18:52:35 INFO     Batch: [55/200] Epoch: [0] Loss: [2.2924056393759593]
2019-04-14 18:52:36 INFO     Batch: [56/200] Epoch: [0] Loss: [2.292123694168894]
2019-04-14 18:52:36 INFO     Batch: [57/200] Epoch: [0] Loss: [2.2916544675827026]
2019-04-14 18:52:36 INFO     Batch: [58/200] Epoch: [0] Loss: [2.291361554194305]
2019-04-14 18:52:37 INFO     Batch: [59/200] Epoch: [0] Loss: [2.2909584403038026]
2019-04-14 18:52:37 INFO     Batch: [60/200] Epoch: [0] Loss: [2.290797456366117]
2019-04-14 18:52:37 INFO     Batch: [61/200] Epoch: [0] Loss: [2.290446319887715]
2019-04-14 18:52:37 INFO     Batch: [62/200] Epoch: [0] Loss: [2.2899140289851596]
2019-04-14 18:52:38 INFO     Batch: [63/200] Epoch: [0] Loss: [2.2896045334637165]
2019-04-14 18:52:38 INFO     Batch: [64/200] Epoch: [0] Loss: [2.2890746226677527]
2019-04-14 18:52:38 INFO     Batch: [65/200] Epoch: [0] Loss: [2.288658954880454]
2019-04-14 18:52:38 INFO     Batch: [66/200] Epoch: [0] Loss: [2.2881464388833117]
2019-04-14 18:52:39 INFO     Batch: [67/200] Epoch: [0] Loss: [2.2877541570102466]
2019-04-14 18:52:39 INFO     Batch: [68/200] Epoch: [0] Loss: [2.2872530826623887]
2019-04-14 18:52:39 INFO     Batch: [69/200] Epoch: [0] Loss: [2.286774812425886]
2019-04-14 18:52:40 INFO     Batch: [70/200] Epoch: [0] Loss: [2.286161174236889]
2019-04-14 18:52:40 INFO     Batch: [71/200] Epoch: [0] Loss: [2.285696907175912]
2019-04-14 18:52:40 INFO     Batch: [72/200] Epoch: [0] Loss: [2.2853372913517362]
2019-04-14 18:52:40 INFO     Batch: [73/200] Epoch: [0] Loss: [2.2849285634788306]
2019-04-14 18:52:41 INFO     Batch: [74/200] Epoch: [0] Loss: [2.2844506613413493]
2019-04-14 18:52:41 INFO     Batch: [75/200] Epoch: [0] Loss: [2.284015771589781]
2019-04-14 18:52:41 INFO     Batch: [76/200] Epoch: [0] Loss: [2.2834198289103322]
2019-04-14 18:52:41 INFO     Batch: [77/200] Epoch: [0] Loss: [2.282962157176091]
2019-04-14 18:52:42 INFO     Batch: [78/200] Epoch: [0] Loss: [2.282505023328564]
2019-04-14 18:52:42 INFO     Batch: [79/200] Epoch: [0] Loss: [2.2819990783929827]
2019-04-14 18:52:42 INFO     Batch: [80/200] Epoch: [0] Loss: [2.281558154541769]
2019-04-14 18:52:42 INFO     Batch: [81/200] Epoch: [0] Loss: [2.2811194629203984]
2019-04-14 18:52:43 INFO     Batch: [82/200] Epoch: [0] Loss: [2.2805212779217454]
2019-04-14 18:52:43 INFO     Batch: [83/200] Epoch: [0] Loss: [2.280128847985041]
2019-04-14 18:52:43 INFO     Batch: [84/200] Epoch: [0] Loss: [2.2797353492063634]
2019-04-14 18:52:44 INFO     Batch: [85/200] Epoch: [0] Loss: [2.2792500285215156]
2019-04-14 18:52:44 INFO     Batch: [86/200] Epoch: [0] Loss: [2.2789398856546685]
2019-04-14 18:52:44 INFO     Batch: [87/200] Epoch: [0] Loss: [2.2785512561147865]
2019-04-14 18:52:44 INFO     Batch: [88/200] Epoch: [0] Loss: [2.2781126901005093]
2019-04-14 18:52:45 INFO     Batch: [89/200] Epoch: [0] Loss: [2.2775653653674657]
2019-04-14 18:52:45 INFO     Batch: [90/200] Epoch: [0] Loss: [2.2771359852382114]
2019-04-14 18:52:45 INFO     Batch: [91/200] Epoch: [0] Loss: [2.2767435960147693]
2019-04-14 18:52:45 INFO     Batch: [92/200] Epoch: [0] Loss: [2.2762755527291247]
2019-04-14 18:52:46 INFO     Batch: [93/200] Epoch: [0] Loss: [2.2758665186293583]
2019-04-14 18:52:46 INFO     Batch: [94/200] Epoch: [0] Loss: [2.2755101404691995]
2019-04-14 18:52:46 INFO     Batch: [95/200] Epoch: [0] Loss: [2.2751376604040465]
2019-04-14 18:52:47 INFO     Batch: [96/200] Epoch: [0] Loss: [2.274713973409122]
2019-04-14 18:52:47 INFO     Batch: [97/200] Epoch: [0] Loss: [2.2742845428233243]
2019-04-14 18:52:47 INFO     Batch: [98/200] Epoch: [0] Loss: [2.2738298021181667]
2019-04-14 18:52:47 INFO     Batch: [99/200] Epoch: [0] Loss: [2.273368582725525]
2019-04-14 18:52:48 INFO     Batch: [100/200] Epoch: [0] Loss: [2.2727381309660353]
2019-04-14 18:52:48 INFO     Batch: [101/200] Epoch: [0] Loss: [2.272284755519792]
2019-04-14 18:52:48 INFO     Batch: [102/200] Epoch: [0] Loss: [2.2720227820201986]
2019-04-14 18:52:48 INFO     Batch: [103/200] Epoch: [0] Loss: [2.271660034473126]
2019-04-14 18:52:49 INFO     Batch: [104/200] Epoch: [0] Loss: [2.271035457792736]
2019-04-14 18:52:49 INFO     Batch: [105/200] Epoch: [0] Loss: [2.2704497575759888]
2019-04-14 18:52:49 INFO     Batch: [106/200] Epoch: [0] Loss: [2.2700617915001984]
2019-04-14 18:52:50 INFO     Batch: [107/200] Epoch: [0] Loss: [2.269359299430141]
2019-04-14 18:52:50 INFO     Batch: [108/200] Epoch: [0] Loss: [2.269018181967079]
2019-04-14 18:52:50 INFO     Batch: [109/200] Epoch: [0] Loss: [2.2684927116740834]
2019-04-14 18:52:50 INFO     Batch: [110/200] Epoch: [0] Loss: [2.2679386482582435]
2019-04-14 18:52:51 INFO     Batch: [111/200] Epoch: [0] Loss: [2.2675182947090695]
2019-04-14 18:52:51 INFO     Batch: [112/200] Epoch: [0] Loss: [2.267002394769044]
2019-04-14 18:52:51 INFO     Batch: [113/200] Epoch: [0] Loss: [2.2666124921096]
2019-04-14 18:52:51 INFO     Batch: [114/200] Epoch: [0] Loss: [2.2660615547843603]
2019-04-14 18:52:52 INFO     Batch: [115/200] Epoch: [0] Loss: [2.2654053877139915]
2019-04-14 18:52:52 INFO     Batch: [116/200] Epoch: [0] Loss: [2.2649205749870367]
2019-04-14 18:52:52 INFO     Batch: [117/200] Epoch: [0] Loss: [2.264590612912582]
2019-04-14 18:52:53 INFO     Batch: [118/200] Epoch: [0] Loss: [2.2640533827933944]
2019-04-14 18:52:53 INFO     Batch: [119/200] Epoch: [0] Loss: [2.2634714047114053]
2019-04-14 18:52:53 INFO     Batch: [120/200] Epoch: [0] Loss: [2.2629593857063734]
2019-04-14 18:52:53 INFO     Batch: [121/200] Epoch: [0] Loss: [2.2624720061411625]
2019-04-14 18:52:54 INFO     Batch: [122/200] Epoch: [0] Loss: [2.261911089827375]
2019-04-14 18:52:54 INFO     Batch: [123/200] Epoch: [0] Loss: [2.2613974482782426]
2019-04-14 18:52:54 INFO     Batch: [124/200] Epoch: [0] Loss: [2.260879898071289]
2019-04-14 18:52:54 INFO     Batch: [125/200] Epoch: [0] Loss: [2.2605403245441495]
2019-04-14 18:52:55 INFO     Batch: [126/200] Epoch: [0] Loss: [2.2599724859703243]
2019-04-14 18:52:55 INFO     Batch: [127/200] Epoch: [0] Loss: [2.259470434859395]
2019-04-14 18:52:55 INFO     Batch: [128/200] Epoch: [0] Loss: [2.258834718733795]
2019-04-14 18:52:56 INFO     Batch: [129/200] Epoch: [0] Loss: [2.2582541704177856]
2019-04-14 18:52:56 INFO     Batch: [130/200] Epoch: [0] Loss: [2.2577190453769598]
2019-04-14 18:52:56 INFO     Batch: [131/200] Epoch: [0] Loss: [2.257079102776267]
2019-04-14 18:52:56 INFO     Batch: [132/200] Epoch: [0] Loss: [2.256541495932672]
2019-04-14 18:52:57 INFO     Batch: [133/200] Epoch: [0] Loss: [2.2560004262781854]
2019-04-14 18:52:57 INFO     Batch: [134/200] Epoch: [0] Loss: [2.2554437195813213]
2019-04-14 18:52:57 INFO     Batch: [135/200] Epoch: [0] Loss: [2.254990980905645]
2019-04-14 18:52:58 INFO     Batch: [136/200] Epoch: [0] Loss: [2.25449018060726]
2019-04-14 18:52:58 INFO     Batch: [137/200] Epoch: [0] Loss: [2.2541529078414473]
2019-04-14 18:52:58 INFO     Batch: [138/200] Epoch: [0] Loss: [2.25369654971061]
2019-04-14 18:52:58 INFO     Batch: [139/200] Epoch: [0] Loss: [2.253107261657715]
2019-04-14 18:52:59 INFO     Batch: [140/200] Epoch: [0] Loss: [2.2526643479124027]
2019-04-14 18:52:59 INFO     Batch: [141/200] Epoch: [0] Loss: [2.2520355221251367]
2019-04-14 18:52:59 INFO     Batch: [142/200] Epoch: [0] Loss: [2.251374719859837]
2019-04-14 18:53:00 INFO     Batch: [143/200] Epoch: [0] Loss: [2.2509737296236887]
2019-04-14 18:53:00 INFO     Batch: [144/200] Epoch: [0] Loss: [2.2502275647788212]
2019-04-14 18:53:00 INFO     Batch: [145/200] Epoch: [0] Loss: [2.2497543651763707]
2019-04-14 18:53:00 INFO     Batch: [146/200] Epoch: [0] Loss: [2.2492955833876214]
2019-04-14 18:53:01 INFO     Batch: [147/200] Epoch: [0] Loss: [2.2487319192370854]
2019-04-14 18:53:01 INFO     Batch: [148/200] Epoch: [0] Loss: [2.248054110763857]
2019-04-14 18:53:01 INFO     Batch: [149/200] Epoch: [0] Loss: [2.2476618560155233]
2019-04-14 18:53:02 INFO     Batch: [150/200] Epoch: [0] Loss: [2.2471346492009445]
2019-04-14 18:53:02 INFO     Batch: [151/200] Epoch: [0] Loss: [2.246559318743254]
2019-04-14 18:53:02 INFO     Batch: [152/200] Epoch: [0] Loss: [2.2458536796320496]
2019-04-14 18:53:02 INFO     Batch: [153/200] Epoch: [0] Loss: [2.2452074831182305]
2019-04-14 18:53:03 INFO     Batch: [154/200] Epoch: [0] Loss: [2.244570707505749]
2019-04-14 18:53:03 INFO     Batch: [155/200] Epoch: [0] Loss: [2.2440337110788393]
2019-04-14 18:53:03 INFO     Batch: [156/200] Epoch: [0] Loss: [2.243420497627015]
2019-04-14 18:53:04 INFO     Batch: [157/200] Epoch: [0] Loss: [2.2428608649893653]
2019-04-14 18:53:04 INFO     Batch: [158/200] Epoch: [0] Loss: [2.2423427629770725]
2019-04-14 18:53:04 INFO     Batch: [159/200] Epoch: [0] Loss: [2.2416070088744164]
2019-04-14 18:53:04 INFO     Batch: [160/200] Epoch: [0] Loss: [2.241116424525006]
2019-04-14 18:53:05 INFO     Batch: [161/200] Epoch: [0] Loss: [2.24055986934238]
2019-04-14 18:53:05 INFO     Batch: [162/200] Epoch: [0] Loss: [2.2400356348306856]
2019-04-14 18:53:05 INFO     Batch: [163/200] Epoch: [0] Loss: [2.2394381558022847]
2019-04-14 18:53:05 INFO     Batch: [164/200] Epoch: [0] Loss: [2.2389976573712898]
2019-04-14 18:53:06 INFO     Batch: [165/200] Epoch: [0] Loss: [2.2383915817881204]
2019-04-14 18:53:06 INFO     Batch: [166/200] Epoch: [0] Loss: [2.2379077979904447]
2019-04-14 18:53:06 INFO     Batch: [167/200] Epoch: [0] Loss: [2.2372791795503524]
2019-04-14 18:53:07 INFO     Batch: [168/200] Epoch: [0] Loss: [2.236781828502226]
2019-04-14 18:53:07 INFO     Batch: [169/200] Epoch: [0] Loss: [2.2360836351619047]
2019-04-14 18:53:07 INFO     Batch: [170/200] Epoch: [0] Loss: [2.2355832830507154]
2019-04-14 18:53:07 INFO     Batch: [171/200] Epoch: [0] Loss: [2.2349450810011042]
2019-04-14 18:53:08 INFO     Batch: [172/200] Epoch: [0] Loss: [2.234279985372731]
2019-04-14 18:53:08 INFO     Batch: [173/200] Epoch: [0] Loss: [2.233590690568946]
2019-04-14 18:53:08 INFO     Batch: [174/200] Epoch: [0] Loss: [2.232857641492571]
2019-04-14 18:53:08 INFO     Batch: [175/200] Epoch: [0] Loss: [2.232405024495992]
2019-04-14 18:53:09 INFO     Batch: [176/200] Epoch: [0] Loss: [2.23174968951166]
2019-04-14 18:53:09 INFO     Batch: [177/200] Epoch: [0] Loss: [2.2310346606072415]
2019-04-14 18:53:09 INFO     Batch: [178/200] Epoch: [0] Loss: [2.230370863855884]
2019-04-14 18:53:10 INFO     Batch: [179/200] Epoch: [0] Loss: [2.2298577785491944]
2019-04-14 18:53:10 INFO     Batch: [180/200] Epoch: [0] Loss: [2.229359745320694]
2019-04-14 18:53:10 INFO     Batch: [181/200] Epoch: [0] Loss: [2.228847317643218]
2019-04-14 18:53:10 INFO     Batch: [182/200] Epoch: [0] Loss: [2.228237359250178]
2019-04-14 18:53:11 INFO     Batch: [183/200] Epoch: [0] Loss: [2.2274859120016512]
2019-04-14 18:53:11 INFO     Batch: [184/200] Epoch: [0] Loss: [2.2268194649670576]
2019-04-14 18:53:11 INFO     Batch: [185/200] Epoch: [0] Loss: [2.226146276279162]
2019-04-14 18:53:11 INFO     Batch: [186/200] Epoch: [0] Loss: [2.2255699889545135]
2019-04-14 18:53:12 INFO     Batch: [187/200] Epoch: [0] Loss: [2.225086106898937]
2019-04-14 18:53:12 INFO     Batch: [188/200] Epoch: [0] Loss: [2.2245784587961026]
2019-04-14 18:53:12 INFO     Batch: [189/200] Epoch: [0] Loss: [2.2237616978193584]
2019-04-14 18:53:13 INFO     Batch: [190/200] Epoch: [0] Loss: [2.2232813510595193]
2019-04-14 18:53:13 INFO     Batch: [191/200] Epoch: [0] Loss: [2.222583118826151]
2019-04-14 18:53:13 INFO     Batch: [192/200] Epoch: [0] Loss: [2.221985908369944]
2019-04-14 18:53:13 INFO     Batch: [193/200] Epoch: [0] Loss: [2.221275407014434]
2019-04-14 18:53:14 INFO     Batch: [194/200] Epoch: [0] Loss: [2.2204915107824865]
2019-04-14 18:53:14 INFO     Batch: [195/200] Epoch: [0] Loss: [2.2198020183310216]
2019-04-14 18:53:14 INFO     Batch: [196/200] Epoch: [0] Loss: [2.219145343993521]
2019-04-14 18:53:14 INFO     Batch: [197/200] Epoch: [0] Loss: [2.2185941392725166]
2019-04-14 18:53:15 INFO     Batch: [198/200] Epoch: [0] Loss: [2.2180944519426355]
2019-04-14 18:53:15 INFO     Batch: [199/200] Epoch: [0] Loss: [2.2174382829666137]
2019-04-14 18:53:17 INFO     **************** Epoch: [0/500] Accuracy: [0.19757575757575757] ****************

2019-04-14 18:53:17 INFO     Batch: [0/200] Epoch: [1] Loss: [2.078590154647827]
2019-04-14 18:53:17 INFO     Batch: [1/200] Epoch: [1] Loss: [2.0901445150375366]
2019-04-14 18:53:18 INFO     Batch: [2/200] Epoch: [1] Loss: [2.089273373285929]
2019-04-14 18:53:18 INFO     Batch: [3/200] Epoch: [1] Loss: [2.0870558619499207]
2019-04-14 18:53:18 INFO     Batch: [4/200] Epoch: [1] Loss: [2.0847541809082033]
2019-04-14 18:53:18 INFO     Batch: [5/200] Epoch: [1] Loss: [2.0808125336964927]
2019-04-14 18:53:19 INFO     Batch: [6/200] Epoch: [1] Loss: [2.0818489960261752]
2019-04-14 18:53:19 INFO     Batch: [7/200] Epoch: [1] Loss: [2.082581013441086]
2019-04-14 18:53:19 INFO     Batch: [8/200] Epoch: [1] Loss: [2.0823806391821966]
2019-04-14 18:53:19 INFO     Batch: [9/200] Epoch: [1] Loss: [2.0774813175201414]
2019-04-14 18:53:20 INFO     Batch: [10/200] Epoch: [1] Loss: [2.0760972933335737]
2019-04-14 18:53:20 INFO     Batch: [11/200] Epoch: [1] Loss: [2.07649157444636]
2019-04-14 18:53:20 INFO     Batch: [12/200] Epoch: [1] Loss: [2.074197090589083]
2019-04-14 18:53:21 INFO     Batch: [13/200] Epoch: [1] Loss: [2.0709758145468578]
2019-04-14 18:53:21 INFO     Batch: [14/200] Epoch: [1] Loss: [2.07029234568278]
2019-04-14 18:53:21 INFO     Batch: [15/200] Epoch: [1] Loss: [2.0693045407533646]
2019-04-14 18:53:21 INFO     Batch: [16/200] Epoch: [1] Loss: [2.072159206165987]
2019-04-14 18:53:22 INFO     Batch: [17/200] Epoch: [1] Loss: [2.071640001402961]
2019-04-14 18:53:22 INFO     Batch: [18/200] Epoch: [1] Loss: [2.0693961068203577]
2019-04-14 18:53:22 INFO     Batch: [19/200] Epoch: [1] Loss: [2.0696022868156434]
2019-04-14 18:53:22 INFO     Batch: [20/200] Epoch: [1] Loss: [2.0695496513730003]
2019-04-14 18:53:23 INFO     Batch: [21/200] Epoch: [1] Loss: [2.0690707618539985]
2019-04-14 18:53:23 INFO     Batch: [22/200] Epoch: [1] Loss: [2.068932750950689]
2019-04-14 18:53:23 INFO     Batch: [23/200] Epoch: [1] Loss: [2.068710674842199]
2019-04-14 18:53:24 INFO     Batch: [24/200] Epoch: [1] Loss: [2.0678945350646973]
2019-04-14 18:53:24 INFO     Batch: [25/200] Epoch: [1] Loss: [2.068091575915997]
2019-04-14 18:53:24 INFO     Batch: [26/200] Epoch: [1] Loss: [2.0664642740178993]
2019-04-14 18:53:24 INFO     Batch: [27/200] Epoch: [1] Loss: [2.0650310005460466]
2019-04-14 18:53:25 INFO     Batch: [28/200] Epoch: [1] Loss: [2.065491865421164]
2019-04-14 18:53:25 INFO     Batch: [29/200] Epoch: [1] Loss: [2.065342569351196]
2019-04-14 18:53:25 INFO     Batch: [30/200] Epoch: [1] Loss: [2.0646071818567093]
2019-04-14 18:53:25 INFO     Batch: [31/200] Epoch: [1] Loss: [2.0641135200858116]
2019-04-14 18:53:26 INFO     Batch: [32/200] Epoch: [1] Loss: [2.0628230066010445]
2019-04-14 18:53:26 INFO     Batch: [33/200] Epoch: [1] Loss: [2.062320015009712]
2019-04-14 18:53:26 INFO     Batch: [34/200] Epoch: [1] Loss: [2.0615856102534704]
2019-04-14 18:53:27 INFO     Batch: [35/200] Epoch: [1] Loss: [2.0598889456854925]
2019-04-14 18:53:27 INFO     Batch: [36/200] Epoch: [1] Loss: [2.0575942542101884]
2019-04-14 18:53:27 INFO     Batch: [37/200] Epoch: [1] Loss: [2.0565866984819112]
2019-04-14 18:53:27 INFO     Batch: [38/200] Epoch: [1] Loss: [2.055597592622806]
2019-04-14 18:53:28 INFO     Batch: [39/200] Epoch: [1] Loss: [2.055355650186539]
2019-04-14 18:53:28 INFO     Batch: [40/200] Epoch: [1] Loss: [2.0538870997545198]
2019-04-14 18:53:28 INFO     Batch: [41/200] Epoch: [1] Loss: [2.0535371871221635]
2019-04-14 18:53:28 INFO     Batch: [42/200] Epoch: [1] Loss: [2.0525518572607706]
2019-04-14 18:53:29 INFO     Batch: [43/200] Epoch: [1] Loss: [2.051627191630277]
2019-04-14 18:53:29 INFO     Batch: [44/200] Epoch: [1] Loss: [2.0509066581726074]
2019-04-14 18:53:29 INFO     Batch: [45/200] Epoch: [1] Loss: [2.0498493132383926]
2019-04-14 18:53:30 INFO     Batch: [46/200] Epoch: [1] Loss: [2.0490509601349527]
2019-04-14 18:53:30 INFO     Batch: [47/200] Epoch: [1] Loss: [2.0477539946635566]
2019-04-14 18:53:30 INFO     Batch: [48/200] Epoch: [1] Loss: [2.047444990703038]
2019-04-14 18:53:30 INFO     Batch: [49/200] Epoch: [1] Loss: [2.0459171319007874]
2019-04-14 18:53:31 INFO     Batch: [50/200] Epoch: [1] Loss: [2.044878957318325]
2019-04-14 18:53:31 INFO     Batch: [51/200] Epoch: [1] Loss: [2.043847592977377]
2019-04-14 18:53:31 INFO     Batch: [52/200] Epoch: [1] Loss: [2.043017695534904]
2019-04-14 18:53:31 INFO     Batch: [53/200] Epoch: [1] Loss: [2.0419302626892373]
2019-04-14 18:53:32 INFO     Batch: [54/200] Epoch: [1] Loss: [2.0415724125775423]
2019-04-14 18:53:32 INFO     Batch: [55/200] Epoch: [1] Loss: [2.040720413838114]
2019-04-14 18:53:32 INFO     Batch: [56/200] Epoch: [1] Loss: [2.0401585248478673]
2019-04-14 18:53:33 INFO     Batch: [57/200] Epoch: [1] Loss: [2.0390874311841767]
2019-04-14 18:53:33 INFO     Batch: [58/200] Epoch: [1] Loss: [2.037356031143059]
2019-04-14 18:53:33 INFO     Batch: [59/200] Epoch: [1] Loss: [2.0366581439971925]
2019-04-14 18:53:33 INFO     Batch: [60/200] Epoch: [1] Loss: [2.036126039067253]
2019-04-14 18:53:34 INFO     Batch: [61/200] Epoch: [1] Loss: [2.034905304831843]
2019-04-14 18:53:34 INFO     Batch: [62/200] Epoch: [1] Loss: [2.033154746842763]
2019-04-14 18:53:34 INFO     Batch: [63/200] Epoch: [1] Loss: [2.0322871282696724]
2019-04-14 18:53:34 INFO     Batch: [64/200] Epoch: [1] Loss: [2.0311059933442337]
2019-04-14 18:53:35 INFO     Batch: [65/200] Epoch: [1] Loss: [2.029672606424852]
2019-04-14 18:53:35 INFO     Batch: [66/200] Epoch: [1] Loss: [2.029154044478687]
2019-04-14 18:53:35 INFO     Batch: [67/200] Epoch: [1] Loss: [2.0280486853683697]
2019-04-14 18:53:36 INFO     Batch: [68/200] Epoch: [1] Loss: [2.0272799989451533]
2019-04-14 18:53:36 INFO     Batch: [69/200] Epoch: [1] Loss: [2.02604626757758]
2019-04-14 18:53:36 INFO     Batch: [70/200] Epoch: [1] Loss: [2.025723059412459]
2019-04-14 18:53:36 INFO     Batch: [71/200] Epoch: [1] Loss: [2.025178998708725]
2019-04-14 18:53:37 INFO     Batch: [72/200] Epoch: [1] Loss: [2.023302324830669]
2019-04-14 18:53:37 INFO     Batch: [73/200] Epoch: [1] Loss: [2.0225727380932987]
2019-04-14 18:53:37 INFO     Batch: [74/200] Epoch: [1] Loss: [2.021245299975077]
2019-04-14 18:53:37 INFO     Batch: [75/200] Epoch: [1] Loss: [2.0202839594138298]
2019-04-14 18:53:38 INFO     Batch: [76/200] Epoch: [1] Loss: [2.0197375718649333]
2019-04-14 18:53:38 INFO     Batch: [77/200] Epoch: [1] Loss: [2.0190647137470736]
2019-04-14 18:53:38 INFO     Batch: [78/200] Epoch: [1] Loss: [2.0180274927163424]
2019-04-14 18:53:38 INFO     Batch: [79/200] Epoch: [1] Loss: [2.016551139950752]
2019-04-14 18:53:39 INFO     Batch: [80/200] Epoch: [1] Loss: [2.015588323275248]
2019-04-14 18:53:39 INFO     Batch: [81/200] Epoch: [1] Loss: [2.014514914373072]
2019-04-14 18:53:39 INFO     Batch: [82/200] Epoch: [1] Loss: [2.0137239881308684]
2019-04-14 18:53:40 INFO     Batch: [83/200] Epoch: [1] Loss: [2.0133884861355735]
2019-04-14 18:53:40 INFO     Batch: [84/200] Epoch: [1] Loss: [2.0122152468737435]
2019-04-14 18:53:40 INFO     Batch: [85/200] Epoch: [1] Loss: [2.0107920197553413]
2019-04-14 18:53:40 INFO     Batch: [86/200] Epoch: [1] Loss: [2.0092949812439667]
2019-04-14 18:53:41 INFO     Batch: [87/200] Epoch: [1] Loss: [2.0087272741577844]
2019-04-14 18:53:41 INFO     Batch: [88/200] Epoch: [1] Loss: [2.007881540930673]
2019-04-14 18:53:41 INFO     Batch: [89/200] Epoch: [1] Loss: [2.0066689279344345]
2019-04-14 18:53:41 INFO     Batch: [90/200] Epoch: [1] Loss: [2.0058720989541694]
2019-04-14 18:53:42 INFO     Batch: [91/200] Epoch: [1] Loss: [2.0046027652595355]
2019-04-14 18:53:42 INFO     Batch: [92/200] Epoch: [1] Loss: [2.0036229574552147]
2019-04-14 18:53:42 INFO     Batch: [93/200] Epoch: [1] Loss: [2.003284473368462]
2019-04-14 18:53:43 INFO     Batch: [94/200] Epoch: [1] Loss: [2.0017492633116873]
2019-04-14 18:53:43 INFO     Batch: [95/200] Epoch: [1] Loss: [2.0007250296572843]
2019-04-14 18:53:43 INFO     Batch: [96/200] Epoch: [1] Loss: [1.999517939754368]
2019-04-14 18:53:43 INFO     Batch: [97/200] Epoch: [1] Loss: [1.9982914827307876]
2019-04-14 18:53:44 INFO     Batch: [98/200] Epoch: [1] Loss: [1.9974650867057568]
2019-04-14 18:53:44 INFO     Batch: [99/200] Epoch: [1] Loss: [1.9965532696247101]
2019-04-14 18:53:44 INFO     Batch: [100/200] Epoch: [1] Loss: [1.9960965378449695]
2019-04-14 18:53:44 INFO     Batch: [101/200] Epoch: [1] Loss: [1.994804202341566]
2019-04-14 18:53:45 INFO     Batch: [102/200] Epoch: [1] Loss: [1.993707911482135]
2019-04-14 18:53:45 INFO     Batch: [103/200] Epoch: [1] Loss: [1.9930680783895345]
2019-04-14 18:53:45 INFO     Batch: [104/200] Epoch: [1] Loss: [1.9917112702415103]
2019-04-14 18:53:46 INFO     Batch: [105/200] Epoch: [1] Loss: [1.9906714434893626]
2019-04-14 18:53:46 INFO     Batch: [106/200] Epoch: [1] Loss: [1.9894820329184844]
2019-04-14 18:53:46 INFO     Batch: [107/200] Epoch: [1] Loss: [1.9885457378846627]
2019-04-14 18:53:46 INFO     Batch: [108/200] Epoch: [1] Loss: [1.9871514237255132]
2019-04-14 18:53:47 INFO     Batch: [109/200] Epoch: [1] Loss: [1.9859008875760165]
2019-04-14 18:53:47 INFO     Batch: [110/200] Epoch: [1] Loss: [1.984758018373369]
2019-04-14 18:53:47 INFO     Batch: [111/200] Epoch: [1] Loss: [1.9836072336350168]
2019-04-14 18:53:47 INFO     Batch: [112/200] Epoch: [1] Loss: [1.982454400146957]
2019-04-14 18:53:48 INFO     Batch: [113/200] Epoch: [1] Loss: [1.9814867931499816]
2019-04-14 18:53:48 INFO     Batch: [114/200] Epoch: [1] Loss: [1.9808065569919089]
2019-04-14 18:53:48 INFO     Batch: [115/200] Epoch: [1] Loss: [1.9795473978437226]
2019-04-14 18:53:49 INFO     Batch: [116/200] Epoch: [1] Loss: [1.978422315711649]
2019-04-14 18:53:49 INFO     Batch: [117/200] Epoch: [1] Loss: [1.977532941406056]
2019-04-14 18:53:49 INFO     Batch: [118/200] Epoch: [1] Loss: [1.9767031729722224]
2019-04-14 18:53:49 INFO     Batch: [119/200] Epoch: [1] Loss: [1.975947775443395]
2019-04-14 18:53:50 INFO     Batch: [120/200] Epoch: [1] Loss: [1.9749449481648846]
2019-04-14 18:53:50 INFO     Batch: [121/200] Epoch: [1] Loss: [1.9734885966191527]
2019-04-14 18:53:50 INFO     Batch: [122/200] Epoch: [1] Loss: [1.9731966683535072]
2019-04-14 18:53:50 INFO     Batch: [123/200] Epoch: [1] Loss: [1.9724060604649205]
2019-04-14 18:53:51 INFO     Batch: [124/200] Epoch: [1] Loss: [1.971139970779419]
2019-04-14 18:53:51 INFO     Batch: [125/200] Epoch: [1] Loss: [1.9702245999896337]
2019-04-14 18:53:51 INFO     Batch: [126/200] Epoch: [1] Loss: [1.9691949754249392]
2019-04-14 18:53:52 INFO     Batch: [127/200] Epoch: [1] Loss: [1.9682600600644946]
2019-04-14 18:53:52 INFO     Batch: [128/200] Epoch: [1] Loss: [1.9668750855349755]
2019-04-14 18:53:52 INFO     Batch: [129/200] Epoch: [1] Loss: [1.9655899863976698]
2019-04-14 18:53:52 INFO     Batch: [130/200] Epoch: [1] Loss: [1.9647826238442923]
2019-04-14 18:53:53 INFO     Batch: [131/200] Epoch: [1] Loss: [1.9633440908157465]
2019-04-14 18:53:53 INFO     Batch: [132/200] Epoch: [1] Loss: [1.9624305443656176]
2019-04-14 18:53:53 INFO     Batch: [133/200] Epoch: [1] Loss: [1.9616478281234628]
2019-04-14 18:53:53 INFO     Batch: [134/200] Epoch: [1] Loss: [1.9609658673957542]
2019-04-14 18:53:54 INFO     Batch: [135/200] Epoch: [1] Loss: [1.9600922789643793]
2019-04-14 18:53:54 INFO     Batch: [136/200] Epoch: [1] Loss: [1.959032285822569]
2019-04-14 18:53:54 INFO     Batch: [137/200] Epoch: [1] Loss: [1.9580085268919019]
2019-04-14 18:53:55 INFO     Batch: [138/200] Epoch: [1] Loss: [1.957124085735074]
2019-04-14 18:53:55 INFO     Batch: [139/200] Epoch: [1] Loss: [1.9564586699008941]
2019-04-14 18:53:55 INFO     Batch: [140/200] Epoch: [1] Loss: [1.9559792068833155]
2019-04-14 18:53:55 INFO     Batch: [141/200] Epoch: [1] Loss: [1.9549091273630168]
2019-04-14 18:53:56 INFO     Batch: [142/200] Epoch: [1] Loss: [1.9538320953195745]
2019-04-14 18:53:56 INFO     Batch: [143/200] Epoch: [1] Loss: [1.952613847123252]
2019-04-14 18:53:56 INFO     Batch: [144/200] Epoch: [1] Loss: [1.9517329742168559]
2019-04-14 18:53:56 INFO     Batch: [145/200] Epoch: [1] Loss: [1.9510047746031252]
2019-04-14 18:53:57 INFO     Batch: [146/200] Epoch: [1] Loss: [1.9502248893789693]
2019-04-14 18:53:57 INFO     Batch: [147/200] Epoch: [1] Loss: [1.9493291031669926]
2019-04-14 18:53:57 INFO     Batch: [148/200] Epoch: [1] Loss: [1.9483373397148696]
2019-04-14 18:53:58 INFO     Batch: [149/200] Epoch: [1] Loss: [1.9473690366744996]
2019-04-14 18:53:58 INFO     Batch: [150/200] Epoch: [1] Loss: [1.9462720226767838]
2019-04-14 18:53:58 INFO     Batch: [151/200] Epoch: [1] Loss: [1.9457133835867833]
2019-04-14 18:53:58 INFO     Batch: [152/200] Epoch: [1] Loss: [1.9446317097719978]
2019-04-14 18:53:59 INFO     Batch: [153/200] Epoch: [1] Loss: [1.943472311868296]
2019-04-14 18:53:59 INFO     Batch: [154/200] Epoch: [1] Loss: [1.942703003268088]
2019-04-14 18:53:59 INFO     Batch: [155/200] Epoch: [1] Loss: [1.9419796352203076]
2019-04-14 18:53:59 INFO     Batch: [156/200] Epoch: [1] Loss: [1.9409202914329091]
2019-04-14 18:54:00 INFO     Batch: [157/200] Epoch: [1] Loss: [1.9401299998730044]
2019-04-14 18:54:00 INFO     Batch: [158/200] Epoch: [1] Loss: [1.9394431301632766]
2019-04-14 18:54:00 INFO     Batch: [159/200] Epoch: [1] Loss: [1.9385553397238255]
2019-04-14 18:54:01 INFO     Batch: [160/200] Epoch: [1] Loss: [1.9378040917911885]
2019-04-14 18:54:01 INFO     Batch: [161/200] Epoch: [1] Loss: [1.937083802105468]
2019-04-14 18:54:01 INFO     Batch: [162/200] Epoch: [1] Loss: [1.936315478722742]
2019-04-14 18:54:01 INFO     Batch: [163/200] Epoch: [1] Loss: [1.9355776011943817]
2019-04-14 18:54:02 INFO     Batch: [164/200] Epoch: [1] Loss: [1.9348650780591097]
2019-04-14 18:54:02 INFO     Batch: [165/200] Epoch: [1] Loss: [1.9338933789586445]
2019-04-14 18:54:02 INFO     Batch: [166/200] Epoch: [1] Loss: [1.9328235594812269]
2019-04-14 18:54:02 INFO     Batch: [167/200] Epoch: [1] Loss: [1.932270932765234]
2019-04-14 18:54:03 INFO     Batch: [168/200] Epoch: [1] Loss: [1.93118998284876]
2019-04-14 18:54:03 INFO     Batch: [169/200] Epoch: [1] Loss: [1.9300564064699062]
2019-04-14 18:54:03 INFO     Batch: [170/200] Epoch: [1] Loss: [1.9291918974870828]
2019-04-14 18:54:04 INFO     Batch: [171/200] Epoch: [1] Loss: [1.928599327802658]
2019-04-14 18:54:04 INFO     Batch: [172/200] Epoch: [1] Loss: [1.9279269765567228]
2019-04-14 18:54:04 INFO     Batch: [173/200] Epoch: [1] Loss: [1.9270806894905266]
2019-04-14 18:54:04 INFO     Batch: [174/200] Epoch: [1] Loss: [1.9260128102983747]
2019-04-14 18:54:05 INFO     Batch: [175/200] Epoch: [1] Loss: [1.9252922528169372]
2019-04-14 18:54:05 INFO     Batch: [176/200] Epoch: [1] Loss: [1.9244650002926758]
2019-04-14 18:54:05 INFO     Batch: [177/200] Epoch: [1] Loss: [1.9235105635075087]
2019-04-14 18:54:05 INFO     Batch: [178/200] Epoch: [1] Loss: [1.9224298692948325]
2019-04-14 18:54:06 INFO     Batch: [179/200] Epoch: [1] Loss: [1.9219785107506646]
2019-04-14 18:54:06 INFO     Batch: [180/200] Epoch: [1] Loss: [1.9208268236718784]
2019-04-14 18:54:06 INFO     Batch: [181/200] Epoch: [1] Loss: [1.919785046315455]
2019-04-14 18:54:07 INFO     Batch: [182/200] Epoch: [1] Loss: [1.9187054152045746]
2019-04-14 18:54:07 INFO     Batch: [183/200] Epoch: [1] Loss: [1.9176461301420047]
2019-04-14 18:54:07 INFO     Batch: [184/200] Epoch: [1] Loss: [1.9169897118130246]
2019-04-14 18:54:07 INFO     Batch: [185/200] Epoch: [1] Loss: [1.9161534296569003]
2019-04-14 18:54:08 INFO     Batch: [186/200] Epoch: [1] Loss: [1.9154930917974462]
2019-04-14 18:54:08 INFO     Batch: [187/200] Epoch: [1] Loss: [1.9144724017762123]
2019-04-14 18:54:08 INFO     Batch: [188/200] Epoch: [1] Loss: [1.913470953229874]
2019-04-14 18:54:08 INFO     Batch: [189/200] Epoch: [1] Loss: [1.912648984632994]
2019-04-14 18:54:09 INFO     Batch: [190/200] Epoch: [1] Loss: [1.911470012515003]
2019-04-14 18:54:09 INFO     Batch: [191/200] Epoch: [1] Loss: [1.910435698305567]
2019-04-14 18:54:09 INFO     Batch: [192/200] Epoch: [1] Loss: [1.9095362851039115]
2019-04-14 18:54:10 INFO     Batch: [193/200] Epoch: [1] Loss: [1.9088082368840877]
2019-04-14 18:54:10 INFO     Batch: [194/200] Epoch: [1] Loss: [1.9078625006553454]
2019-04-14 18:54:10 INFO     Batch: [195/200] Epoch: [1] Loss: [1.9070329854683]
2019-04-14 18:54:10 INFO     Batch: [196/200] Epoch: [1] Loss: [1.9060262490044995]
2019-04-14 18:54:11 INFO     Batch: [197/200] Epoch: [1] Loss: [1.9052955261384599]
2019-04-14 18:54:11 INFO     Batch: [198/200] Epoch: [1] Loss: [1.9043493857934846]
2019-04-14 18:54:11 INFO     Batch: [199/200] Epoch: [1] Loss: [1.9037285500764847]
2019-04-14 18:54:13 INFO     **************** Epoch: [1/500] Accuracy: [0.24424242424242423] ****************

2019-04-14 18:54:13 INFO     Batch: [0/200] Epoch: [2] Loss: [1.7507853507995605]
2019-04-14 18:54:14 INFO     Batch: [1/200] Epoch: [2] Loss: [1.7134913802146912]
2019-04-14 18:54:14 INFO     Batch: [2/200] Epoch: [2] Loss: [1.7061330477396648]
2019-04-14 18:54:14 INFO     Batch: [3/200] Epoch: [2] Loss: [1.689216434955597]
2019-04-14 18:54:14 INFO     Batch: [4/200] Epoch: [2] Loss: [1.6998576879501344]
2019-04-14 18:54:15 INFO     Batch: [5/200] Epoch: [2] Loss: [1.705190102259318]
2019-04-14 18:54:15 INFO     Batch: [6/200] Epoch: [2] Loss: [1.7121020896094186]
2019-04-14 18:54:15 INFO     Batch: [7/200] Epoch: [2] Loss: [1.7147607207298279]
2019-04-14 18:54:15 INFO     Batch: [8/200] Epoch: [2] Loss: [1.7190504339006212]
2019-04-14 18:54:16 INFO     Batch: [9/200] Epoch: [2] Loss: [1.722254180908203]
2019-04-14 18:54:16 INFO     Batch: [10/200] Epoch: [2] Loss: [1.727729699828408]
2019-04-14 18:54:16 INFO     Batch: [11/200] Epoch: [2] Loss: [1.7332573533058167]
2019-04-14 18:54:17 INFO     Batch: [12/200] Epoch: [2] Loss: [1.7267995981069713]
2019-04-14 18:54:17 INFO     Batch: [13/200] Epoch: [2] Loss: [1.733904276575361]
2019-04-14 18:54:17 INFO     Batch: [14/200] Epoch: [2] Loss: [1.725951329867045]
2019-04-14 18:54:17 INFO     Batch: [15/200] Epoch: [2] Loss: [1.728685587644577]
2019-04-14 18:54:18 INFO     Batch: [16/200] Epoch: [2] Loss: [1.7266409537371468]
2019-04-14 18:54:18 INFO     Batch: [17/200] Epoch: [2] Loss: [1.725028845998976]
2019-04-14 18:54:18 INFO     Batch: [18/200] Epoch: [2] Loss: [1.7206934125799882]
2019-04-14 18:54:18 INFO     Batch: [19/200] Epoch: [2] Loss: [1.7187053859233856]
2019-04-14 18:54:19 INFO     Batch: [20/200] Epoch: [2] Loss: [1.716597040494283]
2019-04-14 18:54:19 INFO     Batch: [21/200] Epoch: [2] Loss: [1.7169192054054954]
2019-04-14 18:54:19 INFO     Batch: [22/200] Epoch: [2] Loss: [1.7169743309850278]
2019-04-14 18:54:20 INFO     Batch: [23/200] Epoch: [2] Loss: [1.7142598380645115]
2019-04-14 18:54:20 INFO     Batch: [24/200] Epoch: [2] Loss: [1.7150812721252442]
2019-04-14 18:54:20 INFO     Batch: [25/200] Epoch: [2] Loss: [1.7117774807489836]
2019-04-14 18:54:20 INFO     Batch: [26/200] Epoch: [2] Loss: [1.708929220835368]
2019-04-14 18:54:21 INFO     Batch: [27/200] Epoch: [2] Loss: [1.7058551566941398]
2019-04-14 18:54:21 INFO     Batch: [28/200] Epoch: [2] Loss: [1.7066349818788726]
2019-04-14 18:54:21 INFO     Batch: [29/200] Epoch: [2] Loss: [1.7062329689661662]
2019-04-14 18:54:21 INFO     Batch: [30/200] Epoch: [2] Loss: [1.704240922004946]
2019-04-14 18:54:22 INFO     Batch: [31/200] Epoch: [2] Loss: [1.7002955302596092]
2019-04-14 18:54:22 INFO     Batch: [32/200] Epoch: [2] Loss: [1.703302350911227]
2019-04-14 18:54:22 INFO     Batch: [33/200] Epoch: [2] Loss: [1.7031822695451624]
2019-04-14 18:54:23 INFO     Batch: [34/200] Epoch: [2] Loss: [1.7027898005076818]
2019-04-14 18:54:23 INFO     Batch: [35/200] Epoch: [2] Loss: [1.7019133302900527]
2019-04-14 18:54:23 INFO     Batch: [36/200] Epoch: [2] Loss: [1.7005787540126491]
2019-04-14 18:54:23 INFO     Batch: [37/200] Epoch: [2] Loss: [1.6992994390035931]
2019-04-14 18:54:24 INFO     Batch: [38/200] Epoch: [2] Loss: [1.6992726539954162]
2019-04-14 18:54:24 INFO     Batch: [39/200] Epoch: [2] Loss: [1.6988619834184646]
2019-04-14 18:54:24 INFO     Batch: [40/200] Epoch: [2] Loss: [1.6975749324007732]
2019-04-14 18:54:24 INFO     Batch: [41/200] Epoch: [2] Loss: [1.6967152527400426]
2019-04-14 18:54:25 INFO     Batch: [42/200] Epoch: [2] Loss: [1.6967089896978333]
2019-04-14 18:54:25 INFO     Batch: [43/200] Epoch: [2] Loss: [1.695001718672839]
2019-04-14 18:54:25 INFO     Batch: [44/200] Epoch: [2] Loss: [1.6955067343182033]
2019-04-14 18:54:25 INFO     Batch: [45/200] Epoch: [2] Loss: [1.6946342768876448]
2019-04-14 18:54:26 INFO     Batch: [46/200] Epoch: [2] Loss: [1.692735032832369]
2019-04-14 18:54:26 INFO     Batch: [47/200] Epoch: [2] Loss: [1.6924925049146016]
2019-04-14 18:54:26 INFO     Batch: [48/200] Epoch: [2] Loss: [1.6912098247177747]
2019-04-14 18:54:27 INFO     Batch: [49/200] Epoch: [2] Loss: [1.6915808868408204]
2019-04-14 18:54:27 INFO     Batch: [50/200] Epoch: [2] Loss: [1.690136561206743]
2019-04-14 18:54:27 INFO     Batch: [51/200] Epoch: [2] Loss: [1.6888975959557753]
2019-04-14 18:54:27 INFO     Batch: [52/200] Epoch: [2] Loss: [1.6889677902437605]
2019-04-14 18:54:28 INFO     Batch: [53/200] Epoch: [2] Loss: [1.6888669022807368]
2019-04-14 18:54:28 INFO     Batch: [54/200] Epoch: [2] Loss: [1.6892719637263904]
2019-04-14 18:54:28 INFO     Batch: [55/200] Epoch: [2] Loss: [1.6887266082423074]
2019-04-14 18:54:28 INFO     Batch: [56/200] Epoch: [2] Loss: [1.6875677422473305]
2019-04-14 18:54:29 INFO     Batch: [57/200] Epoch: [2] Loss: [1.6877091896945033]
2019-04-14 18:54:29 INFO     Batch: [58/200] Epoch: [2] Loss: [1.6875599885390977]
2019-04-14 18:54:29 INFO     Batch: [59/200] Epoch: [2] Loss: [1.6858644704023997]
2019-04-14 18:54:30 INFO     Batch: [60/200] Epoch: [2] Loss: [1.6840620548998724]
2019-04-14 18:54:30 INFO     Batch: [61/200] Epoch: [2] Loss: [1.6844884945500282]
2019-04-14 18:54:30 INFO     Batch: [62/200] Epoch: [2] Loss: [1.6851287058421545]
2019-04-14 18:54:30 INFO     Batch: [63/200] Epoch: [2] Loss: [1.6856563743203878]
2019-04-14 18:54:31 INFO     Batch: [64/200] Epoch: [2] Loss: [1.6836776696718656]
2019-04-14 18:54:31 INFO     Batch: [65/200] Epoch: [2] Loss: [1.6833042610775342]
2019-04-14 18:54:31 INFO     Batch: [66/200] Epoch: [2] Loss: [1.6834879241772551]
2019-04-14 18:54:31 INFO     Batch: [67/200] Epoch: [2] Loss: [1.6823230841580559]
2019-04-14 18:54:32 INFO     Batch: [68/200] Epoch: [2] Loss: [1.681615278340768]
2019-04-14 18:54:32 INFO     Batch: [69/200] Epoch: [2] Loss: [1.682229380948203]
2019-04-14 18:54:32 INFO     Batch: [70/200] Epoch: [2] Loss: [1.6819410727057658]
2019-04-14 18:54:33 INFO     Batch: [71/200] Epoch: [2] Loss: [1.681602378686269]
2019-04-14 18:54:33 INFO     Batch: [72/200] Epoch: [2] Loss: [1.6819437791223395]
2019-04-14 18:54:33 INFO     Batch: [73/200] Epoch: [2] Loss: [1.6809872549933356]
2019-04-14 18:54:33 INFO     Batch: [74/200] Epoch: [2] Loss: [1.6799175214767457]
2019-04-14 18:54:34 INFO     Batch: [75/200] Epoch: [2] Loss: [1.6797066487764056]
2019-04-14 18:54:34 INFO     Batch: [76/200] Epoch: [2] Loss: [1.6793881360586587]
2019-04-14 18:54:34 INFO     Batch: [77/200] Epoch: [2] Loss: [1.678318006870074]
2019-04-14 18:54:34 INFO     Batch: [78/200] Epoch: [2] Loss: [1.6767608425285243]
2019-04-14 18:54:35 INFO     Batch: [79/200] Epoch: [2] Loss: [1.67563004642725]
2019-04-14 18:54:35 INFO     Batch: [80/200] Epoch: [2] Loss: [1.6753360577571539]
2019-04-14 18:54:35 INFO     Batch: [81/200] Epoch: [2] Loss: [1.674588217967894]
2019-04-14 18:54:36 INFO     Batch: [82/200] Epoch: [2] Loss: [1.6734693711062512]
2019-04-14 18:54:36 INFO     Batch: [83/200] Epoch: [2] Loss: [1.6732584067753382]
2019-04-14 18:54:36 INFO     Batch: [84/200] Epoch: [2] Loss: [1.672175480337704]
2019-04-14 18:54:36 INFO     Batch: [85/200] Epoch: [2] Loss: [1.671210606430852]
2019-04-14 18:54:37 INFO     Batch: [86/200] Epoch: [2] Loss: [1.669999980378425]
2019-04-14 18:54:37 INFO     Batch: [87/200] Epoch: [2] Loss: [1.6693724732507358]
2019-04-14 18:54:37 INFO     Batch: [88/200] Epoch: [2] Loss: [1.6695134653134291]
2019-04-14 18:54:37 INFO     Batch: [89/200] Epoch: [2] Loss: [1.6683391729990642]
2019-04-14 18:54:38 INFO     Batch: [90/200] Epoch: [2] Loss: [1.6680536217741915]
2019-04-14 18:54:38 INFO     Batch: [91/200] Epoch: [2] Loss: [1.667907028094582]
2019-04-14 18:54:38 INFO     Batch: [92/200] Epoch: [2] Loss: [1.667291166961834]
2019-04-14 18:54:39 INFO     Batch: [93/200] Epoch: [2] Loss: [1.6663887602217653]
2019-04-14 18:54:39 INFO     Batch: [94/200] Epoch: [2] Loss: [1.666269053910908]
2019-04-14 18:54:39 INFO     Batch: [95/200] Epoch: [2] Loss: [1.664472649494807]
2019-04-14 18:54:39 INFO     Batch: [96/200] Epoch: [2] Loss: [1.6634650390172743]
2019-04-14 18:54:40 INFO     Batch: [97/200] Epoch: [2] Loss: [1.662975447518485]
2019-04-14 18:54:40 INFO     Batch: [98/200] Epoch: [2] Loss: [1.662119042993796]
2019-04-14 18:54:40 INFO     Batch: [99/200] Epoch: [2] Loss: [1.6612841844558717]
2019-04-14 18:54:40 INFO     Batch: [100/200] Epoch: [2] Loss: [1.6606970258278422]
2019-04-14 18:54:41 INFO     Batch: [101/200] Epoch: [2] Loss: [1.661074129974141]
2019-04-14 18:54:41 INFO     Batch: [102/200] Epoch: [2] Loss: [1.6603522809963782]
2019-04-14 18:54:41 INFO     Batch: [103/200] Epoch: [2] Loss: [1.6587617569244826]
2019-04-14 18:54:42 INFO     Batch: [104/200] Epoch: [2] Loss: [1.6578594094231016]
2019-04-14 18:54:42 INFO     Batch: [105/200] Epoch: [2] Loss: [1.6572662052118554]
2019-04-14 18:54:42 INFO     Batch: [106/200] Epoch: [2] Loss: [1.6562393602923813]
2019-04-14 18:54:42 INFO     Batch: [107/200] Epoch: [2] Loss: [1.6554666801735207]
2019-04-14 18:54:43 INFO     Batch: [108/200] Epoch: [2] Loss: [1.6542838790001126]
2019-04-14 18:54:43 INFO     Batch: [109/200] Epoch: [2] Loss: [1.6530975731936368]
2019-04-14 18:54:43 INFO     Batch: [110/200] Epoch: [2] Loss: [1.652073582013448]
2019-04-14 18:54:44 INFO     Batch: [111/200] Epoch: [2] Loss: [1.6512349822691508]
2019-04-14 18:54:44 INFO     Batch: [112/200] Epoch: [2] Loss: [1.6502165994812956]
2019-04-14 18:54:44 INFO     Batch: [113/200] Epoch: [2] Loss: [1.6489109093682808]
2019-04-14 18:54:44 INFO     Batch: [114/200] Epoch: [2] Loss: [1.6478869179020756]
2019-04-14 18:54:45 INFO     Batch: [115/200] Epoch: [2] Loss: [1.6466873586177826]
2019-04-14 18:54:45 INFO     Batch: [116/200] Epoch: [2] Loss: [1.6463957943468013]
2019-04-14 18:54:45 INFO     Batch: [117/200] Epoch: [2] Loss: [1.6454857991913618]
2019-04-14 18:54:46 INFO     Batch: [118/200] Epoch: [2] Loss: [1.6445229504288745]
2019-04-14 18:54:46 INFO     Batch: [119/200] Epoch: [2] Loss: [1.643612759311994]
2019-04-14 18:54:46 INFO     Batch: [120/200] Epoch: [2] Loss: [1.6422614361629013]
2019-04-14 18:54:47 INFO     Batch: [121/200] Epoch: [2] Loss: [1.6418102471554865]
2019-04-14 18:54:47 INFO     Batch: [122/200] Epoch: [2] Loss: [1.640827694559485]
2019-04-14 18:54:47 INFO     Batch: [123/200] Epoch: [2] Loss: [1.640211163028594]
2019-04-14 18:54:47 INFO     Batch: [124/200] Epoch: [2] Loss: [1.6393776483535767]
2019-04-14 18:54:48 INFO     Batch: [125/200] Epoch: [2] Loss: [1.6392509833214775]
2019-04-14 18:54:48 INFO     Batch: [126/200] Epoch: [2] Loss: [1.6380860157838957]
2019-04-14 18:54:48 INFO     Batch: [127/200] Epoch: [2] Loss: [1.6372926337644458]
2019-04-14 18:54:49 INFO     Batch: [128/200] Epoch: [2] Loss: [1.636466767436774]
2019-04-14 18:54:49 INFO     Batch: [129/200] Epoch: [2] Loss: [1.6365960634671726]
2019-04-14 18:54:49 INFO     Batch: [130/200] Epoch: [2] Loss: [1.6353038531223327]
2019-04-14 18:54:49 INFO     Batch: [131/200] Epoch: [2] Loss: [1.6344867366732974]
2019-04-14 18:54:50 INFO     Batch: [132/200] Epoch: [2] Loss: [1.633600003737256]
2019-04-14 18:54:50 INFO     Batch: [133/200] Epoch: [2] Loss: [1.6331819989788]
2019-04-14 18:54:50 INFO     Batch: [134/200] Epoch: [2] Loss: [1.6329510105980767]
2019-04-14 18:54:50 INFO     Batch: [135/200] Epoch: [2] Loss: [1.6321716440074585]
2019-04-14 18:54:51 INFO     Batch: [136/200] Epoch: [2] Loss: [1.6315964904144733]
2019-04-14 18:54:51 INFO     Batch: [137/200] Epoch: [2] Loss: [1.6318278018979058]
2019-04-14 18:54:51 INFO     Batch: [138/200] Epoch: [2] Loss: [1.6307440618816897]
2019-04-14 18:54:52 INFO     Batch: [139/200] Epoch: [2] Loss: [1.6303308401788985]
2019-04-14 18:54:52 INFO     Batch: [140/200] Epoch: [2] Loss: [1.629784732845658]
2019-04-14 18:54:52 INFO     Batch: [141/200] Epoch: [2] Loss: [1.6291695598145606]
2019-04-14 18:54:52 INFO     Batch: [142/200] Epoch: [2] Loss: [1.629046664371357]
2019-04-14 18:54:53 INFO     Batch: [143/200] Epoch: [2] Loss: [1.6289386211170092]
2019-04-14 18:54:53 INFO     Batch: [144/200] Epoch: [2] Loss: [1.6284349334651027]
2019-04-14 18:54:53 INFO     Batch: [145/200] Epoch: [2] Loss: [1.627727161531579]
2019-04-14 18:54:53 INFO     Batch: [146/200] Epoch: [2] Loss: [1.6269895187040575]
2019-04-14 18:54:54 INFO     Batch: [147/200] Epoch: [2] Loss: [1.626146137714386]
2019-04-14 18:54:54 INFO     Batch: [148/200] Epoch: [2] Loss: [1.6258817015078244]
2019-04-14 18:54:54 INFO     Batch: [149/200] Epoch: [2] Loss: [1.624785083134969]
2019-04-14 18:54:55 INFO     Batch: [150/200] Epoch: [2] Loss: [1.6242695517887342]
2019-04-14 18:54:55 INFO     Batch: [151/200] Epoch: [2] Loss: [1.6232842795158688]
2019-04-14 18:54:55 INFO     Batch: [152/200] Epoch: [2] Loss: [1.6224437570260242]
2019-04-14 18:54:55 INFO     Batch: [153/200] Epoch: [2] Loss: [1.621140216078077]
2019-04-14 18:54:56 INFO     Batch: [154/200] Epoch: [2] Loss: [1.620852831871279]
2019-04-14 18:54:56 INFO     Batch: [155/200] Epoch: [2] Loss: [1.6203043598395128]
2019-04-14 18:54:56 INFO     Batch: [156/200] Epoch: [2] Loss: [1.6196317839774357]
2019-04-14 18:54:56 INFO     Batch: [157/200] Epoch: [2] Loss: [1.6192563545854786]
2019-04-14 18:54:57 INFO     Batch: [158/200] Epoch: [2] Loss: [1.6184808105792639]
2019-04-14 18:54:57 INFO     Batch: [159/200] Epoch: [2] Loss: [1.61734831482172]
2019-04-14 18:54:57 INFO     Batch: [160/200] Epoch: [2] Loss: [1.6163982078895807]
2019-04-14 18:54:58 INFO     Batch: [161/200] Epoch: [2] Loss: [1.6154780086175895]
2019-04-14 18:54:58 INFO     Batch: [162/200] Epoch: [2] Loss: [1.615191510849935]
2019-04-14 18:54:58 INFO     Batch: [163/200] Epoch: [2] Loss: [1.6146417347396291]
2019-04-14 18:54:58 INFO     Batch: [164/200] Epoch: [2] Loss: [1.613760729269548]
2019-04-14 18:54:59 INFO     Batch: [165/200] Epoch: [2] Loss: [1.6127385051853687]
2019-04-14 18:54:59 INFO     Batch: [166/200] Epoch: [2] Loss: [1.611921340405584]
2019-04-14 18:54:59 INFO     Batch: [167/200] Epoch: [2] Loss: [1.6112940297240304]
2019-04-14 18:54:59 INFO     Batch: [168/200] Epoch: [2] Loss: [1.610852067992532]
2019-04-14 18:55:00 INFO     Batch: [169/200] Epoch: [2] Loss: [1.610276088293861]
2019-04-14 18:55:00 INFO     Batch: [170/200] Epoch: [2] Loss: [1.6092657631600809]
2019-04-14 18:55:00 INFO     Batch: [171/200] Epoch: [2] Loss: [1.6083358519299085]
2019-04-14 18:55:01 INFO     Batch: [172/200] Epoch: [2] Loss: [1.6078699544675088]
2019-04-14 18:55:01 INFO     Batch: [173/200] Epoch: [2] Loss: [1.6068994567312043]
2019-04-14 18:55:01 INFO     Batch: [174/200] Epoch: [2] Loss: [1.6065685885293144]
2019-04-14 18:55:01 INFO     Batch: [175/200] Epoch: [2] Loss: [1.6058157987215302]
2019-04-14 18:55:02 INFO     Batch: [176/200] Epoch: [2] Loss: [1.604823152224223]
2019-04-14 18:55:02 INFO     Batch: [177/200] Epoch: [2] Loss: [1.6038309971937972]
2019-04-14 18:55:02 INFO     Batch: [178/200] Epoch: [2] Loss: [1.603353339866553]
2019-04-14 18:55:02 INFO     Batch: [179/200] Epoch: [2] Loss: [1.6022437757915922]
2019-04-14 18:55:03 INFO     Batch: [180/200] Epoch: [2] Loss: [1.6014516906843659]
2019-04-14 18:55:03 INFO     Batch: [181/200] Epoch: [2] Loss: [1.600333198086246]
2019-04-14 18:55:03 INFO     Batch: [182/200] Epoch: [2] Loss: [1.5993941364392557]
2019-04-14 18:55:04 INFO     Batch: [183/200] Epoch: [2] Loss: [1.5987236551616504]
2019-04-14 18:55:04 INFO     Batch: [184/200] Epoch: [2] Loss: [1.5978959998568973]
2019-04-14 18:55:04 INFO     Batch: [185/200] Epoch: [2] Loss: [1.5968997068302606]
2019-04-14 18:55:04 INFO     Batch: [186/200] Epoch: [2] Loss: [1.5959556472492729]
2019-04-14 18:55:05 INFO     Batch: [187/200] Epoch: [2] Loss: [1.5950769395270246]
2019-04-14 18:55:05 INFO     Batch: [188/200] Epoch: [2] Loss: [1.5942910146460962]
2019-04-14 18:55:05 INFO     Batch: [189/200] Epoch: [2] Loss: [1.5941571405059414]
2019-04-14 18:55:05 INFO     Batch: [190/200] Epoch: [2] Loss: [1.593657650872675]
2019-04-14 18:55:06 INFO     Batch: [191/200] Epoch: [2] Loss: [1.5926999083409707]
2019-04-14 18:55:06 INFO     Batch: [192/200] Epoch: [2] Loss: [1.5919407439355406]
2019-04-14 18:55:06 INFO     Batch: [193/200] Epoch: [2] Loss: [1.5912483469727112]
2019-04-14 18:55:07 INFO     Batch: [194/200] Epoch: [2] Loss: [1.5902920441749768]
2019-04-14 18:55:07 INFO     Batch: [195/200] Epoch: [2] Loss: [1.5890898461244545]
2019-04-14 18:55:07 INFO     Batch: [196/200] Epoch: [2] Loss: [1.5881776301388812]
2019-04-14 18:55:07 INFO     Batch: [197/200] Epoch: [2] Loss: [1.5872808845356257]
2019-04-14 18:55:08 INFO     Batch: [198/200] Epoch: [2] Loss: [1.5867676824780566]
2019-04-14 18:55:08 INFO     Batch: [199/200] Epoch: [2] Loss: [1.5857629972696303]
2019-04-14 18:55:10 INFO     **************** Epoch: [2/500] Accuracy: [0.2460606060606061] ****************

2019-04-14 18:55:10 INFO     Batch: [0/200] Epoch: [3] Loss: [1.4587433338165283]
2019-04-14 18:55:10 INFO     Batch: [1/200] Epoch: [3] Loss: [1.5061262249946594]
2019-04-14 18:55:11 INFO     Batch: [2/200] Epoch: [3] Loss: [1.4579481681187947]
2019-04-14 18:55:11 INFO     Batch: [3/200] Epoch: [3] Loss: [1.4480586051940918]
2019-04-14 18:55:11 INFO     Batch: [4/200] Epoch: [3] Loss: [1.4570027112960815]
2019-04-14 18:55:11 INFO     Batch: [5/200] Epoch: [3] Loss: [1.445168415705363]
2019-04-14 18:55:12 INFO     Batch: [6/200] Epoch: [3] Loss: [1.4542122398103987]
2019-04-14 18:55:12 INFO     Batch: [7/200] Epoch: [3] Loss: [1.4489357322454453]
2019-04-14 18:55:12 INFO     Batch: [8/200] Epoch: [3] Loss: [1.4577840169270833]
2019-04-14 18:55:12 INFO     Batch: [9/200] Epoch: [3] Loss: [1.45800883769989]
2019-04-14 18:55:13 INFO     Batch: [10/200] Epoch: [3] Loss: [1.460796670480208]
2019-04-14 18:55:13 INFO     Batch: [11/200] Epoch: [3] Loss: [1.4620325565338135]
2019-04-14 18:55:13 INFO     Batch: [12/200] Epoch: [3] Loss: [1.4612658298932588]
2019-04-14 18:55:14 INFO     Batch: [13/200] Epoch: [3] Loss: [1.4567300592150008]
2019-04-14 18:55:14 INFO     Batch: [14/200] Epoch: [3] Loss: [1.4581300099690755]
2019-04-14 18:55:14 INFO     Batch: [15/200] Epoch: [3] Loss: [1.4559313580393791]
2019-04-14 18:55:14 INFO     Batch: [16/200] Epoch: [3] Loss: [1.448376171729144]
2019-04-14 18:55:15 INFO     Batch: [17/200] Epoch: [3] Loss: [1.4467721978823345]
2019-04-14 18:55:15 INFO     Batch: [18/200] Epoch: [3] Loss: [1.4486223647468968]
2019-04-14 18:55:15 INFO     Batch: [19/200] Epoch: [3] Loss: [1.4482740581035614]
2019-04-14 18:55:15 INFO     Batch: [20/200] Epoch: [3] Loss: [1.4491850591841198]
2019-04-14 18:55:16 INFO     Batch: [21/200] Epoch: [3] Loss: [1.4525715817104687]
2019-04-14 18:55:16 INFO     Batch: [22/200] Epoch: [3] Loss: [1.4489709864492002]
2019-04-14 18:55:16 INFO     Batch: [23/200] Epoch: [3] Loss: [1.4474429885546367]
2019-04-14 18:55:17 INFO     Batch: [24/200] Epoch: [3] Loss: [1.4448031377792359]
2019-04-14 18:55:17 INFO     Batch: [25/200] Epoch: [3] Loss: [1.4458672220890338]
2019-04-14 18:55:17 INFO     Batch: [26/200] Epoch: [3] Loss: [1.4468665961866025]
2019-04-14 18:55:17 INFO     Batch: [27/200] Epoch: [3] Loss: [1.444189041852951]
2019-04-14 18:55:18 INFO     Batch: [28/200] Epoch: [3] Loss: [1.4412971488360702]
2019-04-14 18:55:18 INFO     Batch: [29/200] Epoch: [3] Loss: [1.4425305763880412]
2019-04-14 18:55:18 INFO     Batch: [30/200] Epoch: [3] Loss: [1.444526030171302]
2019-04-14 18:55:18 INFO     Batch: [31/200] Epoch: [3] Loss: [1.4445632062852383]
2019-04-14 18:55:19 INFO     Batch: [32/200] Epoch: [3] Loss: [1.4440213477972783]
2019-04-14 18:55:19 INFO     Batch: [33/200] Epoch: [3] Loss: [1.4431885165326737]
2019-04-14 18:55:19 INFO     Batch: [34/200] Epoch: [3] Loss: [1.4432899611336845]
2019-04-14 18:55:20 INFO     Batch: [35/200] Epoch: [3] Loss: [1.4407695399390326]
2019-04-14 18:55:20 INFO     Batch: [36/200] Epoch: [3] Loss: [1.4392866733911875]
2019-04-14 18:55:20 INFO     Batch: [37/200] Epoch: [3] Loss: [1.4381132345450551]
2019-04-14 18:55:20 INFO     Batch: [38/200] Epoch: [3] Loss: [1.4352906942367554]
2019-04-14 18:55:21 INFO     Batch: [39/200] Epoch: [3] Loss: [1.4343851506710052]
2019-04-14 18:55:21 INFO     Batch: [40/200] Epoch: [3] Loss: [1.4347060802506237]
2019-04-14 18:55:21 INFO     Batch: [41/200] Epoch: [3] Loss: [1.4331846435864766]
2019-04-14 18:55:21 INFO     Batch: [42/200] Epoch: [3] Loss: [1.4349524808484455]
2019-04-14 18:55:22 INFO     Batch: [43/200] Epoch: [3] Loss: [1.4327817152846942]
2019-04-14 18:55:22 INFO     Batch: [44/200] Epoch: [3] Loss: [1.4314852529101902]
2019-04-14 18:55:22 INFO     Batch: [45/200] Epoch: [3] Loss: [1.4290860554446345]
2019-04-14 18:55:23 INFO     Batch: [46/200] Epoch: [3] Loss: [1.428682991798888]
2019-04-14 18:55:23 INFO     Batch: [47/200] Epoch: [3] Loss: [1.4259893770019214]
2019-04-14 18:55:23 INFO     Batch: [48/200] Epoch: [3] Loss: [1.4248315144558341]
2019-04-14 18:55:23 INFO     Batch: [49/200] Epoch: [3] Loss: [1.4235871195793153]
2019-04-14 18:55:24 INFO     Batch: [50/200] Epoch: [3] Loss: [1.4234707542494232]
2019-04-14 18:55:24 INFO     Batch: [51/200] Epoch: [3] Loss: [1.4215641434376056]
2019-04-14 18:55:24 INFO     Batch: [52/200] Epoch: [3] Loss: [1.4207113104046516]
2019-04-14 18:55:24 INFO     Batch: [53/200] Epoch: [3] Loss: [1.419052627351549]
2019-04-14 18:55:25 INFO     Batch: [54/200] Epoch: [3] Loss: [1.417803161794489]
2019-04-14 18:55:25 INFO     Batch: [55/200] Epoch: [3] Loss: [1.4184456318616867]
2019-04-14 18:55:25 INFO     Batch: [56/200] Epoch: [3] Loss: [1.4177133263203137]
2019-04-14 18:55:26 INFO     Batch: [57/200] Epoch: [3] Loss: [1.4169713710916454]
2019-04-14 18:55:26 INFO     Batch: [58/200] Epoch: [3] Loss: [1.415646633859408]
2019-04-14 18:55:26 INFO     Batch: [59/200] Epoch: [3] Loss: [1.4146590570608775]
2019-04-14 18:55:26 INFO     Batch: [60/200] Epoch: [3] Loss: [1.414481321319205]
2019-04-14 18:55:27 INFO     Batch: [61/200] Epoch: [3] Loss: [1.4134859077392086]
2019-04-14 18:55:27 INFO     Batch: [62/200] Epoch: [3] Loss: [1.4132279044105893]
2019-04-14 18:55:27 INFO     Batch: [63/200] Epoch: [3] Loss: [1.4112765975296497]
2019-04-14 18:55:27 INFO     Batch: [64/200] Epoch: [3] Loss: [1.4096621201588557]
2019-04-14 18:55:28 INFO     Batch: [65/200] Epoch: [3] Loss: [1.4091729070201064]
2019-04-14 18:55:28 INFO     Batch: [66/200] Epoch: [3] Loss: [1.4073360624598032]
2019-04-14 18:55:28 INFO     Batch: [67/200] Epoch: [3] Loss: [1.406692154267255]
2019-04-14 18:55:29 INFO     Batch: [68/200] Epoch: [3] Loss: [1.4055697987045066]
2019-04-14 18:55:29 INFO     Batch: [69/200] Epoch: [3] Loss: [1.4046591877937318]
2019-04-14 18:55:29 INFO     Batch: [70/200] Epoch: [3] Loss: [1.4044409973520628]
2019-04-14 18:55:29 INFO     Batch: [71/200] Epoch: [3] Loss: [1.4051905622084935]
2019-04-14 18:55:30 INFO     Batch: [72/200] Epoch: [3] Loss: [1.4028276776614255]
2019-04-14 18:55:30 INFO     Batch: [73/200] Epoch: [3] Loss: [1.4024552509591386]
2019-04-14 18:55:30 INFO     Batch: [74/200] Epoch: [3] Loss: [1.4030064137776692]
2019-04-14 18:55:30 INFO     Batch: [75/200] Epoch: [3] Loss: [1.4014733778802972]
2019-04-14 18:55:31 INFO     Batch: [76/200] Epoch: [3] Loss: [1.4000294394307322]
2019-04-14 18:55:31 INFO     Batch: [77/200] Epoch: [3] Loss: [1.3986911147068708]
2019-04-14 18:55:31 INFO     Batch: [78/200] Epoch: [3] Loss: [1.3978597725493997]
2019-04-14 18:55:32 INFO     Batch: [79/200] Epoch: [3] Loss: [1.3964483469724656]
2019-04-14 18:55:32 INFO     Batch: [80/200] Epoch: [3] Loss: [1.3975524652151414]
2019-04-14 18:55:32 INFO     Batch: [81/200] Epoch: [3] Loss: [1.3965351378045432]
2019-04-14 18:55:32 INFO     Batch: [82/200] Epoch: [3] Loss: [1.3961341337985302]
2019-04-14 18:55:33 INFO     Batch: [83/200] Epoch: [3] Loss: [1.3958217799663544]
2019-04-14 18:55:33 INFO     Batch: [84/200] Epoch: [3] Loss: [1.395144107762505]
2019-04-14 18:55:33 INFO     Batch: [85/200] Epoch: [3] Loss: [1.3944278151489968]
2019-04-14 18:55:33 INFO     Batch: [86/200] Epoch: [3] Loss: [1.3948785354351174]
2019-04-14 18:55:34 INFO     Batch: [87/200] Epoch: [3] Loss: [1.3933972472494298]
2019-04-14 18:55:34 INFO     Batch: [88/200] Epoch: [3] Loss: [1.3924803680248474]
2019-04-14 18:55:34 INFO     Batch: [89/200] Epoch: [3] Loss: [1.392340146170722]
2019-04-14 18:55:34 INFO     Batch: [90/200] Epoch: [3] Loss: [1.391182807775644]
2019-04-14 18:55:35 INFO     Batch: [91/200] Epoch: [3] Loss: [1.3913338689700416]
2019-04-14 18:55:35 INFO     Batch: [92/200] Epoch: [3] Loss: [1.3912630593904884]
2019-04-14 18:55:35 INFO     Batch: [93/200] Epoch: [3] Loss: [1.3907352153291093]
2019-04-14 18:55:36 INFO     Batch: [94/200] Epoch: [3] Loss: [1.391137059111344]
2019-04-14 18:55:36 INFO     Batch: [95/200] Epoch: [3] Loss: [1.3905745334923267]
2019-04-14 18:55:36 INFO     Batch: [96/200] Epoch: [3] Loss: [1.3906758224841245]
2019-04-14 18:55:36 INFO     Batch: [97/200] Epoch: [3] Loss: [1.3897121354025237]
2019-04-14 18:55:37 INFO     Batch: [98/200] Epoch: [3] Loss: [1.3898866778672343]
2019-04-14 18:55:37 INFO     Batch: [99/200] Epoch: [3] Loss: [1.3893102753162383]
2019-04-14 18:55:37 INFO     Batch: [100/200] Epoch: [3] Loss: [1.3880069598112956]
2019-04-14 18:55:38 INFO     Batch: [101/200] Epoch: [3] Loss: [1.3868843433903713]
2019-04-14 18:55:38 INFO     Batch: [102/200] Epoch: [3] Loss: [1.386043446735271]
2019-04-14 18:55:38 INFO     Batch: [103/200] Epoch: [3] Loss: [1.386145294858859]
2019-04-14 18:55:38 INFO     Batch: [104/200] Epoch: [3] Loss: [1.3852436304092408]
2019-04-14 18:55:39 INFO     Batch: [105/200] Epoch: [3] Loss: [1.3841660225166466]
2019-04-14 18:55:39 INFO     Batch: [106/200] Epoch: [3] Loss: [1.3834107367791861]
2019-04-14 18:55:39 INFO     Batch: [107/200] Epoch: [3] Loss: [1.381448757869226]
2019-04-14 18:55:39 INFO     Batch: [108/200] Epoch: [3] Loss: [1.3797186755259103]
2019-04-14 18:55:40 INFO     Batch: [109/200] Epoch: [3] Loss: [1.3792640826918863]
2019-04-14 18:55:40 INFO     Batch: [110/200] Epoch: [3] Loss: [1.3778211576444608]
2019-04-14 18:55:40 INFO     Batch: [111/200] Epoch: [3] Loss: [1.377037056854793]
2019-04-14 18:55:40 INFO     Batch: [112/200] Epoch: [3] Loss: [1.3764366407310014]
2019-04-14 18:55:41 INFO     Batch: [113/200] Epoch: [3] Loss: [1.375539109372256]
2019-04-14 18:55:41 INFO     Batch: [114/200] Epoch: [3] Loss: [1.3748888264531676]
2019-04-14 18:55:41 INFO     Batch: [115/200] Epoch: [3] Loss: [1.3732777042635556]
2019-04-14 18:55:42 INFO     Batch: [116/200] Epoch: [3] Loss: [1.3729979747380965]
2019-04-14 18:55:42 INFO     Batch: [117/200] Epoch: [3] Loss: [1.3725949121733843]
2019-04-14 18:55:42 INFO     Batch: [118/200] Epoch: [3] Loss: [1.3715607268469674]
2019-04-14 18:55:42 INFO     Batch: [119/200] Epoch: [3] Loss: [1.3708105027675628]
2019-04-14 18:55:43 INFO     Batch: [120/200] Epoch: [3] Loss: [1.3704290596906803]
2019-04-14 18:55:43 INFO     Batch: [121/200] Epoch: [3] Loss: [1.3684573134437936]
2019-04-14 18:55:43 INFO     Batch: [122/200] Epoch: [3] Loss: [1.3679786649176744]
2019-04-14 18:55:43 INFO     Batch: [123/200] Epoch: [3] Loss: [1.3672312055864642]
2019-04-14 18:55:44 INFO     Batch: [124/200] Epoch: [3] Loss: [1.3659365587234498]
2019-04-14 18:55:44 INFO     Batch: [125/200] Epoch: [3] Loss: [1.364961975150638]
2019-04-14 18:55:44 INFO     Batch: [126/200] Epoch: [3] Loss: [1.3642322078464537]
2019-04-14 18:55:45 INFO     Batch: [127/200] Epoch: [3] Loss: [1.3638692237436771]
2019-04-14 18:55:45 INFO     Batch: [128/200] Epoch: [3] Loss: [1.3627228847769803]
2019-04-14 18:55:45 INFO     Batch: [129/200] Epoch: [3] Loss: [1.3621513073260967]
2019-04-14 18:55:45 INFO     Batch: [130/200] Epoch: [3] Loss: [1.361797233574263]
2019-04-14 18:55:46 INFO     Batch: [131/200] Epoch: [3] Loss: [1.3609981816826444]
2019-04-14 18:55:46 INFO     Batch: [132/200] Epoch: [3] Loss: [1.3605851885071374]
2019-04-14 18:55:46 INFO     Batch: [133/200] Epoch: [3] Loss: [1.3600274422275487]
2019-04-14 18:55:46 INFO     Batch: [134/200] Epoch: [3] Loss: [1.358591777307016]
2019-04-14 18:55:47 INFO     Batch: [135/200] Epoch: [3] Loss: [1.3572870782193016]
2019-04-14 18:55:47 INFO     Batch: [136/200] Epoch: [3] Loss: [1.3566674289912204]
2019-04-14 18:55:47 INFO     Batch: [137/200] Epoch: [3] Loss: [1.3559979511343914]
2019-04-14 18:55:48 INFO     Batch: [138/200] Epoch: [3] Loss: [1.3551563916446494]
2019-04-14 18:55:48 INFO     Batch: [139/200] Epoch: [3] Loss: [1.3549282542296819]
2019-04-14 18:55:48 INFO     Batch: [140/200] Epoch: [3] Loss: [1.3544719388298954]
2019-04-14 18:55:48 INFO     Batch: [141/200] Epoch: [3] Loss: [1.3538050836240743]
2019-04-14 18:55:49 INFO     Batch: [142/200] Epoch: [3] Loss: [1.3530469707675747]
2019-04-14 18:55:49 INFO     Batch: [143/200] Epoch: [3] Loss: [1.3521433025598526]
2019-04-14 18:55:49 INFO     Batch: [144/200] Epoch: [3] Loss: [1.3514203425111442]
2019-04-14 18:55:49 INFO     Batch: [145/200] Epoch: [3] Loss: [1.3503153552747753]
2019-04-14 18:55:50 INFO     Batch: [146/200] Epoch: [3] Loss: [1.350029723173907]
2019-04-14 18:55:50 INFO     Batch: [147/200] Epoch: [3] Loss: [1.3498786695905634]
2019-04-14 18:55:50 INFO     Batch: [148/200] Epoch: [3] Loss: [1.34889439368408]
2019-04-14 18:55:51 INFO     Batch: [149/200] Epoch: [3] Loss: [1.3486558643976847]
2019-04-14 18:55:51 INFO     Batch: [150/200] Epoch: [3] Loss: [1.3478386583707191]
2019-04-14 18:55:51 INFO     Batch: [151/200] Epoch: [3] Loss: [1.3476915516351398]
2019-04-14 18:55:51 INFO     Batch: [152/200] Epoch: [3] Loss: [1.3471664813608906]
2019-04-14 18:55:52 INFO     Batch: [153/200] Epoch: [3] Loss: [1.3461346881730216]
2019-04-14 18:55:52 INFO     Batch: [154/200] Epoch: [3] Loss: [1.3453822389725716]
2019-04-14 18:55:52 INFO     Batch: [155/200] Epoch: [3] Loss: [1.3447504418018537]
2019-04-14 18:55:52 INFO     Batch: [156/200] Epoch: [3] Loss: [1.344750063434528]
2019-04-14 18:55:53 INFO     Batch: [157/200] Epoch: [3] Loss: [1.344574286213404]
2019-04-14 18:55:53 INFO     Batch: [158/200] Epoch: [3] Loss: [1.344369553170114]
2019-04-14 18:55:53 INFO     Batch: [159/200] Epoch: [3] Loss: [1.3440364465117454]
2019-04-14 18:55:54 INFO     Batch: [160/200] Epoch: [3] Loss: [1.3434516650549373]
2019-04-14 18:55:54 INFO     Batch: [161/200] Epoch: [3] Loss: [1.3428875075446234]
2019-04-14 18:55:54 INFO     Batch: [162/200] Epoch: [3] Loss: [1.3425064554975077]
2019-04-14 18:55:54 INFO     Batch: [163/200] Epoch: [3] Loss: [1.3419695314837665]
2019-04-14 18:55:55 INFO     Batch: [164/200] Epoch: [3] Loss: [1.3409508372798111]
2019-04-14 18:55:55 INFO     Batch: [165/200] Epoch: [3] Loss: [1.3403580483183803]
2019-04-14 18:55:55 INFO     Batch: [166/200] Epoch: [3] Loss: [1.3400224532909737]
2019-04-14 18:55:55 INFO     Batch: [167/200] Epoch: [3] Loss: [1.3389618382567452]
2019-04-14 18:55:56 INFO     Batch: [168/200] Epoch: [3] Loss: [1.3384331302529962]
2019-04-14 18:55:56 INFO     Batch: [169/200] Epoch: [3] Loss: [1.3378742617719315]
2019-04-14 18:55:56 INFO     Batch: [170/200] Epoch: [3] Loss: [1.3365658863246093]
2019-04-14 18:55:57 INFO     Batch: [171/200] Epoch: [3] Loss: [1.335985345202823]
2019-04-14 18:55:57 INFO     Batch: [172/200] Epoch: [3] Loss: [1.3356524044378644]
2019-04-14 18:55:57 INFO     Batch: [173/200] Epoch: [3] Loss: [1.335425459105393]
2019-04-14 18:55:57 INFO     Batch: [174/200] Epoch: [3] Loss: [1.3350229474476405]
2019-04-14 18:55:58 INFO     Batch: [175/200] Epoch: [3] Loss: [1.3347020677544854]
2019-04-14 18:55:58 INFO     Batch: [176/200] Epoch: [3] Loss: [1.3340705875623025]
2019-04-14 18:55:58 INFO     Batch: [177/200] Epoch: [3] Loss: [1.3333034535472312]
2019-04-14 18:55:58 INFO     Batch: [178/200] Epoch: [3] Loss: [1.3328060031603168]
2019-04-14 18:55:59 INFO     Batch: [179/200] Epoch: [3] Loss: [1.3320398363802168]
2019-04-14 18:55:59 INFO     Batch: [180/200] Epoch: [3] Loss: [1.331870975415351]
2019-04-14 18:55:59 INFO     Batch: [181/200] Epoch: [3] Loss: [1.3314875796601013]
2019-04-14 18:56:00 INFO     Batch: [182/200] Epoch: [3] Loss: [1.331460374952014]
2019-04-14 18:56:00 INFO     Batch: [183/200] Epoch: [3] Loss: [1.3309731677822445]
2019-04-14 18:56:00 INFO     Batch: [184/200] Epoch: [3] Loss: [1.3302038927335997]
2019-04-14 18:56:00 INFO     Batch: [185/200] Epoch: [3] Loss: [1.3293919608157168]
2019-04-14 18:56:01 INFO     Batch: [186/200] Epoch: [3] Loss: [1.328598979960151]
2019-04-14 18:56:01 INFO     Batch: [187/200] Epoch: [3] Loss: [1.3277873536373705]
2019-04-14 18:56:01 INFO     Batch: [188/200] Epoch: [3] Loss: [1.327136102807585]
2019-04-14 18:56:01 INFO     Batch: [189/200] Epoch: [3] Loss: [1.3265487288173876]
2019-04-14 18:56:02 INFO     Batch: [190/200] Epoch: [3] Loss: [1.3258216343625053]
2019-04-14 18:56:02 INFO     Batch: [191/200] Epoch: [3] Loss: [1.325128924101591]
2019-04-14 18:56:02 INFO     Batch: [192/200] Epoch: [3] Loss: [1.3240736432643752]
2019-04-14 18:56:03 INFO     Batch: [193/200] Epoch: [3] Loss: [1.3237533280529927]
2019-04-14 18:56:03 INFO     Batch: [194/200] Epoch: [3] Loss: [1.323019002034114]
2019-04-14 18:56:03 INFO     Batch: [195/200] Epoch: [3] Loss: [1.32248723993496]
2019-04-14 18:56:03 INFO     Batch: [196/200] Epoch: [3] Loss: [1.3215320086116114]
2019-04-14 18:56:04 INFO     Batch: [197/200] Epoch: [3] Loss: [1.320632375249959]
2019-04-14 18:56:04 INFO     Batch: [198/200] Epoch: [3] Loss: [1.3197953371546376]
2019-04-14 18:56:04 INFO     Batch: [199/200] Epoch: [3] Loss: [1.3188267332315444]
2019-04-14 18:56:06 INFO     **************** Epoch: [3/500] Accuracy: [0.23333333333333336] ****************

2019-04-14 18:56:06 INFO     Batch: [0/200] Epoch: [4] Loss: [1.2826911211013794]
2019-04-14 18:56:07 INFO     Batch: [1/200] Epoch: [4] Loss: [1.228472650051117]
2019-04-14 18:56:07 INFO     Batch: [2/200] Epoch: [4] Loss: [1.1988542079925537]
2019-04-14 18:56:07 INFO     Batch: [3/200] Epoch: [4] Loss: [1.1942134201526642]
2019-04-14 18:56:07 INFO     Batch: [4/200] Epoch: [4] Loss: [1.2054983854293824]
2019-04-14 18:56:08 INFO     Batch: [5/200] Epoch: [4] Loss: [1.2298269271850586]
2019-04-14 18:56:08 INFO     Batch: [6/200] Epoch: [4] Loss: [1.2235761029379708]
2019-04-14 18:56:08 INFO     Batch: [7/200] Epoch: [4] Loss: [1.2154822945594788]
2019-04-14 18:56:08 INFO     Batch: [8/200] Epoch: [4] Loss: [1.2101236051983304]
2019-04-14 18:56:09 INFO     Batch: [9/200] Epoch: [4] Loss: [1.207012164592743]
2019-04-14 18:56:09 INFO     Batch: [10/200] Epoch: [4] Loss: [1.2087029868906194]
2019-04-14 18:56:09 INFO     Batch: [11/200] Epoch: [4] Loss: [1.2038637697696686]
2019-04-14 18:56:10 INFO     Batch: [12/200] Epoch: [4] Loss: [1.2085295273707464]
2019-04-14 18:56:10 INFO     Batch: [13/200] Epoch: [4] Loss: [1.1988516535077776]
2019-04-14 18:56:10 INFO     Batch: [14/200] Epoch: [4] Loss: [1.196442421277364]
2019-04-14 18:56:10 INFO     Batch: [15/200] Epoch: [4] Loss: [1.1998288184404373]
2019-04-14 18:56:11 INFO     Batch: [16/200] Epoch: [4] Loss: [1.2010042877758251]
2019-04-14 18:56:11 INFO     Batch: [17/200] Epoch: [4] Loss: [1.1955371300379436]
2019-04-14 18:56:11 INFO     Batch: [18/200] Epoch: [4] Loss: [1.193478967014112]
2019-04-14 18:56:11 INFO     Batch: [19/200] Epoch: [4] Loss: [1.1912464678287507]
2019-04-14 18:56:12 INFO     Batch: [20/200] Epoch: [4] Loss: [1.1914668139957247]
2019-04-14 18:56:12 INFO     Batch: [21/200] Epoch: [4] Loss: [1.1868921409953723]
2019-04-14 18:56:12 INFO     Batch: [22/200] Epoch: [4] Loss: [1.1834330973417864]
2019-04-14 18:56:13 INFO     Batch: [23/200] Epoch: [4] Loss: [1.1788135915994644]
2019-04-14 18:56:13 INFO     Batch: [24/200] Epoch: [4] Loss: [1.1739170360565185]
2019-04-14 18:56:13 INFO     Batch: [25/200] Epoch: [4] Loss: [1.173647743005019]
2019-04-14 18:56:13 INFO     Batch: [26/200] Epoch: [4] Loss: [1.175382720099555]
2019-04-14 18:56:14 INFO     Batch: [27/200] Epoch: [4] Loss: [1.1759434257234846]
2019-04-14 18:56:14 INFO     Batch: [28/200] Epoch: [4] Loss: [1.1746681024288308]
2019-04-14 18:56:14 INFO     Batch: [29/200] Epoch: [4] Loss: [1.1735867778460185]
2019-04-14 18:56:14 INFO     Batch: [30/200] Epoch: [4] Loss: [1.1733195435616277]
2019-04-14 18:56:15 INFO     Batch: [31/200] Epoch: [4] Loss: [1.1726232916116714]
2019-04-14 18:56:15 INFO     Batch: [32/200] Epoch: [4] Loss: [1.1715407696637241]
2019-04-14 18:56:15 INFO     Batch: [33/200] Epoch: [4] Loss: [1.1728860841077917]
2019-04-14 18:56:16 INFO     Batch: [34/200] Epoch: [4] Loss: [1.1721498250961304]
2019-04-14 18:56:16 INFO     Batch: [35/200] Epoch: [4] Loss: [1.1704908741845026]
2019-04-14 18:56:16 INFO     Batch: [36/200] Epoch: [4] Loss: [1.169871939195169]
2019-04-14 18:56:16 INFO     Batch: [37/200] Epoch: [4] Loss: [1.1718187394895052]
2019-04-14 18:56:17 INFO     Batch: [38/200] Epoch: [4] Loss: [1.1694446527040923]
2019-04-14 18:56:17 INFO     Batch: [39/200] Epoch: [4] Loss: [1.1700796365737915]
2019-04-14 18:56:17 INFO     Batch: [40/200] Epoch: [4] Loss: [1.1697517604362675]
2019-04-14 18:56:17 INFO     Batch: [41/200] Epoch: [4] Loss: [1.1703646835826693]
2019-04-14 18:56:18 INFO     Batch: [42/200] Epoch: [4] Loss: [1.1705637421718864]
2019-04-14 18:56:18 INFO     Batch: [43/200] Epoch: [4] Loss: [1.1707575050267307]
2019-04-14 18:56:18 INFO     Batch: [44/200] Epoch: [4] Loss: [1.1693374713261921]
2019-04-14 18:56:19 INFO     Batch: [45/200] Epoch: [4] Loss: [1.1699346899986267]
2019-04-14 18:56:19 INFO     Batch: [46/200] Epoch: [4] Loss: [1.1707779092991606]
2019-04-14 18:56:19 INFO     Batch: [47/200] Epoch: [4] Loss: [1.170602763692538]
2019-04-14 18:56:19 INFO     Batch: [48/200] Epoch: [4] Loss: [1.1687453498645706]
2019-04-14 18:56:20 INFO     Batch: [49/200] Epoch: [4] Loss: [1.170240707397461]
2019-04-14 18:56:20 INFO     Batch: [50/200] Epoch: [4] Loss: [1.1693680987638586]
2019-04-14 18:56:20 INFO     Batch: [51/200] Epoch: [4] Loss: [1.1691355453087733]
2019-04-14 18:56:20 INFO     Batch: [52/200] Epoch: [4] Loss: [1.1710085441481393]
2019-04-14 18:56:21 INFO     Batch: [53/200] Epoch: [4] Loss: [1.1682092922705192]
2019-04-14 18:56:21 INFO     Batch: [54/200] Epoch: [4] Loss: [1.1681025591763583]
2019-04-14 18:56:21 INFO     Batch: [55/200] Epoch: [4] Loss: [1.1678833812475204]
2019-04-14 18:56:22 INFO     Batch: [56/200] Epoch: [4] Loss: [1.1673192015865392]
2019-04-14 18:56:22 INFO     Batch: [57/200] Epoch: [4] Loss: [1.1679088863833198]
2019-04-14 18:56:22 INFO     Batch: [58/200] Epoch: [4] Loss: [1.167161212129108]
2019-04-14 18:56:22 INFO     Batch: [59/200] Epoch: [4] Loss: [1.1661649266878764]
2019-04-14 18:56:23 INFO     Batch: [60/200] Epoch: [4] Loss: [1.1643245786917014]
2019-04-14 18:56:23 INFO     Batch: [61/200] Epoch: [4] Loss: [1.1631036689204555]
2019-04-14 18:56:23 INFO     Batch: [62/200] Epoch: [4] Loss: [1.1612473631662035]
2019-04-14 18:56:23 INFO     Batch: [63/200] Epoch: [4] Loss: [1.1622134558856487]
2019-04-14 18:56:24 INFO     Batch: [64/200] Epoch: [4] Loss: [1.1638864205433772]
2019-04-14 18:56:24 INFO     Batch: [65/200] Epoch: [4] Loss: [1.1626989552468965]
2019-04-14 18:56:24 INFO     Batch: [66/200] Epoch: [4] Loss: [1.163406517968249]
2019-04-14 18:56:25 INFO     Batch: [67/200] Epoch: [4] Loss: [1.162703540395288]
2019-04-14 18:56:25 INFO     Batch: [68/200] Epoch: [4] Loss: [1.1621419502341228]
2019-04-14 18:56:25 INFO     Batch: [69/200] Epoch: [4] Loss: [1.161418650831495]
2019-04-14 18:56:25 INFO     Batch: [70/200] Epoch: [4] Loss: [1.160404855096844]
2019-04-14 18:56:26 INFO     Batch: [71/200] Epoch: [4] Loss: [1.1602953573067982]
2019-04-14 18:56:26 INFO     Batch: [72/200] Epoch: [4] Loss: [1.1613389825167721]
2019-04-14 18:56:26 INFO     Batch: [73/200] Epoch: [4] Loss: [1.1604865290023185]
2019-04-14 18:56:26 INFO     Batch: [74/200] Epoch: [4] Loss: [1.1609780883789063]
2019-04-14 18:56:27 INFO     Batch: [75/200] Epoch: [4] Loss: [1.1611915215065605]
2019-04-14 18:56:27 INFO     Batch: [76/200] Epoch: [4] Loss: [1.1613822138154661]
2019-04-14 18:56:27 INFO     Batch: [77/200] Epoch: [4] Loss: [1.1620727089735179]
2019-04-14 18:56:28 INFO     Batch: [78/200] Epoch: [4] Loss: [1.16202043128919]
2019-04-14 18:56:28 INFO     Batch: [79/200] Epoch: [4] Loss: [1.1617089092731476]
2019-04-14 18:56:28 INFO     Batch: [80/200] Epoch: [4] Loss: [1.161703614541042]
2019-04-14 18:56:28 INFO     Batch: [81/200] Epoch: [4] Loss: [1.1624901483698589]
2019-04-14 18:56:29 INFO     Batch: [82/200] Epoch: [4] Loss: [1.1622364865728172]
2019-04-14 18:56:29 INFO     Batch: [83/200] Epoch: [4] Loss: [1.1630569497744243]
2019-04-14 18:56:29 INFO     Batch: [84/200] Epoch: [4] Loss: [1.1610734988661373]
2019-04-14 18:56:29 INFO     Batch: [85/200] Epoch: [4] Loss: [1.1607102231923925]
2019-04-14 18:56:30 INFO     Batch: [86/200] Epoch: [4] Loss: [1.1608542717736343]
2019-04-14 18:56:30 INFO     Batch: [87/200] Epoch: [4] Loss: [1.1603221222758293]
2019-04-14 18:56:30 INFO     Batch: [88/200] Epoch: [4] Loss: [1.1596634207146892]
2019-04-14 18:56:31 INFO     Batch: [89/200] Epoch: [4] Loss: [1.159395597378413]
2019-04-14 18:56:31 INFO     Batch: [90/200] Epoch: [4] Loss: [1.1593065805487581]
2019-04-14 18:56:31 INFO     Batch: [91/200] Epoch: [4] Loss: [1.1590813949056293]
2019-04-14 18:56:31 INFO     Batch: [92/200] Epoch: [4] Loss: [1.158459161558459]
2019-04-14 18:56:32 INFO     Batch: [93/200] Epoch: [4] Loss: [1.1580862536075267]
2019-04-14 18:56:32 INFO     Batch: [94/200] Epoch: [4] Loss: [1.1578328778869227]
2019-04-14 18:56:32 INFO     Batch: [95/200] Epoch: [4] Loss: [1.1568523614356916]
2019-04-14 18:56:32 INFO     Batch: [96/200] Epoch: [4] Loss: [1.1563914233876258]
2019-04-14 18:56:33 INFO     Batch: [97/200] Epoch: [4] Loss: [1.1571415644519183]
2019-04-14 18:56:33 INFO     Batch: [98/200] Epoch: [4] Loss: [1.1567802170310357]
2019-04-14 18:56:33 INFO     Batch: [99/200] Epoch: [4] Loss: [1.156514384150505]
2019-04-14 18:56:34 INFO     Batch: [100/200] Epoch: [4] Loss: [1.1563381788754228]
2019-04-14 18:56:34 INFO     Batch: [101/200] Epoch: [4] Loss: [1.1558548229582168]
2019-04-14 18:56:34 INFO     Batch: [102/200] Epoch: [4] Loss: [1.1545548768876825]
2019-04-14 18:56:34 INFO     Batch: [103/200] Epoch: [4] Loss: [1.1544731207765067]
2019-04-14 18:56:35 INFO     Batch: [104/200] Epoch: [4] Loss: [1.153568758851006]
2019-04-14 18:56:35 INFO     Batch: [105/200] Epoch: [4] Loss: [1.153209628361576]
2019-04-14 18:56:35 INFO     Batch: [106/200] Epoch: [4] Loss: [1.153353973526821]
2019-04-14 18:56:35 INFO     Batch: [107/200] Epoch: [4] Loss: [1.1520088806196496]
2019-04-14 18:56:36 INFO     Batch: [108/200] Epoch: [4] Loss: [1.1515133583217585]
2019-04-14 18:56:36 INFO     Batch: [109/200] Epoch: [4] Loss: [1.1512539446353913]
2019-04-14 18:56:36 INFO     Batch: [110/200] Epoch: [4] Loss: [1.151042125783525]
2019-04-14 18:56:37 INFO     Batch: [111/200] Epoch: [4] Loss: [1.151271382080657]
2019-04-14 18:56:37 INFO     Batch: [112/200] Epoch: [4] Loss: [1.1506286949183033]
2019-04-14 18:56:37 INFO     Batch: [113/200] Epoch: [4] Loss: [1.1501545597586715]
2019-04-14 18:56:37 INFO     Batch: [114/200] Epoch: [4] Loss: [1.1496179896852246]
2019-04-14 18:56:38 INFO     Batch: [115/200] Epoch: [4] Loss: [1.1497328450967526]
2019-04-14 18:56:38 INFO     Batch: [116/200] Epoch: [4] Loss: [1.1488281524079478]
2019-04-14 18:56:38 INFO     Batch: [117/200] Epoch: [4] Loss: [1.1486067231428825]
2019-04-14 18:56:38 INFO     Batch: [118/200] Epoch: [4] Loss: [1.1483183643397163]
2019-04-14 18:56:39 INFO     Batch: [119/200] Epoch: [4] Loss: [1.1483570809165637]
2019-04-14 18:56:39 INFO     Batch: [120/200] Epoch: [4] Loss: [1.14833791344619]
2019-04-14 18:56:39 INFO     Batch: [121/200] Epoch: [4] Loss: [1.1485811848132337]
2019-04-14 18:56:40 INFO     Batch: [122/200] Epoch: [4] Loss: [1.1489192455764707]
2019-04-14 18:56:40 INFO     Batch: [123/200] Epoch: [4] Loss: [1.1486423183833399]
2019-04-14 18:56:40 INFO     Batch: [124/200] Epoch: [4] Loss: [1.1486456580162048]
2019-04-14 18:56:40 INFO     Batch: [125/200] Epoch: [4] Loss: [1.1483821854704903]
2019-04-14 18:56:41 INFO     Batch: [126/200] Epoch: [4] Loss: [1.1483836648032422]
2019-04-14 18:56:41 INFO     Batch: [127/200] Epoch: [4] Loss: [1.1478099855594337]
2019-04-14 18:56:41 INFO     Batch: [128/200] Epoch: [4] Loss: [1.1474941308184188]
2019-04-14 18:56:41 INFO     Batch: [129/200] Epoch: [4] Loss: [1.1464167847083164]
2019-04-14 18:56:42 INFO     Batch: [130/200] Epoch: [4] Loss: [1.1457968390624942]
2019-04-14 18:56:42 INFO     Batch: [131/200] Epoch: [4] Loss: [1.145243054538062]
2019-04-14 18:56:42 INFO     Batch: [132/200] Epoch: [4] Loss: [1.1454782221550333]
2019-04-14 18:56:43 INFO     Batch: [133/200] Epoch: [4] Loss: [1.1448793566938658]
2019-04-14 18:56:43 INFO     Batch: [134/200] Epoch: [4] Loss: [1.1453395865581655]
2019-04-14 18:56:43 INFO     Batch: [135/200] Epoch: [4] Loss: [1.1451772096402504]
2019-04-14 18:56:43 INFO     Batch: [136/200] Epoch: [4] Loss: [1.1459156418368763]
2019-04-14 18:56:44 INFO     Batch: [137/200] Epoch: [4] Loss: [1.146567839211312]
2019-04-14 18:56:44 INFO     Batch: [138/200] Epoch: [4] Loss: [1.1461330244867065]
2019-04-14 18:56:44 INFO     Batch: [139/200] Epoch: [4] Loss: [1.1459985711744853]
2019-04-14 18:56:44 INFO     Batch: [140/200] Epoch: [4] Loss: [1.1464747397612172]
2019-04-14 18:56:45 INFO     Batch: [141/200] Epoch: [4] Loss: [1.1458438605489865]
2019-04-14 18:56:45 INFO     Batch: [142/200] Epoch: [4] Loss: [1.1451599768825345]
2019-04-14 18:56:45 INFO     Batch: [143/200] Epoch: [4] Loss: [1.145334407273266]
2019-04-14 18:56:46 INFO     Batch: [144/200] Epoch: [4] Loss: [1.1447206394425753]
2019-04-14 18:56:46 INFO     Batch: [145/200] Epoch: [4] Loss: [1.1449329228433844]
2019-04-14 18:56:46 INFO     Batch: [146/200] Epoch: [4] Loss: [1.1438821655552402]
2019-04-14 18:56:46 INFO     Batch: [147/200] Epoch: [4] Loss: [1.1437186514203612]
2019-04-14 18:56:47 INFO     Batch: [148/200] Epoch: [4] Loss: [1.1442422918825341]
2019-04-14 18:56:47 INFO     Batch: [149/200] Epoch: [4] Loss: [1.1439401868979135]
2019-04-14 18:56:47 INFO     Batch: [150/200] Epoch: [4] Loss: [1.1440172902006187]
2019-04-14 18:56:47 INFO     Batch: [151/200] Epoch: [4] Loss: [1.1439651482199367]
2019-04-14 18:56:48 INFO     Batch: [152/200] Epoch: [4] Loss: [1.1434626980544695]
2019-04-14 18:56:48 INFO     Batch: [153/200] Epoch: [4] Loss: [1.143246117737386]
2019-04-14 18:56:48 INFO     Batch: [154/200] Epoch: [4] Loss: [1.1437657683126388]
2019-04-14 18:56:48 INFO     Batch: [155/200] Epoch: [4] Loss: [1.1436217683248031]
2019-04-14 18:56:49 INFO     Batch: [156/200] Epoch: [4] Loss: [1.1427609256118725]
2019-04-14 18:56:49 INFO     Batch: [157/200] Epoch: [4] Loss: [1.1420237554025046]
2019-04-14 18:56:49 INFO     Batch: [158/200] Epoch: [4] Loss: [1.1416344938788023]
2019-04-14 18:56:50 INFO     Batch: [159/200] Epoch: [4] Loss: [1.1417407263070345]
2019-04-14 18:56:50 INFO     Batch: [160/200] Epoch: [4] Loss: [1.1411939292961026]
2019-04-14 18:56:50 INFO     Batch: [161/200] Epoch: [4] Loss: [1.141094426681966]
2019-04-14 18:56:50 INFO     Batch: [162/200] Epoch: [4] Loss: [1.1415584961329501]
2019-04-14 18:56:51 INFO     Batch: [163/200] Epoch: [4] Loss: [1.1412884458536054]
2019-04-14 18:56:51 INFO     Batch: [164/200] Epoch: [4] Loss: [1.1419283957192392]
2019-04-14 18:56:51 INFO     Batch: [165/200] Epoch: [4] Loss: [1.1418068154030536]
2019-04-14 18:56:51 INFO     Batch: [166/200] Epoch: [4] Loss: [1.1418856871342231]
2019-04-14 18:56:52 INFO     Batch: [167/200] Epoch: [4] Loss: [1.1420474375287692]
2019-04-14 18:56:52 INFO     Batch: [168/200] Epoch: [4] Loss: [1.1412001202797748]
2019-04-14 18:56:52 INFO     Batch: [169/200] Epoch: [4] Loss: [1.1410448863225824]
2019-04-14 18:56:53 INFO     Batch: [170/200] Epoch: [4] Loss: [1.1404377239489416]
2019-04-14 18:56:53 INFO     Batch: [171/200] Epoch: [4] Loss: [1.1402524200289748]
2019-04-14 18:56:53 INFO     Batch: [172/200] Epoch: [4] Loss: [1.1400026575678346]
2019-04-14 18:56:53 INFO     Batch: [173/200] Epoch: [4] Loss: [1.1396916066778118]
2019-04-14 18:56:54 INFO     Batch: [174/200] Epoch: [4] Loss: [1.1394286894798278]
2019-04-14 18:56:54 INFO     Batch: [175/200] Epoch: [4] Loss: [1.139104245399887]
2019-04-14 18:56:54 INFO     Batch: [176/200] Epoch: [4] Loss: [1.1386673211377893]
2019-04-14 18:56:54 INFO     Batch: [177/200] Epoch: [4] Loss: [1.1375351685486483]
2019-04-14 18:56:55 INFO     Batch: [178/200] Epoch: [4] Loss: [1.1374490191150644]
2019-04-14 18:56:55 INFO     Batch: [179/200] Epoch: [4] Loss: [1.137396706806289]
2019-04-14 18:56:55 INFO     Batch: [180/200] Epoch: [4] Loss: [1.1366217212123766]
2019-04-14 18:56:56 INFO     Batch: [181/200] Epoch: [4] Loss: [1.136475872534972]
2019-04-14 18:56:56 INFO     Batch: [182/200] Epoch: [4] Loss: [1.1357316954539773]
2019-04-14 18:56:56 INFO     Batch: [183/200] Epoch: [4] Loss: [1.1355292346814405]
2019-04-14 18:56:56 INFO     Batch: [184/200] Epoch: [4] Loss: [1.135674384155789]
2019-04-14 18:56:57 INFO     Batch: [185/200] Epoch: [4] Loss: [1.13535961829206]
2019-04-14 18:56:57 INFO     Batch: [186/200] Epoch: [4] Loss: [1.1345064789853632]
2019-04-14 18:56:57 INFO     Batch: [187/200] Epoch: [4] Loss: [1.1339584776061646]
2019-04-14 18:56:57 INFO     Batch: [188/200] Epoch: [4] Loss: [1.133135735988617]
2019-04-14 18:56:58 INFO     Batch: [189/200] Epoch: [4] Loss: [1.132940960871546]
2019-04-14 18:56:58 INFO     Batch: [190/200] Epoch: [4] Loss: [1.1331045175098]
2019-04-14 18:56:58 INFO     Batch: [191/200] Epoch: [4] Loss: [1.13283254361401]
2019-04-14 18:56:59 INFO     Batch: [192/200] Epoch: [4] Loss: [1.1325855634990751]
2019-04-14 18:56:59 INFO     Batch: [193/200] Epoch: [4] Loss: [1.1328377069271718]
2019-04-14 18:56:59 INFO     Batch: [194/200] Epoch: [4] Loss: [1.132504011117495]
2019-04-14 18:56:59 INFO     Batch: [195/200] Epoch: [4] Loss: [1.132163295028161]
2019-04-14 18:57:00 INFO     Batch: [196/200] Epoch: [4] Loss: [1.1317319994045394]
2019-04-14 18:57:00 INFO     Batch: [197/200] Epoch: [4] Loss: [1.131497062516935]
2019-04-14 18:57:00 INFO     Batch: [198/200] Epoch: [4] Loss: [1.1307853819736884]
2019-04-14 18:57:00 INFO     Batch: [199/200] Epoch: [4] Loss: [1.1303833496570588]
2019-04-14 18:57:02 INFO     **************** Epoch: [4/500] Accuracy: [0.23636363636363636] ****************

2019-04-14 18:57:03 INFO     Batch: [0/200] Epoch: [5] Loss: [1.0809977054595947]
2019-04-14 18:57:03 INFO     Batch: [1/200] Epoch: [5] Loss: [1.0626338720321655]
2019-04-14 18:57:03 INFO     Batch: [2/200] Epoch: [5] Loss: [1.0385692715644836]
2019-04-14 18:57:03 INFO     Batch: [3/200] Epoch: [5] Loss: [1.0341892391443253]
2019-04-14 18:57:04 INFO     Batch: [4/200] Epoch: [5] Loss: [1.0582671523094178]
2019-04-14 18:57:04 INFO     Batch: [5/200] Epoch: [5] Loss: [1.071375181277593]
2019-04-14 18:57:04 INFO     Batch: [6/200] Epoch: [5] Loss: [1.0728516834122794]
2019-04-14 18:57:04 INFO     Batch: [7/200] Epoch: [5] Loss: [1.0720392689108849]
2019-04-14 18:57:05 INFO     Batch: [8/200] Epoch: [5] Loss: [1.0700449744860332]
2019-04-14 18:57:05 INFO     Batch: [9/200] Epoch: [5] Loss: [1.0642134487628936]
2019-04-14 18:57:05 INFO     Batch: [10/200] Epoch: [5] Loss: [1.0635794021866538]
2019-04-14 18:57:06 INFO     Batch: [11/200] Epoch: [5] Loss: [1.0654105097055435]
2019-04-14 18:57:06 INFO     Batch: [12/200] Epoch: [5] Loss: [1.071107410467588]
2019-04-14 18:57:06 INFO     Batch: [13/200] Epoch: [5] Loss: [1.0556147226265498]
2019-04-14 18:57:06 INFO     Batch: [14/200] Epoch: [5] Loss: [1.0605990767478943]
2019-04-14 18:57:07 INFO     Batch: [15/200] Epoch: [5] Loss: [1.0573329292237759]
2019-04-14 18:57:07 INFO     Batch: [16/200] Epoch: [5] Loss: [1.0551810089279623]
2019-04-14 18:57:07 INFO     Batch: [17/200] Epoch: [5] Loss: [1.050031605694029]
2019-04-14 18:57:07 INFO     Batch: [18/200] Epoch: [5] Loss: [1.0497559403118335]
2019-04-14 18:57:08 INFO     Batch: [19/200] Epoch: [5] Loss: [1.0510588139295578]
2019-04-14 18:57:08 INFO     Batch: [20/200] Epoch: [5] Loss: [1.0515016913414001]
2019-04-14 18:57:08 INFO     Batch: [21/200] Epoch: [5] Loss: [1.0561745356429706]
2019-04-14 18:57:09 INFO     Batch: [22/200] Epoch: [5] Loss: [1.056087745272595]
2019-04-14 18:57:09 INFO     Batch: [23/200] Epoch: [5] Loss: [1.0552543178200722]
2019-04-14 18:57:09 INFO     Batch: [24/200] Epoch: [5] Loss: [1.0566373515129088]
2019-04-14 18:57:09 INFO     Batch: [25/200] Epoch: [5] Loss: [1.0554758058144496]
2019-04-14 18:57:10 INFO     Batch: [26/200] Epoch: [5] Loss: [1.0579193455201608]
2019-04-14 18:57:10 INFO     Batch: [27/200] Epoch: [5] Loss: [1.0568487708057677]
2019-04-14 18:57:10 INFO     Batch: [28/200] Epoch: [5] Loss: [1.0547796056188385]
2019-04-14 18:57:10 INFO     Batch: [29/200] Epoch: [5] Loss: [1.0517870306968689]
2019-04-14 18:57:11 INFO     Batch: [30/200] Epoch: [5] Loss: [1.0532981311121294]
2019-04-14 18:57:11 INFO     Batch: [31/200] Epoch: [5] Loss: [1.0496821738779545]
2019-04-14 18:57:11 INFO     Batch: [32/200] Epoch: [5] Loss: [1.0510755813483037]
2019-04-14 18:57:12 INFO     Batch: [33/200] Epoch: [5] Loss: [1.0499498984392952]
2019-04-14 18:57:12 INFO     Batch: [34/200] Epoch: [5] Loss: [1.0490436281476703]
2019-04-14 18:57:12 INFO     Batch: [35/200] Epoch: [5] Loss: [1.0479956434832678]
2019-04-14 18:57:12 INFO     Batch: [36/200] Epoch: [5] Loss: [1.0497496643581905]
2019-04-14 18:57:13 INFO     Batch: [37/200] Epoch: [5] Loss: [1.049263402035362]
2019-04-14 18:57:13 INFO     Batch: [38/200] Epoch: [5] Loss: [1.0502105370545998]
2019-04-14 18:57:13 INFO     Batch: [39/200] Epoch: [5] Loss: [1.0471090078353882]
2019-04-14 18:57:13 INFO     Batch: [40/200] Epoch: [5] Loss: [1.045730760911616]
2019-04-14 18:57:14 INFO     Batch: [41/200] Epoch: [5] Loss: [1.0450959077903204]
2019-04-14 18:57:14 INFO     Batch: [42/200] Epoch: [5] Loss: [1.0475053412969721]
2019-04-14 18:57:14 INFO     Batch: [43/200] Epoch: [5] Loss: [1.0479393614964052]
2019-04-14 18:57:15 INFO     Batch: [44/200] Epoch: [5] Loss: [1.050843526257409]
2019-04-14 18:57:15 INFO     Batch: [45/200] Epoch: [5] Loss: [1.0489802658557892]
2019-04-14 18:57:15 INFO     Batch: [46/200] Epoch: [5] Loss: [1.050893264882108]
2019-04-14 18:57:15 INFO     Batch: [47/200] Epoch: [5] Loss: [1.05175257101655]
2019-04-14 18:57:16 INFO     Batch: [48/200] Epoch: [5] Loss: [1.0498953571124954]
2019-04-14 18:57:16 INFO     Batch: [49/200] Epoch: [5] Loss: [1.0518961787223815]
2019-04-14 18:57:16 INFO     Batch: [50/200] Epoch: [5] Loss: [1.049568095627953]
2019-04-14 18:57:16 INFO     Batch: [51/200] Epoch: [5] Loss: [1.0502076871120012]
2019-04-14 18:57:17 INFO     Batch: [52/200] Epoch: [5] Loss: [1.0502499623118706]
2019-04-14 18:57:17 INFO     Batch: [53/200] Epoch: [5] Loss: [1.0503585261327248]
2019-04-14 18:57:17 INFO     Batch: [54/200] Epoch: [5] Loss: [1.0496596498922868]
2019-04-14 18:57:18 INFO     Batch: [55/200] Epoch: [5] Loss: [1.0492745350514139]
2019-04-14 18:57:18 INFO     Batch: [56/200] Epoch: [5] Loss: [1.0477232901673568]
2019-04-14 18:57:18 INFO     Batch: [57/200] Epoch: [5] Loss: [1.0460467996268437]
2019-04-14 18:57:18 INFO     Batch: [58/200] Epoch: [5] Loss: [1.0440152156150948]
2019-04-14 18:57:19 INFO     Batch: [59/200] Epoch: [5] Loss: [1.0432478070259095]
2019-04-14 18:57:19 INFO     Batch: [60/200] Epoch: [5] Loss: [1.0445905806588345]
2019-04-14 18:57:19 INFO     Batch: [61/200] Epoch: [5] Loss: [1.0431439030554988]
2019-04-14 18:57:19 INFO     Batch: [62/200] Epoch: [5] Loss: [1.0419020993368966]
2019-04-14 18:57:20 INFO     Batch: [63/200] Epoch: [5] Loss: [1.0415946375578642]
2019-04-14 18:57:20 INFO     Batch: [64/200] Epoch: [5] Loss: [1.0405704975128174]
2019-04-14 18:57:20 INFO     Batch: [65/200] Epoch: [5] Loss: [1.039566032814257]
2019-04-14 18:57:21 INFO     Batch: [66/200] Epoch: [5] Loss: [1.0389990059297476]
2019-04-14 18:57:21 INFO     Batch: [67/200] Epoch: [5] Loss: [1.040023221689112]
2019-04-14 18:57:21 INFO     Batch: [68/200] Epoch: [5] Loss: [1.0413157352502795]
2019-04-14 18:57:21 INFO     Batch: [69/200] Epoch: [5] Loss: [1.0395740066255843]
2019-04-14 18:57:22 INFO     Batch: [70/200] Epoch: [5] Loss: [1.0403248575371755]
2019-04-14 18:57:22 INFO     Batch: [71/200] Epoch: [5] Loss: [1.0411298192209668]
2019-04-14 18:57:22 INFO     Batch: [72/200] Epoch: [5] Loss: [1.0415059083128628]
2019-04-14 18:57:22 INFO     Batch: [73/200] Epoch: [5] Loss: [1.0407705846670512]
2019-04-14 18:57:23 INFO     Batch: [74/200] Epoch: [5] Loss: [1.0408367133140564]
2019-04-14 18:57:23 INFO     Batch: [75/200] Epoch: [5] Loss: [1.0402790472695702]
2019-04-14 18:57:23 INFO     Batch: [76/200] Epoch: [5] Loss: [1.0408663122684925]
2019-04-14 18:57:24 INFO     Batch: [77/200] Epoch: [5] Loss: [1.040054248693662]
2019-04-14 18:57:24 INFO     Batch: [78/200] Epoch: [5] Loss: [1.0408279495903208]
2019-04-14 18:57:24 INFO     Batch: [79/200] Epoch: [5] Loss: [1.0406347803771496]
2019-04-14 18:57:24 INFO     Batch: [80/200] Epoch: [5] Loss: [1.0400612987118003]
2019-04-14 18:57:25 INFO     Batch: [81/200] Epoch: [5] Loss: [1.0402040685095437]
2019-04-14 18:57:25 INFO     Batch: [82/200] Epoch: [5] Loss: [1.0397857901561691]
2019-04-14 18:57:25 INFO     Batch: [83/200] Epoch: [5] Loss: [1.0385585774978001]
2019-04-14 18:57:25 INFO     Batch: [84/200] Epoch: [5] Loss: [1.0383674768840565]
2019-04-14 18:57:26 INFO     Batch: [85/200] Epoch: [5] Loss: [1.0377914399601693]
2019-04-14 18:57:26 INFO     Batch: [86/200] Epoch: [5] Loss: [1.0374855700580554]
2019-04-14 18:57:26 INFO     Batch: [87/200] Epoch: [5] Loss: [1.0382402180270716]
2019-04-14 18:57:26 INFO     Batch: [88/200] Epoch: [5] Loss: [1.0396460328209267]
2019-04-14 18:57:27 INFO     Batch: [89/200] Epoch: [5] Loss: [1.0394558582040998]
2019-04-14 18:57:27 INFO     Batch: [90/200] Epoch: [5] Loss: [1.039190446282481]
2019-04-14 18:57:27 INFO     Batch: [91/200] Epoch: [5] Loss: [1.0379692659429882]
2019-04-14 18:57:28 INFO     Batch: [92/200] Epoch: [5] Loss: [1.0379732968986675]
2019-04-14 18:57:28 INFO     Batch: [93/200] Epoch: [5] Loss: [1.0381198290814744]
2019-04-14 18:57:28 INFO     Batch: [94/200] Epoch: [5] Loss: [1.038544247652355]
2019-04-14 18:57:28 INFO     Batch: [95/200] Epoch: [5] Loss: [1.038867670421799]
2019-04-14 18:57:29 INFO     Batch: [96/200] Epoch: [5] Loss: [1.0400747447898708]
2019-04-14 18:57:29 INFO     Batch: [97/200] Epoch: [5] Loss: [1.0390433285917555]
2019-04-14 18:57:29 INFO     Batch: [98/200] Epoch: [5] Loss: [1.0379299750231734]
2019-04-14 18:57:29 INFO     Batch: [99/200] Epoch: [5] Loss: [1.0371012377738953]
2019-04-14 18:57:30 INFO     Batch: [100/200] Epoch: [5] Loss: [1.0371811720404294]
2019-04-14 18:57:30 INFO     Batch: [101/200] Epoch: [5] Loss: [1.0364947558618058]
2019-04-14 18:57:30 INFO     Batch: [102/200] Epoch: [5] Loss: [1.035416584570431]
2019-04-14 18:57:31 INFO     Batch: [103/200] Epoch: [5] Loss: [1.036187659089382]
2019-04-14 18:57:31 INFO     Batch: [104/200] Epoch: [5] Loss: [1.0367922499066307]
2019-04-14 18:57:31 INFO     Batch: [105/200] Epoch: [5] Loss: [1.0366528270379551]
2019-04-14 18:57:31 INFO     Batch: [106/200] Epoch: [5] Loss: [1.0352262965986663]
2019-04-14 18:57:32 INFO     Batch: [107/200] Epoch: [5] Loss: [1.035120705211604]
2019-04-14 18:57:32 INFO     Batch: [108/200] Epoch: [5] Loss: [1.0355477546333174]
2019-04-14 18:57:32 INFO     Batch: [109/200] Epoch: [5] Loss: [1.0346972237933765]
2019-04-14 18:57:32 INFO     Batch: [110/200] Epoch: [5] Loss: [1.0348326408111297]
2019-04-14 18:57:33 INFO     Batch: [111/200] Epoch: [5] Loss: [1.0342166163027287]
2019-04-14 18:57:33 INFO     Batch: [112/200] Epoch: [5] Loss: [1.034464913659391]
2019-04-14 18:57:33 INFO     Batch: [113/200] Epoch: [5] Loss: [1.0347106472442025]
2019-04-14 18:57:34 INFO     Batch: [114/200] Epoch: [5] Loss: [1.0345949758654056]
2019-04-14 18:57:34 INFO     Batch: [115/200] Epoch: [5] Loss: [1.0343648385384987]
2019-04-14 18:57:34 INFO     Batch: [116/200] Epoch: [5] Loss: [1.0340121255980597]
2019-04-14 18:57:34 INFO     Batch: [117/200] Epoch: [5] Loss: [1.0346737145367315]
2019-04-14 18:57:35 INFO     Batch: [118/200] Epoch: [5] Loss: [1.035084667826901]
2019-04-14 18:57:35 INFO     Batch: [119/200] Epoch: [5] Loss: [1.0349606836835543]
2019-04-14 18:57:35 INFO     Batch: [120/200] Epoch: [5] Loss: [1.0342955589294434]
2019-04-14 18:57:35 INFO     Batch: [121/200] Epoch: [5] Loss: [1.0341628936470533]
2019-04-14 18:57:36 INFO     Batch: [122/200] Epoch: [5] Loss: [1.0339970249470656]
2019-04-14 18:57:36 INFO     Batch: [123/200] Epoch: [5] Loss: [1.0328554554331688]
2019-04-14 18:57:36 INFO     Batch: [124/200] Epoch: [5] Loss: [1.0339605746269227]
2019-04-14 18:57:37 INFO     Batch: [125/200] Epoch: [5] Loss: [1.0333447290791407]
2019-04-14 18:57:37 INFO     Batch: [126/200] Epoch: [5] Loss: [1.03339090262811]
2019-04-14 18:57:37 INFO     Batch: [127/200] Epoch: [5] Loss: [1.0328439250588417]
2019-04-14 18:57:37 INFO     Batch: [128/200] Epoch: [5] Loss: [1.0326731611591902]
2019-04-14 18:57:38 INFO     Batch: [129/200] Epoch: [5] Loss: [1.0321486422648796]
2019-04-14 18:57:38 INFO     Batch: [130/200] Epoch: [5] Loss: [1.0313037292647909]
2019-04-14 18:57:38 INFO     Batch: [131/200] Epoch: [5] Loss: [1.0313878217429826]
2019-04-14 18:57:38 INFO     Batch: [132/200] Epoch: [5] Loss: [1.0311522246303415]
2019-04-14 18:57:39 INFO     Batch: [133/200] Epoch: [5] Loss: [1.031040027515212]
2019-04-14 18:57:39 INFO     Batch: [134/200] Epoch: [5] Loss: [1.0309562802314758]
2019-04-14 18:57:39 INFO     Batch: [135/200] Epoch: [5] Loss: [1.0306374803185463]
2019-04-14 18:57:40 INFO     Batch: [136/200] Epoch: [5] Loss: [1.0296557280268983]
2019-04-14 18:57:40 INFO     Batch: [137/200] Epoch: [5] Loss: [1.0300309511198513]
2019-04-14 18:57:40 INFO     Batch: [138/200] Epoch: [5] Loss: [1.0304942808562902]
