2019-04-01 21:21:58 INFO     Loading Data
2019-04-01 21:21:59 INFO     Model Setting Up
2019-04-01 21:22:07 INFO     Start Training
2019-04-01 21:22:15 INFO     Batch: [0/120] Epoch: [0] Loss: [2.3476474285125732]
2019-04-01 21:22:16 INFO     Accuracy: [0.09927272727272728]

2019-04-01 21:22:16 INFO     Batch: [1/120] Epoch: [0] Loss: [2.335048794746399]
2019-04-01 21:22:17 INFO     Batch: [2/120] Epoch: [0] Loss: [2.328962723414103]
2019-04-01 21:22:17 INFO     Batch: [3/120] Epoch: [0] Loss: [2.3207167983055115]
2019-04-01 21:22:17 INFO     Batch: [4/120] Epoch: [0] Loss: [2.314953422546387]
2019-04-01 21:22:17 INFO     Batch: [5/120] Epoch: [0] Loss: [2.309664527575175]
2019-04-01 21:22:17 INFO     Batch: [6/120] Epoch: [0] Loss: [2.3048790182386125]
2019-04-01 21:22:17 INFO     Batch: [7/120] Epoch: [0] Loss: [2.2999624609947205]
2019-04-01 21:22:17 INFO     Batch: [8/120] Epoch: [0] Loss: [2.294459899266561]
2019-04-01 21:22:17 INFO     Batch: [9/120] Epoch: [0] Loss: [2.289898490905762]
2019-04-01 21:22:18 INFO     Batch: [10/120] Epoch: [0] Loss: [2.2853520566766914]
2019-04-01 21:22:18 INFO     Batch: [11/120] Epoch: [0] Loss: [2.2816129326820374]
2019-04-01 21:22:18 INFO     Batch: [12/120] Epoch: [0] Loss: [2.2765527871938853]
2019-04-01 21:22:18 INFO     Batch: [13/120] Epoch: [0] Loss: [2.272297637803214]
2019-04-01 21:22:18 INFO     Batch: [14/120] Epoch: [0] Loss: [2.2683168252309165]
2019-04-01 21:22:18 INFO     Batch: [15/120] Epoch: [0] Loss: [2.2642597407102585]
2019-04-01 21:22:18 INFO     Batch: [16/120] Epoch: [0] Loss: [2.260064728119794]
2019-04-01 21:22:19 INFO     Batch: [17/120] Epoch: [0] Loss: [2.2565038204193115]
2019-04-01 21:22:19 INFO     Batch: [18/120] Epoch: [0] Loss: [2.252422307666979]
2019-04-01 21:22:19 INFO     Batch: [19/120] Epoch: [0] Loss: [2.248303270339966]
2019-04-01 21:22:19 INFO     Batch: [20/120] Epoch: [0] Loss: [2.2445255574725924]
2019-04-01 21:22:19 INFO     Batch: [21/120] Epoch: [0] Loss: [2.24068190834739]
2019-04-01 21:22:19 INFO     Batch: [22/120] Epoch: [0] Loss: [2.2368512568266494]
2019-04-01 21:22:19 INFO     Batch: [23/120] Epoch: [0] Loss: [2.2333500385284424]
2019-04-01 21:22:20 INFO     Batch: [24/120] Epoch: [0] Loss: [2.2295424556732177]
2019-04-01 21:22:20 INFO     Batch: [25/120] Epoch: [0] Loss: [2.22645535835853]
2019-04-01 21:22:20 INFO     Batch: [26/120] Epoch: [0] Loss: [2.2227653662363687]
2019-04-01 21:22:20 INFO     Batch: [27/120] Epoch: [0] Loss: [2.2202437775475636]
2019-04-01 21:22:20 INFO     Batch: [28/120] Epoch: [0] Loss: [2.217116092813426]
2019-04-01 21:22:20 INFO     Batch: [29/120] Epoch: [0] Loss: [2.2138548374176024]
2019-04-01 21:22:20 INFO     Batch: [30/120] Epoch: [0] Loss: [2.2118042207533315]
2019-04-01 21:22:21 INFO     Batch: [31/120] Epoch: [0] Loss: [2.20851581543684]
2019-04-01 21:22:21 INFO     Batch: [32/120] Epoch: [0] Loss: [2.205758087562792]
2019-04-01 21:22:21 INFO     Batch: [33/120] Epoch: [0] Loss: [2.202700327424442]
2019-04-01 21:22:21 INFO     Batch: [34/120] Epoch: [0] Loss: [2.199764210837228]
2019-04-01 21:22:21 INFO     Batch: [35/120] Epoch: [0] Loss: [2.196066247092353]
2019-04-01 21:22:21 INFO     Batch: [36/120] Epoch: [0] Loss: [2.1935184259672424]
2019-04-01 21:22:21 INFO     Batch: [37/120] Epoch: [0] Loss: [2.1910950321900216]
2019-04-01 21:22:21 INFO     Batch: [38/120] Epoch: [0] Loss: [2.187877208758623]
2019-04-01 21:22:22 INFO     Batch: [39/120] Epoch: [0] Loss: [2.183860421180725]
2019-04-01 21:22:22 INFO     Batch: [40/120] Epoch: [0] Loss: [2.1814485875571648]
2019-04-01 21:22:22 INFO     Batch: [41/120] Epoch: [0] Loss: [2.1786281211035594]
2019-04-01 21:22:22 INFO     Batch: [42/120] Epoch: [0] Loss: [2.1759018454440806]
2019-04-01 21:22:22 INFO     Batch: [43/120] Epoch: [0] Loss: [2.173576831817627]
2019-04-01 21:22:22 INFO     Batch: [44/120] Epoch: [0] Loss: [2.170291296641032]
2019-04-01 21:22:22 INFO     Batch: [45/120] Epoch: [0] Loss: [2.1677088219186533]
2019-04-01 21:22:23 INFO     Batch: [46/120] Epoch: [0] Loss: [2.1646771684606025]
2019-04-01 21:22:23 INFO     Batch: [47/120] Epoch: [0] Loss: [2.162152409553528]
2019-04-01 21:22:23 INFO     Batch: [48/120] Epoch: [0] Loss: [2.159512948016731]
2019-04-01 21:22:23 INFO     Batch: [49/120] Epoch: [0] Loss: [2.1568048334121706]
2019-04-01 21:22:23 INFO     Batch: [50/120] Epoch: [0] Loss: [2.154770140554391]
2019-04-01 21:22:23 INFO     Batch: [51/120] Epoch: [0] Loss: [2.152393992130573]
2019-04-01 21:22:23 INFO     Batch: [52/120] Epoch: [0] Loss: [2.1493107125444233]
2019-04-01 21:22:24 INFO     Batch: [53/120] Epoch: [0] Loss: [2.146647459930844]
2019-04-01 21:22:24 INFO     Batch: [54/120] Epoch: [0] Loss: [2.1442560521039096]
2019-04-01 21:22:24 INFO     Batch: [55/120] Epoch: [0] Loss: [2.1419007075684413]
2019-04-01 21:22:24 INFO     Batch: [56/120] Epoch: [0] Loss: [2.139591428271511]
2019-04-01 21:22:24 INFO     Batch: [57/120] Epoch: [0] Loss: [2.137590102080641]
2019-04-01 21:22:24 INFO     Batch: [58/120] Epoch: [0] Loss: [2.1346934427649287]
2019-04-01 21:22:24 INFO     Batch: [59/120] Epoch: [0] Loss: [2.1323675870895387]
2019-04-01 21:22:24 INFO     Batch: [60/120] Epoch: [0] Loss: [2.129920326295446]
2019-04-01 21:22:25 INFO     Batch: [61/120] Epoch: [0] Loss: [2.1277414444954164]
2019-04-01 21:22:25 INFO     Batch: [62/120] Epoch: [0] Loss: [2.1254209601689897]
2019-04-01 21:22:25 INFO     Batch: [63/120] Epoch: [0] Loss: [2.12332571297884]
2019-04-01 21:22:25 INFO     Batch: [64/120] Epoch: [0] Loss: [2.121069262577937]
2019-04-01 21:22:25 INFO     Batch: [65/120] Epoch: [0] Loss: [2.1183530489603677]
2019-04-01 21:22:25 INFO     Batch: [66/120] Epoch: [0] Loss: [2.1159060232674896]
2019-04-01 21:22:25 INFO     Batch: [67/120] Epoch: [0] Loss: [2.1134921733070824]
2019-04-01 21:22:26 INFO     Batch: [68/120] Epoch: [0] Loss: [2.1111102553381436]
2019-04-01 21:22:26 INFO     Batch: [69/120] Epoch: [0] Loss: [2.109237687928336]
2019-04-01 21:22:26 INFO     Batch: [70/120] Epoch: [0] Loss: [2.1067884774275227]
2019-04-01 21:22:26 INFO     Batch: [71/120] Epoch: [0] Loss: [2.104282077815798]
2019-04-01 21:22:26 INFO     Batch: [72/120] Epoch: [0] Loss: [2.1018804442392636]
2019-04-01 21:22:26 INFO     Batch: [73/120] Epoch: [0] Loss: [2.0994285957233325]
2019-04-01 21:22:26 INFO     Batch: [74/120] Epoch: [0] Loss: [2.0974522924423216]
2019-04-01 21:22:27 INFO     Batch: [75/120] Epoch: [0] Loss: [2.0947227713308836]
2019-04-01 21:22:27 INFO     Batch: [76/120] Epoch: [0] Loss: [2.0919607568096805]
2019-04-01 21:22:27 INFO     Batch: [77/120] Epoch: [0] Loss: [2.090288642125252]
2019-04-01 21:22:27 INFO     Batch: [78/120] Epoch: [0] Loss: [2.0877269159389447]
2019-04-01 21:22:27 INFO     Batch: [79/120] Epoch: [0] Loss: [2.08542437851429]
2019-04-01 21:22:27 INFO     Batch: [80/120] Epoch: [0] Loss: [2.082808506341628]
2019-04-01 21:22:27 INFO     Batch: [81/120] Epoch: [0] Loss: [2.0800868578073457]
2019-04-01 21:22:28 INFO     Batch: [82/120] Epoch: [0] Loss: [2.0784460162541953]
2019-04-01 21:22:28 INFO     Batch: [83/120] Epoch: [0] Loss: [2.075913314308439]
2019-04-01 21:22:28 INFO     Batch: [84/120] Epoch: [0] Loss: [2.0732971289578606]
2019-04-01 21:22:28 INFO     Batch: [85/120] Epoch: [0] Loss: [2.071110557678134]
2019-04-01 21:22:28 INFO     Batch: [86/120] Epoch: [0] Loss: [2.0694459388995994]
2019-04-01 21:22:28 INFO     Batch: [87/120] Epoch: [0] Loss: [2.067095463926142]
2019-04-01 21:22:28 INFO     Batch: [88/120] Epoch: [0] Loss: [2.064778989620423]
2019-04-01 21:22:28 INFO     Batch: [89/120] Epoch: [0] Loss: [2.062208192878299]
2019-04-01 21:22:29 INFO     Batch: [90/120] Epoch: [0] Loss: [2.0603648712346843]
2019-04-01 21:22:29 INFO     Batch: [91/120] Epoch: [0] Loss: [2.057907416768696]
2019-04-01 21:22:29 INFO     Batch: [92/120] Epoch: [0] Loss: [2.055969621545525]
2019-04-01 21:22:29 INFO     Batch: [93/120] Epoch: [0] Loss: [2.0538014680781265]
2019-04-01 21:22:29 INFO     Batch: [94/120] Epoch: [0] Loss: [2.0509991332104334]
2019-04-01 21:22:29 INFO     Batch: [95/120] Epoch: [0] Loss: [2.048973354200522]
2019-04-01 21:22:29 INFO     Batch: [96/120] Epoch: [0] Loss: [2.0470153191654954]
2019-04-01 21:22:30 INFO     Batch: [97/120] Epoch: [0] Loss: [2.044884608716381]
2019-04-01 21:22:30 INFO     Batch: [98/120] Epoch: [0] Loss: [2.042661686136265]
2019-04-01 21:22:30 INFO     Batch: [99/120] Epoch: [0] Loss: [2.040235502719879]
2019-04-01 21:22:30 INFO     Batch: [100/120] Epoch: [0] Loss: [2.0386438889078575]
2019-04-01 21:22:30 INFO     Batch: [101/120] Epoch: [0] Loss: [2.0367194355702867]
2019-04-01 21:22:30 INFO     Batch: [102/120] Epoch: [0] Loss: [2.0351083996226484]
2019-04-01 21:22:30 INFO     Batch: [103/120] Epoch: [0] Loss: [2.032725780056073]
2019-04-01 21:22:31 INFO     Batch: [104/120] Epoch: [0] Loss: [2.0311081273215157]
2019-04-01 21:22:31 INFO     Batch: [105/120] Epoch: [0] Loss: [2.0291413766033246]
2019-04-01 21:22:31 INFO     Batch: [106/120] Epoch: [0] Loss: [2.026921951882193]
2019-04-01 21:22:31 INFO     Batch: [107/120] Epoch: [0] Loss: [2.025324633827916]
2019-04-01 21:22:31 INFO     Batch: [108/120] Epoch: [0] Loss: [2.023488312686255]
2019-04-01 21:22:31 INFO     Batch: [109/120] Epoch: [0] Loss: [2.0215281226418234]
2019-04-01 21:22:31 INFO     Batch: [110/120] Epoch: [0] Loss: [2.0193080601391493]
2019-04-01 21:22:31 INFO     Batch: [111/120] Epoch: [0] Loss: [2.017534988267081]
2019-04-01 21:22:32 INFO     Batch: [112/120] Epoch: [0] Loss: [2.0152538761628414]
2019-04-01 21:22:32 INFO     Batch: [113/120] Epoch: [0] Loss: [2.012858021677586]
2019-04-01 21:22:32 INFO     Batch: [114/120] Epoch: [0] Loss: [2.010708084313766]
2019-04-01 21:22:32 INFO     Batch: [115/120] Epoch: [0] Loss: [2.0085733625395545]
2019-04-01 21:22:32 INFO     Batch: [116/120] Epoch: [0] Loss: [2.005931379448654]
2019-04-01 21:22:32 INFO     Batch: [117/120] Epoch: [0] Loss: [2.0042544350785723]
2019-04-01 21:22:32 INFO     Batch: [118/120] Epoch: [0] Loss: [2.0025381981825627]
2019-04-01 21:22:33 INFO     Batch: [119/120] Epoch: [0] Loss: [2.000415090719859]
2019-04-01 21:22:34 INFO     Epoch: [0/200] Loss: [2.000415090719859] Accuracy: [0.4247272727272727]
2019-04-01 21:22:34 INFO     Batch: [0/120] Epoch: [1] Loss: [1.6811846494674683]
2019-04-01 21:22:35 INFO     Accuracy: [0.43200000000000005]

2019-04-01 21:22:36 INFO     Batch: [1/120] Epoch: [1] Loss: [1.702605128288269]
2019-04-01 21:22:36 INFO     Batch: [2/120] Epoch: [1] Loss: [1.7190748453140259]
2019-04-01 21:22:36 INFO     Batch: [3/120] Epoch: [1] Loss: [1.7245495915412903]
2019-04-01 21:22:36 INFO     Batch: [4/120] Epoch: [1] Loss: [1.7216764688491821]
2019-04-01 21:22:36 INFO     Batch: [5/120] Epoch: [1] Loss: [1.7211369276046753]
2019-04-01 21:22:36 INFO     Batch: [6/120] Epoch: [1] Loss: [1.7257766212735857]
2019-04-01 21:22:36 INFO     Batch: [7/120] Epoch: [1] Loss: [1.7238572090864182]
2019-04-01 21:22:37 INFO     Batch: [8/120] Epoch: [1] Loss: [1.7197560999128554]
2019-04-01 21:22:37 INFO     Batch: [9/120] Epoch: [1] Loss: [1.7216578364372253]
2019-04-01 21:22:37 INFO     Batch: [10/120] Epoch: [1] Loss: [1.7183765281330456]
2019-04-01 21:22:37 INFO     Batch: [11/120] Epoch: [1] Loss: [1.718430628379186]
2019-04-01 21:22:37 INFO     Batch: [12/120] Epoch: [1] Loss: [1.718571662902832]
2019-04-01 21:22:37 INFO     Batch: [13/120] Epoch: [1] Loss: [1.717501699924469]
2019-04-01 21:22:37 INFO     Batch: [14/120] Epoch: [1] Loss: [1.716093691190084]
2019-04-01 21:22:38 INFO     Batch: [15/120] Epoch: [1] Loss: [1.714173562824726]
2019-04-01 21:22:38 INFO     Batch: [16/120] Epoch: [1] Loss: [1.711889056598439]
2019-04-01 21:22:38 INFO     Batch: [17/120] Epoch: [1] Loss: [1.712417569425371]
2019-04-01 21:22:38 INFO     Batch: [18/120] Epoch: [1] Loss: [1.7098923168684308]
2019-04-01 21:22:38 INFO     Batch: [19/120] Epoch: [1] Loss: [1.7089331686496734]
2019-04-01 21:22:38 INFO     Batch: [20/120] Epoch: [1] Loss: [1.706258665947687]
2019-04-01 21:22:38 INFO     Batch: [21/120] Epoch: [1] Loss: [1.704935762015256]
2019-04-01 21:22:38 INFO     Batch: [22/120] Epoch: [1] Loss: [1.7023870944976807]
2019-04-01 21:22:39 INFO     Batch: [23/120] Epoch: [1] Loss: [1.6984377652406693]
2019-04-01 21:22:39 INFO     Batch: [24/120] Epoch: [1] Loss: [1.6948564910888673]
2019-04-01 21:22:39 INFO     Batch: [25/120] Epoch: [1] Loss: [1.6911063561072717]
2019-04-01 21:22:39 INFO     Batch: [26/120] Epoch: [1] Loss: [1.6881252350630584]
2019-04-01 21:22:39 INFO     Batch: [27/120] Epoch: [1] Loss: [1.6852754695074899]
2019-04-01 21:22:39 INFO     Batch: [28/120] Epoch: [1] Loss: [1.6823841415602585]
2019-04-01 21:22:39 INFO     Batch: [29/120] Epoch: [1] Loss: [1.6819550752639771]
2019-04-01 21:22:40 INFO     Batch: [30/120] Epoch: [1] Loss: [1.6785816454118299]
2019-04-01 21:22:40 INFO     Batch: [31/120] Epoch: [1] Loss: [1.6764968298375607]
2019-04-01 21:22:40 INFO     Batch: [32/120] Epoch: [1] Loss: [1.6740207599871086]
2019-04-01 21:22:40 INFO     Batch: [33/120] Epoch: [1] Loss: [1.6721397603259367]
2019-04-01 21:22:40 INFO     Batch: [34/120] Epoch: [1] Loss: [1.6702718496322633]
2019-04-01 21:22:40 INFO     Batch: [35/120] Epoch: [1] Loss: [1.6668205559253693]
2019-04-01 21:22:40 INFO     Batch: [36/120] Epoch: [1] Loss: [1.6631677730663403]
2019-04-01 21:22:41 INFO     Batch: [37/120] Epoch: [1] Loss: [1.6610302642772072]
2019-04-01 21:22:41 INFO     Batch: [38/120] Epoch: [1] Loss: [1.6597269009321163]
2019-04-01 21:22:41 INFO     Batch: [39/120] Epoch: [1] Loss: [1.6596638590097428]
2019-04-01 21:22:41 INFO     Batch: [40/120] Epoch: [1] Loss: [1.656884606291608]
2019-04-01 21:22:41 INFO     Batch: [41/120] Epoch: [1] Loss: [1.6553036400250025]
2019-04-01 21:22:41 INFO     Batch: [42/120] Epoch: [1] Loss: [1.6525100525035414]
2019-04-01 21:22:41 INFO     Batch: [43/120] Epoch: [1] Loss: [1.6515497456897388]
2019-04-01 21:22:42 INFO     Batch: [44/120] Epoch: [1] Loss: [1.6513750553131104]
2019-04-01 21:22:42 INFO     Batch: [45/120] Epoch: [1] Loss: [1.650480392186538]
2019-04-01 21:22:42 INFO     Batch: [46/120] Epoch: [1] Loss: [1.6500135660171509]
2019-04-01 21:22:42 INFO     Batch: [47/120] Epoch: [1] Loss: [1.6497455860177677]
2019-04-01 21:22:42 INFO     Batch: [48/120] Epoch: [1] Loss: [1.6489909084475771]
2019-04-01 21:22:42 INFO     Batch: [49/120] Epoch: [1] Loss: [1.6483889508247376]
2019-04-01 21:22:42 INFO     Batch: [50/120] Epoch: [1] Loss: [1.6462560190873987]
2019-04-01 21:22:43 INFO     Batch: [51/120] Epoch: [1] Loss: [1.6445123576200926]
2019-04-01 21:22:43 INFO     Batch: [52/120] Epoch: [1] Loss: [1.6425822928266705]
2019-04-01 21:22:43 INFO     Batch: [53/120] Epoch: [1] Loss: [1.6417599121729534]
2019-04-01 21:22:43 INFO     Batch: [54/120] Epoch: [1] Loss: [1.639438195662065]
2019-04-01 21:22:43 INFO     Batch: [55/120] Epoch: [1] Loss: [1.6370230402265276]
2019-04-01 21:22:43 INFO     Batch: [56/120] Epoch: [1] Loss: [1.6367740923898262]
2019-04-01 21:22:43 INFO     Batch: [57/120] Epoch: [1] Loss: [1.6351954587574662]
2019-04-01 21:22:44 INFO     Batch: [58/120] Epoch: [1] Loss: [1.6341761087967177]
2019-04-01 21:22:44 INFO     Batch: [59/120] Epoch: [1] Loss: [1.632896880308787]
2019-04-01 21:22:44 INFO     Batch: [60/120] Epoch: [1] Loss: [1.6314799844241532]
2019-04-01 21:22:44 INFO     Batch: [61/120] Epoch: [1] Loss: [1.629701650911762]
2019-04-01 21:22:44 INFO     Batch: [62/120] Epoch: [1] Loss: [1.6277289012121776]
2019-04-01 21:22:44 INFO     Batch: [63/120] Epoch: [1] Loss: [1.6261965297162533]
2019-04-01 21:22:44 INFO     Batch: [64/120] Epoch: [1] Loss: [1.6246473239018366]
2019-04-01 21:22:45 INFO     Batch: [65/120] Epoch: [1] Loss: [1.6228651783683083]
2019-04-01 21:22:45 INFO     Batch: [66/120] Epoch: [1] Loss: [1.6211292387834235]
2019-04-01 21:22:45 INFO     Batch: [67/120] Epoch: [1] Loss: [1.6192821702536415]
2019-04-01 21:22:45 INFO     Batch: [68/120] Epoch: [1] Loss: [1.618176576020061]
2019-04-01 21:22:45 INFO     Batch: [69/120] Epoch: [1] Loss: [1.6167967966624668]
2019-04-01 21:22:45 INFO     Batch: [70/120] Epoch: [1] Loss: [1.6160109227811787]
2019-04-01 21:22:45 INFO     Batch: [71/120] Epoch: [1] Loss: [1.6146335419681337]
2019-04-01 21:22:46 INFO     Batch: [72/120] Epoch: [1] Loss: [1.61334715967309]
2019-04-01 21:22:46 INFO     Batch: [73/120] Epoch: [1] Loss: [1.6118667963388804]
2019-04-01 21:22:46 INFO     Batch: [74/120] Epoch: [1] Loss: [1.6100184313456218]
2019-04-01 21:22:46 INFO     Batch: [75/120] Epoch: [1] Loss: [1.6090098227325238]
2019-04-01 21:22:46 INFO     Batch: [76/120] Epoch: [1] Loss: [1.6074877822553957]
2019-04-01 21:22:46 INFO     Batch: [77/120] Epoch: [1] Loss: [1.6063973536858192]
2019-04-01 21:22:46 INFO     Batch: [78/120] Epoch: [1] Loss: [1.60550140127351]
2019-04-01 21:22:47 INFO     Batch: [79/120] Epoch: [1] Loss: [1.604084013402462]
2019-04-01 21:22:47 INFO     Batch: [80/120] Epoch: [1] Loss: [1.6022845668557248]
2019-04-01 21:22:47 INFO     Batch: [81/120] Epoch: [1] Loss: [1.6013089810929648]
2019-04-01 21:22:47 INFO     Batch: [82/120] Epoch: [1] Loss: [1.5993037439254394]
2019-04-01 21:22:47 INFO     Batch: [83/120] Epoch: [1] Loss: [1.598460623196193]
2019-04-01 21:22:47 INFO     Batch: [84/120] Epoch: [1] Loss: [1.5975434808170095]
2019-04-01 21:22:47 INFO     Batch: [85/120] Epoch: [1] Loss: [1.5951264403587164]
2019-04-01 21:22:48 INFO     Batch: [86/120] Epoch: [1] Loss: [1.5927113993414517]
2019-04-01 21:22:48 INFO     Batch: [87/120] Epoch: [1] Loss: [1.590334647081115]
2019-04-01 21:22:48 INFO     Batch: [88/120] Epoch: [1] Loss: [1.5887541971849592]
2019-04-01 21:22:48 INFO     Batch: [89/120] Epoch: [1] Loss: [1.5884220202763875]
2019-04-01 21:22:48 INFO     Batch: [90/120] Epoch: [1] Loss: [1.5873329285736923]
2019-04-01 21:22:48 INFO     Batch: [91/120] Epoch: [1] Loss: [1.5868313662383868]
2019-04-01 21:22:48 INFO     Batch: [92/120] Epoch: [1] Loss: [1.5854658196049352]
2019-04-01 21:22:49 INFO     Batch: [93/120] Epoch: [1] Loss: [1.5835196845074917]
2019-04-01 21:22:49 INFO     Batch: [94/120] Epoch: [1] Loss: [1.5820861565439324]
2019-04-01 21:22:49 INFO     Batch: [95/120] Epoch: [1] Loss: [1.5810653579731782]
2019-04-01 21:22:49 INFO     Batch: [96/120] Epoch: [1] Loss: [1.5799881981820176]
2019-04-01 21:22:49 INFO     Batch: [97/120] Epoch: [1] Loss: [1.578580682374993]
2019-04-01 21:22:49 INFO     Batch: [98/120] Epoch: [1] Loss: [1.5775948546149514]
2019-04-01 21:22:49 INFO     Batch: [99/120] Epoch: [1] Loss: [1.5769705545902253]
2019-04-01 21:22:50 INFO     Batch: [100/120] Epoch: [1] Loss: [1.5750083451223846]
2019-04-01 21:22:50 INFO     Batch: [101/120] Epoch: [1] Loss: [1.5739938254449881]
2019-04-01 21:22:50 INFO     Batch: [102/120] Epoch: [1] Loss: [1.573130975649195]
2019-04-01 21:22:50 INFO     Batch: [103/120] Epoch: [1] Loss: [1.5722449318720744]
2019-04-01 21:22:50 INFO     Batch: [104/120] Epoch: [1] Loss: [1.5719948416664487]
2019-04-01 21:22:50 INFO     Batch: [105/120] Epoch: [1] Loss: [1.570697863146944]
2019-04-01 21:22:50 INFO     Batch: [106/120] Epoch: [1] Loss: [1.570143731955056]
2019-04-01 21:22:50 INFO     Batch: [107/120] Epoch: [1] Loss: [1.5681690948980826]
2019-04-01 21:22:51 INFO     Batch: [108/120] Epoch: [1] Loss: [1.5666679209525431]
2019-04-01 21:22:51 INFO     Batch: [109/120] Epoch: [1] Loss: [1.5655628876252607]
2019-04-01 21:22:51 INFO     Batch: [110/120] Epoch: [1] Loss: [1.5647261615272041]
2019-04-01 21:22:51 INFO     Batch: [111/120] Epoch: [1] Loss: [1.5637293053524834]
2019-04-01 21:22:51 INFO     Batch: [112/120] Epoch: [1] Loss: [1.5623199201263158]
2019-04-01 21:22:51 INFO     Batch: [113/120] Epoch: [1] Loss: [1.5614144707980908]
2019-04-01 21:22:51 INFO     Batch: [114/120] Epoch: [1] Loss: [1.56096685865651]
2019-04-01 21:22:52 INFO     Batch: [115/120] Epoch: [1] Loss: [1.5606003609196892]
2019-04-01 21:22:52 INFO     Batch: [116/120] Epoch: [1] Loss: [1.5593877297181349]
2019-04-01 21:22:52 INFO     Batch: [117/120] Epoch: [1] Loss: [1.558620176072848]
2019-04-01 21:22:52 INFO     Batch: [118/120] Epoch: [1] Loss: [1.5577704896446036]
2019-04-01 21:22:52 INFO     Batch: [119/120] Epoch: [1] Loss: [1.5565609097480775]
2019-04-01 21:22:53 INFO     Epoch: [1/200] Loss: [1.5565609097480775] Accuracy: [0.5300000000000001]
2019-04-01 21:22:54 INFO     Batch: [0/120] Epoch: [2] Loss: [1.4159657955169678]
2019-04-01 21:22:55 INFO     Accuracy: [0.5394545454545454]

2019-04-01 21:22:55 INFO     Batch: [1/120] Epoch: [2] Loss: [1.3938685059547424]
2019-04-01 21:22:55 INFO     Batch: [2/120] Epoch: [2] Loss: [1.414241870244344]
2019-04-01 21:22:55 INFO     Batch: [3/120] Epoch: [2] Loss: [1.417376309633255]
2019-04-01 21:22:55 INFO     Batch: [4/120] Epoch: [2] Loss: [1.4160731315612793]
2019-04-01 21:22:56 INFO     Batch: [5/120] Epoch: [2] Loss: [1.4088305433591206]
2019-04-01 21:22:56 INFO     Batch: [6/120] Epoch: [2] Loss: [1.3915894031524658]
2019-04-01 21:22:56 INFO     Batch: [7/120] Epoch: [2] Loss: [1.396854117512703]
2019-04-01 21:22:56 INFO     Batch: [8/120] Epoch: [2] Loss: [1.3971589803695679]
2019-04-01 21:22:56 INFO     Batch: [9/120] Epoch: [2] Loss: [1.390218448638916]
2019-04-01 21:22:56 INFO     Batch: [10/120] Epoch: [2] Loss: [1.3901717987927524]
2019-04-01 21:22:56 INFO     Batch: [11/120] Epoch: [2] Loss: [1.3971464335918427]
2019-04-01 21:22:57 INFO     Batch: [12/120] Epoch: [2] Loss: [1.4035043441332304]
2019-04-01 21:22:57 INFO     Batch: [13/120] Epoch: [2] Loss: [1.4048057368823461]
2019-04-01 21:22:57 INFO     Batch: [14/120] Epoch: [2] Loss: [1.408775520324707]
2019-04-01 21:22:57 INFO     Batch: [15/120] Epoch: [2] Loss: [1.412589155137539]
2019-04-01 21:22:57 INFO     Batch: [16/120] Epoch: [2] Loss: [1.411832620115841]
2019-04-01 21:22:57 INFO     Batch: [17/120] Epoch: [2] Loss: [1.4094421399964228]
2019-04-01 21:22:57 INFO     Batch: [18/120] Epoch: [2] Loss: [1.4105251902028133]
2019-04-01 21:22:57 INFO     Batch: [19/120] Epoch: [2] Loss: [1.4072655737400055]
2019-04-01 21:22:58 INFO     Batch: [20/120] Epoch: [2] Loss: [1.4066068388166881]
2019-04-01 21:22:58 INFO     Batch: [21/120] Epoch: [2] Loss: [1.4097251729531721]
2019-04-01 21:22:58 INFO     Batch: [22/120] Epoch: [2] Loss: [1.4104952708534573]
2019-04-01 21:22:58 INFO     Batch: [23/120] Epoch: [2] Loss: [1.4131266673405964]
2019-04-01 21:22:58 INFO     Batch: [24/120] Epoch: [2] Loss: [1.4131377744674682]
2019-04-01 21:22:58 INFO     Batch: [25/120] Epoch: [2] Loss: [1.4148887350009038]
2019-04-01 21:22:58 INFO     Batch: [26/120] Epoch: [2] Loss: [1.4188036300517894]
2019-04-01 21:22:59 INFO     Batch: [27/120] Epoch: [2] Loss: [1.4179128408432007]
2019-04-01 21:22:59 INFO     Batch: [28/120] Epoch: [2] Loss: [1.4148303434766571]
2019-04-01 21:22:59 INFO     Batch: [29/120] Epoch: [2] Loss: [1.415905765692393]
2019-04-01 21:22:59 INFO     Batch: [30/120] Epoch: [2] Loss: [1.415047295631901]
2019-04-01 21:22:59 INFO     Batch: [31/120] Epoch: [2] Loss: [1.4140982814133167]
2019-04-01 21:22:59 INFO     Batch: [32/120] Epoch: [2] Loss: [1.4167336333881726]
2019-04-01 21:22:59 INFO     Batch: [33/120] Epoch: [2] Loss: [1.4179848257233114]
2019-04-01 21:22:59 INFO     Batch: [34/120] Epoch: [2] Loss: [1.4170154537473405]
2019-04-01 21:23:00 INFO     Batch: [35/120] Epoch: [2] Loss: [1.4200479454464383]
2019-04-01 21:23:00 INFO     Batch: [36/120] Epoch: [2] Loss: [1.421027180310842]
2019-04-01 21:23:00 INFO     Batch: [37/120] Epoch: [2] Loss: [1.4189100422357257]
2019-04-01 21:23:00 INFO     Batch: [38/120] Epoch: [2] Loss: [1.420948801896511]
2019-04-01 21:23:00 INFO     Batch: [39/120] Epoch: [2] Loss: [1.4186950773000717]
2019-04-01 21:23:00 INFO     Batch: [40/120] Epoch: [2] Loss: [1.417822381345237]
2019-04-01 21:23:00 INFO     Batch: [41/120] Epoch: [2] Loss: [1.417414128780365]
2019-04-01 21:23:01 INFO     Batch: [42/120] Epoch: [2] Loss: [1.417793068774911]
2019-04-01 21:23:01 INFO     Batch: [43/120] Epoch: [2] Loss: [1.415676479989832]
2019-04-01 21:23:01 INFO     Batch: [44/120] Epoch: [2] Loss: [1.4144401947657268]
2019-04-01 21:23:01 INFO     Batch: [45/120] Epoch: [2] Loss: [1.4152577752652375]
2019-04-01 21:23:01 INFO     Batch: [46/120] Epoch: [2] Loss: [1.4153737337031262]
2019-04-01 21:23:01 INFO     Batch: [47/120] Epoch: [2] Loss: [1.4141115595897038]
2019-04-01 21:23:01 INFO     Batch: [48/120] Epoch: [2] Loss: [1.4137228873311256]
2019-04-01 21:23:01 INFO     Batch: [49/120] Epoch: [2] Loss: [1.4130581307411194]
2019-04-01 21:23:02 INFO     Batch: [50/120] Epoch: [2] Loss: [1.4128987508661606]
2019-04-01 21:23:02 INFO     Batch: [51/120] Epoch: [2] Loss: [1.4123769608827739]
2019-04-01 21:23:02 INFO     Batch: [52/120] Epoch: [2] Loss: [1.4102681447874825]
2019-04-01 21:23:02 INFO     Batch: [53/120] Epoch: [2] Loss: [1.4090713637846488]
2019-04-01 21:23:02 INFO     Batch: [54/120] Epoch: [2] Loss: [1.4093505165793678]
2019-04-01 21:23:02 INFO     Batch: [55/120] Epoch: [2] Loss: [1.4082533717155457]
2019-04-01 21:23:02 INFO     Batch: [56/120] Epoch: [2] Loss: [1.40692134698232]
2019-04-01 21:23:03 INFO     Batch: [57/120] Epoch: [2] Loss: [1.405603811658662]
2019-04-01 21:23:03 INFO     Batch: [58/120] Epoch: [2] Loss: [1.4044234106096172]
2019-04-01 21:23:03 INFO     Batch: [59/120] Epoch: [2] Loss: [1.4038172324498495]
2019-04-01 21:23:03 INFO     Batch: [60/120] Epoch: [2] Loss: [1.4031126284208455]
2019-04-01 21:23:03 INFO     Batch: [61/120] Epoch: [2] Loss: [1.403139873858421]
2019-04-01 21:23:03 INFO     Batch: [62/120] Epoch: [2] Loss: [1.4029901614264837]
2019-04-01 21:23:03 INFO     Batch: [63/120] Epoch: [2] Loss: [1.4027024451643229]
2019-04-01 21:23:04 INFO     Batch: [64/120] Epoch: [2] Loss: [1.4040229577284593]
2019-04-01 21:23:04 INFO     Batch: [65/120] Epoch: [2] Loss: [1.4043648983492996]
2019-04-01 21:23:04 INFO     Batch: [66/120] Epoch: [2] Loss: [1.4042015289192769]
2019-04-01 21:23:04 INFO     Batch: [67/120] Epoch: [2] Loss: [1.4039388965157902]
2019-04-01 21:23:04 INFO     Batch: [68/120] Epoch: [2] Loss: [1.4037406375442727]
2019-04-01 21:23:04 INFO     Batch: [69/120] Epoch: [2] Loss: [1.4049649936812265]
2019-04-01 21:23:04 INFO     Batch: [70/120] Epoch: [2] Loss: [1.4048752146707455]
2019-04-01 21:23:05 INFO     Batch: [71/120] Epoch: [2] Loss: [1.4045952724085913]
2019-04-01 21:23:05 INFO     Batch: [72/120] Epoch: [2] Loss: [1.4056773447010615]
2019-04-01 21:23:05 INFO     Batch: [73/120] Epoch: [2] Loss: [1.4051597907736495]
2019-04-01 21:23:05 INFO     Batch: [74/120] Epoch: [2] Loss: [1.406274636586507]
2019-04-01 21:23:05 INFO     Batch: [75/120] Epoch: [2] Loss: [1.4072775432938023]
2019-04-01 21:23:05 INFO     Batch: [76/120] Epoch: [2] Loss: [1.4075838482225096]
2019-04-01 21:23:05 INFO     Batch: [77/120] Epoch: [2] Loss: [1.4083724480408888]
2019-04-01 21:23:06 INFO     Batch: [78/120] Epoch: [2] Loss: [1.40743578536601]
2019-04-01 21:23:06 INFO     Batch: [79/120] Epoch: [2] Loss: [1.4073896571993827]
2019-04-01 21:23:06 INFO     Batch: [80/120] Epoch: [2] Loss: [1.406972015345538]
2019-04-01 21:23:06 INFO     Batch: [81/120] Epoch: [2] Loss: [1.407531994145091]
2019-04-01 21:23:06 INFO     Batch: [82/120] Epoch: [2] Loss: [1.4056798736733127]
2019-04-01 21:23:06 INFO     Batch: [83/120] Epoch: [2] Loss: [1.4070009773685819]
2019-04-01 21:23:06 INFO     Batch: [84/120] Epoch: [2] Loss: [1.4063383915845085]
2019-04-01 21:23:07 INFO     Batch: [85/120] Epoch: [2] Loss: [1.4070786265439765]
2019-04-01 21:23:07 INFO     Batch: [86/120] Epoch: [2] Loss: [1.4065792149510876]
2019-04-01 21:23:07 INFO     Batch: [87/120] Epoch: [2] Loss: [1.4070067568258806]
2019-04-01 21:23:07 INFO     Batch: [88/120] Epoch: [2] Loss: [1.4061552728160043]
2019-04-01 21:23:07 INFO     Batch: [89/120] Epoch: [2] Loss: [1.4054040471712748]
2019-04-01 21:23:07 INFO     Batch: [90/120] Epoch: [2] Loss: [1.4050230508322243]
2019-04-01 21:23:07 INFO     Batch: [91/120] Epoch: [2] Loss: [1.4043717824894448]
2019-04-01 21:23:08 INFO     Batch: [92/120] Epoch: [2] Loss: [1.4031958233925603]
2019-04-01 21:23:08 INFO     Batch: [93/120] Epoch: [2] Loss: [1.4020228043515632]
2019-04-01 21:23:08 INFO     Batch: [94/120] Epoch: [2] Loss: [1.400860767615469]
2019-04-01 21:23:08 INFO     Batch: [95/120] Epoch: [2] Loss: [1.4001429838438828]
2019-04-01 21:23:08 INFO     Batch: [96/120] Epoch: [2] Loss: [1.399321494643221]
2019-04-01 21:23:08 INFO     Batch: [97/120] Epoch: [2] Loss: [1.3981588872111574]
2019-04-01 21:23:08 INFO     Batch: [98/120] Epoch: [2] Loss: [1.3967970838450423]
2019-04-01 21:23:09 INFO     Batch: [99/120] Epoch: [2] Loss: [1.3966683089733123]
2019-04-01 21:23:09 INFO     Batch: [100/120] Epoch: [2] Loss: [1.3953357510047384]
2019-04-01 21:23:09 INFO     Batch: [101/120] Epoch: [2] Loss: [1.394820230848649]
2019-04-01 21:23:09 INFO     Batch: [102/120] Epoch: [2] Loss: [1.3942672882265257]
2019-04-01 21:23:09 INFO     Batch: [103/120] Epoch: [2] Loss: [1.3941624267743185]
2019-04-01 21:23:09 INFO     Batch: [104/120] Epoch: [2] Loss: [1.3921967654001146]
2019-04-01 21:23:09 INFO     Batch: [105/120] Epoch: [2] Loss: [1.3917258021966465]
2019-04-01 21:23:09 INFO     Batch: [106/120] Epoch: [2] Loss: [1.3908828184983442]
2019-04-01 21:23:10 INFO     Batch: [107/120] Epoch: [2] Loss: [1.3897523173579462]
2019-04-01 21:23:10 INFO     Batch: [108/120] Epoch: [2] Loss: [1.389434475417531]
2019-04-01 21:23:10 INFO     Batch: [109/120] Epoch: [2] Loss: [1.3894784699786793]
2019-04-01 21:23:10 INFO     Batch: [110/120] Epoch: [2] Loss: [1.3892092736991677]
2019-04-01 21:23:10 INFO     Batch: [111/120] Epoch: [2] Loss: [1.3886099234223366]
2019-04-01 21:23:10 INFO     Batch: [112/120] Epoch: [2] Loss: [1.3882527425225857]
2019-04-01 21:23:10 INFO     Batch: [113/120] Epoch: [2] Loss: [1.3880929288111234]
2019-04-01 21:23:11 INFO     Batch: [114/120] Epoch: [2] Loss: [1.3877565062564352]
2019-04-01 21:23:11 INFO     Batch: [115/120] Epoch: [2] Loss: [1.387468120147442]
2019-04-01 21:23:11 INFO     Batch: [116/120] Epoch: [2] Loss: [1.3860014249116948]
2019-04-01 21:23:11 INFO     Batch: [117/120] Epoch: [2] Loss: [1.3856980537964125]
2019-04-01 21:23:11 INFO     Batch: [118/120] Epoch: [2] Loss: [1.38485455112297]
2019-04-01 21:23:11 INFO     Batch: [119/120] Epoch: [2] Loss: [1.3846459090709686]
2019-04-01 21:23:13 INFO     Epoch: [2/200] Loss: [1.3846459090709686] Accuracy: [0.5423636363636365]
2019-04-01 21:23:13 INFO     Batch: [0/120] Epoch: [3] Loss: [1.3116881847381592]
2019-04-01 21:23:14 INFO     Accuracy: [0.5358181818181819]

2019-04-01 21:23:14 INFO     Batch: [1/120] Epoch: [3] Loss: [1.3269622325897217]
2019-04-01 21:23:14 INFO     Batch: [2/120] Epoch: [3] Loss: [1.3429184357325237]
2019-04-01 21:23:15 INFO     Batch: [3/120] Epoch: [3] Loss: [1.38168203830719]
2019-04-01 21:23:15 INFO     Batch: [4/120] Epoch: [3] Loss: [1.3813034534454345]
2019-04-01 21:23:15 INFO     Batch: [5/120] Epoch: [3] Loss: [1.3778008222579956]
2019-04-01 21:23:15 INFO     Batch: [6/120] Epoch: [3] Loss: [1.36945869241442]
2019-04-01 21:23:15 INFO     Batch: [7/120] Epoch: [3] Loss: [1.375853270292282]
2019-04-01 21:23:15 INFO     Batch: [8/120] Epoch: [3] Loss: [1.3810393147998385]
2019-04-01 21:23:15 INFO     Batch: [9/120] Epoch: [3] Loss: [1.3779526114463807]
2019-04-01 21:23:16 INFO     Batch: [10/120] Epoch: [3] Loss: [1.3747487501664595]
2019-04-01 21:23:16 INFO     Batch: [11/120] Epoch: [3] Loss: [1.371043215195338]
2019-04-01 21:23:16 INFO     Batch: [12/120] Epoch: [3] Loss: [1.3726576933493981]
2019-04-01 21:23:16 INFO     Batch: [13/120] Epoch: [3] Loss: [1.3724766884531294]
2019-04-01 21:23:16 INFO     Batch: [14/120] Epoch: [3] Loss: [1.3750158707300821]
2019-04-01 21:23:16 INFO     Batch: [15/120] Epoch: [3] Loss: [1.3760099112987518]
2019-04-01 21:23:16 INFO     Batch: [16/120] Epoch: [3] Loss: [1.3858853929183061]
2019-04-01 21:23:17 INFO     Batch: [17/120] Epoch: [3] Loss: [1.3848094410366483]
2019-04-01 21:23:17 INFO     Batch: [18/120] Epoch: [3] Loss: [1.3846526145935059]
2019-04-01 21:23:17 INFO     Batch: [19/120] Epoch: [3] Loss: [1.384376686811447]
2019-04-01 21:23:17 INFO     Batch: [20/120] Epoch: [3] Loss: [1.3872518652961368]
2019-04-01 21:23:17 INFO     Batch: [21/120] Epoch: [3] Loss: [1.3898781212893399]
2019-04-01 21:23:17 INFO     Batch: [22/120] Epoch: [3] Loss: [1.3911070460858552]
2019-04-01 21:23:17 INFO     Batch: [23/120] Epoch: [3] Loss: [1.3883208334445953]
2019-04-01 21:23:18 INFO     Batch: [24/120] Epoch: [3] Loss: [1.3874505424499513]
2019-04-01 21:23:18 INFO     Batch: [25/120] Epoch: [3] Loss: [1.388522629554455]
2019-04-01 21:23:18 INFO     Batch: [26/120] Epoch: [3] Loss: [1.390351277810556]
2019-04-01 21:23:18 INFO     Batch: [27/120] Epoch: [3] Loss: [1.3878337017127447]
2019-04-01 21:23:18 INFO     Batch: [28/120] Epoch: [3] Loss: [1.3907416277918323]
2019-04-01 21:23:18 INFO     Batch: [29/120] Epoch: [3] Loss: [1.3892128586769104]
2019-04-01 21:23:18 INFO     Batch: [30/120] Epoch: [3] Loss: [1.3887389744481733]
2019-04-01 21:23:19 INFO     Batch: [31/120] Epoch: [3] Loss: [1.3886166773736477]
2019-04-01 21:23:19 INFO     Batch: [32/120] Epoch: [3] Loss: [1.3876840598655469]
2019-04-01 21:23:19 INFO     Batch: [33/120] Epoch: [3] Loss: [1.38581404615851]
2019-04-01 21:23:19 INFO     Batch: [34/120] Epoch: [3] Loss: [1.3840249844959804]
2019-04-01 21:23:19 INFO     Batch: [35/120] Epoch: [3] Loss: [1.3842432267136044]
2019-04-01 21:23:19 INFO     Batch: [36/120] Epoch: [3] Loss: [1.3842061178104297]
2019-04-01 21:23:19 INFO     Batch: [37/120] Epoch: [3] Loss: [1.3818117568367405]
2019-04-01 21:23:20 INFO     Batch: [38/120] Epoch: [3] Loss: [1.382040335581853]
2019-04-01 21:23:20 INFO     Batch: [39/120] Epoch: [3] Loss: [1.3849801898002625]
2019-04-01 21:23:20 INFO     Batch: [40/120] Epoch: [3] Loss: [1.3860992135071173]
2019-04-01 21:23:20 INFO     Batch: [41/120] Epoch: [3] Loss: [1.387312568369366]
2019-04-01 21:23:20 INFO     Batch: [42/120] Epoch: [3] Loss: [1.3870887451393659]
2019-04-01 21:23:20 INFO     Batch: [43/120] Epoch: [3] Loss: [1.387334869666533]
2019-04-01 21:23:20 INFO     Batch: [44/120] Epoch: [3] Loss: [1.3865579658084446]
2019-04-01 21:23:21 INFO     Batch: [45/120] Epoch: [3] Loss: [1.38506520571916]
2019-04-01 21:23:21 INFO     Batch: [46/120] Epoch: [3] Loss: [1.3836896419525146]
2019-04-01 21:23:21 INFO     Batch: [47/120] Epoch: [3] Loss: [1.3824150959650676]
2019-04-01 21:23:21 INFO     Batch: [48/120] Epoch: [3] Loss: [1.3823688322184038]
2019-04-01 21:23:21 INFO     Batch: [49/120] Epoch: [3] Loss: [1.380712103843689]
2019-04-01 21:23:21 INFO     Batch: [50/120] Epoch: [3] Loss: [1.3809698983734728]
2019-04-01 21:23:21 INFO     Batch: [51/120] Epoch: [3] Loss: [1.3810445551688855]
2019-04-01 21:23:22 INFO     Batch: [52/120] Epoch: [3] Loss: [1.3796664813779436]
2019-04-01 21:23:22 INFO     Batch: [53/120] Epoch: [3] Loss: [1.3791470726331074]
2019-04-01 21:23:22 INFO     Batch: [54/120] Epoch: [3] Loss: [1.3779204737056385]
2019-04-01 21:23:22 INFO     Batch: [55/120] Epoch: [3] Loss: [1.3770689836570196]
2019-04-01 21:23:22 INFO     Batch: [56/120] Epoch: [3] Loss: [1.377462058736567]
2019-04-01 21:23:22 INFO     Batch: [57/120] Epoch: [3] Loss: [1.3768523623203408]
2019-04-01 21:23:22 INFO     Batch: [58/120] Epoch: [3] Loss: [1.37649468446182]
2019-04-01 21:23:23 INFO     Batch: [59/120] Epoch: [3] Loss: [1.3758671760559082]
2019-04-01 21:23:23 INFO     Batch: [60/120] Epoch: [3] Loss: [1.3767015582225361]
2019-04-01 21:23:23 INFO     Batch: [61/120] Epoch: [3] Loss: [1.376339720141503]
2019-04-01 21:23:23 INFO     Batch: [62/120] Epoch: [3] Loss: [1.3761276517595564]
2019-04-01 21:23:23 INFO     Batch: [63/120] Epoch: [3] Loss: [1.3768260516226292]
2019-04-01 21:23:23 INFO     Batch: [64/120] Epoch: [3] Loss: [1.376063975921044]
2019-04-01 21:23:23 INFO     Batch: [65/120] Epoch: [3] Loss: [1.3749810258547466]
2019-04-01 21:23:24 INFO     Batch: [66/120] Epoch: [3] Loss: [1.3745311053831186]
2019-04-01 21:23:24 INFO     Batch: [67/120] Epoch: [3] Loss: [1.373825225759955]
2019-04-01 21:23:24 INFO     Batch: [68/120] Epoch: [3] Loss: [1.373272961464481]
2019-04-01 21:23:24 INFO     Batch: [69/120] Epoch: [3] Loss: [1.3727867415973118]
2019-04-01 21:23:24 INFO     Batch: [70/120] Epoch: [3] Loss: [1.3716609931327928]
2019-04-01 21:23:24 INFO     Batch: [71/120] Epoch: [3] Loss: [1.3708400511079364]
2019-04-01 21:23:24 INFO     Batch: [72/120] Epoch: [3] Loss: [1.3708685620190346]
2019-04-01 21:23:25 INFO     Batch: [73/120] Epoch: [3] Loss: [1.370905059414941]
2019-04-01 21:23:25 INFO     Batch: [74/120] Epoch: [3] Loss: [1.3696757936477661]
2019-04-01 21:23:25 INFO     Batch: [75/120] Epoch: [3] Loss: [1.3701934547800767]
2019-04-01 21:23:25 INFO     Batch: [76/120] Epoch: [3] Loss: [1.3682126782157205]
2019-04-01 21:23:25 INFO     Batch: [77/120] Epoch: [3] Loss: [1.367213637400896]
2019-04-01 21:23:25 INFO     Batch: [78/120] Epoch: [3] Loss: [1.367184916629067]
2019-04-01 21:23:25 INFO     Batch: [79/120] Epoch: [3] Loss: [1.3664720222353934]
2019-04-01 21:23:26 INFO     Batch: [80/120] Epoch: [3] Loss: [1.3662671660199577]
2019-04-01 21:23:26 INFO     Batch: [81/120] Epoch: [3] Loss: [1.3658523559570312]
2019-04-01 21:23:26 INFO     Batch: [82/120] Epoch: [3] Loss: [1.3652971264827682]
2019-04-01 21:23:26 INFO     Batch: [83/120] Epoch: [3] Loss: [1.3649686787809645]
2019-04-01 21:23:26 INFO     Batch: [84/120] Epoch: [3] Loss: [1.3649873410954194]
2019-04-01 21:23:26 INFO     Batch: [85/120] Epoch: [3] Loss: [1.3653291172759479]
2019-04-01 21:23:26 INFO     Batch: [86/120] Epoch: [3] Loss: [1.3648560896687123]
2019-04-01 21:23:27 INFO     Batch: [87/120] Epoch: [3] Loss: [1.3644231300462375]
2019-04-01 21:23:27 INFO     Batch: [88/120] Epoch: [3] Loss: [1.3635354845711354]
2019-04-01 21:23:27 INFO     Batch: [89/120] Epoch: [3] Loss: [1.3644910136858621]
2019-04-01 21:23:27 INFO     Batch: [90/120] Epoch: [3] Loss: [1.3643946529744746]
2019-04-01 21:23:27 INFO     Batch: [91/120] Epoch: [3] Loss: [1.3637432313483695]
2019-04-01 21:23:27 INFO     Batch: [92/120] Epoch: [3] Loss: [1.3626552461296]
2019-04-01 21:23:27 INFO     Batch: [93/120] Epoch: [3] Loss: [1.3615365091790543]
2019-04-01 21:23:28 INFO     Batch: [94/120] Epoch: [3] Loss: [1.3613695257588436]
2019-04-01 21:23:28 INFO     Batch: [95/120] Epoch: [3] Loss: [1.3619500113030274]
2019-04-01 21:23:28 INFO     Batch: [96/120] Epoch: [3] Loss: [1.3616592589112901]
2019-04-01 21:23:28 INFO     Batch: [97/120] Epoch: [3] Loss: [1.3616380229288219]
2019-04-01 21:23:28 INFO     Batch: [98/120] Epoch: [3] Loss: [1.3611272633677782]
2019-04-01 21:23:28 INFO     Batch: [99/120] Epoch: [3] Loss: [1.3621475315093994]
2019-04-01 21:23:28 INFO     Batch: [100/120] Epoch: [3] Loss: [1.3609489745432788]
2019-04-01 21:23:28 INFO     Batch: [101/120] Epoch: [3] Loss: [1.3614215465152966]
2019-04-01 21:23:29 INFO     Batch: [102/120] Epoch: [3] Loss: [1.3602399629296609]
2019-04-01 21:23:29 INFO     Batch: [103/120] Epoch: [3] Loss: [1.358846210516416]
2019-04-01 21:23:29 INFO     Batch: [104/120] Epoch: [3] Loss: [1.3592939433597384]
2019-04-01 21:23:29 INFO     Batch: [105/120] Epoch: [3] Loss: [1.358504889146337]
2019-04-01 21:23:29 INFO     Batch: [106/120] Epoch: [3] Loss: [1.3578516033208259]
2019-04-01 21:23:29 INFO     Batch: [107/120] Epoch: [3] Loss: [1.356907289337229]
2019-04-01 21:23:29 INFO     Batch: [108/120] Epoch: [3] Loss: [1.3561605346312218]
2019-04-01 21:23:30 INFO     Batch: [109/120] Epoch: [3] Loss: [1.3557704600420866]
2019-04-01 21:23:30 INFO     Batch: [110/120] Epoch: [3] Loss: [1.3563487357921429]
2019-04-01 21:23:30 INFO     Batch: [111/120] Epoch: [3] Loss: [1.3556481035692352]
2019-04-01 21:23:30 INFO     Batch: [112/120] Epoch: [3] Loss: [1.3554827375749572]
2019-04-01 21:23:30 INFO     Batch: [113/120] Epoch: [3] Loss: [1.3548659849585147]
2019-04-01 21:23:30 INFO     Batch: [114/120] Epoch: [3] Loss: [1.3543483267659726]
2019-04-01 21:23:30 INFO     Batch: [115/120] Epoch: [3] Loss: [1.3540727167293942]
2019-04-01 21:23:31 INFO     Batch: [116/120] Epoch: [3] Loss: [1.3527057374644482]
2019-04-01 21:23:31 INFO     Batch: [117/120] Epoch: [3] Loss: [1.3517117247743122]
2019-04-01 21:23:31 INFO     Batch: [118/120] Epoch: [3] Loss: [1.3514484137046237]
2019-04-01 21:23:31 INFO     Batch: [119/120] Epoch: [3] Loss: [1.3509702215592065]
2019-04-01 21:23:32 INFO     Epoch: [3/200] Loss: [1.3509702215592065] Accuracy: [0.5596363636363636]
2019-04-01 21:23:33 INFO     Batch: [0/120] Epoch: [4] Loss: [1.2278990745544434]
2019-04-01 21:23:34 INFO     Accuracy: [0.5543636363636363]

2019-04-01 21:23:34 INFO     Batch: [1/120] Epoch: [4] Loss: [1.2720276713371277]
2019-04-01 21:23:34 INFO     Batch: [2/120] Epoch: [4] Loss: [1.283010482788086]
2019-04-01 21:23:34 INFO     Batch: [3/120] Epoch: [4] Loss: [1.2898648083209991]
2019-04-01 21:23:34 INFO     Batch: [4/120] Epoch: [4] Loss: [1.3001244068145752]
2019-04-01 21:23:35 INFO     Batch: [5/120] Epoch: [4] Loss: [1.312536319096883]
2019-04-01 21:23:35 INFO     Batch: [6/120] Epoch: [4] Loss: [1.3227688585008894]
2019-04-01 21:23:35 INFO     Batch: [7/120] Epoch: [4] Loss: [1.3095162957906723]
2019-04-01 21:23:35 INFO     Batch: [8/120] Epoch: [4] Loss: [1.2982563575108845]
2019-04-01 21:23:35 INFO     Batch: [9/120] Epoch: [4] Loss: [1.2882367968559265]
2019-04-01 21:23:35 INFO     Batch: [10/120] Epoch: [4] Loss: [1.2810774391347712]
2019-04-01 21:23:35 INFO     Batch: [11/120] Epoch: [4] Loss: [1.2809473673502605]
2019-04-01 21:23:36 INFO     Batch: [12/120] Epoch: [4] Loss: [1.272313301379864]
2019-04-01 21:23:36 INFO     Batch: [13/120] Epoch: [4] Loss: [1.2685429198401315]
2019-04-01 21:23:36 INFO     Batch: [14/120] Epoch: [4] Loss: [1.2653729995091756]
2019-04-01 21:23:36 INFO     Batch: [15/120] Epoch: [4] Loss: [1.2665034607052803]
2019-04-01 21:23:36 INFO     Batch: [16/120] Epoch: [4] Loss: [1.2626549005508423]
2019-04-01 21:23:36 INFO     Batch: [17/120] Epoch: [4] Loss: [1.2562551034821405]
2019-04-01 21:23:36 INFO     Batch: [18/120] Epoch: [4] Loss: [1.2565310628790605]
2019-04-01 21:23:36 INFO     Batch: [19/120] Epoch: [4] Loss: [1.258444571495056]
2019-04-01 21:23:37 INFO     Batch: [20/120] Epoch: [4] Loss: [1.2608239650726318]
2019-04-01 21:23:37 INFO     Batch: [21/120] Epoch: [4] Loss: [1.2631787115877324]
2019-04-01 21:23:37 INFO     Batch: [22/120] Epoch: [4] Loss: [1.2594639477522478]
2019-04-01 21:23:37 INFO     Batch: [23/120] Epoch: [4] Loss: [1.255660702784856]
2019-04-01 21:23:37 INFO     Batch: [24/120] Epoch: [4] Loss: [1.2588155460357666]
2019-04-01 21:23:37 INFO     Batch: [25/120] Epoch: [4] Loss: [1.2531184691649218]
2019-04-01 21:23:37 INFO     Batch: [26/120] Epoch: [4] Loss: [1.2591109452424225]
2019-04-01 21:23:38 INFO     Batch: [27/120] Epoch: [4] Loss: [1.256167322397232]
2019-04-01 21:23:38 INFO     Batch: [28/120] Epoch: [4] Loss: [1.2532511867325882]
2019-04-01 21:23:38 INFO     Batch: [29/120] Epoch: [4] Loss: [1.254709279537201]
2019-04-01 21:23:38 INFO     Batch: [30/120] Epoch: [4] Loss: [1.2552380946374708]
2019-04-01 21:23:38 INFO     Batch: [31/120] Epoch: [4] Loss: [1.2550807930529118]
2019-04-01 21:23:38 INFO     Batch: [32/120] Epoch: [4] Loss: [1.2596874237060547]
2019-04-01 21:23:38 INFO     Batch: [33/120] Epoch: [4] Loss: [1.260507997344522]
2019-04-01 21:23:39 INFO     Batch: [34/120] Epoch: [4] Loss: [1.2606778417314801]
2019-04-01 21:23:39 INFO     Batch: [35/120] Epoch: [4] Loss: [1.261589143011305]
2019-04-01 21:23:39 INFO     Batch: [36/120] Epoch: [4] Loss: [1.2607496976852417]
2019-04-01 21:23:39 INFO     Batch: [37/120] Epoch: [4] Loss: [1.2577200814297325]
2019-04-01 21:23:39 INFO     Batch: [38/120] Epoch: [4] Loss: [1.2581796829517071]
2019-04-01 21:23:39 INFO     Batch: [39/120] Epoch: [4] Loss: [1.2575813591480256]
2019-04-01 21:23:39 INFO     Batch: [40/120] Epoch: [4] Loss: [1.2583650408721552]
2019-04-01 21:23:40 INFO     Batch: [41/120] Epoch: [4] Loss: [1.2580323134149825]
2019-04-01 21:23:40 INFO     Batch: [42/120] Epoch: [4] Loss: [1.2610815486242606]
2019-04-01 21:23:40 INFO     Batch: [43/120] Epoch: [4] Loss: [1.2611632211641832]
2019-04-01 21:23:40 INFO     Batch: [44/120] Epoch: [4] Loss: [1.2637545108795165]
2019-04-01 21:23:40 INFO     Batch: [45/120] Epoch: [4] Loss: [1.2634488940238953]
2019-04-01 21:23:40 INFO     Batch: [46/120] Epoch: [4] Loss: [1.2637127358862694]
2019-04-01 21:23:40 INFO     Batch: [47/120] Epoch: [4] Loss: [1.262736218671004]
2019-04-01 21:23:40 INFO     Batch: [48/120] Epoch: [4] Loss: [1.2642274048863624]
2019-04-01 21:23:41 INFO     Batch: [49/120] Epoch: [4] Loss: [1.2658480167388917]
2019-04-01 21:23:41 INFO     Batch: [50/120] Epoch: [4] Loss: [1.2675190813401167]
2019-04-01 21:23:41 INFO     Batch: [51/120] Epoch: [4] Loss: [1.2674711965597594]
2019-04-01 21:23:41 INFO     Batch: [52/120] Epoch: [4] Loss: [1.267319364367791]
2019-04-01 21:23:41 INFO     Batch: [53/120] Epoch: [4] Loss: [1.2687212692366705]
2019-04-01 21:23:41 INFO     Batch: [54/120] Epoch: [4] Loss: [1.2670163002881136]
2019-04-01 21:23:41 INFO     Batch: [55/120] Epoch: [4] Loss: [1.2680896180016654]
2019-04-01 21:23:42 INFO     Batch: [56/120] Epoch: [4] Loss: [1.267442736709327]
2019-04-01 21:23:42 INFO     Batch: [57/120] Epoch: [4] Loss: [1.2677942658292836]
2019-04-01 21:23:42 INFO     Batch: [58/120] Epoch: [4] Loss: [1.2670435198282792]
2019-04-01 21:23:42 INFO     Batch: [59/120] Epoch: [4] Loss: [1.2658915261427561]
2019-04-01 21:23:42 INFO     Batch: [60/120] Epoch: [4] Loss: [1.266314488942506]
2019-04-01 21:23:42 INFO     Batch: [61/120] Epoch: [4] Loss: [1.2637800074392749]
2019-04-01 21:23:42 INFO     Batch: [62/120] Epoch: [4] Loss: [1.2629605134328206]
2019-04-01 21:23:42 INFO     Batch: [63/120] Epoch: [4] Loss: [1.2627879735082388]
2019-04-01 21:23:43 INFO     Batch: [64/120] Epoch: [4] Loss: [1.263071920321538]
2019-04-01 21:23:43 INFO     Batch: [65/120] Epoch: [4] Loss: [1.2629964965762515]
2019-04-01 21:23:43 INFO     Batch: [66/120] Epoch: [4] Loss: [1.2638285960724105]
2019-04-01 21:23:43 INFO     Batch: [67/120] Epoch: [4] Loss: [1.2636018377893112]
2019-04-01 21:23:43 INFO     Batch: [68/120] Epoch: [4] Loss: [1.2638353800428086]
2019-04-01 21:23:43 INFO     Batch: [69/120] Epoch: [4] Loss: [1.2636208823748998]
2019-04-01 21:23:43 INFO     Batch: [70/120] Epoch: [4] Loss: [1.2635669389241178]
2019-04-01 21:23:44 INFO     Batch: [71/120] Epoch: [4] Loss: [1.2640167557530932]
2019-04-01 21:23:44 INFO     Batch: [72/120] Epoch: [4] Loss: [1.2639186137343106]
2019-04-01 21:23:44 INFO     Batch: [73/120] Epoch: [4] Loss: [1.2629288886044476]
2019-04-01 21:23:44 INFO     Batch: [74/120] Epoch: [4] Loss: [1.2637745968500773]
2019-04-01 21:23:44 INFO     Batch: [75/120] Epoch: [4] Loss: [1.262602393564425]
2019-04-01 21:23:44 INFO     Batch: [76/120] Epoch: [4] Loss: [1.2615995654812107]
2019-04-01 21:23:44 INFO     Batch: [77/120] Epoch: [4] Loss: [1.2620930274327595]
2019-04-01 21:23:45 INFO     Batch: [78/120] Epoch: [4] Loss: [1.26127860063239]
2019-04-01 21:23:45 INFO     Batch: [79/120] Epoch: [4] Loss: [1.2617033138871192]
2019-04-01 21:23:45 INFO     Batch: [80/120] Epoch: [4] Loss: [1.2619781288099878]
2019-04-01 21:23:45 INFO     Batch: [81/120] Epoch: [4] Loss: [1.2610430019657786]
2019-04-01 21:23:45 INFO     Batch: [82/120] Epoch: [4] Loss: [1.260582369494151]
2019-04-01 21:23:45 INFO     Batch: [83/120] Epoch: [4] Loss: [1.2607684447651817]
2019-04-01 21:23:45 INFO     Batch: [84/120] Epoch: [4] Loss: [1.2594399438184851]
2019-04-01 21:23:45 INFO     Batch: [85/120] Epoch: [4] Loss: [1.2597123869629794]
2019-04-01 21:23:46 INFO     Batch: [86/120] Epoch: [4] Loss: [1.2596892077347328]
2019-04-01 21:23:46 INFO     Batch: [87/120] Epoch: [4] Loss: [1.2606599005785855]
2019-04-01 21:23:46 INFO     Batch: [88/120] Epoch: [4] Loss: [1.2608461393399184]
2019-04-01 21:23:46 INFO     Batch: [89/120] Epoch: [4] Loss: [1.2617040461964077]
2019-04-01 21:23:46 INFO     Batch: [90/120] Epoch: [4] Loss: [1.2622832033660385]
2019-04-01 21:23:46 INFO     Batch: [91/120] Epoch: [4] Loss: [1.2624639700288358]
2019-04-01 21:23:46 INFO     Batch: [92/120] Epoch: [4] Loss: [1.2631995985584874]
2019-04-01 21:23:47 INFO     Batch: [93/120] Epoch: [4] Loss: [1.2638535347390683]
2019-04-01 21:23:47 INFO     Batch: [94/120] Epoch: [4] Loss: [1.2641736595254196]
2019-04-01 21:23:47 INFO     Batch: [95/120] Epoch: [4] Loss: [1.2648105298479397]
2019-04-01 21:23:47 INFO     Batch: [96/120] Epoch: [4] Loss: [1.265939459358294]
2019-04-01 21:23:47 INFO     Batch: [97/120] Epoch: [4] Loss: [1.265735084913215]
2019-04-01 21:23:47 INFO     Batch: [98/120] Epoch: [4] Loss: [1.2666583795740147]
2019-04-01 21:23:47 INFO     Batch: [99/120] Epoch: [4] Loss: [1.2668094432353973]
2019-04-01 21:23:47 INFO     Batch: [100/120] Epoch: [4] Loss: [1.2682229835208099]
2019-04-01 21:23:48 INFO     Batch: [101/120] Epoch: [4] Loss: [1.270025630791982]
2019-04-01 21:23:48 INFO     Batch: [102/120] Epoch: [4] Loss: [1.2710156324997688]
2019-04-01 21:23:48 INFO     Batch: [103/120] Epoch: [4] Loss: [1.2713155436974306]
2019-04-01 21:23:48 INFO     Batch: [104/120] Epoch: [4] Loss: [1.2714168843768892]
2019-04-01 21:23:48 INFO     Batch: [105/120] Epoch: [4] Loss: [1.2715859525608566]
2019-04-01 21:23:48 INFO     Batch: [106/120] Epoch: [4] Loss: [1.2721482827284625]
2019-04-01 21:23:48 INFO     Batch: [107/120] Epoch: [4] Loss: [1.272833510681435]
2019-04-01 21:23:49 INFO     Batch: [108/120] Epoch: [4] Loss: [1.2727617189424847]
2019-04-01 21:23:49 INFO     Batch: [109/120] Epoch: [4] Loss: [1.2733686718073758]
2019-04-01 21:23:49 INFO     Batch: [110/120] Epoch: [4] Loss: [1.274107629114443]
2019-04-01 21:23:49 INFO     Batch: [111/120] Epoch: [4] Loss: [1.2743578957659858]
2019-04-01 21:23:49 INFO     Batch: [112/120] Epoch: [4] Loss: [1.2746445056611457]
2019-04-01 21:23:49 INFO     Batch: [113/120] Epoch: [4] Loss: [1.2746985711549457]
2019-04-01 21:23:49 INFO     Batch: [114/120] Epoch: [4] Loss: [1.2745029470194942]
2019-04-01 21:23:49 INFO     Batch: [115/120] Epoch: [4] Loss: [1.2754058128800885]
2019-04-01 21:23:50 INFO     Batch: [116/120] Epoch: [4] Loss: [1.2752578492857451]
2019-04-01 21:23:50 INFO     Batch: [117/120] Epoch: [4] Loss: [1.2750375412278256]
2019-04-01 21:23:50 INFO     Batch: [118/120] Epoch: [4] Loss: [1.2746069351164233]
2019-04-01 21:23:50 INFO     Batch: [119/120] Epoch: [4] Loss: [1.274246280392011]
2019-04-01 21:23:51 INFO     Epoch: [4/200] Loss: [1.274246280392011] Accuracy: [0.5694545454545455]
2019-04-01 21:23:52 INFO     Batch: [0/120] Epoch: [5] Loss: [1.3173855543136597]
2019-04-01 21:23:53 INFO     Accuracy: [0.5838181818181817]

2019-04-01 21:23:53 INFO     Batch: [1/120] Epoch: [5] Loss: [1.3144039511680603]
2019-04-01 21:23:53 INFO     Batch: [2/120] Epoch: [5] Loss: [1.3071805636088054]
2019-04-01 21:23:53 INFO     Batch: [3/120] Epoch: [5] Loss: [1.2846487760543823]
2019-04-01 21:23:53 INFO     Batch: [4/120] Epoch: [5] Loss: [1.2630697727203368]
2019-04-01 21:23:53 INFO     Batch: [5/120] Epoch: [5] Loss: [1.2439529101053874]
2019-04-01 21:23:54 INFO     Batch: [6/120] Epoch: [5] Loss: [1.23467675277165]
2019-04-01 21:23:54 INFO     Batch: [7/120] Epoch: [5] Loss: [1.2378393411636353]
2019-04-01 21:23:54 INFO     Batch: [8/120] Epoch: [5] Loss: [1.2300755977630615]
2019-04-01 21:23:54 INFO     Batch: [9/120] Epoch: [5] Loss: [1.2241355419158935]
2019-04-01 21:23:54 INFO     Batch: [10/120] Epoch: [5] Loss: [1.218447576869618]
2019-04-01 21:23:54 INFO     Batch: [11/120] Epoch: [5] Loss: [1.21427716811498]
2019-04-01 21:23:54 INFO     Batch: [12/120] Epoch: [5] Loss: [1.210476957834684]
2019-04-01 21:23:55 INFO     Batch: [13/120] Epoch: [5] Loss: [1.220203391143254]
2019-04-01 21:23:55 INFO     Batch: [14/120] Epoch: [5] Loss: [1.222981874148051]
2019-04-01 21:23:55 INFO     Batch: [15/120] Epoch: [5] Loss: [1.2184270322322845]
2019-04-01 21:23:55 INFO     Batch: [16/120] Epoch: [5] Loss: [1.2229649669983809]
2019-04-01 21:23:55 INFO     Batch: [17/120] Epoch: [5] Loss: [1.2203019460042317]
2019-04-01 21:23:55 INFO     Batch: [18/120] Epoch: [5] Loss: [1.2228243727433055]
2019-04-01 21:23:55 INFO     Batch: [19/120] Epoch: [5] Loss: [1.2239686131477356]
2019-04-01 21:23:56 INFO     Batch: [20/120] Epoch: [5] Loss: [1.2286267337344943]
2019-04-01 21:23:56 INFO     Batch: [21/120] Epoch: [5] Loss: [1.2285264296965166]
2019-04-01 21:23:56 INFO     Batch: [22/120] Epoch: [5] Loss: [1.234023120092309]
2019-04-01 21:23:56 INFO     Batch: [23/120] Epoch: [5] Loss: [1.2406695187091827]
2019-04-01 21:23:56 INFO     Batch: [24/120] Epoch: [5] Loss: [1.2443735074996949]
2019-04-01 21:23:56 INFO     Batch: [25/120] Epoch: [5] Loss: [1.249151504956759]
2019-04-01 21:23:56 INFO     Batch: [26/120] Epoch: [5] Loss: [1.2497393555111356]
2019-04-01 21:23:57 INFO     Batch: [27/120] Epoch: [5] Loss: [1.2494946122169495]
2019-04-01 21:23:57 INFO     Batch: [28/120] Epoch: [5] Loss: [1.2514622170349647]
2019-04-01 21:23:57 INFO     Batch: [29/120] Epoch: [5] Loss: [1.258414355913798]
2019-04-01 21:23:57 INFO     Batch: [30/120] Epoch: [5] Loss: [1.2635109270772626]
2019-04-01 21:23:57 INFO     Batch: [31/120] Epoch: [5] Loss: [1.269463237375021]
2019-04-01 21:23:57 INFO     Batch: [32/120] Epoch: [5] Loss: [1.2721248720631455]
2019-04-01 21:23:57 INFO     Batch: [33/120] Epoch: [5] Loss: [1.2750037102138294]
2019-04-01 21:23:58 INFO     Batch: [34/120] Epoch: [5] Loss: [1.2745285272598266]
2019-04-01 21:23:58 INFO     Batch: [35/120] Epoch: [5] Loss: [1.2763079106807709]
2019-04-01 21:23:58 INFO     Batch: [36/120] Epoch: [5] Loss: [1.278718645508225]
2019-04-01 21:23:58 INFO     Batch: [37/120] Epoch: [5] Loss: [1.2830734252929688]
2019-04-01 21:23:58 INFO     Batch: [38/120] Epoch: [5] Loss: [1.2863227037283091]
2019-04-01 21:23:58 INFO     Batch: [39/120] Epoch: [5] Loss: [1.2886563688516617]
2019-04-01 21:23:58 INFO     Batch: [40/120] Epoch: [5] Loss: [1.2908304929733276]
2019-04-01 21:23:59 INFO     Batch: [41/120] Epoch: [5] Loss: [1.2936701689447676]
2019-04-01 21:23:59 INFO     Batch: [42/120] Epoch: [5] Loss: [1.294425512469092]
2019-04-01 21:23:59 INFO     Batch: [43/120] Epoch: [5] Loss: [1.2953164469112048]
2019-04-01 21:23:59 INFO     Batch: [44/120] Epoch: [5] Loss: [1.2988512145148383]
2019-04-01 21:23:59 INFO     Batch: [45/120] Epoch: [5] Loss: [1.302839369877525]
2019-04-01 21:23:59 INFO     Batch: [46/120] Epoch: [5] Loss: [1.3024648250417505]
2019-04-01 21:23:59 INFO     Batch: [47/120] Epoch: [5] Loss: [1.3036625012755394]
2019-04-01 21:24:00 INFO     Batch: [48/120] Epoch: [5] Loss: [1.3045505382576768]
2019-04-01 21:24:00 INFO     Batch: [49/120] Epoch: [5] Loss: [1.3060419130325318]
2019-04-01 21:24:00 INFO     Batch: [50/120] Epoch: [5] Loss: [1.3081584935094797]
2019-04-01 21:24:00 INFO     Batch: [51/120] Epoch: [5] Loss: [1.31092840891618]
2019-04-01 21:24:00 INFO     Batch: [52/120] Epoch: [5] Loss: [1.3138421324064147]
2019-04-01 21:24:00 INFO     Batch: [53/120] Epoch: [5] Loss: [1.3154925726078175]
2019-04-01 21:24:00 INFO     Batch: [54/120] Epoch: [5] Loss: [1.3163874279369008]
2019-04-01 21:24:01 INFO     Batch: [55/120] Epoch: [5] Loss: [1.3187974840402603]
2019-04-01 21:24:01 INFO     Batch: [56/120] Epoch: [5] Loss: [1.3186530334907665]
2019-04-01 21:24:01 INFO     Batch: [57/120] Epoch: [5] Loss: [1.317946263428392]
2019-04-01 21:24:01 INFO     Batch: [58/120] Epoch: [5] Loss: [1.3176296141188024]
2019-04-01 21:24:01 INFO     Batch: [59/120] Epoch: [5] Loss: [1.3178334414958954]
2019-04-01 21:24:01 INFO     Batch: [60/120] Epoch: [5] Loss: [1.3188046979122474]
2019-04-01 21:24:01 INFO     Batch: [61/120] Epoch: [5] Loss: [1.3195048301450667]
2019-04-01 21:24:02 INFO     Batch: [62/120] Epoch: [5] Loss: [1.3193361664575243]
2019-04-01 21:24:02 INFO     Batch: [63/120] Epoch: [5] Loss: [1.3194670137017965]
2019-04-01 21:24:02 INFO     Batch: [64/120] Epoch: [5] Loss: [1.319429034453172]
2019-04-01 21:24:02 INFO     Batch: [65/120] Epoch: [5] Loss: [1.3184852961337927]
2019-04-01 21:24:02 INFO     Batch: [66/120] Epoch: [5] Loss: [1.318358063697815]
2019-04-01 21:24:02 INFO     Batch: [67/120] Epoch: [5] Loss: [1.318090780692942]
2019-04-01 21:24:02 INFO     Batch: [68/120] Epoch: [5] Loss: [1.3176802465881126]
2019-04-01 21:24:03 INFO     Batch: [69/120] Epoch: [5] Loss: [1.3178462130682809]
2019-04-01 21:24:03 INFO     Batch: [70/120] Epoch: [5] Loss: [1.3183981767842468]
2019-04-01 21:24:03 INFO     Batch: [71/120] Epoch: [5] Loss: [1.317534218231837]
2019-04-01 21:24:03 INFO     Batch: [72/120] Epoch: [5] Loss: [1.31675620275001]
2019-04-01 21:24:03 INFO     Batch: [73/120] Epoch: [5] Loss: [1.3171395192275177]
2019-04-01 21:24:03 INFO     Batch: [74/120] Epoch: [5] Loss: [1.3160674174626668]
2019-04-01 21:24:03 INFO     Batch: [75/120] Epoch: [5] Loss: [1.3170351119417893]
2019-04-01 21:24:04 INFO     Batch: [76/120] Epoch: [5] Loss: [1.317796007379309]
2019-04-01 21:24:04 INFO     Batch: [77/120] Epoch: [5] Loss: [1.3176444860605092]
2019-04-01 21:24:04 INFO     Batch: [78/120] Epoch: [5] Loss: [1.3171463767184486]
2019-04-01 21:24:04 INFO     Batch: [79/120] Epoch: [5] Loss: [1.3166062459349632]
2019-04-01 21:24:04 INFO     Batch: [80/120] Epoch: [5] Loss: [1.3165657535011386]
2019-04-01 21:24:04 INFO     Batch: [81/120] Epoch: [5] Loss: [1.3167711728956641]
2019-04-01 21:24:04 INFO     Batch: [82/120] Epoch: [5] Loss: [1.3165240086704852]
2019-04-01 21:24:05 INFO     Batch: [83/120] Epoch: [5] Loss: [1.3171924877734411]
2019-04-01 21:24:05 INFO     Batch: [84/120] Epoch: [5] Loss: [1.3175370272468119]
2019-04-01 21:24:05 INFO     Batch: [85/120] Epoch: [5] Loss: [1.3178903543671896]
2019-04-01 21:24:05 INFO     Batch: [86/120] Epoch: [5] Loss: [1.3189091024727657]
2019-04-01 21:24:05 INFO     Batch: [87/120] Epoch: [5] Loss: [1.3186993883414702]
2019-04-01 21:24:05 INFO     Batch: [88/120] Epoch: [5] Loss: [1.3194855491766768]
2019-04-01 21:24:05 INFO     Batch: [89/120] Epoch: [5] Loss: [1.3192158566580878]
2019-04-01 21:24:05 INFO     Batch: [90/120] Epoch: [5] Loss: [1.3195661712478806]
2019-04-01 21:24:06 INFO     Batch: [91/120] Epoch: [5] Loss: [1.3197513287482054]
2019-04-01 21:24:06 INFO     Batch: [92/120] Epoch: [5] Loss: [1.3200504933634112]
2019-04-01 21:24:06 INFO     Batch: [93/120] Epoch: [5] Loss: [1.3204882702928908]
2019-04-01 21:24:06 INFO     Batch: [94/120] Epoch: [5] Loss: [1.3224571817799617]
2019-04-01 21:24:06 INFO     Batch: [95/120] Epoch: [5] Loss: [1.3246003165841103]
2019-04-01 21:24:06 INFO     Batch: [96/120] Epoch: [5] Loss: [1.3252575581835717]
2019-04-01 21:24:06 INFO     Batch: [97/120] Epoch: [5] Loss: [1.3257862329483032]
2019-04-01 21:24:07 INFO     Batch: [98/120] Epoch: [5] Loss: [1.3257870842712094]
2019-04-01 21:24:07 INFO     Batch: [99/120] Epoch: [5] Loss: [1.3260378313064576]
2019-04-01 21:24:07 INFO     Batch: [100/120] Epoch: [5] Loss: [1.3253886463618514]
2019-04-01 21:24:07 INFO     Batch: [101/120] Epoch: [5] Loss: [1.3257945542242013]
2019-04-01 21:24:07 INFO     Batch: [102/120] Epoch: [5] Loss: [1.3262407501924385]
2019-04-01 21:24:07 INFO     Batch: [103/120] Epoch: [5] Loss: [1.3270626973647337]
2019-04-01 21:24:07 INFO     Batch: [104/120] Epoch: [5] Loss: [1.3273267076129005]
2019-04-01 21:24:08 INFO     Batch: [105/120] Epoch: [5] Loss: [1.3274376729749284]
2019-04-01 21:24:08 INFO     Batch: [106/120] Epoch: [5] Loss: [1.3282226502338303]
2019-04-01 21:24:08 INFO     Batch: [107/120] Epoch: [5] Loss: [1.3284536732567682]
2019-04-01 21:24:08 INFO     Batch: [108/120] Epoch: [5] Loss: [1.3289943955360202]
2019-04-01 21:24:08 INFO     Batch: [109/120] Epoch: [5] Loss: [1.3292826305736194]
2019-04-01 21:24:08 INFO     Batch: [110/120] Epoch: [5] Loss: [1.3296302782522667]
2019-04-01 21:24:08 INFO     Batch: [111/120] Epoch: [5] Loss: [1.3304049585546767]
2019-04-01 21:24:09 INFO     Batch: [112/120] Epoch: [5] Loss: [1.3301524968273872]
2019-04-01 21:24:09 INFO     Batch: [113/120] Epoch: [5] Loss: [1.331488709700735]
2019-04-01 21:24:09 INFO     Batch: [114/120] Epoch: [5] Loss: [1.3314113959022191]
2019-04-01 21:24:09 INFO     Batch: [115/120] Epoch: [5] Loss: [1.3321648784752549]
2019-04-01 21:24:09 INFO     Batch: [116/120] Epoch: [5] Loss: [1.3327983210229466]
2019-04-01 21:24:09 INFO     Batch: [117/120] Epoch: [5] Loss: [1.3322586356583288]
2019-04-01 21:24:09 INFO     Batch: [118/120] Epoch: [5] Loss: [1.3325075962964226]
2019-04-01 21:24:10 INFO     Batch: [119/120] Epoch: [5] Loss: [1.3333961049715677]
2019-04-01 21:24:11 INFO     Epoch: [5/200] Loss: [1.3333961049715677] Accuracy: [0.5176363636363637]
2019-04-01 21:24:11 INFO     Batch: [0/120] Epoch: [6] Loss: [1.3877276182174683]
2019-04-01 21:24:12 INFO     Accuracy: [0.5254545454545454]

2019-04-01 21:24:12 INFO     Batch: [1/120] Epoch: [6] Loss: [1.36848646402359]
2019-04-01 21:24:13 INFO     Batch: [2/120] Epoch: [6] Loss: [1.354960322380066]
2019-04-01 21:24:13 INFO     Batch: [3/120] Epoch: [6] Loss: [1.3590313792228699]
2019-04-01 21:24:13 INFO     Batch: [4/120] Epoch: [6] Loss: [1.3477296829223633]
2019-04-01 21:24:13 INFO     Batch: [5/120] Epoch: [6] Loss: [1.3458815217018127]
2019-04-01 21:24:13 INFO     Batch: [6/120] Epoch: [6] Loss: [1.3466214452471053]
2019-04-01 21:24:13 INFO     Batch: [7/120] Epoch: [6] Loss: [1.3536143153905869]
2019-04-01 21:24:13 INFO     Batch: [8/120] Epoch: [6] Loss: [1.346809811062283]
2019-04-01 21:24:14 INFO     Batch: [9/120] Epoch: [6] Loss: [1.3373038172721863]
2019-04-01 21:24:14 INFO     Batch: [10/120] Epoch: [6] Loss: [1.3330929279327393]
2019-04-01 21:24:14 INFO     Batch: [11/120] Epoch: [6] Loss: [1.327810247739156]
2019-04-01 21:24:14 INFO     Batch: [12/120] Epoch: [6] Loss: [1.3183916623775775]
2019-04-01 21:24:14 INFO     Batch: [13/120] Epoch: [6] Loss: [1.3166977592876978]
2019-04-01 21:24:14 INFO     Batch: [14/120] Epoch: [6] Loss: [1.320535167058309]
2019-04-01 21:24:14 INFO     Batch: [15/120] Epoch: [6] Loss: [1.3150538951158524]
2019-04-01 21:24:15 INFO     Batch: [16/120] Epoch: [6] Loss: [1.3090700051363777]
2019-04-01 21:24:15 INFO     Batch: [17/120] Epoch: [6] Loss: [1.3053230709499783]
2019-04-01 21:24:15 INFO     Batch: [18/120] Epoch: [6] Loss: [1.2994442613501298]
2019-04-01 21:24:15 INFO     Batch: [19/120] Epoch: [6] Loss: [1.299215590953827]
2019-04-01 21:24:15 INFO     Batch: [20/120] Epoch: [6] Loss: [1.2979662986028762]
2019-04-01 21:24:15 INFO     Batch: [21/120] Epoch: [6] Loss: [1.298244682225314]
2019-04-01 21:24:15 INFO     Batch: [22/120] Epoch: [6] Loss: [1.2990504866061003]
2019-04-01 21:24:16 INFO     Batch: [23/120] Epoch: [6] Loss: [1.2993694444497426]
2019-04-01 21:24:16 INFO     Batch: [24/120] Epoch: [6] Loss: [1.299929656982422]
2019-04-01 21:24:16 INFO     Batch: [25/120] Epoch: [6] Loss: [1.2974355908540578]
2019-04-01 21:24:16 INFO     Batch: [26/120] Epoch: [6] Loss: [1.2960846291648016]
2019-04-01 21:24:16 INFO     Batch: [27/120] Epoch: [6] Loss: [1.2947636800152915]
2019-04-01 21:24:16 INFO     Batch: [28/120] Epoch: [6] Loss: [1.2930763137751613]
2019-04-01 21:24:16 INFO     Batch: [29/120] Epoch: [6] Loss: [1.2943800290425618]
2019-04-01 21:24:17 INFO     Batch: [30/120] Epoch: [6] Loss: [1.2936139914297289]
2019-04-01 21:24:17 INFO     Batch: [31/120] Epoch: [6] Loss: [1.2909566015005112]
2019-04-01 21:24:17 INFO     Batch: [32/120] Epoch: [6] Loss: [1.2882446411884192]
2019-04-01 21:24:17 INFO     Batch: [33/120] Epoch: [6] Loss: [1.2930063184569864]
2019-04-01 21:24:17 INFO     Batch: [34/120] Epoch: [6] Loss: [1.2909030641828265]
2019-04-01 21:24:17 INFO     Batch: [35/120] Epoch: [6] Loss: [1.2903156379858653]
2019-04-01 21:24:17 INFO     Batch: [36/120] Epoch: [6] Loss: [1.289210641706312]
2019-04-01 21:24:18 INFO     Batch: [37/120] Epoch: [6] Loss: [1.287488203299673]
2019-04-01 21:24:18 INFO     Batch: [38/120] Epoch: [6] Loss: [1.2880651278373523]
2019-04-01 21:24:18 INFO     Batch: [39/120] Epoch: [6] Loss: [1.285101407766342]
2019-04-01 21:24:18 INFO     Batch: [40/120] Epoch: [6] Loss: [1.2868002856650003]
2019-04-01 21:24:18 INFO     Batch: [41/120] Epoch: [6] Loss: [1.2847124253000533]
2019-04-01 21:24:18 INFO     Batch: [42/120] Epoch: [6] Loss: [1.2865635101185289]
2019-04-01 21:24:18 INFO     Batch: [43/120] Epoch: [6] Loss: [1.2872961895032362]
2019-04-01 21:24:19 INFO     Batch: [44/120] Epoch: [6] Loss: [1.287128864394294]
2019-04-01 21:24:19 INFO     Batch: [45/120] Epoch: [6] Loss: [1.2863281498784604]
2019-04-01 21:24:19 INFO     Batch: [46/120] Epoch: [6] Loss: [1.2864935271283413]
2019-04-01 21:24:19 INFO     Batch: [47/120] Epoch: [6] Loss: [1.2864102000991504]
2019-04-01 21:24:19 INFO     Batch: [48/120] Epoch: [6] Loss: [1.2865737263037234]
2019-04-01 21:24:19 INFO     Batch: [49/120] Epoch: [6] Loss: [1.286452271938324]
2019-04-01 21:24:19 INFO     Batch: [50/120] Epoch: [6] Loss: [1.2874077839009903]
2019-04-01 21:24:19 INFO     Batch: [51/120] Epoch: [6] Loss: [1.2902987003326416]
2019-04-01 21:24:20 INFO     Batch: [52/120] Epoch: [6] Loss: [1.2916617955801621]
2019-04-01 21:24:20 INFO     Batch: [53/120] Epoch: [6] Loss: [1.2914449925775882]
2019-04-01 21:24:20 INFO     Batch: [54/120] Epoch: [6] Loss: [1.2925583535974676]
2019-04-01 21:24:20 INFO     Batch: [55/120] Epoch: [6] Loss: [1.293410958988326]
2019-04-01 21:24:20 INFO     Batch: [56/120] Epoch: [6] Loss: [1.2942260231888085]
2019-04-01 21:24:20 INFO     Batch: [57/120] Epoch: [6] Loss: [1.296008288860321]
2019-04-01 21:24:20 INFO     Batch: [58/120] Epoch: [6] Loss: [1.2970034651837106]
2019-04-01 21:24:21 INFO     Batch: [59/120] Epoch: [6] Loss: [1.2965604225794474]
2019-04-01 21:24:21 INFO     Batch: [60/120] Epoch: [6] Loss: [1.298985571157737]
2019-04-01 21:24:21 INFO     Batch: [61/120] Epoch: [6] Loss: [1.3002413415139722]
2019-04-01 21:24:21 INFO     Batch: [62/120] Epoch: [6] Loss: [1.3003117962489052]
2019-04-01 21:24:21 INFO     Batch: [63/120] Epoch: [6] Loss: [1.3018073327839375]
2019-04-01 21:24:21 INFO     Batch: [64/120] Epoch: [6] Loss: [1.3015915320469782]
2019-04-01 21:24:21 INFO     Batch: [65/120] Epoch: [6] Loss: [1.3029301437464627]
2019-04-01 21:24:22 INFO     Batch: [66/120] Epoch: [6] Loss: [1.3040735881720016]
2019-04-01 21:24:22 INFO     Batch: [67/120] Epoch: [6] Loss: [1.3046837641912348]
2019-04-01 21:24:22 INFO     Batch: [68/120] Epoch: [6] Loss: [1.3051983169887378]
2019-04-01 21:24:22 INFO     Batch: [69/120] Epoch: [6] Loss: [1.3072151984487261]
2019-04-01 21:24:22 INFO     Batch: [70/120] Epoch: [6] Loss: [1.3085279061760702]
2019-04-01 21:24:22 INFO     Batch: [71/120] Epoch: [6] Loss: [1.3090045981936984]
2019-04-01 21:24:22 INFO     Batch: [72/120] Epoch: [6] Loss: [1.3101657988273934]
2019-04-01 21:24:23 INFO     Batch: [73/120] Epoch: [6] Loss: [1.3126735091209412]
2019-04-01 21:24:23 INFO     Batch: [74/120] Epoch: [6] Loss: [1.311162945429484]
2019-04-01 21:24:23 INFO     Batch: [75/120] Epoch: [6] Loss: [1.3130805225748765]
2019-04-01 21:24:23 INFO     Batch: [76/120] Epoch: [6] Loss: [1.315616810476625]
2019-04-01 21:24:23 INFO     Batch: [77/120] Epoch: [6] Loss: [1.3172311033958044]
2019-04-01 21:24:23 INFO     Batch: [78/120] Epoch: [6] Loss: [1.3163788228095332]
2019-04-01 21:24:23 INFO     Batch: [79/120] Epoch: [6] Loss: [1.3164384201169015]
2019-04-01 21:24:24 INFO     Batch: [80/120] Epoch: [6] Loss: [1.3167594008975558]
2019-04-01 21:24:24 INFO     Batch: [81/120] Epoch: [6] Loss: [1.3169235281827973]
2019-04-01 21:24:24 INFO     Batch: [82/120] Epoch: [6] Loss: [1.318079833524773]
2019-04-01 21:24:24 INFO     Batch: [83/120] Epoch: [6] Loss: [1.3189376138505482]
2019-04-01 21:24:24 INFO     Batch: [84/120] Epoch: [6] Loss: [1.319465344092425]
2019-04-01 21:24:24 INFO     Batch: [85/120] Epoch: [6] Loss: [1.320472282032634]
2019-04-01 21:24:24 INFO     Batch: [86/120] Epoch: [6] Loss: [1.3223828803533795]
2019-04-01 21:24:25 INFO     Batch: [87/120] Epoch: [6] Loss: [1.323101744055748]
2019-04-01 21:24:25 INFO     Batch: [88/120] Epoch: [6] Loss: [1.3223862299758398]
2019-04-01 21:24:25 INFO     Batch: [89/120] Epoch: [6] Loss: [1.323601206143697]
2019-04-01 21:24:25 INFO     Batch: [90/120] Epoch: [6] Loss: [1.3229235476189918]
2019-04-01 21:24:25 INFO     Batch: [91/120] Epoch: [6] Loss: [1.3244221754696057]
2019-04-01 21:24:25 INFO     Batch: [92/120] Epoch: [6] Loss: [1.3251248854462818]
2019-04-01 21:24:25 INFO     Batch: [93/120] Epoch: [6] Loss: [1.3270450792414077]
2019-04-01 21:24:25 INFO     Batch: [94/120] Epoch: [6] Loss: [1.326286406266062]
2019-04-01 21:24:26 INFO     Batch: [95/120] Epoch: [6] Loss: [1.3267754142483075]
2019-04-01 21:24:26 INFO     Batch: [96/120] Epoch: [6] Loss: [1.3273594612927782]
2019-04-01 21:24:26 INFO     Batch: [97/120] Epoch: [6] Loss: [1.3288245407902464]
2019-04-01 21:24:26 INFO     Batch: [98/120] Epoch: [6] Loss: [1.3304675263587875]
2019-04-01 21:24:26 INFO     Batch: [99/120] Epoch: [6] Loss: [1.3301516044139863]
2019-04-01 21:24:26 INFO     Batch: [100/120] Epoch: [6] Loss: [1.3304274023169338]
2019-04-01 21:24:26 INFO     Batch: [101/120] Epoch: [6] Loss: [1.3309170042767244]
2019-04-01 21:24:27 INFO     Batch: [102/120] Epoch: [6] Loss: [1.3331627267078288]
2019-04-01 21:24:27 INFO     Batch: [103/120] Epoch: [6] Loss: [1.3343224628613546]
2019-04-01 21:24:27 INFO     Batch: [104/120] Epoch: [6] Loss: [1.3345843939554123]
