2019-04-01 14:26:55 INFO     Loading Data
2019-04-01 14:26:56 INFO     Model Setting Up
2019-04-01 14:27:04 INFO     Start Training
2019-04-01 14:27:13 INFO     Batch: [0/600] Epoch: [0] Loss: [2.3151004314422607]
2019-04-01 14:27:14 INFO     Accuracy: [0.07545454545454545]

2019-04-01 14:27:14 INFO     Batch: [1/600] Epoch: [0] Loss: [2.3050113916397095]
2019-04-01 14:27:14 INFO     Batch: [2/600] Epoch: [0] Loss: [2.298146963119507]
2019-04-01 14:27:14 INFO     Batch: [3/600] Epoch: [0] Loss: [2.2968448400497437]
2019-04-01 14:27:14 INFO     Batch: [4/600] Epoch: [0] Loss: [2.2943671703338624]
2019-04-01 14:27:14 INFO     Batch: [5/600] Epoch: [0] Loss: [2.2892866134643555]
2019-04-01 14:27:14 INFO     Batch: [6/600] Epoch: [0] Loss: [2.289151498249599]
2019-04-01 14:27:14 INFO     Batch: [7/600] Epoch: [0] Loss: [2.2846440374851227]
2019-04-01 14:27:14 INFO     Batch: [8/600] Epoch: [0] Loss: [2.2817966408199735]
2019-04-01 14:27:14 INFO     Batch: [9/600] Epoch: [0] Loss: [2.279233932495117]
2019-04-01 14:27:14 INFO     Batch: [10/600] Epoch: [0] Loss: [2.277101234956221]
2019-04-01 14:27:15 INFO     Accuracy: [0.10909090909090911]

2019-04-01 14:27:15 INFO     Batch: [11/600] Epoch: [0] Loss: [2.2750118374824524]
2019-04-01 14:27:15 INFO     Batch: [12/600] Epoch: [0] Loss: [2.2704577445983887]
2019-04-01 14:27:15 INFO     Batch: [13/600] Epoch: [0] Loss: [2.2674512011664256]
2019-04-01 14:27:15 INFO     Batch: [14/600] Epoch: [0] Loss: [2.26498015721639]
2019-04-01 14:27:16 INFO     Batch: [15/600] Epoch: [0] Loss: [2.260203018784523]
2019-04-01 14:27:16 INFO     Batch: [16/600] Epoch: [0] Loss: [2.2573108392603256]
2019-04-01 14:27:16 INFO     Batch: [17/600] Epoch: [0] Loss: [2.2516593005922108]
2019-04-01 14:27:16 INFO     Batch: [18/600] Epoch: [0] Loss: [2.248612353676244]
2019-04-01 14:27:16 INFO     Batch: [19/600] Epoch: [0] Loss: [2.2468111515045166]
2019-04-01 14:27:16 INFO     Batch: [20/600] Epoch: [0] Loss: [2.245443798246838]
2019-04-01 14:27:17 INFO     Accuracy: [0.11]

2019-04-01 14:27:17 INFO     Batch: [21/600] Epoch: [0] Loss: [2.243222800168124]
2019-04-01 14:27:17 INFO     Batch: [22/600] Epoch: [0] Loss: [2.241638929947563]
2019-04-01 14:27:17 INFO     Batch: [23/600] Epoch: [0] Loss: [2.2391693691412606]
2019-04-01 14:27:17 INFO     Batch: [24/600] Epoch: [0] Loss: [2.2351917743682863]
2019-04-01 14:27:17 INFO     Batch: [25/600] Epoch: [0] Loss: [2.232734047449552]
2019-04-01 14:27:17 INFO     Batch: [26/600] Epoch: [0] Loss: [2.231313873220373]
2019-04-01 14:27:17 INFO     Batch: [27/600] Epoch: [0] Loss: [2.228672649179186]
2019-04-01 14:27:17 INFO     Batch: [28/600] Epoch: [0] Loss: [2.2266117375472496]
2019-04-01 14:27:17 INFO     Batch: [29/600] Epoch: [0] Loss: [2.224358892440796]
2019-04-01 14:27:17 INFO     Batch: [30/600] Epoch: [0] Loss: [2.222447626052364]
2019-04-01 14:27:18 INFO     Accuracy: [0.11818181818181818]

2019-04-01 14:27:18 INFO     Batch: [31/600] Epoch: [0] Loss: [2.2218464091420174]
2019-04-01 14:27:18 INFO     Batch: [32/600] Epoch: [0] Loss: [2.220168619444876]
2019-04-01 14:27:18 INFO     Batch: [33/600] Epoch: [0] Loss: [2.2162314583273495]
2019-04-01 14:27:18 INFO     Batch: [34/600] Epoch: [0] Loss: [2.2163071972983226]
2019-04-01 14:27:19 INFO     Batch: [35/600] Epoch: [0] Loss: [2.213926785522037]
2019-04-01 14:27:19 INFO     Batch: [36/600] Epoch: [0] Loss: [2.212510688884838]
2019-04-01 14:27:19 INFO     Batch: [37/600] Epoch: [0] Loss: [2.2089524331845736]
2019-04-01 14:27:19 INFO     Batch: [38/600] Epoch: [0] Loss: [2.208778760372064]
2019-04-01 14:27:19 INFO     Batch: [39/600] Epoch: [0] Loss: [2.2109017968177795]
2019-04-01 14:27:19 INFO     Batch: [40/600] Epoch: [0] Loss: [2.2076171665656856]
2019-04-01 14:27:20 INFO     Accuracy: [0.1309090909090909]

2019-04-01 14:27:20 INFO     Batch: [41/600] Epoch: [0] Loss: [2.204276522000631]
2019-04-01 14:27:20 INFO     Batch: [42/600] Epoch: [0] Loss: [2.2022140746892886]
2019-04-01 14:27:20 INFO     Batch: [43/600] Epoch: [0] Loss: [2.1989378441463816]
2019-04-01 14:27:20 INFO     Batch: [44/600] Epoch: [0] Loss: [2.197960201899211]
2019-04-01 14:27:20 INFO     Batch: [45/600] Epoch: [0] Loss: [2.1959456412688545]
2019-04-01 14:27:20 INFO     Batch: [46/600] Epoch: [0] Loss: [2.1960979776179537]
2019-04-01 14:27:20 INFO     Batch: [47/600] Epoch: [0] Loss: [2.1931959042946496]
2019-04-01 14:27:20 INFO     Batch: [48/600] Epoch: [0] Loss: [2.1904237610953197]
2019-04-01 14:27:20 INFO     Batch: [49/600] Epoch: [0] Loss: [2.18914758682251]
2019-04-01 14:27:20 INFO     Batch: [50/600] Epoch: [0] Loss: [2.1878844102223716]
2019-04-01 14:27:21 INFO     Accuracy: [0.12090909090909091]

2019-04-01 14:27:21 INFO     Batch: [51/600] Epoch: [0] Loss: [2.1854499028279233]
2019-04-01 14:27:21 INFO     Batch: [52/600] Epoch: [0] Loss: [2.1841929273785285]
2019-04-01 14:27:21 INFO     Batch: [53/600] Epoch: [0] Loss: [2.1825389862060547]
2019-04-01 14:27:21 INFO     Batch: [54/600] Epoch: [0] Loss: [2.1796411167491567]
2019-04-01 14:27:22 INFO     Batch: [55/600] Epoch: [0] Loss: [2.179366784436362]
2019-04-01 14:27:22 INFO     Batch: [56/600] Epoch: [0] Loss: [2.176440531747383]
2019-04-01 14:27:22 INFO     Batch: [57/600] Epoch: [0] Loss: [2.1761743816836128]
2019-04-01 14:27:22 INFO     Batch: [58/600] Epoch: [0] Loss: [2.175773273080082]
2019-04-01 14:27:22 INFO     Batch: [59/600] Epoch: [0] Loss: [2.174476675192515]
2019-04-01 14:27:22 INFO     Batch: [60/600] Epoch: [0] Loss: [2.1739190640996715]
2019-04-01 14:27:23 INFO     Accuracy: [0.09636363636363637]

2019-04-01 14:27:23 INFO     Batch: [61/600] Epoch: [0] Loss: [2.1740354684091385]
2019-04-01 14:27:23 INFO     Batch: [62/600] Epoch: [0] Loss: [2.1718148731050038]
2019-04-01 14:27:23 INFO     Batch: [63/600] Epoch: [0] Loss: [2.1714337281882763]
2019-04-01 14:27:23 INFO     Batch: [64/600] Epoch: [0] Loss: [2.1707587865682747]
2019-04-01 14:27:23 INFO     Batch: [65/600] Epoch: [0] Loss: [2.1695708361538975]
2019-04-01 14:27:23 INFO     Batch: [66/600] Epoch: [0] Loss: [2.169479555158473]
2019-04-01 14:27:23 INFO     Batch: [67/600] Epoch: [0] Loss: [2.168324088349062]
2019-04-01 14:27:23 INFO     Batch: [68/600] Epoch: [0] Loss: [2.1678097939145737]
2019-04-01 14:27:23 INFO     Batch: [69/600] Epoch: [0] Loss: [2.1677700144904]
2019-04-01 14:27:23 INFO     Batch: [70/600] Epoch: [0] Loss: [2.1668396566955135]
2019-04-01 14:27:24 INFO     Accuracy: [0.10454545454545458]

2019-04-01 14:27:24 INFO     Batch: [71/600] Epoch: [0] Loss: [2.1660183601909213]
2019-04-01 14:27:24 INFO     Batch: [72/600] Epoch: [0] Loss: [2.164097152344168]
2019-04-01 14:27:24 INFO     Batch: [73/600] Epoch: [0] Loss: [2.1628026994499]
2019-04-01 14:27:24 INFO     Batch: [74/600] Epoch: [0] Loss: [2.1623646799723306]
2019-04-01 14:27:25 INFO     Batch: [75/600] Epoch: [0] Loss: [2.1608000146715263]
2019-04-01 14:27:25 INFO     Batch: [76/600] Epoch: [0] Loss: [2.15895312792295]
2019-04-01 14:27:25 INFO     Batch: [77/600] Epoch: [0] Loss: [2.15953830572275]
2019-04-01 14:27:25 INFO     Batch: [78/600] Epoch: [0] Loss: [2.158684443823899]
2019-04-01 14:27:25 INFO     Batch: [79/600] Epoch: [0] Loss: [2.1582108229398727]
2019-04-01 14:27:25 INFO     Batch: [80/600] Epoch: [0] Loss: [2.1578003653773554]
2019-04-01 14:27:26 INFO     Accuracy: [0.10454545454545454]

2019-04-01 14:27:26 INFO     Batch: [81/600] Epoch: [0] Loss: [2.15837367569528]
2019-04-01 14:27:26 INFO     Batch: [82/600] Epoch: [0] Loss: [2.1572722297116935]
2019-04-01 14:27:26 INFO     Batch: [83/600] Epoch: [0] Loss: [2.154899695089885]
2019-04-01 14:27:26 INFO     Batch: [84/600] Epoch: [0] Loss: [2.1540157444336834]
2019-04-01 14:27:26 INFO     Batch: [85/600] Epoch: [0] Loss: [2.1529656024866326]
2019-04-01 14:27:26 INFO     Batch: [86/600] Epoch: [0] Loss: [2.1508068229960298]
2019-04-01 14:27:26 INFO     Batch: [87/600] Epoch: [0] Loss: [2.1493460820479826]
2019-04-01 14:27:26 INFO     Batch: [88/600] Epoch: [0] Loss: [2.149729872017764]
2019-04-01 14:27:26 INFO     Batch: [89/600] Epoch: [0] Loss: [2.149236007531484]
2019-04-01 14:27:26 INFO     Batch: [90/600] Epoch: [0] Loss: [2.1478341162859738]
2019-04-01 14:27:27 INFO     Accuracy: [0.12181818181818183]

2019-04-01 14:27:27 INFO     Batch: [91/600] Epoch: [0] Loss: [2.146778898394626]
2019-04-01 14:27:27 INFO     Batch: [92/600] Epoch: [0] Loss: [2.1456329502085203]
2019-04-01 14:27:27 INFO     Batch: [93/600] Epoch: [0] Loss: [2.1442279168900025]
2019-04-01 14:27:28 INFO     Batch: [94/600] Epoch: [0] Loss: [2.1432817220687865]
2019-04-01 14:27:28 INFO     Batch: [95/600] Epoch: [0] Loss: [2.1422810616592565]
2019-04-01 14:27:28 INFO     Batch: [96/600] Epoch: [0] Loss: [2.140660974168286]
2019-04-01 14:27:28 INFO     Batch: [97/600] Epoch: [0] Loss: [2.1395323227862924]
2019-04-01 14:27:28 INFO     Batch: [98/600] Epoch: [0] Loss: [2.140167407315187]
2019-04-01 14:27:28 INFO     Batch: [99/600] Epoch: [0] Loss: [2.1390165305137634]
2019-04-01 14:27:28 INFO     Batch: [100/600] Epoch: [0] Loss: [2.1402539003013383]
2019-04-01 14:27:29 INFO     Accuracy: [0.11727272727272728]

2019-04-01 14:27:29 INFO     Batch: [101/600] Epoch: [0] Loss: [2.140575789937786]
2019-04-01 14:27:29 INFO     Batch: [102/600] Epoch: [0] Loss: [2.139368189191355]
2019-04-01 14:27:29 INFO     Batch: [103/600] Epoch: [0] Loss: [2.138953449634405]
2019-04-01 14:27:29 INFO     Batch: [104/600] Epoch: [0] Loss: [2.1390348797752745]
2019-04-01 14:27:29 INFO     Batch: [105/600] Epoch: [0] Loss: [2.138086381948219]
2019-04-01 14:27:29 INFO     Batch: [106/600] Epoch: [0] Loss: [2.1385997700914046]
2019-04-01 14:27:29 INFO     Batch: [107/600] Epoch: [0] Loss: [2.137447330686781]
2019-04-01 14:27:29 INFO     Batch: [108/600] Epoch: [0] Loss: [2.1367589924313606]
2019-04-01 14:27:29 INFO     Batch: [109/600] Epoch: [0] Loss: [2.1366895935752175]
2019-04-01 14:27:29 INFO     Batch: [110/600] Epoch: [0] Loss: [2.13651240194166]
2019-04-01 14:27:30 INFO     Accuracy: [0.10272727272727274]

2019-04-01 14:27:30 INFO     Batch: [111/600] Epoch: [0] Loss: [2.1359625990901674]
2019-04-01 14:27:30 INFO     Batch: [112/600] Epoch: [0] Loss: [2.1350160383545194]
2019-04-01 14:27:31 INFO     Batch: [113/600] Epoch: [0] Loss: [2.1344688900730064]
2019-04-01 14:27:31 INFO     Batch: [114/600] Epoch: [0] Loss: [2.1340733175692352]
2019-04-01 14:27:31 INFO     Batch: [115/600] Epoch: [0] Loss: [2.1335384948500273]
2019-04-01 14:27:31 INFO     Batch: [116/600] Epoch: [0] Loss: [2.1325937947656355]
2019-04-01 14:27:31 INFO     Batch: [117/600] Epoch: [0] Loss: [2.1314053161669584]
2019-04-01 14:27:31 INFO     Batch: [118/600] Epoch: [0] Loss: [2.1307058384438524]
2019-04-01 14:27:31 INFO     Batch: [119/600] Epoch: [0] Loss: [2.1308411012093225]
2019-04-01 14:27:31 INFO     Batch: [120/600] Epoch: [0] Loss: [2.1299447885229568]
2019-04-01 14:27:32 INFO     Accuracy: [0.12999999999999998]

2019-04-01 14:27:32 INFO     Batch: [121/600] Epoch: [0] Loss: [2.1297476555480332]
2019-04-01 14:27:32 INFO     Batch: [122/600] Epoch: [0] Loss: [2.12852740481617]
2019-04-01 14:27:32 INFO     Batch: [123/600] Epoch: [0] Loss: [2.1278413034254506]
2019-04-01 14:27:32 INFO     Batch: [124/600] Epoch: [0] Loss: [2.1272908210754395]
2019-04-01 14:27:32 INFO     Batch: [125/600] Epoch: [0] Loss: [2.1265212278517467]
2019-04-01 14:27:32 INFO     Batch: [126/600] Epoch: [0] Loss: [2.125189149473596]
2019-04-01 14:27:32 INFO     Batch: [127/600] Epoch: [0] Loss: [2.124321681447327]
2019-04-01 14:27:32 INFO     Batch: [128/600] Epoch: [0] Loss: [2.1237317896628563]
2019-04-01 14:27:32 INFO     Batch: [129/600] Epoch: [0] Loss: [2.12278160406993]
2019-04-01 14:27:33 INFO     Batch: [130/600] Epoch: [0] Loss: [2.1214257851811764]
2019-04-01 14:27:33 INFO     Accuracy: [0.13]

2019-04-01 14:27:33 INFO     Batch: [131/600] Epoch: [0] Loss: [2.120216811245138]
2019-04-01 14:27:33 INFO     Batch: [132/600] Epoch: [0] Loss: [2.1196563647205666]
2019-04-01 14:27:34 INFO     Batch: [133/600] Epoch: [0] Loss: [2.1188614750975994]
2019-04-01 14:27:34 INFO     Batch: [134/600] Epoch: [0] Loss: [2.1185787986826012]
2019-04-01 14:27:34 INFO     Batch: [135/600] Epoch: [0] Loss: [2.118030873291633]
2019-04-01 14:27:34 INFO     Batch: [136/600] Epoch: [0] Loss: [2.1170344483243286]
2019-04-01 14:27:34 INFO     Batch: [137/600] Epoch: [0] Loss: [2.1160912565563037]
2019-04-01 14:27:34 INFO     Batch: [138/600] Epoch: [0] Loss: [2.115722757449253]
2019-04-01 14:27:34 INFO     Batch: [139/600] Epoch: [0] Loss: [2.1152728540556773]
2019-04-01 14:27:34 INFO     Batch: [140/600] Epoch: [0] Loss: [2.1143491192066923]
2019-04-01 14:27:35 INFO     Accuracy: [0.11545454545454548]

2019-04-01 14:27:35 INFO     Batch: [141/600] Epoch: [0] Loss: [2.114032207240521]
2019-04-01 14:27:35 INFO     Batch: [142/600] Epoch: [0] Loss: [2.113524271058036]
2019-04-01 14:27:35 INFO     Batch: [143/600] Epoch: [0] Loss: [2.113330100145605]
2019-04-01 14:27:35 INFO     Batch: [144/600] Epoch: [0] Loss: [2.1126572518513123]
2019-04-01 14:27:35 INFO     Batch: [145/600] Epoch: [0] Loss: [2.112387334647244]
2019-04-01 14:27:35 INFO     Batch: [146/600] Epoch: [0] Loss: [2.1116545516617444]
2019-04-01 14:27:35 INFO     Batch: [147/600] Epoch: [0] Loss: [2.1105949677325584]
2019-04-01 14:27:35 INFO     Batch: [148/600] Epoch: [0] Loss: [2.109242088842712]
2019-04-01 14:27:36 INFO     Batch: [149/600] Epoch: [0] Loss: [2.1081533082326254]
2019-04-01 14:27:36 INFO     Batch: [150/600] Epoch: [0] Loss: [2.10792659450051]
2019-04-01 14:27:36 INFO     Accuracy: [0.12272727272727274]

2019-04-01 14:27:36 INFO     Batch: [151/600] Epoch: [0] Loss: [2.1074242387947284]
2019-04-01 14:27:36 INFO     Batch: [152/600] Epoch: [0] Loss: [2.1070756834316877]
2019-04-01 14:27:37 INFO     Batch: [153/600] Epoch: [0] Loss: [2.1068753623343133]
2019-04-01 14:27:37 INFO     Batch: [154/600] Epoch: [0] Loss: [2.1065262609912505]
2019-04-01 14:27:37 INFO     Batch: [155/600] Epoch: [0] Loss: [2.106165976096422]
2019-04-01 14:27:37 INFO     Batch: [156/600] Epoch: [0] Loss: [2.106605719608866]
2019-04-01 14:27:37 INFO     Batch: [157/600] Epoch: [0] Loss: [2.1057615566857253]
2019-04-01 14:27:37 INFO     Batch: [158/600] Epoch: [0] Loss: [2.1057223448963285]
2019-04-01 14:27:37 INFO     Batch: [159/600] Epoch: [0] Loss: [2.1063576996326447]
2019-04-01 14:27:37 INFO     Batch: [160/600] Epoch: [0] Loss: [2.1058859839942885]
2019-04-01 14:27:38 INFO     Accuracy: [0.11000000000000001]

2019-04-01 14:27:38 INFO     Batch: [161/600] Epoch: [0] Loss: [2.1046526262789595]
2019-04-01 14:27:38 INFO     Batch: [162/600] Epoch: [0] Loss: [2.10387820846464]
2019-04-01 14:27:38 INFO     Batch: [163/600] Epoch: [0] Loss: [2.1037897671141277]
2019-04-01 14:27:38 INFO     Batch: [164/600] Epoch: [0] Loss: [2.103055380329941]
2019-04-01 14:27:38 INFO     Batch: [165/600] Epoch: [0] Loss: [2.1025218130594276]
2019-04-01 14:27:38 INFO     Batch: [166/600] Epoch: [0] Loss: [2.101896594384473]
2019-04-01 14:27:38 INFO     Batch: [167/600] Epoch: [0] Loss: [2.1015738873254683]
2019-04-01 14:27:38 INFO     Batch: [168/600] Epoch: [0] Loss: [2.1025233240522576]
2019-04-01 14:27:38 INFO     Batch: [169/600] Epoch: [0] Loss: [2.1018689295824835]
2019-04-01 14:27:38 INFO     Batch: [170/600] Epoch: [0] Loss: [2.101520712612665]
2019-04-01 14:27:39 INFO     Accuracy: [0.10909090909090911]

2019-04-01 14:27:39 INFO     Batch: [171/600] Epoch: [0] Loss: [2.101145772046821]
2019-04-01 14:27:39 INFO     Batch: [172/600] Epoch: [0] Loss: [2.1016563059966686]
2019-04-01 14:27:39 INFO     Batch: [173/600] Epoch: [0] Loss: [2.1012515542150916]
2019-04-01 14:27:40 INFO     Batch: [174/600] Epoch: [0] Loss: [2.100156332424709]
2019-04-01 14:27:40 INFO     Batch: [175/600] Epoch: [0] Loss: [2.099715508520603]
2019-04-01 14:27:40 INFO     Batch: [176/600] Epoch: [0] Loss: [2.099736719481689]
2019-04-01 14:27:40 INFO     Batch: [177/600] Epoch: [0] Loss: [2.099447963612803]
2019-04-01 14:27:40 INFO     Batch: [178/600] Epoch: [0] Loss: [2.0988554814674334]
2019-04-01 14:27:40 INFO     Batch: [179/600] Epoch: [0] Loss: [2.097845623228285]
2019-04-01 14:27:40 INFO     Batch: [180/600] Epoch: [0] Loss: [2.0978243956908336]
2019-04-01 14:27:41 INFO     Accuracy: [0.10727272727272728]

2019-04-01 14:27:41 INFO     Batch: [181/600] Epoch: [0] Loss: [2.0979879989728825]
2019-04-01 14:27:41 INFO     Batch: [182/600] Epoch: [0] Loss: [2.097984991438402]
2019-04-01 14:27:41 INFO     Batch: [183/600] Epoch: [0] Loss: [2.097756748614104]
2019-04-01 14:27:41 INFO     Batch: [184/600] Epoch: [0] Loss: [2.097464204478908]
2019-04-01 14:27:41 INFO     Batch: [185/600] Epoch: [0] Loss: [2.0964075179510218]
2019-04-01 14:27:41 INFO     Batch: [186/600] Epoch: [0] Loss: [2.0965575400520775]
2019-04-01 14:27:41 INFO     Batch: [187/600] Epoch: [0] Loss: [2.096166254992181]
2019-04-01 14:27:41 INFO     Batch: [188/600] Epoch: [0] Loss: [2.0965792016377525]
2019-04-01 14:27:41 INFO     Batch: [189/600] Epoch: [0] Loss: [2.0964754324210317]
2019-04-01 14:27:41 INFO     Batch: [190/600] Epoch: [0] Loss: [2.096088838202791]
2019-04-01 14:27:42 INFO     Accuracy: [0.09636363636363637]

2019-04-01 14:27:42 INFO     Batch: [191/600] Epoch: [0] Loss: [2.0960834131886563]
2019-04-01 14:27:42 INFO     Batch: [192/600] Epoch: [0] Loss: [2.0957856456232813]
2019-04-01 14:27:42 INFO     Batch: [193/600] Epoch: [0] Loss: [2.095570610356085]
2019-04-01 14:27:42 INFO     Batch: [194/600] Epoch: [0] Loss: [2.09567496409783]
2019-04-01 14:27:42 INFO     Batch: [195/600] Epoch: [0] Loss: [2.0955518733481973]
2019-04-01 14:27:43 INFO     Batch: [196/600] Epoch: [0] Loss: [2.0952341659420033]
2019-04-01 14:27:43 INFO     Batch: [197/600] Epoch: [0] Loss: [2.094658778171347]
2019-04-01 14:27:43 INFO     Batch: [198/600] Epoch: [0] Loss: [2.0945273799512854]
2019-04-01 14:27:43 INFO     Batch: [199/600] Epoch: [0] Loss: [2.0939076977968214]
2019-04-01 14:27:43 INFO     Batch: [200/600] Epoch: [0] Loss: [2.094189932690331]
2019-04-01 14:27:44 INFO     Accuracy: [0.09454545454545454]

2019-04-01 14:27:44 INFO     Batch: [201/600] Epoch: [0] Loss: [2.0939558124778292]
2019-04-01 14:27:44 INFO     Batch: [202/600] Epoch: [0] Loss: [2.093282232730847]
2019-04-01 14:27:44 INFO     Batch: [203/600] Epoch: [0] Loss: [2.093529974128686]
2019-04-01 14:27:44 INFO     Batch: [204/600] Epoch: [0] Loss: [2.093139340819382]
2019-04-01 14:27:44 INFO     Batch: [205/600] Epoch: [0] Loss: [2.093411316570726]
2019-04-01 14:27:44 INFO     Batch: [206/600] Epoch: [0] Loss: [2.0938310836248353]
2019-04-01 14:27:44 INFO     Batch: [207/600] Epoch: [0] Loss: [2.094001459960754]
2019-04-01 14:27:44 INFO     Batch: [208/600] Epoch: [0] Loss: [2.094408639310079]
2019-04-01 14:27:44 INFO     Batch: [209/600] Epoch: [0] Loss: [2.0944775348617917]
2019-04-01 14:27:44 INFO     Batch: [210/600] Epoch: [0] Loss: [2.094664039770009]
2019-04-01 14:27:45 INFO     Accuracy: [0.10636363636363638]

2019-04-01 14:27:45 INFO     Batch: [211/600] Epoch: [0] Loss: [2.094163471235419]
2019-04-01 14:27:45 INFO     Batch: [212/600] Epoch: [0] Loss: [2.094169401227029]
2019-04-01 14:27:45 INFO     Batch: [213/600] Epoch: [0] Loss: [2.093811589423741]
2019-04-01 14:27:45 INFO     Batch: [214/600] Epoch: [0] Loss: [2.0924672503804054]
2019-04-01 14:27:46 INFO     Batch: [215/600] Epoch: [0] Loss: [2.093209225822378]
2019-04-01 14:27:46 INFO     Batch: [216/600] Epoch: [0] Loss: [2.0928483547702914]
2019-04-01 14:27:46 INFO     Batch: [217/600] Epoch: [0] Loss: [2.0922048551226973]
2019-04-01 14:27:46 INFO     Batch: [218/600] Epoch: [0] Loss: [2.0920499721074215]
2019-04-01 14:27:46 INFO     Batch: [219/600] Epoch: [0] Loss: [2.0917508829723706]
2019-04-01 14:27:46 INFO     Batch: [220/600] Epoch: [0] Loss: [2.0914783499359544]
2019-04-01 14:27:47 INFO     Accuracy: [0.11818181818181818]

2019-04-01 14:27:47 INFO     Batch: [221/600] Epoch: [0] Loss: [2.091519941080798]
2019-04-01 14:27:47 INFO     Batch: [222/600] Epoch: [0] Loss: [2.091425928834308]
2019-04-01 14:27:47 INFO     Batch: [223/600] Epoch: [0] Loss: [2.091576279274055]
2019-04-01 14:27:47 INFO     Batch: [224/600] Epoch: [0] Loss: [2.0911873118082682]
2019-04-01 14:27:47 INFO     Batch: [225/600] Epoch: [0] Loss: [2.0908218463965222]
2019-04-01 14:27:47 INFO     Batch: [226/600] Epoch: [0] Loss: [2.091467697714919]
2019-04-01 14:27:47 INFO     Batch: [227/600] Epoch: [0] Loss: [2.0916327258996796]
2019-04-01 14:27:47 INFO     Batch: [228/600] Epoch: [0] Loss: [2.090779787588328]
2019-04-01 14:27:47 INFO     Batch: [229/600] Epoch: [0] Loss: [2.090783329631971]
2019-04-01 14:27:47 INFO     Batch: [230/600] Epoch: [0] Loss: [2.090936935309208]
2019-04-01 14:27:48 INFO     Accuracy: [0.09454545454545453]

2019-04-01 14:27:48 INFO     Batch: [231/600] Epoch: [0] Loss: [2.090162544414915]
2019-04-01 14:27:48 INFO     Batch: [232/600] Epoch: [0] Loss: [2.089868633532217]
2019-04-01 14:27:48 INFO     Batch: [233/600] Epoch: [0] Loss: [2.089285643182249]
2019-04-01 14:27:48 INFO     Batch: [234/600] Epoch: [0] Loss: [2.089039794942166]
2019-04-01 14:27:49 INFO     Batch: [235/600] Epoch: [0] Loss: [2.088797497042155]
2019-04-01 14:27:49 INFO     Batch: [236/600] Epoch: [0] Loss: [2.088735506504397]
2019-04-01 14:27:49 INFO     Batch: [237/600] Epoch: [0] Loss: [2.088402224688971]
2019-04-01 14:27:49 INFO     Batch: [238/600] Epoch: [0] Loss: [2.08777428521272]
2019-04-01 14:27:49 INFO     Batch: [239/600] Epoch: [0] Loss: [2.0875061079859734]
2019-04-01 14:27:49 INFO     Batch: [240/600] Epoch: [0] Loss: [2.087175410318177]
2019-04-01 14:27:50 INFO     Accuracy: [0.10363636363636362]

2019-04-01 14:27:50 INFO     Batch: [241/600] Epoch: [0] Loss: [2.0869206855119753]
2019-04-01 14:27:50 INFO     Batch: [242/600] Epoch: [0] Loss: [2.0867062846328985]
2019-04-01 14:27:50 INFO     Batch: [243/600] Epoch: [0] Loss: [2.087039392991144]
2019-04-01 14:27:50 INFO     Batch: [244/600] Epoch: [0] Loss: [2.086737352974561]
2019-04-01 14:27:50 INFO     Batch: [245/600] Epoch: [0] Loss: [2.0863388393952595]
2019-04-01 14:27:50 INFO     Batch: [246/600] Epoch: [0] Loss: [2.086027066717264]
2019-04-01 14:27:50 INFO     Batch: [247/600] Epoch: [0] Loss: [2.0858219232290023]
2019-04-01 14:27:50 INFO     Batch: [248/600] Epoch: [0] Loss: [2.085155380777566]
2019-04-01 14:27:50 INFO     Batch: [249/600] Epoch: [0] Loss: [2.085550479888916]
2019-04-01 14:27:50 INFO     Batch: [250/600] Epoch: [0] Loss: [2.085512788172262]
2019-04-01 14:27:51 INFO     Accuracy: [0.10636363636363635]

2019-04-01 14:27:51 INFO     Batch: [251/600] Epoch: [0] Loss: [2.0856479084680952]
2019-04-01 14:27:51 INFO     Batch: [252/600] Epoch: [0] Loss: [2.085946038777649]
2019-04-01 14:27:51 INFO     Batch: [253/600] Epoch: [0] Loss: [2.085562011857671]
2019-04-01 14:27:51 INFO     Batch: [254/600] Epoch: [0] Loss: [2.0857050675971833]
2019-04-01 14:27:51 INFO     Batch: [255/600] Epoch: [0] Loss: [2.085100100841373]
2019-04-01 14:27:52 INFO     Batch: [256/600] Epoch: [0] Loss: [2.0845498820687083]
2019-04-01 14:27:52 INFO     Batch: [257/600] Epoch: [0] Loss: [2.084375328333803]
2019-04-01 14:27:52 INFO     Batch: [258/600] Epoch: [0] Loss: [2.0843168064434097]
2019-04-01 14:27:52 INFO     Batch: [259/600] Epoch: [0] Loss: [2.084141696874912]
2019-04-01 14:27:52 INFO     Batch: [260/600] Epoch: [0] Loss: [2.084396479687015]
2019-04-01 14:27:53 INFO     Accuracy: [0.11727272727272729]

2019-04-01 14:27:53 INFO     Batch: [261/600] Epoch: [0] Loss: [2.084426419880554]
2019-04-01 14:27:53 INFO     Batch: [262/600] Epoch: [0] Loss: [2.0843270790440953]
2019-04-01 14:27:53 INFO     Batch: [263/600] Epoch: [0] Loss: [2.0835968418554827]
2019-04-01 14:27:53 INFO     Batch: [264/600] Epoch: [0] Loss: [2.083212734618277]
2019-04-01 14:27:53 INFO     Batch: [265/600] Epoch: [0] Loss: [2.0829489419334815]
2019-04-01 14:27:53 INFO     Batch: [266/600] Epoch: [0] Loss: [2.082531236084213]
2019-04-01 14:27:53 INFO     Batch: [267/600] Epoch: [0] Loss: [2.0825094304867644]
2019-04-01 14:27:53 INFO     Batch: [268/600] Epoch: [0] Loss: [2.081959636681142]
2019-04-01 14:27:53 INFO     Batch: [269/600] Epoch: [0] Loss: [2.082000070148044]
2019-04-01 14:27:53 INFO     Batch: [270/600] Epoch: [0] Loss: [2.0817279754089695]
2019-04-01 14:27:54 INFO     Accuracy: [0.1]

2019-04-01 14:27:54 INFO     Batch: [271/600] Epoch: [0] Loss: [2.081611599115764]
2019-04-01 14:27:54 INFO     Batch: [272/600] Epoch: [0] Loss: [2.0813640578762516]
2019-04-01 14:27:54 INFO     Batch: [273/600] Epoch: [0] Loss: [2.081166834726821]
2019-04-01 14:27:54 INFO     Batch: [274/600] Epoch: [0] Loss: [2.0808792686462403]
2019-04-01 14:27:55 INFO     Batch: [275/600] Epoch: [0] Loss: [2.0805554601593292]
2019-04-01 14:27:55 INFO     Batch: [276/600] Epoch: [0] Loss: [2.080365882883864]
2019-04-01 14:27:55 INFO     Batch: [277/600] Epoch: [0] Loss: [2.080275501707475]
2019-04-01 14:27:55 INFO     Batch: [278/600] Epoch: [0] Loss: [2.080750952057514]
2019-04-01 14:27:55 INFO     Batch: [279/600] Epoch: [0] Loss: [2.0804494619369507]
2019-04-01 14:27:55 INFO     Batch: [280/600] Epoch: [0] Loss: [2.0800850976828578]
2019-04-01 14:27:56 INFO     Accuracy: [0.11545454545454548]

2019-04-01 14:27:56 INFO     Batch: [281/600] Epoch: [0] Loss: [2.079791433422278]
2019-04-01 14:27:56 INFO     Batch: [282/600] Epoch: [0] Loss: [2.08000321860027]
2019-04-01 14:27:56 INFO     Batch: [283/600] Epoch: [0] Loss: [2.0796168030987325]
2019-04-01 14:27:56 INFO     Batch: [284/600] Epoch: [0] Loss: [2.079881252740559]
2019-04-01 14:27:56 INFO     Batch: [285/600] Epoch: [0] Loss: [2.079781130060449]
2019-04-01 14:27:56 INFO     Batch: [286/600] Epoch: [0] Loss: [2.0794188947212406]
2019-04-01 14:27:56 INFO     Batch: [287/600] Epoch: [0] Loss: [2.079091776990228]
2019-04-01 14:27:56 INFO     Batch: [288/600] Epoch: [0] Loss: [2.0789641191390147]
2019-04-01 14:27:56 INFO     Batch: [289/600] Epoch: [0] Loss: [2.078489792758021]
2019-04-01 14:27:56 INFO     Batch: [290/600] Epoch: [0] Loss: [2.0778670032409456]
2019-04-01 14:27:57 INFO     Accuracy: [0.10363636363636365]

2019-04-01 14:27:57 INFO     Batch: [291/600] Epoch: [0] Loss: [2.0778054513343394]
2019-04-01 14:27:57 INFO     Batch: [292/600] Epoch: [0] Loss: [2.0776260582660244]
2019-04-01 14:27:57 INFO     Batch: [293/600] Epoch: [0] Loss: [2.077553324958905]
2019-04-01 14:27:57 INFO     Batch: [294/600] Epoch: [0] Loss: [2.077611247563766]
2019-04-01 14:27:57 INFO     Batch: [295/600] Epoch: [0] Loss: [2.0773995148169027]
2019-04-01 14:27:58 INFO     Batch: [296/600] Epoch: [0] Loss: [2.076805504484209]
2019-04-01 14:27:58 INFO     Batch: [297/600] Epoch: [0] Loss: [2.07655345633526]
2019-04-01 14:27:58 INFO     Batch: [298/600] Epoch: [0] Loss: [2.076001347108031]
2019-04-01 14:27:58 INFO     Batch: [299/600] Epoch: [0] Loss: [2.0760543795426685]
2019-04-01 14:27:58 INFO     Batch: [300/600] Epoch: [0] Loss: [2.0757082558153477]
2019-04-01 14:27:59 INFO     Accuracy: [0.1109090909090909]

2019-04-01 14:27:59 INFO     Batch: [301/600] Epoch: [0] Loss: [2.07527824229752]
2019-04-01 14:27:59 INFO     Batch: [302/600] Epoch: [0] Loss: [2.075306215301992]
2019-04-01 14:27:59 INFO     Batch: [303/600] Epoch: [0] Loss: [2.074793806201533]
2019-04-01 14:27:59 INFO     Batch: [304/600] Epoch: [0] Loss: [2.0746727865250385]
2019-04-01 14:27:59 INFO     Batch: [305/600] Epoch: [0] Loss: [2.0745362736820394]
2019-04-01 14:27:59 INFO     Batch: [306/600] Epoch: [0] Loss: [2.0742281345280453]
2019-04-01 14:27:59 INFO     Batch: [307/600] Epoch: [0] Loss: [2.074203533785684]
2019-04-01 14:27:59 INFO     Batch: [308/600] Epoch: [0] Loss: [2.074065838045287]
2019-04-01 14:27:59 INFO     Batch: [309/600] Epoch: [0] Loss: [2.0743036316287133]
2019-04-01 14:27:59 INFO     Batch: [310/600] Epoch: [0] Loss: [2.0741172649469406]
2019-04-01 14:28:00 INFO     Accuracy: [0.11363636363636363]

2019-04-01 14:28:00 INFO     Batch: [311/600] Epoch: [0] Loss: [2.0740142327088575]
2019-04-01 14:28:00 INFO     Batch: [312/600] Epoch: [0] Loss: [2.0736603127500883]
2019-04-01 14:28:00 INFO     Batch: [313/600] Epoch: [0] Loss: [2.074443594665284]
2019-04-01 14:28:00 INFO     Batch: [314/600] Epoch: [0] Loss: [2.0742598503354994]
2019-04-01 14:28:00 INFO     Batch: [315/600] Epoch: [0] Loss: [2.074269846270356]
2019-04-01 14:28:01 INFO     Batch: [316/600] Epoch: [0] Loss: [2.0745559603633943]
2019-04-01 14:28:01 INFO     Batch: [317/600] Epoch: [0] Loss: [2.074398635318444]
2019-04-01 14:28:01 INFO     Batch: [318/600] Epoch: [0] Loss: [2.0746324570575103]
2019-04-01 14:28:01 INFO     Batch: [319/600] Epoch: [0] Loss: [2.07513190805912]
2019-04-01 14:28:01 INFO     Batch: [320/600] Epoch: [0] Loss: [2.0750245089842894]
2019-04-01 14:28:02 INFO     Accuracy: [0.09090909090909091]

2019-04-01 14:28:02 INFO     Batch: [321/600] Epoch: [0] Loss: [2.0750726942690263]
2019-04-01 14:28:02 INFO     Batch: [322/600] Epoch: [0] Loss: [2.0754331782137276]
2019-04-01 14:28:02 INFO     Batch: [323/600] Epoch: [0] Loss: [2.0760379566086664]
2019-04-01 14:28:02 INFO     Batch: [324/600] Epoch: [0] Loss: [2.0762264273716853]
2019-04-01 14:28:02 INFO     Batch: [325/600] Epoch: [0] Loss: [2.0765572113493467]
2019-04-01 14:28:02 INFO     Batch: [326/600] Epoch: [0] Loss: [2.0771258256486433]
2019-04-01 14:28:02 INFO     Batch: [327/600] Epoch: [0] Loss: [2.0773903705724854]
2019-04-01 14:28:02 INFO     Batch: [328/600] Epoch: [0] Loss: [2.0777461717193972]
2019-04-01 14:28:02 INFO     Batch: [329/600] Epoch: [0] Loss: [2.0783107540824197]
2019-04-01 14:28:02 INFO     Batch: [330/600] Epoch: [0] Loss: [2.078306449504057]
2019-04-01 14:28:03 INFO     Accuracy: [0.0881818181818182]

2019-04-01 14:28:03 INFO     Batch: [331/600] Epoch: [0] Loss: [2.0782514523310835]
2019-04-01 14:28:03 INFO     Batch: [332/600] Epoch: [0] Loss: [2.0776510650331192]
2019-04-01 14:28:03 INFO     Batch: [333/600] Epoch: [0] Loss: [2.0776481232243382]
2019-04-01 14:28:03 INFO     Batch: [334/600] Epoch: [0] Loss: [2.0776297807693482]
2019-04-01 14:28:03 INFO     Batch: [335/600] Epoch: [0] Loss: [2.077266747043246]
2019-04-01 14:28:03 INFO     Batch: [336/600] Epoch: [0] Loss: [2.077244908590345]
2019-04-01 14:28:04 INFO     Batch: [337/600] Epoch: [0] Loss: [2.0768632098767883]
2019-04-01 14:28:04 INFO     Batch: [338/600] Epoch: [0] Loss: [2.077223933903517]
2019-04-01 14:28:04 INFO     Batch: [339/600] Epoch: [0] Loss: [2.0771807558396285]
2019-04-01 14:28:04 INFO     Batch: [340/600] Epoch: [0] Loss: [2.076978228308938]
2019-04-01 14:28:05 INFO     Accuracy: [0.08363636363636363]

2019-04-01 14:28:05 INFO     Batch: [341/600] Epoch: [0] Loss: [2.076897512402451]
2019-04-01 14:28:05 INFO     Batch: [342/600] Epoch: [0] Loss: [2.0766550365064305]
2019-04-01 14:28:05 INFO     Batch: [343/600] Epoch: [0] Loss: [2.0767378380825354]
2019-04-01 14:28:05 INFO     Batch: [344/600] Epoch: [0] Loss: [2.0766603120859117]
2019-04-01 14:28:05 INFO     Batch: [345/600] Epoch: [0] Loss: [2.0764013160170847]
2019-04-01 14:28:05 INFO     Batch: [346/600] Epoch: [0] Loss: [2.0761539561604216]
2019-04-01 14:28:05 INFO     Batch: [347/600] Epoch: [0] Loss: [2.0760311597380143]
2019-04-01 14:28:05 INFO     Batch: [348/600] Epoch: [0] Loss: [2.0759609097396066]
2019-04-01 14:28:05 INFO     Batch: [349/600] Epoch: [0] Loss: [2.0759880873135157]
2019-04-01 14:28:05 INFO     Batch: [350/600] Epoch: [0] Loss: [2.075901217949696]
2019-04-01 14:28:06 INFO     Accuracy: [0.09181818181818181]

2019-04-01 14:28:06 INFO     Batch: [351/600] Epoch: [0] Loss: [2.0758309076455506]
2019-04-01 14:28:06 INFO     Batch: [352/600] Epoch: [0] Loss: [2.07596508403]
2019-04-01 14:28:06 INFO     Batch: [353/600] Epoch: [0] Loss: [2.075627283861408]
2019-04-01 14:28:06 INFO     Batch: [354/600] Epoch: [0] Loss: [2.0752241443580304]
2019-04-01 14:28:06 INFO     Batch: [355/600] Epoch: [0] Loss: [2.0750795435369684]
2019-04-01 14:28:06 INFO     Batch: [356/600] Epoch: [0] Loss: [2.0749821702973184]
2019-04-01 14:28:07 INFO     Batch: [357/600] Epoch: [0] Loss: [2.0748327963845026]
2019-04-01 14:28:07 INFO     Batch: [358/600] Epoch: [0] Loss: [2.074769728030999]
2019-04-01 14:28:07 INFO     Batch: [359/600] Epoch: [0] Loss: [2.075024856461419]
2019-04-01 14:28:07 INFO     Batch: [360/600] Epoch: [0] Loss: [2.074564478403974]
2019-04-01 14:28:07 INFO     Accuracy: [0.09545454545454546]

2019-04-01 14:28:08 INFO     Batch: [361/600] Epoch: [0] Loss: [2.074874727436192]
2019-04-01 14:28:08 INFO     Batch: [362/600] Epoch: [0] Loss: [2.074644184637989]
2019-04-01 14:28:08 INFO     Batch: [363/600] Epoch: [0] Loss: [2.074875832259]
2019-04-01 14:28:08 INFO     Batch: [364/600] Epoch: [0] Loss: [2.074558158116798]
2019-04-01 14:28:08 INFO     Batch: [365/600] Epoch: [0] Loss: [2.074552853902181]
2019-04-01 14:28:08 INFO     Batch: [366/600] Epoch: [0] Loss: [2.0744830983860942]
2019-04-01 14:28:08 INFO     Batch: [367/600] Epoch: [0] Loss: [2.0746442980092503]
2019-04-01 14:28:08 INFO     Batch: [368/600] Epoch: [0] Loss: [2.074840322742617]
2019-04-01 14:28:08 INFO     Batch: [369/600] Epoch: [0] Loss: [2.075095235979235]
2019-04-01 14:28:08 INFO     Batch: [370/600] Epoch: [0] Loss: [2.0751352952818345]
2019-04-01 14:28:09 INFO     Accuracy: [0.09181818181818181]

2019-04-01 14:28:09 INFO     Batch: [371/600] Epoch: [0] Loss: [2.0748505810255646]
2019-04-01 14:28:09 INFO     Batch: [372/600] Epoch: [0] Loss: [2.0750975020769133]
2019-04-01 14:28:09 INFO     Batch: [373/600] Epoch: [0] Loss: [2.075359987702599]
2019-04-01 14:28:09 INFO     Batch: [374/600] Epoch: [0] Loss: [2.0754965267181396]
2019-04-01 14:28:09 INFO     Batch: [375/600] Epoch: [0] Loss: [2.075474429637828]
2019-04-01 14:28:09 INFO     Batch: [376/600] Epoch: [0] Loss: [2.076309737855623]
2019-04-01 14:28:10 INFO     Batch: [377/600] Epoch: [0] Loss: [2.0767321763215243]
2019-04-01 14:28:10 INFO     Batch: [378/600] Epoch: [0] Loss: [2.077253243539453]
2019-04-01 14:28:10 INFO     Batch: [379/600] Epoch: [0] Loss: [2.0778020588975203]
2019-04-01 14:28:10 INFO     Batch: [380/600] Epoch: [0] Loss: [2.0784604030018405]
2019-04-01 14:28:11 INFO     Accuracy: [0.10181818181818182]

2019-04-01 14:28:11 INFO     Batch: [381/600] Epoch: [0] Loss: [2.0787258572603395]
2019-04-01 14:28:11 INFO     Batch: [382/600] Epoch: [0] Loss: [2.079289548390839]
2019-04-01 14:28:11 INFO     Batch: [383/600] Epoch: [0] Loss: [2.079980400080482]
2019-04-01 14:28:11 INFO     Batch: [384/600] Epoch: [0] Loss: [2.081137188998136]
2019-04-01 14:28:11 INFO     Batch: [385/600] Epoch: [0] Loss: [2.0816945232875605]
2019-04-01 14:28:11 INFO     Batch: [386/600] Epoch: [0] Loss: [2.081702006879703]
2019-04-01 14:28:11 INFO     Batch: [387/600] Epoch: [0] Loss: [2.082443357128458]
2019-04-01 14:28:11 INFO     Batch: [388/600] Epoch: [0] Loss: [2.0827983712782285]
2019-04-01 14:28:11 INFO     Batch: [389/600] Epoch: [0] Loss: [2.0834858258565268]
2019-04-01 14:28:11 INFO     Batch: [390/600] Epoch: [0] Loss: [2.08358972456754]
2019-04-01 14:28:12 INFO     Accuracy: [0.09454545454545454]

2019-04-01 14:28:12 INFO     Batch: [391/600] Epoch: [0] Loss: [2.083988323503611]
2019-04-01 14:28:12 INFO     Batch: [392/600] Epoch: [0] Loss: [2.084416627883911]
2019-04-01 14:28:12 INFO     Batch: [393/600] Epoch: [0] Loss: [2.084699515158755]
2019-04-01 14:28:12 INFO     Batch: [394/600] Epoch: [0] Loss: [2.0847602337221556]
2019-04-01 14:28:12 INFO     Batch: [395/600] Epoch: [0] Loss: [2.085517709905451]
2019-04-01 14:28:12 INFO     Batch: [396/600] Epoch: [0] Loss: [2.084979051306506]
2019-04-01 14:28:13 INFO     Batch: [397/600] Epoch: [0] Loss: [2.0852567442697496]
2019-04-01 14:28:13 INFO     Batch: [398/600] Epoch: [0] Loss: [2.085487895143361]
2019-04-01 14:28:13 INFO     Batch: [399/600] Epoch: [0] Loss: [2.085518165230751]
2019-04-01 14:28:13 INFO     Batch: [400/600] Epoch: [0] Loss: [2.085706626387903]
2019-04-01 14:28:13 INFO     Accuracy: [0.09181818181818181]

2019-04-01 14:28:14 INFO     Batch: [401/600] Epoch: [0] Loss: [2.086257706827192]
2019-04-01 14:28:14 INFO     Batch: [402/600] Epoch: [0] Loss: [2.086692920097938]
2019-04-01 14:28:14 INFO     Batch: [403/600] Epoch: [0] Loss: [2.086759666995247]
2019-04-01 14:28:14 INFO     Batch: [404/600] Epoch: [0] Loss: [2.086904781247363]
2019-04-01 14:28:14 INFO     Batch: [405/600] Epoch: [0] Loss: [2.086904622063848]
2019-04-01 14:28:14 INFO     Batch: [406/600] Epoch: [0] Loss: [2.0869917254483084]
2019-04-01 14:28:14 INFO     Batch: [407/600] Epoch: [0] Loss: [2.0868455335205676]
2019-04-01 14:28:14 INFO     Batch: [408/600] Epoch: [0] Loss: [2.0868241314783074]
2019-04-01 14:28:14 INFO     Batch: [409/600] Epoch: [0] Loss: [2.0867142735458]
2019-04-01 14:28:14 INFO     Batch: [410/600] Epoch: [0] Loss: [2.087038025078692]
2019-04-01 14:28:15 INFO     Accuracy: [0.08272727272727272]

2019-04-01 14:28:15 INFO     Batch: [411/600] Epoch: [0] Loss: [2.087275297896376]
2019-04-01 14:28:15 INFO     Batch: [412/600] Epoch: [0] Loss: [2.0869993747868203]
2019-04-01 14:28:15 INFO     Batch: [413/600] Epoch: [0] Loss: [2.0870711659463708]
2019-04-01 14:28:15 INFO     Batch: [414/600] Epoch: [0] Loss: [2.087368756029979]
2019-04-01 14:28:15 INFO     Batch: [415/600] Epoch: [0] Loss: [2.0874511083731284]
2019-04-01 14:28:15 INFO     Batch: [416/600] Epoch: [0] Loss: [2.087360401519483]
2019-04-01 14:28:15 INFO     Batch: [417/600] Epoch: [0] Loss: [2.0872063151957314]
2019-04-01 14:28:16 INFO     Batch: [418/600] Epoch: [0] Loss: [2.0871778296969103]
2019-04-01 14:28:16 INFO     Batch: [419/600] Epoch: [0] Loss: [2.0872636936959768]
2019-04-01 14:28:16 INFO     Batch: [420/600] Epoch: [0] Loss: [2.0872327386625025]
2019-04-01 14:28:16 INFO     Accuracy: [0.09454545454545454]

2019-04-01 14:28:17 INFO     Batch: [421/600] Epoch: [0] Loss: [2.086940058599716]
2019-04-01 14:28:17 INFO     Batch: [422/600] Epoch: [0] Loss: [2.0872033330002013]
2019-04-01 14:28:17 INFO     Batch: [423/600] Epoch: [0] Loss: [2.0873006942137233]
2019-04-01 14:28:17 INFO     Batch: [424/600] Epoch: [0] Loss: [2.0872195058710434]
2019-04-01 14:28:17 INFO     Batch: [425/600] Epoch: [0] Loss: [2.0875305015716195]
2019-04-01 14:28:17 INFO     Batch: [426/600] Epoch: [0] Loss: [2.0872272713681297]
2019-04-01 14:28:17 INFO     Batch: [427/600] Epoch: [0] Loss: [2.087118335416384]
2019-04-01 14:28:17 INFO     Batch: [428/600] Epoch: [0] Loss: [2.0871228721591977]
2019-04-01 14:28:17 INFO     Batch: [429/600] Epoch: [0] Loss: [2.0868739155835883]
2019-04-01 14:28:17 INFO     Batch: [430/600] Epoch: [0] Loss: [2.087191095484935]
2019-04-01 14:28:18 INFO     Accuracy: [0.11090909090909093]

2019-04-01 14:28:18 INFO     Batch: [431/600] Epoch: [0] Loss: [2.0871501095868923]
2019-04-01 14:28:18 INFO     Batch: [432/600] Epoch: [0] Loss: [2.086819519346911]
2019-04-01 14:28:18 INFO     Batch: [433/600] Epoch: [0] Loss: [2.0873430346563664]
2019-04-01 14:28:18 INFO     Batch: [434/600] Epoch: [0] Loss: [2.087525035046983]
2019-04-01 14:28:18 INFO     Batch: [435/600] Epoch: [0] Loss: [2.0879421048208116]
2019-04-01 14:28:18 INFO     Batch: [436/600] Epoch: [0] Loss: [2.0877650858881274]
2019-04-01 14:28:18 INFO     Batch: [437/600] Epoch: [0] Loss: [2.0882772669944587]
2019-04-01 14:28:18 INFO     Batch: [438/600] Epoch: [0] Loss: [2.089042195969671]
2019-04-01 14:28:19 INFO     Batch: [439/600] Epoch: [0] Loss: [2.08917012648149]
2019-04-01 14:28:19 INFO     Batch: [440/600] Epoch: [0] Loss: [2.0892254646673223]
2019-04-01 14:28:19 INFO     Accuracy: [0.08272727272727273]

2019-04-01 14:28:19 INFO     Batch: [441/600] Epoch: [0] Loss: [2.0893017021239615]
2019-04-01 14:28:20 INFO     Batch: [442/600] Epoch: [0] Loss: [2.0899203883875037]
2019-04-01 14:28:20 INFO     Batch: [443/600] Epoch: [0] Loss: [2.089664881830817]
2019-04-01 14:28:20 INFO     Batch: [444/600] Epoch: [0] Loss: [2.0899912185883256]
2019-04-01 14:28:20 INFO     Batch: [445/600] Epoch: [0] Loss: [2.090105940942807]
2019-04-01 14:28:20 INFO     Batch: [446/600] Epoch: [0] Loss: [2.0907465179494564]
2019-04-01 14:28:20 INFO     Batch: [447/600] Epoch: [0] Loss: [2.091143467064415]
2019-04-01 14:28:20 INFO     Batch: [448/600] Epoch: [0] Loss: [2.09166745778447]
2019-04-01 14:28:20 INFO     Batch: [449/600] Epoch: [0] Loss: [2.092513582971361]
2019-04-01 14:28:20 INFO     Batch: [450/600] Epoch: [0] Loss: [2.092786570610334]
2019-04-01 14:28:21 INFO     Accuracy: [0.09636363636363637]

2019-04-01 14:28:21 INFO     Batch: [451/600] Epoch: [0] Loss: [2.0929056822726158]
2019-04-01 14:28:21 INFO     Batch: [452/600] Epoch: [0] Loss: [2.0929819090213733]
2019-04-01 14:28:21 INFO     Batch: [453/600] Epoch: [0] Loss: [2.093289957172545]
2019-04-01 14:28:21 INFO     Batch: [454/600] Epoch: [0] Loss: [2.09355338379577]
2019-04-01 14:28:21 INFO     Batch: [455/600] Epoch: [0] Loss: [2.094277915201689]
2019-04-01 14:28:21 INFO     Batch: [456/600] Epoch: [0] Loss: [2.094222334333791]
2019-04-01 14:28:21 INFO     Batch: [457/600] Epoch: [0] Loss: [2.0944517465658063]
2019-04-01 14:28:22 INFO     Batch: [458/600] Epoch: [0] Loss: [2.095010052579161]
2019-04-01 14:28:22 INFO     Batch: [459/600] Epoch: [0] Loss: [2.0953829117443252]
2019-04-01 14:28:22 INFO     Batch: [460/600] Epoch: [0] Loss: [2.0958732617392717]
2019-04-01 14:28:22 INFO     Accuracy: [0.11454545454545456]

2019-04-01 14:28:22 INFO     Batch: [461/600] Epoch: [0] Loss: [2.0959646866951154]
2019-04-01 14:28:23 INFO     Batch: [462/600] Epoch: [0] Loss: [2.0968215862051713]
2019-04-01 14:28:23 INFO     Batch: [463/600] Epoch: [0] Loss: [2.096913648062739]
2019-04-01 14:28:23 INFO     Batch: [464/600] Epoch: [0] Loss: [2.0970680339362033]
2019-04-01 14:28:23 INFO     Batch: [465/600] Epoch: [0] Loss: [2.097540512617054]
2019-04-01 14:28:23 INFO     Batch: [466/600] Epoch: [0] Loss: [2.0973608289592014]
2019-04-01 14:28:23 INFO     Batch: [467/600] Epoch: [0] Loss: [2.0974634911260033]
2019-04-01 14:28:23 INFO     Batch: [468/600] Epoch: [0] Loss: [2.09742334961637]
2019-04-01 14:28:23 INFO     Batch: [469/600] Epoch: [0] Loss: [2.0972810760457463]
2019-04-01 14:28:23 INFO     Batch: [470/600] Epoch: [0] Loss: [2.0976120767573136]
2019-04-01 14:28:24 INFO     Accuracy: [0.1290909090909091]

2019-04-01 14:28:24 INFO     Batch: [471/600] Epoch: [0] Loss: [2.097588249182297]
2019-04-01 14:28:24 INFO     Batch: [472/600] Epoch: [0] Loss: [2.0974304484514557]
2019-04-01 14:28:24 INFO     Batch: [473/600] Epoch: [0] Loss: [2.097379020497769]
2019-04-01 14:28:24 INFO     Batch: [474/600] Epoch: [0] Loss: [2.0975550947691266]
2019-04-01 14:28:24 INFO     Batch: [475/600] Epoch: [0] Loss: [2.097545373840492]
2019-04-01 14:28:24 INFO     Batch: [476/600] Epoch: [0] Loss: [2.097161708387939]
2019-04-01 14:28:24 INFO     Batch: [477/600] Epoch: [0] Loss: [2.097210313485756]
2019-04-01 14:28:25 INFO     Batch: [478/600] Epoch: [0] Loss: [2.0970615066416824]
2019-04-01 14:28:25 INFO     Batch: [479/600] Epoch: [0] Loss: [2.0968084551393984]
2019-04-01 14:28:25 INFO     Batch: [480/600] Epoch: [0] Loss: [2.096718126176053]
2019-04-01 14:28:25 INFO     Accuracy: [0.11545454545454546]

2019-04-01 14:28:26 INFO     Batch: [481/600] Epoch: [0] Loss: [2.096715393155442]
2019-04-01 14:28:26 INFO     Batch: [482/600] Epoch: [0] Loss: [2.0967830375114582]
2019-04-01 14:28:26 INFO     Batch: [483/600] Epoch: [0] Loss: [2.0966206471289484]
2019-04-01 14:28:26 INFO     Batch: [484/600] Epoch: [0] Loss: [2.0967093524244644]
2019-04-01 14:28:26 INFO     Batch: [485/600] Epoch: [0] Loss: [2.0963151170393077]
2019-04-01 14:28:26 INFO     Batch: [486/600] Epoch: [0] Loss: [2.096025311971347]
2019-04-01 14:28:26 INFO     Batch: [487/600] Epoch: [0] Loss: [2.09621128757469]
2019-04-01 14:28:26 INFO     Batch: [488/600] Epoch: [0] Loss: [2.0957222021430546]
2019-04-01 14:28:26 INFO     Batch: [489/600] Epoch: [0] Loss: [2.0957946624074664]
2019-04-01 14:28:26 INFO     Batch: [490/600] Epoch: [0] Loss: [2.0955543117464925]
2019-04-01 14:28:27 INFO     Accuracy: [0.11636363636363635]

2019-04-01 14:28:27 INFO     Batch: [491/600] Epoch: [0] Loss: [2.0953668106377608]
2019-04-01 14:28:27 INFO     Batch: [492/600] Epoch: [0] Loss: [2.0953057419213996]
2019-04-01 14:28:27 INFO     Batch: [493/600] Epoch: [0] Loss: [2.095132661493201]
2019-04-01 14:28:27 INFO     Batch: [494/600] Epoch: [0] Loss: [2.094855625460846]
2019-04-01 14:28:28 INFO     Batch: [495/600] Epoch: [0] Loss: [2.0950531488464725]
2019-04-01 14:28:28 INFO     Batch: [496/600] Epoch: [0] Loss: [2.094964553652635]
2019-04-01 14:28:28 INFO     Batch: [497/600] Epoch: [0] Loss: [2.0951124851004668]
2019-04-01 14:28:28 INFO     Batch: [498/600] Epoch: [0] Loss: [2.0956420965328486]
2019-04-01 14:28:28 INFO     Batch: [499/600] Epoch: [0] Loss: [2.0955458478927613]
2019-04-01 14:28:28 INFO     Batch: [500/600] Epoch: [0] Loss: [2.095903288104577]
2019-04-01 14:28:29 INFO     Accuracy: [0.1527272727272727]

2019-04-01 14:28:29 INFO     Batch: [501/600] Epoch: [0] Loss: [2.0956302337437513]
2019-04-01 14:28:29 INFO     Batch: [502/600] Epoch: [0] Loss: [2.0954500541061343]
2019-04-01 14:28:29 INFO     Batch: [503/600] Epoch: [0] Loss: [2.0959715670536436]
2019-04-01 14:28:29 INFO     Batch: [504/600] Epoch: [0] Loss: [2.0962783060451544]
2019-04-01 14:28:29 INFO     Batch: [505/600] Epoch: [0] Loss: [2.096102789221074]
2019-04-01 14:28:29 INFO     Batch: [506/600] Epoch: [0] Loss: [2.0959238966070926]
2019-04-01 14:28:29 INFO     Batch: [507/600] Epoch: [0] Loss: [2.0960657983783664]
2019-04-01 14:28:29 INFO     Batch: [508/600] Epoch: [0] Loss: [2.0962060643085563]
2019-04-01 14:28:29 INFO     Batch: [509/600] Epoch: [0] Loss: [2.0964358486381234]
2019-04-01 14:28:30 INFO     Batch: [510/600] Epoch: [0] Loss: [2.0964080855804412]
2019-04-01 14:28:30 INFO     Accuracy: [0.14363636363636365]

2019-04-01 14:28:30 INFO     Batch: [511/600] Epoch: [0] Loss: [2.0967860801611096]
2019-04-01 14:28:30 INFO     Batch: [512/600] Epoch: [0] Loss: [2.0976505551421853]
2019-04-01 14:28:31 INFO     Batch: [513/600] Epoch: [0] Loss: [2.0981711193281387]
2019-04-01 14:28:31 INFO     Batch: [514/600] Epoch: [0] Loss: [2.0990077345116624]
2019-04-01 14:28:31 INFO     Batch: [515/600] Epoch: [0] Loss: [2.0999738433102304]
2019-04-01 14:28:31 INFO     Batch: [516/600] Epoch: [0] Loss: [2.1004841108617285]
2019-04-01 14:28:31 INFO     Batch: [517/600] Epoch: [0] Loss: [2.1014691496907973]
2019-04-01 14:28:31 INFO     Batch: [518/600] Epoch: [0] Loss: [2.102495294774888]
2019-04-01 14:28:31 INFO     Batch: [519/600] Epoch: [0] Loss: [2.1031475509588535]
2019-04-01 14:28:31 INFO     Batch: [520/600] Epoch: [0] Loss: [2.1038794222353974]
2019-04-01 14:28:32 INFO     Accuracy: [0.1727272727272727]

2019-04-01 14:28:32 INFO     Batch: [521/600] Epoch: [0] Loss: [2.103872159660091]
2019-04-01 14:28:32 INFO     Batch: [522/600] Epoch: [0] Loss: [2.1049877040472813]
2019-04-01 14:28:32 INFO     Batch: [523/600] Epoch: [0] Loss: [2.105488420670269]
2019-04-01 14:28:32 INFO     Batch: [524/600] Epoch: [0] Loss: [2.105499793234326]
2019-04-01 14:28:32 INFO     Batch: [525/600] Epoch: [0] Loss: [2.1060190248398727]
2019-04-01 14:28:32 INFO     Batch: [526/600] Epoch: [0] Loss: [2.1063650090961348]
2019-04-01 14:28:32 INFO     Batch: [527/600] Epoch: [0] Loss: [2.107304837893356]
2019-04-01 14:28:32 INFO     Batch: [528/600] Epoch: [0] Loss: [2.1084617412383255]
2019-04-01 14:28:33 INFO     Batch: [529/600] Epoch: [0] Loss: [2.108502618996602]
2019-04-01 14:28:33 INFO     Batch: [530/600] Epoch: [0] Loss: [2.1091640339059343]
2019-04-01 14:28:33 INFO     Accuracy: [0.13]

2019-04-01 14:28:34 INFO     Batch: [531/600] Epoch: [0] Loss: [2.110039942470708]
2019-04-01 14:28:34 INFO     Batch: [532/600] Epoch: [0] Loss: [2.1111493372335666]
2019-04-01 14:28:34 INFO     Batch: [533/600] Epoch: [0] Loss: [2.111407682020566]
2019-04-01 14:28:34 INFO     Batch: [534/600] Epoch: [0] Loss: [2.111932204816943]
2019-04-01 14:28:34 INFO     Batch: [535/600] Epoch: [0] Loss: [2.112325854933084]
2019-04-01 14:28:34 INFO     Batch: [536/600] Epoch: [0] Loss: [2.1127960435505018]
2019-04-01 14:28:34 INFO     Batch: [537/600] Epoch: [0] Loss: [2.1133442392579687]
2019-04-01 14:28:34 INFO     Batch: [538/600] Epoch: [0] Loss: [2.113739524789998]
2019-04-01 14:28:34 INFO     Batch: [539/600] Epoch: [0] Loss: [2.114132257964876]
2019-04-01 14:28:34 INFO     Batch: [540/600] Epoch: [0] Loss: [2.1146551062130885]
2019-04-01 14:28:35 INFO     Accuracy: [0.11909090909090908]

2019-04-01 14:28:35 INFO     Batch: [541/600] Epoch: [0] Loss: [2.114766779201057]
2019-04-01 14:28:35 INFO     Batch: [542/600] Epoch: [0] Loss: [2.1150574866359846]
2019-04-01 14:28:35 INFO     Batch: [543/600] Epoch: [0] Loss: [2.1151767441016784]
2019-04-01 14:28:35 INFO     Batch: [544/600] Epoch: [0] Loss: [2.114924385788244]
2019-04-01 14:28:35 INFO     Batch: [545/600] Epoch: [0] Loss: [2.1150631332572125]
2019-04-01 14:28:35 INFO     Batch: [546/600] Epoch: [0] Loss: [2.114992649507261]
2019-04-01 14:28:35 INFO     Batch: [547/600] Epoch: [0] Loss: [2.1146676442483914]
2019-04-01 14:28:35 INFO     Batch: [548/600] Epoch: [0] Loss: [2.115064504368058]
2019-04-01 14:28:36 INFO     Batch: [549/600] Epoch: [0] Loss: [2.1148044083335185]
2019-04-01 14:28:36 INFO     Batch: [550/600] Epoch: [0] Loss: [2.114628708297674]
2019-04-01 14:28:36 INFO     Accuracy: [0.12818181818181817]

2019-04-01 14:28:36 INFO     Batch: [551/600] Epoch: [0] Loss: [2.114580406658891]
2019-04-01 14:28:36 INFO     Batch: [552/600] Epoch: [0] Loss: [2.11413785324821]
2019-04-01 14:28:37 INFO     Batch: [553/600] Epoch: [0] Loss: [2.1140757822818275]
2019-04-01 14:28:37 INFO     Batch: [554/600] Epoch: [0] Loss: [2.114077600917301]
2019-04-01 14:28:37 INFO     Batch: [555/600] Epoch: [0] Loss: [2.1140383123922692]
2019-04-01 14:28:37 INFO     Batch: [556/600] Epoch: [0] Loss: [2.114206995741469]
2019-04-01 14:28:37 INFO     Batch: [557/600] Epoch: [0] Loss: [2.114061451086434]
2019-04-01 14:28:37 INFO     Batch: [558/600] Epoch: [0] Loss: [2.114050333956273]
2019-04-01 14:28:37 INFO     Batch: [559/600] Epoch: [0] Loss: [2.11377584955522]
2019-04-01 14:28:37 INFO     Batch: [560/600] Epoch: [0] Loss: [2.113659598823112]
2019-04-01 14:28:38 INFO     Accuracy: [0.11454545454545456]

2019-04-01 14:28:38 INFO     Batch: [561/600] Epoch: [0] Loss: [2.1133443462891086]
2019-04-01 14:28:38 INFO     Batch: [562/600] Epoch: [0] Loss: [2.1133498546285274]
2019-04-01 14:28:38 INFO     Batch: [563/600] Epoch: [0] Loss: [2.113257276885053]
2019-04-01 14:28:38 INFO     Batch: [564/600] Epoch: [0] Loss: [2.113123067290382]
2019-04-01 14:28:38 INFO     Batch: [565/600] Epoch: [0] Loss: [2.113238590976796]
2019-04-01 14:28:38 INFO     Batch: [566/600] Epoch: [0] Loss: [2.113063060627623]
2019-04-01 14:28:38 INFO     Batch: [567/600] Epoch: [0] Loss: [2.1132041037502423]
2019-04-01 14:28:38 INFO     Batch: [568/600] Epoch: [0] Loss: [2.1132640002691474]
2019-04-01 14:28:38 INFO     Batch: [569/600] Epoch: [0] Loss: [2.113731422968078]
2019-04-01 14:28:39 INFO     Batch: [570/600] Epoch: [0] Loss: [2.113665579288102]
2019-04-01 14:28:39 INFO     Accuracy: [0.11727272727272729]

2019-04-01 14:28:39 INFO     Batch: [571/600] Epoch: [0] Loss: [2.113571200962667]
2019-04-01 14:28:39 INFO     Batch: [572/600] Epoch: [0] Loss: [2.113449026568814]
2019-04-01 14:28:40 INFO     Batch: [573/600] Epoch: [0] Loss: [2.11356109256113]
2019-04-01 14:28:40 INFO     Batch: [574/600] Epoch: [0] Loss: [2.113745846748352]
2019-04-01 14:28:40 INFO     Batch: [575/600] Epoch: [0] Loss: [2.114005200771822]
2019-04-01 14:28:40 INFO     Batch: [576/600] Epoch: [0] Loss: [2.113841454945569]
2019-04-01 14:28:40 INFO     Batch: [577/600] Epoch: [0] Loss: [2.113933292020976]
2019-04-01 14:28:40 INFO     Batch: [578/600] Epoch: [0] Loss: [2.114267563984596]
2019-04-01 14:28:40 INFO     Batch: [579/600] Epoch: [0] Loss: [2.114267798744399]
2019-04-01 14:28:40 INFO     Batch: [580/600] Epoch: [0] Loss: [2.1144315418811344]
2019-04-01 14:28:41 INFO     Accuracy: [0.12636363636363634]

2019-04-01 14:28:41 INFO     Batch: [581/600] Epoch: [0] Loss: [2.114722295520232]
2019-04-01 14:28:41 INFO     Batch: [582/600] Epoch: [0] Loss: [2.1152513888033546]
2019-04-01 14:28:41 INFO     Batch: [583/600] Epoch: [0] Loss: [2.115467251367765]
2019-04-01 14:28:41 INFO     Batch: [584/600] Epoch: [0] Loss: [2.1156260614721183]
2019-04-01 14:28:41 INFO     Batch: [585/600] Epoch: [0] Loss: [2.11607899824507]
2019-04-01 14:28:41 INFO     Batch: [586/600] Epoch: [0] Loss: [2.1162932213567185]
2019-04-01 14:28:41 INFO     Batch: [587/600] Epoch: [0] Loss: [2.116383178501713]
2019-04-01 14:28:41 INFO     Batch: [588/600] Epoch: [0] Loss: [2.116766126734696]
2019-04-01 14:28:41 INFO     Batch: [589/600] Epoch: [0] Loss: [2.1174112463401538]
2019-04-01 14:28:42 INFO     Batch: [590/600] Epoch: [0] Loss: [2.117874798032435]
2019-04-01 14:28:42 INFO     Accuracy: [0.10090909090909092]

2019-04-01 14:28:42 INFO     Batch: [591/600] Epoch: [0] Loss: [2.1184591157613575]
2019-04-01 14:28:43 INFO     Batch: [592/600] Epoch: [0] Loss: [2.118798639279795]
2019-04-01 14:28:43 INFO     Batch: [593/600] Epoch: [0] Loss: [2.118867159491838]
2019-04-01 14:28:43 INFO     Batch: [594/600] Epoch: [0] Loss: [2.119252996885476]
2019-04-01 14:28:43 INFO     Batch: [595/600] Epoch: [0] Loss: [2.119733833026566]
2019-04-01 14:28:43 INFO     Batch: [596/600] Epoch: [0] Loss: [2.1202609940389894]
2019-04-01 14:28:43 INFO     Batch: [597/600] Epoch: [0] Loss: [2.120795438720231]
2019-04-01 14:28:43 INFO     Batch: [598/600] Epoch: [0] Loss: [2.121198604620359]
2019-04-01 14:28:43 INFO     Batch: [599/600] Epoch: [0] Loss: [2.1215611531337104]
2019-04-01 14:28:44 INFO     Epoch: [0/200] Loss: [2.1215611531337104] Accuracy: [0.10727272727272728]
2019-04-01 14:28:44 INFO     Batch: [0/600] Epoch: [1] Loss: [2.434007406234741]
2019-04-01 14:28:45 INFO     Accuracy: [0.10363636363636365]

2019-04-01 14:28:45 INFO     Batch: [1/600] Epoch: [1] Loss: [2.4373971223831177]
2019-04-01 14:28:45 INFO     Batch: [2/600] Epoch: [1] Loss: [2.4449427922566733]
2019-04-01 14:28:45 INFO     Batch: [3/600] Epoch: [1] Loss: [2.443766951560974]
2019-04-01 14:28:45 INFO     Batch: [4/600] Epoch: [1] Loss: [2.4315539360046388]
2019-04-01 14:28:45 INFO     Batch: [5/600] Epoch: [1] Loss: [2.4453094402949014]
2019-04-01 14:28:45 INFO     Batch: [6/600] Epoch: [1] Loss: [2.4220053809029713]
2019-04-01 14:28:45 INFO     Batch: [7/600] Epoch: [1] Loss: [2.419288456439972]
2019-04-01 14:28:46 INFO     Batch: [8/600] Epoch: [1] Loss: [2.410983535978529]
2019-04-01 14:28:46 INFO     Batch: [9/600] Epoch: [1] Loss: [2.406641697883606]
2019-04-01 14:28:46 INFO     Batch: [10/600] Epoch: [1] Loss: [2.3977910605343906]
2019-04-01 14:28:46 INFO     Accuracy: [0.08727272727272727]

2019-04-01 14:28:47 INFO     Batch: [11/600] Epoch: [1] Loss: [2.3927279909451804]
2019-04-01 14:28:47 INFO     Batch: [12/600] Epoch: [1] Loss: [2.4020886421203613]
2019-04-01 14:28:47 INFO     Batch: [13/600] Epoch: [1] Loss: [2.410760521888733]
2019-04-01 14:28:47 INFO     Batch: [14/600] Epoch: [1] Loss: [2.4109583854675294]
2019-04-01 14:28:47 INFO     Batch: [15/600] Epoch: [1] Loss: [2.419504791498184]
2019-04-01 14:28:47 INFO     Batch: [16/600] Epoch: [1] Loss: [2.4059066351722267]
2019-04-01 14:28:47 INFO     Batch: [17/600] Epoch: [1] Loss: [2.398956855138143]
2019-04-01 14:28:47 INFO     Batch: [18/600] Epoch: [1] Loss: [2.3938512049223246]
2019-04-01 14:28:47 INFO     Batch: [19/600] Epoch: [1] Loss: [2.4048462510108948]
2019-04-01 14:28:47 INFO     Batch: [20/600] Epoch: [1] Loss: [2.4052436692374095]
2019-04-01 14:28:48 INFO     Accuracy: [0.09090909090909091]

2019-04-01 14:28:48 INFO     Batch: [21/600] Epoch: [1] Loss: [2.3980983820828525]
2019-04-01 14:28:48 INFO     Batch: [22/600] Epoch: [1] Loss: [2.3972589762314507]
2019-04-01 14:28:48 INFO     Batch: [23/600] Epoch: [1] Loss: [2.3839129507541656]
2019-04-01 14:28:48 INFO     Batch: [24/600] Epoch: [1] Loss: [2.3777408599853516]
2019-04-01 14:28:48 INFO     Batch: [25/600] Epoch: [1] Loss: [2.377063962129446]
2019-04-01 14:28:48 INFO     Batch: [26/600] Epoch: [1] Loss: [2.373092148039076]
2019-04-01 14:28:48 INFO     Batch: [27/600] Epoch: [1] Loss: [2.378808753831046]
2019-04-01 14:28:48 INFO     Batch: [28/600] Epoch: [1] Loss: [2.3789691513982314]
2019-04-01 14:28:49 INFO     Batch: [29/600] Epoch: [1] Loss: [2.376747981707255]
2019-04-01 14:28:49 INFO     Batch: [30/600] Epoch: [1] Loss: [2.3717673978497906]
2019-04-01 14:28:49 INFO     Accuracy: [0.11181818181818182]

2019-04-01 14:28:49 INFO     Batch: [31/600] Epoch: [1] Loss: [2.3676551952958107]
2019-04-01 14:28:50 INFO     Batch: [32/600] Epoch: [1] Loss: [2.364909027561997]
2019-04-01 14:28:50 INFO     Batch: [33/600] Epoch: [1] Loss: [2.3629368753994213]
2019-04-01 14:28:50 INFO     Batch: [34/600] Epoch: [1] Loss: [2.3670402186257498]
2019-04-01 14:28:50 INFO     Batch: [35/600] Epoch: [1] Loss: [2.3594440486696033]
2019-04-01 14:28:50 INFO     Batch: [36/600] Epoch: [1] Loss: [2.3594431812698775]
2019-04-01 14:28:50 INFO     Batch: [37/600] Epoch: [1] Loss: [2.3540417897073844]
2019-04-01 14:28:50 INFO     Batch: [38/600] Epoch: [1] Loss: [2.347779408479348]
2019-04-01 14:28:50 INFO     Batch: [39/600] Epoch: [1] Loss: [2.347123259305954]
2019-04-01 14:28:50 INFO     Batch: [40/600] Epoch: [1] Loss: [2.347808832075538]
2019-04-01 14:28:51 INFO     Accuracy: [0.1190909090909091]

2019-04-01 14:28:51 INFO     Batch: [41/600] Epoch: [1] Loss: [2.3481924533843994]
2019-04-01 14:28:51 INFO     Batch: [42/600] Epoch: [1] Loss: [2.347241157709166]
2019-04-01 14:28:51 INFO     Batch: [43/600] Epoch: [1] Loss: [2.3426433368162676]
2019-04-01 14:28:51 INFO     Batch: [44/600] Epoch: [1] Loss: [2.3456711716122096]
2019-04-01 14:28:51 INFO     Batch: [45/600] Epoch: [1] Loss: [2.344970526902572]
2019-04-01 14:28:51 INFO     Batch: [46/600] Epoch: [1] Loss: [2.344935488193593]
2019-04-01 14:28:51 INFO     Batch: [47/600] Epoch: [1] Loss: [2.3425061057011285]
2019-04-01 14:28:51 INFO     Batch: [48/600] Epoch: [1] Loss: [2.3428894986911697]
2019-04-01 14:28:52 INFO     Batch: [49/600] Epoch: [1] Loss: [2.3414876222610475]
2019-04-01 14:28:52 INFO     Batch: [50/600] Epoch: [1] Loss: [2.339912171457328]
2019-04-01 14:28:52 INFO     Accuracy: [0.11545454545454546]

2019-04-01 14:28:52 INFO     Batch: [51/600] Epoch: [1] Loss: [2.337627860215994]
2019-04-01 14:28:53 INFO     Batch: [52/600] Epoch: [1] Loss: [2.334064506134897]
2019-04-01 14:28:53 INFO     Batch: [53/600] Epoch: [1] Loss: [2.3357314621960676]
2019-04-01 14:28:53 INFO     Batch: [54/600] Epoch: [1] Loss: [2.333777163245461]
2019-04-01 14:28:53 INFO     Batch: [55/600] Epoch: [1] Loss: [2.336943221943719]
2019-04-01 14:28:53 INFO     Batch: [56/600] Epoch: [1] Loss: [2.3378301712504603]
2019-04-01 14:28:53 INFO     Batch: [57/600] Epoch: [1] Loss: [2.338218721850165]
2019-04-01 14:28:53 INFO     Batch: [58/600] Epoch: [1] Loss: [2.3348608623116704]
2019-04-01 14:28:53 INFO     Batch: [59/600] Epoch: [1] Loss: [2.3338545083999636]
2019-04-01 14:28:53 INFO     Batch: [60/600] Epoch: [1] Loss: [2.3296959712857106]
2019-04-01 14:28:54 INFO     Accuracy: [0.09545454545454544]

2019-04-01 14:28:54 INFO     Batch: [61/600] Epoch: [1] Loss: [2.3276521159756567]
2019-04-01 14:28:54 INFO     Batch: [62/600] Epoch: [1] Loss: [2.3261105143834673]
2019-04-01 14:28:54 INFO     Batch: [63/600] Epoch: [1] Loss: [2.3281978107988834]
2019-04-01 14:28:54 INFO     Batch: [64/600] Epoch: [1] Loss: [2.3289456917689395]
2019-04-01 14:28:54 INFO     Batch: [65/600] Epoch: [1] Loss: [2.3274831627354478]
2019-04-01 14:28:54 INFO     Batch: [66/600] Epoch: [1] Loss: [2.3243019189407574]
2019-04-01 14:28:54 INFO     Batch: [67/600] Epoch: [1] Loss: [2.3224994890830097]
2019-04-01 14:28:54 INFO     Batch: [68/600] Epoch: [1] Loss: [2.321557639301687]
2019-04-01 14:28:54 INFO     Batch: [69/600] Epoch: [1] Loss: [2.324066359656198]
2019-04-01 14:28:55 INFO     Batch: [70/600] Epoch: [1] Loss: [2.327971794235874]
2019-04-01 14:28:55 INFO     Accuracy: [0.08636363636363636]

2019-04-01 14:28:55 INFO     Batch: [71/600] Epoch: [1] Loss: [2.3262422018580966]
2019-04-01 14:28:55 INFO     Batch: [72/600] Epoch: [1] Loss: [2.3247419546728265]
2019-04-01 14:28:55 INFO     Batch: [73/600] Epoch: [1] Loss: [2.325210548735954]
2019-04-01 14:28:56 INFO     Batch: [74/600] Epoch: [1] Loss: [2.3271904754638673]
2019-04-01 14:28:56 INFO     Batch: [75/600] Epoch: [1] Loss: [2.3277297678746676]
2019-04-01 14:28:56 INFO     Batch: [76/600] Epoch: [1] Loss: [2.325014207270238]
2019-04-01 14:28:56 INFO     Batch: [77/600] Epoch: [1] Loss: [2.320633052251278]
2019-04-01 14:28:56 INFO     Batch: [78/600] Epoch: [1] Loss: [2.320878522305549]
2019-04-01 14:28:56 INFO     Batch: [79/600] Epoch: [1] Loss: [2.317870722711086]
2019-04-01 14:28:56 INFO     Batch: [80/600] Epoch: [1] Loss: [2.3211304302568787]
2019-04-01 14:28:57 INFO     Accuracy: [0.11818181818181818]

2019-04-01 14:28:57 INFO     Batch: [81/600] Epoch: [1] Loss: [2.318478734028049]
2019-04-01 14:28:57 INFO     Batch: [82/600] Epoch: [1] Loss: [2.317635086645563]
2019-04-01 14:28:57 INFO     Batch: [83/600] Epoch: [1] Loss: [2.315978324129468]
2019-04-01 14:28:57 INFO     Batch: [84/600] Epoch: [1] Loss: [2.312543017723981]
2019-04-01 14:28:57 INFO     Batch: [85/600] Epoch: [1] Loss: [2.312047823917034]
2019-04-01 14:28:57 INFO     Batch: [86/600] Epoch: [1] Loss: [2.3110782812381614]
2019-04-01 14:28:57 INFO     Batch: [87/600] Epoch: [1] Loss: [2.3109727027741345]
2019-04-01 14:28:57 INFO     Batch: [88/600] Epoch: [1] Loss: [2.3058693663457808]
2019-04-01 14:28:57 INFO     Batch: [89/600] Epoch: [1] Loss: [2.3055179874102274]
2019-04-01 14:28:57 INFO     Batch: [90/600] Epoch: [1] Loss: [2.3057671261357737]
2019-04-01 14:28:58 INFO     Accuracy: [0.09818181818181819]

2019-04-01 14:28:58 INFO     Batch: [91/600] Epoch: [1] Loss: [2.3058920126894247]
2019-04-01 14:28:58 INFO     Batch: [92/600] Epoch: [1] Loss: [2.308358265507606]
2019-04-01 14:28:58 INFO     Batch: [93/600] Epoch: [1] Loss: [2.307372299914664]
2019-04-01 14:28:59 INFO     Batch: [94/600] Epoch: [1] Loss: [2.3092975729390193]
2019-04-01 14:28:59 INFO     Batch: [95/600] Epoch: [1] Loss: [2.310304295271635]
2019-04-01 14:28:59 INFO     Batch: [96/600] Epoch: [1] Loss: [2.310717171000451]
2019-04-01 14:28:59 INFO     Batch: [97/600] Epoch: [1] Loss: [2.311509279572234]
2019-04-01 14:28:59 INFO     Batch: [98/600] Epoch: [1] Loss: [2.3104526984571208]
2019-04-01 14:28:59 INFO     Batch: [99/600] Epoch: [1] Loss: [2.31210831284523]
2019-04-01 14:28:59 INFO     Batch: [100/600] Epoch: [1] Loss: [2.3102946694534605]
2019-04-01 14:29:00 INFO     Accuracy: [0.0990909090909091]

2019-04-01 14:29:00 INFO     Batch: [101/600] Epoch: [1] Loss: [2.309070008642533]
2019-04-01 14:29:00 INFO     Batch: [102/600] Epoch: [1] Loss: [2.3098860863343025]
2019-04-01 14:29:00 INFO     Batch: [103/600] Epoch: [1] Loss: [2.311211708646554]
2019-04-01 14:29:00 INFO     Batch: [104/600] Epoch: [1] Loss: [2.313770211310614]
2019-04-01 14:29:00 INFO     Batch: [105/600] Epoch: [1] Loss: [2.3124346496923915]
2019-04-01 14:29:00 INFO     Batch: [106/600] Epoch: [1] Loss: [2.312857308120371]
2019-04-01 14:29:00 INFO     Batch: [107/600] Epoch: [1] Loss: [2.315462444667463]
2019-04-01 14:29:00 INFO     Batch: [108/600] Epoch: [1] Loss: [2.315398022669171]
2019-04-01 14:29:00 INFO     Batch: [109/600] Epoch: [1] Loss: [2.316380033709786]
2019-04-01 14:29:00 INFO     Batch: [110/600] Epoch: [1] Loss: [2.3159674406051636]
2019-04-01 14:29:01 INFO     Accuracy: [0.10454545454545454]

2019-04-01 14:29:01 INFO     Batch: [111/600] Epoch: [1] Loss: [2.3141501492687633]
2019-04-01 14:29:01 INFO     Batch: [112/600] Epoch: [1] Loss: [2.3157835481441125]
2019-04-01 14:29:01 INFO     Batch: [113/600] Epoch: [1] Loss: [2.31850277436407]
2019-04-01 14:29:02 INFO     Batch: [114/600] Epoch: [1] Loss: [2.319338430529055]
2019-04-01 14:29:02 INFO     Batch: [115/600] Epoch: [1] Loss: [2.3213570785933526]
2019-04-01 14:29:02 INFO     Batch: [116/600] Epoch: [1] Loss: [2.3225139094214153]
2019-04-01 14:29:02 INFO     Batch: [117/600] Epoch: [1] Loss: [2.322670491065009]
2019-04-01 14:29:02 INFO     Batch: [118/600] Epoch: [1] Loss: [2.3240595194471982]
2019-04-01 14:29:02 INFO     Batch: [119/600] Epoch: [1] Loss: [2.325441711147626]
2019-04-01 14:29:02 INFO     Batch: [120/600] Epoch: [1] Loss: [2.3286702130451675]
2019-04-01 14:29:03 INFO     Accuracy: [0.10272727272727274]

2019-04-01 14:29:03 INFO     Batch: [121/600] Epoch: [1] Loss: [2.331014067423148]
2019-04-01 14:29:03 INFO     Batch: [122/600] Epoch: [1] Loss: [2.3321865079848747]
2019-04-01 14:29:03 INFO     Batch: [123/600] Epoch: [1] Loss: [2.3322630092020957]
2019-04-01 14:29:03 INFO     Batch: [124/600] Epoch: [1] Loss: [2.333421854972839]
2019-04-01 14:29:03 INFO     Batch: [125/600] Epoch: [1] Loss: [2.334711927270132]
2019-04-01 14:29:03 INFO     Batch: [126/600] Epoch: [1] Loss: [2.3373243930771594]
2019-04-01 14:29:03 INFO     Batch: [127/600] Epoch: [1] Loss: [2.3376998798921704]
2019-04-01 14:29:03 INFO     Batch: [128/600] Epoch: [1] Loss: [2.337990247926047]
2019-04-01 14:29:03 INFO     Batch: [129/600] Epoch: [1] Loss: [2.338378923672896]
2019-04-01 14:29:04 INFO     Batch: [130/600] Epoch: [1] Loss: [2.3393878945867526]
2019-04-01 14:29:04 INFO     Accuracy: [0.12636363636363637]

2019-04-01 14:29:04 INFO     Batch: [131/600] Epoch: [1] Loss: [2.3401031015497264]
2019-04-01 14:29:04 INFO     Batch: [132/600] Epoch: [1] Loss: [2.3396805578604676]
2019-04-01 14:29:05 INFO     Batch: [133/600] Epoch: [1] Loss: [2.3389136533238997]
2019-04-01 14:29:05 INFO     Batch: [134/600] Epoch: [1] Loss: [2.339606612700003]
2019-04-01 14:29:05 INFO     Batch: [135/600] Epoch: [1] Loss: [2.3408706074251846]
2019-04-01 14:29:05 INFO     Batch: [136/600] Epoch: [1] Loss: [2.3397174116468777]
2019-04-01 14:29:05 INFO     Batch: [137/600] Epoch: [1] Loss: [2.339245645032413]
2019-04-01 14:29:05 INFO     Batch: [138/600] Epoch: [1] Loss: [2.337358310925875]
2019-04-01 14:29:05 INFO     Batch: [139/600] Epoch: [1] Loss: [2.336775383778981]
2019-04-01 14:29:05 INFO     Batch: [140/600] Epoch: [1] Loss: [2.336570334772692]
2019-04-01 14:29:06 INFO     Accuracy: [0.12000000000000001]

2019-04-01 14:29:06 INFO     Batch: [141/600] Epoch: [1] Loss: [2.3362082385681044]
2019-04-01 14:29:06 INFO     Batch: [142/600] Epoch: [1] Loss: [2.3344494521201073]
2019-04-01 14:29:06 INFO     Batch: [143/600] Epoch: [1] Loss: [2.333414260711935]
2019-04-01 14:29:06 INFO     Batch: [144/600] Epoch: [1] Loss: [2.333259136101295]
2019-04-01 14:29:06 INFO     Batch: [145/600] Epoch: [1] Loss: [2.3339004933017575]
2019-04-01 14:29:06 INFO     Batch: [146/600] Epoch: [1] Loss: [2.333335045243607]
2019-04-01 14:29:06 INFO     Batch: [147/600] Epoch: [1] Loss: [2.333985439023456]
2019-04-01 14:29:06 INFO     Batch: [148/600] Epoch: [1] Loss: [2.3324173800897277]
2019-04-01 14:29:07 INFO     Batch: [149/600] Epoch: [1] Loss: [2.3306511282920837]
2019-04-01 14:29:07 INFO     Batch: [150/600] Epoch: [1] Loss: [2.3288166483506463]
2019-04-01 14:29:07 INFO     Accuracy: [0.11636363636363639]

2019-04-01 14:29:07 INFO     Batch: [151/600] Epoch: [1] Loss: [2.3266994647289576]
2019-04-01 14:29:07 INFO     Batch: [152/600] Epoch: [1] Loss: [2.325885647262623]
2019-04-01 14:29:08 INFO     Batch: [153/600] Epoch: [1] Loss: [2.3236318648635566]
2019-04-01 14:29:08 INFO     Batch: [154/600] Epoch: [1] Loss: [2.3220761875952443]
2019-04-01 14:29:08 INFO     Batch: [155/600] Epoch: [1] Loss: [2.3208575623157697]
2019-04-01 14:29:08 INFO     Batch: [156/600] Epoch: [1] Loss: [2.3211734302484306]
2019-04-01 14:29:08 INFO     Batch: [157/600] Epoch: [1] Loss: [2.3195405587365356]
2019-04-01 14:29:08 INFO     Batch: [158/600] Epoch: [1] Loss: [2.317817688738025]
2019-04-01 14:29:08 INFO     Batch: [159/600] Epoch: [1] Loss: [2.316008552163839]
2019-04-01 14:29:08 INFO     Batch: [160/600] Epoch: [1] Loss: [2.3135896913753533]
2019-04-01 14:29:09 INFO     Accuracy: [0.09272727272727273]

2019-04-01 14:29:09 INFO     Batch: [161/600] Epoch: [1] Loss: [2.3126049556849915]
2019-04-01 14:29:09 INFO     Batch: [162/600] Epoch: [1] Loss: [2.3114017635766713]
