2019-04-06 21:30:50 INFO     Loading Data
2019-04-06 21:30:50 INFO     Model Setting Up
2019-04-06 21:31:01 INFO     Loading the trained models from step 1950...
2019-04-06 21:31:06 INFO     Accuracy: 0.6052
2019-04-06 21:31:08 INFO     Accuracy: 0.7317000000000001
2019-04-06 21:31:11 INFO     Accuracy: 0.5222
2019-04-06 21:31:13 INFO     Accuracy: 0.6873
2019-04-06 21:31:16 INFO     Accuracy: 0.8487
2019-04-06 21:31:18 INFO     Accuracy: 0.6814
2019-04-06 21:31:21 INFO     Accuracy: 0.4842000000000001
2019-04-06 21:31:23 INFO     Accuracy: 0.7046
2019-04-06 21:31:26 INFO     Accuracy: 0.8663000000000001
2019-04-06 21:31:28 INFO     Accuracy: 0.4784999999999999
2019-04-06 21:31:31 INFO     Accuracy: 0.6637000000000001
2019-04-06 21:31:33 INFO     Accuracy: 0.6907
2019-04-06 21:31:36 INFO     Accuracy: 0.5051
2019-04-06 21:31:38 INFO     Accuracy: 0.4487
2019-04-06 21:31:41 INFO     Accuracy: 0.3639
2019-04-06 21:31:43 INFO     Accuracy: 0.3921
2019-04-06 21:31:46 INFO     Accuracy: 0.8502000000000001
2019-04-06 21:31:48 INFO     Accuracy: 0.7287999999999999
2019-04-06 21:31:51 INFO     Accuracy: 0.3872
2019-04-06 21:31:53 INFO     Accuracy: 0.781
2019-04-06 21:31:56 INFO     Accuracy: 0.7133999999999999
2019-04-06 21:31:59 INFO     Accuracy: 0.6127
2019-04-06 21:32:01 INFO     Accuracy: 0.3699
2019-04-06 21:32:03 INFO     Accuracy: 0.7855
2019-04-06 21:32:06 INFO     Accuracy: 0.39840000000000003
2019-04-06 21:32:08 INFO     Accuracy: 0.7726
2019-04-06 21:32:11 INFO     Accuracy: 0.47050000000000003
2019-04-06 21:32:13 INFO     Accuracy: 0.8000999999999999
2019-04-06 21:32:16 INFO     Accuracy: 0.8102
2019-04-06 21:32:18 INFO     Accuracy: 0.5595000000000001
2019-04-06 21:32:21 INFO     Accuracy: 0.516
2019-04-06 21:32:23 INFO     Accuracy: 0.45009999999999994
2019-04-06 21:32:26 INFO     Accuracy: 0.5216000000000001
2019-04-06 21:32:28 INFO     Accuracy: 0.38689999999999997
2019-04-06 21:32:31 INFO     Accuracy: 0.616
2019-04-06 21:32:33 INFO     Accuracy: 0.4654
2019-04-06 21:32:36 INFO     Accuracy: 0.6965000000000001
2019-04-06 21:32:38 INFO     Accuracy: 0.4614
2019-04-06 21:32:41 INFO     Accuracy: 0.6572
2019-04-06 21:32:43 INFO     Accuracy: 0.7230000000000001
2019-04-06 21:32:46 INFO     Accuracy: 0.47879999999999995
2019-04-06 21:32:48 INFO     Accuracy: 0.7162
2019-04-06 21:32:51 INFO     Accuracy: 0.6183
2019-04-06 21:32:53 INFO     Accuracy: 0.7548000000000001
2019-04-06 21:32:56 INFO     Accuracy: 0.6835
2019-04-06 21:32:58 INFO     Accuracy: 0.5556
2019-04-06 21:33:01 INFO     Accuracy: 0.6692999999999999
2019-04-06 21:33:03 INFO     Accuracy: 0.4323
2019-04-06 21:33:06 INFO     Accuracy: 0.353
2019-04-06 21:33:08 INFO     Accuracy: 0.49580000000000013
2019-04-06 21:33:10 INFO     Accuracy: 0.6196999999999999
2019-04-06 21:33:13 INFO     Accuracy: 0.8195
2019-04-06 21:33:15 INFO     Accuracy: 0.3664
2019-04-06 21:33:18 INFO     Accuracy: 0.6779
2019-04-06 21:33:20 INFO     Accuracy: 0.5318
2019-04-06 21:33:23 INFO     Accuracy: 0.36860000000000004
2019-04-06 21:33:25 INFO     Accuracy: 0.7275000000000001
2019-04-06 21:33:28 INFO     Accuracy: 0.3751
2019-04-06 21:33:30 INFO     Accuracy: 0.5446
2019-04-06 21:33:33 INFO     Accuracy: 0.673
2019-04-06 21:33:35 INFO     Accuracy: 0.38370000000000004
2019-04-06 21:33:38 INFO     Accuracy: 0.4295
2019-04-06 21:33:40 INFO     Accuracy: 0.41500000000000004
2019-04-06 21:33:43 INFO     Accuracy: 0.6862000000000001
2019-04-06 21:33:45 INFO     Accuracy: 0.6802000000000001
2019-04-06 21:33:48 INFO     Accuracy: 0.6714
2019-04-06 21:33:50 INFO     Accuracy: 0.8797999999999998
2019-04-06 21:33:53 INFO     Accuracy: 0.5818000000000001
2019-04-06 21:33:55 INFO     Accuracy: 0.8938
2019-04-06 21:33:57 INFO     Accuracy: 0.6727
2019-04-06 21:34:00 INFO     Accuracy: 0.3657
2019-04-06 21:34:02 INFO     Accuracy: 0.7750000000000001
2019-04-06 21:34:05 INFO     Accuracy: 0.47570000000000007
2019-04-06 21:34:07 INFO     Accuracy: 0.5828
2019-04-06 21:34:10 INFO     Accuracy: 0.6748
2019-04-06 21:34:12 INFO     Accuracy: 0.39380000000000004
2019-04-06 21:34:15 INFO     Accuracy: 0.7434999999999999
2019-04-06 21:34:17 INFO     Accuracy: 0.6970999999999999
2019-04-06 21:34:20 INFO     Accuracy: 0.46900000000000003
2019-04-06 21:34:22 INFO     Accuracy: 0.4027
2019-04-06 21:34:25 INFO     Accuracy: 0.8978000000000002
2019-04-06 21:34:27 INFO     Accuracy: 0.3802
2019-04-06 21:34:30 INFO     Accuracy: 0.3745
2019-04-06 21:34:32 INFO     Accuracy: 0.5462000000000001
2019-04-06 21:34:35 INFO     Accuracy: 0.73
2019-04-06 21:34:37 INFO     Accuracy: 0.6140999999999999
2019-04-06 21:34:40 INFO     Accuracy: 0.7565999999999999
2019-04-06 21:34:42 INFO     Accuracy: 0.4412
2019-04-06 21:34:45 INFO     Accuracy: 0.7406
2019-04-06 21:34:47 INFO     Accuracy: 0.5187
2019-04-06 21:34:50 INFO     Accuracy: 0.7888
2019-04-06 21:34:52 INFO     Accuracy: 0.44029999999999997
2019-04-06 21:34:55 INFO     Accuracy: 0.475
2019-04-06 21:34:57 INFO     Accuracy: 0.7617
2019-04-06 21:35:00 INFO     Accuracy: 0.7268000000000001
2019-04-06 21:35:02 INFO     Accuracy: 0.3795
2019-04-06 21:35:05 INFO     Accuracy: 0.6070999999999999
2019-04-06 21:35:07 INFO     Accuracy: 0.6077
2019-04-06 21:35:10 INFO     Accuracy: 0.4091
2019-04-06 21:35:12 INFO     Accuracy: 0.6879000000000001
2019-04-06 21:35:15 INFO     Accuracy: 0.36589999999999995
2019-04-06 21:35:17 INFO     Accuracy: 0.48410000000000003
2019-04-06 21:35:20 INFO     Accuracy: 0.5171
2019-04-06 21:35:23 INFO     Accuracy: 0.37200000000000005
2019-04-06 21:35:25 INFO     Accuracy: 0.6228
2019-04-06 21:35:28 INFO     Accuracy: 0.3699
2019-04-06 21:35:30 INFO     Accuracy: 0.39139999999999997
2019-04-06 21:35:33 INFO     Accuracy: 0.5213
2019-04-06 21:35:35 INFO     Accuracy: 0.6118
2019-04-06 21:35:38 INFO     Accuracy: 0.5129999999999999
2019-04-06 21:35:40 INFO     Accuracy: 0.7615999999999999
2019-04-06 21:35:43 INFO     Accuracy: 0.6061000000000001
2019-04-06 21:35:45 INFO     Accuracy: 0.6918
2019-04-06 21:35:48 INFO     Accuracy: 0.8084000000000001
2019-04-06 21:35:50 INFO     Accuracy: 0.3627
2019-04-06 21:35:53 INFO     Accuracy: 0.7492999999999999
2019-04-06 21:35:55 INFO     Accuracy: 0.37229999999999996
2019-04-06 21:35:58 INFO     Accuracy: 0.3869
2019-04-06 21:36:00 INFO     Accuracy: 0.7672
2019-04-06 21:36:03 INFO     Accuracy: 0.376
2019-04-06 21:36:05 INFO     Accuracy: 0.48690000000000005
2019-04-06 21:36:08 INFO     Accuracy: 0.3844
2019-04-06 21:36:10 INFO     Accuracy: 0.6175999999999999
2019-04-06 21:36:13 INFO     Accuracy: 0.3804
2019-04-06 21:36:15 INFO     Accuracy: 0.6896000000000001
2019-04-06 21:36:18 INFO     Accuracy: 0.4941999999999999
2019-04-06 21:36:20 INFO     Accuracy: 0.6753999999999999
2019-04-06 21:36:23 INFO     Accuracy: 0.7137
2019-04-06 21:36:25 INFO     Accuracy: 0.6688
2019-04-06 21:36:28 INFO     Accuracy: 0.4050000000000001
2019-04-06 21:36:30 INFO     Accuracy: 0.6242000000000001
2019-04-06 21:36:33 INFO     Accuracy: 0.6952999999999999
2019-04-06 21:36:35 INFO     Accuracy: 0.3801
2019-04-06 21:36:38 INFO     Accuracy: 0.4659
2019-04-06 21:36:40 INFO     Accuracy: 0.8333999999999999
2019-04-06 21:36:43 INFO     Accuracy: 0.4264
2019-04-06 21:36:45 INFO     Accuracy: 0.8244999999999999
2019-04-06 21:36:48 INFO     Accuracy: 0.3991
2019-04-06 21:36:50 INFO     Accuracy: 0.382
2019-04-06 21:36:53 INFO     Accuracy: 0.5104
2019-04-06 21:36:55 INFO     Accuracy: 0.46049999999999996
2019-04-06 21:36:58 INFO     Accuracy: 0.6725000000000001
2019-04-06 21:37:00 INFO     Accuracy: 0.7042999999999999
2019-04-06 21:37:02 INFO     Accuracy: 0.5321
2019-04-06 21:37:05 INFO     Accuracy: 0.3734
2019-04-06 21:37:07 INFO     Accuracy: 0.6721
2019-04-06 21:37:10 INFO     Accuracy: 0.6557
2019-04-06 21:37:12 INFO     Accuracy: 0.5229
2019-04-06 21:37:15 INFO     Accuracy: 0.6711999999999999
2019-04-06 21:37:17 INFO     Accuracy: 0.6738
2019-04-06 21:37:20 INFO     Accuracy: 0.7394000000000001
2019-04-06 21:37:22 INFO     Accuracy: 0.5146
2019-04-06 21:37:25 INFO     Accuracy: 0.5743
2019-04-06 21:37:27 INFO     Accuracy: 0.586
2019-04-06 21:37:29 INFO     Accuracy: 0.6781999999999999
2019-04-06 21:37:32 INFO     Accuracy: 0.6910999999999999
2019-04-06 21:37:34 INFO     Accuracy: 0.5079
2019-04-06 21:37:37 INFO     Accuracy: 0.6593000000000001
2019-04-06 21:37:39 INFO     Accuracy: 0.5226
2019-04-06 21:37:42 INFO     Accuracy: 0.4843
2019-04-06 21:37:44 INFO     Accuracy: 0.3974000000000001
2019-04-06 21:37:47 INFO     Accuracy: 0.7314
2019-04-06 21:37:49 INFO     Accuracy: 0.6895999999999998
2019-04-06 21:37:52 INFO     Accuracy: 0.6656
2019-04-06 21:37:54 INFO     Accuracy: 0.566
2019-04-06 21:37:57 INFO     Accuracy: 0.796
2019-04-06 21:37:59 INFO     Accuracy: 0.4346
2019-04-06 21:38:02 INFO     Accuracy: 0.7078000000000001
2019-04-06 21:38:04 INFO     Accuracy: 0.7052999999999999
2019-04-06 21:38:07 INFO     Accuracy: 0.5094000000000001
2019-04-06 21:38:09 INFO     Accuracy: 0.7741
2019-04-06 21:38:12 INFO     Accuracy: 0.4763
2019-04-06 21:38:14 INFO     Accuracy: 0.6762
2019-04-06 21:38:17 INFO     Accuracy: 0.46719999999999995
2019-04-06 21:38:19 INFO     Accuracy: 0.6103999999999999
2019-04-06 21:38:22 INFO     Accuracy: 0.3747
2019-04-06 21:38:24 INFO     Accuracy: 0.6940999999999999
2019-04-06 21:38:27 INFO     Accuracy: 0.3981
2019-04-06 21:38:29 INFO     Accuracy: 0.5733999999999999
2019-04-06 21:38:32 INFO     Accuracy: 0.47140000000000004
2019-04-06 21:38:34 INFO     Accuracy: 0.546
2019-04-06 21:38:36 INFO     Accuracy: 0.40700000000000003
2019-04-06 21:38:39 INFO     Accuracy: 0.7407999999999999
2019-04-06 21:38:41 INFO     Accuracy: 0.6500000000000001
2019-04-06 21:38:44 INFO     Accuracy: 0.5358999999999998
2019-04-06 21:38:46 INFO     Accuracy: 0.7133
2019-04-06 21:38:49 INFO     Accuracy: 0.8720000000000001
2019-04-06 21:38:51 INFO     Accuracy: 0.753
2019-04-06 21:38:54 INFO     Accuracy: 0.7758
2019-04-06 21:38:57 INFO     Accuracy: 0.5543000000000001
2019-04-06 21:38:59 INFO     Accuracy: 0.40420000000000006
2019-04-06 21:39:01 INFO     Accuracy: 0.43339999999999995
2019-04-06 21:39:04 INFO     Accuracy: 0.44060000000000005
2019-04-06 21:39:06 INFO     Accuracy: 0.5673000000000001
2019-04-06 21:39:09 INFO     Accuracy: 0.8564999999999999
2019-04-06 21:39:11 INFO     Accuracy: 0.6671
2019-04-06 21:39:14 INFO     Accuracy: 0.7213999999999999
2019-04-06 21:39:16 INFO     Accuracy: 0.5224
2019-04-06 21:39:19 INFO     Accuracy: 0.8489999999999999
2019-04-06 21:39:21 INFO     Accuracy: 0.5383000000000001
2019-04-06 21:39:24 INFO     Accuracy: 0.8137000000000001
2019-04-06 21:39:26 INFO     Accuracy: 0.7403000000000001
2019-04-06 21:39:29 INFO     Accuracy: 0.5857
2019-04-06 21:39:31 INFO     Accuracy: 0.7466
2019-04-06 21:39:34 INFO     Accuracy: 0.5367
2019-04-06 21:39:36 INFO     Accuracy: 0.7755
2019-04-06 21:39:39 INFO     Accuracy: 0.6442
2019-04-06 21:39:41 INFO     Accuracy: 0.7775000000000001
2019-04-06 21:39:44 INFO     Accuracy: 0.6820999999999999
2019-04-06 21:39:46 INFO     Accuracy: 0.67
2019-04-06 21:39:49 INFO     Accuracy: 0.3819
2019-04-06 21:39:51 INFO     Accuracy: 0.6732
2019-04-06 21:39:54 INFO     Accuracy: 0.8391
2019-04-06 21:39:56 INFO     Accuracy: 0.433
2019-04-06 21:39:59 INFO     Accuracy: 0.6620000000000001
2019-04-06 21:40:01 INFO     Accuracy: 0.4636
2019-04-06 21:40:04 INFO     Accuracy: 0.7253999999999999
2019-04-06 21:40:06 INFO     Accuracy: 0.5457
2019-04-06 21:40:09 INFO     Accuracy: 0.48549999999999993
2019-04-06 21:40:11 INFO     Accuracy: 0.8853
2019-04-06 21:40:14 INFO     Accuracy: 0.5507000000000001
2019-04-06 21:40:16 INFO     Accuracy: 0.7389999999999999
2019-04-06 21:40:19 INFO     Accuracy: 0.44820000000000004
2019-04-06 21:40:21 INFO     Accuracy: 0.6619
2019-04-06 21:40:24 INFO     Accuracy: 0.6817
2019-04-06 21:40:26 INFO     Accuracy: 0.38639999999999997
2019-04-06 21:40:29 INFO     Accuracy: 0.7604
2019-04-06 21:40:31 INFO     Accuracy: 0.6024
2019-04-06 21:40:34 INFO     Accuracy: 0.7309000000000001
2019-04-06 21:40:37 INFO     Accuracy: 0.8752000000000001
2019-04-06 21:40:39 INFO     Accuracy: 0.484
2019-04-06 21:40:41 INFO     Accuracy: 0.7951
2019-04-06 21:40:44 INFO     Accuracy: 0.5534999999999999
2019-04-06 21:40:46 INFO     Accuracy: 0.6939
2019-04-06 21:40:49 INFO     Accuracy: 0.7912000000000001
2019-04-06 21:40:51 INFO     Accuracy: 0.7847000000000001
2019-04-06 21:40:54 INFO     Accuracy: 0.6429000000000001
2019-04-06 21:40:56 INFO     Accuracy: 0.7705
2019-04-06 21:40:59 INFO     Accuracy: 0.6853
2019-04-06 21:41:01 INFO     Accuracy: 0.5142999999999999
2019-04-06 21:41:04 INFO     Accuracy: 0.5652
2019-04-06 21:41:06 INFO     Accuracy: 0.8908000000000001
2019-04-06 21:41:08 INFO     Accuracy: 0.6089
2019-04-06 21:41:11 INFO     Accuracy: 0.7325999999999999
2019-04-06 21:41:13 INFO     Accuracy: 0.38370000000000004
2019-04-06 21:41:16 INFO     Accuracy: 0.7041
2019-04-06 21:41:18 INFO     Accuracy: 0.4029000000000001
2019-04-06 21:41:21 INFO     Accuracy: 0.6767000000000001
2019-04-06 21:41:23 INFO     Accuracy: 0.5084000000000001
2019-04-06 21:41:26 INFO     Accuracy: 0.5352
2019-04-06 21:41:28 INFO     Accuracy: 0.7400999999999999
2019-04-06 21:41:31 INFO     Accuracy: 0.7087
2019-04-06 21:41:33 INFO     Accuracy: 0.6917
2019-04-06 21:41:36 INFO     Accuracy: 0.7211
2019-04-06 21:41:38 INFO     Accuracy: 0.7593
2019-04-06 21:41:41 INFO     Accuracy: 0.5235000000000001
2019-04-06 21:41:43 INFO     Accuracy: 0.5375
2019-04-06 21:41:46 INFO     Accuracy: 0.6256
2019-04-06 21:41:48 INFO     Accuracy: 0.6123999999999998
2019-04-06 21:41:51 INFO     Accuracy: 0.6537
2019-04-06 21:41:53 INFO     Accuracy: 0.48679999999999995
2019-04-06 21:41:56 INFO     Accuracy: 0.6881
2019-04-06 21:41:58 INFO     Accuracy: 0.7273
2019-04-06 21:42:01 INFO     Accuracy: 0.7045
2019-04-06 21:42:03 INFO     Accuracy: 0.43640000000000007
2019-04-06 21:42:05 INFO     Accuracy: 0.8176
2019-04-06 21:42:08 INFO     Accuracy: 0.7048
2019-04-06 21:42:10 INFO     Accuracy: 0.6444
2019-04-06 21:42:13 INFO     Accuracy: 0.8447999999999999
2019-04-06 21:42:15 INFO     Accuracy: 0.6400999999999999
2019-04-06 21:42:18 INFO     Accuracy: 0.7491
2019-04-06 21:42:20 INFO     Accuracy: 0.8337
2019-04-06 21:42:23 INFO     Accuracy: 0.6615
2019-04-06 21:42:25 INFO     Accuracy: 0.6489
2019-04-06 21:42:28 INFO     Accuracy: 0.49400000000000005
2019-04-06 21:42:30 INFO     Accuracy: 0.6146
2019-04-06 21:42:33 INFO     Accuracy: 0.5347000000000002
2019-04-06 21:42:35 INFO     Accuracy: 0.7696000000000001
2019-04-06 21:42:38 INFO     Accuracy: 0.4456999999999999
2019-04-06 21:42:41 INFO     Accuracy: 0.6776000000000001
2019-04-06 21:42:43 INFO     Accuracy: 0.4107
2019-04-06 21:42:45 INFO     Accuracy: 0.6704999999999999
2019-04-06 21:42:48 INFO     Accuracy: 0.5475
2019-04-06 21:42:50 INFO     Accuracy: 0.39919999999999994
2019-04-06 21:42:53 INFO     Accuracy: 0.38439999999999996
2019-04-06 21:42:55 INFO     Accuracy: 0.44049999999999995
2019-04-06 21:42:58 INFO     Accuracy: 0.4048999999999999
2019-04-06 21:43:00 INFO     Accuracy: 0.8671
2019-04-06 21:43:03 INFO     Accuracy: 0.4486
2019-04-06 21:43:05 INFO     Accuracy: 0.5925
2019-04-06 21:43:08 INFO     Accuracy: 0.8037000000000001
2019-04-06 21:43:10 INFO     Accuracy: 0.44709999999999994
2019-04-06 21:43:13 INFO     Accuracy: 0.5391
2019-04-06 21:43:15 INFO     Accuracy: 0.8354999999999999
2019-04-06 21:43:18 INFO     Accuracy: 0.5098
2019-04-06 21:43:20 INFO     Accuracy: 0.8027
2019-04-06 21:43:23 INFO     Accuracy: 0.6355000000000001
2019-04-06 21:43:25 INFO     Accuracy: 0.40820000000000006
2019-04-06 21:43:28 INFO     Accuracy: 0.5050000000000001
2019-04-06 21:43:30 INFO     Accuracy: 0.5757999999999999
2019-04-06 21:43:33 INFO     Accuracy: 0.36310000000000003
2019-04-06 21:43:35 INFO     Accuracy: 0.6970999999999999
2019-04-06 21:43:38 INFO     Accuracy: 0.7162
2019-04-06 21:43:40 INFO     Accuracy: 0.42800000000000005
2019-04-06 21:43:43 INFO     Accuracy: 0.8067
2019-04-06 21:43:45 INFO     Accuracy: 0.7497999999999999
2019-04-06 21:43:48 INFO     Accuracy: 0.5312
2019-04-06 21:43:50 INFO     Accuracy: 0.5658000000000001
2019-04-06 21:43:53 INFO     Accuracy: 0.8
2019-04-06 21:43:55 INFO     Accuracy: 0.5653999999999999
2019-04-06 21:43:58 INFO     Accuracy: 0.7508999999999999
2019-04-06 21:44:00 INFO     Accuracy: 0.47630000000000006
2019-04-06 21:44:03 INFO     Accuracy: 0.3916
2019-04-06 21:44:05 INFO     Accuracy: 0.7581
2019-04-06 21:44:08 INFO     Accuracy: 0.6123999999999999
2019-04-06 21:44:10 INFO     Accuracy: 0.5151
2019-04-06 21:44:12 INFO     Accuracy: 0.4178
2019-04-06 21:44:15 INFO     Accuracy: 0.38750000000000007
2019-04-06 21:44:17 INFO     Accuracy: 0.45870000000000005
2019-04-06 21:44:20 INFO     Accuracy: 0.5087
2019-04-06 21:44:22 INFO     Accuracy: 0.6864000000000001
2019-04-06 21:44:25 INFO     Accuracy: 0.36739999999999995
2019-04-06 21:44:27 INFO     Accuracy: 0.37820000000000004
2019-04-06 21:44:30 INFO     Accuracy: 0.7988
2019-04-06 21:44:32 INFO     Accuracy: 0.39540000000000003
2019-04-06 21:44:35 INFO     Accuracy: 0.8229
2019-04-06 21:44:37 INFO     Accuracy: 0.8115000000000002
2019-04-06 21:44:40 INFO     Accuracy: 0.6824999999999999
2019-04-06 21:44:42 INFO     Accuracy: 0.6262
2019-04-06 21:44:45 INFO     Accuracy: 0.3838
2019-04-06 21:44:47 INFO     Accuracy: 0.39980000000000004
2019-04-06 21:44:50 INFO     Accuracy: 0.5841
2019-04-06 21:44:52 INFO     Accuracy: 0.8309
2019-04-06 21:44:55 INFO     Accuracy: 0.8573999999999999
2019-04-06 21:44:57 INFO     Accuracy: 0.48760000000000003
2019-04-06 21:45:00 INFO     Accuracy: 0.4449000000000001
2019-04-06 21:45:02 INFO     Accuracy: 0.475
2019-04-06 21:45:05 INFO     Accuracy: 0.7155
2019-04-06 21:45:07 INFO     Accuracy: 0.7153999999999999
2019-04-06 21:45:10 INFO     Accuracy: 0.8051999999999999
2019-04-06 21:45:12 INFO     Accuracy: 0.3861
2019-04-06 21:45:15 INFO     Accuracy: 0.8807
2019-04-06 21:45:17 INFO     Accuracy: 0.39860000000000007
2019-04-06 21:45:20 INFO     Accuracy: 0.3732
2019-04-06 21:45:22 INFO     Accuracy: 0.5722
2019-04-06 21:45:25 INFO     Accuracy: 0.37860000000000005
2019-04-06 21:45:27 INFO     Accuracy: 0.6602000000000001
2019-04-06 21:45:29 INFO     Accuracy: 0.6975
2019-04-06 21:45:32 INFO     Accuracy: 0.48949999999999994
2019-04-06 21:45:35 INFO     Accuracy: 0.4452999999999999
2019-04-06 21:45:37 INFO     Accuracy: 0.38489999999999996
2019-04-06 21:45:40 INFO     Accuracy: 0.7373999999999999
2019-04-06 21:45:42 INFO     Accuracy: 0.6792
2019-04-06 21:45:45 INFO     Accuracy: 0.39790000000000003
2019-04-06 21:45:47 INFO     Accuracy: 0.6384
2019-04-06 21:45:50 INFO     Accuracy: 0.6902
2019-04-06 21:45:52 INFO     Accuracy: 0.43240000000000006
2019-04-06 21:45:54 INFO     Accuracy: 0.4168
2019-04-06 21:45:57 INFO     Accuracy: 0.6659999999999999
2019-04-06 21:46:00 INFO     Accuracy: 0.6729
2019-04-06 21:46:02 INFO     Accuracy: 0.7776000000000001
2019-04-06 21:46:05 INFO     Accuracy: 0.8743000000000001
2019-04-06 21:46:07 INFO     Accuracy: 0.5699000000000001
2019-04-06 21:46:09 INFO     Accuracy: 0.5877
2019-04-06 21:46:12 INFO     Accuracy: 0.8133000000000001
2019-04-06 21:46:14 INFO     Accuracy: 0.5189
2019-04-06 21:46:17 INFO     Accuracy: 0.7326
2019-04-06 21:46:19 INFO     Accuracy: 0.6643000000000001
2019-04-06 21:46:22 INFO     Accuracy: 0.5225000000000001
2019-04-06 21:46:24 INFO     Accuracy: 0.6937
2019-04-06 21:46:27 INFO     Accuracy: 0.6277999999999999
2019-04-06 21:46:29 INFO     Accuracy: 0.7059
2019-04-06 21:46:32 INFO     Accuracy: 0.39170000000000005
2019-04-06 21:46:34 INFO     Accuracy: 0.8292000000000002
2019-04-06 21:46:37 INFO     Accuracy: 0.7574000000000001
2019-04-06 21:46:39 INFO     Accuracy: 0.35259999999999997
2019-04-06 21:46:42 INFO     Accuracy: 0.4478
2019-04-06 21:46:44 INFO     Accuracy: 0.8182
2019-04-06 21:46:47 INFO     Accuracy: 0.3863
2019-04-06 21:46:49 INFO     Accuracy: 0.6735
2019-04-06 21:46:52 INFO     Accuracy: 0.37840000000000007
2019-04-06 21:46:54 INFO     Accuracy: 0.6590000000000001
2019-04-06 21:46:57 INFO     Accuracy: 0.5978999999999999
2019-04-06 21:46:59 INFO     Accuracy: 0.8284
2019-04-06 21:47:02 INFO     Accuracy: 0.43409999999999993
2019-04-06 21:47:04 INFO     Accuracy: 0.726
2019-04-06 21:47:07 INFO     Accuracy: 0.6738
2019-04-06 21:47:09 INFO     Accuracy: 0.517
2019-04-06 21:47:12 INFO     Accuracy: 0.43470000000000003
2019-04-06 21:47:14 INFO     Accuracy: 0.4959999999999999
2019-04-06 21:47:17 INFO     Accuracy: 0.7876
2019-04-06 21:47:19 INFO     Accuracy: 0.607
2019-04-06 21:47:22 INFO     Accuracy: 0.6638000000000001
2019-04-06 21:47:24 INFO     Accuracy: 0.6429000000000001
2019-04-06 21:47:27 INFO     Accuracy: 0.6183
2019-04-06 21:47:29 INFO     Accuracy: 0.7899
2019-04-06 21:47:32 INFO     Accuracy: 0.7957
2019-04-06 21:47:34 INFO     Accuracy: 0.7588
2019-04-06 21:47:37 INFO     Accuracy: 0.37770000000000004
2019-04-06 21:47:39 INFO     Accuracy: 0.4809000000000001
2019-04-06 21:47:42 INFO     Accuracy: 0.6763999999999999
2019-04-06 21:47:44 INFO     Accuracy: 0.6834
2019-04-06 21:47:47 INFO     Accuracy: 0.42779999999999996
2019-04-06 21:47:49 INFO     Accuracy: 0.43899999999999995
2019-04-06 21:47:52 INFO     Accuracy: 0.5640000000000001
2019-04-06 21:47:54 INFO     Accuracy: 0.35509999999999997
2019-04-06 21:47:57 INFO     Accuracy: 0.6404000000000001
2019-04-06 21:47:59 INFO     Accuracy: 0.5700000000000001
2019-04-06 21:48:02 INFO     Accuracy: 0.42380000000000007
2019-04-06 21:48:04 INFO     Accuracy: 0.47739999999999994
2019-04-06 21:48:06 INFO     Accuracy: 0.6325000000000001
2019-04-06 21:48:09 INFO     Accuracy: 0.37439999999999996
2019-04-06 21:48:12 INFO     Accuracy: 0.40870000000000006
2019-04-06 21:48:14 INFO     Accuracy: 0.4002
2019-04-06 21:48:17 INFO     Accuracy: 0.5725000000000001
2019-04-06 21:48:19 INFO     Accuracy: 0.3857
2019-04-06 21:48:22 INFO     Accuracy: 0.7222000000000001
2019-04-06 21:48:24 INFO     Accuracy: 0.376
2019-04-06 21:48:27 INFO     Accuracy: 0.5883999999999999
2019-04-06 21:48:29 INFO     Accuracy: 0.5586
2019-04-06 21:48:32 INFO     Accuracy: 0.7526
2019-04-06 21:48:34 INFO     Accuracy: 0.7432000000000001
2019-04-06 21:48:37 INFO     Accuracy: 0.6887999999999999
2019-04-06 21:48:39 INFO     Accuracy: 0.4234
2019-04-06 21:48:42 INFO     Accuracy: 0.7571000000000001
2019-04-06 21:48:44 INFO     Accuracy: 0.8249000000000001
2019-04-06 21:48:47 INFO     Accuracy: 0.7289
2019-04-06 21:48:49 INFO     Accuracy: 0.5258
2019-04-06 21:48:52 INFO     Accuracy: 0.891
2019-04-06 21:48:54 INFO     Accuracy: 0.6844
2019-04-06 21:48:56 INFO     Accuracy: 0.3731999999999999
2019-04-06 21:48:59 INFO     Accuracy: 0.43100000000000005
2019-04-06 21:49:02 INFO     Accuracy: 0.5858
2019-04-06 21:49:04 INFO     Accuracy: 0.6612
2019-04-06 21:49:07 INFO     Accuracy: 0.7343000000000001
2019-04-06 21:49:09 INFO     Accuracy: 0.7571
2019-04-06 21:49:12 INFO     Accuracy: 0.43190000000000006
2019-04-06 21:49:14 INFO     Accuracy: 0.7461
2019-04-06 21:49:17 INFO     Accuracy: 0.39740000000000003
2019-04-06 21:49:19 INFO     Accuracy: 0.44419999999999993
2019-04-06 21:49:22 INFO     Accuracy: 0.39189999999999997
2019-04-06 21:49:24 INFO     Accuracy: 0.6799
2019-04-06 21:49:27 INFO     Accuracy: 0.5278000000000002
2019-04-06 21:49:29 INFO     Accuracy: 0.5589999999999999
2019-04-06 21:49:32 INFO     Accuracy: 0.587
2019-04-06 21:49:34 INFO     Accuracy: 0.42590000000000006
2019-04-06 21:49:37 INFO     Accuracy: 0.6878
2019-04-06 21:49:39 INFO     Accuracy: 0.8164999999999999
2019-04-06 21:49:42 INFO     Accuracy: 0.7945
2019-04-06 21:49:45 INFO     Accuracy: 0.6846000000000001
2019-04-06 21:49:47 INFO     Accuracy: 0.5448000000000001
2019-04-06 21:49:49 INFO     Accuracy: 0.5357000000000001
2019-04-06 21:49:52 INFO     Accuracy: 0.3972
2019-04-06 21:49:54 INFO     Accuracy: 0.6261
2019-04-06 21:49:57 INFO     Accuracy: 0.4365
2019-04-06 21:49:59 INFO     Accuracy: 0.3894
2019-04-06 21:50:02 INFO     Accuracy: 0.5962000000000001
2019-04-06 21:50:04 INFO     Accuracy: 0.49059999999999987
2019-04-06 21:50:07 INFO     Accuracy: 0.6399000000000001
2019-04-06 21:50:09 INFO     Accuracy: 0.47319999999999995
2019-04-06 21:50:12 INFO     Accuracy: 0.6726999999999999
2019-04-06 21:50:15 INFO     Accuracy: 0.6685
2019-04-06 21:50:17 INFO     Accuracy: 0.3894
2019-04-06 21:50:20 INFO     Accuracy: 0.7139
2019-04-06 21:50:22 INFO     Accuracy: 0.4253
2019-04-06 21:50:25 INFO     Accuracy: 0.6771
2019-04-06 21:50:27 INFO     Accuracy: 0.6115999999999999
2019-04-06 21:50:30 INFO     Accuracy: 0.5458999999999999
2019-04-06 21:50:32 INFO     Accuracy: 0.6485000000000001
2019-04-06 21:50:35 INFO     Accuracy: 0.8192999999999999
2019-04-06 21:50:37 INFO     Accuracy: 0.6813
2019-04-06 21:50:40 INFO     Accuracy: 0.3899
2019-04-06 21:50:42 INFO     Accuracy: 0.47020000000000006
2019-04-06 21:50:45 INFO     Accuracy: 0.393
2019-04-06 21:50:47 INFO     Accuracy: 0.5807999999999999
2019-04-06 21:50:50 INFO     Accuracy: 0.6693
2019-04-06 21:50:52 INFO     Accuracy: 0.4231000000000001
2019-04-06 21:50:54 INFO     Accuracy: 0.42679999999999996
2019-04-06 21:50:57 INFO     Accuracy: 0.6281
2019-04-06 21:50:59 INFO     Accuracy: 0.5725
2019-04-06 21:51:02 INFO     Accuracy: 0.3899
2019-04-06 21:51:04 INFO     Accuracy: 0.5621999999999999
2019-04-06 21:51:07 INFO     Accuracy: 0.3829000000000001
2019-04-06 21:51:09 INFO     Accuracy: 0.437
2019-04-06 21:51:12 INFO     Accuracy: 0.6832
2019-04-06 21:51:14 INFO     Accuracy: 0.5257000000000001
2019-04-06 21:51:17 INFO     Accuracy: 0.6621
2019-04-06 21:51:19 INFO     Accuracy: 0.8511999999999998
2019-04-06 21:51:22 INFO     Accuracy: 0.43129999999999996
2019-04-06 21:51:24 INFO     Accuracy: 0.6037000000000001
2019-04-06 21:51:27 INFO     Accuracy: 0.5934999999999999
2019-04-06 21:51:29 INFO     Accuracy: 0.4076000000000001
2019-04-06 21:51:32 INFO     Accuracy: 0.6067
2019-04-06 21:51:34 INFO     Accuracy: 0.8319000000000001
2019-04-06 21:51:37 INFO     Accuracy: 0.7190000000000001
2019-04-06 21:51:39 INFO     Accuracy: 0.7914
2019-04-06 21:51:42 INFO     Accuracy: 0.6911
2019-04-06 21:51:44 INFO     Accuracy: 0.4136
2019-04-06 21:51:47 INFO     Accuracy: 0.7531000000000001
2019-04-06 21:51:49 INFO     Accuracy: 0.6535000000000001
2019-04-06 21:51:52 INFO     Accuracy: 0.6699
2019-04-06 21:51:54 INFO     Accuracy: 0.48019999999999996
2019-04-06 21:51:57 INFO     Accuracy: 0.383
2019-04-06 21:51:59 INFO     Accuracy: 0.6595000000000001
2019-04-06 21:52:02 INFO     Accuracy: 0.4191000000000001
2019-04-06 21:52:04 INFO     Accuracy: 0.6749
2019-04-06 21:52:07 INFO     Accuracy: 0.5810000000000001
2019-04-06 21:52:09 INFO     Accuracy: 0.6879000000000002
2019-04-06 21:52:12 INFO     Accuracy: 0.47830000000000006
2019-04-06 21:52:14 INFO     Accuracy: 0.5681
2019-04-06 21:52:17 INFO     Accuracy: 0.6135999999999999
2019-04-06 21:52:19 INFO     Accuracy: 0.5922999999999999
2019-04-06 21:52:22 INFO     Accuracy: 0.7546999999999999
2019-04-06 21:52:24 INFO     Accuracy: 0.6166
2019-04-06 21:52:27 INFO     Accuracy: 0.6173
2019-04-06 21:52:29 INFO     Accuracy: 0.4192
2019-04-06 21:52:32 INFO     Accuracy: 0.6271000000000001
2019-04-06 21:52:34 INFO     Accuracy: 0.3879
2019-04-06 21:52:37 INFO     Accuracy: 0.5271999999999999
2019-04-06 21:52:39 INFO     Accuracy: 0.7418999999999999
2019-04-06 21:52:42 INFO     Accuracy: 0.5835
2019-04-06 21:52:44 INFO     Accuracy: 0.6948000000000001
2019-04-06 21:52:47 INFO     Accuracy: 0.6899999999999998
2019-04-06 21:52:49 INFO     Accuracy: 0.5105000000000001
2019-04-06 21:52:52 INFO     Accuracy: 0.8210000000000001
2019-04-06 21:52:54 INFO     Accuracy: 0.7136000000000001
2019-04-06 21:52:56 INFO     Accuracy: 0.6054999999999999
2019-04-06 21:52:59 INFO     Accuracy: 0.6557999999999999
2019-04-06 21:53:01 INFO     Accuracy: 0.8572999999999998
2019-04-06 21:53:04 INFO     Accuracy: 0.6893
2019-04-06 21:53:06 INFO     Accuracy: 0.396
2019-04-06 21:53:09 INFO     Accuracy: 0.5172
2019-04-06 21:53:11 INFO     Accuracy: 0.41200000000000003
2019-04-06 21:53:14 INFO     Accuracy: 0.7972
2019-04-06 21:53:16 INFO     Accuracy: 0.7234
2019-04-06 21:53:19 INFO     Accuracy: 0.4008
2019-04-06 21:53:21 INFO     Accuracy: 0.37829999999999997
2019-04-06 21:53:24 INFO     Accuracy: 0.49050000000000005
2019-04-06 21:53:26 INFO     Accuracy: 0.6956999999999999
2019-04-06 21:53:29 INFO     Accuracy: 0.7474
2019-04-06 21:53:31 INFO     Accuracy: 0.5571999999999999
2019-04-06 21:53:34 INFO     Accuracy: 0.8772
2019-04-06 21:53:36 INFO     Accuracy: 0.7658
2019-04-06 21:53:39 INFO     Accuracy: 0.7291000000000001
2019-04-06 21:53:41 INFO     Accuracy: 0.3649
2019-04-06 21:53:44 INFO     Accuracy: 0.7034
2019-04-06 21:53:46 INFO     Accuracy: 0.5172
2019-04-06 21:53:49 INFO     Accuracy: 0.539
2019-04-06 21:53:51 INFO     Accuracy: 0.7304999999999999
2019-04-06 21:53:54 INFO     Accuracy: 0.3778
2019-04-06 21:53:56 INFO     Accuracy: 0.7079
2019-04-06 21:53:59 INFO     Accuracy: 0.8542
2019-04-06 21:54:01 INFO     Accuracy: 0.6664000000000001
2019-04-06 21:54:03 INFO     Accuracy: 0.6776000000000001
2019-04-06 21:54:06 INFO     Accuracy: 0.6797000000000001
2019-04-06 21:54:09 INFO     Accuracy: 0.6891
2019-04-06 21:54:11 INFO     Accuracy: 0.3827
2019-04-06 21:54:14 INFO     Accuracy: 0.3827
2019-04-06 21:54:16 INFO     Accuracy: 0.5677
2019-04-06 21:54:19 INFO     Accuracy: 0.7916000000000001
2019-04-06 21:54:21 INFO     Accuracy: 0.8464999999999998
2019-04-06 21:54:24 INFO     Accuracy: 0.5665000000000001
2019-04-06 21:54:27 INFO     Accuracy: 0.7111
2019-04-06 21:54:29 INFO     Accuracy: 0.687
2019-04-06 21:54:32 INFO     Accuracy: 0.38079999999999997
2019-04-06 21:54:34 INFO     Accuracy: 0.7098
2019-04-06 21:54:37 INFO     Accuracy: 0.5616000000000001
2019-04-06 21:54:39 INFO     Accuracy: 0.885
2019-04-06 21:54:42 INFO     Accuracy: 0.4696000000000001
2019-04-06 21:54:44 INFO     Accuracy: 0.6127999999999999
2019-04-06 21:54:47 INFO     Accuracy: 0.7741
2019-04-06 21:54:49 INFO     Accuracy: 0.7439
2019-04-06 21:54:52 INFO     Accuracy: 0.5594999999999999
2019-04-06 21:54:54 INFO     Accuracy: 0.4609
2019-04-06 21:54:56 INFO     Accuracy: 0.6211
2019-04-06 21:54:59 INFO     Accuracy: 0.442
2019-04-06 21:55:01 INFO     Accuracy: 0.6610000000000001
2019-04-06 21:55:04 INFO     Accuracy: 0.6135
2019-04-06 21:55:06 INFO     Accuracy: 0.7535000000000001
2019-04-06 21:55:09 INFO     Accuracy: 0.7009
2019-04-06 21:55:11 INFO     Accuracy: 0.7039
2019-04-06 21:55:14 INFO     Accuracy: 0.7699999999999999
2019-04-06 21:55:17 INFO     Accuracy: 0.3922
2019-04-06 21:55:19 INFO     Accuracy: 0.4408
2019-04-06 21:55:22 INFO     Accuracy: 0.8208999999999997
2019-04-06 21:55:24 INFO     Accuracy: 0.5956999999999998
2019-04-06 21:55:27 INFO     Accuracy: 0.6756
2019-04-06 21:55:29 INFO     Accuracy: 0.6272
2019-04-06 21:55:32 INFO     Accuracy: 0.7358
2019-04-06 21:55:34 INFO     Accuracy: 0.37279999999999996
2019-04-06 21:55:37 INFO     Accuracy: 0.5011
2019-04-06 21:55:39 INFO     Accuracy: 0.7614000000000001
2019-04-06 21:55:42 INFO     Accuracy: 0.6839000000000001
2019-04-06 21:55:44 INFO     Accuracy: 0.5992999999999999
2019-04-06 21:55:47 INFO     Accuracy: 0.6382
2019-04-06 21:55:49 INFO     Accuracy: 0.36219999999999997
2019-04-06 21:55:52 INFO     Accuracy: 0.8825999999999998
2019-04-06 21:55:54 INFO     Accuracy: 0.5721999999999999
2019-04-06 21:55:57 INFO     Accuracy: 0.6819999999999998
2019-04-06 21:55:59 INFO     Accuracy: 0.7181
2019-04-06 21:56:02 INFO     Accuracy: 0.6980999999999999
2019-04-06 21:56:04 INFO     Accuracy: 0.6543
2019-04-06 21:56:07 INFO     Accuracy: 0.6362
2019-04-06 21:56:09 INFO     Accuracy: 0.5521
2019-04-06 21:56:12 INFO     Accuracy: 0.39870000000000005
2019-04-06 21:56:14 INFO     Accuracy: 0.5208999999999999
2019-04-06 21:56:17 INFO     Accuracy: 0.7618
2019-04-06 21:56:19 INFO     Accuracy: 0.5855
2019-04-06 21:56:22 INFO     Accuracy: 0.48519999999999996
2019-04-06 21:56:25 INFO     Accuracy: 0.7457
2019-04-06 21:56:27 INFO     Accuracy: 0.43390000000000006
2019-04-06 21:56:30 INFO     Accuracy: 0.5272
2019-04-06 21:56:32 INFO     Accuracy: 0.5069000000000001
2019-04-06 21:56:35 INFO     Accuracy: 0.6951999999999999
2019-04-06 21:56:37 INFO     Accuracy: 0.48840000000000006
2019-04-06 21:56:40 INFO     Accuracy: 0.7422
2019-04-06 21:56:42 INFO     Accuracy: 0.5299999999999999
2019-04-06 21:56:45 INFO     Accuracy: 0.6277999999999999
2019-04-06 21:56:47 INFO     Accuracy: 0.3891
2019-04-06 21:56:50 INFO     Accuracy: 0.6594
2019-04-06 21:56:52 INFO     Accuracy: 0.8131999999999999
2019-04-06 21:56:55 INFO     Accuracy: 0.7064999999999999
2019-04-06 21:56:58 INFO     Accuracy: 0.599
2019-04-06 21:57:00 INFO     Accuracy: 0.7323
2019-04-06 21:57:03 INFO     Accuracy: 0.4138
2019-04-06 21:57:05 INFO     Accuracy: 0.8799000000000001
2019-04-06 21:57:07 INFO     Accuracy: 0.8859999999999999
2019-04-06 21:57:10 INFO     Accuracy: 0.39659999999999995
2019-04-06 21:57:12 INFO     Accuracy: 0.5771
2019-04-06 21:57:15 INFO     Accuracy: 0.8721
2019-04-06 21:57:17 INFO     Accuracy: 0.47650000000000003
2019-04-06 21:57:20 INFO     Accuracy: 0.6438
2019-04-06 21:57:22 INFO     Accuracy: 0.742
2019-04-06 21:57:25 INFO     Accuracy: 0.38299999999999995
2019-04-06 21:57:27 INFO     Accuracy: 0.7464999999999999
2019-04-06 21:57:30 INFO     Accuracy: 0.4386
2019-04-06 21:57:32 INFO     Accuracy: 0.3899000000000001
2019-04-06 21:57:35 INFO     Accuracy: 0.7106999999999999
2019-04-06 21:57:37 INFO     Accuracy: 0.7158
2019-04-06 21:57:40 INFO     Accuracy: 0.7613000000000001
2019-04-06 21:57:42 INFO     Accuracy: 0.376
2019-04-06 21:57:45 INFO     Accuracy: 0.6499999999999999
2019-04-06 21:57:47 INFO     Accuracy: 0.40800000000000003
2019-04-06 21:57:50 INFO     Accuracy: 0.5963
2019-04-06 21:57:52 INFO     Accuracy: 0.6954
2019-04-06 21:57:55 INFO     Accuracy: 0.43520000000000003
2019-04-06 21:57:57 INFO     Accuracy: 0.6706000000000001
2019-04-06 21:58:00 INFO     Accuracy: 0.5569
2019-04-06 21:58:02 INFO     Accuracy: 0.6187
2019-04-06 21:58:05 INFO     Accuracy: 0.37410000000000004
2019-04-06 21:58:07 INFO     Accuracy: 0.7169000000000001
2019-04-06 21:58:10 INFO     Accuracy: 0.6801999999999999
2019-04-06 21:58:12 INFO     Accuracy: 0.6815
2019-04-06 21:58:15 INFO     Accuracy: 0.6165
2019-04-06 21:58:17 INFO     Accuracy: 0.6902
2019-04-06 21:58:20 INFO     Accuracy: 0.6875000000000001
2019-04-06 21:58:22 INFO     Accuracy: 0.47030000000000005
2019-04-06 21:58:25 INFO     Accuracy: 0.5571
2019-04-06 21:58:27 INFO     Accuracy: 0.39420000000000005
2019-04-06 21:58:30 INFO     Accuracy: 0.7878999999999999
2019-04-06 21:58:32 INFO     Accuracy: 0.7141
2019-04-06 21:58:35 INFO     Accuracy: 0.4122
2019-04-06 21:58:37 INFO     Accuracy: 0.6567000000000001
2019-04-06 21:58:40 INFO     Accuracy: 0.5738
2019-04-06 21:58:42 INFO     Accuracy: 0.49050000000000005
2019-04-06 21:58:45 INFO     Accuracy: 0.5993999999999999
2019-04-06 21:58:47 INFO     Accuracy: 0.7356
2019-04-06 21:58:50 INFO     Accuracy: 0.7810999999999999
2019-04-06 21:58:52 INFO     Accuracy: 0.5602
2019-04-06 21:58:54 INFO     Accuracy: 0.5727
2019-04-06 21:58:57 INFO     Accuracy: 0.47379999999999994
2019-04-06 21:58:59 INFO     Accuracy: 0.40549999999999997
2019-04-06 21:59:02 INFO     Accuracy: 0.7974
2019-04-06 21:59:04 INFO     Accuracy: 0.8182
2019-04-06 21:59:07 INFO     Accuracy: 0.3802
2019-04-06 21:59:09 INFO     Accuracy: 0.7653999999999999
2019-04-06 21:59:12 INFO     Accuracy: 0.39239999999999997
2019-04-06 21:59:14 INFO     Accuracy: 0.49770000000000003
2019-04-06 21:59:16 INFO     Accuracy: 0.6066
2019-04-06 21:59:19 INFO     Accuracy: 0.7339
2019-04-06 21:59:21 INFO     Accuracy: 0.6627000000000001
2019-04-06 21:59:24 INFO     Accuracy: 0.8368
2019-04-06 21:59:26 INFO     Accuracy: 0.686
2019-04-06 21:59:29 INFO     Accuracy: 0.4965
2019-04-06 21:59:31 INFO     Accuracy: 0.8653999999999998
2019-04-06 21:59:34 INFO     Accuracy: 0.48139999999999994
2019-04-06 21:59:36 INFO     Accuracy: 0.6710999999999999
2019-04-06 21:59:39 INFO     Accuracy: 0.5483
2019-04-06 21:59:41 INFO     Accuracy: 0.43390000000000006
2019-04-06 21:59:44 INFO     Accuracy: 0.4699
2019-04-06 21:59:46 INFO     Accuracy: 0.8023999999999999
2019-04-06 21:59:49 INFO     Accuracy: 0.6436999999999999
2019-04-06 21:59:51 INFO     Accuracy: 0.42560000000000003
2019-04-06 21:59:54 INFO     Accuracy: 0.7203999999999999
2019-04-06 21:59:56 INFO     Accuracy: 0.4356999999999999
2019-04-06 21:59:59 INFO     Accuracy: 0.7708999999999999
2019-04-06 22:00:01 INFO     Accuracy: 0.5035000000000001
2019-04-06 22:00:04 INFO     Accuracy: 0.40230000000000005
2019-04-06 22:00:06 INFO     Accuracy: 0.8061
2019-04-06 22:00:08 INFO     Accuracy: 0.3744
2019-04-06 22:00:11 INFO     Accuracy: 0.8000999999999999
2019-04-06 22:00:13 INFO     Accuracy: 0.6761000000000001
2019-04-06 22:00:16 INFO     Accuracy: 0.6829999999999999
2019-04-06 22:00:18 INFO     Accuracy: 0.38770000000000004
2019-04-06 22:00:21 INFO     Accuracy: 0.7190000000000001
2019-04-06 22:00:23 INFO     Accuracy: 0.4949
2019-04-06 22:00:26 INFO     Accuracy: 0.6014
2019-04-06 22:00:28 INFO     Accuracy: 0.6593
2019-04-06 22:00:31 INFO     Accuracy: 0.48340000000000005
2019-04-06 22:00:33 INFO     Accuracy: 0.7079
2019-04-06 22:00:36 INFO     Accuracy: 0.7649
2019-04-06 22:00:39 INFO     Accuracy: 0.515
2019-04-06 22:00:41 INFO     Accuracy: 0.7556999999999999
2019-04-06 22:00:43 INFO     Accuracy: 0.3876
2019-04-06 22:00:46 INFO     Accuracy: 0.6728
2019-04-06 22:00:48 INFO     Accuracy: 0.662
2019-04-06 22:00:51 INFO     Accuracy: 0.8210000000000001
2019-04-06 22:00:53 INFO     Accuracy: 0.7159
2019-04-06 22:00:56 INFO     Accuracy: 0.6889999999999998
2019-04-06 22:00:58 INFO     Accuracy: 0.4681
2019-04-06 22:01:01 INFO     Accuracy: 0.6420999999999999
2019-04-06 22:01:03 INFO     Accuracy: 0.5413
2019-04-06 22:01:06 INFO     Accuracy: 0.8335999999999999
2019-04-06 22:01:08 INFO     Accuracy: 0.3893000000000001
2019-04-06 22:01:11 INFO     Accuracy: 0.46460000000000007
2019-04-06 22:01:13 INFO     Accuracy: 0.7528
2019-04-06 22:01:16 INFO     Accuracy: 0.6507999999999999
2019-04-06 22:01:18 INFO     Accuracy: 0.7663
2019-04-06 22:01:20 INFO     Accuracy: 0.4633
2019-04-06 22:01:23 INFO     Accuracy: 0.7491000000000001
2019-04-06 22:01:25 INFO     Accuracy: 0.4897999999999999
2019-04-06 22:01:28 INFO     Accuracy: 0.47920000000000007
2019-04-06 22:01:30 INFO     Accuracy: 0.6824999999999999
2019-04-06 22:01:33 INFO     Accuracy: 0.8394999999999999
2019-04-06 22:01:35 INFO     Accuracy: 0.6861
2019-04-06 22:01:38 INFO     Accuracy: 0.7954
2019-04-06 22:01:40 INFO     Accuracy: 0.6766000000000001
2019-04-06 22:01:43 INFO     Accuracy: 0.7513000000000001
2019-04-06 22:01:45 INFO     Accuracy: 0.4053
2019-04-06 22:01:48 INFO     Accuracy: 0.6906000000000001
2019-04-06 22:01:51 INFO     Accuracy: 0.8465999999999999
2019-04-06 22:01:53 INFO     Accuracy: 0.6723000000000001
2019-04-06 22:01:55 INFO     Accuracy: 0.7125999999999999
2019-04-06 22:01:58 INFO     Accuracy: 0.7184
2019-04-06 22:02:01 INFO     Accuracy: 0.7796
2019-04-06 22:02:03 INFO     Accuracy: 0.8717
2019-04-06 22:02:06 INFO     Accuracy: 0.6333
2019-04-06 22:02:08 INFO     Accuracy: 0.705
2019-04-06 22:02:11 INFO     Accuracy: 0.6963999999999999
2019-04-06 22:02:13 INFO     Accuracy: 0.8097999999999999
2019-04-06 22:02:16 INFO     Accuracy: 0.6433
2019-04-06 22:02:18 INFO     Accuracy: 0.7454999999999999
2019-04-06 22:02:21 INFO     Accuracy: 0.5036
2019-04-06 22:02:23 INFO     Accuracy: 0.38260000000000005
2019-04-06 22:02:26 INFO     Accuracy: 0.38360000000000005
2019-04-06 22:02:28 INFO     Accuracy: 0.4130000000000001
2019-04-06 22:02:31 INFO     Accuracy: 0.6963000000000001
2019-04-06 22:02:33 INFO     Accuracy: 0.44700000000000006
2019-04-06 22:02:36 INFO     Accuracy: 0.43689999999999996
2019-04-06 22:02:38 INFO     Accuracy: 0.6784000000000001
2019-04-06 22:02:41 INFO     Accuracy: 0.4749
2019-04-06 22:02:43 INFO     Accuracy: 0.4784999999999999
2019-04-06 22:02:46 INFO     Accuracy: 0.5349999999999999
2019-04-06 22:02:48 INFO     Accuracy: 0.3907
2019-04-06 22:02:51 INFO     Accuracy: 0.43
2019-04-06 22:02:53 INFO     Accuracy: 0.7087999999999999
2019-04-06 22:02:56 INFO     Accuracy: 0.8133000000000001
2019-04-06 22:02:58 INFO     Accuracy: 0.48250000000000004
2019-04-06 22:03:01 INFO     Accuracy: 0.36639999999999995
2019-04-06 22:03:03 INFO     Accuracy: 0.38360000000000005
2019-04-06 22:03:06 INFO     Accuracy: 0.8427999999999999
2019-04-06 22:03:08 INFO     Accuracy: 0.6379
2019-04-06 22:03:11 INFO     Accuracy: 0.43
2019-04-06 22:03:13 INFO     Accuracy: 0.7295
2019-04-06 22:03:16 INFO     Accuracy: 0.8046
2019-04-06 22:03:18 INFO     Accuracy: 0.7944
2019-04-06 22:03:21 INFO     Accuracy: 0.48900000000000005
2019-04-06 22:03:23 INFO     Accuracy: 0.7125999999999999
2019-04-06 22:03:26 INFO     Accuracy: 0.5510999999999999
2019-04-06 22:03:28 INFO     Accuracy: 0.7712999999999999
2019-04-06 22:03:31 INFO     Accuracy: 0.385
2019-04-06 22:03:33 INFO     Accuracy: 0.4694999999999999
2019-04-06 22:03:36 INFO     Accuracy: 0.5347999999999999
2019-04-06 22:03:38 INFO     Accuracy: 0.4782
2019-04-06 22:03:41 INFO     Accuracy: 0.5891
2019-04-06 22:03:43 INFO     Accuracy: 0.3953
2019-04-06 22:03:46 INFO     Accuracy: 0.5610999999999999
2019-04-06 22:03:48 INFO     Accuracy: 0.4585
2019-04-06 22:03:51 INFO     Accuracy: 0.4425
2019-04-06 22:03:53 INFO     Accuracy: 0.7203000000000002
2019-04-06 22:03:56 INFO     Accuracy: 0.39139999999999997
2019-04-06 22:03:58 INFO     Accuracy: 0.5003
2019-04-06 22:04:01 INFO     Accuracy: 0.8550000000000001
2019-04-06 22:04:03 INFO     Accuracy: 0.6208
2019-04-06 22:04:06 INFO     Accuracy: 0.7162
2019-04-06 22:04:09 INFO     Accuracy: 0.40059999999999996
2019-04-06 22:04:11 INFO     Accuracy: 0.6587
2019-04-06 22:04:14 INFO     Accuracy: 0.4718000000000001
2019-04-06 22:04:16 INFO     Accuracy: 0.6816000000000001
2019-04-06 22:04:19 INFO     Accuracy: 0.4162
2019-04-06 22:04:21 INFO     Accuracy: 0.4513000000000001
2019-04-06 22:04:24 INFO     Accuracy: 0.37620000000000003
2019-04-06 22:04:26 INFO     Accuracy: 0.6436
2019-04-06 22:04:29 INFO     Accuracy: 0.8543
2019-04-06 22:04:31 INFO     Accuracy: 0.38350000000000006
2019-04-06 22:04:34 INFO     Accuracy: 0.48310000000000003
2019-04-06 22:04:36 INFO     Accuracy: 0.5353
2019-04-06 22:04:38 INFO     Accuracy: 0.5389999999999999
2019-04-06 22:04:41 INFO     Accuracy: 0.6381
2019-04-06 22:04:43 INFO     Accuracy: 0.8215
2019-04-06 22:04:46 INFO     Accuracy: 0.8365
2019-04-06 22:04:48 INFO     Accuracy: 0.6677000000000001
2019-04-06 22:04:51 INFO     Accuracy: 0.6857
2019-04-06 22:04:53 INFO     Accuracy: 0.8056000000000001
2019-04-06 22:04:56 INFO     Accuracy: 0.4056
2019-04-06 22:04:58 INFO     Accuracy: 0.8246
2019-04-06 22:05:01 INFO     Accuracy: 0.4927999999999999
2019-04-06 22:05:03 INFO     Accuracy: 0.619
2019-04-06 22:05:06 INFO     Accuracy: 0.6355
2019-04-06 22:05:08 INFO     Accuracy: 0.8095000000000001
2019-04-06 22:05:11 INFO     Accuracy: 0.4021
2019-04-06 22:05:13 INFO     Accuracy: 0.3989
2019-04-06 22:05:16 INFO     Accuracy: 0.7066
2019-04-06 22:05:18 INFO     Accuracy: 0.5834999999999999
2019-04-06 22:05:21 INFO     Accuracy: 0.4559
2019-04-06 22:05:23 INFO     Accuracy: 0.5244000000000001
2019-04-06 22:05:25 INFO     Accuracy: 0.38170000000000004
2019-04-06 22:05:28 INFO     Accuracy: 0.4494999999999999
2019-04-06 22:05:30 INFO     Accuracy: 0.4117
2019-04-06 22:05:33 INFO     Accuracy: 0.4358000000000001
2019-04-06 22:05:35 INFO     Accuracy: 0.39049999999999996
2019-04-06 22:05:38 INFO     Accuracy: 0.7116999999999999
2019-04-06 22:05:40 INFO     Accuracy: 0.5725
2019-04-06 22:05:43 INFO     Accuracy: 0.376
2019-04-06 22:05:45 INFO     Accuracy: 0.4101000000000001
2019-04-06 22:05:48 INFO     Accuracy: 0.7356
2019-04-06 22:05:50 INFO     Accuracy: 0.7912
2019-04-06 22:05:53 INFO     Accuracy: 0.7847
2019-04-06 22:05:55 INFO     Accuracy: 0.36429999999999996
2019-04-06 22:05:58 INFO     Accuracy: 0.7729
2019-04-06 22:06:01 INFO     Accuracy: 0.6784000000000001
2019-04-06 22:06:03 INFO     Accuracy: 0.38599999999999995
2019-04-06 22:06:06 INFO     Accuracy: 0.38120000000000004
2019-04-06 22:06:08 INFO     Accuracy: 0.6543
2019-04-06 22:06:11 INFO     Accuracy: 0.35779999999999995
2019-04-06 22:06:13 INFO     Accuracy: 0.7103999999999999
2019-04-06 22:06:16 INFO     Accuracy: 0.5314000000000002
2019-04-06 22:06:18 INFO     Accuracy: 0.5654
2019-04-06 22:06:21 INFO     Accuracy: 0.6228999999999999
2019-04-06 22:06:23 INFO     Accuracy: 0.6627
2019-04-06 22:06:26 INFO     Accuracy: 0.6955
2019-04-06 22:06:28 INFO     Accuracy: 0.5222
2019-04-06 22:06:31 INFO     Accuracy: 0.6103000000000001
2019-04-06 22:06:33 INFO     Accuracy: 0.7221
2019-04-06 22:06:36 INFO     Accuracy: 0.4364
2019-04-06 22:06:38 INFO     Accuracy: 0.5541
2019-04-06 22:06:40 INFO     Accuracy: 0.6667
2019-04-06 22:06:43 INFO     Accuracy: 0.7167999999999999
2019-04-06 22:06:45 INFO     Accuracy: 0.5165000000000001
2019-04-06 22:06:48 INFO     Accuracy: 0.7639000000000001
2019-04-06 22:06:50 INFO     Accuracy: 0.7139
2019-04-06 22:06:53 INFO     Accuracy: 0.45570000000000005
2019-04-06 22:06:55 INFO     Accuracy: 0.46869999999999995
2019-04-06 22:06:58 INFO     Accuracy: 0.6145
2019-04-06 22:07:00 INFO     Accuracy: 0.7233999999999999
2019-04-06 22:07:03 INFO     Accuracy: 0.666
2019-04-06 22:07:05 INFO     Accuracy: 0.6243000000000001
2019-04-06 22:07:08 INFO     Accuracy: 0.3941
2019-04-06 22:07:10 INFO     Accuracy: 0.4739000000000001
2019-04-06 22:07:13 INFO     Accuracy: 0.5986
2019-04-06 22:07:15 INFO     Accuracy: 0.897
2019-04-06 22:07:17 INFO     Accuracy: 0.636
2019-04-06 22:07:20 INFO     Accuracy: 0.6862999999999999
2019-04-06 22:07:22 INFO     Accuracy: 0.45389999999999997
2019-04-06 22:07:25 INFO     Accuracy: 0.5573
2019-04-06 22:07:27 INFO     Accuracy: 0.5959
2019-04-06 22:07:30 INFO     Accuracy: 0.6499
2019-04-06 22:07:32 INFO     Accuracy: 0.7229
2019-04-06 22:07:35 INFO     Accuracy: 0.6777000000000001
2019-04-06 22:07:37 INFO     Accuracy: 0.6218999999999999
2019-04-06 22:07:40 INFO     Accuracy: 0.41100000000000003
2019-04-06 22:07:42 INFO     Accuracy: 0.4111000000000001
2019-04-06 22:07:45 INFO     Accuracy: 0.38180000000000003
2019-04-06 22:07:48 INFO     Accuracy: 0.7202
2019-04-06 22:07:50 INFO     Accuracy: 0.43979999999999997
2019-04-06 22:07:52 INFO     Accuracy: 0.5166999999999999
2019-04-06 22:07:55 INFO     Accuracy: 0.6954
2019-04-06 22:07:57 INFO     Accuracy: 0.8629
2019-04-06 22:08:00 INFO     Accuracy: 0.4175000000000001
2019-04-06 22:08:02 INFO     Accuracy: 0.4203
2019-04-06 22:08:05 INFO     Accuracy: 0.7927
2019-04-06 22:08:08 INFO     Accuracy: 0.7232999999999999
2019-04-06 22:08:10 INFO     Accuracy: 0.706
2019-04-06 22:08:13 INFO     Accuracy: 0.7346999999999999
2019-04-06 22:08:15 INFO     Accuracy: 0.7383
2019-04-06 22:08:18 INFO     Accuracy: 0.5751999999999999
2019-04-06 22:08:20 INFO     Accuracy: 0.8707
2019-04-06 22:08:23 INFO     Accuracy: 0.42400000000000004
2019-04-06 22:08:25 INFO     Accuracy: 0.8595
2019-04-06 22:08:28 INFO     Accuracy: 0.8026
2019-04-06 22:08:30 INFO     Accuracy: 0.4434
2019-04-06 22:08:33 INFO     Accuracy: 0.69
2019-04-06 22:08:35 INFO     Accuracy: 0.8872
2019-04-06 22:08:38 INFO     Accuracy: 0.8045
2019-04-06 22:08:40 INFO     Accuracy: 0.4819
2019-04-06 22:08:43 INFO     Accuracy: 0.6535
2019-04-06 22:08:45 INFO     Accuracy: 0.39659999999999995
2019-04-06 22:08:48 INFO     Accuracy: 0.49220000000000014
2019-04-06 22:08:51 INFO     Accuracy: 0.454
2019-04-06 22:08:53 INFO     Accuracy: 0.7621
2019-04-06 22:08:55 INFO     Accuracy: 0.5299000000000001
2019-04-06 22:08:58 INFO     Accuracy: 0.3773
2019-04-06 22:09:00 INFO     Accuracy: 0.7123999999999999
2019-04-06 22:09:03 INFO     Accuracy: 0.5234
2019-04-06 22:09:06 INFO     Accuracy: 0.8485000000000001
2019-04-06 22:09:08 INFO     Accuracy: 0.5865
2019-04-06 22:09:11 INFO     Accuracy: 0.43220000000000003
2019-04-06 22:09:13 INFO     Accuracy: 0.41689999999999994
2019-04-06 22:09:16 INFO     Accuracy: 0.7341
2019-04-06 22:09:18 INFO     Accuracy: 0.7197
2019-04-06 22:09:21 INFO     Accuracy: 0.44559999999999994
2019-04-06 22:09:23 INFO     Accuracy: 0.6350000000000001
2019-04-06 22:09:25 INFO     Accuracy: 0.7285999999999999
2019-04-06 22:09:28 INFO     Accuracy: 0.6462
2019-04-06 22:09:31 INFO     Accuracy: 0.8158999999999998
2019-04-06 22:09:33 INFO     Accuracy: 0.5648
2019-04-06 22:09:36 INFO     Accuracy: 0.7452
2019-04-06 22:09:38 INFO     Accuracy: 0.3901
2019-04-06 22:09:41 INFO     Accuracy: 0.5253000000000001
2019-04-06 22:09:43 INFO     Accuracy: 0.4095000000000001
2019-04-06 22:09:46 INFO     Accuracy: 0.384
2019-04-06 22:09:48 INFO     Accuracy: 0.5996
2019-04-06 22:09:51 INFO     Accuracy: 0.3827
2019-04-06 22:09:53 INFO     Accuracy: 0.4274
2019-04-06 22:09:56 INFO     Accuracy: 0.6486
2019-04-06 22:09:58 INFO     Accuracy: 0.40140000000000003
2019-04-06 22:10:01 INFO     Accuracy: 0.7206999999999999
2019-04-06 22:10:03 INFO     Accuracy: 0.8772
2019-04-06 22:10:06 INFO     Accuracy: 0.48979999999999996
2019-04-06 22:10:08 INFO     Accuracy: 0.6083
2019-04-06 22:10:11 INFO     Accuracy: 0.5594
2019-04-06 22:10:13 INFO     Accuracy: 0.4069
2019-04-06 22:10:16 INFO     Accuracy: 0.3722
2019-04-06 22:10:18 INFO     Accuracy: 0.39760000000000006
2019-04-06 22:10:21 INFO     Accuracy: 0.7449
2019-04-06 22:10:23 INFO     Accuracy: 0.4885
2019-04-06 22:10:26 INFO     Accuracy: 0.4895999999999999
2019-04-06 22:10:28 INFO     Accuracy: 0.799
2019-04-06 22:10:31 INFO     Accuracy: 0.39699999999999996
2019-04-06 22:10:33 INFO     Accuracy: 0.8141999999999999
2019-04-06 22:10:36 INFO     Accuracy: 0.5497000000000002
2019-04-06 22:10:38 INFO     Accuracy: 0.8431999999999998
2019-04-06 22:10:41 INFO     Accuracy: 0.6816000000000001
2019-04-06 22:10:43 INFO     Accuracy: 0.6
2019-04-06 22:10:46 INFO     Accuracy: 0.3826
2019-04-06 22:10:48 INFO     Accuracy: 0.44250000000000006
2019-04-06 22:10:51 INFO     Accuracy: 0.7990999999999999
2019-04-06 22:10:53 INFO     Accuracy: 0.44670000000000004
2019-04-06 22:10:56 INFO     Accuracy: 0.4694
2019-04-06 22:10:58 INFO     Accuracy: 0.37350000000000005
2019-04-06 22:11:01 INFO     Accuracy: 0.7628
2019-04-06 22:11:03 INFO     Accuracy: 0.42890000000000006
2019-04-06 22:11:06 INFO     Accuracy: 0.5577
2019-04-06 22:11:08 INFO     Accuracy: 0.6517999999999999
2019-04-06 22:11:11 INFO     Accuracy: 0.40040000000000003
2019-04-06 22:11:13 INFO     Accuracy: 0.6895
2019-04-06 22:11:16 INFO     Accuracy: 0.6887
2019-04-06 22:11:18 INFO     Accuracy: 0.6557999999999999
2019-04-06 22:11:21 INFO     Accuracy: 0.39709999999999995
2019-04-06 22:11:23 INFO     Accuracy: 0.8738999999999999
2019-04-06 22:11:26 INFO     Accuracy: 0.7236
2019-04-06 22:11:28 INFO     Accuracy: 0.36610000000000004
2019-04-06 22:11:31 INFO     Accuracy: 0.3766
2019-04-06 22:11:33 INFO     Accuracy: 0.6312
2019-04-06 22:11:36 INFO     Accuracy: 0.7661
2019-04-06 22:11:38 INFO     Accuracy: 0.43200000000000005
2019-04-06 22:11:41 INFO     Accuracy: 0.5570999999999999
2019-04-06 22:11:43 INFO     Accuracy: 0.6793000000000001
2019-04-06 22:11:46 INFO     Accuracy: 0.5425
2019-04-06 22:11:48 INFO     Accuracy: 0.8732000000000001
2019-04-06 22:11:51 INFO     Accuracy: 0.4109999999999999
2019-04-06 22:11:53 INFO     Accuracy: 0.43620000000000003
2019-04-06 22:11:56 INFO     Accuracy: 0.4122
2019-04-06 22:11:58 INFO     Accuracy: 0.5682000000000001
2019-04-06 22:12:01 INFO     Accuracy: 0.7065999999999999
2019-04-06 22:12:03 INFO     Accuracy: 0.7967000000000001
2019-04-06 22:12:06 INFO     Accuracy: 0.8867999999999998
2019-04-06 22:12:08 INFO     Accuracy: 0.6635000000000001
2019-04-06 22:12:11 INFO     Accuracy: 0.41559999999999997
2019-04-06 22:12:13 INFO     Accuracy: 0.7834
2019-04-06 22:12:16 INFO     Accuracy: 0.46069999999999994
2019-04-06 22:12:18 INFO     Accuracy: 0.7839
2019-04-06 22:12:21 INFO     Accuracy: 0.6047
2019-04-06 22:12:23 INFO     Accuracy: 0.5489000000000002
2019-04-06 22:12:26 INFO     Accuracy: 0.46319999999999995
2019-04-06 22:12:28 INFO     Accuracy: 0.4426
2019-04-06 22:12:31 INFO     Accuracy: 0.5845999999999999
2019-04-06 22:12:33 INFO     Accuracy: 0.38710000000000006
2019-04-06 22:12:36 INFO     Accuracy: 0.8797
2019-04-06 22:12:38 INFO     Accuracy: 0.8556000000000001
