2019-04-14 19:08:13 INFO     Loading Data
2019-04-14 19:08:15 INFO     Model Setting Up
2019-04-14 19:08:20 INFO     train_dir : [../mnist/train]
2019-04-14 19:08:20 INFO     test_dir : [../mnist/test]
2019-04-14 19:08:20 INFO     save_dir : [./save]
2019-04-14 19:08:20 INFO     num_epochs : [500]
2019-04-14 19:08:20 INFO     batch_size : [300]
2019-04-14 19:08:20 INFO     num_points : [512]
2019-04-14 19:08:20 INFO     sigma : [0.05]
2019-04-14 19:08:20 INFO     log_interval : [1000]
2019-04-14 19:08:20 INFO     save_interval : [50]
2019-04-14 19:08:20 INFO     baselr : [5e-05]
2019-04-14 19:08:20 INFO     density_radius : [0.2]
2019-04-14 19:08:20 INFO     feature_out1 : [8]
2019-04-14 19:08:20 INFO     feature_out2 : [16]
2019-04-14 19:08:20 INFO     feature_out3 : [32]
2019-04-14 19:08:20 INFO     feature_out4 : [64]
2019-04-14 19:08:20 INFO     feature_out5 : [128]
2019-04-14 19:08:20 INFO     num_classes : [10]
2019-04-14 19:08:20 INFO     bandwidth_0 : [10]
2019-04-14 19:08:20 INFO     bandwidth_out1 : [10]
2019-04-14 19:08:20 INFO     bandwidth_out2 : [8]
2019-04-14 19:08:20 INFO     bandwidth_out3 : [6]
2019-04-14 19:08:20 INFO     bandwidth_out4 : [4]
2019-04-14 19:08:20 INFO     bandwidth_out5 : [2]
2019-04-14 19:08:20 INFO     resume_training : [0]
2019-04-14 19:08:20 INFO     Start Training
2019-04-14 19:08:20 INFO     Saved model checkpoints into ./save/2019-04-14_19-08-20-model.ckpt...
2019-04-14 19:08:26 INFO     Batch: [0/200] Epoch: [0] Loss: [2.2979652881622314]
2019-04-14 19:08:27 INFO     Batch: [1/200] Epoch: [0] Loss: [2.2955013513565063]
2019-04-14 19:08:27 INFO     Batch: [2/200] Epoch: [0] Loss: [2.29416831334432]
2019-04-14 19:08:27 INFO     Batch: [3/200] Epoch: [0] Loss: [2.291838526725769]
2019-04-14 19:08:27 INFO     Batch: [4/200] Epoch: [0] Loss: [2.291221857070923]
2019-04-14 19:08:28 INFO     Batch: [5/200] Epoch: [0] Loss: [2.289745291074117]
2019-04-14 19:08:28 INFO     Batch: [6/200] Epoch: [0] Loss: [2.290212631225586]
2019-04-14 19:08:28 INFO     Batch: [7/200] Epoch: [0] Loss: [2.288880318403244]
2019-04-14 19:08:28 INFO     Batch: [8/200] Epoch: [0] Loss: [2.2890812820858426]
2019-04-14 19:08:29 INFO     Batch: [9/200] Epoch: [0] Loss: [2.2887425661087035]
2019-04-14 19:08:29 INFO     Batch: [10/200] Epoch: [0] Loss: [2.289119828831066]
2019-04-14 19:08:29 INFO     Batch: [11/200] Epoch: [0] Loss: [2.2884928584098816]
2019-04-14 19:08:30 INFO     Batch: [12/200] Epoch: [0] Loss: [2.288571706184974]
2019-04-14 19:08:30 INFO     Batch: [13/200] Epoch: [0] Loss: [2.2880523885999406]
2019-04-14 19:08:30 INFO     Batch: [14/200] Epoch: [0] Loss: [2.2873550256093345]
2019-04-14 19:08:30 INFO     Batch: [15/200] Epoch: [0] Loss: [2.2863137274980545]
2019-04-14 19:08:31 INFO     Batch: [16/200] Epoch: [0] Loss: [2.2865125010995304]
2019-04-14 19:08:31 INFO     Batch: [17/200] Epoch: [0] Loss: [2.2862840625974865]
2019-04-14 19:08:31 INFO     Batch: [18/200] Epoch: [0] Loss: [2.2857051272141304]
2019-04-14 19:08:31 INFO     Batch: [19/200] Epoch: [0] Loss: [2.2853871464729307]
2019-04-14 19:08:32 INFO     Batch: [20/200] Epoch: [0] Loss: [2.284642321722848]
2019-04-14 19:08:32 INFO     Batch: [21/200] Epoch: [0] Loss: [2.2842333641919224]
2019-04-14 19:08:32 INFO     Batch: [22/200] Epoch: [0] Loss: [2.2839024170585303]
2019-04-14 19:08:33 INFO     Batch: [23/200] Epoch: [0] Loss: [2.2835311591625214]
2019-04-14 19:08:33 INFO     Batch: [24/200] Epoch: [0] Loss: [2.28326153755188]
2019-04-14 19:08:33 INFO     Batch: [25/200] Epoch: [0] Loss: [2.2827399785702047]
2019-04-14 19:08:33 INFO     Batch: [26/200] Epoch: [0] Loss: [2.2822774427908437]
2019-04-14 19:08:34 INFO     Batch: [27/200] Epoch: [0] Loss: [2.281867972442082]
2019-04-14 19:08:34 INFO     Batch: [28/200] Epoch: [0] Loss: [2.2815725556735336]
2019-04-14 19:08:34 INFO     Batch: [29/200] Epoch: [0] Loss: [2.2812613089879354]
2019-04-14 19:08:34 INFO     Batch: [30/200] Epoch: [0] Loss: [2.281037461373114]
2019-04-14 19:08:35 INFO     Batch: [31/200] Epoch: [0] Loss: [2.280235543847084]
2019-04-14 19:08:35 INFO     Batch: [32/200] Epoch: [0] Loss: [2.2794424187053335]
2019-04-14 19:08:35 INFO     Batch: [33/200] Epoch: [0] Loss: [2.2789484753328213]
2019-04-14 19:08:36 INFO     Batch: [34/200] Epoch: [0] Loss: [2.2783961500440326]
2019-04-14 19:08:36 INFO     Batch: [35/200] Epoch: [0] Loss: [2.27799661954244]
2019-04-14 19:08:36 INFO     Batch: [36/200] Epoch: [0] Loss: [2.2772299083503516]
2019-04-14 19:08:36 INFO     Batch: [37/200] Epoch: [0] Loss: [2.276731020525882]
2019-04-14 19:08:37 INFO     Batch: [38/200] Epoch: [0] Loss: [2.2761983504662147]
2019-04-14 19:08:37 INFO     Batch: [39/200] Epoch: [0] Loss: [2.2754932224750517]
2019-04-14 19:08:37 INFO     Batch: [40/200] Epoch: [0] Loss: [2.274716859910546]
2019-04-14 19:08:37 INFO     Batch: [41/200] Epoch: [0] Loss: [2.274124713171096]
2019-04-14 19:08:38 INFO     Batch: [42/200] Epoch: [0] Loss: [2.2737107221470323]
2019-04-14 19:08:38 INFO     Batch: [43/200] Epoch: [0] Loss: [2.273221817883578]
2019-04-14 19:08:38 INFO     Batch: [44/200] Epoch: [0] Loss: [2.2725688033633764]
2019-04-14 19:08:38 INFO     Batch: [45/200] Epoch: [0] Loss: [2.2720810952393906]
2019-04-14 19:08:39 INFO     Batch: [46/200] Epoch: [0] Loss: [2.2715612624553922]
2019-04-14 19:08:39 INFO     Batch: [47/200] Epoch: [0] Loss: [2.2708981732527413]
2019-04-14 19:08:39 INFO     Batch: [48/200] Epoch: [0] Loss: [2.2705546057954127]
2019-04-14 19:08:40 INFO     Batch: [49/200] Epoch: [0] Loss: [2.2701182699203493]
2019-04-14 19:08:40 INFO     Batch: [50/200] Epoch: [0] Loss: [2.2695660263884303]
2019-04-14 19:08:40 INFO     Batch: [51/200] Epoch: [0] Loss: [2.269220783160283]
2019-04-14 19:08:40 INFO     Batch: [52/200] Epoch: [0] Loss: [2.2687161148719066]
2019-04-14 19:08:41 INFO     Batch: [53/200] Epoch: [0] Loss: [2.268150872654385]
2019-04-14 19:08:41 INFO     Batch: [54/200] Epoch: [0] Loss: [2.26748853596774]
2019-04-14 19:08:41 INFO     Batch: [55/200] Epoch: [0] Loss: [2.266893135649817]
2019-04-14 19:08:41 INFO     Batch: [56/200] Epoch: [0] Loss: [2.2665082488143655]
