2019-04-14 19:03:53 INFO     Loading Data
2019-04-14 19:03:55 INFO     Model Setting Up
2019-04-14 19:04:01 INFO     train_dir : [../mnist/train]
2019-04-14 19:04:01 INFO     test_dir : [../mnist/test]
2019-04-14 19:04:01 INFO     save_dir : [./save]
2019-04-14 19:04:01 INFO     num_epochs : [500]
2019-04-14 19:04:01 INFO     batch_size : [300]
2019-04-14 19:04:01 INFO     num_points : [512]
2019-04-14 19:04:01 INFO     sigma : [0.05]
2019-04-14 19:04:01 INFO     log_interval : [1000]
2019-04-14 19:04:01 INFO     save_interval : [50]
2019-04-14 19:04:01 INFO     baselr : [5e-05]
2019-04-14 19:04:01 INFO     density_radius : [0.2]
2019-04-14 19:04:01 INFO     feature_out1 : [8]
2019-04-14 19:04:01 INFO     feature_out2 : [16]
2019-04-14 19:04:01 INFO     feature_out3 : [32]
2019-04-14 19:04:01 INFO     feature_out4 : [64]
2019-04-14 19:04:01 INFO     feature_out5 : [128]
2019-04-14 19:04:01 INFO     num_classes : [10]
2019-04-14 19:04:01 INFO     bandwidth_0 : [10]
2019-04-14 19:04:01 INFO     bandwidth_out1 : [10]
2019-04-14 19:04:01 INFO     bandwidth_out2 : [8]
2019-04-14 19:04:01 INFO     bandwidth_out3 : [6]
2019-04-14 19:04:01 INFO     bandwidth_out4 : [4]
2019-04-14 19:04:01 INFO     bandwidth_out5 : [2]
2019-04-14 19:04:01 INFO     resume_training : [0]
2019-04-14 19:04:01 INFO     Start Training
2019-04-14 19:04:01 INFO     Saved model checkpoints into ./save/2019-04-14_19-04-01-model.ckpt...
2019-04-14 19:04:08 INFO     Batch: [0/200] Epoch: [0] Loss: [2.3120474815368652]
2019-04-14 19:04:08 INFO     Batch: [1/200] Epoch: [0] Loss: [2.3094953298568726]
2019-04-14 19:04:08 INFO     Batch: [2/200] Epoch: [0] Loss: [2.3113509813944497]
2019-04-14 19:04:08 INFO     Batch: [3/200] Epoch: [0] Loss: [2.3123432993888855]
2019-04-14 19:04:09 INFO     Batch: [4/200] Epoch: [0] Loss: [2.3104950428009032]
2019-04-14 19:04:09 INFO     Batch: [5/200] Epoch: [0] Loss: [2.3098835150400796]
2019-04-14 19:04:09 INFO     Batch: [6/200] Epoch: [0] Loss: [2.3098991257803783]
2019-04-14 19:04:09 INFO     Batch: [7/200] Epoch: [0] Loss: [2.3094837069511414]
2019-04-14 19:04:10 INFO     Batch: [8/200] Epoch: [0] Loss: [2.3091562589009604]
2019-04-14 19:04:10 INFO     Batch: [9/200] Epoch: [0] Loss: [2.3080809116363525]
2019-04-14 19:04:10 INFO     Batch: [10/200] Epoch: [0] Loss: [2.3081967613913794]
2019-04-14 19:04:11 INFO     Batch: [11/200] Epoch: [0] Loss: [2.3082293470700583]
2019-04-14 19:04:11 INFO     Batch: [12/200] Epoch: [0] Loss: [2.3088238422687235]
2019-04-14 19:04:11 INFO     Batch: [13/200] Epoch: [0] Loss: [2.3088821172714233]
2019-04-14 19:04:11 INFO     Batch: [14/200] Epoch: [0] Loss: [2.3086864948272705]
2019-04-14 19:04:12 INFO     Batch: [15/200] Epoch: [0] Loss: [2.308332860469818]
2019-04-14 19:04:12 INFO     Batch: [16/200] Epoch: [0] Loss: [2.3074281215667725]
2019-04-14 19:04:12 INFO     Batch: [17/200] Epoch: [0] Loss: [2.3071646557913885]
2019-04-14 19:04:12 INFO     Batch: [18/200] Epoch: [0] Loss: [2.3068973516163074]
2019-04-14 19:04:13 INFO     Batch: [19/200] Epoch: [0] Loss: [2.3064749121665953]
2019-04-14 19:04:13 INFO     Batch: [20/200] Epoch: [0] Loss: [2.3058901060195196]
2019-04-14 19:04:13 INFO     Batch: [21/200] Epoch: [0] Loss: [2.3054193583401767]
2019-04-14 19:04:13 INFO     Batch: [22/200] Epoch: [0] Loss: [2.3053504902383555]
2019-04-14 19:04:14 INFO     Batch: [23/200] Epoch: [0] Loss: [2.3047629396120706]
2019-04-14 19:04:14 INFO     Batch: [24/200] Epoch: [0] Loss: [2.30432165145874]
2019-04-14 19:04:14 INFO     Batch: [25/200] Epoch: [0] Loss: [2.304293935115521]
2019-04-14 19:04:15 INFO     Batch: [26/200] Epoch: [0] Loss: [2.3040733337402344]
2019-04-14 19:04:15 INFO     Batch: [27/200] Epoch: [0] Loss: [2.303865168775831]
2019-04-14 19:04:15 INFO     Batch: [28/200] Epoch: [0] Loss: [2.3034715816892426]
2019-04-14 19:04:15 INFO     Batch: [29/200] Epoch: [0] Loss: [2.302958059310913]
2019-04-14 19:04:16 INFO     Batch: [30/200] Epoch: [0] Loss: [2.3028719579019854]
2019-04-14 19:04:16 INFO     Batch: [31/200] Epoch: [0] Loss: [2.3023105189204216]
2019-04-14 19:04:16 INFO     Batch: [32/200] Epoch: [0] Loss: [2.30206306775411]
2019-04-14 19:04:16 INFO     Batch: [33/200] Epoch: [0] Loss: [2.3015524289187264]
2019-04-14 19:04:17 INFO     Batch: [34/200] Epoch: [0] Loss: [2.301279306411743]
2019-04-14 19:04:17 INFO     Batch: [35/200] Epoch: [0] Loss: [2.300936222076416]
2019-04-14 19:04:17 INFO     Batch: [36/200] Epoch: [0] Loss: [2.300445775727968]
2019-04-14 19:04:18 INFO     Batch: [37/200] Epoch: [0] Loss: [2.300074056575173]
2019-04-14 19:04:18 INFO     Batch: [38/200] Epoch: [0] Loss: [2.3000819988739796]
2019-04-14 19:04:18 INFO     Batch: [39/200] Epoch: [0] Loss: [2.299678462743759]
2019-04-14 19:04:18 INFO     Batch: [40/200] Epoch: [0] Loss: [2.299342178716892]
2019-04-14 19:04:19 INFO     Batch: [41/200] Epoch: [0] Loss: [2.2991625922066823]
2019-04-14 19:04:19 INFO     Batch: [42/200] Epoch: [0] Loss: [2.298722583194112]
2019-04-14 19:04:19 INFO     Batch: [43/200] Epoch: [0] Loss: [2.2983187599615618]
2019-04-14 19:04:19 INFO     Batch: [44/200] Epoch: [0] Loss: [2.2979809019300674]
2019-04-14 19:04:20 INFO     Batch: [45/200] Epoch: [0] Loss: [2.297306433967922]
2019-04-14 19:04:20 INFO     Batch: [46/200] Epoch: [0] Loss: [2.297045591029715]
2019-04-14 19:04:20 INFO     Batch: [47/200] Epoch: [0] Loss: [2.296443129579226]
2019-04-14 19:04:20 INFO     Batch: [48/200] Epoch: [0] Loss: [2.296051127570016]
2019-04-14 19:04:21 INFO     Batch: [49/200] Epoch: [0] Loss: [2.29568500995636]
2019-04-14 19:04:21 INFO     Batch: [50/200] Epoch: [0] Loss: [2.2954308659422633]
2019-04-14 19:04:21 INFO     Batch: [51/200] Epoch: [0] Loss: [2.2950987357359667]
2019-04-14 19:04:22 INFO     Batch: [52/200] Epoch: [0] Loss: [2.2947692961063026]
2019-04-14 19:04:22 INFO     Batch: [53/200] Epoch: [0] Loss: [2.2945138966595686]
2019-04-14 19:04:22 INFO     Batch: [54/200] Epoch: [0] Loss: [2.294331173463301]
2019-04-14 19:04:22 INFO     Batch: [55/200] Epoch: [0] Loss: [2.2939756980964114]
2019-04-14 19:04:23 INFO     Batch: [56/200] Epoch: [0] Loss: [2.2935509849012945]
2019-04-14 19:04:23 INFO     Batch: [57/200] Epoch: [0] Loss: [2.2932230110826164]
2019-04-14 19:04:23 INFO     Batch: [58/200] Epoch: [0] Loss: [2.292762279510498]
2019-04-14 19:04:23 INFO     Batch: [59/200] Epoch: [0] Loss: [2.292468822002411]
2019-04-14 19:04:24 INFO     Batch: [60/200] Epoch: [0] Loss: [2.2920891417831672]
2019-04-14 19:04:24 INFO     Batch: [61/200] Epoch: [0] Loss: [2.2916376129273446]
2019-04-14 19:04:24 INFO     Batch: [62/200] Epoch: [0] Loss: [2.2913045807490273]
2019-04-14 19:04:25 INFO     Batch: [63/200] Epoch: [0] Loss: [2.291162509471178]
2019-04-14 19:04:25 INFO     Batch: [64/200] Epoch: [0] Loss: [2.2908401269179124]
2019-04-14 19:04:25 INFO     Batch: [65/200] Epoch: [0] Loss: [2.2905150579683706]
2019-04-14 19:04:25 INFO     Batch: [66/200] Epoch: [0] Loss: [2.2902848649380814]
2019-04-14 19:04:26 INFO     Batch: [67/200] Epoch: [0] Loss: [2.289916578461142]
2019-04-14 19:04:26 INFO     Batch: [68/200] Epoch: [0] Loss: [2.289680346198704]
2019-04-14 19:04:26 INFO     Batch: [69/200] Epoch: [0] Loss: [2.2894262892859323]
2019-04-14 19:04:26 INFO     Batch: [70/200] Epoch: [0] Loss: [2.289142323211885]
2019-04-14 19:04:27 INFO     Batch: [71/200] Epoch: [0] Loss: [2.28887477517128]
2019-04-14 19:04:27 INFO     Batch: [72/200] Epoch: [0] Loss: [2.288576798896267]
2019-04-14 19:04:27 INFO     Batch: [73/200] Epoch: [0] Loss: [2.288175605438851]
2019-04-14 19:04:28 INFO     Batch: [74/200] Epoch: [0] Loss: [2.287939961751302]
2019-04-14 19:04:28 INFO     Batch: [75/200] Epoch: [0] Loss: [2.2876663113895215]
2019-04-14 19:04:28 INFO     Batch: [76/200] Epoch: [0] Loss: [2.2874200994318183]
2019-04-14 19:04:28 INFO     Batch: [77/200] Epoch: [0] Loss: [2.287079089727157]
2019-04-14 19:04:29 INFO     Batch: [78/200] Epoch: [0] Loss: [2.286703139920778]
2019-04-14 19:04:29 INFO     Batch: [79/200] Epoch: [0] Loss: [2.286451292037964]
2019-04-14 19:04:29 INFO     Batch: [80/200] Epoch: [0] Loss: [2.286134187086129]
2019-04-14 19:04:29 INFO     Batch: [81/200] Epoch: [0] Loss: [2.2858141776992054]
2019-04-14 19:04:30 INFO     Batch: [82/200] Epoch: [0] Loss: [2.2856089264513497]
2019-04-14 19:04:30 INFO     Batch: [83/200] Epoch: [0] Loss: [2.2852573621840704]
2019-04-14 19:04:30 INFO     Batch: [84/200] Epoch: [0] Loss: [2.2849342598634608]
2019-04-14 19:04:30 INFO     Batch: [85/200] Epoch: [0] Loss: [2.2846053228821863]
2019-04-14 19:04:31 INFO     Batch: [86/200] Epoch: [0] Loss: [2.2843121906806685]
2019-04-14 19:04:31 INFO     Batch: [87/200] Epoch: [0] Loss: [2.2839670208367435]
2019-04-14 19:04:31 INFO     Batch: [88/200] Epoch: [0] Loss: [2.2837464246857033]
2019-04-14 19:04:32 INFO     Batch: [89/200] Epoch: [0] Loss: [2.2833838780721027]
2019-04-14 19:04:32 INFO     Batch: [90/200] Epoch: [0] Loss: [2.2831556089631806]
2019-04-14 19:04:32 INFO     Batch: [91/200] Epoch: [0] Loss: [2.2829714365627454]
2019-04-14 19:04:32 INFO     Batch: [92/200] Epoch: [0] Loss: [2.28274731738593]
2019-04-14 19:04:33 INFO     Batch: [93/200] Epoch: [0] Loss: [2.282490707458334]
2019-04-14 19:04:33 INFO     Batch: [94/200] Epoch: [0] Loss: [2.282132843921059]
2019-04-14 19:04:33 INFO     Batch: [95/200] Epoch: [0] Loss: [2.281838541229566]
2019-04-14 19:04:33 INFO     Batch: [96/200] Epoch: [0] Loss: [2.2815106406654277]
2019-04-14 19:04:34 INFO     Batch: [97/200] Epoch: [0] Loss: [2.2814157836291256]
2019-04-14 19:04:34 INFO     Batch: [98/200] Epoch: [0] Loss: [2.2810234325100676]
2019-04-14 19:04:34 INFO     Batch: [99/200] Epoch: [0] Loss: [2.280783264636993]
2019-04-14 19:04:35 INFO     Batch: [100/200] Epoch: [0] Loss: [2.2803510746153273]
2019-04-14 19:04:35 INFO     Batch: [101/200] Epoch: [0] Loss: [2.2800587719562007]
2019-04-14 19:04:35 INFO     Batch: [102/200] Epoch: [0] Loss: [2.2796414361416715]
2019-04-14 19:04:35 INFO     Batch: [103/200] Epoch: [0] Loss: [2.27929402085451]
2019-04-14 19:04:36 INFO     Batch: [104/200] Epoch: [0] Loss: [2.279021862574986]
2019-04-14 19:04:36 INFO     Batch: [105/200] Epoch: [0] Loss: [2.278698061997036]
2019-04-14 19:04:36 INFO     Batch: [106/200] Epoch: [0] Loss: [2.2783931014693786]
2019-04-14 19:04:36 INFO     Batch: [107/200] Epoch: [0] Loss: [2.277986857626173]
2019-04-14 19:04:37 INFO     Batch: [108/200] Epoch: [0] Loss: [2.2775834853496026]
2019-04-14 19:04:37 INFO     Batch: [109/200] Epoch: [0] Loss: [2.2771377476778896]
2019-04-14 19:04:37 INFO     Batch: [110/200] Epoch: [0] Loss: [2.2767661219244606]
2019-04-14 19:04:38 INFO     Batch: [111/200] Epoch: [0] Loss: [2.276330686041287]
2019-04-14 19:04:38 INFO     Batch: [112/200] Epoch: [0] Loss: [2.2760423896587]
2019-04-14 19:04:38 INFO     Batch: [113/200] Epoch: [0] Loss: [2.2757694846705387]
2019-04-14 19:04:38 INFO     Batch: [114/200] Epoch: [0] Loss: [2.275328190430351]
2019-04-14 19:04:39 INFO     Batch: [115/200] Epoch: [0] Loss: [2.275041771346125]
2019-04-14 19:04:39 INFO     Batch: [116/200] Epoch: [0] Loss: [2.2746528886322284]
2019-04-14 19:04:39 INFO     Batch: [117/200] Epoch: [0] Loss: [2.2743200023295516]
2019-04-14 19:04:39 INFO     Batch: [118/200] Epoch: [0] Loss: [2.2738488622072364]
2019-04-14 19:04:40 INFO     Batch: [119/200] Epoch: [0] Loss: [2.2733632743358614]
2019-04-14 19:04:40 INFO     Batch: [120/200] Epoch: [0] Loss: [2.2728825975055535]
2019-04-14 19:04:40 INFO     Batch: [121/200] Epoch: [0] Loss: [2.272436212320797]
2019-04-14 19:04:40 INFO     Batch: [122/200] Epoch: [0] Loss: [2.271914423965826]
2019-04-14 19:04:41 INFO     Batch: [123/200] Epoch: [0] Loss: [2.271462901946037]
2019-04-14 19:04:41 INFO     Batch: [124/200] Epoch: [0] Loss: [2.2710362415313723]
2019-04-14 19:04:41 INFO     Batch: [125/200] Epoch: [0] Loss: [2.2705181193730186]
2019-04-14 19:04:42 INFO     Batch: [126/200] Epoch: [0] Loss: [2.2700685778940755]
2019-04-14 19:04:42 INFO     Batch: [127/200] Epoch: [0] Loss: [2.2696957141160965]
2019-04-14 19:04:42 INFO     Batch: [128/200] Epoch: [0] Loss: [2.2692646850911222]
2019-04-14 19:04:42 INFO     Batch: [129/200] Epoch: [0] Loss: [2.2687769064536463]
2019-04-14 19:04:43 INFO     Batch: [130/200] Epoch: [0] Loss: [2.2682878261304085]
2019-04-14 19:04:43 INFO     Batch: [131/200] Epoch: [0] Loss: [2.267889425610051]
2019-04-14 19:04:43 INFO     Batch: [132/200] Epoch: [0] Loss: [2.2676060737523818]
2019-04-14 19:04:43 INFO     Batch: [133/200] Epoch: [0] Loss: [2.267118841854494]
2019-04-14 19:04:44 INFO     Batch: [134/200] Epoch: [0] Loss: [2.2667018077991625]
2019-04-14 19:04:44 INFO     Batch: [135/200] Epoch: [0] Loss: [2.2662560729419483]
2019-04-14 19:04:44 INFO     Batch: [136/200] Epoch: [0] Loss: [2.265946245541538]
2019-04-14 19:04:45 INFO     Batch: [137/200] Epoch: [0] Loss: [2.265359361966451]
2019-04-14 19:04:45 INFO     Batch: [138/200] Epoch: [0] Loss: [2.2649097991504257]
2019-04-14 19:04:45 INFO     Batch: [139/200] Epoch: [0] Loss: [2.2643896886280603]
2019-04-14 19:04:45 INFO     Batch: [140/200] Epoch: [0] Loss: [2.2639093382138733]
2019-04-14 19:04:46 INFO     Batch: [141/200] Epoch: [0] Loss: [2.2632742163161157]
2019-04-14 19:04:46 INFO     Batch: [142/200] Epoch: [0] Loss: [2.262807592645392]
2019-04-14 19:04:46 INFO     Batch: [143/200] Epoch: [0] Loss: [2.2623242454396353]
2019-04-14 19:04:46 INFO     Batch: [144/200] Epoch: [0] Loss: [2.2617816563310296]
2019-04-14 19:04:47 INFO     Batch: [145/200] Epoch: [0] Loss: [2.261219477000302]
2019-04-14 19:04:47 INFO     Batch: [146/200] Epoch: [0] Loss: [2.260739198347338]
2019-04-14 19:04:47 INFO     Batch: [147/200] Epoch: [0] Loss: [2.2602256488155676]
2019-04-14 19:04:48 INFO     Batch: [148/200] Epoch: [0] Loss: [2.2597388549139037]
2019-04-14 19:04:48 INFO     Batch: [149/200] Epoch: [0] Loss: [2.259230351448059]
2019-04-14 19:04:48 INFO     Batch: [150/200] Epoch: [0] Loss: [2.2585974497510897]
2019-04-14 19:04:48 INFO     Batch: [151/200] Epoch: [0] Loss: [2.2581071414445577]
2019-04-14 19:04:49 INFO     Batch: [152/200] Epoch: [0] Loss: [2.2576368493971484]
2019-04-14 19:04:49 INFO     Batch: [153/200] Epoch: [0] Loss: [2.257005713202737]
2019-04-14 19:04:49 INFO     Batch: [154/200] Epoch: [0] Loss: [2.2562578093621037]
2019-04-14 19:04:49 INFO     Batch: [155/200] Epoch: [0] Loss: [2.25572582697257]
2019-04-14 19:04:50 INFO     Batch: [156/200] Epoch: [0] Loss: [2.255143548272977]
2019-04-14 19:04:50 INFO     Batch: [157/200] Epoch: [0] Loss: [2.2546018754379658]
2019-04-14 19:04:50 INFO     Batch: [158/200] Epoch: [0] Loss: [2.254047876633938]
2019-04-14 19:04:50 INFO     Batch: [159/200] Epoch: [0] Loss: [2.2534302890300753]
2019-04-14 19:04:51 INFO     Batch: [160/200] Epoch: [0] Loss: [2.2528282055943647]
2019-04-14 19:04:51 INFO     Batch: [161/200] Epoch: [0] Loss: [2.2523101538787653]
2019-04-14 19:04:51 INFO     Batch: [162/200] Epoch: [0] Loss: [2.251682417524373]
2019-04-14 19:04:52 INFO     Batch: [163/200] Epoch: [0] Loss: [2.2511521127165817]
2019-04-14 19:04:52 INFO     Batch: [164/200] Epoch: [0] Loss: [2.2507837136586506]
2019-04-14 19:04:52 INFO     Batch: [165/200] Epoch: [0] Loss: [2.25022658238928]
2019-04-14 19:04:52 INFO     Batch: [166/200] Epoch: [0] Loss: [2.2494545082846087]
2019-04-14 19:04:53 INFO     Batch: [167/200] Epoch: [0] Loss: [2.248761703570684]
2019-04-14 19:04:53 INFO     Batch: [168/200] Epoch: [0] Loss: [2.2481973030158047]
2019-04-14 19:04:53 INFO     Batch: [169/200] Epoch: [0] Loss: [2.247540301435134]
2019-04-14 19:04:53 INFO     Batch: [170/200] Epoch: [0] Loss: [2.2469425842775936]
2019-04-14 19:04:54 INFO     Batch: [171/200] Epoch: [0] Loss: [2.2461983367454175]
2019-04-14 19:04:54 INFO     Batch: [172/200] Epoch: [0] Loss: [2.2455144893227286]
2019-04-14 19:04:54 INFO     Batch: [173/200] Epoch: [0] Loss: [2.2448464467607696]
2019-04-14 19:04:55 INFO     Batch: [174/200] Epoch: [0] Loss: [2.244247681753976]
2019-04-14 19:04:55 INFO     Batch: [175/200] Epoch: [0] Loss: [2.243605002760887]
2019-04-14 19:04:55 INFO     Batch: [176/200] Epoch: [0] Loss: [2.2430194353653214]
2019-04-14 19:04:55 INFO     Batch: [177/200] Epoch: [0] Loss: [2.242342362243138]
2019-04-14 19:04:56 INFO     Batch: [178/200] Epoch: [0] Loss: [2.2417952121969043]
2019-04-14 19:04:56 INFO     Batch: [179/200] Epoch: [0] Loss: [2.241284014119042]
2019-04-14 19:04:56 INFO     Batch: [180/200] Epoch: [0] Loss: [2.2407129377291346]
2019-04-14 19:04:56 INFO     Batch: [181/200] Epoch: [0] Loss: [2.2401802932823096]
2019-04-14 19:04:57 INFO     Batch: [182/200] Epoch: [0] Loss: [2.239592040171389]
2019-04-14 19:04:57 INFO     Batch: [183/200] Epoch: [0] Loss: [2.2391363447127133]
2019-04-14 19:04:57 INFO     Batch: [184/200] Epoch: [0] Loss: [2.238616230681136]
2019-04-14 19:04:58 INFO     Batch: [185/200] Epoch: [0] Loss: [2.238104192159509]
2019-04-14 19:04:58 INFO     Batch: [186/200] Epoch: [0] Loss: [2.2376416953489744]
2019-04-14 19:04:58 INFO     Batch: [187/200] Epoch: [0] Loss: [2.236971174148803]
2019-04-14 19:04:58 INFO     Batch: [188/200] Epoch: [0] Loss: [2.236301692074569]
2019-04-14 19:04:59 INFO     Batch: [189/200] Epoch: [0] Loss: [2.2357801173862657]
2019-04-14 19:04:59 INFO     Batch: [190/200] Epoch: [0] Loss: [2.235133900068193]
2019-04-14 19:04:59 INFO     Batch: [191/200] Epoch: [0] Loss: [2.234374883274237]
2019-04-14 19:04:59 INFO     Batch: [192/200] Epoch: [0] Loss: [2.233735594724744]
2019-04-14 19:05:00 INFO     Batch: [193/200] Epoch: [0] Loss: [2.232963247397511]
2019-04-14 19:05:00 INFO     Batch: [194/200] Epoch: [0] Loss: [2.232377992532192]
2019-04-14 19:05:00 INFO     Batch: [195/200] Epoch: [0] Loss: [2.231746324471065]
2019-04-14 19:05:00 INFO     Batch: [196/200] Epoch: [0] Loss: [2.2310361426493843]
2019-04-14 19:05:01 INFO     Batch: [197/200] Epoch: [0] Loss: [2.230359319484595]
2019-04-14 19:05:01 INFO     Batch: [198/200] Epoch: [0] Loss: [2.229684511021753]
2019-04-14 19:05:01 INFO     Batch: [199/200] Epoch: [0] Loss: [2.2289867961406706]
2019-04-14 19:05:03 INFO     
Parameter containing:
tensor([[-0.1135, -0.2449, -0.4878],
        [ 0.1347, -0.3793, -0.5215],
        [-0.3608,  0.2814,  0.5275]], device='cuda:0', requires_grad=True)
2019-04-14 19:05:03 INFO     **************** Epoch: [0/500] Accuracy: [0.1990909090909091] ****************

2019-04-14 19:05:03 INFO     Batch: [0/200] Epoch: [1] Loss: [2.084458827972412]
2019-04-14 19:05:04 INFO     Batch: [1/200] Epoch: [1] Loss: [2.094664454460144]
2019-04-14 19:05:04 INFO     Batch: [2/200] Epoch: [1] Loss: [2.0887354214986167]
2019-04-14 19:05:04 INFO     Batch: [3/200] Epoch: [1] Loss: [2.0904208421707153]
2019-04-14 19:05:04 INFO     Batch: [4/200] Epoch: [1] Loss: [2.0861393928527834]
2019-04-14 19:05:05 INFO     Batch: [5/200] Epoch: [1] Loss: [2.0827136437098184]
2019-04-14 19:05:05 INFO     Batch: [6/200] Epoch: [1] Loss: [2.08348502431597]
2019-04-14 19:05:05 INFO     Batch: [7/200] Epoch: [1] Loss: [2.086257427930832]
2019-04-14 19:05:06 INFO     Batch: [8/200] Epoch: [1] Loss: [2.08583845032586]
2019-04-14 19:05:06 INFO     Batch: [9/200] Epoch: [1] Loss: [2.0873368263244627]
2019-04-14 19:05:06 INFO     Batch: [10/200] Epoch: [1] Loss: [2.087480501695113]
2019-04-14 19:05:06 INFO     Batch: [11/200] Epoch: [1] Loss: [2.0884066820144653]
2019-04-14 19:05:07 INFO     Batch: [12/200] Epoch: [1] Loss: [2.0873624911675086]
2019-04-14 19:05:07 INFO     Batch: [13/200] Epoch: [1] Loss: [2.0848276785441806]
2019-04-14 19:05:07 INFO     Batch: [14/200] Epoch: [1] Loss: [2.0849665959676105]
2019-04-14 19:05:07 INFO     Batch: [15/200] Epoch: [1] Loss: [2.083899661898613]
2019-04-14 19:05:08 INFO     Batch: [16/200] Epoch: [1] Loss: [2.084165502997006]
2019-04-14 19:05:08 INFO     Batch: [17/200] Epoch: [1] Loss: [2.084545267952813]
2019-04-14 19:05:08 INFO     Batch: [18/200] Epoch: [1] Loss: [2.083856883801912]
2019-04-14 19:05:09 INFO     Batch: [19/200] Epoch: [1] Loss: [2.084405708312988]
2019-04-14 19:05:09 INFO     Batch: [20/200] Epoch: [1] Loss: [2.0832014083862305]
2019-04-14 19:05:09 INFO     Batch: [21/200] Epoch: [1] Loss: [2.0824141935868696]
2019-04-14 19:05:09 INFO     Batch: [22/200] Epoch: [1] Loss: [2.082115992255833]
2019-04-14 19:05:10 INFO     Batch: [23/200] Epoch: [1] Loss: [2.0804843803246817]
2019-04-14 19:05:10 INFO     Batch: [24/200] Epoch: [1] Loss: [2.080167751312256]
2019-04-14 19:05:10 INFO     Batch: [25/200] Epoch: [1] Loss: [2.078593685076787]
2019-04-14 19:05:10 INFO     Batch: [26/200] Epoch: [1] Loss: [2.078255300168638]
2019-04-14 19:05:11 INFO     Batch: [27/200] Epoch: [1] Loss: [2.079493377889906]
2019-04-14 19:05:11 INFO     Batch: [28/200] Epoch: [1] Loss: [2.0790053071646857]
2019-04-14 19:05:11 INFO     Batch: [29/200] Epoch: [1] Loss: [2.0784312009811403]
2019-04-14 19:05:12 INFO     Batch: [30/200] Epoch: [1] Loss: [2.077387971262778]
2019-04-14 19:05:12 INFO     Batch: [31/200] Epoch: [1] Loss: [2.076014071702957]
2019-04-14 19:05:12 INFO     Batch: [32/200] Epoch: [1] Loss: [2.075664859829527]
2019-04-14 19:05:12 INFO     Batch: [33/200] Epoch: [1] Loss: [2.0756534197751213]
2019-04-14 19:05:13 INFO     Batch: [34/200] Epoch: [1] Loss: [2.075218037196568]
2019-04-14 19:05:13 INFO     Batch: [35/200] Epoch: [1] Loss: [2.073516627152761]
2019-04-14 19:05:13 INFO     Batch: [36/200] Epoch: [1] Loss: [2.072830883232323]
2019-04-14 19:05:13 INFO     Batch: [37/200] Epoch: [1] Loss: [2.0733935582010368]
2019-04-14 19:05:14 INFO     Batch: [38/200] Epoch: [1] Loss: [2.073137344458164]
2019-04-14 19:05:14 INFO     Batch: [39/200] Epoch: [1] Loss: [2.072925627231598]
2019-04-14 19:05:14 INFO     Batch: [40/200] Epoch: [1] Loss: [2.0724476546776005]
2019-04-14 19:05:15 INFO     Batch: [41/200] Epoch: [1] Loss: [2.071198508853004]
2019-04-14 19:05:15 INFO     Batch: [42/200] Epoch: [1] Loss: [2.0702851927557657]
2019-04-14 19:05:15 INFO     Batch: [43/200] Epoch: [1] Loss: [2.0696021047505466]
2019-04-14 19:05:15 INFO     Batch: [44/200] Epoch: [1] Loss: [2.069443946414524]
2019-04-14 19:05:16 INFO     Batch: [45/200] Epoch: [1] Loss: [2.0680967206540317]
2019-04-14 19:05:16 INFO     Batch: [46/200] Epoch: [1] Loss: [2.067616381543748]
2019-04-14 19:05:16 INFO     Batch: [47/200] Epoch: [1] Loss: [2.0677399585644403]
2019-04-14 19:05:16 INFO     Batch: [48/200] Epoch: [1] Loss: [2.068043888831625]
2019-04-14 19:05:17 INFO     Batch: [49/200] Epoch: [1] Loss: [2.0673655700683593]
2019-04-14 19:05:17 INFO     Batch: [50/200] Epoch: [1] Loss: [2.0666474080553243]
2019-04-14 19:05:17 INFO     Batch: [51/200] Epoch: [1] Loss: [2.06699884396333]
2019-04-14 19:05:17 INFO     Batch: [52/200] Epoch: [1] Loss: [2.0663061591814147]
2019-04-14 19:05:18 INFO     Batch: [53/200] Epoch: [1] Loss: [2.066646205054389]
2019-04-14 19:05:18 INFO     Batch: [54/200] Epoch: [1] Loss: [2.066202280738137]
2019-04-14 19:05:18 INFO     Batch: [55/200] Epoch: [1] Loss: [2.0650672699723924]
2019-04-14 19:05:19 INFO     Batch: [56/200] Epoch: [1] Loss: [2.0646684169769287]
2019-04-14 19:05:19 INFO     Batch: [57/200] Epoch: [1] Loss: [2.0641173412059914]
2019-04-14 19:05:19 INFO     Batch: [58/200] Epoch: [1] Loss: [2.063802060434374]
2019-04-14 19:05:19 INFO     Batch: [59/200] Epoch: [1] Loss: [2.0630016207695006]
2019-04-14 19:05:20 INFO     Batch: [60/200] Epoch: [1] Loss: [2.0626070773015255]
2019-04-14 19:05:20 INFO     Batch: [61/200] Epoch: [1] Loss: [2.062610880021126]
2019-04-14 19:05:20 INFO     Batch: [62/200] Epoch: [1] Loss: [2.0617051919301352]
2019-04-14 19:05:20 INFO     Batch: [63/200] Epoch: [1] Loss: [2.0612270794808865]
2019-04-14 19:05:21 INFO     Batch: [64/200] Epoch: [1] Loss: [2.060649193250216]
2019-04-14 19:05:21 INFO     Batch: [65/200] Epoch: [1] Loss: [2.0602598081935537]
2019-04-14 19:05:21 INFO     Batch: [66/200] Epoch: [1] Loss: [2.05966101475616]
2019-04-14 19:05:22 INFO     Batch: [67/200] Epoch: [1] Loss: [2.0592490013907936]
2019-04-14 19:05:22 INFO     Batch: [68/200] Epoch: [1] Loss: [2.0586352417434473]
2019-04-14 19:05:22 INFO     Batch: [69/200] Epoch: [1] Loss: [2.0584883553641182]
2019-04-14 19:05:22 INFO     Batch: [70/200] Epoch: [1] Loss: [2.057201414041116]
2019-04-14 19:05:23 INFO     Batch: [71/200] Epoch: [1] Loss: [2.05697408815225]
2019-04-14 19:05:23 INFO     Batch: [72/200] Epoch: [1] Loss: [2.0565538520682347]
2019-04-14 19:05:23 INFO     Batch: [73/200] Epoch: [1] Loss: [2.0560164983208113]
2019-04-14 19:05:23 INFO     Batch: [74/200] Epoch: [1] Loss: [2.0555476427078245]
2019-04-14 19:05:24 INFO     Batch: [75/200] Epoch: [1] Loss: [2.0550536654497447]
2019-04-14 19:05:24 INFO     Batch: [76/200] Epoch: [1] Loss: [2.054799363210604]
2019-04-14 19:05:24 INFO     Batch: [77/200] Epoch: [1] Loss: [2.054189628515488]
2019-04-14 19:05:25 INFO     Batch: [78/200] Epoch: [1] Loss: [2.0531136672708055]
2019-04-14 19:05:25 INFO     Batch: [79/200] Epoch: [1] Loss: [2.0529639407992364]
2019-04-14 19:05:25 INFO     Batch: [80/200] Epoch: [1] Loss: [2.052184209411527]
2019-04-14 19:05:25 INFO     Batch: [81/200] Epoch: [1] Loss: [2.051777788778631]
2019-04-14 19:05:26 INFO     Batch: [82/200] Epoch: [1] Loss: [2.050841427711119]
2019-04-14 19:05:26 INFO     Batch: [83/200] Epoch: [1] Loss: [2.050472448269526]
2019-04-14 19:05:26 INFO     Batch: [84/200] Epoch: [1] Loss: [2.0497964901082657]
2019-04-14 19:05:26 INFO     Batch: [85/200] Epoch: [1] Loss: [2.0493134163146793]
2019-04-14 19:05:27 INFO     Batch: [86/200] Epoch: [1] Loss: [2.049025024490795]
2019-04-14 19:05:27 INFO     Batch: [87/200] Epoch: [1] Loss: [2.048111205751246]
2019-04-14 19:05:27 INFO     Batch: [88/200] Epoch: [1] Loss: [2.0476974476589245]
2019-04-14 19:05:28 INFO     Batch: [89/200] Epoch: [1] Loss: [2.047126860088772]
2019-04-14 19:05:28 INFO     Batch: [90/200] Epoch: [1] Loss: [2.047337558243301]
2019-04-14 19:05:28 INFO     Batch: [91/200] Epoch: [1] Loss: [2.046517109093459]
2019-04-14 19:05:28 INFO     Batch: [92/200] Epoch: [1] Loss: [2.0453723694688533]
2019-04-14 19:05:29 INFO     Batch: [93/200] Epoch: [1] Loss: [2.0447502542049327]
2019-04-14 19:05:29 INFO     Batch: [94/200] Epoch: [1] Loss: [2.043760915806419]
2019-04-14 19:05:29 INFO     Batch: [95/200] Epoch: [1] Loss: [2.0438398458063602]
2019-04-14 19:05:29 INFO     Batch: [96/200] Epoch: [1] Loss: [2.0439679536622823]
2019-04-14 19:05:30 INFO     Batch: [97/200] Epoch: [1] Loss: [2.0437780046949583]
2019-04-14 19:05:30 INFO     Batch: [98/200] Epoch: [1] Loss: [2.043338023050867]
2019-04-14 19:05:30 INFO     Batch: [99/200] Epoch: [1] Loss: [2.0429213201999663]
2019-04-14 19:05:30 INFO     Batch: [100/200] Epoch: [1] Loss: [2.042282235504377]
2019-04-14 19:05:31 INFO     Batch: [101/200] Epoch: [1] Loss: [2.0418720864782145]
2019-04-14 19:05:31 INFO     Batch: [102/200] Epoch: [1] Loss: [2.0416633793451253]
2019-04-14 19:05:31 INFO     Batch: [103/200] Epoch: [1] Loss: [2.040911948451629]
2019-04-14 19:05:32 INFO     Batch: [104/200] Epoch: [1] Loss: [2.0406560227984474]
2019-04-14 19:05:32 INFO     Batch: [105/200] Epoch: [1] Loss: [2.0399057640219636]
2019-04-14 19:05:32 INFO     Batch: [106/200] Epoch: [1] Loss: [2.0395662940551187]
2019-04-14 19:05:32 INFO     Batch: [107/200] Epoch: [1] Loss: [2.038454540349819]
2019-04-14 19:05:33 INFO     Batch: [108/200] Epoch: [1] Loss: [2.037863270952067]
2019-04-14 19:05:33 INFO     Batch: [109/200] Epoch: [1] Loss: [2.0377335234121845]
2019-04-14 19:05:33 INFO     Batch: [110/200] Epoch: [1] Loss: [2.037131154859388]
2019-04-14 19:05:33 INFO     Batch: [111/200] Epoch: [1] Loss: [2.0377666588340486]
2019-04-14 19:05:34 INFO     Batch: [112/200] Epoch: [1] Loss: [2.037402970600972]
2019-04-14 19:05:34 INFO     Batch: [113/200] Epoch: [1] Loss: [2.0368485262519433]
2019-04-14 19:05:34 INFO     Batch: [114/200] Epoch: [1] Loss: [2.0362997905067775]
2019-04-14 19:05:35 INFO     Batch: [115/200] Epoch: [1] Loss: [2.036204428508364]
2019-04-14 19:05:35 INFO     Batch: [116/200] Epoch: [1] Loss: [2.035965297976111]
2019-04-14 19:05:35 INFO     Batch: [117/200] Epoch: [1] Loss: [2.035499681860714]
2019-04-14 19:05:35 INFO     Batch: [118/200] Epoch: [1] Loss: [2.0349429194666757]
2019-04-14 19:05:36 INFO     Batch: [119/200] Epoch: [1] Loss: [2.034602103630702]
2019-04-14 19:05:36 INFO     Batch: [120/200] Epoch: [1] Loss: [2.034238523688198]
2019-04-14 19:05:36 INFO     Batch: [121/200] Epoch: [1] Loss: [2.033774075938053]
2019-04-14 19:05:36 INFO     Batch: [122/200] Epoch: [1] Loss: [2.033534737137275]
2019-04-14 19:05:37 INFO     Batch: [123/200] Epoch: [1] Loss: [2.0333081608818424]
2019-04-14 19:05:37 INFO     Batch: [124/200] Epoch: [1] Loss: [2.0333058576583865]
2019-04-14 19:05:37 INFO     Batch: [125/200] Epoch: [1] Loss: [2.032900081740485]
2019-04-14 19:05:38 INFO     Batch: [126/200] Epoch: [1] Loss: [2.032773042288352]
2019-04-14 19:05:38 INFO     Batch: [127/200] Epoch: [1] Loss: [2.0323481895029545]
2019-04-14 19:05:38 INFO     Batch: [128/200] Epoch: [1] Loss: [2.0324875587640805]
2019-04-14 19:05:38 INFO     Batch: [129/200] Epoch: [1] Loss: [2.0324573021668653]
2019-04-14 19:05:39 INFO     Batch: [130/200] Epoch: [1] Loss: [2.0320289344278]
2019-04-14 19:05:39 INFO     Batch: [131/200] Epoch: [1] Loss: [2.0320002843033182]
2019-04-14 19:05:39 INFO     Batch: [132/200] Epoch: [1] Loss: [2.0317072196114334]
2019-04-14 19:05:39 INFO     Batch: [133/200] Epoch: [1] Loss: [2.031302210110337]
2019-04-14 19:05:40 INFO     Batch: [134/200] Epoch: [1] Loss: [2.030857612468578]
2019-04-14 19:05:40 INFO     Batch: [135/200] Epoch: [1] Loss: [2.0310518601361442]
2019-04-14 19:05:40 INFO     Batch: [136/200] Epoch: [1] Loss: [2.030678265286188]
2019-04-14 19:05:41 INFO     Batch: [137/200] Epoch: [1] Loss: [2.0296342329702517]
2019-04-14 19:05:41 INFO     Batch: [138/200] Epoch: [1] Loss: [2.0296094288928903]
2019-04-14 19:05:41 INFO     Batch: [139/200] Epoch: [1] Loss: [2.029256123304367]
2019-04-14 19:05:41 INFO     Batch: [140/200] Epoch: [1] Loss: [2.0288185346211103]
2019-04-14 19:05:42 INFO     Batch: [141/200] Epoch: [1] Loss: [2.0280544950928485]
2019-04-14 19:05:42 INFO     Batch: [142/200] Epoch: [1] Loss: [2.0275242412006937]
2019-04-14 19:05:42 INFO     Batch: [143/200] Epoch: [1] Loss: [2.02734803656737]
2019-04-14 19:05:42 INFO     Batch: [144/200] Epoch: [1] Loss: [2.0267965637404344]
2019-04-14 19:05:43 INFO     Batch: [145/200] Epoch: [1] Loss: [2.0263982292723983]
2019-04-14 19:05:43 INFO     Batch: [146/200] Epoch: [1] Loss: [2.025952606785054]
2019-04-14 19:05:43 INFO     Batch: [147/200] Epoch: [1] Loss: [2.0256088424373315]
2019-04-14 19:05:43 INFO     Batch: [148/200] Epoch: [1] Loss: [2.0246577950932036]
2019-04-14 19:05:44 INFO     Batch: [149/200] Epoch: [1] Loss: [2.0246346775690713]
2019-04-14 19:05:44 INFO     Batch: [150/200] Epoch: [1] Loss: [2.02424277375076]
2019-04-14 19:05:44 INFO     Batch: [151/200] Epoch: [1] Loss: [2.0242280818914113]
2019-04-14 19:05:45 INFO     Batch: [152/200] Epoch: [1] Loss: [2.023698442901661]
2019-04-14 19:05:45 INFO     Batch: [153/200] Epoch: [1] Loss: [2.0229569905764095]
2019-04-14 19:05:45 INFO     Batch: [154/200] Epoch: [1] Loss: [2.0226746628361365]
2019-04-14 19:05:45 INFO     Batch: [155/200] Epoch: [1] Loss: [2.0222604160125437]
2019-04-14 19:05:46 INFO     Batch: [156/200] Epoch: [1] Loss: [2.0220532584342226]
2019-04-14 19:05:46 INFO     Batch: [157/200] Epoch: [1] Loss: [2.0214974329441406]
2019-04-14 19:05:46 INFO     Batch: [158/200] Epoch: [1] Loss: [2.021443817600514]
2019-04-14 19:05:46 INFO     Batch: [159/200] Epoch: [1] Loss: [2.0207678258419035]
2019-04-14 19:05:47 INFO     Batch: [160/200] Epoch: [1] Loss: [2.0204092375239973]
2019-04-14 19:05:47 INFO     Batch: [161/200] Epoch: [1] Loss: [2.0201475267057067]
2019-04-14 19:05:47 INFO     Batch: [162/200] Epoch: [1] Loss: [2.019503372578533]
2019-04-14 19:05:48 INFO     Batch: [163/200] Epoch: [1] Loss: [2.0188196904775575]
2019-04-14 19:05:48 INFO     Batch: [164/200] Epoch: [1] Loss: [2.0183420817057294]
2019-04-14 19:05:48 INFO     Batch: [165/200] Epoch: [1] Loss: [2.018194740795227]
2019-04-14 19:05:48 INFO     Batch: [166/200] Epoch: [1] Loss: [2.017891720383467]
2019-04-14 19:05:49 INFO     Batch: [167/200] Epoch: [1] Loss: [2.017613949520247]
2019-04-14 19:05:49 INFO     Batch: [168/200] Epoch: [1] Loss: [2.0168357304567417]
2019-04-14 19:05:49 INFO     Batch: [169/200] Epoch: [1] Loss: [2.016218936443329]
2019-04-14 19:05:49 INFO     Batch: [170/200] Epoch: [1] Loss: [2.0155809831898113]
2019-04-14 19:05:50 INFO     Batch: [171/200] Epoch: [1] Loss: [2.015450282152309]
2019-04-14 19:05:50 INFO     Batch: [172/200] Epoch: [1] Loss: [2.015147294612289]
2019-04-14 19:05:50 INFO     Batch: [173/200] Epoch: [1] Loss: [2.0145215686710403]
2019-04-14 19:05:51 INFO     Batch: [174/200] Epoch: [1] Loss: [2.014195821625846]
2019-04-14 19:05:51 INFO     Batch: [175/200] Epoch: [1] Loss: [2.013971317220818]
2019-04-14 19:05:51 INFO     Batch: [176/200] Epoch: [1] Loss: [2.013595273265731]
2019-04-14 19:05:51 INFO     Batch: [177/200] Epoch: [1] Loss: [2.013223041979115]
2019-04-14 19:05:52 INFO     Batch: [178/200] Epoch: [1] Loss: [2.012534579085238]
2019-04-14 19:05:52 INFO     Batch: [179/200] Epoch: [1] Loss: [2.0119551678498584]
2019-04-14 19:05:52 INFO     Batch: [180/200] Epoch: [1] Loss: [2.0115055273909594]
2019-04-14 19:05:52 INFO     Batch: [181/200] Epoch: [1] Loss: [2.0117113511640947]
2019-04-14 19:05:53 INFO     Batch: [182/200] Epoch: [1] Loss: [2.0115514342250718]
2019-04-14 19:05:53 INFO     Batch: [183/200] Epoch: [1] Loss: [2.011105166181274]
2019-04-14 19:05:53 INFO     Batch: [184/200] Epoch: [1] Loss: [2.0105837628648087]
2019-04-14 19:05:53 INFO     Batch: [185/200] Epoch: [1] Loss: [2.0104328131162994]
2019-04-14 19:05:54 INFO     Batch: [186/200] Epoch: [1] Loss: [2.009949924474094]
2019-04-14 19:05:54 INFO     Batch: [187/200] Epoch: [1] Loss: [2.0097046031596815]
2019-04-14 19:05:54 INFO     Batch: [188/200] Epoch: [1] Loss: [2.0094334025862355]
2019-04-14 19:05:55 INFO     Batch: [189/200] Epoch: [1] Loss: [2.0088940356907092]
2019-04-14 19:05:55 INFO     Batch: [190/200] Epoch: [1] Loss: [2.008602822638307]
2019-04-14 19:05:55 INFO     Batch: [191/200] Epoch: [1] Loss: [2.008515262976289]
2019-04-14 19:05:55 INFO     Batch: [192/200] Epoch: [1] Loss: [2.0081141192678342]
2019-04-14 19:05:56 INFO     Batch: [193/200] Epoch: [1] Loss: [2.008148601374675]
2019-04-14 19:05:56 INFO     Batch: [194/200] Epoch: [1] Loss: [2.007634111551138]
2019-04-14 19:05:56 INFO     Batch: [195/200] Epoch: [1] Loss: [2.006950753075736]
2019-04-14 19:05:56 INFO     Batch: [196/200] Epoch: [1] Loss: [2.006481199095092]
2019-04-14 19:05:57 INFO     Batch: [197/200] Epoch: [1] Loss: [2.005918101830916]
2019-04-14 19:05:57 INFO     Batch: [198/200] Epoch: [1] Loss: [2.005351134880104]
2019-04-14 19:05:57 INFO     Batch: [199/200] Epoch: [1] Loss: [2.00507237136364]
2019-04-14 19:05:59 INFO     
Parameter containing:
tensor([[-0.1139, -0.2675, -0.4676],
        [ 0.1548, -0.3910, -0.5003],
        [-0.3799,  0.2592,  0.5071]], device='cuda:0', requires_grad=True)
2019-04-14 19:05:59 INFO     **************** Epoch: [1/500] Accuracy: [0.18939393939393942] ****************

2019-04-14 19:05:59 INFO     Batch: [0/200] Epoch: [2] Loss: [2.021721601486206]
2019-04-14 19:06:00 INFO     Batch: [1/200] Epoch: [2] Loss: [1.9743194580078125]
2019-04-14 19:06:00 INFO     Batch: [2/200] Epoch: [2] Loss: [1.9608173767725627]
2019-04-14 19:06:00 INFO     Batch: [3/200] Epoch: [2] Loss: [1.9659241735935211]
2019-04-14 19:06:00 INFO     Batch: [4/200] Epoch: [2] Loss: [1.9676786184310913]
2019-04-14 19:06:01 INFO     Batch: [5/200] Epoch: [2] Loss: [1.9645273089408875]
2019-04-14 19:06:01 INFO     Batch: [6/200] Epoch: [2] Loss: [1.963425602231707]
2019-04-14 19:06:01 INFO     Batch: [7/200] Epoch: [2] Loss: [1.9626207649707794]
2019-04-14 19:06:01 INFO     Batch: [8/200] Epoch: [2] Loss: [1.9588936567306519]
2019-04-14 19:06:02 INFO     Batch: [9/200] Epoch: [2] Loss: [1.9502919673919679]
2019-04-14 19:06:02 INFO     Batch: [10/200] Epoch: [2] Loss: [1.9416954192248257]
2019-04-14 19:06:02 INFO     Batch: [11/200] Epoch: [2] Loss: [1.9391909341017406]
2019-04-14 19:06:03 INFO     Batch: [12/200] Epoch: [2] Loss: [1.9361827556903546]
2019-04-14 19:06:03 INFO     Batch: [13/200] Epoch: [2] Loss: [1.9369511093412126]
2019-04-14 19:06:03 INFO     Batch: [14/200] Epoch: [2] Loss: [1.9380829413731893]
2019-04-14 19:06:03 INFO     Batch: [15/200] Epoch: [2] Loss: [1.9360946267843246]
2019-04-14 19:06:04 INFO     Batch: [16/200] Epoch: [2] Loss: [1.9365012014613432]
2019-04-14 19:06:04 INFO     Batch: [17/200] Epoch: [2] Loss: [1.9362978339195251]
2019-04-14 19:06:04 INFO     Batch: [18/200] Epoch: [2] Loss: [1.9346301053699695]
2019-04-14 19:06:04 INFO     Batch: [19/200] Epoch: [2] Loss: [1.9328030824661255]
2019-04-14 19:06:05 INFO     Batch: [20/200] Epoch: [2] Loss: [1.9295662471226283]
2019-04-14 19:06:05 INFO     Batch: [21/200] Epoch: [2] Loss: [1.9268109744245356]
2019-04-14 19:06:05 INFO     Batch: [22/200] Epoch: [2] Loss: [1.9271323525387307]
2019-04-14 19:06:06 INFO     Batch: [23/200] Epoch: [2] Loss: [1.9269279042879741]
2019-04-14 19:06:06 INFO     Batch: [24/200] Epoch: [2] Loss: [1.9251884603500367]
2019-04-14 19:06:06 INFO     Batch: [25/200] Epoch: [2] Loss: [1.9244537353515625]
2019-04-14 19:06:06 INFO     Batch: [26/200] Epoch: [2] Loss: [1.9226003222995334]
2019-04-14 19:06:07 INFO     Batch: [27/200] Epoch: [2] Loss: [1.923568274293627]
2019-04-14 19:06:07 INFO     Batch: [28/200] Epoch: [2] Loss: [1.9237894683048642]
2019-04-14 19:06:07 INFO     Batch: [29/200] Epoch: [2] Loss: [1.9232092142105102]
2019-04-14 19:06:07 INFO     Batch: [30/200] Epoch: [2] Loss: [1.9221165526297785]
2019-04-14 19:06:08 INFO     Batch: [31/200] Epoch: [2] Loss: [1.9206844680011272]
2019-04-14 19:06:08 INFO     Batch: [32/200] Epoch: [2] Loss: [1.9202017892490735]
2019-04-14 19:06:08 INFO     Batch: [33/200] Epoch: [2] Loss: [1.920776233953588]
2019-04-14 19:06:09 INFO     Batch: [34/200] Epoch: [2] Loss: [1.9218965462275914]
2019-04-14 19:06:09 INFO     Batch: [35/200] Epoch: [2] Loss: [1.9202580451965332]
2019-04-14 19:06:09 INFO     Batch: [36/200] Epoch: [2] Loss: [1.9207777783677384]
2019-04-14 19:06:09 INFO     Batch: [37/200] Epoch: [2] Loss: [1.9205028163759332]
2019-04-14 19:06:10 INFO     Batch: [38/200] Epoch: [2] Loss: [1.9193000090427887]
2019-04-14 19:06:10 INFO     Batch: [39/200] Epoch: [2] Loss: [1.9191108852624894]
2019-04-14 19:06:10 INFO     Batch: [40/200] Epoch: [2] Loss: [1.9173694732712536]
2019-04-14 19:06:10 INFO     Batch: [41/200] Epoch: [2] Loss: [1.917057454586029]
2019-04-14 19:06:11 INFO     Batch: [42/200] Epoch: [2] Loss: [1.9164893876674562]
2019-04-14 19:06:11 INFO     Batch: [43/200] Epoch: [2] Loss: [1.915738195180893]
2019-04-14 19:06:11 INFO     Batch: [44/200] Epoch: [2] Loss: [1.9146698421902126]
2019-04-14 19:06:12 INFO     Batch: [45/200] Epoch: [2] Loss: [1.9164040140483691]
2019-04-14 19:06:12 INFO     Batch: [46/200] Epoch: [2] Loss: [1.9159407311297478]
2019-04-14 19:06:12 INFO     Batch: [47/200] Epoch: [2] Loss: [1.9163508241375287]
2019-04-14 19:06:12 INFO     Batch: [48/200] Epoch: [2] Loss: [1.9154890337768866]
2019-04-14 19:06:13 INFO     Batch: [49/200] Epoch: [2] Loss: [1.914493706226349]
2019-04-14 19:06:13 INFO     Batch: [50/200] Epoch: [2] Loss: [1.9149318652994491]
2019-04-14 19:06:13 INFO     Batch: [51/200] Epoch: [2] Loss: [1.914834079834131]
2019-04-14 19:06:13 INFO     Batch: [52/200] Epoch: [2] Loss: [1.9158702638914]
2019-04-14 19:06:14 INFO     Batch: [53/200] Epoch: [2] Loss: [1.9172198286762945]
2019-04-14 19:06:14 INFO     Batch: [54/200] Epoch: [2] Loss: [1.9176801378076727]
2019-04-14 19:06:14 INFO     Batch: [55/200] Epoch: [2] Loss: [1.916851009641375]
2019-04-14 19:06:14 INFO     Batch: [56/200] Epoch: [2] Loss: [1.9169277057313083]
2019-04-14 19:06:15 INFO     Batch: [57/200] Epoch: [2] Loss: [1.9164270347562329]
2019-04-14 19:06:15 INFO     Batch: [58/200] Epoch: [2] Loss: [1.9154649952710685]
2019-04-14 19:06:15 INFO     Batch: [59/200] Epoch: [2] Loss: [1.9148797949155172]
2019-04-14 19:06:16 INFO     Batch: [60/200] Epoch: [2] Loss: [1.9148395940905711]
2019-04-14 19:06:16 INFO     Batch: [61/200] Epoch: [2] Loss: [1.9146909982927385]
2019-04-14 19:06:16 INFO     Batch: [62/200] Epoch: [2] Loss: [1.9146698126717219]
2019-04-14 19:06:16 INFO     Batch: [63/200] Epoch: [2] Loss: [1.9137249905616045]
2019-04-14 19:06:17 INFO     Batch: [64/200] Epoch: [2] Loss: [1.9138129050915058]
2019-04-14 19:06:17 INFO     Batch: [65/200] Epoch: [2] Loss: [1.9138294368079214]
2019-04-14 19:06:17 INFO     Batch: [66/200] Epoch: [2] Loss: [1.9129588835274995]
2019-04-14 19:06:17 INFO     Batch: [67/200] Epoch: [2] Loss: [1.9127521725261913]
2019-04-14 19:06:18 INFO     Batch: [68/200] Epoch: [2] Loss: [1.9116498110950857]
2019-04-14 19:06:18 INFO     Batch: [69/200] Epoch: [2] Loss: [1.9127787028040204]
2019-04-14 19:06:18 INFO     Batch: [70/200] Epoch: [2] Loss: [1.912843213954442]
2019-04-14 19:06:19 INFO     Batch: [71/200] Epoch: [2] Loss: [1.9128074215518103]
2019-04-14 19:06:19 INFO     Batch: [72/200] Epoch: [2] Loss: [1.9124978699096262]
2019-04-14 19:06:19 INFO     Batch: [73/200] Epoch: [2] Loss: [1.9114429258011483]
2019-04-14 19:06:19 INFO     Batch: [74/200] Epoch: [2] Loss: [1.9113769737879436]
2019-04-14 19:06:20 INFO     Batch: [75/200] Epoch: [2] Loss: [1.9114724272175838]
2019-04-14 19:06:20 INFO     Batch: [76/200] Epoch: [2] Loss: [1.9108999534086748]
2019-04-14 19:06:20 INFO     Batch: [77/200] Epoch: [2] Loss: [1.9102708941850908]
2019-04-14 19:06:20 INFO     Batch: [78/200] Epoch: [2] Loss: [1.909547356110585]
2019-04-14 19:06:21 INFO     Batch: [79/200] Epoch: [2] Loss: [1.9099010512232781]
2019-04-14 19:06:21 INFO     Batch: [80/200] Epoch: [2] Loss: [1.9093054518287564]
2019-04-14 19:06:21 INFO     Batch: [81/200] Epoch: [2] Loss: [1.9089416498091163]
2019-04-14 19:06:22 INFO     Batch: [82/200] Epoch: [2] Loss: [1.9081271542124]
2019-04-14 19:06:22 INFO     Batch: [83/200] Epoch: [2] Loss: [1.9076263450440907]
2019-04-14 19:06:22 INFO     Batch: [84/200] Epoch: [2] Loss: [1.906780737989089]
2019-04-14 19:06:22 INFO     Batch: [85/200] Epoch: [2] Loss: [1.9064633277959602]
2019-04-14 19:06:23 INFO     Batch: [86/200] Epoch: [2] Loss: [1.9056064027479325]
2019-04-14 19:06:23 INFO     Batch: [87/200] Epoch: [2] Loss: [1.9058664292097092]
2019-04-14 19:06:23 INFO     Batch: [88/200] Epoch: [2] Loss: [1.905050753207689]
2019-04-14 19:06:23 INFO     Batch: [89/200] Epoch: [2] Loss: [1.9054086685180665]
2019-04-14 19:06:24 INFO     Batch: [90/200] Epoch: [2] Loss: [1.9056915634281033]
2019-04-14 19:06:24 INFO     Batch: [91/200] Epoch: [2] Loss: [1.9053675700788912]
2019-04-14 19:06:24 INFO     Batch: [92/200] Epoch: [2] Loss: [1.9045027481612338]
2019-04-14 19:06:24 INFO     Batch: [93/200] Epoch: [2] Loss: [1.9038267516075296]
2019-04-14 19:06:25 INFO     Batch: [94/200] Epoch: [2] Loss: [1.9037302343468918]
2019-04-14 19:06:25 INFO     Batch: [95/200] Epoch: [2] Loss: [1.9036378550032775]
2019-04-14 19:06:25 INFO     Batch: [96/200] Epoch: [2] Loss: [1.9031936729077212]
2019-04-14 19:06:26 INFO     Batch: [97/200] Epoch: [2] Loss: [1.902548085670082]
2019-04-14 19:06:26 INFO     Batch: [98/200] Epoch: [2] Loss: [1.902823466243166]
2019-04-14 19:06:26 INFO     Batch: [99/200] Epoch: [2] Loss: [1.9027146184444428]
2019-04-14 19:06:26 INFO     Batch: [100/200] Epoch: [2] Loss: [1.9023323897087927]
2019-04-14 19:06:27 INFO     Batch: [101/200] Epoch: [2] Loss: [1.9027021725972493]
2019-04-14 19:06:27 INFO     Batch: [102/200] Epoch: [2] Loss: [1.9033112444923919]
2019-04-14 19:06:27 INFO     Batch: [103/200] Epoch: [2] Loss: [1.902367963240697]
2019-04-14 19:06:27 INFO     Batch: [104/200] Epoch: [2] Loss: [1.9025150912148612]
2019-04-14 19:06:28 INFO     Batch: [105/200] Epoch: [2] Loss: [1.901990164001033]
2019-04-14 19:06:28 INFO     Batch: [106/200] Epoch: [2] Loss: [1.9016253714249514]
2019-04-14 19:06:28 INFO     Batch: [107/200] Epoch: [2] Loss: [1.9008279696658805]
2019-04-14 19:06:29 INFO     Batch: [108/200] Epoch: [2] Loss: [1.9005263617279333]
2019-04-14 19:06:29 INFO     Batch: [109/200] Epoch: [2] Loss: [1.8996377153830095]
2019-04-14 19:06:29 INFO     Batch: [110/200] Epoch: [2] Loss: [1.8998690048853557]
2019-04-14 19:06:29 INFO     Batch: [111/200] Epoch: [2] Loss: [1.8993161427123206]
2019-04-14 19:06:30 INFO     Batch: [112/200] Epoch: [2] Loss: [1.8993025100336665]
2019-04-14 19:06:30 INFO     Batch: [113/200] Epoch: [2] Loss: [1.8994521195428413]
2019-04-14 19:06:30 INFO     Batch: [114/200] Epoch: [2] Loss: [1.899559153681216]
2019-04-14 19:06:30 INFO     Batch: [115/200] Epoch: [2] Loss: [1.8992030415041694]
2019-04-14 19:06:31 INFO     Batch: [116/200] Epoch: [2] Loss: [1.8994335180673845]
2019-04-14 19:06:31 INFO     Batch: [117/200] Epoch: [2] Loss: [1.8993060619144115]
2019-04-14 19:06:31 INFO     Batch: [118/200] Epoch: [2] Loss: [1.899430433241259]
2019-04-14 19:06:32 INFO     Batch: [119/200] Epoch: [2] Loss: [1.8989348441362381]
2019-04-14 19:06:32 INFO     Batch: [120/200] Epoch: [2] Loss: [1.8983614287100548]
2019-04-14 19:06:32 INFO     Batch: [121/200] Epoch: [2] Loss: [1.8980620190745494]
2019-04-14 19:06:32 INFO     Batch: [122/200] Epoch: [2] Loss: [1.8978262703593185]
2019-04-14 19:06:33 INFO     Batch: [123/200] Epoch: [2] Loss: [1.8976129187691597]
2019-04-14 19:06:33 INFO     Batch: [124/200] Epoch: [2] Loss: [1.89796253490448]
2019-04-14 19:06:33 INFO     Batch: [125/200] Epoch: [2] Loss: [1.89781653881073]
2019-04-14 19:06:33 INFO     Batch: [126/200] Epoch: [2] Loss: [1.8968913742876428]
2019-04-14 19:06:34 INFO     Batch: [127/200] Epoch: [2] Loss: [1.8963957903906703]
2019-04-14 19:06:34 INFO     Batch: [128/200] Epoch: [2] Loss: [1.8957695840865143]
2019-04-14 19:06:34 INFO     Batch: [129/200] Epoch: [2] Loss: [1.8953034822757429]
2019-04-14 19:06:35 INFO     Batch: [130/200] Epoch: [2] Loss: [1.8951425051871147]
2019-04-14 19:06:35 INFO     Batch: [131/200] Epoch: [2] Loss: [1.8951110695347642]
2019-04-14 19:06:35 INFO     Batch: [132/200] Epoch: [2] Loss: [1.894839770811841]
2019-04-14 19:06:35 INFO     Batch: [133/200] Epoch: [2] Loss: [1.8945717268915319]
2019-04-14 19:06:36 INFO     Batch: [134/200] Epoch: [2] Loss: [1.8947889628233734]
2019-04-14 19:06:36 INFO     Batch: [135/200] Epoch: [2] Loss: [1.894470050054438]
2019-04-14 19:06:36 INFO     Batch: [136/200] Epoch: [2] Loss: [1.8936611909935945]
2019-04-14 19:06:36 INFO     Batch: [137/200] Epoch: [2] Loss: [1.8929062166075776]
2019-04-14 19:06:37 INFO     Batch: [138/200] Epoch: [2] Loss: [1.8929727763580761]
2019-04-14 19:06:37 INFO     Batch: [139/200] Epoch: [2] Loss: [1.8926457021917615]
2019-04-14 19:06:37 INFO     Batch: [140/200] Epoch: [2] Loss: [1.8926603920916294]
2019-04-14 19:06:37 INFO     Batch: [141/200] Epoch: [2] Loss: [1.8922787216347707]
2019-04-14 19:06:38 INFO     Batch: [142/200] Epoch: [2] Loss: [1.8917770977620478]
2019-04-14 19:06:38 INFO     Batch: [143/200] Epoch: [2] Loss: [1.8910399766431913]
2019-04-14 19:06:38 INFO     Batch: [144/200] Epoch: [2] Loss: [1.89068155206483]
2019-04-14 19:06:39 INFO     Batch: [145/200] Epoch: [2] Loss: [1.8902459675318575]
2019-04-14 19:06:39 INFO     Batch: [146/200] Epoch: [2] Loss: [1.890214626480933]
2019-04-14 19:06:39 INFO     Batch: [147/200] Epoch: [2] Loss: [1.8895478546619415]
2019-04-14 19:06:39 INFO     Batch: [148/200] Epoch: [2] Loss: [1.889327504490846]
2019-04-14 19:06:40 INFO     Batch: [149/200] Epoch: [2] Loss: [1.8889681752522787]
2019-04-14 19:06:40 INFO     Batch: [150/200] Epoch: [2] Loss: [1.8884982012755034]
2019-04-14 19:06:40 INFO     Batch: [151/200] Epoch: [2] Loss: [1.8883801698684692]
2019-04-14 19:06:40 INFO     Batch: [152/200] Epoch: [2] Loss: [1.8884053658815771]
2019-04-14 19:06:41 INFO     Batch: [153/200] Epoch: [2] Loss: [1.8878637366480642]
2019-04-14 19:06:41 INFO     Batch: [154/200] Epoch: [2] Loss: [1.8879532890935098]
2019-04-14 19:06:41 INFO     Batch: [155/200] Epoch: [2] Loss: [1.8876887162526448]
2019-04-14 19:06:42 INFO     Batch: [156/200] Epoch: [2] Loss: [1.8875036133322747]
2019-04-14 19:06:42 INFO     Batch: [157/200] Epoch: [2] Loss: [1.8872278287440916]
2019-04-14 19:06:42 INFO     Batch: [158/200] Epoch: [2] Loss: [1.8873418786990568]
2019-04-14 19:06:42 INFO     Batch: [159/200] Epoch: [2] Loss: [1.8869773499667644]
2019-04-14 19:06:43 INFO     Batch: [160/200] Epoch: [2] Loss: [1.8868919514721225]
2019-04-14 19:06:43 INFO     Batch: [161/200] Epoch: [2] Loss: [1.8865172443566498]
2019-04-14 19:06:43 INFO     Batch: [162/200] Epoch: [2] Loss: [1.8859367443740003]
2019-04-14 19:06:43 INFO     Batch: [163/200] Epoch: [2] Loss: [1.885902110396362]
2019-04-14 19:06:44 INFO     Batch: [164/200] Epoch: [2] Loss: [1.885734246716355]
2019-04-14 19:06:44 INFO     Batch: [165/200] Epoch: [2] Loss: [1.8848986740571907]
2019-04-14 19:06:44 INFO     Batch: [166/200] Epoch: [2] Loss: [1.8849880081450867]
2019-04-14 19:06:45 INFO     Batch: [167/200] Epoch: [2] Loss: [1.8844174870422907]
2019-04-14 19:06:45 INFO     Batch: [168/200] Epoch: [2] Loss: [1.8842628058597182]
2019-04-14 19:06:45 INFO     Batch: [169/200] Epoch: [2] Loss: [1.8842829206410576]
2019-04-14 19:06:45 INFO     Batch: [170/200] Epoch: [2] Loss: [1.884046229005557]
2019-04-14 19:06:46 INFO     Batch: [171/200] Epoch: [2] Loss: [1.8834986963937448]
2019-04-14 19:06:46 INFO     Batch: [172/200] Epoch: [2] Loss: [1.8833802635270047]
2019-04-14 19:06:46 INFO     Batch: [173/200] Epoch: [2] Loss: [1.883663925631293]
2019-04-14 19:06:46 INFO     Batch: [174/200] Epoch: [2] Loss: [1.8832292563574655]
2019-04-14 19:06:47 INFO     Batch: [175/200] Epoch: [2] Loss: [1.8828204626386815]
2019-04-14 19:06:47 INFO     Batch: [176/200] Epoch: [2] Loss: [1.8821080249581634]
2019-04-14 19:06:47 INFO     Batch: [177/200] Epoch: [2] Loss: [1.8814088300372778]
2019-04-14 19:06:47 INFO     Batch: [178/200] Epoch: [2] Loss: [1.880789784745797]
2019-04-14 19:06:48 INFO     Batch: [179/200] Epoch: [2] Loss: [1.8803767217530145]
2019-04-14 19:06:48 INFO     Batch: [180/200] Epoch: [2] Loss: [1.8798420192128387]
2019-04-14 19:06:48 INFO     Batch: [181/200] Epoch: [2] Loss: [1.879484168120793]
2019-04-14 19:06:49 INFO     Batch: [182/200] Epoch: [2] Loss: [1.8789534985693426]
2019-04-14 19:06:49 INFO     Batch: [183/200] Epoch: [2] Loss: [1.878516716801602]
2019-04-14 19:06:49 INFO     Batch: [184/200] Epoch: [2] Loss: [1.8778061641229165]
2019-04-14 19:06:49 INFO     Batch: [185/200] Epoch: [2] Loss: [1.8775057510663105]
2019-04-14 19:06:50 INFO     Batch: [186/200] Epoch: [2] Loss: [1.8772561531015897]
2019-04-14 19:06:50 INFO     Batch: [187/200] Epoch: [2] Loss: [1.8767486075137525]
2019-04-14 19:06:50 INFO     Batch: [188/200] Epoch: [2] Loss: [1.8761826286870966]
2019-04-14 19:06:50 INFO     Batch: [189/200] Epoch: [2] Loss: [1.8756870941111916]
2019-04-14 19:06:51 INFO     Batch: [190/200] Epoch: [2] Loss: [1.8751494815836403]
2019-04-14 19:06:51 INFO     Batch: [191/200] Epoch: [2] Loss: [1.8745070695877075]
2019-04-14 19:06:51 INFO     Batch: [192/200] Epoch: [2] Loss: [1.8738366526025565]
2019-04-14 19:06:52 INFO     Batch: [193/200] Epoch: [2] Loss: [1.873468865438835]
2019-04-14 19:06:52 INFO     Batch: [194/200] Epoch: [2] Loss: [1.8729986319175134]
2019-04-14 19:06:52 INFO     Batch: [195/200] Epoch: [2] Loss: [1.8728128172913376]
2019-04-14 19:06:52 INFO     Batch: [196/200] Epoch: [2] Loss: [1.8724693634788396]
2019-04-14 19:06:53 INFO     Batch: [197/200] Epoch: [2] Loss: [1.8718262706140074]
2019-04-14 19:06:53 INFO     Batch: [198/200] Epoch: [2] Loss: [1.8714648736781212]
2019-04-14 19:06:53 INFO     Batch: [199/200] Epoch: [2] Loss: [1.8711491936445237]
2019-04-14 19:06:55 INFO     
Parameter containing:
tensor([[-0.1343, -0.2877, -0.4531],
        [ 0.1765, -0.3735, -0.4804],
        [-0.3630,  0.2408,  0.4895]], device='cuda:0', requires_grad=True)
2019-04-14 19:06:55 INFO     **************** Epoch: [2/500] Accuracy: [0.22545454545454546] ****************

2019-04-14 19:06:55 INFO     Batch: [0/200] Epoch: [3] Loss: [1.7739145755767822]
2019-04-14 19:06:56 INFO     Batch: [1/200] Epoch: [3] Loss: [1.7437909841537476]
2019-04-14 19:06:56 INFO     Batch: [2/200] Epoch: [3] Loss: [1.7757301727930705]
2019-04-14 19:06:56 INFO     Batch: [3/200] Epoch: [3] Loss: [1.790683090686798]
2019-04-14 19:06:56 INFO     Batch: [4/200] Epoch: [3] Loss: [1.7981317520141602]
2019-04-14 19:06:57 INFO     Batch: [5/200] Epoch: [3] Loss: [1.8028044899304707]
2019-04-14 19:06:57 INFO     Batch: [6/200] Epoch: [3] Loss: [1.798798884664263]
2019-04-14 19:06:57 INFO     Batch: [7/200] Epoch: [3] Loss: [1.8027515411376953]
2019-04-14 19:06:57 INFO     Batch: [8/200] Epoch: [3] Loss: [1.801223145590888]
2019-04-14 19:06:58 INFO     Batch: [9/200] Epoch: [3] Loss: [1.8027915477752685]
2019-04-14 19:06:58 INFO     Batch: [10/200] Epoch: [3] Loss: [1.8016168746081265]
2019-04-14 19:06:58 INFO     Batch: [11/200] Epoch: [3] Loss: [1.79484690229098]
2019-04-14 19:06:59 INFO     Batch: [12/200] Epoch: [3] Loss: [1.791687167607821]
2019-04-14 19:06:59 INFO     Batch: [13/200] Epoch: [3] Loss: [1.7887479492596217]
2019-04-14 19:06:59 INFO     Batch: [14/200] Epoch: [3] Loss: [1.783330225944519]
2019-04-14 19:06:59 INFO     Batch: [15/200] Epoch: [3] Loss: [1.7839150205254555]
2019-04-14 19:07:00 INFO     Batch: [16/200] Epoch: [3] Loss: [1.7861446072073544]
2019-04-14 19:07:00 INFO     Batch: [17/200] Epoch: [3] Loss: [1.7828443116611905]
2019-04-14 19:07:00 INFO     Batch: [18/200] Epoch: [3] Loss: [1.7868243581370304]
2019-04-14 19:07:00 INFO     Batch: [19/200] Epoch: [3] Loss: [1.78517689704895]
2019-04-14 19:07:01 INFO     Batch: [20/200] Epoch: [3] Loss: [1.7860611393338157]
2019-04-14 19:07:01 INFO     Batch: [21/200] Epoch: [3] Loss: [1.7875354073264382]
2019-04-14 19:07:01 INFO     Batch: [22/200] Epoch: [3] Loss: [1.7856226019237353]
2019-04-14 19:07:02 INFO     Batch: [23/200] Epoch: [3] Loss: [1.7875726322333019]
2019-04-14 19:07:02 INFO     Batch: [24/200] Epoch: [3] Loss: [1.7882161521911621]
2019-04-14 19:07:02 INFO     Batch: [25/200] Epoch: [3] Loss: [1.7883309767796443]
2019-04-14 19:07:02 INFO     Batch: [26/200] Epoch: [3] Loss: [1.784948812590705]
2019-04-14 19:07:03 INFO     Batch: [27/200] Epoch: [3] Loss: [1.7850956448486872]
2019-04-14 19:07:03 INFO     Batch: [28/200] Epoch: [3] Loss: [1.7853994657253396]
2019-04-14 19:07:03 INFO     Batch: [29/200] Epoch: [3] Loss: [1.7851475159327188]
2019-04-14 19:07:03 INFO     Batch: [30/200] Epoch: [3] Loss: [1.7852226688015846]
2019-04-14 19:07:04 INFO     Batch: [31/200] Epoch: [3] Loss: [1.7843327298760414]
2019-04-14 19:07:04 INFO     Batch: [32/200] Epoch: [3] Loss: [1.7810489734013875]
2019-04-14 19:07:04 INFO     Batch: [33/200] Epoch: [3] Loss: [1.7813483161084793]
2019-04-14 19:07:04 INFO     Batch: [34/200] Epoch: [3] Loss: [1.7813406126839775]
2019-04-14 19:07:05 INFO     Batch: [35/200] Epoch: [3] Loss: [1.7814917928642697]
2019-04-14 19:07:05 INFO     Batch: [36/200] Epoch: [3] Loss: [1.7815279992851052]
2019-04-14 19:07:05 INFO     Batch: [37/200] Epoch: [3] Loss: [1.7790342569351196]
2019-04-14 19:07:06 INFO     Batch: [38/200] Epoch: [3] Loss: [1.7785023267452533]
2019-04-14 19:07:06 INFO     Batch: [39/200] Epoch: [3] Loss: [1.7780993580818176]
2019-04-14 19:07:06 INFO     Batch: [40/200] Epoch: [3] Loss: [1.7767517857435273]
2019-04-14 19:07:06 INFO     Batch: [41/200] Epoch: [3] Loss: [1.7761798132033575]
2019-04-14 19:07:07 INFO     Batch: [42/200] Epoch: [3] Loss: [1.7770062962243722]
2019-04-14 19:07:07 INFO     Batch: [43/200] Epoch: [3] Loss: [1.776508317752318]
2019-04-14 19:07:07 INFO     Batch: [44/200] Epoch: [3] Loss: [1.77634752591451]
2019-04-14 19:07:07 INFO     Batch: [45/200] Epoch: [3] Loss: [1.7757958458817524]
2019-04-14 19:07:08 INFO     Batch: [46/200] Epoch: [3] Loss: [1.7741682174357962]
2019-04-14 19:07:08 INFO     Batch: [47/200] Epoch: [3] Loss: [1.7747302477558453]
2019-04-14 19:07:08 INFO     Batch: [48/200] Epoch: [3] Loss: [1.7747665813991003]
2019-04-14 19:07:09 INFO     Batch: [49/200] Epoch: [3] Loss: [1.7752966356277466]
2019-04-14 19:07:09 INFO     Batch: [50/200] Epoch: [3] Loss: [1.7772256650176703]
2019-04-14 19:07:09 INFO     Batch: [51/200] Epoch: [3] Loss: [1.7764258591028361]
2019-04-14 19:07:09 INFO     Batch: [52/200] Epoch: [3] Loss: [1.7778589680509747]
2019-04-14 19:07:10 INFO     Batch: [53/200] Epoch: [3] Loss: [1.7775436926771093]
2019-04-14 19:07:10 INFO     Batch: [54/200] Epoch: [3] Loss: [1.777006069096652]
2019-04-14 19:07:10 INFO     Batch: [55/200] Epoch: [3] Loss: [1.7779148710625512]
2019-04-14 19:07:10 INFO     Batch: [56/200] Epoch: [3] Loss: [1.778577819205167]
2019-04-14 19:07:11 INFO     Batch: [57/200] Epoch: [3] Loss: [1.7804018094621856]
2019-04-14 19:07:11 INFO     Batch: [58/200] Epoch: [3] Loss: [1.779603208525706]
2019-04-14 19:07:11 INFO     Batch: [59/200] Epoch: [3] Loss: [1.7784294525782267]
2019-04-14 19:07:12 INFO     Batch: [60/200] Epoch: [3] Loss: [1.7759968179171202]
2019-04-14 19:07:12 INFO     Batch: [61/200] Epoch: [3] Loss: [1.7761376692402748]
2019-04-14 19:07:12 INFO     Batch: [62/200] Epoch: [3] Loss: [1.7747613115916177]
2019-04-14 19:07:12 INFO     Batch: [63/200] Epoch: [3] Loss: [1.7737886849790812]
2019-04-14 19:07:13 INFO     Batch: [64/200] Epoch: [3] Loss: [1.7744273094030527]
2019-04-14 19:07:13 INFO     Batch: [65/200] Epoch: [3] Loss: [1.7748068390470562]
2019-04-14 19:07:13 INFO     Batch: [66/200] Epoch: [3] Loss: [1.7740009702853303]
2019-04-14 19:07:13 INFO     Batch: [67/200] Epoch: [3] Loss: [1.7741703478729023]
2019-04-14 19:07:14 INFO     Batch: [68/200] Epoch: [3] Loss: [1.7751081369925237]
2019-04-14 19:07:14 INFO     Batch: [69/200] Epoch: [3] Loss: [1.7752666899136134]
2019-04-14 19:07:14 INFO     Batch: [70/200] Epoch: [3] Loss: [1.7741729272923]
2019-04-14 19:07:14 INFO     Batch: [71/200] Epoch: [3] Loss: [1.7743247813648648]
2019-04-14 19:07:15 INFO     Batch: [72/200] Epoch: [3] Loss: [1.7748333509654215]
2019-04-14 19:07:15 INFO     Batch: [73/200] Epoch: [3] Loss: [1.7733036924052883]
2019-04-14 19:07:15 INFO     Batch: [74/200] Epoch: [3] Loss: [1.7737883996963502]
2019-04-14 19:07:16 INFO     Batch: [75/200] Epoch: [3] Loss: [1.773498513196644]
2019-04-14 19:07:16 INFO     Batch: [76/200] Epoch: [3] Loss: [1.7723585042086514]
2019-04-14 19:07:16 INFO     Batch: [77/200] Epoch: [3] Loss: [1.7739179638715892]
2019-04-14 19:07:16 INFO     Batch: [78/200] Epoch: [3] Loss: [1.7748360362233995]
2019-04-14 19:07:17 INFO     Batch: [79/200] Epoch: [3] Loss: [1.7759460896253585]
2019-04-14 19:07:17 INFO     Batch: [80/200] Epoch: [3] Loss: [1.7754736800252655]
2019-04-14 19:07:17 INFO     Batch: [81/200] Epoch: [3] Loss: [1.7764072897957592]
2019-04-14 19:07:17 INFO     Batch: [82/200] Epoch: [3] Loss: [1.775648886898914]
2019-04-14 19:07:18 INFO     Batch: [83/200] Epoch: [3] Loss: [1.775048981110255]
2019-04-14 19:07:18 INFO     Batch: [84/200] Epoch: [3] Loss: [1.7761339299819048]
2019-04-14 19:07:18 INFO     Batch: [85/200] Epoch: [3] Loss: [1.775383082933204]
2019-04-14 19:07:19 INFO     Batch: [86/200] Epoch: [3] Loss: [1.7756119158076145]
2019-04-14 19:07:19 INFO     Batch: [87/200] Epoch: [3] Loss: [1.7752876512028954]
2019-04-14 19:07:19 INFO     Batch: [88/200] Epoch: [3] Loss: [1.7747336599264252]
2019-04-14 19:07:19 INFO     Batch: [89/200] Epoch: [3] Loss: [1.7743950102064345]
2019-04-14 19:07:20 INFO     Batch: [90/200] Epoch: [3] Loss: [1.775216111770043]
2019-04-14 19:07:20 INFO     Batch: [91/200] Epoch: [3] Loss: [1.7753822349983712]
2019-04-14 19:07:20 INFO     Batch: [92/200] Epoch: [3] Loss: [1.77521643459156]
2019-04-14 19:07:20 INFO     Batch: [93/200] Epoch: [3] Loss: [1.7753606945910352]
2019-04-14 19:07:21 INFO     Batch: [94/200] Epoch: [3] Loss: [1.7753868153220729]
2019-04-14 19:07:21 INFO     Batch: [95/200] Epoch: [3] Loss: [1.7759864491720994]
2019-04-14 19:07:21 INFO     Batch: [96/200] Epoch: [3] Loss: [1.7748964938920797]
2019-04-14 19:07:22 INFO     Batch: [97/200] Epoch: [3] Loss: [1.7748962482627557]
2019-04-14 19:07:22 INFO     Batch: [98/200] Epoch: [3] Loss: [1.7748210020739623]
2019-04-14 19:07:22 INFO     Batch: [99/200] Epoch: [3] Loss: [1.773933358192444]
2019-04-14 19:07:22 INFO     Batch: [100/200] Epoch: [3] Loss: [1.7736328875664438]
2019-04-14 19:07:23 INFO     Batch: [101/200] Epoch: [3] Loss: [1.7738971850451302]
2019-04-14 19:07:23 INFO     Batch: [102/200] Epoch: [3] Loss: [1.7735867268830827]
2019-04-14 19:07:23 INFO     Batch: [103/200] Epoch: [3] Loss: [1.7741350050155933]
2019-04-14 19:07:23 INFO     Batch: [104/200] Epoch: [3] Loss: [1.7742592312040784]
2019-04-14 19:07:24 INFO     Batch: [105/200] Epoch: [3] Loss: [1.7737612971719705]
2019-04-14 19:07:24 INFO     Batch: [106/200] Epoch: [3] Loss: [1.7736469061575204]
2019-04-14 19:07:24 INFO     Batch: [107/200] Epoch: [3] Loss: [1.7735948695076837]
2019-04-14 19:07:25 INFO     Batch: [108/200] Epoch: [3] Loss: [1.7728943781021538]
2019-04-14 19:07:25 INFO     Batch: [109/200] Epoch: [3] Loss: [1.772537624835968]
2019-04-14 19:07:25 INFO     Batch: [110/200] Epoch: [3] Loss: [1.7723975836693704]
2019-04-14 19:07:25 INFO     Batch: [111/200] Epoch: [3] Loss: [1.772298133799008]
2019-04-14 19:07:26 INFO     Batch: [112/200] Epoch: [3] Loss: [1.7722533245002274]
2019-04-14 19:07:26 INFO     Batch: [113/200] Epoch: [3] Loss: [1.7728778970868964]
2019-04-14 19:07:26 INFO     Batch: [114/200] Epoch: [3] Loss: [1.7738362706225852]
2019-04-14 19:07:26 INFO     Batch: [115/200] Epoch: [3] Loss: [1.773347461018069]
2019-04-14 19:07:27 INFO     Batch: [116/200] Epoch: [3] Loss: [1.7728729808432424]
2019-04-14 19:07:27 INFO     Batch: [117/200] Epoch: [3] Loss: [1.7728636375928328]
2019-04-14 19:07:27 INFO     Batch: [118/200] Epoch: [3] Loss: [1.7727897147170635]
2019-04-14 19:07:28 INFO     Batch: [119/200] Epoch: [3] Loss: [1.7720147331555685]
2019-04-14 19:07:28 INFO     Batch: [120/200] Epoch: [3] Loss: [1.7710944512658868]
2019-04-14 19:07:28 INFO     Batch: [121/200] Epoch: [3] Loss: [1.7702611567544155]
2019-04-14 19:07:28 INFO     Batch: [122/200] Epoch: [3] Loss: [1.7701018108585016]
2019-04-14 19:07:29 INFO     Batch: [123/200] Epoch: [3] Loss: [1.7693752338809352]
2019-04-14 19:07:29 INFO     Batch: [124/200] Epoch: [3] Loss: [1.7690436267852783]
2019-04-14 19:07:29 INFO     Batch: [125/200] Epoch: [3] Loss: [1.7688553021067666]
2019-04-14 19:07:29 INFO     Batch: [126/200] Epoch: [3] Loss: [1.768783020222281]
2019-04-14 19:07:30 INFO     Batch: [127/200] Epoch: [3] Loss: [1.7684696931391954]
2019-04-14 19:07:30 INFO     Batch: [128/200] Epoch: [3] Loss: [1.7691808199697687]
2019-04-14 19:07:30 INFO     Batch: [129/200] Epoch: [3] Loss: [1.7693073868751525]
2019-04-14 19:07:30 INFO     Batch: [130/200] Epoch: [3] Loss: [1.7686437159094193]
2019-04-14 19:07:31 INFO     Batch: [131/200] Epoch: [3] Loss: [1.7689121708725437]
2019-04-14 19:07:31 INFO     Batch: [132/200] Epoch: [3] Loss: [1.7684771933949979]
2019-04-14 19:07:31 INFO     Batch: [133/200] Epoch: [3] Loss: [1.7679978173170516]
2019-04-14 19:07:32 INFO     Batch: [134/200] Epoch: [3] Loss: [1.767514642962703]
2019-04-14 19:07:32 INFO     Batch: [135/200] Epoch: [3] Loss: [1.7673789008575327]
2019-04-14 19:07:32 INFO     Batch: [136/200] Epoch: [3] Loss: [1.76743672886034]
2019-04-14 19:07:32 INFO     Batch: [137/200] Epoch: [3] Loss: [1.767318580461585]
2019-04-14 19:07:33 INFO     Batch: [138/200] Epoch: [3] Loss: [1.7673225102664756]
2019-04-14 19:07:33 INFO     Batch: [139/200] Epoch: [3] Loss: [1.7673698374203273]
2019-04-14 19:07:33 INFO     Batch: [140/200] Epoch: [3] Loss: [1.766770617336246]
2019-04-14 19:07:33 INFO     Batch: [141/200] Epoch: [3] Loss: [1.7664110484257551]
2019-04-14 19:07:34 INFO     Batch: [142/200] Epoch: [3] Loss: [1.7667268356243213]
2019-04-14 19:07:34 INFO     Batch: [143/200] Epoch: [3] Loss: [1.7659217847718134]
2019-04-14 19:07:34 INFO     Batch: [144/200] Epoch: [3] Loss: [1.7655533979678977]
2019-04-14 19:07:35 INFO     Batch: [145/200] Epoch: [3] Loss: [1.7647151399965155]
2019-04-14 19:07:35 INFO     Batch: [146/200] Epoch: [3] Loss: [1.7641003083209603]
2019-04-14 19:07:35 INFO     Batch: [147/200] Epoch: [3] Loss: [1.7638597311200321]
2019-04-14 19:07:35 INFO     Batch: [148/200] Epoch: [3] Loss: [1.7642022003263436]
2019-04-14 19:07:36 INFO     Batch: [149/200] Epoch: [3] Loss: [1.7637117966016134]
2019-04-14 19:07:36 INFO     Batch: [150/200] Epoch: [3] Loss: [1.7641604191420095]
2019-04-14 19:07:36 INFO     Batch: [151/200] Epoch: [3] Loss: [1.7630684971809387]
2019-04-14 19:07:36 INFO     Batch: [152/200] Epoch: [3] Loss: [1.763308211089739]
2019-04-14 19:07:37 INFO     Batch: [153/200] Epoch: [3] Loss: [1.7634801376949658]
2019-04-14 19:07:37 INFO     Batch: [154/200] Epoch: [3] Loss: [1.7633045365733484]
2019-04-14 19:07:37 INFO     Batch: [155/200] Epoch: [3] Loss: [1.76300708987774]
2019-04-14 19:07:38 INFO     Batch: [156/200] Epoch: [3] Loss: [1.7621854854996797]
2019-04-14 19:07:38 INFO     Batch: [157/200] Epoch: [3] Loss: [1.761997099164166]
2019-04-14 19:07:38 INFO     Batch: [158/200] Epoch: [3] Loss: [1.7614248466191802]
2019-04-14 19:07:38 INFO     Batch: [159/200] Epoch: [3] Loss: [1.7608269341289997]
2019-04-14 19:07:39 INFO     Batch: [160/200] Epoch: [3] Loss: [1.761122379243744]
2019-04-14 19:07:39 INFO     Batch: [161/200] Epoch: [3] Loss: [1.7608898900173329]
2019-04-14 19:07:39 INFO     Batch: [162/200] Epoch: [3] Loss: [1.760528542512765]
2019-04-14 19:07:39 INFO     Batch: [163/200] Epoch: [3] Loss: [1.760008626594776]
2019-04-14 19:07:40 INFO     Batch: [164/200] Epoch: [3] Loss: [1.7593803506908994]
2019-04-14 19:07:40 INFO     Batch: [165/200] Epoch: [3] Loss: [1.7593006908175457]
2019-04-14 19:07:40 INFO     Batch: [166/200] Epoch: [3] Loss: [1.7594731803425772]
2019-04-14 19:07:40 INFO     Batch: [167/200] Epoch: [3] Loss: [1.759315211148489]
2019-04-14 19:07:41 INFO     Batch: [168/200] Epoch: [3] Loss: [1.758939843911391]
2019-04-14 19:07:41 INFO     Batch: [169/200] Epoch: [3] Loss: [1.7589027509969823]
2019-04-14 19:07:41 INFO     Batch: [170/200] Epoch: [3] Loss: [1.7584414872509695]
2019-04-14 19:07:42 INFO     Batch: [171/200] Epoch: [3] Loss: [1.7584530205227609]
2019-04-14 19:07:42 INFO     Batch: [172/200] Epoch: [3] Loss: [1.7582952073543747]
2019-04-14 19:07:42 INFO     Batch: [173/200] Epoch: [3] Loss: [1.7579829172156323]
2019-04-14 19:07:42 INFO     Batch: [174/200] Epoch: [3] Loss: [1.7579391138894218]
2019-04-14 19:07:43 INFO     Batch: [175/200] Epoch: [3] Loss: [1.7576916021379558]
2019-04-14 19:07:43 INFO     Batch: [176/200] Epoch: [3] Loss: [1.7569913682291063]
2019-04-14 19:07:43 INFO     Batch: [177/200] Epoch: [3] Loss: [1.7569028252965948]
2019-04-14 19:07:43 INFO     Batch: [178/200] Epoch: [3] Loss: [1.7567443095105986]
2019-04-14 19:07:44 INFO     Batch: [179/200] Epoch: [3] Loss: [1.7568139692147573]
2019-04-14 19:07:44 INFO     Batch: [180/200] Epoch: [3] Loss: [1.7564408463009156]
2019-04-14 19:07:44 INFO     Batch: [181/200] Epoch: [3] Loss: [1.755864529164283]
2019-04-14 19:07:45 INFO     Batch: [182/200] Epoch: [3] Loss: [1.7559549528392937]
2019-04-14 19:07:45 INFO     Batch: [183/200] Epoch: [3] Loss: [1.7554185390472412]
2019-04-14 19:07:45 INFO     Batch: [184/200] Epoch: [3] Loss: [1.7551959289086831]
2019-04-14 19:07:45 INFO     Batch: [185/200] Epoch: [3] Loss: [1.7553680936495464]
2019-04-14 19:07:46 INFO     Batch: [186/200] Epoch: [3] Loss: [1.7548732521699713]
2019-04-14 19:07:46 INFO     Batch: [187/200] Epoch: [3] Loss: [1.7549177775991724]
2019-04-14 19:07:46 INFO     Batch: [188/200] Epoch: [3] Loss: [1.7545745322313258]
2019-04-14 19:07:46 INFO     Batch: [189/200] Epoch: [3] Loss: [1.7542895417464406]
2019-04-14 19:07:47 INFO     Batch: [190/200] Epoch: [3] Loss: [1.7542598359871908]
2019-04-14 19:07:47 INFO     Batch: [191/200] Epoch: [3] Loss: [1.7541928223023813]
2019-04-14 19:07:47 INFO     Batch: [192/200] Epoch: [3] Loss: [1.75402165571025]
2019-04-14 19:07:48 INFO     Batch: [193/200] Epoch: [3] Loss: [1.753797690892957]
2019-04-14 19:07:48 INFO     Batch: [194/200] Epoch: [3] Loss: [1.7536573116595928]
2019-04-14 19:07:48 INFO     Batch: [195/200] Epoch: [3] Loss: [1.7533040910351032]
2019-04-14 19:07:48 INFO     Batch: [196/200] Epoch: [3] Loss: [1.7526575829171893]
2019-04-14 19:07:49 INFO     Batch: [197/200] Epoch: [3] Loss: [1.7529252695314812]
2019-04-14 19:07:49 INFO     Batch: [198/200] Epoch: [3] Loss: [1.7530271959065193]
2019-04-14 19:07:49 INFO     Batch: [199/200] Epoch: [3] Loss: [1.7526728808879852]
2019-04-14 19:07:51 INFO     
Parameter containing:
tensor([[-0.1254, -0.3051, -0.4457],
        [ 0.1970, -0.3484, -0.4622],
        [-0.3387,  0.2235,  0.4752]], device='cuda:0', requires_grad=True)
2019-04-14 19:07:51 INFO     **************** Epoch: [3/500] Accuracy: [0.23969696969696971] ****************

2019-04-14 19:07:51 INFO     Batch: [0/200] Epoch: [4] Loss: [1.806768774986267]
2019-04-14 19:07:52 INFO     Batch: [1/200] Epoch: [4] Loss: [1.747974693775177]
2019-04-14 19:07:52 INFO     Batch: [2/200] Epoch: [4] Loss: [1.7386993169784546]
2019-04-14 19:07:52 INFO     Batch: [3/200] Epoch: [4] Loss: [1.740872174501419]
2019-04-14 19:07:52 INFO     Batch: [4/200] Epoch: [4] Loss: [1.7378478050231934]
2019-04-14 19:07:53 INFO     Batch: [5/200] Epoch: [4] Loss: [1.7219378153483074]
2019-04-14 19:07:53 INFO     Batch: [6/200] Epoch: [4] Loss: [1.71645154271807]
2019-04-14 19:07:53 INFO     Batch: [7/200] Epoch: [4] Loss: [1.7064779698848724]
2019-04-14 19:07:53 INFO     Batch: [8/200] Epoch: [4] Loss: [1.705723245938619]
2019-04-14 19:07:54 INFO     Batch: [9/200] Epoch: [4] Loss: [1.7102279663085938]
2019-04-14 19:07:54 INFO     Batch: [10/200] Epoch: [4] Loss: [1.7106404304504395]
2019-04-14 19:07:54 INFO     Batch: [11/200] Epoch: [4] Loss: [1.712685892979304]
2019-04-14 19:07:54 INFO     Batch: [12/200] Epoch: [4] Loss: [1.7094906568527222]
2019-04-14 19:07:55 INFO     Batch: [13/200] Epoch: [4] Loss: [1.70215448311397]
2019-04-14 19:07:55 INFO     Batch: [14/200] Epoch: [4] Loss: [1.7008613109588624]
2019-04-14 19:07:55 INFO     Batch: [15/200] Epoch: [4] Loss: [1.7054301425814629]
2019-04-14 19:07:56 INFO     Batch: [16/200] Epoch: [4] Loss: [1.7039648785310633]
2019-04-14 19:07:56 INFO     Batch: [17/200] Epoch: [4] Loss: [1.7081627978218927]
2019-04-14 19:07:56 INFO     Batch: [18/200] Epoch: [4] Loss: [1.7067234453402067]
2019-04-14 19:07:56 INFO     Batch: [19/200] Epoch: [4] Loss: [1.7051976323127747]
2019-04-14 19:07:57 INFO     Batch: [20/200] Epoch: [4] Loss: [1.705315561521621]
2019-04-14 19:07:57 INFO     Batch: [21/200] Epoch: [4] Loss: [1.70674758607691]
2019-04-14 19:07:57 INFO     Batch: [22/200] Epoch: [4] Loss: [1.7055975354236106]
2019-04-14 19:07:57 INFO     Batch: [23/200] Epoch: [4] Loss: [1.7070417553186417]
2019-04-14 19:07:58 INFO     Batch: [24/200] Epoch: [4] Loss: [1.705029616355896]
2019-04-14 19:07:58 INFO     Batch: [25/200] Epoch: [4] Loss: [1.7034069987443776]
2019-04-14 19:07:58 INFO     Batch: [26/200] Epoch: [4] Loss: [1.7021693609378956]
2019-04-14 19:07:59 INFO     Batch: [27/200] Epoch: [4] Loss: [1.7012491737093245]
2019-04-14 19:07:59 INFO     Batch: [28/200] Epoch: [4] Loss: [1.6996980412253018]
2019-04-14 19:07:59 INFO     Batch: [29/200] Epoch: [4] Loss: [1.6996435880661012]
2019-04-14 19:07:59 INFO     Batch: [30/200] Epoch: [4] Loss: [1.701730489730835]
2019-04-14 19:08:00 INFO     Batch: [31/200] Epoch: [4] Loss: [1.7017381638288498]
2019-04-14 19:08:00 INFO     Batch: [32/200] Epoch: [4] Loss: [1.7001953450116245]
2019-04-14 19:08:00 INFO     Batch: [33/200] Epoch: [4] Loss: [1.6997094750404358]
2019-04-14 19:08:00 INFO     Batch: [34/200] Epoch: [4] Loss: [1.6996046236583164]
2019-04-14 19:08:01 INFO     Batch: [35/200] Epoch: [4] Loss: [1.6998030675782099]
2019-04-14 19:08:01 INFO     Batch: [36/200] Epoch: [4] Loss: [1.698784496333148]
2019-04-14 19:08:01 INFO     Batch: [37/200] Epoch: [4] Loss: [1.6973333170539455]
2019-04-14 19:08:02 INFO     Batch: [38/200] Epoch: [4] Loss: [1.6963622661737294]
2019-04-14 19:08:02 INFO     Batch: [39/200] Epoch: [4] Loss: [1.6954978108406067]
2019-04-14 19:08:02 INFO     Batch: [40/200] Epoch: [4] Loss: [1.6958717136848263]
2019-04-14 19:08:02 INFO     Batch: [41/200] Epoch: [4] Loss: [1.6963459934507097]
2019-04-14 19:08:03 INFO     Batch: [42/200] Epoch: [4] Loss: [1.6967119782469993]
2019-04-14 19:08:03 INFO     Batch: [43/200] Epoch: [4] Loss: [1.6992615163326263]
2019-04-14 19:08:03 INFO     Batch: [44/200] Epoch: [4] Loss: [1.6993987109926012]
2019-04-14 19:08:03 INFO     Batch: [45/200] Epoch: [4] Loss: [1.700113446816154]
2019-04-14 19:08:04 INFO     Batch: [46/200] Epoch: [4] Loss: [1.7017465119666242]
2019-04-14 19:08:04 INFO     Batch: [47/200] Epoch: [4] Loss: [1.7014760995904605]
2019-04-14 19:08:04 INFO     Batch: [48/200] Epoch: [4] Loss: [1.700553529116572]
2019-04-14 19:08:05 INFO     Batch: [49/200] Epoch: [4] Loss: [1.7007568192481994]
2019-04-14 19:08:05 INFO     Batch: [50/200] Epoch: [4] Loss: [1.700513052005394]
2019-04-14 19:08:05 INFO     Batch: [51/200] Epoch: [4] Loss: [1.7010905696795537]
2019-04-14 19:08:05 INFO     Batch: [52/200] Epoch: [4] Loss: [1.7011196838234954]
2019-04-14 19:08:06 INFO     Batch: [53/200] Epoch: [4] Loss: [1.7012697877707306]
2019-04-14 19:08:06 INFO     Batch: [54/200] Epoch: [4] Loss: [1.700688520344821]
2019-04-14 19:08:06 INFO     Batch: [55/200] Epoch: [4] Loss: [1.6996006412165505]
2019-04-14 19:08:06 INFO     Batch: [56/200] Epoch: [4] Loss: [1.6993232777244167]
2019-04-14 19:08:07 INFO     Batch: [57/200] Epoch: [4] Loss: [1.700521746586109]
2019-04-14 19:08:07 INFO     Batch: [58/200] Epoch: [4] Loss: [1.7023730863959103]
2019-04-14 19:08:07 INFO     Batch: [59/200] Epoch: [4] Loss: [1.7017254730065663]
2019-04-14 19:08:07 INFO     Batch: [60/200] Epoch: [4] Loss: [1.7031927304189713]
2019-04-14 19:08:08 INFO     Batch: [61/200] Epoch: [4] Loss: [1.7031389647914517]
2019-04-14 19:08:08 INFO     Batch: [62/200] Epoch: [4] Loss: [1.704440777263944]
2019-04-14 19:08:08 INFO     Batch: [63/200] Epoch: [4] Loss: [1.704857973381877]
2019-04-14 19:08:09 INFO     Batch: [64/200] Epoch: [4] Loss: [1.7047567514272837]
2019-04-14 19:08:09 INFO     Batch: [65/200] Epoch: [4] Loss: [1.7035279978405347]
2019-04-14 19:08:09 INFO     Batch: [66/200] Epoch: [4] Loss: [1.703515036782222]
2019-04-14 19:08:09 INFO     Batch: [67/200] Epoch: [4] Loss: [1.7036067037021412]
2019-04-14 19:08:10 INFO     Batch: [68/200] Epoch: [4] Loss: [1.7047512704047605]
2019-04-14 19:08:10 INFO     Batch: [69/200] Epoch: [4] Loss: [1.7048043353216988]
2019-04-14 19:08:10 INFO     Batch: [70/200] Epoch: [4] Loss: [1.7054346564789893]
