2019-04-05 20:29:08 INFO     Loading Data
2019-04-05 20:29:09 INFO     Model Setting Up
2019-04-05 20:29:17 INFO     Start Training
2019-04-05 20:29:17 INFO     train_dir: ../mnist/train
2019-04-05 20:29:17 INFO     test_dir: ../mnist/test
2019-04-05 20:29:17 INFO     save_dir: ./save
2019-04-05 20:29:17 INFO     num_epochs: 2000
2019-04-05 20:29:17 INFO     batch_size: 500
2019-04-05 20:29:17 INFO     num_points: 512
2019-04-05 20:29:17 INFO     sigma: 0.01
2019-04-05 20:29:17 INFO     log_interval: 1000
2019-04-05 20:29:17 INFO     save_interval: 50
2019-04-05 20:29:17 INFO     baselr: 5e-05
2019-04-05 20:29:17 INFO     density_radius: 0.3
2019-04-05 20:29:17 INFO     feature_out1: 8
2019-04-05 20:29:17 INFO     feature_out2: 16
2019-04-05 20:29:17 INFO     feature_out3: 32
2019-04-05 20:29:17 INFO     feature_out4: 64
2019-04-05 20:29:17 INFO     num_classes: 10
2019-04-05 20:29:17 INFO     bandwidth_0: 8
2019-04-05 20:29:17 INFO     bandwidth_out1: 8
2019-04-05 20:29:17 INFO     bandwidth_out2: 6
2019-04-05 20:29:17 INFO     bandwidth_out3: 4
2019-04-05 20:29:17 INFO     bandwidth_out4: 2
2019-04-05 20:29:23 INFO     Batch: [0/120] Epoch: [0] Loss: [2.3089780807495117]
2019-04-05 20:29:24 INFO     Accuracy: [0.10254545454545455]

2019-04-05 20:29:24 INFO     Batch: [1/120] Epoch: [0] Loss: [2.313852071762085]
2019-04-05 20:29:24 INFO     Batch: [2/120] Epoch: [0] Loss: [2.314658800760905]
2019-04-05 20:29:24 INFO     Batch: [3/120] Epoch: [0] Loss: [2.31506085395813]
2019-04-05 20:29:25 INFO     Batch: [4/120] Epoch: [0] Loss: [2.3131893157958983]
2019-04-05 20:29:25 INFO     Batch: [5/120] Epoch: [0] Loss: [2.31451944510142]
2019-04-05 20:29:25 INFO     Batch: [6/120] Epoch: [0] Loss: [2.3159474304744174]
2019-04-05 20:29:25 INFO     Batch: [7/120] Epoch: [0] Loss: [2.3151273131370544]
2019-04-05 20:29:25 INFO     Batch: [8/120] Epoch: [0] Loss: [2.315289603339301]
2019-04-05 20:29:25 INFO     Batch: [9/120] Epoch: [0] Loss: [2.314431095123291]
2019-04-05 20:29:25 INFO     Batch: [10/120] Epoch: [0] Loss: [2.3148641152815386]
2019-04-05 20:29:25 INFO     Batch: [11/120] Epoch: [0] Loss: [2.3147767583529153]
2019-04-05 20:29:25 INFO     Batch: [12/120] Epoch: [0] Loss: [2.3151676654815674]
2019-04-05 20:29:25 INFO     Batch: [13/120] Epoch: [0] Loss: [2.3152999026434764]
2019-04-05 20:29:25 INFO     Batch: [14/120] Epoch: [0] Loss: [2.315072202682495]
2019-04-05 20:29:25 INFO     Batch: [15/120] Epoch: [0] Loss: [2.3140538334846497]
2019-04-05 20:29:25 INFO     Batch: [16/120] Epoch: [0] Loss: [2.3126696137820972]
2019-04-05 20:29:26 INFO     Batch: [17/120] Epoch: [0] Loss: [2.3123363256454468]
2019-04-05 20:29:26 INFO     Batch: [18/120] Epoch: [0] Loss: [2.312304659893638]
2019-04-05 20:29:26 INFO     Batch: [19/120] Epoch: [0] Loss: [2.3119626879692077]
2019-04-05 20:29:26 INFO     Batch: [20/120] Epoch: [0] Loss: [2.311714319955735]
2019-04-05 20:29:26 INFO     Batch: [21/120] Epoch: [0] Loss: [2.311490221457048]
2019-04-05 20:29:26 INFO     Batch: [22/120] Epoch: [0] Loss: [2.311346033345098]
2019-04-05 20:29:26 INFO     Batch: [23/120] Epoch: [0] Loss: [2.311315973599752]
2019-04-05 20:29:26 INFO     Batch: [24/120] Epoch: [0] Loss: [2.3114002990722655]
2019-04-05 20:29:26 INFO     Batch: [25/120] Epoch: [0] Loss: [2.3111450305351844]
2019-04-05 20:29:26 INFO     Batch: [26/120] Epoch: [0] Loss: [2.3108059300316706]
2019-04-05 20:29:26 INFO     Batch: [27/120] Epoch: [0] Loss: [2.310554700238364]
2019-04-05 20:29:26 INFO     Batch: [28/120] Epoch: [0] Loss: [2.3104120698468438]
2019-04-05 20:29:26 INFO     Batch: [29/120] Epoch: [0] Loss: [2.309826135635376]
2019-04-05 20:29:27 INFO     Batch: [30/120] Epoch: [0] Loss: [2.309457132893224]
2019-04-05 20:29:27 INFO     Batch: [31/120] Epoch: [0] Loss: [2.309155620634556]
2019-04-05 20:29:27 INFO     Batch: [32/120] Epoch: [0] Loss: [2.3087794997475366]
2019-04-05 20:29:27 INFO     Batch: [33/120] Epoch: [0] Loss: [2.3085985884946933]
2019-04-05 20:29:27 INFO     Batch: [34/120] Epoch: [0] Loss: [2.3085556302751815]
2019-04-05 20:29:27 INFO     Batch: [35/120] Epoch: [0] Loss: [2.30814536412557]
2019-04-05 20:29:27 INFO     Batch: [36/120] Epoch: [0] Loss: [2.3078048358092436]
2019-04-05 20:29:27 INFO     Batch: [37/120] Epoch: [0] Loss: [2.307822403154875]
2019-04-05 20:29:27 INFO     Batch: [38/120] Epoch: [0] Loss: [2.307385401848035]
2019-04-05 20:29:27 INFO     Batch: [39/120] Epoch: [0] Loss: [2.307125508785248]
2019-04-05 20:29:27 INFO     Batch: [40/120] Epoch: [0] Loss: [2.30688923742713]
2019-04-05 20:29:27 INFO     Batch: [41/120] Epoch: [0] Loss: [2.3069381373269215]
2019-04-05 20:29:27 INFO     Batch: [42/120] Epoch: [0] Loss: [2.306547297987827]
2019-04-05 20:29:28 INFO     Batch: [43/120] Epoch: [0] Loss: [2.306391417980194]
2019-04-05 20:29:28 INFO     Batch: [44/120] Epoch: [0] Loss: [2.3065127637651233]
2019-04-05 20:29:28 INFO     Batch: [45/120] Epoch: [0] Loss: [2.306234333826148]
2019-04-05 20:29:28 INFO     Batch: [46/120] Epoch: [0] Loss: [2.305994637469028]
2019-04-05 20:29:28 INFO     Batch: [47/120] Epoch: [0] Loss: [2.3055821359157562]
2019-04-05 20:29:28 INFO     Batch: [48/120] Epoch: [0] Loss: [2.3053853755094567]
2019-04-05 20:29:28 INFO     Batch: [49/120] Epoch: [0] Loss: [2.305101671218872]
2019-04-05 20:29:28 INFO     Batch: [50/120] Epoch: [0] Loss: [2.3048289757148894]
2019-04-05 20:29:28 INFO     Batch: [51/120] Epoch: [0] Loss: [2.3045533895492554]
2019-04-05 20:29:28 INFO     Batch: [52/120] Epoch: [0] Loss: [2.3042869522886456]
2019-04-05 20:29:28 INFO     Batch: [53/120] Epoch: [0] Loss: [2.3038779894510903]
2019-04-05 20:29:28 INFO     Batch: [54/120] Epoch: [0] Loss: [2.3033795790238814]
2019-04-05 20:29:28 INFO     Batch: [55/120] Epoch: [0] Loss: [2.3030468778950826]
2019-04-05 20:29:29 INFO     Batch: [56/120] Epoch: [0] Loss: [2.302646837736431]
2019-04-05 20:29:29 INFO     Batch: [57/120] Epoch: [0] Loss: [2.3024370793638558]
2019-04-05 20:29:29 INFO     Batch: [58/120] Epoch: [0] Loss: [2.302090911541955]
2019-04-05 20:29:29 INFO     Batch: [59/120] Epoch: [0] Loss: [2.3017841895421345]
2019-04-05 20:29:29 INFO     Batch: [60/120] Epoch: [0] Loss: [2.301416584702789]
2019-04-05 20:29:29 INFO     Batch: [61/120] Epoch: [0] Loss: [2.3010548930014334]
2019-04-05 20:29:29 INFO     Batch: [62/120] Epoch: [0] Loss: [2.300890983097137]
2019-04-05 20:29:29 INFO     Batch: [63/120] Epoch: [0] Loss: [2.300583902746439]
2019-04-05 20:29:29 INFO     Batch: [64/120] Epoch: [0] Loss: [2.300326472062331]
2019-04-05 20:29:29 INFO     Batch: [65/120] Epoch: [0] Loss: [2.3002335663997764]
2019-04-05 20:29:29 INFO     Batch: [66/120] Epoch: [0] Loss: [2.299920843608344]
2019-04-05 20:29:29 INFO     Batch: [67/120] Epoch: [0] Loss: [2.2996215680066276]
2019-04-05 20:29:29 INFO     Batch: [68/120] Epoch: [0] Loss: [2.299563093461852]
2019-04-05 20:29:29 INFO     Batch: [69/120] Epoch: [0] Loss: [2.299214635576521]
2019-04-05 20:29:30 INFO     Batch: [70/120] Epoch: [0] Loss: [2.2989399802516886]
2019-04-05 20:29:30 INFO     Batch: [71/120] Epoch: [0] Loss: [2.2985528972413807]
2019-04-05 20:29:30 INFO     Batch: [72/120] Epoch: [0] Loss: [2.2981700635936164]
2019-04-05 20:29:30 INFO     Batch: [73/120] Epoch: [0] Loss: [2.298024161441906]
2019-04-05 20:29:30 INFO     Batch: [74/120] Epoch: [0] Loss: [2.297730925877889]
2019-04-05 20:29:30 INFO     Batch: [75/120] Epoch: [0] Loss: [2.2975955103573047]
2019-04-05 20:29:30 INFO     Batch: [76/120] Epoch: [0] Loss: [2.297411482055466]
2019-04-05 20:29:30 INFO     Batch: [77/120] Epoch: [0] Loss: [2.297170195824061]
2019-04-05 20:29:30 INFO     Batch: [78/120] Epoch: [0] Loss: [2.296825538707685]
2019-04-05 20:29:30 INFO     Batch: [79/120] Epoch: [0] Loss: [2.296592140197754]
2019-04-05 20:29:30 INFO     Batch: [80/120] Epoch: [0] Loss: [2.2962064095485357]
2019-04-05 20:29:30 INFO     Batch: [81/120] Epoch: [0] Loss: [2.2958329596170564]
2019-04-05 20:29:30 INFO     Batch: [82/120] Epoch: [0] Loss: [2.295722346707999]
2019-04-05 20:29:31 INFO     Batch: [83/120] Epoch: [0] Loss: [2.295484332811265]
2019-04-05 20:29:31 INFO     Batch: [84/120] Epoch: [0] Loss: [2.295213228113511]
2019-04-05 20:29:31 INFO     Batch: [85/120] Epoch: [0] Loss: [2.2949472721232924]
2019-04-05 20:29:31 INFO     Batch: [86/120] Epoch: [0] Loss: [2.2946485349501686]
2019-04-05 20:29:31 INFO     Batch: [87/120] Epoch: [0] Loss: [2.294321035796946]
2019-04-05 20:29:31 INFO     Batch: [88/120] Epoch: [0] Loss: [2.293992398829942]
2019-04-05 20:29:31 INFO     Batch: [89/120] Epoch: [0] Loss: [2.2937058978610567]
2019-04-05 20:29:31 INFO     Batch: [90/120] Epoch: [0] Loss: [2.2935942817520307]
2019-04-05 20:29:31 INFO     Batch: [91/120] Epoch: [0] Loss: [2.293287163195403]
2019-04-05 20:29:31 INFO     Batch: [92/120] Epoch: [0] Loss: [2.2929236017247683]
2019-04-05 20:29:31 INFO     Batch: [93/120] Epoch: [0] Loss: [2.2926480364292225]
2019-04-05 20:29:31 INFO     Batch: [94/120] Epoch: [0] Loss: [2.2924545388472706]
2019-04-05 20:29:31 INFO     Batch: [95/120] Epoch: [0] Loss: [2.292184921602408]
2019-04-05 20:29:32 INFO     Batch: [96/120] Epoch: [0] Loss: [2.2918446580159295]
2019-04-05 20:29:32 INFO     Batch: [97/120] Epoch: [0] Loss: [2.2917235724780025]
2019-04-05 20:29:32 INFO     Batch: [98/120] Epoch: [0] Loss: [2.291436691476841]
2019-04-05 20:29:32 INFO     Batch: [99/120] Epoch: [0] Loss: [2.291116497516632]
2019-04-05 20:29:32 INFO     Batch: [100/120] Epoch: [0] Loss: [2.2907577953716314]
2019-04-05 20:29:32 INFO     Batch: [101/120] Epoch: [0] Loss: [2.2905747493108115]
2019-04-05 20:29:32 INFO     Batch: [102/120] Epoch: [0] Loss: [2.2901429088370313]
2019-04-05 20:29:32 INFO     Batch: [103/120] Epoch: [0] Loss: [2.2898600032696357]
2019-04-05 20:29:32 INFO     Batch: [104/120] Epoch: [0] Loss: [2.2895013355073477]
2019-04-05 20:29:32 INFO     Batch: [105/120] Epoch: [0] Loss: [2.289156245735456]
2019-04-05 20:29:32 INFO     Batch: [106/120] Epoch: [0] Loss: [2.2888720837708947]
2019-04-05 20:29:32 INFO     Batch: [107/120] Epoch: [0] Loss: [2.2885891596476235]
2019-04-05 20:29:32 INFO     Batch: [108/120] Epoch: [0] Loss: [2.2883754848340234]
2019-04-05 20:29:33 INFO     Batch: [109/120] Epoch: [0] Loss: [2.2881136525761]
2019-04-05 20:29:33 INFO     Batch: [110/120] Epoch: [0] Loss: [2.2877991650555587]
2019-04-05 20:29:33 INFO     Batch: [111/120] Epoch: [0] Loss: [2.2874987018959865]
2019-04-05 20:29:33 INFO     Batch: [112/120] Epoch: [0] Loss: [2.287208662623853]
2019-04-05 20:29:33 INFO     Batch: [113/120] Epoch: [0] Loss: [2.286841024432266]
2019-04-05 20:29:33 INFO     Batch: [114/120] Epoch: [0] Loss: [2.2865606536035954]
2019-04-05 20:29:33 INFO     Batch: [115/120] Epoch: [0] Loss: [2.2862830285368294]
2019-04-05 20:29:33 INFO     Batch: [116/120] Epoch: [0] Loss: [2.286047772464589]
2019-04-05 20:29:33 INFO     Batch: [117/120] Epoch: [0] Loss: [2.2857674905809304]
2019-04-05 20:29:33 INFO     Batch: [118/120] Epoch: [0] Loss: [2.285471182911336]
2019-04-05 20:29:33 INFO     Batch: [119/120] Epoch: [0] Loss: [2.2851824780305225]
2019-04-05 20:29:34 INFO     Epoch: [0/2000] Loss: [2.2851824780305225] Accuracy: [0.23727272727272727]
2019-04-05 20:29:34 INFO     Batch: [0/120] Epoch: [1] Loss: [2.252427101135254]
2019-04-05 20:29:35 INFO     Accuracy: [0.2329090909090909]

2019-04-05 20:29:35 INFO     Batch: [1/120] Epoch: [1] Loss: [2.257744312286377]
2019-04-05 20:29:35 INFO     Batch: [2/120] Epoch: [1] Loss: [2.2555198669433594]
2019-04-05 20:29:35 INFO     Batch: [3/120] Epoch: [1] Loss: [2.2562460899353027]
2019-04-05 20:29:35 INFO     Batch: [4/120] Epoch: [1] Loss: [2.257235813140869]
2019-04-05 20:29:35 INFO     Batch: [5/120] Epoch: [1] Loss: [2.2567578554153442]
2019-04-05 20:29:36 INFO     Batch: [6/120] Epoch: [1] Loss: [2.255502258028303]
2019-04-05 20:29:36 INFO     Batch: [7/120] Epoch: [1] Loss: [2.254388600587845]
2019-04-05 20:29:36 INFO     Batch: [8/120] Epoch: [1] Loss: [2.2530443933275013]
2019-04-05 20:29:36 INFO     Batch: [9/120] Epoch: [1] Loss: [2.2526059627532957]
2019-04-05 20:29:36 INFO     Batch: [10/120] Epoch: [1] Loss: [2.251592592759566]
2019-04-05 20:29:36 INFO     Batch: [11/120] Epoch: [1] Loss: [2.2504976987838745]
2019-04-05 20:29:36 INFO     Batch: [12/120] Epoch: [1] Loss: [2.250188479056725]
2019-04-05 20:29:36 INFO     Batch: [13/120] Epoch: [1] Loss: [2.249585202762059]
2019-04-05 20:29:36 INFO     Batch: [14/120] Epoch: [1] Loss: [2.248765802383423]
2019-04-05 20:29:36 INFO     Batch: [15/120] Epoch: [1] Loss: [2.248379647731781]
2019-04-05 20:29:36 INFO     Batch: [16/120] Epoch: [1] Loss: [2.2491180476020363]
2019-04-05 20:29:36 INFO     Batch: [17/120] Epoch: [1] Loss: [2.248924043443468]
2019-04-05 20:29:36 INFO     Batch: [18/120] Epoch: [1] Loss: [2.248661292226691]
2019-04-05 20:29:37 INFO     Batch: [19/120] Epoch: [1] Loss: [2.2483211755752563]
2019-04-05 20:29:37 INFO     Batch: [20/120] Epoch: [1] Loss: [2.2479486011323475]
2019-04-05 20:29:37 INFO     Batch: [21/120] Epoch: [1] Loss: [2.2477505207061768]
2019-04-05 20:29:37 INFO     Batch: [22/120] Epoch: [1] Loss: [2.2474050418190332]
2019-04-05 20:29:37 INFO     Batch: [23/120] Epoch: [1] Loss: [2.2471989889939628]
2019-04-05 20:29:37 INFO     Batch: [24/120] Epoch: [1] Loss: [2.246951503753662]
2019-04-05 20:29:37 INFO     Batch: [25/120] Epoch: [1] Loss: [2.2464371002637424]
2019-04-05 20:29:37 INFO     Batch: [26/120] Epoch: [1] Loss: [2.2453082225940846]
2019-04-05 20:29:37 INFO     Batch: [27/120] Epoch: [1] Loss: [2.245371929236821]
2019-04-05 20:29:37 INFO     Batch: [28/120] Epoch: [1] Loss: [2.245507306066053]
2019-04-05 20:29:37 INFO     Batch: [29/120] Epoch: [1] Loss: [2.2447604735692344]
2019-04-05 20:29:37 INFO     Batch: [30/120] Epoch: [1] Loss: [2.2446137320610786]
2019-04-05 20:29:37 INFO     Batch: [31/120] Epoch: [1] Loss: [2.2445331066846848]
2019-04-05 20:29:38 INFO     Batch: [32/120] Epoch: [1] Loss: [2.2440205631834087]
2019-04-05 20:29:38 INFO     Batch: [33/120] Epoch: [1] Loss: [2.2438911269692814]
2019-04-05 20:29:38 INFO     Batch: [34/120] Epoch: [1] Loss: [2.243734243937901]
2019-04-05 20:29:38 INFO     Batch: [35/120] Epoch: [1] Loss: [2.2433871957990856]
2019-04-05 20:29:38 INFO     Batch: [36/120] Epoch: [1] Loss: [2.243129118068798]
2019-04-05 20:29:38 INFO     Batch: [37/120] Epoch: [1] Loss: [2.242865116972672]
2019-04-05 20:29:38 INFO     Batch: [38/120] Epoch: [1] Loss: [2.242299721791194]
2019-04-05 20:29:38 INFO     Batch: [39/120] Epoch: [1] Loss: [2.241791766881943]
2019-04-05 20:29:38 INFO     Batch: [40/120] Epoch: [1] Loss: [2.2415662451488214]
2019-04-05 20:29:38 INFO     Batch: [41/120] Epoch: [1] Loss: [2.2412927264258977]
2019-04-05 20:29:38 INFO     Batch: [42/120] Epoch: [1] Loss: [2.24085277180339]
2019-04-05 20:29:38 INFO     Batch: [43/120] Epoch: [1] Loss: [2.2406491853974084]
2019-04-05 20:29:38 INFO     Batch: [44/120] Epoch: [1] Loss: [2.2404462814331056]
2019-04-05 20:29:39 INFO     Batch: [45/120] Epoch: [1] Loss: [2.240048138991646]
2019-04-05 20:29:39 INFO     Batch: [46/120] Epoch: [1] Loss: [2.2399400396549956]
2019-04-05 20:29:39 INFO     Batch: [47/120] Epoch: [1] Loss: [2.2394461929798126]
2019-04-05 20:29:39 INFO     Batch: [48/120] Epoch: [1] Loss: [2.238597042706548]
2019-04-05 20:29:39 INFO     Batch: [49/120] Epoch: [1] Loss: [2.2386281728744506]
2019-04-05 20:29:39 INFO     Batch: [50/120] Epoch: [1] Loss: [2.2381034598631016]
2019-04-05 20:29:39 INFO     Batch: [51/120] Epoch: [1] Loss: [2.2376002302536597]
2019-04-05 20:29:39 INFO     Batch: [52/120] Epoch: [1] Loss: [2.237439767369684]
2019-04-05 20:29:39 INFO     Batch: [53/120] Epoch: [1] Loss: [2.237240332144278]
2019-04-05 20:29:39 INFO     Batch: [54/120] Epoch: [1] Loss: [2.237216281890869]
2019-04-05 20:29:39 INFO     Batch: [55/120] Epoch: [1] Loss: [2.2365046995026723]
2019-04-05 20:29:39 INFO     Batch: [56/120] Epoch: [1] Loss: [2.236234736024288]
2019-04-05 20:29:39 INFO     Batch: [57/120] Epoch: [1] Loss: [2.2357868202801408]
2019-04-05 20:29:39 INFO     Batch: [58/120] Epoch: [1] Loss: [2.2352320743819414]
2019-04-05 20:29:40 INFO     Batch: [59/120] Epoch: [1] Loss: [2.2348708152770995]
2019-04-05 20:29:40 INFO     Batch: [60/120] Epoch: [1] Loss: [2.2344368051310055]
2019-04-05 20:29:40 INFO     Batch: [61/120] Epoch: [1] Loss: [2.2340211445285427]
2019-04-05 20:29:40 INFO     Batch: [62/120] Epoch: [1] Loss: [2.233551468167986]
2019-04-05 20:29:40 INFO     Batch: [63/120] Epoch: [1] Loss: [2.233395468443632]
2019-04-05 20:29:40 INFO     Batch: [64/120] Epoch: [1] Loss: [2.233344389842107]
2019-04-05 20:29:40 INFO     Batch: [65/120] Epoch: [1] Loss: [2.2332033930402813]
2019-04-05 20:29:40 INFO     Batch: [66/120] Epoch: [1] Loss: [2.2327718627986624]
2019-04-05 20:29:40 INFO     Batch: [67/120] Epoch: [1] Loss: [2.2324085796580597]
2019-04-05 20:29:40 INFO     Batch: [68/120] Epoch: [1] Loss: [2.232153678285903]
2019-04-05 20:29:40 INFO     Batch: [69/120] Epoch: [1] Loss: [2.2317475114549907]
2019-04-05 20:29:40 INFO     Batch: [70/120] Epoch: [1] Loss: [2.2316307920805167]
2019-04-05 20:29:40 INFO     Batch: [71/120] Epoch: [1] Loss: [2.2313345438904233]
2019-04-05 20:29:41 INFO     Batch: [72/120] Epoch: [1] Loss: [2.2310260321995985]
2019-04-05 20:29:41 INFO     Batch: [73/120] Epoch: [1] Loss: [2.2306456114794755]
2019-04-05 20:29:41 INFO     Batch: [74/120] Epoch: [1] Loss: [2.2301501401265464]
2019-04-05 20:29:41 INFO     Batch: [75/120] Epoch: [1] Loss: [2.2297201219357943]
2019-04-05 20:29:41 INFO     Batch: [76/120] Epoch: [1] Loss: [2.2293618592348965]
2019-04-05 20:29:41 INFO     Batch: [77/120] Epoch: [1] Loss: [2.2290815879137087]
2019-04-05 20:29:41 INFO     Batch: [78/120] Epoch: [1] Loss: [2.2288040179240554]
2019-04-05 20:29:41 INFO     Batch: [79/120] Epoch: [1] Loss: [2.228529769182205]
2019-04-05 20:29:41 INFO     Batch: [80/120] Epoch: [1] Loss: [2.2282505094269176]
2019-04-05 20:29:41 INFO     Batch: [81/120] Epoch: [1] Loss: [2.228022261363704]
2019-04-05 20:29:41 INFO     Batch: [82/120] Epoch: [1] Loss: [2.2277230038700333]
2019-04-05 20:29:41 INFO     Batch: [83/120] Epoch: [1] Loss: [2.227290241491227]
2019-04-05 20:29:41 INFO     Batch: [84/120] Epoch: [1] Loss: [2.2270281090455897]
2019-04-05 20:29:42 INFO     Batch: [85/120] Epoch: [1] Loss: [2.226686569147332]
2019-04-05 20:29:42 INFO     Batch: [86/120] Epoch: [1] Loss: [2.226543596421165]
2019-04-05 20:29:42 INFO     Batch: [87/120] Epoch: [1] Loss: [2.2263752872293647]
2019-04-05 20:29:42 INFO     Batch: [88/120] Epoch: [1] Loss: [2.225867295533084]
2019-04-05 20:29:42 INFO     Batch: [89/120] Epoch: [1] Loss: [2.225565854708354]
2019-04-05 20:29:42 INFO     Batch: [90/120] Epoch: [1] Loss: [2.2252781757941613]
2019-04-05 20:29:42 INFO     Batch: [91/120] Epoch: [1] Loss: [2.225032285503719]
2019-04-05 20:29:42 INFO     Batch: [92/120] Epoch: [1] Loss: [2.2247352548824844]
2019-04-05 20:29:42 INFO     Batch: [93/120] Epoch: [1] Loss: [2.2242995500564575]
2019-04-05 20:29:42 INFO     Batch: [94/120] Epoch: [1] Loss: [2.224088390249955]
2019-04-05 20:29:42 INFO     Batch: [95/120] Epoch: [1] Loss: [2.2239306022723517]
2019-04-05 20:29:42 INFO     Batch: [96/120] Epoch: [1] Loss: [2.2237448618584073]
2019-04-05 20:29:42 INFO     Batch: [97/120] Epoch: [1] Loss: [2.2234191456619574]
2019-04-05 20:29:43 INFO     Batch: [98/120] Epoch: [1] Loss: [2.223156534060083]
2019-04-05 20:29:43 INFO     Batch: [99/120] Epoch: [1] Loss: [2.2229233956336976]
2019-04-05 20:29:43 INFO     Batch: [100/120] Epoch: [1] Loss: [2.2226917885317663]
2019-04-05 20:29:43 INFO     Batch: [101/120] Epoch: [1] Loss: [2.222228209177653]
2019-04-05 20:29:43 INFO     Batch: [102/120] Epoch: [1] Loss: [2.2218640359860022]
2019-04-05 20:29:43 INFO     Batch: [103/120] Epoch: [1] Loss: [2.2215496462125044]
2019-04-05 20:29:43 INFO     Batch: [104/120] Epoch: [1] Loss: [2.221327327546619]
2019-04-05 20:29:43 INFO     Batch: [105/120] Epoch: [1] Loss: [2.2210075337931796]
2019-04-05 20:29:43 INFO     Batch: [106/120] Epoch: [1] Loss: [2.2208308170889026]
2019-04-05 20:29:43 INFO     Batch: [107/120] Epoch: [1] Loss: [2.2206297803808144]
2019-04-05 20:29:43 INFO     Batch: [108/120] Epoch: [1] Loss: [2.220325618708899]
2019-04-05 20:29:43 INFO     Batch: [109/120] Epoch: [1] Loss: [2.2198748090050437]
2019-04-05 20:29:43 INFO     Batch: [110/120] Epoch: [1] Loss: [2.219522254961031]
2019-04-05 20:29:44 INFO     Batch: [111/120] Epoch: [1] Loss: [2.2191774738686427]
2019-04-05 20:29:44 INFO     Batch: [112/120] Epoch: [1] Loss: [2.2190134187715245]
2019-04-05 20:29:44 INFO     Batch: [113/120] Epoch: [1] Loss: [2.218689724018699]
2019-04-05 20:29:44 INFO     Batch: [114/120] Epoch: [1] Loss: [2.218386733013651]
2019-04-05 20:29:44 INFO     Batch: [115/120] Epoch: [1] Loss: [2.218025441827445]
2019-04-05 20:29:44 INFO     Batch: [116/120] Epoch: [1] Loss: [2.217898990353967]
2019-04-05 20:29:44 INFO     Batch: [117/120] Epoch: [1] Loss: [2.217549372527559]
2019-04-05 20:29:44 INFO     Batch: [118/120] Epoch: [1] Loss: [2.2171287336269345]
2019-04-05 20:29:44 INFO     Batch: [119/120] Epoch: [1] Loss: [2.2168697377045947]
2019-04-05 20:29:45 INFO     Epoch: [1/2000] Loss: [2.2168697377045947] Accuracy: [0.26327272727272727]
2019-04-05 20:29:45 INFO     Batch: [0/120] Epoch: [2] Loss: [2.1777379512786865]
2019-04-05 20:29:46 INFO     Accuracy: [0.26818181818181824]

2019-04-05 20:29:46 INFO     Batch: [1/120] Epoch: [2] Loss: [2.1749396324157715]
2019-04-05 20:29:46 INFO     Batch: [2/120] Epoch: [2] Loss: [2.1801861921946206]
2019-04-05 20:29:46 INFO     Batch: [3/120] Epoch: [2] Loss: [2.18049818277359]
2019-04-05 20:29:46 INFO     Batch: [4/120] Epoch: [2] Loss: [2.1801716327667235]
2019-04-05 20:29:46 INFO     Batch: [5/120] Epoch: [2] Loss: [2.1808661222457886]
2019-04-05 20:29:46 INFO     Batch: [6/120] Epoch: [2] Loss: [2.1771530423845564]
2019-04-05 20:29:47 INFO     Batch: [7/120] Epoch: [2] Loss: [2.1774563789367676]
2019-04-05 20:29:47 INFO     Batch: [8/120] Epoch: [2] Loss: [2.1779854032728405]
2019-04-05 20:29:47 INFO     Batch: [9/120] Epoch: [2] Loss: [2.1792404890060424]
2019-04-05 20:29:47 INFO     Batch: [10/120] Epoch: [2] Loss: [2.1778932267969306]
2019-04-05 20:29:47 INFO     Batch: [11/120] Epoch: [2] Loss: [2.1791619658470154]
2019-04-05 20:29:47 INFO     Batch: [12/120] Epoch: [2] Loss: [2.1778225898742676]
2019-04-05 20:29:47 INFO     Batch: [13/120] Epoch: [2] Loss: [2.177879640034267]
2019-04-05 20:29:47 INFO     Batch: [14/120] Epoch: [2] Loss: [2.17795467376709]
2019-04-05 20:29:47 INFO     Batch: [15/120] Epoch: [2] Loss: [2.177942082285881]
2019-04-05 20:29:47 INFO     Batch: [16/120] Epoch: [2] Loss: [2.178890158148373]
2019-04-05 20:29:47 INFO     Batch: [17/120] Epoch: [2] Loss: [2.1782382461759777]
2019-04-05 20:29:47 INFO     Batch: [18/120] Epoch: [2] Loss: [2.1776327459435714]
2019-04-05 20:29:47 INFO     Batch: [19/120] Epoch: [2] Loss: [2.1762534260749815]
2019-04-05 20:29:48 INFO     Batch: [20/120] Epoch: [2] Loss: [2.175130253746396]
2019-04-05 20:29:48 INFO     Batch: [21/120] Epoch: [2] Loss: [2.174257982860912]
2019-04-05 20:29:48 INFO     Batch: [22/120] Epoch: [2] Loss: [2.1734303909799326]
2019-04-05 20:29:48 INFO     Batch: [23/120] Epoch: [2] Loss: [2.172738085190455]
2019-04-05 20:29:48 INFO     Batch: [24/120] Epoch: [2] Loss: [2.17305495262146]
2019-04-05 20:29:48 INFO     Batch: [25/120] Epoch: [2] Loss: [2.172658470960764]
2019-04-05 20:29:48 INFO     Batch: [26/120] Epoch: [2] Loss: [2.1719142419320567]
2019-04-05 20:29:48 INFO     Batch: [27/120] Epoch: [2] Loss: [2.1718027591705322]
2019-04-05 20:29:48 INFO     Batch: [28/120] Epoch: [2] Loss: [2.1720892725319696]
2019-04-05 20:29:48 INFO     Batch: [29/120] Epoch: [2] Loss: [2.1714414914449054]
2019-04-05 20:29:48 INFO     Batch: [30/120] Epoch: [2] Loss: [2.171627136968797]
2019-04-05 20:29:48 INFO     Batch: [31/120] Epoch: [2] Loss: [2.1714256033301353]
2019-04-05 20:29:48 INFO     Batch: [32/120] Epoch: [2] Loss: [2.170379385803685]
2019-04-05 20:29:48 INFO     Batch: [33/120] Epoch: [2] Loss: [2.170309438424952]
2019-04-05 20:29:49 INFO     Batch: [34/120] Epoch: [2] Loss: [2.169764838899885]
2019-04-05 20:29:49 INFO     Batch: [35/120] Epoch: [2] Loss: [2.1693896055221558]
2019-04-05 20:29:49 INFO     Batch: [36/120] Epoch: [2] Loss: [2.169439019383611]
2019-04-05 20:29:49 INFO     Batch: [37/120] Epoch: [2] Loss: [2.1692995836860254]
2019-04-05 20:29:49 INFO     Batch: [38/120] Epoch: [2] Loss: [2.1686848738254647]
2019-04-05 20:29:49 INFO     Batch: [39/120] Epoch: [2] Loss: [2.1681935369968413]
2019-04-05 20:29:49 INFO     Batch: [40/120] Epoch: [2] Loss: [2.167707187373464]
2019-04-05 20:29:49 INFO     Batch: [41/120] Epoch: [2] Loss: [2.167376069795518]
2019-04-05 20:29:49 INFO     Batch: [42/120] Epoch: [2] Loss: [2.167066202607266]
2019-04-05 20:29:49 INFO     Batch: [43/120] Epoch: [2] Loss: [2.1666981794617395]
2019-04-05 20:29:49 INFO     Batch: [44/120] Epoch: [2] Loss: [2.1665352556440567]
2019-04-05 20:29:49 INFO     Batch: [45/120] Epoch: [2] Loss: [2.166188499201899]
2019-04-05 20:29:49 INFO     Batch: [46/120] Epoch: [2] Loss: [2.165348098633137]
2019-04-05 20:29:50 INFO     Batch: [47/120] Epoch: [2] Loss: [2.1646511455376944]
2019-04-05 20:29:50 INFO     Batch: [48/120] Epoch: [2] Loss: [2.16437258039202]
2019-04-05 20:29:50 INFO     Batch: [49/120] Epoch: [2] Loss: [2.164548759460449]
2019-04-05 20:29:50 INFO     Batch: [50/120] Epoch: [2] Loss: [2.1643176873524985]
2019-04-05 20:29:50 INFO     Batch: [51/120] Epoch: [2] Loss: [2.1638993483323317]
2019-04-05 20:29:50 INFO     Batch: [52/120] Epoch: [2] Loss: [2.163438913957128]
2019-04-05 20:29:50 INFO     Batch: [53/120] Epoch: [2] Loss: [2.163136742733143]
2019-04-05 20:29:50 INFO     Batch: [54/120] Epoch: [2] Loss: [2.1622743303125556]
2019-04-05 20:29:50 INFO     Batch: [55/120] Epoch: [2] Loss: [2.1620739017214095]
2019-04-05 20:29:50 INFO     Batch: [56/120] Epoch: [2] Loss: [2.1615004079383717]
2019-04-05 20:29:50 INFO     Batch: [57/120] Epoch: [2] Loss: [2.160906906785636]
2019-04-05 20:29:50 INFO     Batch: [58/120] Epoch: [2] Loss: [2.1609630988816084]
2019-04-05 20:29:50 INFO     Batch: [59/120] Epoch: [2] Loss: [2.160474761327108]
2019-04-05 20:29:51 INFO     Batch: [60/120] Epoch: [2] Loss: [2.1602836984102844]
2019-04-05 20:29:51 INFO     Batch: [61/120] Epoch: [2] Loss: [2.160213805014087]
2019-04-05 20:29:51 INFO     Batch: [62/120] Epoch: [2] Loss: [2.1597335906255815]
2019-04-05 20:29:51 INFO     Batch: [63/120] Epoch: [2] Loss: [2.15938388556242]
2019-04-05 20:29:51 INFO     Batch: [64/120] Epoch: [2] Loss: [2.1590048643258903]
2019-04-05 20:29:51 INFO     Batch: [65/120] Epoch: [2] Loss: [2.158886129205877]
2019-04-05 20:29:51 INFO     Batch: [66/120] Epoch: [2] Loss: [2.158543786006187]
2019-04-05 20:29:51 INFO     Batch: [67/120] Epoch: [2] Loss: [2.1581168595482323]
2019-04-05 20:29:51 INFO     Batch: [68/120] Epoch: [2] Loss: [2.1575668756512627]
2019-04-05 20:29:51 INFO     Batch: [69/120] Epoch: [2] Loss: [2.157119257109506]
2019-04-05 20:29:51 INFO     Batch: [70/120] Epoch: [2] Loss: [2.1566084035685367]
2019-04-05 20:29:51 INFO     Batch: [71/120] Epoch: [2] Loss: [2.1561597850587635]
2019-04-05 20:29:51 INFO     Batch: [72/120] Epoch: [2] Loss: [2.155509968326516]
2019-04-05 20:29:52 INFO     Batch: [73/120] Epoch: [2] Loss: [2.154965700329961]
2019-04-05 20:29:52 INFO     Batch: [74/120] Epoch: [2] Loss: [2.154485546747843]
2019-04-05 20:29:52 INFO     Batch: [75/120] Epoch: [2] Loss: [2.1539083091836226]
2019-04-05 20:29:52 INFO     Batch: [76/120] Epoch: [2] Loss: [2.153501761424077]
2019-04-05 20:29:52 INFO     Batch: [77/120] Epoch: [2] Loss: [2.1532062292099]
2019-04-05 20:29:52 INFO     Batch: [78/120] Epoch: [2] Loss: [2.152759174757366]
2019-04-05 20:29:52 INFO     Batch: [79/120] Epoch: [2] Loss: [2.1525259226560594]
2019-04-05 20:29:52 INFO     Batch: [80/120] Epoch: [2] Loss: [2.1518654352352944]
2019-04-05 20:29:52 INFO     Batch: [81/120] Epoch: [2] Loss: [2.1513927738840986]
2019-04-05 20:29:52 INFO     Batch: [82/120] Epoch: [2] Loss: [2.1511453864086105]
2019-04-05 20:29:52 INFO     Batch: [83/120] Epoch: [2] Loss: [2.150922877447946]
2019-04-05 20:29:52 INFO     Batch: [84/120] Epoch: [2] Loss: [2.1507452712339514]
2019-04-05 20:29:52 INFO     Batch: [85/120] Epoch: [2] Loss: [2.1501112372376197]
2019-04-05 20:29:53 INFO     Batch: [86/120] Epoch: [2] Loss: [2.1497052428366126]
2019-04-05 20:29:53 INFO     Batch: [87/120] Epoch: [2] Loss: [2.1497114544565026]
2019-04-05 20:29:53 INFO     Batch: [88/120] Epoch: [2] Loss: [2.149163958731662]
2019-04-05 20:29:53 INFO     Batch: [89/120] Epoch: [2] Loss: [2.148804513613383]
2019-04-05 20:29:53 INFO     Batch: [90/120] Epoch: [2] Loss: [2.148454406759241]
2019-04-05 20:29:53 INFO     Batch: [91/120] Epoch: [2] Loss: [2.1481535927109094]
2019-04-05 20:29:53 INFO     Batch: [92/120] Epoch: [2] Loss: [2.1478206726812545]
2019-04-05 20:29:53 INFO     Batch: [93/120] Epoch: [2] Loss: [2.14726759017782]
2019-04-05 20:29:53 INFO     Batch: [94/120] Epoch: [2] Loss: [2.146892903980456]
2019-04-05 20:29:53 INFO     Batch: [95/120] Epoch: [2] Loss: [2.1464624628424644]
2019-04-05 20:29:53 INFO     Batch: [96/120] Epoch: [2] Loss: [2.145867335427668]
2019-04-05 20:29:53 INFO     Batch: [97/120] Epoch: [2] Loss: [2.1456780506640065]
2019-04-05 20:29:53 INFO     Batch: [98/120] Epoch: [2] Loss: [2.145095468771578]
2019-04-05 20:29:54 INFO     Batch: [99/120] Epoch: [2] Loss: [2.144752209186554]
2019-04-05 20:29:54 INFO     Batch: [100/120] Epoch: [2] Loss: [2.144311454036448]
2019-04-05 20:29:54 INFO     Batch: [101/120] Epoch: [2] Loss: [2.144240743973676]
2019-04-05 20:29:54 INFO     Batch: [102/120] Epoch: [2] Loss: [2.143684641828815]
2019-04-05 20:29:54 INFO     Batch: [103/120] Epoch: [2] Loss: [2.143275960133626]
2019-04-05 20:29:54 INFO     Batch: [104/120] Epoch: [2] Loss: [2.1428730783008394]
2019-04-05 20:29:54 INFO     Batch: [105/120] Epoch: [2] Loss: [2.1425469528953984]
2019-04-05 20:29:54 INFO     Batch: [106/120] Epoch: [2] Loss: [2.142259448488182]
2019-04-05 20:29:54 INFO     Batch: [107/120] Epoch: [2] Loss: [2.141737690678349]
2019-04-05 20:29:54 INFO     Batch: [108/120] Epoch: [2] Loss: [2.1411892755315938]
2019-04-05 20:29:54 INFO     Batch: [109/120] Epoch: [2] Loss: [2.140748871456493]
2019-04-05 20:29:54 INFO     Batch: [110/120] Epoch: [2] Loss: [2.1402332331683183]
2019-04-05 20:29:54 INFO     Batch: [111/120] Epoch: [2] Loss: [2.1399752710546767]
2019-04-05 20:29:54 INFO     Batch: [112/120] Epoch: [2] Loss: [2.1396766173101103]
2019-04-05 20:29:55 INFO     Batch: [113/120] Epoch: [2] Loss: [2.13901686668396]
2019-04-05 20:29:55 INFO     Batch: [114/120] Epoch: [2] Loss: [2.138706717283829]
2019-04-05 20:29:55 INFO     Batch: [115/120] Epoch: [2] Loss: [2.138515587510734]
2019-04-05 20:29:55 INFO     Batch: [116/120] Epoch: [2] Loss: [2.1381838505084696]
2019-04-05 20:29:55 INFO     Batch: [117/120] Epoch: [2] Loss: [2.137900122141434]
2019-04-05 20:29:55 INFO     Batch: [118/120] Epoch: [2] Loss: [2.137602096846124]
2019-04-05 20:29:55 INFO     Batch: [119/120] Epoch: [2] Loss: [2.1371944725513456]
2019-04-05 20:29:56 INFO     Epoch: [2/2000] Loss: [2.1371944725513456] Accuracy: [0.26563636363636367]
2019-04-05 20:29:56 INFO     Batch: [0/120] Epoch: [3] Loss: [2.0914039611816406]
2019-04-05 20:29:57 INFO     Accuracy: [0.2596363636363636]

2019-04-05 20:29:57 INFO     Batch: [1/120] Epoch: [3] Loss: [2.0729403495788574]
2019-04-05 20:29:57 INFO     Batch: [2/120] Epoch: [3] Loss: [2.068531115849813]
2019-04-05 20:29:57 INFO     Batch: [3/120] Epoch: [3] Loss: [2.0787575244903564]
2019-04-05 20:29:57 INFO     Batch: [4/120] Epoch: [3] Loss: [2.0806945323944093]
2019-04-05 20:29:57 INFO     Batch: [5/120] Epoch: [3] Loss: [2.08225949605306]
2019-04-05 20:29:57 INFO     Batch: [6/120] Epoch: [3] Loss: [2.0854189736502513]
2019-04-05 20:29:57 INFO     Batch: [7/120] Epoch: [3] Loss: [2.088052809238434]
2019-04-05 20:29:57 INFO     Batch: [8/120] Epoch: [3] Loss: [2.086103227403429]
2019-04-05 20:29:58 INFO     Batch: [9/120] Epoch: [3] Loss: [2.0857194662094116]
2019-04-05 20:29:58 INFO     Batch: [10/120] Epoch: [3] Loss: [2.0874625769528476]
2019-04-05 20:29:58 INFO     Batch: [11/120] Epoch: [3] Loss: [2.0869246125221252]
2019-04-05 20:29:58 INFO     Batch: [12/120] Epoch: [3] Loss: [2.087700055195735]
2019-04-05 20:29:58 INFO     Batch: [13/120] Epoch: [3] Loss: [2.08726099559239]
2019-04-05 20:29:58 INFO     Batch: [14/120] Epoch: [3] Loss: [2.087711763381958]
2019-04-05 20:29:58 INFO     Batch: [15/120] Epoch: [3] Loss: [2.086905837059021]
2019-04-05 20:29:58 INFO     Batch: [16/120] Epoch: [3] Loss: [2.0863821646746468]
2019-04-05 20:29:58 INFO     Batch: [17/120] Epoch: [3] Loss: [2.086246040132311]
2019-04-05 20:29:58 INFO     Batch: [18/120] Epoch: [3] Loss: [2.085966047487761]
2019-04-05 20:29:58 INFO     Batch: [19/120] Epoch: [3] Loss: [2.0854411363601684]
2019-04-05 20:29:58 INFO     Batch: [20/120] Epoch: [3] Loss: [2.0850123450869607]
2019-04-05 20:29:58 INFO     Batch: [21/120] Epoch: [3] Loss: [2.0844661647623237]
2019-04-05 20:29:59 INFO     Batch: [22/120] Epoch: [3] Loss: [2.0846700253693955]
2019-04-05 20:29:59 INFO     Batch: [23/120] Epoch: [3] Loss: [2.08349546790123]
2019-04-05 20:29:59 INFO     Batch: [24/120] Epoch: [3] Loss: [2.083263864517212]
2019-04-05 20:29:59 INFO     Batch: [25/120] Epoch: [3] Loss: [2.0824301701325636]
2019-04-05 20:29:59 INFO     Batch: [26/120] Epoch: [3] Loss: [2.0818028891528093]
2019-04-05 20:29:59 INFO     Batch: [27/120] Epoch: [3] Loss: [2.080176259790148]
2019-04-05 20:29:59 INFO     Batch: [28/120] Epoch: [3] Loss: [2.0796048641204834]
2019-04-05 20:29:59 INFO     Batch: [29/120] Epoch: [3] Loss: [2.079295619328817]
2019-04-05 20:29:59 INFO     Batch: [30/120] Epoch: [3] Loss: [2.079309986483666]
2019-04-05 20:29:59 INFO     Batch: [31/120] Epoch: [3] Loss: [2.078959919512272]
2019-04-05 20:29:59 INFO     Batch: [32/120] Epoch: [3] Loss: [2.0784737196835605]
2019-04-05 20:29:59 INFO     Batch: [33/120] Epoch: [3] Loss: [2.0778403492534863]
2019-04-05 20:29:59 INFO     Batch: [34/120] Epoch: [3] Loss: [2.0793182304927282]
2019-04-05 20:30:00 INFO     Batch: [35/120] Epoch: [3] Loss: [2.0789367424117193]
2019-04-05 20:30:00 INFO     Batch: [36/120] Epoch: [3] Loss: [2.078348649514688]
2019-04-05 20:30:00 INFO     Batch: [37/120] Epoch: [3] Loss: [2.0778339222857825]
2019-04-05 20:30:00 INFO     Batch: [38/120] Epoch: [3] Loss: [2.0771482357612023]
2019-04-05 20:30:00 INFO     Batch: [39/120] Epoch: [3] Loss: [2.076360708475113]
2019-04-05 20:30:00 INFO     Batch: [40/120] Epoch: [3] Loss: [2.0757004807635053]
2019-04-05 20:30:00 INFO     Batch: [41/120] Epoch: [3] Loss: [2.0752631652922857]
2019-04-05 20:30:00 INFO     Batch: [42/120] Epoch: [3] Loss: [2.0750617260156674]
2019-04-05 20:30:00 INFO     Batch: [43/120] Epoch: [3] Loss: [2.075106620788574]
2019-04-05 20:30:00 INFO     Batch: [44/120] Epoch: [3] Loss: [2.0754422770606147]
2019-04-05 20:30:00 INFO     Batch: [45/120] Epoch: [3] Loss: [2.074882227441539]
2019-04-05 20:30:00 INFO     Batch: [46/120] Epoch: [3] Loss: [2.0742279823790204]
2019-04-05 20:30:00 INFO     Batch: [47/120] Epoch: [3] Loss: [2.0737585574388504]
2019-04-05 20:30:01 INFO     Batch: [48/120] Epoch: [3] Loss: [2.0733428633942896]
2019-04-05 20:30:01 INFO     Batch: [49/120] Epoch: [3] Loss: [2.0728035259246824]
2019-04-05 20:30:01 INFO     Batch: [50/120] Epoch: [3] Loss: [2.0720408523783966]
2019-04-05 20:30:01 INFO     Batch: [51/120] Epoch: [3] Loss: [2.0715856643823476]
2019-04-05 20:30:01 INFO     Batch: [52/120] Epoch: [3] Loss: [2.0708396254845387]
2019-04-05 20:30:01 INFO     Batch: [53/120] Epoch: [3] Loss: [2.0704556394506386]
2019-04-05 20:30:01 INFO     Batch: [54/120] Epoch: [3] Loss: [2.0696966474706477]
2019-04-05 20:30:01 INFO     Batch: [55/120] Epoch: [3] Loss: [2.0687307374817983]
2019-04-05 20:30:01 INFO     Batch: [56/120] Epoch: [3] Loss: [2.068170505657531]
2019-04-05 20:30:01 INFO     Batch: [57/120] Epoch: [3] Loss: [2.06794220414655]
2019-04-05 20:30:01 INFO     Batch: [58/120] Epoch: [3] Loss: [2.06753316572157]
2019-04-05 20:30:01 INFO     Batch: [59/120] Epoch: [3] Loss: [2.0668108463287354]
2019-04-05 20:30:01 INFO     Batch: [60/120] Epoch: [3] Loss: [2.06633822253493]
2019-04-05 20:30:02 INFO     Batch: [61/120] Epoch: [3] Loss: [2.066397870740583]
2019-04-05 20:30:02 INFO     Batch: [62/120] Epoch: [3] Loss: [2.066165080146184]
2019-04-05 20:30:02 INFO     Batch: [63/120] Epoch: [3] Loss: [2.065806683152914]
2019-04-05 20:30:02 INFO     Batch: [64/120] Epoch: [3] Loss: [2.0657371887793907]
2019-04-05 20:30:02 INFO     Batch: [65/120] Epoch: [3] Loss: [2.065412904276992]
2019-04-05 20:30:02 INFO     Batch: [66/120] Epoch: [3] Loss: [2.064522326882206]
2019-04-05 20:30:02 INFO     Batch: [67/120] Epoch: [3] Loss: [2.064898992286009]
2019-04-05 20:30:02 INFO     Batch: [68/120] Epoch: [3] Loss: [2.0644463905389756]
2019-04-05 20:30:02 INFO     Batch: [69/120] Epoch: [3] Loss: [2.064316419192723]
2019-04-05 20:30:02 INFO     Batch: [70/120] Epoch: [3] Loss: [2.0642525948269266]
2019-04-05 20:30:02 INFO     Batch: [71/120] Epoch: [3] Loss: [2.063508686092165]
2019-04-05 20:30:02 INFO     Batch: [72/120] Epoch: [3] Loss: [2.063943088871159]
2019-04-05 20:30:02 INFO     Batch: [73/120] Epoch: [3] Loss: [2.0640807345106795]
2019-04-05 20:30:03 INFO     Batch: [74/120] Epoch: [3] Loss: [2.0638444391886392]
2019-04-05 20:30:03 INFO     Batch: [75/120] Epoch: [3] Loss: [2.0635542681342676]
2019-04-05 20:30:03 INFO     Batch: [76/120] Epoch: [3] Loss: [2.0633384686011773]
2019-04-05 20:30:03 INFO     Batch: [77/120] Epoch: [3] Loss: [2.0628932408797436]
2019-04-05 20:30:03 INFO     Batch: [78/120] Epoch: [3] Loss: [2.062195264840428]
2019-04-05 20:30:03 INFO     Batch: [79/120] Epoch: [3] Loss: [2.062082952260971]
2019-04-05 20:30:03 INFO     Batch: [80/120] Epoch: [3] Loss: [2.0618235329051076]
2019-04-05 20:30:03 INFO     Batch: [81/120] Epoch: [3] Loss: [2.0614153292120956]
2019-04-05 20:30:03 INFO     Batch: [82/120] Epoch: [3] Loss: [2.060854343046625]
2019-04-05 20:30:03 INFO     Batch: [83/120] Epoch: [3] Loss: [2.060227158523741]
2019-04-05 20:30:03 INFO     Batch: [84/120] Epoch: [3] Loss: [2.060182700437658]
2019-04-05 20:30:03 INFO     Batch: [85/120] Epoch: [3] Loss: [2.0604070840879927]
2019-04-05 20:30:03 INFO     Batch: [86/120] Epoch: [3] Loss: [2.06018625182667]
2019-04-05 20:30:04 INFO     Batch: [87/120] Epoch: [3] Loss: [2.060291187329726]
2019-04-05 20:30:04 INFO     Batch: [88/120] Epoch: [3] Loss: [2.0601568570297757]
2019-04-05 20:30:04 INFO     Batch: [89/120] Epoch: [3] Loss: [2.0601083358128864]
2019-04-05 20:30:04 INFO     Batch: [90/120] Epoch: [3] Loss: [2.0597247972593205]
2019-04-05 20:30:04 INFO     Batch: [91/120] Epoch: [3] Loss: [2.0597607856211453]
2019-04-05 20:30:04 INFO     Batch: [92/120] Epoch: [3] Loss: [2.059632116748441]
2019-04-05 20:30:04 INFO     Batch: [93/120] Epoch: [3] Loss: [2.0596941151517503]
2019-04-05 20:30:04 INFO     Batch: [94/120] Epoch: [3] Loss: [2.0593021593595804]
2019-04-05 20:30:04 INFO     Batch: [95/120] Epoch: [3] Loss: [2.0589915961027145]
2019-04-05 20:30:04 INFO     Batch: [96/120] Epoch: [3] Loss: [2.05893304667522]
2019-04-05 20:30:04 INFO     Batch: [97/120] Epoch: [3] Loss: [2.058840666498457]
2019-04-05 20:30:04 INFO     Batch: [98/120] Epoch: [3] Loss: [2.0585625870059236]
2019-04-05 20:30:04 INFO     Batch: [99/120] Epoch: [3] Loss: [2.058102061748505]
2019-04-05 20:30:04 INFO     Batch: [100/120] Epoch: [3] Loss: [2.057597597046654]
2019-04-05 20:30:05 INFO     Batch: [101/120] Epoch: [3] Loss: [2.0569636728249345]
2019-04-05 20:30:05 INFO     Batch: [102/120] Epoch: [3] Loss: [2.0566579670582]
2019-04-05 20:30:05 INFO     Batch: [103/120] Epoch: [3] Loss: [2.0561449711139383]
2019-04-05 20:30:05 INFO     Batch: [104/120] Epoch: [3] Loss: [2.0557326634724933]
2019-04-05 20:30:05 INFO     Batch: [105/120] Epoch: [3] Loss: [2.05507973792418]
2019-04-05 20:30:05 INFO     Batch: [106/120] Epoch: [3] Loss: [2.05482304319043]
2019-04-05 20:30:05 INFO     Batch: [107/120] Epoch: [3] Loss: [2.0542087422476873]
2019-04-05 20:30:05 INFO     Batch: [108/120] Epoch: [3] Loss: [2.054037675945037]
2019-04-05 20:30:05 INFO     Batch: [109/120] Epoch: [3] Loss: [2.0539270639419556]
2019-04-05 20:30:05 INFO     Batch: [110/120] Epoch: [3] Loss: [2.0536800869950302]
2019-04-05 20:30:05 INFO     Batch: [111/120] Epoch: [3] Loss: [2.0532979241439273]
2019-04-05 20:30:05 INFO     Batch: [112/120] Epoch: [3] Loss: [2.053023367856456]
2019-04-05 20:30:05 INFO     Batch: [113/120] Epoch: [3] Loss: [2.0526616343280724]
2019-04-05 20:30:06 INFO     Batch: [114/120] Epoch: [3] Loss: [2.052519190829733]
2019-04-05 20:30:06 INFO     Batch: [115/120] Epoch: [3] Loss: [2.052338855019931]
2019-04-05 20:30:06 INFO     Batch: [116/120] Epoch: [3] Loss: [2.0522402657402887]
2019-04-05 20:30:06 INFO     Batch: [117/120] Epoch: [3] Loss: [2.0520721694170416]
2019-04-05 20:30:06 INFO     Batch: [118/120] Epoch: [3] Loss: [2.051776847919496]
2019-04-05 20:30:06 INFO     Batch: [119/120] Epoch: [3] Loss: [2.0515274822711946]
2019-04-05 20:30:07 INFO     Epoch: [3/2000] Loss: [2.0515274822711946] Accuracy: [0.26327272727272727]
2019-04-05 20:30:07 INFO     Batch: [0/120] Epoch: [4] Loss: [2.0138165950775146]
2019-04-05 20:30:08 INFO     Accuracy: [0.2632727272727273]

2019-04-05 20:30:08 INFO     Batch: [1/120] Epoch: [4] Loss: [2.0323766469955444]
2019-04-05 20:30:08 INFO     Batch: [2/120] Epoch: [4] Loss: [2.020103414853414]
2019-04-05 20:30:08 INFO     Batch: [3/120] Epoch: [4] Loss: [2.013866126537323]
2019-04-05 20:30:08 INFO     Batch: [4/120] Epoch: [4] Loss: [2.0075035572052]
2019-04-05 20:30:08 INFO     Batch: [5/120] Epoch: [4] Loss: [2.0066570043563843]
2019-04-05 20:30:08 INFO     Batch: [6/120] Epoch: [4] Loss: [2.0050013746534074]
2019-04-05 20:30:08 INFO     Batch: [7/120] Epoch: [4] Loss: [2.009362578392029]
2019-04-05 20:30:08 INFO     Batch: [8/120] Epoch: [4] Loss: [2.0052571164237127]
2019-04-05 20:30:08 INFO     Batch: [9/120] Epoch: [4] Loss: [2.0084965586662293]
2019-04-05 20:30:09 INFO     Batch: [10/120] Epoch: [4] Loss: [2.0092599500309336]
2019-04-05 20:30:09 INFO     Batch: [11/120] Epoch: [4] Loss: [2.0121256609757743]
2019-04-05 20:30:09 INFO     Batch: [12/120] Epoch: [4] Loss: [2.0134914563252377]
2019-04-05 20:30:09 INFO     Batch: [13/120] Epoch: [4] Loss: [2.0145693591662814]
2019-04-05 20:30:09 INFO     Batch: [14/120] Epoch: [4] Loss: [2.0154720703760782]
2019-04-05 20:30:09 INFO     Batch: [15/120] Epoch: [4] Loss: [2.0130406320095062]
2019-04-05 20:30:09 INFO     Batch: [16/120] Epoch: [4] Loss: [2.0120893366196575]
2019-04-05 20:30:09 INFO     Batch: [17/120] Epoch: [4] Loss: [2.013692167070177]
2019-04-05 20:30:09 INFO     Batch: [18/120] Epoch: [4] Loss: [2.0125323283044914]
2019-04-05 20:30:09 INFO     Batch: [19/120] Epoch: [4] Loss: [2.014602690935135]
2019-04-05 20:30:09 INFO     Batch: [20/120] Epoch: [4] Loss: [2.0157195897329423]
2019-04-05 20:30:09 INFO     Batch: [21/120] Epoch: [4] Loss: [2.01684351942756]
2019-04-05 20:30:09 INFO     Batch: [22/120] Epoch: [4] Loss: [2.0155276889386387]
2019-04-05 20:30:10 INFO     Batch: [23/120] Epoch: [4] Loss: [2.0142592390378318]
2019-04-05 20:30:10 INFO     Batch: [24/120] Epoch: [4] Loss: [2.0143173503875733]
2019-04-05 20:30:10 INFO     Batch: [25/120] Epoch: [4] Loss: [2.013325429879702]
2019-04-05 20:30:10 INFO     Batch: [26/120] Epoch: [4] Loss: [2.012970072251779]
2019-04-05 20:30:10 INFO     Batch: [27/120] Epoch: [4] Loss: [2.013274290731975]
2019-04-05 20:30:10 INFO     Batch: [28/120] Epoch: [4] Loss: [2.013078438824621]
2019-04-05 20:30:10 INFO     Batch: [29/120] Epoch: [4] Loss: [2.010968800385793]
2019-04-05 20:30:10 INFO     Batch: [30/120] Epoch: [4] Loss: [2.0112302341768817]
2019-04-05 20:30:10 INFO     Batch: [31/120] Epoch: [4] Loss: [2.011124413460493]
2019-04-05 20:30:10 INFO     Batch: [32/120] Epoch: [4] Loss: [2.0113047289125845]
2019-04-05 20:30:10 INFO     Batch: [33/120] Epoch: [4] Loss: [2.0121666999424206]
2019-04-05 20:30:10 INFO     Batch: [34/120] Epoch: [4] Loss: [2.0126204320362637]
2019-04-05 20:30:10 INFO     Batch: [35/120] Epoch: [4] Loss: [2.011941952837838]
2019-04-05 20:30:11 INFO     Batch: [36/120] Epoch: [4] Loss: [2.0123037744212793]
2019-04-05 20:30:11 INFO     Batch: [37/120] Epoch: [4] Loss: [2.01174752649508]
2019-04-05 20:30:11 INFO     Batch: [38/120] Epoch: [4] Loss: [2.0119317647738333]
2019-04-05 20:30:11 INFO     Batch: [39/120] Epoch: [4] Loss: [2.011733302474022]
2019-04-05 20:30:11 INFO     Batch: [40/120] Epoch: [4] Loss: [2.0123313956144377]
2019-04-05 20:30:11 INFO     Batch: [41/120] Epoch: [4] Loss: [2.0121866095633734]
2019-04-05 20:30:11 INFO     Batch: [42/120] Epoch: [4] Loss: [2.011766042820243]
2019-04-05 20:30:11 INFO     Batch: [43/120] Epoch: [4] Loss: [2.011368681084026]
2019-04-05 20:30:11 INFO     Batch: [44/120] Epoch: [4] Loss: [2.0108160919613307]
2019-04-05 20:30:11 INFO     Batch: [45/120] Epoch: [4] Loss: [2.0107855537663335]
2019-04-05 20:30:11 INFO     Batch: [46/120] Epoch: [4] Loss: [2.009614274856892]
2019-04-05 20:30:11 INFO     Batch: [47/120] Epoch: [4] Loss: [2.0089733749628067]
2019-04-05 20:30:11 INFO     Batch: [48/120] Epoch: [4] Loss: [2.0088100092751637]
2019-04-05 20:30:12 INFO     Batch: [49/120] Epoch: [4] Loss: [2.0085090923309328]
2019-04-05 20:30:12 INFO     Batch: [50/120] Epoch: [4] Loss: [2.0078820317399266]
2019-04-05 20:30:12 INFO     Batch: [51/120] Epoch: [4] Loss: [2.0076939028043013]
2019-04-05 20:30:12 INFO     Batch: [52/120] Epoch: [4] Loss: [2.0077992002919034]
2019-04-05 20:30:12 INFO     Batch: [53/120] Epoch: [4] Loss: [2.0074340303738913]
2019-04-05 20:30:12 INFO     Batch: [54/120] Epoch: [4] Loss: [2.0079956553199074]
2019-04-05 20:30:12 INFO     Batch: [55/120] Epoch: [4] Loss: [2.007241830229759]
2019-04-05 20:30:12 INFO     Batch: [56/120] Epoch: [4] Loss: [2.006861588411164]
2019-04-05 20:30:12 INFO     Batch: [57/120] Epoch: [4] Loss: [2.007051478172171]
2019-04-05 20:30:12 INFO     Batch: [58/120] Epoch: [4] Loss: [2.0064752041283302]
2019-04-05 20:30:12 INFO     Batch: [59/120] Epoch: [4] Loss: [2.006199284394582]
2019-04-05 20:30:12 INFO     Batch: [60/120] Epoch: [4] Loss: [2.005618152071218]
2019-04-05 20:30:12 INFO     Batch: [61/120] Epoch: [4] Loss: [2.005607633821426]
2019-04-05 20:30:12 INFO     Batch: [62/120] Epoch: [4] Loss: [2.0055354114562745]
2019-04-05 20:30:13 INFO     Batch: [63/120] Epoch: [4] Loss: [2.004539918154478]
2019-04-05 20:30:13 INFO     Batch: [64/120] Epoch: [4] Loss: [2.0048225329472467]
2019-04-05 20:30:13 INFO     Batch: [65/120] Epoch: [4] Loss: [2.003417031331496]
2019-04-05 20:30:13 INFO     Batch: [66/120] Epoch: [4] Loss: [2.002740420512299]
2019-04-05 20:30:13 INFO     Batch: [67/120] Epoch: [4] Loss: [2.002237418118645]
2019-04-05 20:30:13 INFO     Batch: [68/120] Epoch: [4] Loss: [2.0023829556893613]
2019-04-05 20:30:13 INFO     Batch: [69/120] Epoch: [4] Loss: [2.0015707782336642]
2019-04-05 20:30:13 INFO     Batch: [70/120] Epoch: [4] Loss: [2.0004962833834368]
2019-04-05 20:30:13 INFO     Batch: [71/120] Epoch: [4] Loss: [2.000748190614912]
2019-04-05 20:30:13 INFO     Batch: [72/120] Epoch: [4] Loss: [2.0002909327206546]
2019-04-05 20:30:13 INFO     Batch: [73/120] Epoch: [4] Loss: [1.9998476086436092]
2019-04-05 20:30:13 INFO     Batch: [74/120] Epoch: [4] Loss: [1.9992375119527181]
2019-04-05 20:30:13 INFO     Batch: [75/120] Epoch: [4] Loss: [1.9983941818538464]
2019-04-05 20:30:14 INFO     Batch: [76/120] Epoch: [4] Loss: [1.997947733123581]
2019-04-05 20:30:14 INFO     Batch: [77/120] Epoch: [4] Loss: [1.9973411453075898]
2019-04-05 20:30:14 INFO     Batch: [78/120] Epoch: [4] Loss: [1.99651006656357]
2019-04-05 20:30:14 INFO     Batch: [79/120] Epoch: [4] Loss: [1.9963037252426148]
2019-04-05 20:30:14 INFO     Batch: [80/120] Epoch: [4] Loss: [1.9951463717001456]
2019-04-05 20:30:14 INFO     Batch: [81/120] Epoch: [4] Loss: [1.9944531481440475]
2019-04-05 20:30:14 INFO     Batch: [82/120] Epoch: [4] Loss: [1.993688840463937]
2019-04-05 20:30:14 INFO     Batch: [83/120] Epoch: [4] Loss: [1.9926302560738154]
2019-04-05 20:30:14 INFO     Batch: [84/120] Epoch: [4] Loss: [1.9920057507122264]
2019-04-05 20:30:14 INFO     Batch: [85/120] Epoch: [4] Loss: [1.9915123193763022]
2019-04-05 20:30:14 INFO     Batch: [86/120] Epoch: [4] Loss: [1.9912574099398208]
2019-04-05 20:30:14 INFO     Batch: [87/120] Epoch: [4] Loss: [1.990407171574506]
2019-04-05 20:30:14 INFO     Batch: [88/120] Epoch: [4] Loss: [1.990024770243784]
2019-04-05 20:30:15 INFO     Batch: [89/120] Epoch: [4] Loss: [1.9894803722699483]
2019-04-05 20:30:15 INFO     Batch: [90/120] Epoch: [4] Loss: [1.9886913286460626]
2019-04-05 20:30:15 INFO     Batch: [91/120] Epoch: [4] Loss: [1.9880926466506461]
2019-04-05 20:30:15 INFO     Batch: [92/120] Epoch: [4] Loss: [1.9876819656741234]
2019-04-05 20:30:15 INFO     Batch: [93/120] Epoch: [4] Loss: [1.9876293552682756]
2019-04-05 20:30:15 INFO     Batch: [94/120] Epoch: [4] Loss: [1.9869045671663785]
2019-04-05 20:30:15 INFO     Batch: [95/120] Epoch: [4] Loss: [1.9864353934923809]
2019-04-05 20:30:15 INFO     Batch: [96/120] Epoch: [4] Loss: [1.9856505381692315]
2019-04-05 20:30:15 INFO     Batch: [97/120] Epoch: [4] Loss: [1.9852517320185292]
2019-04-05 20:30:15 INFO     Batch: [98/120] Epoch: [4] Loss: [1.984660596558542]
2019-04-05 20:30:15 INFO     Batch: [99/120] Epoch: [4] Loss: [1.9846559286117553]
2019-04-05 20:30:15 INFO     Batch: [100/120] Epoch: [4] Loss: [1.9841317504939466]
2019-04-05 20:30:15 INFO     Batch: [101/120] Epoch: [4] Loss: [1.9839250071375978]
2019-04-05 20:30:16 INFO     Batch: [102/120] Epoch: [4] Loss: [1.983748471852645]
2019-04-05 20:30:16 INFO     Batch: [103/120] Epoch: [4] Loss: [1.9837923749135091]
2019-04-05 20:30:16 INFO     Batch: [104/120] Epoch: [4] Loss: [1.9839009557451521]
2019-04-05 20:30:16 INFO     Batch: [105/120] Epoch: [4] Loss: [1.983290288808211]
2019-04-05 20:30:16 INFO     Batch: [106/120] Epoch: [4] Loss: [1.9829885803650473]
2019-04-05 20:30:16 INFO     Batch: [107/120] Epoch: [4] Loss: [1.982578679367348]
2019-04-05 20:30:16 INFO     Batch: [108/120] Epoch: [4] Loss: [1.9823781919041905]
2019-04-05 20:30:16 INFO     Batch: [109/120] Epoch: [4] Loss: [1.982471064004031]
2019-04-05 20:30:16 INFO     Batch: [110/120] Epoch: [4] Loss: [1.982606722427918]
2019-04-05 20:30:16 INFO     Batch: [111/120] Epoch: [4] Loss: [1.9825892129114695]
2019-04-05 20:30:16 INFO     Batch: [112/120] Epoch: [4] Loss: [1.9827024483047755]
2019-04-05 20:30:16 INFO     Batch: [113/120] Epoch: [4] Loss: [1.9823095244273805]
2019-04-05 20:30:16 INFO     Batch: [114/120] Epoch: [4] Loss: [1.9820723823879076]
2019-04-05 20:30:17 INFO     Batch: [115/120] Epoch: [4] Loss: [1.9821090944882096]
2019-04-05 20:30:17 INFO     Batch: [116/120] Epoch: [4] Loss: [1.981834364752484]
2019-04-05 20:30:17 INFO     Batch: [117/120] Epoch: [4] Loss: [1.9814523892887568]
2019-04-05 20:30:17 INFO     Batch: [118/120] Epoch: [4] Loss: [1.9817450357084514]
2019-04-05 20:30:17 INFO     Batch: [119/120] Epoch: [4] Loss: [1.9816994229952494]
2019-04-05 20:30:18 INFO     Epoch: [4/2000] Loss: [1.9816994229952494] Accuracy: [0.27581818181818185]
2019-04-05 20:30:18 INFO     Batch: [0/120] Epoch: [5] Loss: [1.9353816509246826]
2019-04-05 20:30:19 INFO     Accuracy: [0.2838181818181818]

2019-04-05 20:30:19 INFO     Batch: [1/120] Epoch: [5] Loss: [1.967143952846527]
2019-04-05 20:30:19 INFO     Batch: [2/120] Epoch: [5] Loss: [1.9803954362869263]
2019-04-05 20:30:19 INFO     Batch: [3/120] Epoch: [5] Loss: [1.969775915145874]
2019-04-05 20:30:19 INFO     Batch: [4/120] Epoch: [5] Loss: [1.970616102218628]
2019-04-05 20:30:19 INFO     Batch: [5/120] Epoch: [5] Loss: [1.976717233657837]
2019-04-05 20:30:19 INFO     Batch: [6/120] Epoch: [5] Loss: [1.977084994316101]
2019-04-05 20:30:19 INFO     Batch: [7/120] Epoch: [5] Loss: [1.9735687375068665]
2019-04-05 20:30:19 INFO     Batch: [8/120] Epoch: [5] Loss: [1.9793050289154053]
2019-04-05 20:30:19 INFO     Batch: [9/120] Epoch: [5] Loss: [1.9799924492835999]
2019-04-05 20:30:19 INFO     Batch: [10/120] Epoch: [5] Loss: [1.9772828817367554]
2019-04-05 20:30:20 INFO     Batch: [11/120] Epoch: [5] Loss: [1.9779415826002757]
2019-04-05 20:30:20 INFO     Batch: [12/120] Epoch: [5] Loss: [1.9771491472537701]
2019-04-05 20:30:20 INFO     Batch: [13/120] Epoch: [5] Loss: [1.9727034057889665]
2019-04-05 20:30:20 INFO     Batch: [14/120] Epoch: [5] Loss: [1.9704188346862792]
2019-04-05 20:30:20 INFO     Batch: [15/120] Epoch: [5] Loss: [1.9696350693702698]
2019-04-05 20:30:20 INFO     Batch: [16/120] Epoch: [5] Loss: [1.9671381992452286]
2019-04-05 20:30:20 INFO     Batch: [17/120] Epoch: [5] Loss: [1.9664594067467585]
2019-04-05 20:30:20 INFO     Batch: [18/120] Epoch: [5] Loss: [1.9672147412049144]
2019-04-05 20:30:20 INFO     Batch: [19/120] Epoch: [5] Loss: [1.9670324683189393]
2019-04-05 20:30:20 INFO     Batch: [20/120] Epoch: [5] Loss: [1.965636514482044]
2019-04-05 20:30:20 INFO     Batch: [21/120] Epoch: [5] Loss: [1.964829065582969]
2019-04-05 20:30:20 INFO     Batch: [22/120] Epoch: [5] Loss: [1.9631615307020105]
2019-04-05 20:30:20 INFO     Batch: [23/120] Epoch: [5] Loss: [1.963256577650706]
2019-04-05 20:30:21 INFO     Batch: [24/120] Epoch: [5] Loss: [1.9620200395584106]
2019-04-05 20:30:21 INFO     Batch: [25/120] Epoch: [5] Loss: [1.960462579360375]
2019-04-05 20:30:21 INFO     Batch: [26/120] Epoch: [5] Loss: [1.959013510633398]
2019-04-05 20:30:21 INFO     Batch: [27/120] Epoch: [5] Loss: [1.9581086933612823]
2019-04-05 20:30:21 INFO     Batch: [28/120] Epoch: [5] Loss: [1.9580563717874988]
2019-04-05 20:30:21 INFO     Batch: [29/120] Epoch: [5] Loss: [1.959787913163503]
2019-04-05 20:30:21 INFO     Batch: [30/120] Epoch: [5] Loss: [1.958904504776001]
2019-04-05 20:30:21 INFO     Batch: [31/120] Epoch: [5] Loss: [1.9591174870729446]
2019-04-05 20:30:21 INFO     Batch: [32/120] Epoch: [5] Loss: [1.958322008450826]
2019-04-05 20:30:21 INFO     Batch: [33/120] Epoch: [5] Loss: [1.9586277744349312]
2019-04-05 20:30:21 INFO     Batch: [34/120] Epoch: [5] Loss: [1.9574260779789516]
2019-04-05 20:30:21 INFO     Batch: [35/120] Epoch: [5] Loss: [1.9579766227139368]
2019-04-05 20:30:21 INFO     Batch: [36/120] Epoch: [5] Loss: [1.9569278891022142]
2019-04-05 20:30:21 INFO     Batch: [37/120] Epoch: [5] Loss: [1.9568987331892316]
2019-04-05 20:30:22 INFO     Batch: [38/120] Epoch: [5] Loss: [1.955875989718315]
2019-04-05 20:30:22 INFO     Batch: [39/120] Epoch: [5] Loss: [1.9557278633117676]
2019-04-05 20:30:22 INFO     Batch: [40/120] Epoch: [5] Loss: [1.9550022468334292]
2019-04-05 20:30:22 INFO     Batch: [41/120] Epoch: [5] Loss: [1.954784401825496]
2019-04-05 20:30:22 INFO     Batch: [42/120] Epoch: [5] Loss: [1.9534517138503318]
2019-04-05 20:30:22 INFO     Batch: [43/120] Epoch: [5] Loss: [1.9523771838708357]
2019-04-05 20:30:22 INFO     Batch: [44/120] Epoch: [5] Loss: [1.9518181906806098]
2019-04-05 20:30:22 INFO     Batch: [45/120] Epoch: [5] Loss: [1.95064282676448]
2019-04-05 20:30:22 INFO     Batch: [46/120] Epoch: [5] Loss: [1.9491295028240123]
2019-04-05 20:30:22 INFO     Batch: [47/120] Epoch: [5] Loss: [1.948626068731149]
2019-04-05 20:30:22 INFO     Batch: [48/120] Epoch: [5] Loss: [1.9467687801438935]
2019-04-05 20:30:22 INFO     Batch: [49/120] Epoch: [5] Loss: [1.947227897644043]
2019-04-05 20:30:22 INFO     Batch: [50/120] Epoch: [5] Loss: [1.9476651233785294]
2019-04-05 20:30:23 INFO     Batch: [51/120] Epoch: [5] Loss: [1.946596636221959]
2019-04-05 20:30:23 INFO     Batch: [52/120] Epoch: [5] Loss: [1.9444037810811456]
2019-04-05 20:30:23 INFO     Batch: [53/120] Epoch: [5] Loss: [1.9436894368242335]
2019-04-05 20:30:23 INFO     Batch: [54/120] Epoch: [5] Loss: [1.9435907168821855]
2019-04-05 20:30:23 INFO     Batch: [55/120] Epoch: [5] Loss: [1.9435045783008849]
2019-04-05 20:30:23 INFO     Batch: [56/120] Epoch: [5] Loss: [1.9423119708111412]
2019-04-05 20:30:23 INFO     Batch: [57/120] Epoch: [5] Loss: [1.9415671599322353]
2019-04-05 20:30:23 INFO     Batch: [58/120] Epoch: [5] Loss: [1.9407645443738517]
2019-04-05 20:30:23 INFO     Batch: [59/120] Epoch: [5] Loss: [1.9409033755461376]
2019-04-05 20:30:23 INFO     Batch: [60/120] Epoch: [5] Loss: [1.940126428838636]
2019-04-05 20:30:23 INFO     Batch: [61/120] Epoch: [5] Loss: [1.9402596815939872]
2019-04-05 20:30:23 INFO     Batch: [62/120] Epoch: [5] Loss: [1.9395207847867693]
2019-04-05 20:30:23 INFO     Batch: [63/120] Epoch: [5] Loss: [1.9387413058429956]
2019-04-05 20:30:24 INFO     Batch: [64/120] Epoch: [5] Loss: [1.9377497104498056]
2019-04-05 20:30:24 INFO     Batch: [65/120] Epoch: [5] Loss: [1.937116366444212]
2019-04-05 20:30:24 INFO     Batch: [66/120] Epoch: [5] Loss: [1.937108765787153]
2019-04-05 20:30:24 INFO     Batch: [67/120] Epoch: [5] Loss: [1.9361085067777073]
2019-04-05 20:30:24 INFO     Batch: [68/120] Epoch: [5] Loss: [1.9349696860797163]
2019-04-05 20:30:24 INFO     Batch: [69/120] Epoch: [5] Loss: [1.9347642540931702]
2019-04-05 20:30:24 INFO     Batch: [70/120] Epoch: [5] Loss: [1.934655913164918]
2019-04-05 20:30:24 INFO     Batch: [71/120] Epoch: [5] Loss: [1.9343426028887432]
2019-04-05 20:30:24 INFO     Batch: [72/120] Epoch: [5] Loss: [1.9341955478877237]
2019-04-05 20:30:24 INFO     Batch: [73/120] Epoch: [5] Loss: [1.9332963405428707]
2019-04-05 20:30:24 INFO     Batch: [74/120] Epoch: [5] Loss: [1.9325728289286295]
2019-04-05 20:30:24 INFO     Batch: [75/120] Epoch: [5] Loss: [1.9322747133280103]
2019-04-05 20:30:24 INFO     Batch: [76/120] Epoch: [5] Loss: [1.9318315858964796]
2019-04-05 20:30:25 INFO     Batch: [77/120] Epoch: [5] Loss: [1.931101218248025]
2019-04-05 20:30:25 INFO     Batch: [78/120] Epoch: [5] Loss: [1.9314930725701247]
2019-04-05 20:30:25 INFO     Batch: [79/120] Epoch: [5] Loss: [1.9308459401130675]
2019-04-05 20:30:25 INFO     Batch: [80/120] Epoch: [5] Loss: [1.929907167399371]
2019-04-05 20:30:25 INFO     Batch: [81/120] Epoch: [5] Loss: [1.9294556713685758]
2019-04-05 20:30:25 INFO     Batch: [82/120] Epoch: [5] Loss: [1.92929681094296]
2019-04-05 20:30:25 INFO     Batch: [83/120] Epoch: [5] Loss: [1.9288711207253593]
2019-04-05 20:30:25 INFO     Batch: [84/120] Epoch: [5] Loss: [1.9289254623300889]
2019-04-05 20:30:25 INFO     Batch: [85/120] Epoch: [5] Loss: [1.928429168324138]
2019-04-05 20:30:25 INFO     Batch: [86/120] Epoch: [5] Loss: [1.928320961437006]
2019-04-05 20:30:25 INFO     Batch: [87/120] Epoch: [5] Loss: [1.927636364644224]
2019-04-05 20:30:25 INFO     Batch: [88/120] Epoch: [5] Loss: [1.9278900234886769]
2019-04-05 20:30:25 INFO     Batch: [89/120] Epoch: [5] Loss: [1.927857173813714]
2019-04-05 20:30:26 INFO     Batch: [90/120] Epoch: [5] Loss: [1.9275769388282693]
2019-04-05 20:30:26 INFO     Batch: [91/120] Epoch: [5] Loss: [1.927564931952435]
2019-04-05 20:30:26 INFO     Batch: [92/120] Epoch: [5] Loss: [1.9278458369675504]
2019-04-05 20:30:26 INFO     Batch: [93/120] Epoch: [5] Loss: [1.9272009971293997]
2019-04-05 20:30:26 INFO     Batch: [94/120] Epoch: [5] Loss: [1.92709379196167]
2019-04-05 20:30:26 INFO     Batch: [95/120] Epoch: [5] Loss: [1.9263712863127391]
2019-04-05 20:30:26 INFO     Batch: [96/120] Epoch: [5] Loss: [1.9260209221200846]
2019-04-05 20:30:26 INFO     Batch: [97/120] Epoch: [5] Loss: [1.9255299470862564]
2019-04-05 20:30:26 INFO     Batch: [98/120] Epoch: [5] Loss: [1.9254130666906184]
2019-04-05 20:30:26 INFO     Batch: [99/120] Epoch: [5] Loss: [1.9253311550617218]
2019-04-05 20:30:26 INFO     Batch: [100/120] Epoch: [5] Loss: [1.924618702123661]
2019-04-05 20:30:26 INFO     Batch: [101/120] Epoch: [5] Loss: [1.924569355506523]
2019-04-05 20:30:26 INFO     Batch: [102/120] Epoch: [5] Loss: [1.9243961989300922]
2019-04-05 20:30:26 INFO     Batch: [103/120] Epoch: [5] Loss: [1.9236262692854955]
2019-04-05 20:30:27 INFO     Batch: [104/120] Epoch: [5] Loss: [1.923174214363098]
2019-04-05 20:30:27 INFO     Batch: [105/120] Epoch: [5] Loss: [1.9228766965416242]
2019-04-05 20:30:27 INFO     Batch: [106/120] Epoch: [5] Loss: [1.9227629933401802]
2019-04-05 20:30:27 INFO     Batch: [107/120] Epoch: [5] Loss: [1.9224324237417292]
2019-04-05 20:30:27 INFO     Batch: [108/120] Epoch: [5] Loss: [1.922784506727796]
2019-04-05 20:30:27 INFO     Batch: [109/120] Epoch: [5] Loss: [1.9224525939334522]
2019-04-05 20:30:27 INFO     Batch: [110/120] Epoch: [5] Loss: [1.9227759451479525]
2019-04-05 20:30:27 INFO     Batch: [111/120] Epoch: [5] Loss: [1.922233475106103]
2019-04-05 20:30:27 INFO     Batch: [112/120] Epoch: [5] Loss: [1.9221491824209163]
2019-04-05 20:30:27 INFO     Batch: [113/120] Epoch: [5] Loss: [1.9220779067591618]
2019-04-05 20:30:27 INFO     Batch: [114/120] Epoch: [5] Loss: [1.921430288190427]
2019-04-05 20:30:27 INFO     Batch: [115/120] Epoch: [5] Loss: [1.9212682976804931]
2019-04-05 20:30:27 INFO     Batch: [116/120] Epoch: [5] Loss: [1.9216512166536772]
2019-04-05 20:30:28 INFO     Batch: [117/120] Epoch: [5] Loss: [1.9215237407361048]
2019-04-05 20:30:28 INFO     Batch: [118/120] Epoch: [5] Loss: [1.921115866228312]
2019-04-05 20:30:28 INFO     Batch: [119/120] Epoch: [5] Loss: [1.9214837849140167]
2019-04-05 20:30:29 INFO     Epoch: [5/2000] Loss: [1.9214837849140167] Accuracy: [0.30272727272727273]
2019-04-05 20:30:29 INFO     Batch: [0/120] Epoch: [6] Loss: [1.8932243585586548]
2019-04-05 20:30:30 INFO     Accuracy: [0.29872727272727273]

2019-04-05 20:30:30 INFO     Batch: [1/120] Epoch: [6] Loss: [1.917300820350647]
2019-04-05 20:30:30 INFO     Batch: [2/120] Epoch: [6] Loss: [1.9194344282150269]
2019-04-05 20:30:30 INFO     Batch: [3/120] Epoch: [6] Loss: [1.9071328341960907]
2019-04-05 20:30:30 INFO     Batch: [4/120] Epoch: [6] Loss: [1.9175400495529176]
2019-04-05 20:30:30 INFO     Batch: [5/120] Epoch: [6] Loss: [1.9244651198387146]
2019-04-05 20:30:30 INFO     Batch: [6/120] Epoch: [6] Loss: [1.92071533203125]
2019-04-05 20:30:30 INFO     Batch: [7/120] Epoch: [6] Loss: [1.922605723142624]
2019-04-05 20:30:30 INFO     Batch: [8/120] Epoch: [6] Loss: [1.919962141248915]
2019-04-05 20:30:30 INFO     Batch: [9/120] Epoch: [6] Loss: [1.9207661509513856]
2019-04-05 20:30:30 INFO     Batch: [10/120] Epoch: [6] Loss: [1.9162799228321423]
2019-04-05 20:30:30 INFO     Batch: [11/120] Epoch: [6] Loss: [1.917890151341756]
2019-04-05 20:30:30 INFO     Batch: [12/120] Epoch: [6] Loss: [1.914779177078834]
2019-04-05 20:30:31 INFO     Batch: [13/120] Epoch: [6] Loss: [1.91085946559906]
2019-04-05 20:30:31 INFO     Batch: [14/120] Epoch: [6] Loss: [1.9105690320332844]
2019-04-05 20:30:31 INFO     Batch: [15/120] Epoch: [6] Loss: [1.9097975939512253]
2019-04-05 20:30:31 INFO     Batch: [16/120] Epoch: [6] Loss: [1.9097222370259903]
2019-04-05 20:30:31 INFO     Batch: [17/120] Epoch: [6] Loss: [1.9106699625651042]
2019-04-05 20:30:31 INFO     Batch: [18/120] Epoch: [6] Loss: [1.9128773400658055]
2019-04-05 20:30:31 INFO     Batch: [19/120] Epoch: [6] Loss: [1.9106193602085113]
2019-04-05 20:30:31 INFO     Batch: [20/120] Epoch: [6] Loss: [1.9067698830649966]
2019-04-05 20:30:31 INFO     Batch: [21/120] Epoch: [6] Loss: [1.908249627460133]
2019-04-05 20:30:31 INFO     Batch: [22/120] Epoch: [6] Loss: [1.9069532777952112]
2019-04-05 20:30:31 INFO     Batch: [23/120] Epoch: [6] Loss: [1.9071754117806752]
2019-04-05 20:30:31 INFO     Batch: [24/120] Epoch: [6] Loss: [1.9063395309448241]
2019-04-05 20:30:31 INFO     Batch: [25/120] Epoch: [6] Loss: [1.9046182082249568]
2019-04-05 20:30:32 INFO     Batch: [26/120] Epoch: [6] Loss: [1.9025245507558186]
2019-04-05 20:30:32 INFO     Batch: [27/120] Epoch: [6] Loss: [1.9018051794597082]
2019-04-05 20:30:32 INFO     Batch: [28/120] Epoch: [6] Loss: [1.9018951161154385]
2019-04-05 20:30:32 INFO     Batch: [29/120] Epoch: [6] Loss: [1.9005461533864338]
2019-04-05 20:30:32 INFO     Batch: [30/120] Epoch: [6] Loss: [1.9018548534762474]
2019-04-05 20:30:32 INFO     Batch: [31/120] Epoch: [6] Loss: [1.9003109447658062]
2019-04-05 20:30:32 INFO     Batch: [32/120] Epoch: [6] Loss: [1.899415868701357]
2019-04-05 20:30:32 INFO     Batch: [33/120] Epoch: [6] Loss: [1.899279443656697]
2019-04-05 20:30:32 INFO     Batch: [34/120] Epoch: [6] Loss: [1.898674236025129]
2019-04-05 20:30:32 INFO     Batch: [35/120] Epoch: [6] Loss: [1.8974474900298648]
2019-04-05 20:30:32 INFO     Batch: [36/120] Epoch: [6] Loss: [1.8969328371254173]
2019-04-05 20:30:32 INFO     Batch: [37/120] Epoch: [6] Loss: [1.896274955649125]
2019-04-05 20:30:32 INFO     Batch: [38/120] Epoch: [6] Loss: [1.8960615549332056]
2019-04-05 20:30:33 INFO     Batch: [39/120] Epoch: [6] Loss: [1.8950973957777024]
2019-04-05 20:30:33 INFO     Batch: [40/120] Epoch: [6] Loss: [1.8939692159978354]
2019-04-05 20:30:33 INFO     Batch: [41/120] Epoch: [6] Loss: [1.8931371853465127]
2019-04-05 20:30:33 INFO     Batch: [42/120] Epoch: [6] Loss: [1.891658627709677]
2019-04-05 20:30:33 INFO     Batch: [43/120] Epoch: [6] Loss: [1.890794875946912]
2019-04-05 20:30:33 INFO     Batch: [44/120] Epoch: [6] Loss: [1.8898286157184176]
2019-04-05 20:30:33 INFO     Batch: [45/120] Epoch: [6] Loss: [1.8905594400737598]
2019-04-05 20:30:33 INFO     Batch: [46/120] Epoch: [6] Loss: [1.8903227689418387]
2019-04-05 20:30:33 INFO     Batch: [47/120] Epoch: [6] Loss: [1.888994996746381]
2019-04-05 20:30:33 INFO     Batch: [48/120] Epoch: [6] Loss: [1.8879817407958361]
2019-04-05 20:30:33 INFO     Batch: [49/120] Epoch: [6] Loss: [1.8895222854614258]
2019-04-05 20:30:33 INFO     Batch: [50/120] Epoch: [6] Loss: [1.889286335776834]
2019-04-05 20:30:33 INFO     Batch: [51/120] Epoch: [6] Loss: [1.88953504883326]
2019-04-05 20:30:33 INFO     Batch: [52/120] Epoch: [6] Loss: [1.8880022899159845]
2019-04-05 20:30:34 INFO     Batch: [53/120] Epoch: [6] Loss: [1.887195066169456]
2019-04-05 20:30:34 INFO     Batch: [54/120] Epoch: [6] Loss: [1.8861702073704112]
2019-04-05 20:30:34 INFO     Batch: [55/120] Epoch: [6] Loss: [1.8850806142602647]
2019-04-05 20:30:34 INFO     Batch: [56/120] Epoch: [6] Loss: [1.884984673115245]
2019-04-05 20:30:34 INFO     Batch: [57/120] Epoch: [6] Loss: [1.884842638311715]
2019-04-05 20:30:34 INFO     Batch: [58/120] Epoch: [6] Loss: [1.883444252660719]
2019-04-05 20:30:34 INFO     Batch: [59/120] Epoch: [6] Loss: [1.8820761521657308]
2019-04-05 20:30:34 INFO     Batch: [60/120] Epoch: [6] Loss: [1.8808455408596603]
2019-04-05 20:30:34 INFO     Batch: [61/120] Epoch: [6] Loss: [1.8800665832334948]
2019-04-05 20:30:34 INFO     Batch: [62/120] Epoch: [6] Loss: [1.8802723279075018]
2019-04-05 20:30:34 INFO     Batch: [63/120] Epoch: [6] Loss: [1.879485396668315]
2019-04-05 20:30:34 INFO     Batch: [64/120] Epoch: [6] Loss: [1.8783855823370126]
2019-04-05 20:30:34 INFO     Batch: [65/120] Epoch: [6] Loss: [1.8776202779827695]
2019-04-05 20:30:35 INFO     Batch: [66/120] Epoch: [6] Loss: [1.876716928695565]
2019-04-05 20:30:35 INFO     Batch: [67/120] Epoch: [6] Loss: [1.8759189318208134]
2019-04-05 20:30:35 INFO     Batch: [68/120] Epoch: [6] Loss: [1.8758504477100095]
2019-04-05 20:30:35 INFO     Batch: [69/120] Epoch: [6] Loss: [1.8750777857644216]
2019-04-05 20:30:35 INFO     Batch: [70/120] Epoch: [6] Loss: [1.875317076562156]
2019-04-05 20:30:35 INFO     Batch: [71/120] Epoch: [6] Loss: [1.8734784954124026]
2019-04-05 20:30:35 INFO     Batch: [72/120] Epoch: [6] Loss: [1.8731781864819461]
2019-04-05 20:30:35 INFO     Batch: [73/120] Epoch: [6] Loss: [1.8725744485855103]
2019-04-05 20:30:35 INFO     Batch: [74/120] Epoch: [6] Loss: [1.871935674349467]
2019-04-05 20:30:35 INFO     Batch: [75/120] Epoch: [6] Loss: [1.8716233890307576]
2019-04-05 20:30:35 INFO     Batch: [76/120] Epoch: [6] Loss: [1.8709286730010788]
2019-04-05 20:30:35 INFO     Batch: [77/120] Epoch: [6] Loss: [1.869581951544835]
2019-04-05 20:30:35 INFO     Batch: [78/120] Epoch: [6] Loss: [1.8689848863625829]
2019-04-05 20:30:36 INFO     Batch: [79/120] Epoch: [6] Loss: [1.8685092806816102]
2019-04-05 20:30:36 INFO     Batch: [80/120] Epoch: [6] Loss: [1.867452577308372]
2019-04-05 20:30:36 INFO     Batch: [81/120] Epoch: [6] Loss: [1.8666049198406498]
2019-04-05 20:30:36 INFO     Batch: [82/120] Epoch: [6] Loss: [1.8658383438386112]
2019-04-05 20:30:36 INFO     Batch: [83/120] Epoch: [6] Loss: [1.8653551581360044]
2019-04-05 20:30:36 INFO     Batch: [84/120] Epoch: [6] Loss: [1.8651756356744205]
2019-04-05 20:30:36 INFO     Batch: [85/120] Epoch: [6] Loss: [1.8650760179342225]
2019-04-05 20:30:36 INFO     Batch: [86/120] Epoch: [6] Loss: [1.8647926785480018]
2019-04-05 20:30:36 INFO     Batch: [87/120] Epoch: [6] Loss: [1.8639278235760601]
2019-04-05 20:30:36 INFO     Batch: [88/120] Epoch: [6] Loss: [1.8640707945555783]
2019-04-05 20:30:36 INFO     Batch: [89/120] Epoch: [6] Loss: [1.8641519665718078]
2019-04-05 20:30:36 INFO     Batch: [90/120] Epoch: [6] Loss: [1.8641974166199402]
2019-04-05 20:30:36 INFO     Batch: [91/120] Epoch: [6] Loss: [1.8641522487868434]
2019-04-05 20:30:37 INFO     Batch: [92/120] Epoch: [6] Loss: [1.8635919055631083]
2019-04-05 20:30:37 INFO     Batch: [93/120] Epoch: [6] Loss: [1.8631057282711596]
2019-04-05 20:30:37 INFO     Batch: [94/120] Epoch: [6] Loss: [1.8629626750946044]
2019-04-05 20:30:37 INFO     Batch: [95/120] Epoch: [6] Loss: [1.862821222593387]
2019-04-05 20:30:37 INFO     Batch: [96/120] Epoch: [6] Loss: [1.8628803798832845]
2019-04-05 20:30:37 INFO     Batch: [97/120] Epoch: [6] Loss: [1.8630248965049276]
2019-04-05 20:30:37 INFO     Batch: [98/120] Epoch: [6] Loss: [1.8629271899810944]
2019-04-05 20:30:37 INFO     Batch: [99/120] Epoch: [6] Loss: [1.8635442328453065]
2019-04-05 20:30:37 INFO     Batch: [100/120] Epoch: [6] Loss: [1.8633616903040668]
2019-04-05 20:30:37 INFO     Batch: [101/120] Epoch: [6] Loss: [1.863423904951881]
2019-04-05 20:30:37 INFO     Batch: [102/120] Epoch: [6] Loss: [1.8632306508647585]
2019-04-05 20:30:37 INFO     Batch: [103/120] Epoch: [6] Loss: [1.8631423792013755]
2019-04-05 20:30:37 INFO     Batch: [104/120] Epoch: [6] Loss: [1.8635038739158993]
2019-04-05 20:30:38 INFO     Batch: [105/120] Epoch: [6] Loss: [1.8632620944167084]
2019-04-05 20:30:38 INFO     Batch: [106/120] Epoch: [6] Loss: [1.862688994853296]
2019-04-05 20:30:38 INFO     Batch: [107/120] Epoch: [6] Loss: [1.862868740602776]
2019-04-05 20:30:38 INFO     Batch: [108/120] Epoch: [6] Loss: [1.8627426405565455]
2019-04-05 20:30:38 INFO     Batch: [109/120] Epoch: [6] Loss: [1.8626339489763433]
2019-04-05 20:30:38 INFO     Batch: [110/120] Epoch: [6] Loss: [1.8624322049252622]
2019-04-05 20:30:38 INFO     Batch: [111/120] Epoch: [6] Loss: [1.8621825416173254]
2019-04-05 20:30:38 INFO     Batch: [112/120] Epoch: [6] Loss: [1.8619238739520048]
2019-04-05 20:30:38 INFO     Batch: [113/120] Epoch: [6] Loss: [1.86172221104304]
2019-04-05 20:30:38 INFO     Batch: [114/120] Epoch: [6] Loss: [1.8619207796843156]
2019-04-05 20:30:38 INFO     Batch: [115/120] Epoch: [6] Loss: [1.8617432960148514]
2019-04-05 20:30:38 INFO     Batch: [116/120] Epoch: [6] Loss: [1.8611488118130937]
2019-04-05 20:30:38 INFO     Batch: [117/120] Epoch: [6] Loss: [1.861401076033964]
2019-04-05 20:30:38 INFO     Batch: [118/120] Epoch: [6] Loss: [1.8611532249370544]
2019-04-05 20:30:39 INFO     Batch: [119/120] Epoch: [6] Loss: [1.8611331393321355]
2019-04-05 20:30:39 INFO     Epoch: [6/2000] Loss: [1.8611331393321355] Accuracy: [0.3421818181818182]
2019-04-05 20:30:40 INFO     Batch: [0/120] Epoch: [7] Loss: [1.7846750020980835]
2019-04-05 20:30:40 INFO     Accuracy: [0.3476363636363636]

2019-04-05 20:30:41 INFO     Batch: [1/120] Epoch: [7] Loss: [1.8015261888504028]
2019-04-05 20:30:41 INFO     Batch: [2/120] Epoch: [7] Loss: [1.8167069753011067]
2019-04-05 20:30:41 INFO     Batch: [3/120] Epoch: [7] Loss: [1.8272152841091156]
2019-04-05 20:30:41 INFO     Batch: [4/120] Epoch: [7] Loss: [1.8345051527023315]
2019-04-05 20:30:41 INFO     Batch: [5/120] Epoch: [7] Loss: [1.8382214109102886]
2019-04-05 20:30:41 INFO     Batch: [6/120] Epoch: [7] Loss: [1.8411661727087838]
2019-04-05 20:30:41 INFO     Batch: [7/120] Epoch: [7] Loss: [1.8335703164339066]
2019-04-05 20:30:41 INFO     Batch: [8/120] Epoch: [7] Loss: [1.83380925655365]
2019-04-05 20:30:41 INFO     Batch: [9/120] Epoch: [7] Loss: [1.8343020677566528]
2019-04-05 20:30:41 INFO     Batch: [10/120] Epoch: [7] Loss: [1.8377765742215244]
2019-04-05 20:30:41 INFO     Batch: [11/120] Epoch: [7] Loss: [1.840856631596883]
2019-04-05 20:30:41 INFO     Batch: [12/120] Epoch: [7] Loss: [1.8402411112418542]
2019-04-05 20:30:41 INFO     Batch: [13/120] Epoch: [7] Loss: [1.8418206998280116]
2019-04-05 20:30:42 INFO     Batch: [14/120] Epoch: [7] Loss: [1.8408104022343954]
2019-04-05 20:30:42 INFO     Batch: [15/120] Epoch: [7] Loss: [1.843361109495163]
2019-04-05 20:30:42 INFO     Batch: [16/120] Epoch: [7] Loss: [1.839406784842996]
2019-04-05 20:30:42 INFO     Batch: [17/120] Epoch: [7] Loss: [1.8380986915694342]
2019-04-05 20:30:42 INFO     Batch: [18/120] Epoch: [7] Loss: [1.83851452877647]
2019-04-05 20:30:42 INFO     Batch: [19/120] Epoch: [7] Loss: [1.8387823283672333]
2019-04-05 20:30:42 INFO     Batch: [20/120] Epoch: [7] Loss: [1.8388687542506628]
2019-04-05 20:30:42 INFO     Batch: [21/120] Epoch: [7] Loss: [1.8397960229353472]
2019-04-05 20:30:42 INFO     Batch: [22/120] Epoch: [7] Loss: [1.843363362809886]
2019-04-05 20:30:42 INFO     Batch: [23/120] Epoch: [7] Loss: [1.8442105601231258]
2019-04-05 20:30:42 INFO     Batch: [24/120] Epoch: [7] Loss: [1.844492745399475]
2019-04-05 20:30:42 INFO     Batch: [25/120] Epoch: [7] Loss: [1.8441351468746479]
2019-04-05 20:30:42 INFO     Batch: [26/120] Epoch: [7] Loss: [1.8438379941163239]
2019-04-05 20:30:43 INFO     Batch: [27/120] Epoch: [7] Loss: [1.843209560428347]
2019-04-05 20:30:43 INFO     Batch: [28/120] Epoch: [7] Loss: [1.8402865755146947]
2019-04-05 20:30:43 INFO     Batch: [29/120] Epoch: [7] Loss: [1.8404632409413655]
2019-04-05 20:30:43 INFO     Batch: [30/120] Epoch: [7] Loss: [1.839372973288259]
2019-04-05 20:30:43 INFO     Batch: [31/120] Epoch: [7] Loss: [1.8401380628347397]
2019-04-05 20:30:43 INFO     Batch: [32/120] Epoch: [7] Loss: [1.840555559505116]
2019-04-05 20:30:43 INFO     Batch: [33/120] Epoch: [7] Loss: [1.8418353725882137]
2019-04-05 20:30:43 INFO     Batch: [34/120] Epoch: [7] Loss: [1.8398422820227487]
2019-04-05 20:30:43 INFO     Batch: [35/120] Epoch: [7] Loss: [1.8399088515175714]
2019-04-05 20:30:43 INFO     Batch: [36/120] Epoch: [7] Loss: [1.838817657651128]
2019-04-05 20:30:43 INFO     Batch: [37/120] Epoch: [7] Loss: [1.837497745689593]
2019-04-05 20:30:43 INFO     Batch: [38/120] Epoch: [7] Loss: [1.838063726058373]
2019-04-05 20:30:43 INFO     Batch: [39/120] Epoch: [7] Loss: [1.8369958370923996]
2019-04-05 20:30:43 INFO     Batch: [40/120] Epoch: [7] Loss: [1.8362239279398105]
2019-04-05 20:30:44 INFO     Batch: [41/120] Epoch: [7] Loss: [1.8358466426531475]
2019-04-05 20:30:44 INFO     Batch: [42/120] Epoch: [7] Loss: [1.8360644024471904]
2019-04-05 20:30:44 INFO     Batch: [43/120] Epoch: [7] Loss: [1.837095775387504]
2019-04-05 20:30:44 INFO     Batch: [44/120] Epoch: [7] Loss: [1.8359677765104505]
2019-04-05 20:30:44 INFO     Batch: [45/120] Epoch: [7] Loss: [1.8359427218851836]
2019-04-05 20:30:44 INFO     Batch: [46/120] Epoch: [7] Loss: [1.8347165838200996]
2019-04-05 20:30:44 INFO     Batch: [47/120] Epoch: [7] Loss: [1.8335753207405407]
2019-04-05 20:30:44 INFO     Batch: [48/120] Epoch: [7] Loss: [1.8323682230346057]
2019-04-05 20:30:44 INFO     Batch: [49/120] Epoch: [7] Loss: [1.8326794290542603]
2019-04-05 20:30:44 INFO     Batch: [50/120] Epoch: [7] Loss: [1.832654777695151]
2019-04-05 20:30:44 INFO     Batch: [51/120] Epoch: [7] Loss: [1.8314463885930867]
2019-04-05 20:30:44 INFO     Batch: [52/120] Epoch: [7] Loss: [1.831686238072953]
2019-04-05 20:30:44 INFO     Batch: [53/120] Epoch: [7] Loss: [1.8320710747330278]
2019-04-05 20:30:45 INFO     Batch: [54/120] Epoch: [7] Loss: [1.831713535568931]
2019-04-05 20:30:45 INFO     Batch: [55/120] Epoch: [7] Loss: [1.8303179549319404]
2019-04-05 20:30:45 INFO     Batch: [56/120] Epoch: [7] Loss: [1.830489051969428]
2019-04-05 20:30:45 INFO     Batch: [57/120] Epoch: [7] Loss: [1.8302739879180645]
2019-04-05 20:30:45 INFO     Batch: [58/120] Epoch: [7] Loss: [1.8301945944963876]
2019-04-05 20:30:45 INFO     Batch: [59/120] Epoch: [7] Loss: [1.82959988117218]
2019-04-05 20:30:45 INFO     Batch: [60/120] Epoch: [7] Loss: [1.8287930781724022]
2019-04-05 20:30:45 INFO     Batch: [61/120] Epoch: [7] Loss: [1.8280993219344848]
2019-04-05 20:30:45 INFO     Batch: [62/120] Epoch: [7] Loss: [1.8279335460965596]
2019-04-05 20:30:45 INFO     Batch: [63/120] Epoch: [7] Loss: [1.8278262354433537]
2019-04-05 20:30:45 INFO     Batch: [64/120] Epoch: [7] Loss: [1.8272699062640851]
2019-04-05 20:30:45 INFO     Batch: [65/120] Epoch: [7] Loss: [1.8268746011184924]
2019-04-05 20:30:45 INFO     Batch: [66/120] Epoch: [7] Loss: [1.8270643522490317]
2019-04-05 20:30:46 INFO     Batch: [67/120] Epoch: [7] Loss: [1.8268339213202982]
2019-04-05 20:30:46 INFO     Batch: [68/120] Epoch: [7] Loss: [1.8264230783434883]
2019-04-05 20:30:46 INFO     Batch: [69/120] Epoch: [7] Loss: [1.8261688215391976]
2019-04-05 20:30:46 INFO     Batch: [70/120] Epoch: [7] Loss: [1.8263416021642551]
2019-04-05 20:30:46 INFO     Batch: [71/120] Epoch: [7] Loss: [1.8254003905587726]
2019-04-05 20:30:46 INFO     Batch: [72/120] Epoch: [7] Loss: [1.8244833554307076]
2019-04-05 20:30:46 INFO     Batch: [73/120] Epoch: [7] Loss: [1.8237399732744373]
2019-04-05 20:30:46 INFO     Batch: [74/120] Epoch: [7] Loss: [1.8240569670995077]
2019-04-05 20:30:46 INFO     Batch: [75/120] Epoch: [7] Loss: [1.823230980258239]
2019-04-05 20:30:46 INFO     Batch: [76/120] Epoch: [7] Loss: [1.822886950009829]
2019-04-05 20:30:46 INFO     Batch: [77/120] Epoch: [7] Loss: [1.8219326673409877]
2019-04-05 20:30:46 INFO     Batch: [78/120] Epoch: [7] Loss: [1.8220696886883507]
2019-04-05 20:30:46 INFO     Batch: [79/120] Epoch: [7] Loss: [1.8207094848155976]
2019-04-05 20:30:47 INFO     Batch: [80/120] Epoch: [7] Loss: [1.8208818067739039]
2019-04-05 20:30:47 INFO     Batch: [81/120] Epoch: [7] Loss: [1.820339758221696]
2019-04-05 20:30:47 INFO     Batch: [82/120] Epoch: [7] Loss: [1.819715107779905]
2019-04-05 20:30:47 INFO     Batch: [83/120] Epoch: [7] Loss: [1.8196140385809398]
2019-04-05 20:30:47 INFO     Batch: [84/120] Epoch: [7] Loss: [1.8187898551716524]
2019-04-05 20:30:47 INFO     Batch: [85/120] Epoch: [7] Loss: [1.8184738380964411]
2019-04-05 20:30:47 INFO     Batch: [86/120] Epoch: [7] Loss: [1.8180031817534874]
2019-04-05 20:30:47 INFO     Batch: [87/120] Epoch: [7] Loss: [1.8174457306211644]
2019-04-05 20:30:47 INFO     Batch: [88/120] Epoch: [7] Loss: [1.8168801310357083]
2019-04-05 20:30:47 INFO     Batch: [89/120] Epoch: [7] Loss: [1.8162624875704447]
2019-04-05 20:30:47 INFO     Batch: [90/120] Epoch: [7] Loss: [1.8159725521947]
2019-04-05 20:30:47 INFO     Batch: [91/120] Epoch: [7] Loss: [1.8156179850516112]
2019-04-05 20:30:47 INFO     Batch: [92/120] Epoch: [7] Loss: [1.815037432537284]
2019-04-05 20:30:48 INFO     Batch: [93/120] Epoch: [7] Loss: [1.814849092605266]
2019-04-05 20:30:48 INFO     Batch: [94/120] Epoch: [7] Loss: [1.8146679627267939]
2019-04-05 20:30:48 INFO     Batch: [95/120] Epoch: [7] Loss: [1.815086589505275]
2019-04-05 20:30:48 INFO     Batch: [96/120] Epoch: [7] Loss: [1.8144273057426374]
2019-04-05 20:30:48 INFO     Batch: [97/120] Epoch: [7] Loss: [1.8143184622939752]
2019-04-05 20:30:48 INFO     Batch: [98/120] Epoch: [7] Loss: [1.8136760755018755]
2019-04-05 20:30:48 INFO     Batch: [99/120] Epoch: [7] Loss: [1.8132980573177337]
2019-04-05 20:30:48 INFO     Batch: [100/120] Epoch: [7] Loss: [1.8127799352796952]
2019-04-05 20:30:48 INFO     Batch: [101/120] Epoch: [7] Loss: [1.8124192064883662]
2019-04-05 20:30:48 INFO     Batch: [102/120] Epoch: [7] Loss: [1.8121323597083971]
2019-04-05 20:30:48 INFO     Batch: [103/120] Epoch: [7] Loss: [1.8111737083930235]
2019-04-05 20:30:48 INFO     Batch: [104/120] Epoch: [7] Loss: [1.8104509478523618]
2019-04-05 20:30:48 INFO     Batch: [105/120] Epoch: [7] Loss: [1.8096755203211083]
2019-04-05 20:30:49 INFO     Batch: [106/120] Epoch: [7] Loss: [1.8090280962881642]
2019-04-05 20:30:49 INFO     Batch: [107/120] Epoch: [7] Loss: [1.8090721390865467]
2019-04-05 20:30:49 INFO     Batch: [108/120] Epoch: [7] Loss: [1.8088566163264284]
2019-04-05 20:30:49 INFO     Batch: [109/120] Epoch: [7] Loss: [1.8083285136656329]
2019-04-05 20:30:49 INFO     Batch: [110/120] Epoch: [7] Loss: [1.8084203198149398]
2019-04-05 20:30:49 INFO     Batch: [111/120] Epoch: [7] Loss: [1.8084775369082178]
2019-04-05 20:30:49 INFO     Batch: [112/120] Epoch: [7] Loss: [1.8080462185682449]
2019-04-05 20:30:49 INFO     Batch: [113/120] Epoch: [7] Loss: [1.8076865516210858]
2019-04-05 20:30:49 INFO     Batch: [114/120] Epoch: [7] Loss: [1.8075684640718543]
2019-04-05 20:30:49 INFO     Batch: [115/120] Epoch: [7] Loss: [1.8069793263386036]
2019-04-05 20:30:49 INFO     Batch: [116/120] Epoch: [7] Loss: [1.8071521948545406]
2019-04-05 20:30:49 INFO     Batch: [117/120] Epoch: [7] Loss: [1.807151296381223]
2019-04-05 20:30:49 INFO     Batch: [118/120] Epoch: [7] Loss: [1.8066079295983835]
2019-04-05 20:30:49 INFO     Batch: [119/120] Epoch: [7] Loss: [1.8061213493347168]
2019-04-05 20:30:50 INFO     Epoch: [7/2000] Loss: [1.8061213493347168] Accuracy: [0.36672727272727274]
2019-04-05 20:30:51 INFO     Batch: [0/120] Epoch: [8] Loss: [1.7931339740753174]
2019-04-05 20:30:51 INFO     Accuracy: [0.3776363636363636]

2019-04-05 20:30:51 INFO     Batch: [1/120] Epoch: [8] Loss: [1.7949790358543396]
2019-04-05 20:30:51 INFO     Batch: [2/120] Epoch: [8] Loss: [1.7922761837641399]
2019-04-05 20:30:52 INFO     Batch: [3/120] Epoch: [8] Loss: [1.791947990655899]
2019-04-05 20:30:52 INFO     Batch: [4/120] Epoch: [8] Loss: [1.781778335571289]
2019-04-05 20:30:52 INFO     Batch: [5/120] Epoch: [8] Loss: [1.7813308636347454]
2019-04-05 20:30:52 INFO     Batch: [6/120] Epoch: [8] Loss: [1.7934244871139526]
2019-04-05 20:30:52 INFO     Batch: [7/120] Epoch: [8] Loss: [1.7987850457429886]
2019-04-05 20:30:52 INFO     Batch: [8/120] Epoch: [8] Loss: [1.790361139509413]
2019-04-05 20:30:52 INFO     Batch: [9/120] Epoch: [8] Loss: [1.783851397037506]
2019-04-05 20:30:52 INFO     Batch: [10/120] Epoch: [8] Loss: [1.7890726327896118]
2019-04-05 20:30:52 INFO     Batch: [11/120] Epoch: [8] Loss: [1.7850947976112366]
2019-04-05 20:30:52 INFO     Batch: [12/120] Epoch: [8] Loss: [1.786462582074679]
2019-04-05 20:30:52 INFO     Batch: [13/120] Epoch: [8] Loss: [1.788055854184287]
2019-04-05 20:30:52 INFO     Batch: [14/120] Epoch: [8] Loss: [1.7852594375610351]
2019-04-05 20:30:52 INFO     Batch: [15/120] Epoch: [8] Loss: [1.7860690504312515]
2019-04-05 20:30:53 INFO     Batch: [16/120] Epoch: [8] Loss: [1.7851574350805843]
2019-04-05 20:30:53 INFO     Batch: [17/120] Epoch: [8] Loss: [1.7868927253617182]
2019-04-05 20:30:53 INFO     Batch: [18/120] Epoch: [8] Loss: [1.785630972761857]
2019-04-05 20:30:53 INFO     Batch: [19/120] Epoch: [8] Loss: [1.7862888991832733]
2019-04-05 20:30:53 INFO     Batch: [20/120] Epoch: [8] Loss: [1.789915226754688]
2019-04-05 20:30:53 INFO     Batch: [21/120] Epoch: [8] Loss: [1.7867527116428723]
2019-04-05 20:30:53 INFO     Batch: [22/120] Epoch: [8] Loss: [1.786062240600586]
2019-04-05 20:30:53 INFO     Batch: [23/120] Epoch: [8] Loss: [1.7846961865822475]
2019-04-05 20:30:53 INFO     Batch: [24/120] Epoch: [8] Loss: [1.7822394180297851]
2019-04-05 20:30:53 INFO     Batch: [25/120] Epoch: [8] Loss: [1.7826767288721526]
2019-04-05 20:30:53 INFO     Batch: [26/120] Epoch: [8] Loss: [1.784273244716503]
2019-04-05 20:30:53 INFO     Batch: [27/120] Epoch: [8] Loss: [1.781551914555686]
2019-04-05 20:30:53 INFO     Batch: [28/120] Epoch: [8] Loss: [1.7820807243215626]
2019-04-05 20:30:53 INFO     Batch: [29/120] Epoch: [8] Loss: [1.780086918671926]
2019-04-05 20:30:54 INFO     Batch: [30/120] Epoch: [8] Loss: [1.7799136946278233]
2019-04-05 20:30:54 INFO     Batch: [31/120] Epoch: [8] Loss: [1.7802398763597012]
2019-04-05 20:30:54 INFO     Batch: [32/120] Epoch: [8] Loss: [1.7800452420205781]
2019-04-05 20:30:54 INFO     Batch: [33/120] Epoch: [8] Loss: [1.7794966767815983]
2019-04-05 20:30:54 INFO     Batch: [34/120] Epoch: [8] Loss: [1.7796568734305245]
2019-04-05 20:30:54 INFO     Batch: [35/120] Epoch: [8] Loss: [1.7799701856242285]
2019-04-05 20:30:54 INFO     Batch: [36/120] Epoch: [8] Loss: [1.77971326016091]
2019-04-05 20:30:54 INFO     Batch: [37/120] Epoch: [8] Loss: [1.7786855854486163]
2019-04-05 20:30:54 INFO     Batch: [38/120] Epoch: [8] Loss: [1.779638403501266]
2019-04-05 20:30:54 INFO     Batch: [39/120] Epoch: [8] Loss: [1.7788237899541854]
2019-04-05 20:30:54 INFO     Batch: [40/120] Epoch: [8] Loss: [1.7787422116209821]
2019-04-05 20:30:54 INFO     Batch: [41/120] Epoch: [8] Loss: [1.7772700417609442]
2019-04-05 20:30:54 INFO     Batch: [42/120] Epoch: [8] Loss: [1.7770199526187986]
2019-04-05 20:30:55 INFO     Batch: [43/120] Epoch: [8] Loss: [1.7765090573917737]
2019-04-05 20:30:55 INFO     Batch: [44/120] Epoch: [8] Loss: [1.7782511817084419]
2019-04-05 20:30:55 INFO     Batch: [45/120] Epoch: [8] Loss: [1.7787476933520774]
2019-04-05 20:30:55 INFO     Batch: [46/120] Epoch: [8] Loss: [1.7789964802721714]
2019-04-05 20:30:55 INFO     Batch: [47/120] Epoch: [8] Loss: [1.7790660460789998]
2019-04-05 20:30:55 INFO     Batch: [48/120] Epoch: [8] Loss: [1.7793408534964736]
2019-04-05 20:30:55 INFO     Batch: [49/120] Epoch: [8] Loss: [1.778919804096222]
2019-04-05 20:30:55 INFO     Batch: [50/120] Epoch: [8] Loss: [1.7786530116025139]
2019-04-05 20:30:55 INFO     Batch: [51/120] Epoch: [8] Loss: [1.7790781603409693]
2019-04-05 20:30:55 INFO     Batch: [52/120] Epoch: [8] Loss: [1.7793422689977683]
2019-04-05 20:30:55 INFO     Batch: [53/120] Epoch: [8] Loss: [1.7787308737083718]
2019-04-05 20:30:55 INFO     Batch: [54/120] Epoch: [8] Loss: [1.7780329075726595]
2019-04-05 20:30:55 INFO     Batch: [55/120] Epoch: [8] Loss: [1.7775303487266814]
2019-04-05 20:30:56 INFO     Batch: [56/120] Epoch: [8] Loss: [1.7769671741284823]
2019-04-05 20:30:56 INFO     Batch: [57/120] Epoch: [8] Loss: [1.7772335040158238]
2019-04-05 20:30:56 INFO     Batch: [58/120] Epoch: [8] Loss: [1.7786275047366902]
2019-04-05 20:30:56 INFO     Batch: [59/120] Epoch: [8] Loss: [1.7789700865745544]
2019-04-05 20:30:56 INFO     Batch: [60/120] Epoch: [8] Loss: [1.7785763232434382]
2019-04-05 20:30:56 INFO     Batch: [61/120] Epoch: [8] Loss: [1.7789379512110064]
2019-04-05 20:30:56 INFO     Batch: [62/120] Epoch: [8] Loss: [1.778340042583526]
2019-04-05 20:30:56 INFO     Batch: [63/120] Epoch: [8] Loss: [1.7784276064485312]
2019-04-05 20:30:56 INFO     Batch: [64/120] Epoch: [8] Loss: [1.7786461518361019]
2019-04-05 20:30:56 INFO     Batch: [65/120] Epoch: [8] Loss: [1.7791067939816099]
2019-04-05 20:30:56 INFO     Batch: [66/120] Epoch: [8] Loss: [1.778638969606428]
