2019-04-05 20:27:31 INFO     Loading Data
2019-04-05 20:27:32 INFO     Model Setting Up
2019-04-05 20:27:39 INFO     Start Training
2019-04-05 20:27:39 INFO     train_dir: ../mnist/train
2019-04-05 20:27:39 INFO     test_dir: ../mnist/test
2019-04-05 20:27:39 INFO     save_dir: ./save
2019-04-05 20:27:39 INFO     num_epochs: 2000
2019-04-05 20:27:39 INFO     batch_size: 500
2019-04-05 20:27:39 INFO     num_points: 512
2019-04-05 20:27:39 INFO     sigma: 0.05
2019-04-05 20:27:39 INFO     log_interval: 1000
2019-04-05 20:27:39 INFO     save_interval: 50
2019-04-05 20:27:39 INFO     baselr: 5e-05
2019-04-05 20:27:39 INFO     density_radius: 0.3
2019-04-05 20:27:39 INFO     feature_out1: 8
2019-04-05 20:27:39 INFO     feature_out2: 16
2019-04-05 20:27:39 INFO     feature_out3: 32
2019-04-05 20:27:39 INFO     feature_out4: 64
2019-04-05 20:27:39 INFO     num_classes: 10
2019-04-05 20:27:39 INFO     bandwidth_0: 8
2019-04-05 20:27:39 INFO     bandwidth_out1: 8
2019-04-05 20:27:39 INFO     bandwidth_out2: 6
2019-04-05 20:27:39 INFO     bandwidth_out3: 4
2019-04-05 20:27:39 INFO     bandwidth_out4: 2
2019-04-05 20:27:46 INFO     Batch: [0/120] Epoch: [0] Loss: [2.3104636669158936]
2019-04-05 20:27:47 INFO     Accuracy: [0.13836363636363638]

2019-04-05 20:27:47 INFO     Batch: [1/120] Epoch: [0] Loss: [2.3082704544067383]
2019-04-05 20:27:47 INFO     Batch: [2/120] Epoch: [0] Loss: [2.3111016750335693]
2019-04-05 20:27:47 INFO     Batch: [3/120] Epoch: [0] Loss: [2.312333106994629]
2019-04-05 20:27:47 INFO     Batch: [4/120] Epoch: [0] Loss: [2.3123454093933105]
2019-04-05 20:27:47 INFO     Batch: [5/120] Epoch: [0] Loss: [2.3115265369415283]
2019-04-05 20:27:47 INFO     Batch: [6/120] Epoch: [0] Loss: [2.3094966070992604]
2019-04-05 20:27:47 INFO     Batch: [7/120] Epoch: [0] Loss: [2.3084554970264435]
2019-04-05 20:27:48 INFO     Batch: [8/120] Epoch: [0] Loss: [2.308681196636624]
2019-04-05 20:27:48 INFO     Batch: [9/120] Epoch: [0] Loss: [2.3085302829742433]
2019-04-05 20:27:48 INFO     Batch: [10/120] Epoch: [0] Loss: [2.3087263757532295]
2019-04-05 20:27:48 INFO     Batch: [11/120] Epoch: [0] Loss: [2.3084804018338523]
2019-04-05 20:27:48 INFO     Batch: [12/120] Epoch: [0] Loss: [2.3085214358109694]
2019-04-05 20:27:48 INFO     Batch: [13/120] Epoch: [0] Loss: [2.3075204576764787]
2019-04-05 20:27:48 INFO     Batch: [14/120] Epoch: [0] Loss: [2.3071306228637694]
2019-04-05 20:27:48 INFO     Batch: [15/120] Epoch: [0] Loss: [2.3068610578775406]
2019-04-05 20:27:48 INFO     Batch: [16/120] Epoch: [0] Loss: [2.3068380916819855]
2019-04-05 20:27:48 INFO     Batch: [17/120] Epoch: [0] Loss: [2.3061792718039618]
2019-04-05 20:27:48 INFO     Batch: [18/120] Epoch: [0] Loss: [2.3056079964888725]
2019-04-05 20:27:48 INFO     Batch: [19/120] Epoch: [0] Loss: [2.305133056640625]
2019-04-05 20:27:48 INFO     Batch: [20/120] Epoch: [0] Loss: [2.305250292732602]
2019-04-05 20:27:49 INFO     Batch: [21/120] Epoch: [0] Loss: [2.305469176986001]
2019-04-05 20:27:49 INFO     Batch: [22/120] Epoch: [0] Loss: [2.3049473762512207]
2019-04-05 20:27:49 INFO     Batch: [23/120] Epoch: [0] Loss: [2.305064171552658]
2019-04-05 20:27:49 INFO     Batch: [24/120] Epoch: [0] Loss: [2.3052070999145506]
2019-04-05 20:27:49 INFO     Batch: [25/120] Epoch: [0] Loss: [2.305269507261423]
2019-04-05 20:27:49 INFO     Batch: [26/120] Epoch: [0] Loss: [2.3053637169025563]
2019-04-05 20:27:49 INFO     Batch: [27/120] Epoch: [0] Loss: [2.3054386292185103]
2019-04-05 20:27:49 INFO     Batch: [28/120] Epoch: [0] Loss: [2.3050973744227967]
2019-04-05 20:27:49 INFO     Batch: [29/120] Epoch: [0] Loss: [2.3050875504811605]
2019-04-05 20:27:49 INFO     Batch: [30/120] Epoch: [0] Loss: [2.3047099728738107]
2019-04-05 20:27:49 INFO     Batch: [31/120] Epoch: [0] Loss: [2.304610215127468]
2019-04-05 20:27:49 INFO     Batch: [32/120] Epoch: [0] Loss: [2.304520672017878]
2019-04-05 20:27:49 INFO     Batch: [33/120] Epoch: [0] Loss: [2.3043780467089485]
2019-04-05 20:27:49 INFO     Batch: [34/120] Epoch: [0] Loss: [2.3039578574044364]
2019-04-05 20:27:50 INFO     Batch: [35/120] Epoch: [0] Loss: [2.3035408390892878]
2019-04-05 20:27:50 INFO     Batch: [36/120] Epoch: [0] Loss: [2.3036116200524406]
2019-04-05 20:27:50 INFO     Batch: [37/120] Epoch: [0] Loss: [2.3035789038005627]
2019-04-05 20:27:50 INFO     Batch: [38/120] Epoch: [0] Loss: [2.3033679998837986]
2019-04-05 20:27:50 INFO     Batch: [39/120] Epoch: [0] Loss: [2.3031771779060364]
2019-04-05 20:27:50 INFO     Batch: [40/120] Epoch: [0] Loss: [2.302972095768626]
2019-04-05 20:27:50 INFO     Batch: [41/120] Epoch: [0] Loss: [2.3026885986328125]
2019-04-05 20:27:50 INFO     Batch: [42/120] Epoch: [0] Loss: [2.3024856822435247]
2019-04-05 20:27:50 INFO     Batch: [43/120] Epoch: [0] Loss: [2.30254112590443]
2019-04-05 20:27:50 INFO     Batch: [44/120] Epoch: [0] Loss: [2.302542877197266]
2019-04-05 20:27:50 INFO     Batch: [45/120] Epoch: [0] Loss: [2.3024945155433985]
2019-04-05 20:27:50 INFO     Batch: [46/120] Epoch: [0] Loss: [2.3022358975511916]
2019-04-05 20:27:50 INFO     Batch: [47/120] Epoch: [0] Loss: [2.3019526104132333]
2019-04-05 20:27:51 INFO     Batch: [48/120] Epoch: [0] Loss: [2.3017363645592512]
2019-04-05 20:27:51 INFO     Batch: [49/120] Epoch: [0] Loss: [2.301582407951355]
2019-04-05 20:27:51 INFO     Batch: [50/120] Epoch: [0] Loss: [2.3014664790209602]
2019-04-05 20:27:51 INFO     Batch: [51/120] Epoch: [0] Loss: [2.301384288531083]
2019-04-05 20:27:51 INFO     Batch: [52/120] Epoch: [0] Loss: [2.300940716041709]
2019-04-05 20:27:51 INFO     Batch: [53/120] Epoch: [0] Loss: [2.3007712805712663]
2019-04-05 20:27:51 INFO     Batch: [54/120] Epoch: [0] Loss: [2.3005080396478825]
2019-04-05 20:27:51 INFO     Batch: [55/120] Epoch: [0] Loss: [2.300148448773793]
2019-04-05 20:27:51 INFO     Batch: [56/120] Epoch: [0] Loss: [2.3000339583346716]
2019-04-05 20:27:51 INFO     Batch: [57/120] Epoch: [0] Loss: [2.299699902534485]
2019-04-05 20:27:51 INFO     Batch: [58/120] Epoch: [0] Loss: [2.29953347626379]
2019-04-05 20:27:51 INFO     Batch: [59/120] Epoch: [0] Loss: [2.299299693107605]
2019-04-05 20:27:51 INFO     Batch: [60/120] Epoch: [0] Loss: [2.2989250401981542]
2019-04-05 20:27:52 INFO     Batch: [61/120] Epoch: [0] Loss: [2.298720636675435]
2019-04-05 20:27:52 INFO     Batch: [62/120] Epoch: [0] Loss: [2.29868455538674]
2019-04-05 20:27:52 INFO     Batch: [63/120] Epoch: [0] Loss: [2.29861469194293]
2019-04-05 20:27:52 INFO     Batch: [64/120] Epoch: [0] Loss: [2.2982639129345235]
2019-04-05 20:27:52 INFO     Batch: [65/120] Epoch: [0] Loss: [2.2980789668632275]
2019-04-05 20:27:52 INFO     Batch: [66/120] Epoch: [0] Loss: [2.2978925598201467]
2019-04-05 20:27:52 INFO     Batch: [67/120] Epoch: [0] Loss: [2.2975308158818413]
2019-04-05 20:27:52 INFO     Batch: [68/120] Epoch: [0] Loss: [2.2971267700195312]
2019-04-05 20:27:52 INFO     Batch: [69/120] Epoch: [0] Loss: [2.296945309638977]
2019-04-05 20:27:52 INFO     Batch: [70/120] Epoch: [0] Loss: [2.296843172798694]
2019-04-05 20:27:52 INFO     Batch: [71/120] Epoch: [0] Loss: [2.296785036722819]
2019-04-05 20:27:52 INFO     Batch: [72/120] Epoch: [0] Loss: [2.2965758957274973]
2019-04-05 20:27:52 INFO     Batch: [73/120] Epoch: [0] Loss: [2.2964532987491504]
2019-04-05 20:27:53 INFO     Batch: [74/120] Epoch: [0] Loss: [2.296174211502075]
2019-04-05 20:27:53 INFO     Batch: [75/120] Epoch: [0] Loss: [2.2959798856785425]
2019-04-05 20:27:53 INFO     Batch: [76/120] Epoch: [0] Loss: [2.295754014671623]
2019-04-05 20:27:53 INFO     Batch: [77/120] Epoch: [0] Loss: [2.295528390468695]
2019-04-05 20:27:53 INFO     Batch: [78/120] Epoch: [0] Loss: [2.295585279223285]
2019-04-05 20:27:53 INFO     Batch: [79/120] Epoch: [0] Loss: [2.29524946808815]
2019-04-05 20:27:53 INFO     Batch: [80/120] Epoch: [0] Loss: [2.294906990027722]
2019-04-05 20:27:53 INFO     Batch: [81/120] Epoch: [0] Loss: [2.2946850119567497]
2019-04-05 20:27:53 INFO     Batch: [82/120] Epoch: [0] Loss: [2.294436107198876]
2019-04-05 20:27:53 INFO     Batch: [83/120] Epoch: [0] Loss: [2.294245475814456]
2019-04-05 20:27:53 INFO     Batch: [84/120] Epoch: [0] Loss: [2.293924393373377]
2019-04-05 20:27:53 INFO     Batch: [85/120] Epoch: [0] Loss: [2.2937975179317385]
2019-04-05 20:27:53 INFO     Batch: [86/120] Epoch: [0] Loss: [2.293618640680423]
2019-04-05 20:27:54 INFO     Batch: [87/120] Epoch: [0] Loss: [2.2934009432792664]
2019-04-05 20:27:54 INFO     Batch: [88/120] Epoch: [0] Loss: [2.293210233195444]
2019-04-05 20:27:54 INFO     Batch: [89/120] Epoch: [0] Loss: [2.2931345383326214]
2019-04-05 20:27:54 INFO     Batch: [90/120] Epoch: [0] Loss: [2.2929807757283305]
2019-04-05 20:27:54 INFO     Batch: [91/120] Epoch: [0] Loss: [2.292830874090609]
2019-04-05 20:27:54 INFO     Batch: [92/120] Epoch: [0] Loss: [2.292706128089659]
2019-04-05 20:27:54 INFO     Batch: [93/120] Epoch: [0] Loss: [2.292392053502671]
2019-04-05 20:27:54 INFO     Batch: [94/120] Epoch: [0] Loss: [2.29217848777771]
2019-04-05 20:27:54 INFO     Batch: [95/120] Epoch: [0] Loss: [2.2920686627427735]
2019-04-05 20:27:54 INFO     Batch: [96/120] Epoch: [0] Loss: [2.2917514117722657]
2019-04-05 20:27:54 INFO     Batch: [97/120] Epoch: [0] Loss: [2.291564846525387]
2019-04-05 20:27:54 INFO     Batch: [98/120] Epoch: [0] Loss: [2.2914374910219752]
2019-04-05 20:27:54 INFO     Batch: [99/120] Epoch: [0] Loss: [2.2912955832481385]
2019-04-05 20:27:55 INFO     Batch: [100/120] Epoch: [0] Loss: [2.2910819997881897]
2019-04-05 20:27:55 INFO     Batch: [101/120] Epoch: [0] Loss: [2.2907932435764984]
2019-04-05 20:27:55 INFO     Batch: [102/120] Epoch: [0] Loss: [2.290419738269547]
2019-04-05 20:27:55 INFO     Batch: [103/120] Epoch: [0] Loss: [2.2901717768265653]
2019-04-05 20:27:55 INFO     Batch: [104/120] Epoch: [0] Loss: [2.2900396278926305]
2019-04-05 20:27:55 INFO     Batch: [105/120] Epoch: [0] Loss: [2.2899143066046372]
2019-04-05 20:27:55 INFO     Batch: [106/120] Epoch: [0] Loss: [2.289626449068016]
2019-04-05 20:27:55 INFO     Batch: [107/120] Epoch: [0] Loss: [2.2894121452614113]
2019-04-05 20:27:55 INFO     Batch: [108/120] Epoch: [0] Loss: [2.289256918320962]
2019-04-05 20:27:55 INFO     Batch: [109/120] Epoch: [0] Loss: [2.289129053462635]
2019-04-05 20:27:55 INFO     Batch: [110/120] Epoch: [0] Loss: [2.2889258303083815]
2019-04-05 20:27:55 INFO     Batch: [111/120] Epoch: [0] Loss: [2.288661241531372]
2019-04-05 20:27:55 INFO     Batch: [112/120] Epoch: [0] Loss: [2.2885093098193146]
2019-04-05 20:27:55 INFO     Batch: [113/120] Epoch: [0] Loss: [2.2883318704471254]
2019-04-05 20:27:56 INFO     Batch: [114/120] Epoch: [0] Loss: [2.288067566830179]
2019-04-05 20:27:56 INFO     Batch: [115/120] Epoch: [0] Loss: [2.2878631168398362]
2019-04-05 20:27:56 INFO     Batch: [116/120] Epoch: [0] Loss: [2.2875176882132506]
2019-04-05 20:27:56 INFO     Batch: [117/120] Epoch: [0] Loss: [2.287332581261457]
2019-04-05 20:27:56 INFO     Batch: [118/120] Epoch: [0] Loss: [2.287056958975912]
2019-04-05 20:27:56 INFO     Batch: [119/120] Epoch: [0] Loss: [2.2869176030158997]
2019-04-05 20:27:57 INFO     Epoch: [0/2000] Loss: [2.2869176030158997] Accuracy: [0.22072727272727272]
2019-04-05 20:27:57 INFO     Batch: [0/120] Epoch: [1] Loss: [2.271381139755249]
2019-04-05 20:27:58 INFO     Accuracy: [0.21945454545454543]

2019-04-05 20:27:58 INFO     Batch: [1/120] Epoch: [1] Loss: [2.2691034078598022]
2019-04-05 20:27:58 INFO     Batch: [2/120] Epoch: [1] Loss: [2.2627034982045493]
2019-04-05 20:27:58 INFO     Batch: [3/120] Epoch: [1] Loss: [2.2573132514953613]
2019-04-05 20:27:58 INFO     Batch: [4/120] Epoch: [1] Loss: [2.258231210708618]
2019-04-05 20:27:58 INFO     Batch: [5/120] Epoch: [1] Loss: [2.2571006615956626]
2019-04-05 20:27:58 INFO     Batch: [6/120] Epoch: [1] Loss: [2.258824586868286]
2019-04-05 20:27:58 INFO     Batch: [7/120] Epoch: [1] Loss: [2.259962350130081]
2019-04-05 20:27:58 INFO     Batch: [8/120] Epoch: [1] Loss: [2.2598585022820368]
2019-04-05 20:27:59 INFO     Batch: [9/120] Epoch: [1] Loss: [2.2595836877822877]
2019-04-05 20:27:59 INFO     Batch: [10/120] Epoch: [1] Loss: [2.258738409389149]
2019-04-05 20:27:59 INFO     Batch: [11/120] Epoch: [1] Loss: [2.258547564347585]
2019-04-05 20:27:59 INFO     Batch: [12/120] Epoch: [1] Loss: [2.2580278653364916]
2019-04-05 20:27:59 INFO     Batch: [13/120] Epoch: [1] Loss: [2.257381388119289]
2019-04-05 20:27:59 INFO     Batch: [14/120] Epoch: [1] Loss: [2.25700200398763]
2019-04-05 20:27:59 INFO     Batch: [15/120] Epoch: [1] Loss: [2.2568363696336746]
2019-04-05 20:27:59 INFO     Batch: [16/120] Epoch: [1] Loss: [2.2560257350697235]
2019-04-05 20:27:59 INFO     Batch: [17/120] Epoch: [1] Loss: [2.255964544084337]
2019-04-05 20:27:59 INFO     Batch: [18/120] Epoch: [1] Loss: [2.2555741385409704]
2019-04-05 20:27:59 INFO     Batch: [19/120] Epoch: [1] Loss: [2.255390298366547]
2019-04-05 20:27:59 INFO     Batch: [20/120] Epoch: [1] Loss: [2.254928236915952]
2019-04-05 20:27:59 INFO     Batch: [21/120] Epoch: [1] Loss: [2.254576899788596]
2019-04-05 20:28:00 INFO     Batch: [22/120] Epoch: [1] Loss: [2.254145052122033]
2019-04-05 20:28:00 INFO     Batch: [23/120] Epoch: [1] Loss: [2.2537156641483307]
2019-04-05 20:28:00 INFO     Batch: [24/120] Epoch: [1] Loss: [2.2535377979278564]
2019-04-05 20:28:00 INFO     Batch: [25/120] Epoch: [1] Loss: [2.2534232414685764]
2019-04-05 20:28:00 INFO     Batch: [26/120] Epoch: [1] Loss: [2.252951498384829]
2019-04-05 20:28:00 INFO     Batch: [27/120] Epoch: [1] Loss: [2.2526855213301524]
2019-04-05 20:28:00 INFO     Batch: [28/120] Epoch: [1] Loss: [2.2528581043769575]
2019-04-05 20:28:00 INFO     Batch: [29/120] Epoch: [1] Loss: [2.252355440457662]
2019-04-05 20:28:00 INFO     Batch: [30/120] Epoch: [1] Loss: [2.2518035211870746]
2019-04-05 20:28:00 INFO     Batch: [31/120] Epoch: [1] Loss: [2.2513364031910896]
2019-04-05 20:28:00 INFO     Batch: [32/120] Epoch: [1] Loss: [2.251437938574589]
2019-04-05 20:28:00 INFO     Batch: [33/120] Epoch: [1] Loss: [2.251194722512189]
2019-04-05 20:28:00 INFO     Batch: [34/120] Epoch: [1] Loss: [2.2508041722433907]
2019-04-05 20:28:01 INFO     Batch: [35/120] Epoch: [1] Loss: [2.2504160934024386]
2019-04-05 20:28:01 INFO     Batch: [36/120] Epoch: [1] Loss: [2.25000693347003]
2019-04-05 20:28:01 INFO     Batch: [37/120] Epoch: [1] Loss: [2.2496224579058195]
2019-04-05 20:28:01 INFO     Batch: [38/120] Epoch: [1] Loss: [2.249661616789989]
2019-04-05 20:28:01 INFO     Batch: [39/120] Epoch: [1] Loss: [2.2492475688457487]
2019-04-05 20:28:01 INFO     Batch: [40/120] Epoch: [1] Loss: [2.2486350187441198]
2019-04-05 20:28:01 INFO     Batch: [41/120] Epoch: [1] Loss: [2.248208687418983]
2019-04-05 20:28:01 INFO     Batch: [42/120] Epoch: [1] Loss: [2.24788610879765]
2019-04-05 20:28:01 INFO     Batch: [43/120] Epoch: [1] Loss: [2.2476139718836006]
2019-04-05 20:28:01 INFO     Batch: [44/120] Epoch: [1] Loss: [2.247250689400567]
2019-04-05 20:28:01 INFO     Batch: [45/120] Epoch: [1] Loss: [2.2466368260590928]
2019-04-05 20:28:01 INFO     Batch: [46/120] Epoch: [1] Loss: [2.2465977719489563]
2019-04-05 20:28:01 INFO     Batch: [47/120] Epoch: [1] Loss: [2.2464911739031472]
2019-04-05 20:28:02 INFO     Batch: [48/120] Epoch: [1] Loss: [2.2458871675997365]
2019-04-05 20:28:02 INFO     Batch: [49/120] Epoch: [1] Loss: [2.245638847351074]
2019-04-05 20:28:02 INFO     Batch: [50/120] Epoch: [1] Loss: [2.2453820097680186]
2019-04-05 20:28:02 INFO     Batch: [51/120] Epoch: [1] Loss: [2.2448976819331827]
2019-04-05 20:28:02 INFO     Batch: [52/120] Epoch: [1] Loss: [2.2445467732987314]
2019-04-05 20:28:02 INFO     Batch: [53/120] Epoch: [1] Loss: [2.244258478835777]
2019-04-05 20:28:02 INFO     Batch: [54/120] Epoch: [1] Loss: [2.244031776081432]
2019-04-05 20:28:02 INFO     Batch: [55/120] Epoch: [1] Loss: [2.243598516498293]
2019-04-05 20:28:02 INFO     Batch: [56/120] Epoch: [1] Loss: [2.2431940990581847]
2019-04-05 20:28:02 INFO     Batch: [57/120] Epoch: [1] Loss: [2.2426099571688423]
2019-04-05 20:28:02 INFO     Batch: [58/120] Epoch: [1] Loss: [2.2422772060006353]
2019-04-05 20:28:02 INFO     Batch: [59/120] Epoch: [1] Loss: [2.2421024560928347]
2019-04-05 20:28:02 INFO     Batch: [60/120] Epoch: [1] Loss: [2.2415250090302012]
2019-04-05 20:28:02 INFO     Batch: [61/120] Epoch: [1] Loss: [2.241440746092027]
2019-04-05 20:28:03 INFO     Batch: [62/120] Epoch: [1] Loss: [2.241215051166595]
2019-04-05 20:28:03 INFO     Batch: [63/120] Epoch: [1] Loss: [2.2409372739493847]
2019-04-05 20:28:03 INFO     Batch: [64/120] Epoch: [1] Loss: [2.240476652292105]
2019-04-05 20:28:03 INFO     Batch: [65/120] Epoch: [1] Loss: [2.2401834979201807]
2019-04-05 20:28:03 INFO     Batch: [66/120] Epoch: [1] Loss: [2.2396917592233687]
2019-04-05 20:28:03 INFO     Batch: [67/120] Epoch: [1] Loss: [2.239491013919606]
2019-04-05 20:28:03 INFO     Batch: [68/120] Epoch: [1] Loss: [2.23916296682496]
2019-04-05 20:28:03 INFO     Batch: [69/120] Epoch: [1] Loss: [2.2390404735292706]
2019-04-05 20:28:03 INFO     Batch: [70/120] Epoch: [1] Loss: [2.2387001380114486]
2019-04-05 20:28:03 INFO     Batch: [71/120] Epoch: [1] Loss: [2.2383564280139074]
2019-04-05 20:28:03 INFO     Batch: [72/120] Epoch: [1] Loss: [2.2378904035646623]
2019-04-05 20:28:03 INFO     Batch: [73/120] Epoch: [1] Loss: [2.237691222010432]
2019-04-05 20:28:03 INFO     Batch: [74/120] Epoch: [1] Loss: [2.2372046597798665]
2019-04-05 20:28:04 INFO     Batch: [75/120] Epoch: [1] Loss: [2.2371433847828914]
2019-04-05 20:28:04 INFO     Batch: [76/120] Epoch: [1] Loss: [2.2367092912847344]
2019-04-05 20:28:04 INFO     Batch: [77/120] Epoch: [1] Loss: [2.236443968919607]
2019-04-05 20:28:04 INFO     Batch: [78/120] Epoch: [1] Loss: [2.236280767223503]
2019-04-05 20:28:04 INFO     Batch: [79/120] Epoch: [1] Loss: [2.235958769917488]
2019-04-05 20:28:04 INFO     Batch: [80/120] Epoch: [1] Loss: [2.2355832906416904]
2019-04-05 20:28:04 INFO     Batch: [81/120] Epoch: [1] Loss: [2.2351453595045134]
2019-04-05 20:28:04 INFO     Batch: [82/120] Epoch: [1] Loss: [2.234546842345272]
2019-04-05 20:28:04 INFO     Batch: [83/120] Epoch: [1] Loss: [2.234240954830533]
2019-04-05 20:28:04 INFO     Batch: [84/120] Epoch: [1] Loss: [2.2338037659140193]
2019-04-05 20:28:04 INFO     Batch: [85/120] Epoch: [1] Loss: [2.2334355088167412]
2019-04-05 20:28:04 INFO     Batch: [86/120] Epoch: [1] Loss: [2.2332409524369514]
2019-04-05 20:28:04 INFO     Batch: [87/120] Epoch: [1] Loss: [2.2328278612006796]
2019-04-05 20:28:05 INFO     Batch: [88/120] Epoch: [1] Loss: [2.232687200053354]
2019-04-05 20:28:05 INFO     Batch: [89/120] Epoch: [1] Loss: [2.2322839472028946]
2019-04-05 20:28:05 INFO     Batch: [90/120] Epoch: [1] Loss: [2.2321080689901835]
2019-04-05 20:28:05 INFO     Batch: [91/120] Epoch: [1] Loss: [2.2318135785019915]
2019-04-05 20:28:05 INFO     Batch: [92/120] Epoch: [1] Loss: [2.231619886172715]
2019-04-05 20:28:05 INFO     Batch: [93/120] Epoch: [1] Loss: [2.2311877088343843]
2019-04-05 20:28:05 INFO     Batch: [94/120] Epoch: [1] Loss: [2.2308599070498816]
2019-04-05 20:28:05 INFO     Batch: [95/120] Epoch: [1] Loss: [2.230591759085655]
2019-04-05 20:28:05 INFO     Batch: [96/120] Epoch: [1] Loss: [2.2302858337913594]
2019-04-05 20:28:05 INFO     Batch: [97/120] Epoch: [1] Loss: [2.229917129691766]
2019-04-05 20:28:05 INFO     Batch: [98/120] Epoch: [1] Loss: [2.2297630623133498]
2019-04-05 20:28:05 INFO     Batch: [99/120] Epoch: [1] Loss: [2.2293578720092775]
2019-04-05 20:28:05 INFO     Batch: [100/120] Epoch: [1] Loss: [2.2291151603849806]
2019-04-05 20:28:06 INFO     Batch: [101/120] Epoch: [1] Loss: [2.228718734255024]
2019-04-05 20:28:06 INFO     Batch: [102/120] Epoch: [1] Loss: [2.228386168341035]
2019-04-05 20:28:06 INFO     Batch: [103/120] Epoch: [1] Loss: [2.2280261356097]
2019-04-05 20:28:06 INFO     Batch: [104/120] Epoch: [1] Loss: [2.227457700456892]
2019-04-05 20:28:06 INFO     Batch: [105/120] Epoch: [1] Loss: [2.2270012554132714]
2019-04-05 20:28:06 INFO     Batch: [106/120] Epoch: [1] Loss: [2.2266681461690743]
2019-04-05 20:28:06 INFO     Batch: [107/120] Epoch: [1] Loss: [2.226375056637658]
2019-04-05 20:28:06 INFO     Batch: [108/120] Epoch: [1] Loss: [2.22609806060791]
2019-04-05 20:28:06 INFO     Batch: [109/120] Epoch: [1] Loss: [2.2257187496532094]
2019-04-05 20:28:06 INFO     Batch: [110/120] Epoch: [1] Loss: [2.2252272442654446]
2019-04-05 20:28:06 INFO     Batch: [111/120] Epoch: [1] Loss: [2.2249350185905183]
2019-04-05 20:28:06 INFO     Batch: [112/120] Epoch: [1] Loss: [2.224521577885721]
2019-04-05 20:28:06 INFO     Batch: [113/120] Epoch: [1] Loss: [2.224174135609677]
2019-04-05 20:28:07 INFO     Batch: [114/120] Epoch: [1] Loss: [2.2239708755327308]
2019-04-05 20:28:07 INFO     Batch: [115/120] Epoch: [1] Loss: [2.223621460898169]
2019-04-05 20:28:07 INFO     Batch: [116/120] Epoch: [1] Loss: [2.223240308272533]
2019-04-05 20:28:07 INFO     Batch: [117/120] Epoch: [1] Loss: [2.2228368803606195]
2019-04-05 20:28:07 INFO     Batch: [118/120] Epoch: [1] Loss: [2.2225819996425082]
2019-04-05 20:28:07 INFO     Batch: [119/120] Epoch: [1] Loss: [2.2223170399665833]
2019-04-05 20:28:08 INFO     Epoch: [1/2000] Loss: [2.2223170399665833] Accuracy: [0.26981818181818185]
2019-04-05 20:28:08 INFO     Batch: [0/120] Epoch: [2] Loss: [2.1869444847106934]
2019-04-05 20:28:09 INFO     Accuracy: [0.2709090909090909]

2019-04-05 20:28:09 INFO     Batch: [1/120] Epoch: [2] Loss: [2.1793713569641113]
2019-04-05 20:28:09 INFO     Batch: [2/120] Epoch: [2] Loss: [2.1841768423716226]
2019-04-05 20:28:09 INFO     Batch: [3/120] Epoch: [2] Loss: [2.177586615085602]
2019-04-05 20:28:09 INFO     Batch: [4/120] Epoch: [2] Loss: [2.1753986358642576]
2019-04-05 20:28:09 INFO     Batch: [5/120] Epoch: [2] Loss: [2.178157647450765]
2019-04-05 20:28:09 INFO     Batch: [6/120] Epoch: [2] Loss: [2.17971818787711]
2019-04-05 20:28:09 INFO     Batch: [7/120] Epoch: [2] Loss: [2.1780167520046234]
2019-04-05 20:28:09 INFO     Batch: [8/120] Epoch: [2] Loss: [2.178325891494751]
2019-04-05 20:28:09 INFO     Batch: [9/120] Epoch: [2] Loss: [2.1796220779418944]
2019-04-05 20:28:10 INFO     Batch: [10/120] Epoch: [2] Loss: [2.1783931255340576]
2019-04-05 20:28:10 INFO     Batch: [11/120] Epoch: [2] Loss: [2.1788993875185647]
2019-04-05 20:28:10 INFO     Batch: [12/120] Epoch: [2] Loss: [2.1787029779874363]
2019-04-05 20:28:10 INFO     Batch: [13/120] Epoch: [2] Loss: [2.1777351583753313]
2019-04-05 20:28:10 INFO     Batch: [14/120] Epoch: [2] Loss: [2.176845105489095]
2019-04-05 20:28:10 INFO     Batch: [15/120] Epoch: [2] Loss: [2.1762371212244034]
2019-04-05 20:28:10 INFO     Batch: [16/120] Epoch: [2] Loss: [2.1746896014494053]
2019-04-05 20:28:10 INFO     Batch: [17/120] Epoch: [2] Loss: [2.1744592454698353]
2019-04-05 20:28:10 INFO     Batch: [18/120] Epoch: [2] Loss: [2.1755513015546297]
2019-04-05 20:28:10 INFO     Batch: [19/120] Epoch: [2] Loss: [2.175506901741028]
2019-04-05 20:28:10 INFO     Batch: [20/120] Epoch: [2] Loss: [2.1751054241543724]
2019-04-05 20:28:10 INFO     Batch: [21/120] Epoch: [2] Loss: [2.1740951646458018]
2019-04-05 20:28:10 INFO     Batch: [22/120] Epoch: [2] Loss: [2.173749166986217]
2019-04-05 20:28:11 INFO     Batch: [23/120] Epoch: [2] Loss: [2.1737075646718345]
2019-04-05 20:28:11 INFO     Batch: [24/120] Epoch: [2] Loss: [2.1732220363616945]
2019-04-05 20:28:11 INFO     Batch: [25/120] Epoch: [2] Loss: [2.1727955524738016]
2019-04-05 20:28:11 INFO     Batch: [26/120] Epoch: [2] Loss: [2.172899096100419]
2019-04-05 20:28:11 INFO     Batch: [27/120] Epoch: [2] Loss: [2.1719483648027693]
2019-04-05 20:28:11 INFO     Batch: [28/120] Epoch: [2] Loss: [2.1720126168481233]
2019-04-05 20:28:11 INFO     Batch: [29/120] Epoch: [2] Loss: [2.1718053023020425]
2019-04-05 20:28:11 INFO     Batch: [30/120] Epoch: [2] Loss: [2.1715801992724018]
2019-04-05 20:28:11 INFO     Batch: [31/120] Epoch: [2] Loss: [2.1715309619903564]
2019-04-05 20:28:11 INFO     Batch: [32/120] Epoch: [2] Loss: [2.17075126098864]
2019-04-05 20:28:11 INFO     Batch: [33/120] Epoch: [2] Loss: [2.1702041625976562]
2019-04-05 20:28:11 INFO     Batch: [34/120] Epoch: [2] Loss: [2.1700409139905656]
2019-04-05 20:28:11 INFO     Batch: [35/120] Epoch: [2] Loss: [2.169738597340054]
2019-04-05 20:28:11 INFO     Batch: [36/120] Epoch: [2] Loss: [2.169403604558996]
2019-04-05 20:28:12 INFO     Batch: [37/120] Epoch: [2] Loss: [2.1693057511982166]
2019-04-05 20:28:12 INFO     Batch: [38/120] Epoch: [2] Loss: [2.1686040988335242]
2019-04-05 20:28:12 INFO     Batch: [39/120] Epoch: [2] Loss: [2.16774645447731]
2019-04-05 20:28:12 INFO     Batch: [40/120] Epoch: [2] Loss: [2.167223529117863]
2019-04-05 20:28:12 INFO     Batch: [41/120] Epoch: [2] Loss: [2.167133791106088]
2019-04-05 20:28:12 INFO     Batch: [42/120] Epoch: [2] Loss: [2.166378697683645]
2019-04-05 20:28:12 INFO     Batch: [43/120] Epoch: [2] Loss: [2.1663942391222175]
2019-04-05 20:28:12 INFO     Batch: [44/120] Epoch: [2] Loss: [2.1665460639529757]
2019-04-05 20:28:12 INFO     Batch: [45/120] Epoch: [2] Loss: [2.1666101994721787]
2019-04-05 20:28:12 INFO     Batch: [46/120] Epoch: [2] Loss: [2.166112351924815]
2019-04-05 20:28:12 INFO     Batch: [47/120] Epoch: [2] Loss: [2.166060671210289]
2019-04-05 20:28:12 INFO     Batch: [48/120] Epoch: [2] Loss: [2.1653681190646425]
2019-04-05 20:28:12 INFO     Batch: [49/120] Epoch: [2] Loss: [2.164542860984802]
2019-04-05 20:28:13 INFO     Batch: [50/120] Epoch: [2] Loss: [2.164725528043859]
2019-04-05 20:28:13 INFO     Batch: [51/120] Epoch: [2] Loss: [2.164506357449752]
2019-04-05 20:28:13 INFO     Batch: [52/120] Epoch: [2] Loss: [2.1639094397706806]
2019-04-05 20:28:13 INFO     Batch: [53/120] Epoch: [2] Loss: [2.1631812431194164]
2019-04-05 20:28:13 INFO     Batch: [54/120] Epoch: [2] Loss: [2.162470583482222]
2019-04-05 20:28:13 INFO     Batch: [55/120] Epoch: [2] Loss: [2.161856936556952]
2019-04-05 20:28:13 INFO     Batch: [56/120] Epoch: [2] Loss: [2.1615267636483178]
2019-04-05 20:28:13 INFO     Batch: [57/120] Epoch: [2] Loss: [2.161026490145716]
2019-04-05 20:28:13 INFO     Batch: [58/120] Epoch: [2] Loss: [2.160330752194938]
2019-04-05 20:28:13 INFO     Batch: [59/120] Epoch: [2] Loss: [2.160085610548655]
2019-04-05 20:28:13 INFO     Batch: [60/120] Epoch: [2] Loss: [2.1597114938204407]
2019-04-05 20:28:13 INFO     Batch: [61/120] Epoch: [2] Loss: [2.1593696532710904]
2019-04-05 20:28:13 INFO     Batch: [62/120] Epoch: [2] Loss: [2.158891170743912]
2019-04-05 20:28:14 INFO     Batch: [63/120] Epoch: [2] Loss: [2.1588204316794872]
2019-04-05 20:28:14 INFO     Batch: [64/120] Epoch: [2] Loss: [2.158523808992826]
2019-04-05 20:28:14 INFO     Batch: [65/120] Epoch: [2] Loss: [2.158151944478353]
2019-04-05 20:28:14 INFO     Batch: [66/120] Epoch: [2] Loss: [2.1576678147956505]
2019-04-05 20:28:14 INFO     Batch: [67/120] Epoch: [2] Loss: [2.1572792284628926]
2019-04-05 20:28:14 INFO     Batch: [68/120] Epoch: [2] Loss: [2.1569831613181294]
2019-04-05 20:28:14 INFO     Batch: [69/120] Epoch: [2] Loss: [2.156250892366682]
2019-04-05 20:28:14 INFO     Batch: [70/120] Epoch: [2] Loss: [2.155984405060889]
2019-04-05 20:28:14 INFO     Batch: [71/120] Epoch: [2] Loss: [2.1557677454418607]
2019-04-05 20:28:14 INFO     Batch: [72/120] Epoch: [2] Loss: [2.1555550686300617]
2019-04-05 20:28:14 INFO     Batch: [73/120] Epoch: [2] Loss: [2.1557616446469283]
2019-04-05 20:28:14 INFO     Batch: [74/120] Epoch: [2] Loss: [2.155286118189494]
2019-04-05 20:28:14 INFO     Batch: [75/120] Epoch: [2] Loss: [2.15467421632064]
2019-04-05 20:28:15 INFO     Batch: [76/120] Epoch: [2] Loss: [2.1540833448434804]
2019-04-05 20:28:15 INFO     Batch: [77/120] Epoch: [2] Loss: [2.1537840427496495]
2019-04-05 20:28:15 INFO     Batch: [78/120] Epoch: [2] Loss: [2.153358003761195]
2019-04-05 20:28:15 INFO     Batch: [79/120] Epoch: [2] Loss: [2.152783307433128]
2019-04-05 20:28:15 INFO     Batch: [80/120] Epoch: [2] Loss: [2.152373101976183]
2019-04-05 20:28:15 INFO     Batch: [81/120] Epoch: [2] Loss: [2.151859364858488]
2019-04-05 20:28:15 INFO     Batch: [82/120] Epoch: [2] Loss: [2.1512983075107437]
2019-04-05 20:28:15 INFO     Batch: [83/120] Epoch: [2] Loss: [2.1506700941494534]
2019-04-05 20:28:15 INFO     Batch: [84/120] Epoch: [2] Loss: [2.1503028112299303]
2019-04-05 20:28:15 INFO     Batch: [85/120] Epoch: [2] Loss: [2.150146010310151]
2019-04-05 20:28:15 INFO     Batch: [86/120] Epoch: [2] Loss: [2.1498802585163337]
2019-04-05 20:28:15 INFO     Batch: [87/120] Epoch: [2] Loss: [2.1495037295601587]
2019-04-05 20:28:15 INFO     Batch: [88/120] Epoch: [2] Loss: [2.149064650696315]
2019-04-05 20:28:16 INFO     Batch: [89/120] Epoch: [2] Loss: [2.148606758647495]
2019-04-05 20:28:16 INFO     Batch: [90/120] Epoch: [2] Loss: [2.1482517221471764]
2019-04-05 20:28:16 INFO     Batch: [91/120] Epoch: [2] Loss: [2.1477927798810215]
2019-04-05 20:28:16 INFO     Batch: [92/120] Epoch: [2] Loss: [2.1474481551877913]
2019-04-05 20:28:16 INFO     Batch: [93/120] Epoch: [2] Loss: [2.147358790357062]
2019-04-05 20:28:16 INFO     Batch: [94/120] Epoch: [2] Loss: [2.146816637641505]
2019-04-05 20:28:16 INFO     Batch: [95/120] Epoch: [2] Loss: [2.146432918806871]
2019-04-05 20:28:16 INFO     Batch: [96/120] Epoch: [2] Loss: [2.146001948523767]
2019-04-05 20:28:16 INFO     Batch: [97/120] Epoch: [2] Loss: [2.1456266811915805]
2019-04-05 20:28:16 INFO     Batch: [98/120] Epoch: [2] Loss: [2.145229847744258]
2019-04-05 20:28:16 INFO     Batch: [99/120] Epoch: [2] Loss: [2.1449778699874877]
2019-04-05 20:28:16 INFO     Batch: [100/120] Epoch: [2] Loss: [2.144816993486763]
2019-04-05 20:28:16 INFO     Batch: [101/120] Epoch: [2] Loss: [2.1443055330538283]
2019-04-05 20:28:17 INFO     Batch: [102/120] Epoch: [2] Loss: [2.1437691600577344]
2019-04-05 20:28:17 INFO     Batch: [103/120] Epoch: [2] Loss: [2.143562830411471]
2019-04-05 20:28:17 INFO     Batch: [104/120] Epoch: [2] Loss: [2.142791446050008]
2019-04-05 20:28:17 INFO     Batch: [105/120] Epoch: [2] Loss: [2.1422961792855895]
2019-04-05 20:28:17 INFO     Batch: [106/120] Epoch: [2] Loss: [2.141931219635723]
2019-04-05 20:28:17 INFO     Batch: [107/120] Epoch: [2] Loss: [2.141411304473877]
2019-04-05 20:28:17 INFO     Batch: [108/120] Epoch: [2] Loss: [2.1407627621921925]
2019-04-05 20:28:17 INFO     Batch: [109/120] Epoch: [2] Loss: [2.14030451557853]
2019-04-05 20:28:17 INFO     Batch: [110/120] Epoch: [2] Loss: [2.1398153348012015]
2019-04-05 20:28:17 INFO     Batch: [111/120] Epoch: [2] Loss: [2.1393916479178836]
2019-04-05 20:28:17 INFO     Batch: [112/120] Epoch: [2] Loss: [2.138957032060201]
2019-04-05 20:28:17 INFO     Batch: [113/120] Epoch: [2] Loss: [2.138207517172161]
2019-04-05 20:28:17 INFO     Batch: [114/120] Epoch: [2] Loss: [2.1379994827768076]
2019-04-05 20:28:17 INFO     Batch: [115/120] Epoch: [2] Loss: [2.1377188974413377]
2019-04-05 20:28:18 INFO     Batch: [116/120] Epoch: [2] Loss: [2.1372166270883675]
2019-04-05 20:28:18 INFO     Batch: [117/120] Epoch: [2] Loss: [2.1369877205056658]
2019-04-05 20:28:18 INFO     Batch: [118/120] Epoch: [2] Loss: [2.1365062849862233]
2019-04-05 20:28:18 INFO     Batch: [119/120] Epoch: [2] Loss: [2.1359268546104433]
2019-04-05 20:28:19 INFO     Epoch: [2/2000] Loss: [2.1359268546104433] Accuracy: [0.306]
2019-04-05 20:28:19 INFO     Batch: [0/120] Epoch: [3] Loss: [2.106034517288208]
2019-04-05 20:28:20 INFO     Accuracy: [0.2987272727272727]

2019-04-05 20:28:20 INFO     Batch: [1/120] Epoch: [3] Loss: [2.1051151752471924]
2019-04-05 20:28:20 INFO     Batch: [2/120] Epoch: [3] Loss: [2.101292848587036]
2019-04-05 20:28:20 INFO     Batch: [3/120] Epoch: [3] Loss: [2.0874854922294617]
2019-04-05 20:28:20 INFO     Batch: [4/120] Epoch: [3] Loss: [2.0873188972473145]
2019-04-05 20:28:20 INFO     Batch: [5/120] Epoch: [3] Loss: [2.0859522024790444]
2019-04-05 20:28:20 INFO     Batch: [6/120] Epoch: [3] Loss: [2.085954563958304]
2019-04-05 20:28:20 INFO     Batch: [7/120] Epoch: [3] Loss: [2.0887045562267303]
2019-04-05 20:28:20 INFO     Batch: [8/120] Epoch: [3] Loss: [2.0870601336161294]
2019-04-05 20:28:20 INFO     Batch: [9/120] Epoch: [3] Loss: [2.087073040008545]
2019-04-05 20:28:20 INFO     Batch: [10/120] Epoch: [3] Loss: [2.0861871892755683]
2019-04-05 20:28:21 INFO     Batch: [11/120] Epoch: [3] Loss: [2.0852219263712564]
2019-04-05 20:28:21 INFO     Batch: [12/120] Epoch: [3] Loss: [2.084258299607497]
2019-04-05 20:28:21 INFO     Batch: [13/120] Epoch: [3] Loss: [2.0830622059958324]
2019-04-05 20:28:21 INFO     Batch: [14/120] Epoch: [3] Loss: [2.079413588841756]
2019-04-05 20:28:21 INFO     Batch: [15/120] Epoch: [3] Loss: [2.0802764296531677]
2019-04-05 20:28:21 INFO     Batch: [16/120] Epoch: [3] Loss: [2.0795567877152386]
2019-04-05 20:28:21 INFO     Batch: [17/120] Epoch: [3] Loss: [2.0795063045289783]
2019-04-05 20:28:21 INFO     Batch: [18/120] Epoch: [3] Loss: [2.079661256388614]
2019-04-05 20:28:21 INFO     Batch: [19/120] Epoch: [3] Loss: [2.0805047273635866]
2019-04-05 20:28:21 INFO     Batch: [20/120] Epoch: [3] Loss: [2.0788848513648626]
2019-04-05 20:28:21 INFO     Batch: [21/120] Epoch: [3] Loss: [2.0801585587588223]
2019-04-05 20:28:21 INFO     Batch: [22/120] Epoch: [3] Loss: [2.078154232191003]
2019-04-05 20:28:21 INFO     Batch: [23/120] Epoch: [3] Loss: [2.0764874319235482]
2019-04-05 20:28:22 INFO     Batch: [24/120] Epoch: [3] Loss: [2.0772378635406494]
2019-04-05 20:28:22 INFO     Batch: [25/120] Epoch: [3] Loss: [2.077668474270747]
2019-04-05 20:28:22 INFO     Batch: [26/120] Epoch: [3] Loss: [2.0770964357588024]
2019-04-05 20:28:22 INFO     Batch: [27/120] Epoch: [3] Loss: [2.0758939470563615]
2019-04-05 20:28:22 INFO     Batch: [28/120] Epoch: [3] Loss: [2.0760006246895624]
2019-04-05 20:28:22 INFO     Batch: [29/120] Epoch: [3] Loss: [2.0771520932515464]
2019-04-05 20:28:22 INFO     Batch: [30/120] Epoch: [3] Loss: [2.077663367794406]
2019-04-05 20:28:22 INFO     Batch: [31/120] Epoch: [3] Loss: [2.077072337269783]
2019-04-05 20:28:22 INFO     Batch: [32/120] Epoch: [3] Loss: [2.0764087257963237]
2019-04-05 20:28:22 INFO     Batch: [33/120] Epoch: [3] Loss: [2.0759546756744385]
2019-04-05 20:28:22 INFO     Batch: [34/120] Epoch: [3] Loss: [2.07598991394043]
2019-04-05 20:28:22 INFO     Batch: [35/120] Epoch: [3] Loss: [2.076194875770145]
2019-04-05 20:28:22 INFO     Batch: [36/120] Epoch: [3] Loss: [2.076348607604568]
2019-04-05 20:28:22 INFO     Batch: [37/120] Epoch: [3] Loss: [2.075869767289413]
2019-04-05 20:28:23 INFO     Batch: [38/120] Epoch: [3] Loss: [2.075419010260166]
2019-04-05 20:28:23 INFO     Batch: [39/120] Epoch: [3] Loss: [2.075062853097916]
2019-04-05 20:28:23 INFO     Batch: [40/120] Epoch: [3] Loss: [2.0750499469477957]
2019-04-05 20:28:23 INFO     Batch: [41/120] Epoch: [3] Loss: [2.074371025675819]
2019-04-05 20:28:23 INFO     Batch: [42/120] Epoch: [3] Loss: [2.073990683222926]
2019-04-05 20:28:23 INFO     Batch: [43/120] Epoch: [3] Loss: [2.0733774196017873]
2019-04-05 20:28:23 INFO     Batch: [44/120] Epoch: [3] Loss: [2.0736376603444415]
2019-04-05 20:28:23 INFO     Batch: [45/120] Epoch: [3] Loss: [2.072956137035204]
2019-04-05 20:28:23 INFO     Batch: [46/120] Epoch: [3] Loss: [2.07242230151562]
2019-04-05 20:28:23 INFO     Batch: [47/120] Epoch: [3] Loss: [2.0715377082427344]
2019-04-05 20:28:23 INFO     Batch: [48/120] Epoch: [3] Loss: [2.07119344691841]
2019-04-05 20:28:23 INFO     Batch: [49/120] Epoch: [3] Loss: [2.071079249382019]
2019-04-05 20:28:23 INFO     Batch: [50/120] Epoch: [3] Loss: [2.070829933764888]
2019-04-05 20:28:24 INFO     Batch: [51/120] Epoch: [3] Loss: [2.0703606697229238]
2019-04-05 20:28:24 INFO     Batch: [52/120] Epoch: [3] Loss: [2.0696333444343424]
2019-04-05 20:28:24 INFO     Batch: [53/120] Epoch: [3] Loss: [2.0688897724504822]
2019-04-05 20:28:24 INFO     Batch: [54/120] Epoch: [3] Loss: [2.0687482183629817]
2019-04-05 20:28:24 INFO     Batch: [55/120] Epoch: [3] Loss: [2.068508812359401]
2019-04-05 20:28:24 INFO     Batch: [56/120] Epoch: [3] Loss: [2.0679161715925787]
2019-04-05 20:28:24 INFO     Batch: [57/120] Epoch: [3] Loss: [2.0670187884363633]
2019-04-05 20:28:24 INFO     Batch: [58/120] Epoch: [3] Loss: [2.0667610370506675]
2019-04-05 20:28:24 INFO     Batch: [59/120] Epoch: [3] Loss: [2.066603871186574]
2019-04-05 20:28:24 INFO     Batch: [60/120] Epoch: [3] Loss: [2.0663766587366825]
2019-04-05 20:28:24 INFO     Batch: [61/120] Epoch: [3] Loss: [2.0662338887491534]
2019-04-05 20:28:24 INFO     Batch: [62/120] Epoch: [3] Loss: [2.0660845022352916]
2019-04-05 20:28:24 INFO     Batch: [63/120] Epoch: [3] Loss: [2.0651757456362247]
2019-04-05 20:28:25 INFO     Batch: [64/120] Epoch: [3] Loss: [2.0650272699502796]
2019-04-05 20:28:25 INFO     Batch: [65/120] Epoch: [3] Loss: [2.064049323399862]
2019-04-05 20:28:25 INFO     Batch: [66/120] Epoch: [3] Loss: [2.0635009523647936]
2019-04-05 20:28:25 INFO     Batch: [67/120] Epoch: [3] Loss: [2.0631007026223576]
2019-04-05 20:28:25 INFO     Batch: [68/120] Epoch: [3] Loss: [2.0629337663235874]
2019-04-05 20:28:25 INFO     Batch: [69/120] Epoch: [3] Loss: [2.0626062631607054]
2019-04-05 20:28:25 INFO     Batch: [70/120] Epoch: [3] Loss: [2.0629431126822886]
2019-04-05 20:28:25 INFO     Batch: [71/120] Epoch: [3] Loss: [2.062565800216463]
2019-04-05 20:28:25 INFO     Batch: [72/120] Epoch: [3] Loss: [2.0623155456699735]
2019-04-05 20:28:25 INFO     Batch: [73/120] Epoch: [3] Loss: [2.062237220841485]
2019-04-05 20:28:25 INFO     Batch: [74/120] Epoch: [3] Loss: [2.0615488465627037]
2019-04-05 20:28:25 INFO     Batch: [75/120] Epoch: [3] Loss: [2.060874493498551]
2019-04-05 20:28:25 INFO     Batch: [76/120] Epoch: [3] Loss: [2.060795954295567]
2019-04-05 20:28:26 INFO     Batch: [77/120] Epoch: [3] Loss: [2.060342651147109]
2019-04-05 20:28:26 INFO     Batch: [78/120] Epoch: [3] Loss: [2.059913813313351]
2019-04-05 20:28:26 INFO     Batch: [79/120] Epoch: [3] Loss: [2.0596194505691527]
2019-04-05 20:28:26 INFO     Batch: [80/120] Epoch: [3] Loss: [2.059156205919054]
2019-04-05 20:28:26 INFO     Batch: [81/120] Epoch: [3] Loss: [2.0589317083358765]
2019-04-05 20:28:26 INFO     Batch: [82/120] Epoch: [3] Loss: [2.0584802024335747]
2019-04-05 20:28:26 INFO     Batch: [83/120] Epoch: [3] Loss: [2.0581231599762324]
2019-04-05 20:28:26 INFO     Batch: [84/120] Epoch: [3] Loss: [2.0578574124504536]
2019-04-05 20:28:26 INFO     Batch: [85/120] Epoch: [3] Loss: [2.057354164677997]
2019-04-05 20:28:26 INFO     Batch: [86/120] Epoch: [3] Loss: [2.056852696955889]
2019-04-05 20:28:26 INFO     Batch: [87/120] Epoch: [3] Loss: [2.0563497028567572]
2019-04-05 20:28:26 INFO     Batch: [88/120] Epoch: [3] Loss: [2.0562629833650052]
2019-04-05 20:28:26 INFO     Batch: [89/120] Epoch: [3] Loss: [2.056346811188592]
2019-04-05 20:28:27 INFO     Batch: [90/120] Epoch: [3] Loss: [2.056290791584895]
2019-04-05 20:28:27 INFO     Batch: [91/120] Epoch: [3] Loss: [2.0557701691337256]
2019-04-05 20:28:27 INFO     Batch: [92/120] Epoch: [3] Loss: [2.055412018170921]
2019-04-05 20:28:27 INFO     Batch: [93/120] Epoch: [3] Loss: [2.054928480310643]
2019-04-05 20:28:27 INFO     Batch: [94/120] Epoch: [3] Loss: [2.054734636607923]
2019-04-05 20:28:27 INFO     Batch: [95/120] Epoch: [3] Loss: [2.0540772788226604]
2019-04-05 20:28:27 INFO     Batch: [96/120] Epoch: [3] Loss: [2.053723370906004]
2019-04-05 20:28:27 INFO     Batch: [97/120] Epoch: [3] Loss: [2.0533957663847477]
2019-04-05 20:28:27 INFO     Batch: [98/120] Epoch: [3] Loss: [2.052768837321888]
2019-04-05 20:28:27 INFO     Batch: [99/120] Epoch: [3] Loss: [2.05218319773674]
2019-04-05 20:28:27 INFO     Batch: [100/120] Epoch: [3] Loss: [2.051490585402687]
2019-04-05 20:28:27 INFO     Batch: [101/120] Epoch: [3] Loss: [2.0511034095988556]
2019-04-05 20:28:27 INFO     Batch: [102/120] Epoch: [3] Loss: [2.0505959015448116]
2019-04-05 20:28:27 INFO     Batch: [103/120] Epoch: [3] Loss: [2.0503017535576453]
2019-04-05 20:28:28 INFO     Batch: [104/120] Epoch: [3] Loss: [2.050007949556623]
2019-04-05 20:28:28 INFO     Batch: [105/120] Epoch: [3] Loss: [2.0497396936956442]
2019-04-05 20:28:28 INFO     Batch: [106/120] Epoch: [3] Loss: [2.0495049039894173]
2019-04-05 20:28:28 INFO     Batch: [107/120] Epoch: [3] Loss: [2.0492905577023826]
2019-04-05 20:28:28 INFO     Batch: [108/120] Epoch: [3] Loss: [2.0492339221709366]
2019-04-05 20:28:28 INFO     Batch: [109/120] Epoch: [3] Loss: [2.0487050901759756]
2019-04-05 20:28:28 INFO     Batch: [110/120] Epoch: [3] Loss: [2.0483072190671354]
2019-04-05 20:28:28 INFO     Batch: [111/120] Epoch: [3] Loss: [2.0476915825690543]
2019-04-05 20:28:28 INFO     Batch: [112/120] Epoch: [3] Loss: [2.0471209656875744]
2019-04-05 20:28:28 INFO     Batch: [113/120] Epoch: [3] Loss: [2.0468189549027827]
2019-04-05 20:28:28 INFO     Batch: [114/120] Epoch: [3] Loss: [2.046899824557097]
2019-04-05 20:28:28 INFO     Batch: [115/120] Epoch: [3] Loss: [2.0464645470010825]
2019-04-05 20:28:28 INFO     Batch: [116/120] Epoch: [3] Loss: [2.046101817717919]
2019-04-05 20:28:29 INFO     Batch: [117/120] Epoch: [3] Loss: [2.0455848473613547]
2019-04-05 20:28:29 INFO     Batch: [118/120] Epoch: [3] Loss: [2.045378948460106]
2019-04-05 20:28:29 INFO     Batch: [119/120] Epoch: [3] Loss: [2.0447102159261705]
2019-04-05 20:28:30 INFO     Epoch: [3/2000] Loss: [2.0447102159261705] Accuracy: [0.33399999999999996]
2019-04-05 20:28:30 INFO     Batch: [0/120] Epoch: [4] Loss: [2.054656505584717]
2019-04-05 20:28:31 INFO     Accuracy: [0.3258181818181818]

2019-04-05 20:28:31 INFO     Batch: [1/120] Epoch: [4] Loss: [2.034187912940979]
2019-04-05 20:28:31 INFO     Batch: [2/120] Epoch: [4] Loss: [2.0270623366038003]
2019-04-05 20:28:31 INFO     Batch: [3/120] Epoch: [4] Loss: [2.0182176530361176]
2019-04-05 20:28:31 INFO     Batch: [4/120] Epoch: [4] Loss: [2.014562225341797]
2019-04-05 20:28:31 INFO     Batch: [5/120] Epoch: [4] Loss: [2.011545022328695]
2019-04-05 20:28:31 INFO     Batch: [6/120] Epoch: [4] Loss: [2.0047264950616017]
2019-04-05 20:28:31 INFO     Batch: [7/120] Epoch: [4] Loss: [2.0025801211595535]
2019-04-05 20:28:31 INFO     Batch: [8/120] Epoch: [4] Loss: [1.9975944889916315]
2019-04-05 20:28:31 INFO     Batch: [9/120] Epoch: [4] Loss: [1.9930593371391296]
2019-04-05 20:28:31 INFO     Batch: [10/120] Epoch: [4] Loss: [1.993711764162237]
2019-04-05 20:28:31 INFO     Batch: [11/120] Epoch: [4] Loss: [1.9902783731619518]
2019-04-05 20:28:31 INFO     Batch: [12/120] Epoch: [4] Loss: [1.9868922783778264]
2019-04-05 20:28:32 INFO     Batch: [13/120] Epoch: [4] Loss: [1.984348407813481]
2019-04-05 20:28:32 INFO     Batch: [14/120] Epoch: [4] Loss: [1.9832098960876465]
2019-04-05 20:28:32 INFO     Batch: [15/120] Epoch: [4] Loss: [1.9842621386051178]
2019-04-05 20:28:32 INFO     Batch: [16/120] Epoch: [4] Loss: [1.9833001178853653]
2019-04-05 20:28:32 INFO     Batch: [17/120] Epoch: [4] Loss: [1.9826026161511738]
2019-04-05 20:28:32 INFO     Batch: [18/120] Epoch: [4] Loss: [1.9823082371761924]
2019-04-05 20:28:32 INFO     Batch: [19/120] Epoch: [4] Loss: [1.9828672885894776]
2019-04-05 20:28:32 INFO     Batch: [20/120] Epoch: [4] Loss: [1.9825960851850963]
2019-04-05 20:28:32 INFO     Batch: [21/120] Epoch: [4] Loss: [1.9838650822639465]
2019-04-05 20:28:32 INFO     Batch: [22/120] Epoch: [4] Loss: [1.9848785555881003]
2019-04-05 20:28:32 INFO     Batch: [23/120] Epoch: [4] Loss: [1.984369158744812]
2019-04-05 20:28:32 INFO     Batch: [24/120] Epoch: [4] Loss: [1.983461961746216]
2019-04-05 20:28:32 INFO     Batch: [25/120] Epoch: [4] Loss: [1.9810109596986036]
2019-04-05 20:28:33 INFO     Batch: [26/120] Epoch: [4] Loss: [1.981268463311372]
2019-04-05 20:28:33 INFO     Batch: [27/120] Epoch: [4] Loss: [1.981630150760923]
2019-04-05 20:28:33 INFO     Batch: [28/120] Epoch: [4] Loss: [1.9817874924889927]
2019-04-05 20:28:33 INFO     Batch: [29/120] Epoch: [4] Loss: [1.9805235147476197]
2019-04-05 20:28:33 INFO     Batch: [30/120] Epoch: [4] Loss: [1.97847072539791]
2019-04-05 20:28:33 INFO     Batch: [31/120] Epoch: [4] Loss: [1.978103544563055]
2019-04-05 20:28:33 INFO     Batch: [32/120] Epoch: [4] Loss: [1.9776004010980779]
2019-04-05 20:28:33 INFO     Batch: [33/120] Epoch: [4] Loss: [1.9769600559683407]
2019-04-05 20:28:33 INFO     Batch: [34/120] Epoch: [4] Loss: [1.977522577558245]
2019-04-05 20:28:33 INFO     Batch: [35/120] Epoch: [4] Loss: [1.976656112405989]
2019-04-05 20:28:33 INFO     Batch: [36/120] Epoch: [4] Loss: [1.9752866351926648]
2019-04-05 20:28:33 INFO     Batch: [37/120] Epoch: [4] Loss: [1.9755180289870815]
2019-04-05 20:28:33 INFO     Batch: [38/120] Epoch: [4] Loss: [1.9772269267302294]
2019-04-05 20:28:34 INFO     Batch: [39/120] Epoch: [4] Loss: [1.9764963060617446]
2019-04-05 20:28:34 INFO     Batch: [40/120] Epoch: [4] Loss: [1.975861215009922]
2019-04-05 20:28:34 INFO     Batch: [41/120] Epoch: [4] Loss: [1.9758494638261341]
2019-04-05 20:28:34 INFO     Batch: [42/120] Epoch: [4] Loss: [1.974290038264075]
2019-04-05 20:28:34 INFO     Batch: [43/120] Epoch: [4] Loss: [1.9730661132118918]
2019-04-05 20:28:34 INFO     Batch: [44/120] Epoch: [4] Loss: [1.9728023237652248]
2019-04-05 20:28:34 INFO     Batch: [45/120] Epoch: [4] Loss: [1.972443982310917]
2019-04-05 20:28:34 INFO     Batch: [46/120] Epoch: [4] Loss: [1.972561978279276]
2019-04-05 20:28:34 INFO     Batch: [47/120] Epoch: [4] Loss: [1.9730362445116043]
2019-04-05 20:28:34 INFO     Batch: [48/120] Epoch: [4] Loss: [1.972988444931653]
2019-04-05 20:28:34 INFO     Batch: [49/120] Epoch: [4] Loss: [1.9724487447738648]
2019-04-05 20:28:34 INFO     Batch: [50/120] Epoch: [4] Loss: [1.9727588260875029]
2019-04-05 20:28:34 INFO     Batch: [51/120] Epoch: [4] Loss: [1.9720777250253236]
2019-04-05 20:28:35 INFO     Batch: [52/120] Epoch: [4] Loss: [1.971665935696296]
2019-04-05 20:28:35 INFO     Batch: [53/120] Epoch: [4] Loss: [1.9704021833561085]
2019-04-05 20:28:35 INFO     Batch: [54/120] Epoch: [4] Loss: [1.970288307016546]
2019-04-05 20:28:35 INFO     Batch: [55/120] Epoch: [4] Loss: [1.9703420890229089]
2019-04-05 20:28:35 INFO     Batch: [56/120] Epoch: [4] Loss: [1.9699929241548504]
2019-04-05 20:28:35 INFO     Batch: [57/120] Epoch: [4] Loss: [1.9696703553199768]
2019-04-05 20:28:35 INFO     Batch: [58/120] Epoch: [4] Loss: [1.9695835416599856]
2019-04-05 20:28:35 INFO     Batch: [59/120] Epoch: [4] Loss: [1.9683570643266042]
2019-04-05 20:28:35 INFO     Batch: [60/120] Epoch: [4] Loss: [1.9676770577665235]
2019-04-05 20:28:35 INFO     Batch: [61/120] Epoch: [4] Loss: [1.9675463937943982]
2019-04-05 20:28:35 INFO     Batch: [62/120] Epoch: [4] Loss: [1.967008524470859]
2019-04-05 20:28:35 INFO     Batch: [63/120] Epoch: [4] Loss: [1.9673210624605417]
2019-04-05 20:28:35 INFO     Batch: [64/120] Epoch: [4] Loss: [1.9668908522679256]
2019-04-05 20:28:36 INFO     Batch: [65/120] Epoch: [4] Loss: [1.965853664008054]
2019-04-05 20:28:36 INFO     Batch: [66/120] Epoch: [4] Loss: [1.9656546845364926]
2019-04-05 20:28:36 INFO     Batch: [67/120] Epoch: [4] Loss: [1.9651530069463394]
2019-04-05 20:28:36 INFO     Batch: [68/120] Epoch: [4] Loss: [1.9651663700739543]
2019-04-05 20:28:36 INFO     Batch: [69/120] Epoch: [4] Loss: [1.9648607117789132]
2019-04-05 20:28:36 INFO     Batch: [70/120] Epoch: [4] Loss: [1.9650258816463846]
2019-04-05 20:28:36 INFO     Batch: [71/120] Epoch: [4] Loss: [1.964669656422403]
2019-04-05 20:28:36 INFO     Batch: [72/120] Epoch: [4] Loss: [1.9639766853149623]
2019-04-05 20:28:36 INFO     Batch: [73/120] Epoch: [4] Loss: [1.9630968361287504]
2019-04-05 20:28:36 INFO     Batch: [74/120] Epoch: [4] Loss: [1.9630434767405192]
2019-04-05 20:28:36 INFO     Batch: [75/120] Epoch: [4] Loss: [1.9627370238304138]
2019-04-05 20:28:36 INFO     Batch: [76/120] Epoch: [4] Loss: [1.9619443927492415]
2019-04-05 20:28:36 INFO     Batch: [77/120] Epoch: [4] Loss: [1.9613154194293878]
2019-04-05 20:28:37 INFO     Batch: [78/120] Epoch: [4] Loss: [1.961172588263886]
2019-04-05 20:28:37 INFO     Batch: [79/120] Epoch: [4] Loss: [1.9607089191675187]
2019-04-05 20:28:37 INFO     Batch: [80/120] Epoch: [4] Loss: [1.9602766066421697]
2019-04-05 20:28:37 INFO     Batch: [81/120] Epoch: [4] Loss: [1.960123584037874]
2019-04-05 20:28:37 INFO     Batch: [82/120] Epoch: [4] Loss: [1.9598123797451157]
2019-04-05 20:28:37 INFO     Batch: [83/120] Epoch: [4] Loss: [1.9588823985485804]
2019-04-05 20:28:37 INFO     Batch: [84/120] Epoch: [4] Loss: [1.9592437702066758]
2019-04-05 20:28:37 INFO     Batch: [85/120] Epoch: [4] Loss: [1.9585354716278787]
2019-04-05 20:28:37 INFO     Batch: [86/120] Epoch: [4] Loss: [1.958343018060443]
2019-04-05 20:28:37 INFO     Batch: [87/120] Epoch: [4] Loss: [1.9572538327087055]
2019-04-05 20:28:37 INFO     Batch: [88/120] Epoch: [4] Loss: [1.9569267436359705]
2019-04-05 20:28:37 INFO     Batch: [89/120] Epoch: [4] Loss: [1.9562520676189]
2019-04-05 20:28:37 INFO     Batch: [90/120] Epoch: [4] Loss: [1.9560303950047755]
2019-04-05 20:28:37 INFO     Batch: [91/120] Epoch: [4] Loss: [1.9556357834650122]
2019-04-05 20:28:38 INFO     Batch: [92/120] Epoch: [4] Loss: [1.955433399446549]
2019-04-05 20:28:38 INFO     Batch: [93/120] Epoch: [4] Loss: [1.9551026427999456]
2019-04-05 20:28:38 INFO     Batch: [94/120] Epoch: [4] Loss: [1.9544989397651271]
2019-04-05 20:28:38 INFO     Batch: [95/120] Epoch: [4] Loss: [1.9542207258443038]
2019-04-05 20:28:38 INFO     Batch: [96/120] Epoch: [4] Loss: [1.953729364060864]
2019-04-05 20:28:38 INFO     Batch: [97/120] Epoch: [4] Loss: [1.9533701660681744]
2019-04-05 20:28:38 INFO     Batch: [98/120] Epoch: [4] Loss: [1.952968498673102]
2019-04-05 20:28:38 INFO     Batch: [99/120] Epoch: [4] Loss: [1.9527482652664185]
2019-04-05 20:28:38 INFO     Batch: [100/120] Epoch: [4] Loss: [1.9522910507598725]
2019-04-05 20:28:38 INFO     Batch: [101/120] Epoch: [4] Loss: [1.951818580720939]
2019-04-05 20:28:38 INFO     Batch: [102/120] Epoch: [4] Loss: [1.9512870392753083]
2019-04-05 20:28:38 INFO     Batch: [103/120] Epoch: [4] Loss: [1.950824954188787]
2019-04-05 20:28:38 INFO     Batch: [104/120] Epoch: [4] Loss: [1.9502160276685443]
2019-04-05 20:28:39 INFO     Batch: [105/120] Epoch: [4] Loss: [1.9497225284576416]
2019-04-05 20:28:39 INFO     Batch: [106/120] Epoch: [4] Loss: [1.9492601902685434]
2019-04-05 20:28:39 INFO     Batch: [107/120] Epoch: [4] Loss: [1.9489879740609064]
2019-04-05 20:28:39 INFO     Batch: [108/120] Epoch: [4] Loss: [1.948979705845544]
2019-04-05 20:28:39 INFO     Batch: [109/120] Epoch: [4] Loss: [1.9485391096635298]
2019-04-05 20:28:39 INFO     Batch: [110/120] Epoch: [4] Loss: [1.9479634010040008]
2019-04-05 20:28:39 INFO     Batch: [111/120] Epoch: [4] Loss: [1.9474218317440577]
2019-04-05 20:28:39 INFO     Batch: [112/120] Epoch: [4] Loss: [1.9472918109556214]
2019-04-05 20:28:39 INFO     Batch: [113/120] Epoch: [4] Loss: [1.947003121961627]
2019-04-05 20:28:39 INFO     Batch: [114/120] Epoch: [4] Loss: [1.946512546746627]
2019-04-05 20:28:39 INFO     Batch: [115/120] Epoch: [4] Loss: [1.946702444347842]
2019-04-05 20:28:39 INFO     Batch: [116/120] Epoch: [4] Loss: [1.9462792812249599]
2019-04-05 20:28:39 INFO     Batch: [117/120] Epoch: [4] Loss: [1.9458898346302873]
2019-04-05 20:28:40 INFO     Batch: [118/120] Epoch: [4] Loss: [1.945147061548313]
2019-04-05 20:28:40 INFO     Batch: [119/120] Epoch: [4] Loss: [1.944740570584933]
2019-04-05 20:28:40 INFO     Epoch: [4/2000] Loss: [1.944740570584933] Accuracy: [0.3634545454545454]
2019-04-05 20:28:41 INFO     Batch: [0/120] Epoch: [5] Loss: [1.915297508239746]
2019-04-05 20:28:41 INFO     Accuracy: [0.3489090909090909]

2019-04-05 20:28:42 INFO     Batch: [1/120] Epoch: [5] Loss: [1.9159043431282043]
2019-04-05 20:28:42 INFO     Batch: [2/120] Epoch: [5] Loss: [1.8946373860041301]
2019-04-05 20:28:42 INFO     Batch: [3/120] Epoch: [5] Loss: [1.8926149010658264]
2019-04-05 20:28:42 INFO     Batch: [4/120] Epoch: [5] Loss: [1.905218529701233]
2019-04-05 20:28:42 INFO     Batch: [5/120] Epoch: [5] Loss: [1.9037704865137737]
2019-04-05 20:28:42 INFO     Batch: [6/120] Epoch: [5] Loss: [1.9043139389583044]
2019-04-05 20:28:42 INFO     Batch: [7/120] Epoch: [5] Loss: [1.9082611501216888]
2019-04-05 20:28:42 INFO     Batch: [8/120] Epoch: [5] Loss: [1.9010807673136394]
2019-04-05 20:28:42 INFO     Batch: [9/120] Epoch: [5] Loss: [1.8999245166778564]
2019-04-05 20:28:42 INFO     Batch: [10/120] Epoch: [5] Loss: [1.9034064466303044]
2019-04-05 20:28:42 INFO     Batch: [11/120] Epoch: [5] Loss: [1.9025007883707683]
2019-04-05 20:28:42 INFO     Batch: [12/120] Epoch: [5] Loss: [1.9053305754294763]
2019-04-05 20:28:42 INFO     Batch: [13/120] Epoch: [5] Loss: [1.904040813446045]
2019-04-05 20:28:43 INFO     Batch: [14/120] Epoch: [5] Loss: [1.9016754468282064]
2019-04-05 20:28:43 INFO     Batch: [15/120] Epoch: [5] Loss: [1.9014260917901993]
2019-04-05 20:28:43 INFO     Batch: [16/120] Epoch: [5] Loss: [1.9023510147543514]
2019-04-05 20:28:43 INFO     Batch: [17/120] Epoch: [5] Loss: [1.9006907012727525]
2019-04-05 20:28:43 INFO     Batch: [18/120] Epoch: [5] Loss: [1.9012215513932078]
2019-04-05 20:28:43 INFO     Batch: [19/120] Epoch: [5] Loss: [1.8988531947135925]
2019-04-05 20:28:43 INFO     Batch: [20/120] Epoch: [5] Loss: [1.8978243668874104]
2019-04-05 20:28:43 INFO     Batch: [21/120] Epoch: [5] Loss: [1.8979103781960227]
2019-04-05 20:28:43 INFO     Batch: [22/120] Epoch: [5] Loss: [1.8988947298215784]
2019-04-05 20:28:43 INFO     Batch: [23/120] Epoch: [5] Loss: [1.8982869784037273]
2019-04-05 20:28:43 INFO     Batch: [24/120] Epoch: [5] Loss: [1.8969860410690307]
2019-04-05 20:28:43 INFO     Batch: [25/120] Epoch: [5] Loss: [1.8965259377772992]
2019-04-05 20:28:43 INFO     Batch: [26/120] Epoch: [5] Loss: [1.8946085196954232]
2019-04-05 20:28:44 INFO     Batch: [27/120] Epoch: [5] Loss: [1.8934844306537084]
2019-04-05 20:28:44 INFO     Batch: [28/120] Epoch: [5] Loss: [1.8925943251313835]
2019-04-05 20:28:44 INFO     Batch: [29/120] Epoch: [5] Loss: [1.8906822482744852]
2019-04-05 20:28:44 INFO     Batch: [30/120] Epoch: [5] Loss: [1.8903306568822553]
2019-04-05 20:28:44 INFO     Batch: [31/120] Epoch: [5] Loss: [1.8884459920227528]
2019-04-05 20:28:44 INFO     Batch: [32/120] Epoch: [5] Loss: [1.888125311244618]
2019-04-05 20:28:44 INFO     Batch: [33/120] Epoch: [5] Loss: [1.8878347838626188]
2019-04-05 20:28:44 INFO     Batch: [34/120] Epoch: [5] Loss: [1.88689056124006]
2019-04-05 20:28:44 INFO     Batch: [35/120] Epoch: [5] Loss: [1.8861687845653958]
2019-04-05 20:28:44 INFO     Batch: [36/120] Epoch: [5] Loss: [1.8847587688549146]
2019-04-05 20:28:44 INFO     Batch: [37/120] Epoch: [5] Loss: [1.8848326802253723]
2019-04-05 20:28:44 INFO     Batch: [38/120] Epoch: [5] Loss: [1.8828319005477123]
2019-04-05 20:28:44 INFO     Batch: [39/120] Epoch: [5] Loss: [1.8826369494199753]
2019-04-05 20:28:45 INFO     Batch: [40/120] Epoch: [5] Loss: [1.8810862099252097]
2019-04-05 20:28:45 INFO     Batch: [41/120] Epoch: [5] Loss: [1.8796149094899495]
2019-04-05 20:28:45 INFO     Batch: [42/120] Epoch: [5] Loss: [1.8779106001521266]
2019-04-05 20:28:45 INFO     Batch: [43/120] Epoch: [5] Loss: [1.877432481809096]
2019-04-05 20:28:45 INFO     Batch: [44/120] Epoch: [5] Loss: [1.8761764261457654]
2019-04-05 20:28:45 INFO     Batch: [45/120] Epoch: [5] Loss: [1.8761591185694155]
2019-04-05 20:28:45 INFO     Batch: [46/120] Epoch: [5] Loss: [1.875600906128579]
2019-04-05 20:28:45 INFO     Batch: [47/120] Epoch: [5] Loss: [1.8740612616141636]
2019-04-05 20:28:45 INFO     Batch: [48/120] Epoch: [5] Loss: [1.8749711270235023]
2019-04-05 20:28:45 INFO     Batch: [49/120] Epoch: [5] Loss: [1.8749043941497803]
2019-04-05 20:28:45 INFO     Batch: [50/120] Epoch: [5] Loss: [1.8748176354987949]
2019-04-05 20:28:45 INFO     Batch: [51/120] Epoch: [5] Loss: [1.8737867359931653]
2019-04-05 20:28:45 INFO     Batch: [52/120] Epoch: [5] Loss: [1.8727136355526042]
2019-04-05 20:28:46 INFO     Batch: [53/120] Epoch: [5] Loss: [1.8713499572541978]
2019-04-05 20:28:46 INFO     Batch: [54/120] Epoch: [5] Loss: [1.8705156044526534]
2019-04-05 20:28:46 INFO     Batch: [55/120] Epoch: [5] Loss: [1.8698352043117796]
2019-04-05 20:28:46 INFO     Batch: [56/120] Epoch: [5] Loss: [1.8693545554813586]
2019-04-05 20:28:46 INFO     Batch: [57/120] Epoch: [5] Loss: [1.868080354970077]
2019-04-05 20:28:46 INFO     Batch: [58/120] Epoch: [5] Loss: [1.8676472235534152]
2019-04-05 20:28:46 INFO     Batch: [59/120] Epoch: [5] Loss: [1.8666560928026834]
2019-04-05 20:28:46 INFO     Batch: [60/120] Epoch: [5] Loss: [1.866494270621753]
2019-04-05 20:28:46 INFO     Batch: [61/120] Epoch: [5] Loss: [1.8664525843435718]
2019-04-05 20:28:46 INFO     Batch: [62/120] Epoch: [5] Loss: [1.8659550008319674]
2019-04-05 20:28:46 INFO     Batch: [63/120] Epoch: [5] Loss: [1.8650321550667286]
2019-04-05 20:28:46 INFO     Batch: [64/120] Epoch: [5] Loss: [1.86497100683359]
2019-04-05 20:28:46 INFO     Batch: [65/120] Epoch: [5] Loss: [1.8649298891876682]
2019-04-05 20:28:47 INFO     Batch: [66/120] Epoch: [5] Loss: [1.8642423579941934]
2019-04-05 20:28:47 INFO     Batch: [67/120] Epoch: [5] Loss: [1.863494692479863]
2019-04-05 20:28:47 INFO     Batch: [68/120] Epoch: [5] Loss: [1.8635786858157835]
2019-04-05 20:28:47 INFO     Batch: [69/120] Epoch: [5] Loss: [1.8629272886684962]
2019-04-05 20:28:47 INFO     Batch: [70/120] Epoch: [5] Loss: [1.8629843114127576]
2019-04-05 20:28:47 INFO     Batch: [71/120] Epoch: [5] Loss: [1.861639893717236]
2019-04-05 20:28:47 INFO     Batch: [72/120] Epoch: [5] Loss: [1.8617249172027797]
2019-04-05 20:28:47 INFO     Batch: [73/120] Epoch: [5] Loss: [1.8619037528295774]
2019-04-05 20:28:47 INFO     Batch: [74/120] Epoch: [5] Loss: [1.8609150139490764]
2019-04-05 20:28:47 INFO     Batch: [75/120] Epoch: [5] Loss: [1.8602643138483952]
2019-04-05 20:28:47 INFO     Batch: [76/120] Epoch: [5] Loss: [1.8599374371689636]
2019-04-05 20:28:47 INFO     Batch: [77/120] Epoch: [5] Loss: [1.8595465222994487]
2019-04-05 20:28:47 INFO     Batch: [78/120] Epoch: [5] Loss: [1.8589386623116988]
2019-04-05 20:28:48 INFO     Batch: [79/120] Epoch: [5] Loss: [1.8585274904966353]
2019-04-05 20:28:48 INFO     Batch: [80/120] Epoch: [5] Loss: [1.8583233224021063]
2019-04-05 20:28:48 INFO     Batch: [81/120] Epoch: [5] Loss: [1.8572623293574264]
2019-04-05 20:28:48 INFO     Batch: [82/120] Epoch: [5] Loss: [1.8577320704977196]
2019-04-05 20:28:48 INFO     Batch: [83/120] Epoch: [5] Loss: [1.8572959232897985]
2019-04-05 20:28:48 INFO     Batch: [84/120] Epoch: [5] Loss: [1.8570859404171214]
2019-04-05 20:28:48 INFO     Batch: [85/120] Epoch: [5] Loss: [1.856723772925]
2019-04-05 20:28:48 INFO     Batch: [86/120] Epoch: [5] Loss: [1.855946547683628]
2019-04-05 20:28:48 INFO     Batch: [87/120] Epoch: [5] Loss: [1.8554911613464355]
2019-04-05 20:28:48 INFO     Batch: [88/120] Epoch: [5] Loss: [1.8557994713943995]
2019-04-05 20:28:48 INFO     Batch: [89/120] Epoch: [5] Loss: [1.856219438711802]
2019-04-05 20:28:48 INFO     Batch: [90/120] Epoch: [5] Loss: [1.8556305091459673]
2019-04-05 20:28:48 INFO     Batch: [91/120] Epoch: [5] Loss: [1.8554171803204909]
2019-04-05 20:28:48 INFO     Batch: [92/120] Epoch: [5] Loss: [1.8549253363763132]
2019-04-05 20:28:49 INFO     Batch: [93/120] Epoch: [5] Loss: [1.8544208420083879]
2019-04-05 20:28:49 INFO     Batch: [94/120] Epoch: [5] Loss: [1.8541127393120214]
2019-04-05 20:28:49 INFO     Batch: [95/120] Epoch: [5] Loss: [1.8533964790403843]
2019-04-05 20:28:49 INFO     Batch: [96/120] Epoch: [5] Loss: [1.8535311000863302]
2019-04-05 20:28:49 INFO     Batch: [97/120] Epoch: [5] Loss: [1.8533170636819334]
2019-04-05 20:28:49 INFO     Batch: [98/120] Epoch: [5] Loss: [1.8529346049434008]
2019-04-05 20:28:49 INFO     Batch: [99/120] Epoch: [5] Loss: [1.8527768456935882]
2019-04-05 20:28:49 INFO     Batch: [100/120] Epoch: [5] Loss: [1.8524590990330914]
2019-04-05 20:28:49 INFO     Batch: [101/120] Epoch: [5] Loss: [1.8520802142573338]
2019-04-05 20:28:49 INFO     Batch: [102/120] Epoch: [5] Loss: [1.8514073392719899]
2019-04-05 20:28:49 INFO     Batch: [103/120] Epoch: [5] Loss: [1.85072600039152]
2019-04-05 20:28:49 INFO     Batch: [104/120] Epoch: [5] Loss: [1.849843066079276]
2019-04-05 20:28:49 INFO     Batch: [105/120] Epoch: [5] Loss: [1.8495964587859388]
2019-04-05 20:28:50 INFO     Batch: [106/120] Epoch: [5] Loss: [1.8490520504033454]
2019-04-05 20:28:50 INFO     Batch: [107/120] Epoch: [5] Loss: [1.8484261521586665]
2019-04-05 20:28:50 INFO     Batch: [108/120] Epoch: [5] Loss: [1.8475810234699774]
2019-04-05 20:28:50 INFO     Batch: [109/120] Epoch: [5] Loss: [1.8470924312418158]
2019-04-05 20:28:50 INFO     Batch: [110/120] Epoch: [5] Loss: [1.8465885557569899]
2019-04-05 20:28:50 INFO     Batch: [111/120] Epoch: [5] Loss: [1.8463088412370001]
2019-04-05 20:28:50 INFO     Batch: [112/120] Epoch: [5] Loss: [1.845985815588352]
2019-04-05 20:28:50 INFO     Batch: [113/120] Epoch: [5] Loss: [1.8457086347697074]
2019-04-05 20:28:50 INFO     Batch: [114/120] Epoch: [5] Loss: [1.844567754994268]
2019-04-05 20:28:50 INFO     Batch: [115/120] Epoch: [5] Loss: [1.8443207977146938]
2019-04-05 20:28:50 INFO     Batch: [116/120] Epoch: [5] Loss: [1.844478692763891]
2019-04-05 20:28:50 INFO     Batch: [117/120] Epoch: [5] Loss: [1.8440848962735321]
2019-04-05 20:28:50 INFO     Batch: [118/120] Epoch: [5] Loss: [1.8441014380014242]
2019-04-05 20:28:51 INFO     Batch: [119/120] Epoch: [5] Loss: [1.8435621331135432]
2019-04-05 20:28:51 INFO     Epoch: [5/2000] Loss: [1.8435621331135432] Accuracy: [0.37872727272727275]
2019-04-05 20:28:52 INFO     Batch: [0/120] Epoch: [6] Loss: [1.7287838459014893]
2019-04-05 20:28:52 INFO     Accuracy: [0.3778181818181818]

2019-04-05 20:28:53 INFO     Batch: [1/120] Epoch: [6] Loss: [1.7868474125862122]
2019-04-05 20:28:53 INFO     Batch: [2/120] Epoch: [6] Loss: [1.790588140487671]
2019-04-05 20:28:53 INFO     Batch: [3/120] Epoch: [6] Loss: [1.7993952333927155]
2019-04-05 20:28:53 INFO     Batch: [4/120] Epoch: [6] Loss: [1.7972305059432983]
2019-04-05 20:28:53 INFO     Batch: [5/120] Epoch: [6] Loss: [1.7893720467885335]
2019-04-05 20:28:53 INFO     Batch: [6/120] Epoch: [6] Loss: [1.780935423714774]
2019-04-05 20:28:53 INFO     Batch: [7/120] Epoch: [6] Loss: [1.777998000383377]
2019-04-05 20:28:53 INFO     Batch: [8/120] Epoch: [6] Loss: [1.7807171609666612]
2019-04-05 20:28:53 INFO     Batch: [9/120] Epoch: [6] Loss: [1.7821441650390626]
2019-04-05 20:28:53 INFO     Batch: [10/120] Epoch: [6] Loss: [1.7854690985246138]
2019-04-05 20:28:53 INFO     Batch: [11/120] Epoch: [6] Loss: [1.7801048656304677]
2019-04-05 20:28:53 INFO     Batch: [12/120] Epoch: [6] Loss: [1.777590614098769]
2019-04-05 20:28:53 INFO     Batch: [13/120] Epoch: [6] Loss: [1.7778861692973547]
2019-04-05 20:28:54 INFO     Batch: [14/120] Epoch: [6] Loss: [1.7763877550760905]
2019-04-05 20:28:54 INFO     Batch: [15/120] Epoch: [6] Loss: [1.778215043246746]
2019-04-05 20:28:54 INFO     Batch: [16/120] Epoch: [6] Loss: [1.7821307462804459]
2019-04-05 20:28:54 INFO     Batch: [17/120] Epoch: [6] Loss: [1.7810580862893]
2019-04-05 20:28:54 INFO     Batch: [18/120] Epoch: [6] Loss: [1.779212380710401]
2019-04-05 20:28:54 INFO     Batch: [19/120] Epoch: [6] Loss: [1.7783490121364594]
2019-04-05 20:28:54 INFO     Batch: [20/120] Epoch: [6] Loss: [1.7772617623919533]
2019-04-05 20:28:54 INFO     Batch: [21/120] Epoch: [6] Loss: [1.780432565645738]
2019-04-05 20:28:54 INFO     Batch: [22/120] Epoch: [6] Loss: [1.7816787439843882]
2019-04-05 20:28:54 INFO     Batch: [23/120] Epoch: [6] Loss: [1.7797378102938335]
2019-04-05 20:28:54 INFO     Batch: [24/120] Epoch: [6] Loss: [1.7815544652938842]
2019-04-05 20:28:54 INFO     Batch: [25/120] Epoch: [6] Loss: [1.780081102481255]
2019-04-05 20:28:54 INFO     Batch: [26/120] Epoch: [6] Loss: [1.7787842176578663]
2019-04-05 20:28:55 INFO     Batch: [27/120] Epoch: [6] Loss: [1.7799611134188515]
2019-04-05 20:28:55 INFO     Batch: [28/120] Epoch: [6] Loss: [1.7790957031578853]
2019-04-05 20:28:55 INFO     Batch: [29/120] Epoch: [6] Loss: [1.7796787341435751]
2019-04-05 20:28:55 INFO     Batch: [30/120] Epoch: [6] Loss: [1.7790508193354453]
2019-04-05 20:28:55 INFO     Batch: [31/120] Epoch: [6] Loss: [1.7794884219765663]
2019-04-05 20:28:55 INFO     Batch: [32/120] Epoch: [6] Loss: [1.7773969606919722]
2019-04-05 20:28:55 INFO     Batch: [33/120] Epoch: [6] Loss: [1.775840864462011]
2019-04-05 20:28:55 INFO     Batch: [34/120] Epoch: [6] Loss: [1.7762424162455968]
2019-04-05 20:28:55 INFO     Batch: [35/120] Epoch: [6] Loss: [1.7770324680540297]
2019-04-05 20:28:55 INFO     Batch: [36/120] Epoch: [6] Loss: [1.7765060566567086]
2019-04-05 20:28:55 INFO     Batch: [37/120] Epoch: [6] Loss: [1.7766674757003784]
2019-04-05 20:28:55 INFO     Batch: [38/120] Epoch: [6] Loss: [1.7756188955062475]
2019-04-05 20:28:55 INFO     Batch: [39/120] Epoch: [6] Loss: [1.7763816267251968]
2019-04-05 20:28:56 INFO     Batch: [40/120] Epoch: [6] Loss: [1.7765738760552756]
2019-04-05 20:28:56 INFO     Batch: [41/120] Epoch: [6] Loss: [1.775151136375609]
2019-04-05 20:28:56 INFO     Batch: [42/120] Epoch: [6] Loss: [1.7749667583509934]
2019-04-05 20:28:56 INFO     Batch: [43/120] Epoch: [6] Loss: [1.774917941201817]
2019-04-05 20:28:56 INFO     Batch: [44/120] Epoch: [6] Loss: [1.773665918244256]
2019-04-05 20:28:56 INFO     Batch: [45/120] Epoch: [6] Loss: [1.7729915328647778]
2019-04-05 20:28:56 INFO     Batch: [46/120] Epoch: [6] Loss: [1.7732186571080635]
2019-04-05 20:28:56 INFO     Batch: [47/120] Epoch: [6] Loss: [1.7725847760836284]
2019-04-05 20:28:56 INFO     Batch: [48/120] Epoch: [6] Loss: [1.7716733509180498]
2019-04-05 20:28:56 INFO     Batch: [49/120] Epoch: [6] Loss: [1.7715690422058106]
2019-04-05 20:28:56 INFO     Batch: [50/120] Epoch: [6] Loss: [1.7701000606312471]
2019-04-05 20:28:56 INFO     Batch: [51/120] Epoch: [6] Loss: [1.7689190117212443]
2019-04-05 20:28:56 INFO     Batch: [52/120] Epoch: [6] Loss: [1.7692725680909067]
2019-04-05 20:28:57 INFO     Batch: [53/120] Epoch: [6] Loss: [1.7677113700796057]
2019-04-05 20:28:57 INFO     Batch: [54/120] Epoch: [6] Loss: [1.7668357220563022]
2019-04-05 20:28:57 INFO     Batch: [55/120] Epoch: [6] Loss: [1.7666805812290736]
2019-04-05 20:28:57 INFO     Batch: [56/120] Epoch: [6] Loss: [1.7667457471814072]
2019-04-05 20:28:57 INFO     Batch: [57/120] Epoch: [6] Loss: [1.76525440503811]
2019-04-05 20:28:57 INFO     Batch: [58/120] Epoch: [6] Loss: [1.7643654407080958]
2019-04-05 20:28:57 INFO     Batch: [59/120] Epoch: [6] Loss: [1.7646497070789338]
2019-04-05 20:28:57 INFO     Batch: [60/120] Epoch: [6] Loss: [1.7646032239569993]
2019-04-05 20:28:57 INFO     Batch: [61/120] Epoch: [6] Loss: [1.76475328207016]
2019-04-05 20:28:57 INFO     Batch: [62/120] Epoch: [6] Loss: [1.7649010211702376]
2019-04-05 20:28:57 INFO     Batch: [63/120] Epoch: [6] Loss: [1.7644034828990698]
2019-04-05 20:28:57 INFO     Batch: [64/120] Epoch: [6] Loss: [1.7642776819375845]
2019-04-05 20:28:57 INFO     Batch: [65/120] Epoch: [6] Loss: [1.7646080869616885]
2019-04-05 20:28:57 INFO     Batch: [66/120] Epoch: [6] Loss: [1.7649985373909793]
2019-04-05 20:28:58 INFO     Batch: [67/120] Epoch: [6] Loss: [1.7645818608648636]
2019-04-05 20:28:58 INFO     Batch: [68/120] Epoch: [6] Loss: [1.7642971968305283]
2019-04-05 20:28:58 INFO     Batch: [69/120] Epoch: [6] Loss: [1.7641963805471148]
2019-04-05 20:28:58 INFO     Batch: [70/120] Epoch: [6] Loss: [1.764332287748095]
2019-04-05 20:28:58 INFO     Batch: [71/120] Epoch: [6] Loss: [1.7640923062960308]
2019-04-05 20:28:58 INFO     Batch: [72/120] Epoch: [6] Loss: [1.7634138358782416]
2019-04-05 20:28:58 INFO     Batch: [73/120] Epoch: [6] Loss: [1.76322379305556]
2019-04-05 20:28:58 INFO     Batch: [74/120] Epoch: [6] Loss: [1.7635820468266805]
2019-04-05 20:28:58 INFO     Batch: [75/120] Epoch: [6] Loss: [1.7636831622374685]
2019-04-05 20:28:58 INFO     Batch: [76/120] Epoch: [6] Loss: [1.763477901359657]
2019-04-05 20:28:58 INFO     Batch: [77/120] Epoch: [6] Loss: [1.763319344092638]
2019-04-05 20:28:58 INFO     Batch: [78/120] Epoch: [6] Loss: [1.7629016351096238]
2019-04-05 20:28:58 INFO     Batch: [79/120] Epoch: [6] Loss: [1.7630935534834862]
2019-04-05 20:28:59 INFO     Batch: [80/120] Epoch: [6] Loss: [1.7619925560774627]
2019-04-05 20:28:59 INFO     Batch: [81/120] Epoch: [6] Loss: [1.7617275264205001]
2019-04-05 20:28:59 INFO     Batch: [82/120] Epoch: [6] Loss: [1.7615067384329186]
2019-04-05 20:28:59 INFO     Batch: [83/120] Epoch: [6] Loss: [1.760427365700404]
2019-04-05 20:28:59 INFO     Batch: [84/120] Epoch: [6] Loss: [1.759819057408501]
2019-04-05 20:28:59 INFO     Batch: [85/120] Epoch: [6] Loss: [1.7595676682716193]
2019-04-05 20:28:59 INFO     Batch: [86/120] Epoch: [6] Loss: [1.7588911193540726]
2019-04-05 20:28:59 INFO     Batch: [87/120] Epoch: [6] Loss: [1.7584386291829022]
2019-04-05 20:28:59 INFO     Batch: [88/120] Epoch: [6] Loss: [1.758785995204797]
2019-04-05 20:28:59 INFO     Batch: [89/120] Epoch: [6] Loss: [1.7586193124453227]
2019-04-05 20:28:59 INFO     Batch: [90/120] Epoch: [6] Loss: [1.758246695602333]
2019-04-05 20:28:59 INFO     Batch: [91/120] Epoch: [6] Loss: [1.7579156847103783]
2019-04-05 20:28:59 INFO     Batch: [92/120] Epoch: [6] Loss: [1.7578184027825632]
2019-04-05 20:29:00 INFO     Batch: [93/120] Epoch: [6] Loss: [1.75746148571055]
2019-04-05 20:29:00 INFO     Batch: [94/120] Epoch: [6] Loss: [1.7575441310280249]
2019-04-05 20:29:00 INFO     Batch: [95/120] Epoch: [6] Loss: [1.7572280652821064]
2019-04-05 20:29:00 INFO     Batch: [96/120] Epoch: [6] Loss: [1.7569254194338297]
2019-04-05 20:29:00 INFO     Batch: [97/120] Epoch: [6] Loss: [1.7569417965655425]
2019-04-05 20:29:00 INFO     Batch: [98/120] Epoch: [6] Loss: [1.7570517869910809]
2019-04-05 20:29:00 INFO     Batch: [99/120] Epoch: [6] Loss: [1.7565955352783202]
2019-04-05 20:29:00 INFO     Batch: [100/120] Epoch: [6] Loss: [1.756661327758638]
2019-04-05 20:29:00 INFO     Batch: [101/120] Epoch: [6] Loss: [1.756085947448132]
2019-04-05 20:29:00 INFO     Batch: [102/120] Epoch: [6] Loss: [1.7557865161340214]
2019-04-05 20:29:00 INFO     Batch: [103/120] Epoch: [6] Loss: [1.755952198918049]
2019-04-05 20:29:00 INFO     Batch: [104/120] Epoch: [6] Loss: [1.7557623306910197]
2019-04-05 20:29:00 INFO     Batch: [105/120] Epoch: [6] Loss: [1.7544999977327742]
2019-04-05 20:29:01 INFO     Batch: [106/120] Epoch: [6] Loss: [1.75466841403569]
2019-04-05 20:29:01 INFO     Batch: [107/120] Epoch: [6] Loss: [1.7549631076830405]
2019-04-05 20:29:01 INFO     Batch: [108/120] Epoch: [6] Loss: [1.7546659412734005]
2019-04-05 20:29:01 INFO     Batch: [109/120] Epoch: [6] Loss: [1.7547950452024286]
2019-04-05 20:29:01 INFO     Batch: [110/120] Epoch: [6] Loss: [1.7543404209721196]
2019-04-05 20:29:01 INFO     Batch: [111/120] Epoch: [6] Loss: [1.754511064716748]
2019-04-05 20:29:01 INFO     Batch: [112/120] Epoch: [6] Loss: [1.7540665706702039]
2019-04-05 20:29:01 INFO     Batch: [113/120] Epoch: [6] Loss: [1.7537128737098293]
2019-04-05 20:29:01 INFO     Batch: [114/120] Epoch: [6] Loss: [1.7537431551062543]
2019-04-05 20:29:01 INFO     Batch: [115/120] Epoch: [6] Loss: [1.7536698045401737]
2019-04-05 20:29:01 INFO     Batch: [116/120] Epoch: [6] Loss: [1.7533974301101816]
2019-04-05 20:29:01 INFO     Batch: [117/120] Epoch: [6] Loss: [1.753499616000612]
2019-04-05 20:29:01 INFO     Batch: [118/120] Epoch: [6] Loss: [1.7538528612681799]
2019-04-05 20:29:01 INFO     Batch: [119/120] Epoch: [6] Loss: [1.7538771986961366]
2019-04-05 20:29:02 INFO     Epoch: [6/2000] Loss: [1.7538771986961366] Accuracy: [0.39981818181818185]
2019-04-05 20:29:03 INFO     Batch: [0/120] Epoch: [7] Loss: [1.6733593940734863]
2019-04-05 20:29:03 INFO     Accuracy: [0.4083636363636364]

2019-04-05 20:29:03 INFO     Batch: [1/120] Epoch: [7] Loss: [1.698840320110321]
2019-04-05 20:29:03 INFO     Batch: [2/120] Epoch: [7] Loss: [1.7239805459976196]
2019-04-05 20:29:04 INFO     Batch: [3/120] Epoch: [7] Loss: [1.711016446352005]
2019-04-05 20:29:04 INFO     Batch: [4/120] Epoch: [7] Loss: [1.7083729028701782]
2019-04-05 20:29:04 INFO     Batch: [5/120] Epoch: [7] Loss: [1.7043051719665527]
2019-04-05 20:29:04 INFO     Batch: [6/120] Epoch: [7] Loss: [1.7183032376425607]
2019-04-05 20:29:04 INFO     Batch: [7/120] Epoch: [7] Loss: [1.7157261222600937]
2019-04-05 20:29:04 INFO     Batch: [8/120] Epoch: [7] Loss: [1.7215142647425334]
2019-04-05 20:29:04 INFO     Batch: [9/120] Epoch: [7] Loss: [1.7188637495040893]
2019-04-05 20:29:04 INFO     Batch: [10/120] Epoch: [7] Loss: [1.7179956869645552]
2019-04-05 20:29:04 INFO     Batch: [11/120] Epoch: [7] Loss: [1.7152817249298096]
2019-04-05 20:29:04 INFO     Batch: [12/120] Epoch: [7] Loss: [1.7125362157821655]
2019-04-05 20:29:04 INFO     Batch: [13/120] Epoch: [7] Loss: [1.712844899722508]
2019-04-05 20:29:04 INFO     Batch: [14/120] Epoch: [7] Loss: [1.7125889301300048]
2019-04-05 20:29:04 INFO     Batch: [15/120] Epoch: [7] Loss: [1.7128461077809334]
2019-04-05 20:29:05 INFO     Batch: [16/120] Epoch: [7] Loss: [1.7153479491963106]
2019-04-05 20:29:05 INFO     Batch: [17/120] Epoch: [7] Loss: [1.7142167223824396]
2019-04-05 20:29:05 INFO     Batch: [18/120] Epoch: [7] Loss: [1.7141835815028141]
2019-04-05 20:29:05 INFO     Batch: [19/120] Epoch: [7] Loss: [1.7151578485965728]
2019-04-05 20:29:05 INFO     Batch: [20/120] Epoch: [7] Loss: [1.713603524934678]
2019-04-05 20:29:05 INFO     Batch: [21/120] Epoch: [7] Loss: [1.7151322852481494]
2019-04-05 20:29:05 INFO     Batch: [22/120] Epoch: [7] Loss: [1.7137824711592302]
2019-04-05 20:29:05 INFO     Batch: [23/120] Epoch: [7] Loss: [1.7119391312201817]
2019-04-05 20:29:05 INFO     Batch: [24/120] Epoch: [7] Loss: [1.7086121940612793]
2019-04-05 20:29:05 INFO     Batch: [25/120] Epoch: [7] Loss: [1.7066184328152583]
2019-04-05 20:29:05 INFO     Batch: [26/120] Epoch: [7] Loss: [1.7049232765480324]
2019-04-05 20:29:05 INFO     Batch: [27/120] Epoch: [7] Loss: [1.7056145838328771]
2019-04-05 20:29:05 INFO     Batch: [28/120] Epoch: [7] Loss: [1.7054305405452335]
