2019-04-05 13:57:50 INFO     Loading Data
2019-04-05 13:57:51 INFO     Model Setting Up
2019-04-05 13:57:58 INFO     Start Training
2019-04-05 13:57:58 INFO     train_dir: ../mnist/train
2019-04-05 13:57:58 INFO     test_dir: ../mnist/test
2019-04-05 13:57:58 INFO     save_dir: ./save
2019-04-05 13:57:58 INFO     num_epochs: 2000
2019-04-05 13:57:58 INFO     batch_size: 500
2019-04-05 13:57:58 INFO     num_points: 512
2019-04-05 13:57:58 INFO     sigma: 0.03
2019-04-05 13:57:58 INFO     log_interval: 1000
2019-04-05 13:57:58 INFO     save_interval: 50
2019-04-05 13:57:58 INFO     baselr: 5e-05
2019-04-05 13:57:58 INFO     density_radius: 0.3
2019-04-05 13:57:58 INFO     feature_out1: 8
2019-04-05 13:57:58 INFO     feature_out2: 16
2019-04-05 13:57:58 INFO     feature_out3: 32
2019-04-05 13:57:58 INFO     feature_out4: 64
2019-04-05 13:57:58 INFO     num_classes: 10
2019-04-05 13:57:58 INFO     bandwidth_0: 8
2019-04-05 13:57:58 INFO     bandwidth_out1: 8
2019-04-05 13:57:58 INFO     bandwidth_out2: 6
2019-04-05 13:57:58 INFO     bandwidth_out3: 4
2019-04-05 13:57:58 INFO     bandwidth_out4: 2
2019-04-05 13:58:05 INFO     Batch: [0/120] Epoch: [0] Loss: [2.3107192516326904]
2019-04-05 13:58:06 INFO     Accuracy: [0.09054545454545454]

2019-04-05 13:58:06 INFO     Batch: [1/120] Epoch: [0] Loss: [2.312139630317688]
2019-04-05 13:58:06 INFO     Batch: [2/120] Epoch: [0] Loss: [2.310213247934977]
2019-04-05 13:58:06 INFO     Batch: [3/120] Epoch: [0] Loss: [2.308763563632965]
2019-04-05 13:58:06 INFO     Batch: [4/120] Epoch: [0] Loss: [2.309058427810669]
2019-04-05 13:58:06 INFO     Batch: [5/120] Epoch: [0] Loss: [2.3071373303731284]
2019-04-05 13:58:07 INFO     Batch: [6/120] Epoch: [0] Loss: [2.3071744782584056]
2019-04-05 13:58:07 INFO     Batch: [7/120] Epoch: [0] Loss: [2.3086827099323273]
2019-04-05 13:58:07 INFO     Batch: [8/120] Epoch: [0] Loss: [2.3081950081719294]
2019-04-05 13:58:07 INFO     Batch: [9/120] Epoch: [0] Loss: [2.3090208530426026]
2019-04-05 13:58:07 INFO     Batch: [10/120] Epoch: [0] Loss: [2.3083209774710913]
2019-04-05 13:58:07 INFO     Batch: [11/120] Epoch: [0] Loss: [2.3081703384717307]
2019-04-05 13:58:07 INFO     Batch: [12/120] Epoch: [0] Loss: [2.307701459297767]
2019-04-05 13:58:07 INFO     Batch: [13/120] Epoch: [0] Loss: [2.308302112988063]
2019-04-05 13:58:07 INFO     Batch: [14/120] Epoch: [0] Loss: [2.3081483205159503]
2019-04-05 13:58:07 INFO     Batch: [15/120] Epoch: [0] Loss: [2.3078862577676773]
2019-04-05 13:58:07 INFO     Batch: [16/120] Epoch: [0] Loss: [2.3072928821339325]
2019-04-05 13:58:07 INFO     Batch: [17/120] Epoch: [0] Loss: [2.307246790991889]
2019-04-05 13:58:07 INFO     Batch: [18/120] Epoch: [0] Loss: [2.306345061251992]
2019-04-05 13:58:08 INFO     Batch: [19/120] Epoch: [0] Loss: [2.3059324502944945]
2019-04-05 13:58:08 INFO     Batch: [20/120] Epoch: [0] Loss: [2.305594035557338]
2019-04-05 13:58:08 INFO     Batch: [21/120] Epoch: [0] Loss: [2.305407166481018]
2019-04-05 13:58:08 INFO     Batch: [22/120] Epoch: [0] Loss: [2.3053350033967392]
2019-04-05 13:58:08 INFO     Batch: [23/120] Epoch: [0] Loss: [2.3051468630631766]
2019-04-05 13:58:08 INFO     Batch: [24/120] Epoch: [0] Loss: [2.3050066089630126]
2019-04-05 13:58:08 INFO     Batch: [25/120] Epoch: [0] Loss: [2.3047839861649733]
2019-04-05 13:58:08 INFO     Batch: [26/120] Epoch: [0] Loss: [2.304364531128495]
2019-04-05 13:58:08 INFO     Batch: [27/120] Epoch: [0] Loss: [2.3040488277162825]
2019-04-05 13:58:08 INFO     Batch: [28/120] Epoch: [0] Loss: [2.3037937509602515]
2019-04-05 13:58:08 INFO     Batch: [29/120] Epoch: [0] Loss: [2.303165078163147]
2019-04-05 13:58:08 INFO     Batch: [30/120] Epoch: [0] Loss: [2.302518213948896]
2019-04-05 13:58:08 INFO     Batch: [31/120] Epoch: [0] Loss: [2.302490882575512]
2019-04-05 13:58:09 INFO     Batch: [32/120] Epoch: [0] Loss: [2.3024201609871606]
2019-04-05 13:58:09 INFO     Batch: [33/120] Epoch: [0] Loss: [2.3021284341812134]
2019-04-05 13:58:09 INFO     Batch: [34/120] Epoch: [0] Loss: [2.30156557900565]
2019-04-05 13:58:09 INFO     Batch: [35/120] Epoch: [0] Loss: [2.301229092809889]
2019-04-05 13:58:09 INFO     Batch: [36/120] Epoch: [0] Loss: [2.3007177211142875]
2019-04-05 13:58:09 INFO     Batch: [37/120] Epoch: [0] Loss: [2.3002340730867887]
2019-04-05 13:58:09 INFO     Batch: [38/120] Epoch: [0] Loss: [2.299810244486882]
2019-04-05 13:58:09 INFO     Batch: [39/120] Epoch: [0] Loss: [2.299476993083954]
2019-04-05 13:58:09 INFO     Batch: [40/120] Epoch: [0] Loss: [2.2990094045313394]
2019-04-05 13:58:09 INFO     Batch: [41/120] Epoch: [0] Loss: [2.2986690430414107]
2019-04-05 13:58:09 INFO     Batch: [42/120] Epoch: [0] Loss: [2.2980356382769207]
2019-04-05 13:58:09 INFO     Batch: [43/120] Epoch: [0] Loss: [2.2978640523823826]
2019-04-05 13:58:09 INFO     Batch: [44/120] Epoch: [0] Loss: [2.297518189748128]
2019-04-05 13:58:10 INFO     Batch: [45/120] Epoch: [0] Loss: [2.296906056611434]
2019-04-05 13:58:10 INFO     Batch: [46/120] Epoch: [0] Loss: [2.296496827551659]
2019-04-05 13:58:10 INFO     Batch: [47/120] Epoch: [0] Loss: [2.2960363576809564]
2019-04-05 13:58:10 INFO     Batch: [48/120] Epoch: [0] Loss: [2.2957622518344802]
2019-04-05 13:58:10 INFO     Batch: [49/120] Epoch: [0] Loss: [2.295463552474976]
2019-04-05 13:58:10 INFO     Batch: [50/120] Epoch: [0] Loss: [2.295285846672806]
2019-04-05 13:58:10 INFO     Batch: [51/120] Epoch: [0] Loss: [2.294970984642322]
2019-04-05 13:58:10 INFO     Batch: [52/120] Epoch: [0] Loss: [2.2946310133304237]
2019-04-05 13:58:10 INFO     Batch: [53/120] Epoch: [0] Loss: [2.2941789715378373]
2019-04-05 13:58:10 INFO     Batch: [54/120] Epoch: [0] Loss: [2.29369122765281]
2019-04-05 13:58:10 INFO     Batch: [55/120] Epoch: [0] Loss: [2.2931881291525706]
2019-04-05 13:58:10 INFO     Batch: [56/120] Epoch: [0] Loss: [2.292904264048526]
2019-04-05 13:58:10 INFO     Batch: [57/120] Epoch: [0] Loss: [2.2923920524531396]
2019-04-05 13:58:11 INFO     Batch: [58/120] Epoch: [0] Loss: [2.29208409988274]
2019-04-05 13:58:11 INFO     Batch: [59/120] Epoch: [0] Loss: [2.2916157523790996]
2019-04-05 13:58:11 INFO     Batch: [60/120] Epoch: [0] Loss: [2.291256138535797]
2019-04-05 13:58:11 INFO     Batch: [61/120] Epoch: [0] Loss: [2.290832619513235]
2019-04-05 13:58:11 INFO     Batch: [62/120] Epoch: [0] Loss: [2.2905767872219993]
2019-04-05 13:58:11 INFO     Batch: [63/120] Epoch: [0] Loss: [2.290237210690975]
2019-04-05 13:58:11 INFO     Batch: [64/120] Epoch: [0] Loss: [2.289810536457942]
2019-04-05 13:58:11 INFO     Batch: [65/120] Epoch: [0] Loss: [2.289718888022683]
2019-04-05 13:58:11 INFO     Batch: [66/120] Epoch: [0] Loss: [2.289339987199698]
2019-04-05 13:58:11 INFO     Batch: [67/120] Epoch: [0] Loss: [2.288946551435134]
2019-04-05 13:58:11 INFO     Batch: [68/120] Epoch: [0] Loss: [2.288659579512002]
2019-04-05 13:58:11 INFO     Batch: [69/120] Epoch: [0] Loss: [2.2883661474500383]
2019-04-05 13:58:11 INFO     Batch: [70/120] Epoch: [0] Loss: [2.288048697189546]
2019-04-05 13:58:11 INFO     Batch: [71/120] Epoch: [0] Loss: [2.287822345892588]
2019-04-05 13:58:12 INFO     Batch: [72/120] Epoch: [0] Loss: [2.287534922769625]
2019-04-05 13:58:12 INFO     Batch: [73/120] Epoch: [0] Loss: [2.287304079210436]
2019-04-05 13:58:12 INFO     Batch: [74/120] Epoch: [0] Loss: [2.286916103363037]
2019-04-05 13:58:12 INFO     Batch: [75/120] Epoch: [0] Loss: [2.2865537091305383]
2019-04-05 13:58:12 INFO     Batch: [76/120] Epoch: [0] Loss: [2.286056865345348]
2019-04-05 13:58:12 INFO     Batch: [77/120] Epoch: [0] Loss: [2.2855591101524158]
2019-04-05 13:58:12 INFO     Batch: [78/120] Epoch: [0] Loss: [2.285108741325668]
2019-04-05 13:58:12 INFO     Batch: [79/120] Epoch: [0] Loss: [2.284842240810394]
2019-04-05 13:58:12 INFO     Batch: [80/120] Epoch: [0] Loss: [2.28454515374737]
2019-04-05 13:58:12 INFO     Batch: [81/120] Epoch: [0] Loss: [2.2842425253333114]
2019-04-05 13:58:12 INFO     Batch: [82/120] Epoch: [0] Loss: [2.283871981034796]
2019-04-05 13:58:12 INFO     Batch: [83/120] Epoch: [0] Loss: [2.283479792731149]
2019-04-05 13:58:12 INFO     Batch: [84/120] Epoch: [0] Loss: [2.2831218943876377]
2019-04-05 13:58:13 INFO     Batch: [85/120] Epoch: [0] Loss: [2.2828154979750166]
2019-04-05 13:58:13 INFO     Batch: [86/120] Epoch: [0] Loss: [2.282422358962311]
2019-04-05 13:58:13 INFO     Batch: [87/120] Epoch: [0] Loss: [2.2820029096169905]
2019-04-05 13:58:13 INFO     Batch: [88/120] Epoch: [0] Loss: [2.281639409868905]
2019-04-05 13:58:13 INFO     Batch: [89/120] Epoch: [0] Loss: [2.2811404625574747]
2019-04-05 13:58:13 INFO     Batch: [90/120] Epoch: [0] Loss: [2.2807439264360365]
2019-04-05 13:58:13 INFO     Batch: [91/120] Epoch: [0] Loss: [2.2802779570869776]
2019-04-05 13:58:13 INFO     Batch: [92/120] Epoch: [0] Loss: [2.2799235184987388]
2019-04-05 13:58:13 INFO     Batch: [93/120] Epoch: [0] Loss: [2.279526028227299]
2019-04-05 13:58:13 INFO     Batch: [94/120] Epoch: [0] Loss: [2.279199284001401]
2019-04-05 13:58:13 INFO     Batch: [95/120] Epoch: [0] Loss: [2.2787715643644333]
2019-04-05 13:58:13 INFO     Batch: [96/120] Epoch: [0] Loss: [2.278536543403704]
2019-04-05 13:58:13 INFO     Batch: [97/120] Epoch: [0] Loss: [2.278132382704287]
2019-04-05 13:58:14 INFO     Batch: [98/120] Epoch: [0] Loss: [2.277680170656455]
2019-04-05 13:58:14 INFO     Batch: [99/120] Epoch: [0] Loss: [2.2773379945755003]
2019-04-05 13:58:14 INFO     Batch: [100/120] Epoch: [0] Loss: [2.276989200327656]
2019-04-05 13:58:14 INFO     Batch: [101/120] Epoch: [0] Loss: [2.276478213422439]
2019-04-05 13:58:14 INFO     Batch: [102/120] Epoch: [0] Loss: [2.2761093343345866]
2019-04-05 13:58:14 INFO     Batch: [103/120] Epoch: [0] Loss: [2.275854924550423]
2019-04-05 13:58:14 INFO     Batch: [104/120] Epoch: [0] Loss: [2.275524613970802]
2019-04-05 13:58:14 INFO     Batch: [105/120] Epoch: [0] Loss: [2.2750463778117918]
2019-04-05 13:58:14 INFO     Batch: [106/120] Epoch: [0] Loss: [2.274667485852108]
2019-04-05 13:58:14 INFO     Batch: [107/120] Epoch: [0] Loss: [2.2743200218236006]
2019-04-05 13:58:14 INFO     Batch: [108/120] Epoch: [0] Loss: [2.2740139108185375]
2019-04-05 13:58:14 INFO     Batch: [109/120] Epoch: [0] Loss: [2.273679115555503]
2019-04-05 13:58:14 INFO     Batch: [110/120] Epoch: [0] Loss: [2.2732214283298804]
2019-04-05 13:58:15 INFO     Batch: [111/120] Epoch: [0] Loss: [2.272934392094612]
2019-04-05 13:58:15 INFO     Batch: [112/120] Epoch: [0] Loss: [2.2725474074878522]
2019-04-05 13:58:15 INFO     Batch: [113/120] Epoch: [0] Loss: [2.272212766764457]
2019-04-05 13:58:15 INFO     Batch: [114/120] Epoch: [0] Loss: [2.2718167304992676]
2019-04-05 13:58:15 INFO     Batch: [115/120] Epoch: [0] Loss: [2.2714450441557785]
2019-04-05 13:58:15 INFO     Batch: [116/120] Epoch: [0] Loss: [2.2709884582421718]
2019-04-05 13:58:15 INFO     Batch: [117/120] Epoch: [0] Loss: [2.2705755112534862]
2019-04-05 13:58:15 INFO     Batch: [118/120] Epoch: [0] Loss: [2.270116553587072]
2019-04-05 13:58:15 INFO     Batch: [119/120] Epoch: [0] Loss: [2.2697057127952576]
2019-04-05 13:58:16 INFO     Epoch: [0/2000] Loss: [2.2697057127952576] Accuracy: [0.32181818181818184]
2019-04-05 13:58:16 INFO     Batch: [0/120] Epoch: [1] Loss: [2.2218525409698486]
2019-04-05 13:58:17 INFO     Accuracy: [0.3161818181818182]

2019-04-05 13:58:17 INFO     Batch: [1/120] Epoch: [1] Loss: [2.2210586071014404]
2019-04-05 13:58:17 INFO     Batch: [2/120] Epoch: [1] Loss: [2.218628247578939]
2019-04-05 13:58:17 INFO     Batch: [3/120] Epoch: [1] Loss: [2.217042922973633]
2019-04-05 13:58:17 INFO     Batch: [4/120] Epoch: [1] Loss: [2.22127366065979]
2019-04-05 13:58:17 INFO     Batch: [5/120] Epoch: [1] Loss: [2.2197001377741494]
2019-04-05 13:58:18 INFO     Batch: [6/120] Epoch: [1] Loss: [2.2193338530404225]
2019-04-05 13:58:18 INFO     Batch: [7/120] Epoch: [1] Loss: [2.2200143337249756]
2019-04-05 13:58:18 INFO     Batch: [8/120] Epoch: [1] Loss: [2.2202845414479575]
2019-04-05 13:58:18 INFO     Batch: [9/120] Epoch: [1] Loss: [2.220083546638489]
2019-04-05 13:58:18 INFO     Batch: [10/120] Epoch: [1] Loss: [2.2187747955322266]
2019-04-05 13:58:18 INFO     Batch: [11/120] Epoch: [1] Loss: [2.217676122983297]
2019-04-05 13:58:18 INFO     Batch: [12/120] Epoch: [1] Loss: [2.217542758354774]
2019-04-05 13:58:18 INFO     Batch: [13/120] Epoch: [1] Loss: [2.21835344178336]
2019-04-05 13:58:18 INFO     Batch: [14/120] Epoch: [1] Loss: [2.2184178829193115]
2019-04-05 13:58:18 INFO     Batch: [15/120] Epoch: [1] Loss: [2.2190122306346893]
2019-04-05 13:58:18 INFO     Batch: [16/120] Epoch: [1] Loss: [2.2186291638542626]
2019-04-05 13:58:18 INFO     Batch: [17/120] Epoch: [1] Loss: [2.2175768083996243]
2019-04-05 13:58:18 INFO     Batch: [18/120] Epoch: [1] Loss: [2.2175840578581156]
2019-04-05 13:58:19 INFO     Batch: [19/120] Epoch: [1] Loss: [2.217313766479492]
2019-04-05 13:58:19 INFO     Batch: [20/120] Epoch: [1] Loss: [2.217289686203003]
2019-04-05 13:58:19 INFO     Batch: [21/120] Epoch: [1] Loss: [2.216550035910173]
2019-04-05 13:58:19 INFO     Batch: [22/120] Epoch: [1] Loss: [2.2156844968381137]
2019-04-05 13:58:19 INFO     Batch: [23/120] Epoch: [1] Loss: [2.2156171600023904]
2019-04-05 13:58:19 INFO     Batch: [24/120] Epoch: [1] Loss: [2.2153632640838623]
2019-04-05 13:58:19 INFO     Batch: [25/120] Epoch: [1] Loss: [2.21489942073822]
2019-04-05 13:58:19 INFO     Batch: [26/120] Epoch: [1] Loss: [2.2144576885082103]
2019-04-05 13:58:19 INFO     Batch: [27/120] Epoch: [1] Loss: [2.2140955328941345]
2019-04-05 13:58:19 INFO     Batch: [28/120] Epoch: [1] Loss: [2.213618648463282]
2019-04-05 13:58:19 INFO     Batch: [29/120] Epoch: [1] Loss: [2.2132676283518475]
2019-04-05 13:58:19 INFO     Batch: [30/120] Epoch: [1] Loss: [2.2129012077085433]
2019-04-05 13:58:19 INFO     Batch: [31/120] Epoch: [1] Loss: [2.2124173641204834]
2019-04-05 13:58:20 INFO     Batch: [32/120] Epoch: [1] Loss: [2.2121408852663906]
2019-04-05 13:58:20 INFO     Batch: [33/120] Epoch: [1] Loss: [2.2117334534140194]
2019-04-05 13:58:20 INFO     Batch: [34/120] Epoch: [1] Loss: [2.2110674721854076]
2019-04-05 13:58:20 INFO     Batch: [35/120] Epoch: [1] Loss: [2.210572315586938]
2019-04-05 13:58:20 INFO     Batch: [36/120] Epoch: [1] Loss: [2.2101986086046375]
2019-04-05 13:58:20 INFO     Batch: [37/120] Epoch: [1] Loss: [2.2096797667051615]
2019-04-05 13:58:20 INFO     Batch: [38/120] Epoch: [1] Loss: [2.2095611156561437]
2019-04-05 13:58:20 INFO     Batch: [39/120] Epoch: [1] Loss: [2.2092413783073424]
2019-04-05 13:58:20 INFO     Batch: [40/120] Epoch: [1] Loss: [2.2091369163699266]
2019-04-05 13:58:20 INFO     Batch: [41/120] Epoch: [1] Loss: [2.208852461406163]
2019-04-05 13:58:20 INFO     Batch: [42/120] Epoch: [1] Loss: [2.2082465138546254]
2019-04-05 13:58:20 INFO     Batch: [43/120] Epoch: [1] Loss: [2.208159376274456]
2019-04-05 13:58:20 INFO     Batch: [44/120] Epoch: [1] Loss: [2.207698424657186]
2019-04-05 13:58:21 INFO     Batch: [45/120] Epoch: [1] Loss: [2.2071454524993896]
2019-04-05 13:58:21 INFO     Batch: [46/120] Epoch: [1] Loss: [2.2067386393851423]
2019-04-05 13:58:21 INFO     Batch: [47/120] Epoch: [1] Loss: [2.2064585785071054]
2019-04-05 13:58:21 INFO     Batch: [48/120] Epoch: [1] Loss: [2.2058518468117225]
2019-04-05 13:58:21 INFO     Batch: [49/120] Epoch: [1] Loss: [2.20550283908844]
2019-04-05 13:58:21 INFO     Batch: [50/120] Epoch: [1] Loss: [2.205464063906202]
2019-04-05 13:58:21 INFO     Batch: [51/120] Epoch: [1] Loss: [2.2053396243315477]
2019-04-05 13:58:21 INFO     Batch: [52/120] Epoch: [1] Loss: [2.204998272769856]
2019-04-05 13:58:21 INFO     Batch: [53/120] Epoch: [1] Loss: [2.204754877973486]
2019-04-05 13:58:21 INFO     Batch: [54/120] Epoch: [1] Loss: [2.2041291583668103]
2019-04-05 13:58:21 INFO     Batch: [55/120] Epoch: [1] Loss: [2.203502127102443]
2019-04-05 13:58:21 INFO     Batch: [56/120] Epoch: [1] Loss: [2.2031371635303163]
2019-04-05 13:58:21 INFO     Batch: [57/120] Epoch: [1] Loss: [2.2028278235731453]
2019-04-05 13:58:22 INFO     Batch: [58/120] Epoch: [1] Loss: [2.2025042186349126]
2019-04-05 13:58:22 INFO     Batch: [59/120] Epoch: [1] Loss: [2.2022183934847512]
2019-04-05 13:58:22 INFO     Batch: [60/120] Epoch: [1] Loss: [2.201688383446365]
2019-04-05 13:58:22 INFO     Batch: [61/120] Epoch: [1] Loss: [2.2014029718214467]
2019-04-05 13:58:22 INFO     Batch: [62/120] Epoch: [1] Loss: [2.2010226287539045]
2019-04-05 13:58:22 INFO     Batch: [63/120] Epoch: [1] Loss: [2.2008162811398506]
2019-04-05 13:58:22 INFO     Batch: [64/120] Epoch: [1] Loss: [2.200450563430786]
2019-04-05 13:58:22 INFO     Batch: [65/120] Epoch: [1] Loss: [2.200002579978018]
2019-04-05 13:58:22 INFO     Batch: [66/120] Epoch: [1] Loss: [2.1996208802977604]
2019-04-05 13:58:22 INFO     Batch: [67/120] Epoch: [1] Loss: [2.199103355407715]
2019-04-05 13:58:22 INFO     Batch: [68/120] Epoch: [1] Loss: [2.198732421018075]
2019-04-05 13:58:22 INFO     Batch: [69/120] Epoch: [1] Loss: [2.1984040362494333]
2019-04-05 13:58:22 INFO     Batch: [70/120] Epoch: [1] Loss: [2.1978520339643453]
2019-04-05 13:58:22 INFO     Batch: [71/120] Epoch: [1] Loss: [2.1973340809345245]
2019-04-05 13:58:23 INFO     Batch: [72/120] Epoch: [1] Loss: [2.1971413893242406]
2019-04-05 13:58:23 INFO     Batch: [73/120] Epoch: [1] Loss: [2.19681238161551]
2019-04-05 13:58:23 INFO     Batch: [74/120] Epoch: [1] Loss: [2.1963147640228273]
2019-04-05 13:58:23 INFO     Batch: [75/120] Epoch: [1] Loss: [2.195766364273272]
2019-04-05 13:58:23 INFO     Batch: [76/120] Epoch: [1] Loss: [2.19530624538273]
2019-04-05 13:58:23 INFO     Batch: [77/120] Epoch: [1] Loss: [2.1951505893316026]
2019-04-05 13:58:23 INFO     Batch: [78/120] Epoch: [1] Loss: [2.1944804704641996]
2019-04-05 13:58:23 INFO     Batch: [79/120] Epoch: [1] Loss: [2.1939188599586488]
2019-04-05 13:58:23 INFO     Batch: [80/120] Epoch: [1] Loss: [2.1932978011943676]
2019-04-05 13:58:23 INFO     Batch: [81/120] Epoch: [1] Loss: [2.192819292952375]
2019-04-05 13:58:23 INFO     Batch: [82/120] Epoch: [1] Loss: [2.192612722695592]
2019-04-05 13:58:23 INFO     Batch: [83/120] Epoch: [1] Loss: [2.1921442463284446]
2019-04-05 13:58:23 INFO     Batch: [84/120] Epoch: [1] Loss: [2.1919150043936337]
2019-04-05 13:58:24 INFO     Batch: [85/120] Epoch: [1] Loss: [2.19164234538411]
2019-04-05 13:58:24 INFO     Batch: [86/120] Epoch: [1] Loss: [2.191337993775291]
2019-04-05 13:58:24 INFO     Batch: [87/120] Epoch: [1] Loss: [2.190791728821668]
2019-04-05 13:58:24 INFO     Batch: [88/120] Epoch: [1] Loss: [2.1905411468462996]
2019-04-05 13:58:24 INFO     Batch: [89/120] Epoch: [1] Loss: [2.190244788593716]
2019-04-05 13:58:24 INFO     Batch: [90/120] Epoch: [1] Loss: [2.189950772694179]
2019-04-05 13:58:24 INFO     Batch: [91/120] Epoch: [1] Loss: [2.189436075480088]
2019-04-05 13:58:24 INFO     Batch: [92/120] Epoch: [1] Loss: [2.1888760802566365]
2019-04-05 13:58:24 INFO     Batch: [93/120] Epoch: [1] Loss: [2.1885765917757722]
2019-04-05 13:58:24 INFO     Batch: [94/120] Epoch: [1] Loss: [2.1882988001170913]
2019-04-05 13:58:24 INFO     Batch: [95/120] Epoch: [1] Loss: [2.1879078348477683]
2019-04-05 13:58:24 INFO     Batch: [96/120] Epoch: [1] Loss: [2.1875369008054437]
2019-04-05 13:58:24 INFO     Batch: [97/120] Epoch: [1] Loss: [2.1870275370928707]
2019-04-05 13:58:25 INFO     Batch: [98/120] Epoch: [1] Loss: [2.186808275453972]
2019-04-05 13:58:25 INFO     Batch: [99/120] Epoch: [1] Loss: [2.186414933204651]
2019-04-05 13:58:25 INFO     Batch: [100/120] Epoch: [1] Loss: [2.185848328146604]
2019-04-05 13:58:25 INFO     Batch: [101/120] Epoch: [1] Loss: [2.18539269063987]
2019-04-05 13:58:25 INFO     Batch: [102/120] Epoch: [1] Loss: [2.184948752227339]
2019-04-05 13:58:25 INFO     Batch: [103/120] Epoch: [1] Loss: [2.184350018317883]
2019-04-05 13:58:25 INFO     Batch: [104/120] Epoch: [1] Loss: [2.183980975832258]
2019-04-05 13:58:25 INFO     Batch: [105/120] Epoch: [1] Loss: [2.1836558647875517]
2019-04-05 13:58:25 INFO     Batch: [106/120] Epoch: [1] Loss: [2.1831162844862892]
2019-04-05 13:58:25 INFO     Batch: [107/120] Epoch: [1] Loss: [2.182600473916089]
2019-04-05 13:58:25 INFO     Batch: [108/120] Epoch: [1] Loss: [2.182245838532754]
2019-04-05 13:58:25 INFO     Batch: [109/120] Epoch: [1] Loss: [2.181745999509638]
2019-04-05 13:58:25 INFO     Batch: [110/120] Epoch: [1] Loss: [2.1814273950215934]
2019-04-05 13:58:26 INFO     Batch: [111/120] Epoch: [1] Loss: [2.1808839440345764]
2019-04-05 13:58:26 INFO     Batch: [112/120] Epoch: [1] Loss: [2.1805339070547998]
2019-04-05 13:58:26 INFO     Batch: [113/120] Epoch: [1] Loss: [2.1801498208129617]
2019-04-05 13:58:26 INFO     Batch: [114/120] Epoch: [1] Loss: [2.179756042231684]
2019-04-05 13:58:26 INFO     Batch: [115/120] Epoch: [1] Loss: [2.1794826881638887]
2019-04-05 13:58:26 INFO     Batch: [116/120] Epoch: [1] Loss: [2.179020502628424]
2019-04-05 13:58:26 INFO     Batch: [117/120] Epoch: [1] Loss: [2.178608538740772]
2019-04-05 13:58:26 INFO     Batch: [118/120] Epoch: [1] Loss: [2.1782375624199877]
2019-04-05 13:58:26 INFO     Batch: [119/120] Epoch: [1] Loss: [2.1778431157271068]
2019-04-05 13:58:27 INFO     Epoch: [1/2000] Loss: [2.1778431157271068] Accuracy: [0.343090909090909]
2019-04-05 13:58:27 INFO     Batch: [0/120] Epoch: [2] Loss: [2.1305992603302]
2019-04-05 13:58:28 INFO     Accuracy: [0.34254545454545454]

2019-04-05 13:58:28 INFO     Batch: [1/120] Epoch: [2] Loss: [2.1276787519454956]
2019-04-05 13:58:28 INFO     Batch: [2/120] Epoch: [2] Loss: [2.1304858525594077]
2019-04-05 13:58:28 INFO     Batch: [3/120] Epoch: [2] Loss: [2.128476858139038]
2019-04-05 13:58:28 INFO     Batch: [4/120] Epoch: [2] Loss: [2.1250025272369384]
2019-04-05 13:58:29 INFO     Batch: [5/120] Epoch: [2] Loss: [2.1267999013264975]
2019-04-05 13:58:29 INFO     Batch: [6/120] Epoch: [2] Loss: [2.1257994174957275]
2019-04-05 13:58:29 INFO     Batch: [7/120] Epoch: [2] Loss: [2.123974025249481]
2019-04-05 13:58:29 INFO     Batch: [8/120] Epoch: [2] Loss: [2.1213617059919567]
2019-04-05 13:58:29 INFO     Batch: [9/120] Epoch: [2] Loss: [2.121508836746216]
2019-04-05 13:58:29 INFO     Batch: [10/120] Epoch: [2] Loss: [2.119954455982555]
2019-04-05 13:58:29 INFO     Batch: [11/120] Epoch: [2] Loss: [2.12011190255483]
2019-04-05 13:58:29 INFO     Batch: [12/120] Epoch: [2] Loss: [2.1207344348614035]
2019-04-05 13:58:29 INFO     Batch: [13/120] Epoch: [2] Loss: [2.11834032194955]
2019-04-05 13:58:29 INFO     Batch: [14/120] Epoch: [2] Loss: [2.1175440311431886]
2019-04-05 13:58:29 INFO     Batch: [15/120] Epoch: [2] Loss: [2.1169621348381042]
2019-04-05 13:58:29 INFO     Batch: [16/120] Epoch: [2] Loss: [2.116076777963077]
2019-04-05 13:58:29 INFO     Batch: [17/120] Epoch: [2] Loss: [2.116377102004157]
2019-04-05 13:58:30 INFO     Batch: [18/120] Epoch: [2] Loss: [2.1161982385735763]
2019-04-05 13:58:30 INFO     Batch: [19/120] Epoch: [2] Loss: [2.114849591255188]
2019-04-05 13:58:30 INFO     Batch: [20/120] Epoch: [2] Loss: [2.1143404302142916]
2019-04-05 13:58:30 INFO     Batch: [21/120] Epoch: [2] Loss: [2.113417235287753]
2019-04-05 13:58:30 INFO     Batch: [22/120] Epoch: [2] Loss: [2.1124543418054995]
2019-04-05 13:58:30 INFO     Batch: [23/120] Epoch: [2] Loss: [2.1133852005004883]
2019-04-05 13:58:30 INFO     Batch: [24/120] Epoch: [2] Loss: [2.1133822917938234]
2019-04-05 13:58:30 INFO     Batch: [25/120] Epoch: [2] Loss: [2.112872673914983]
2019-04-05 13:58:30 INFO     Batch: [26/120] Epoch: [2] Loss: [2.111760413205182]
2019-04-05 13:58:30 INFO     Batch: [27/120] Epoch: [2] Loss: [2.110765985080174]
2019-04-05 13:58:30 INFO     Batch: [28/120] Epoch: [2] Loss: [2.1097497857850174]
2019-04-05 13:58:30 INFO     Batch: [29/120] Epoch: [2] Loss: [2.109645708401998]
2019-04-05 13:58:30 INFO     Batch: [30/120] Epoch: [2] Loss: [2.108006077428018]
2019-04-05 13:58:30 INFO     Batch: [31/120] Epoch: [2] Loss: [2.1078082248568535]
2019-04-05 13:58:31 INFO     Batch: [32/120] Epoch: [2] Loss: [2.106742757739443]
2019-04-05 13:58:31 INFO     Batch: [33/120] Epoch: [2] Loss: [2.1053760682835296]
2019-04-05 13:58:31 INFO     Batch: [34/120] Epoch: [2] Loss: [2.105107661655971]
2019-04-05 13:58:31 INFO     Batch: [35/120] Epoch: [2] Loss: [2.104605237642924]
2019-04-05 13:58:31 INFO     Batch: [36/120] Epoch: [2] Loss: [2.103901631123311]
2019-04-05 13:58:31 INFO     Batch: [37/120] Epoch: [2] Loss: [2.1032672493081344]
2019-04-05 13:58:31 INFO     Batch: [38/120] Epoch: [2] Loss: [2.103103111951779]
2019-04-05 13:58:31 INFO     Batch: [39/120] Epoch: [2] Loss: [2.1025216937065125]
2019-04-05 13:58:31 INFO     Batch: [40/120] Epoch: [2] Loss: [2.101074300161222]
2019-04-05 13:58:31 INFO     Batch: [41/120] Epoch: [2] Loss: [2.101310724303836]
2019-04-05 13:58:31 INFO     Batch: [42/120] Epoch: [2] Loss: [2.1008439341256784]
2019-04-05 13:58:31 INFO     Batch: [43/120] Epoch: [2] Loss: [2.1005416349931196]
2019-04-05 13:58:31 INFO     Batch: [44/120] Epoch: [2] Loss: [2.1003819624582927]
2019-04-05 13:58:32 INFO     Batch: [45/120] Epoch: [2] Loss: [2.0995565186376157]
2019-04-05 13:58:32 INFO     Batch: [46/120] Epoch: [2] Loss: [2.0990250617899795]
2019-04-05 13:58:32 INFO     Batch: [47/120] Epoch: [2] Loss: [2.098694314559301]
2019-04-05 13:58:32 INFO     Batch: [48/120] Epoch: [2] Loss: [2.098176338234726]
2019-04-05 13:58:32 INFO     Batch: [49/120] Epoch: [2] Loss: [2.097414393424988]
2019-04-05 13:58:32 INFO     Batch: [50/120] Epoch: [2] Loss: [2.096865032233444]
2019-04-05 13:58:32 INFO     Batch: [51/120] Epoch: [2] Loss: [2.0959882782055783]
2019-04-05 13:58:32 INFO     Batch: [52/120] Epoch: [2] Loss: [2.0958227661420716]
2019-04-05 13:58:32 INFO     Batch: [53/120] Epoch: [2] Loss: [2.0953583364133483]
2019-04-05 13:58:32 INFO     Batch: [54/120] Epoch: [2] Loss: [2.09476487419822]
2019-04-05 13:58:32 INFO     Batch: [55/120] Epoch: [2] Loss: [2.094346203974315]
2019-04-05 13:58:32 INFO     Batch: [56/120] Epoch: [2] Loss: [2.0933979812421297]
2019-04-05 13:58:32 INFO     Batch: [57/120] Epoch: [2] Loss: [2.0927955446572137]
2019-04-05 13:58:33 INFO     Batch: [58/120] Epoch: [2] Loss: [2.091962289001982]
2019-04-05 13:58:33 INFO     Batch: [59/120] Epoch: [2] Loss: [2.091587217648824]
2019-04-05 13:58:33 INFO     Batch: [60/120] Epoch: [2] Loss: [2.0907325549203843]
2019-04-05 13:58:33 INFO     Batch: [61/120] Epoch: [2] Loss: [2.090034565617961]
2019-04-05 13:58:33 INFO     Batch: [62/120] Epoch: [2] Loss: [2.089713210151309]
2019-04-05 13:58:33 INFO     Batch: [63/120] Epoch: [2] Loss: [2.0894724167883396]
2019-04-05 13:58:33 INFO     Batch: [64/120] Epoch: [2] Loss: [2.0887116285470815]
2019-04-05 13:58:33 INFO     Batch: [65/120] Epoch: [2] Loss: [2.0880684491359824]
2019-04-05 13:58:33 INFO     Batch: [66/120] Epoch: [2] Loss: [2.0877567689810226]
2019-04-05 13:58:33 INFO     Batch: [67/120] Epoch: [2] Loss: [2.0872107884463142]
2019-04-05 13:58:33 INFO     Batch: [68/120] Epoch: [2] Loss: [2.086858279463174]
2019-04-05 13:58:33 INFO     Batch: [69/120] Epoch: [2] Loss: [2.0863881179264614]
2019-04-05 13:58:33 INFO     Batch: [70/120] Epoch: [2] Loss: [2.0859059212912974]
2019-04-05 13:58:34 INFO     Batch: [71/120] Epoch: [2] Loss: [2.0851197805669575]
2019-04-05 13:58:34 INFO     Batch: [72/120] Epoch: [2] Loss: [2.084420429517145]
2019-04-05 13:58:34 INFO     Batch: [73/120] Epoch: [2] Loss: [2.083645662745914]
2019-04-05 13:58:34 INFO     Batch: [74/120] Epoch: [2] Loss: [2.083262707392375]
2019-04-05 13:58:34 INFO     Batch: [75/120] Epoch: [2] Loss: [2.0828962733871057]
2019-04-05 13:58:34 INFO     Batch: [76/120] Epoch: [2] Loss: [2.082644375887784]
2019-04-05 13:58:34 INFO     Batch: [77/120] Epoch: [2] Loss: [2.082244928066547]
2019-04-05 13:58:34 INFO     Batch: [78/120] Epoch: [2] Loss: [2.081953863554363]
2019-04-05 13:58:34 INFO     Batch: [79/120] Epoch: [2] Loss: [2.0814503759145735]
2019-04-05 13:58:34 INFO     Batch: [80/120] Epoch: [2] Loss: [2.0813752398078824]
2019-04-05 13:58:34 INFO     Batch: [81/120] Epoch: [2] Loss: [2.080876443444229]
2019-04-05 13:58:34 INFO     Batch: [82/120] Epoch: [2] Loss: [2.080235171030803]
2019-04-05 13:58:34 INFO     Batch: [83/120] Epoch: [2] Loss: [2.0796994964281716]
2019-04-05 13:58:35 INFO     Batch: [84/120] Epoch: [2] Loss: [2.079214502783383]
2019-04-05 13:58:35 INFO     Batch: [85/120] Epoch: [2] Loss: [2.078691510267036]
2019-04-05 13:58:35 INFO     Batch: [86/120] Epoch: [2] Loss: [2.0781812832273285]
2019-04-05 13:58:35 INFO     Batch: [87/120] Epoch: [2] Loss: [2.0774991566484626]
2019-04-05 13:58:35 INFO     Batch: [88/120] Epoch: [2] Loss: [2.077155225732353]
2019-04-05 13:58:35 INFO     Batch: [89/120] Epoch: [2] Loss: [2.076389853159587]
2019-04-05 13:58:35 INFO     Batch: [90/120] Epoch: [2] Loss: [2.075921962549398]
2019-04-05 13:58:35 INFO     Batch: [91/120] Epoch: [2] Loss: [2.075746538846389]
2019-04-05 13:58:35 INFO     Batch: [92/120] Epoch: [2] Loss: [2.0753522585797053]
2019-04-05 13:58:35 INFO     Batch: [93/120] Epoch: [2] Loss: [2.074682040417448]
2019-04-05 13:58:35 INFO     Batch: [94/120] Epoch: [2] Loss: [2.0741009285575465]
2019-04-05 13:58:35 INFO     Batch: [95/120] Epoch: [2] Loss: [2.0738847156365714]
2019-04-05 13:58:35 INFO     Batch: [96/120] Epoch: [2] Loss: [2.073432671655085]
2019-04-05 13:58:36 INFO     Batch: [97/120] Epoch: [2] Loss: [2.0731697471774355]
2019-04-05 13:58:36 INFO     Batch: [98/120] Epoch: [2] Loss: [2.0726753991059583]
2019-04-05 13:58:36 INFO     Batch: [99/120] Epoch: [2] Loss: [2.0723237776756287]
2019-04-05 13:58:36 INFO     Batch: [100/120] Epoch: [2] Loss: [2.0721239335466137]
2019-04-05 13:58:36 INFO     Batch: [101/120] Epoch: [2] Loss: [2.0715458393096924]
2019-04-05 13:58:36 INFO     Batch: [102/120] Epoch: [2] Loss: [2.0711145262116366]
2019-04-05 13:58:36 INFO     Batch: [103/120] Epoch: [2] Loss: [2.0705509254565606]
2019-04-05 13:58:36 INFO     Batch: [104/120] Epoch: [2] Loss: [2.0697268077305386]
2019-04-05 13:58:36 INFO     Batch: [105/120] Epoch: [2] Loss: [2.0692542858843535]
2019-04-05 13:58:36 INFO     Batch: [106/120] Epoch: [2] Loss: [2.068675288530154]
2019-04-05 13:58:36 INFO     Batch: [107/120] Epoch: [2] Loss: [2.0681118634012012]
2019-04-05 13:58:36 INFO     Batch: [108/120] Epoch: [2] Loss: [2.0675948519225513]
2019-04-05 13:58:36 INFO     Batch: [109/120] Epoch: [2] Loss: [2.0670114668932826]
2019-04-05 13:58:36 INFO     Batch: [110/120] Epoch: [2] Loss: [2.066265256555231]
2019-04-05 13:58:37 INFO     Batch: [111/120] Epoch: [2] Loss: [2.0656538818563734]
2019-04-05 13:58:37 INFO     Batch: [112/120] Epoch: [2] Loss: [2.064927692961904]
2019-04-05 13:58:37 INFO     Batch: [113/120] Epoch: [2] Loss: [2.0642411259182714]
2019-04-05 13:58:37 INFO     Batch: [114/120] Epoch: [2] Loss: [2.063719642680624]
2019-04-05 13:58:37 INFO     Batch: [115/120] Epoch: [2] Loss: [2.063209212031858]
2019-04-05 13:58:37 INFO     Batch: [116/120] Epoch: [2] Loss: [2.0627339670800757]
2019-04-05 13:58:37 INFO     Batch: [117/120] Epoch: [2] Loss: [2.062380878602044]
2019-04-05 13:58:37 INFO     Batch: [118/120] Epoch: [2] Loss: [2.061886980753987]
2019-04-05 13:58:37 INFO     Batch: [119/120] Epoch: [2] Loss: [2.0613395790259044]
2019-04-05 13:58:38 INFO     Epoch: [2/2000] Loss: [2.0613395790259044] Accuracy: [0.35490909090909084]
2019-04-05 13:58:38 INFO     Batch: [0/120] Epoch: [3] Loss: [1.9942233562469482]
2019-04-05 13:58:39 INFO     Accuracy: [0.3569090909090909]

2019-04-05 13:58:39 INFO     Batch: [1/120] Epoch: [3] Loss: [1.9919651746749878]
2019-04-05 13:58:39 INFO     Batch: [2/120] Epoch: [3] Loss: [1.996771256128947]
2019-04-05 13:58:39 INFO     Batch: [3/120] Epoch: [3] Loss: [1.9926655292510986]
2019-04-05 13:58:39 INFO     Batch: [4/120] Epoch: [3] Loss: [1.9837836980819703]
2019-04-05 13:58:39 INFO     Batch: [5/120] Epoch: [3] Loss: [1.988117237885793]
2019-04-05 13:58:40 INFO     Batch: [6/120] Epoch: [3] Loss: [1.9835365670067924]
2019-04-05 13:58:40 INFO     Batch: [7/120] Epoch: [3] Loss: [1.9879005402326584]
2019-04-05 13:58:40 INFO     Batch: [8/120] Epoch: [3] Loss: [1.9874918460845947]
2019-04-05 13:58:40 INFO     Batch: [9/120] Epoch: [3] Loss: [1.9875756740570067]
2019-04-05 13:58:40 INFO     Batch: [10/120] Epoch: [3] Loss: [1.983340393413197]
2019-04-05 13:58:40 INFO     Batch: [11/120] Epoch: [3] Loss: [1.9840477804342906]
2019-04-05 13:58:40 INFO     Batch: [12/120] Epoch: [3] Loss: [1.9807500839233398]
2019-04-05 13:58:40 INFO     Batch: [13/120] Epoch: [3] Loss: [1.9805915185383387]
2019-04-05 13:58:40 INFO     Batch: [14/120] Epoch: [3] Loss: [1.981637708346049]
2019-04-05 13:58:40 INFO     Batch: [15/120] Epoch: [3] Loss: [1.9810767844319344]
2019-04-05 13:58:40 INFO     Batch: [16/120] Epoch: [3] Loss: [1.9798008063260246]
2019-04-05 13:58:40 INFO     Batch: [17/120] Epoch: [3] Loss: [1.9792797168095906]
2019-04-05 13:58:40 INFO     Batch: [18/120] Epoch: [3] Loss: [1.979227153878463]
2019-04-05 13:58:41 INFO     Batch: [19/120] Epoch: [3] Loss: [1.979155021905899]
2019-04-05 13:58:41 INFO     Batch: [20/120] Epoch: [3] Loss: [1.9780410357883997]
2019-04-05 13:58:41 INFO     Batch: [21/120] Epoch: [3] Loss: [1.9795759157700972]
2019-04-05 13:58:41 INFO     Batch: [22/120] Epoch: [3] Loss: [1.9789754722429358]
2019-04-05 13:58:41 INFO     Batch: [23/120] Epoch: [3] Loss: [1.9790921658277512]
2019-04-05 13:58:41 INFO     Batch: [24/120] Epoch: [3] Loss: [1.9780973815917968]
2019-04-05 13:58:41 INFO     Batch: [25/120] Epoch: [3] Loss: [1.9783759667323186]
2019-04-05 13:58:41 INFO     Batch: [26/120] Epoch: [3] Loss: [1.97727428983759]
2019-04-05 13:58:41 INFO     Batch: [27/120] Epoch: [3] Loss: [1.9779622384480067]
2019-04-05 13:58:41 INFO     Batch: [28/120] Epoch: [3] Loss: [1.9769091606140137]
2019-04-05 13:58:41 INFO     Batch: [29/120] Epoch: [3] Loss: [1.9766560594240825]
2019-04-05 13:58:41 INFO     Batch: [30/120] Epoch: [3] Loss: [1.9760008973460044]
2019-04-05 13:58:41 INFO     Batch: [31/120] Epoch: [3] Loss: [1.9759209118783474]
2019-04-05 13:58:42 INFO     Batch: [32/120] Epoch: [3] Loss: [1.976593219872677]
2019-04-05 13:58:42 INFO     Batch: [33/120] Epoch: [3] Loss: [1.9765189079677357]
2019-04-05 13:58:42 INFO     Batch: [34/120] Epoch: [3] Loss: [1.97533939906529]
2019-04-05 13:58:42 INFO     Batch: [35/120] Epoch: [3] Loss: [1.9747543964121077]
2019-04-05 13:58:42 INFO     Batch: [36/120] Epoch: [3] Loss: [1.974265372430956]
2019-04-05 13:58:42 INFO     Batch: [37/120] Epoch: [3] Loss: [1.974216037674954]
2019-04-05 13:58:42 INFO     Batch: [38/120] Epoch: [3] Loss: [1.9734739034603803]
2019-04-05 13:58:42 INFO     Batch: [39/120] Epoch: [3] Loss: [1.972726109623909]
2019-04-05 13:58:42 INFO     Batch: [40/120] Epoch: [3] Loss: [1.9718337814982345]
2019-04-05 13:58:42 INFO     Batch: [41/120] Epoch: [3] Loss: [1.9712596734364827]
2019-04-05 13:58:42 INFO     Batch: [42/120] Epoch: [3] Loss: [1.9707530348799949]
2019-04-05 13:58:42 INFO     Batch: [43/120] Epoch: [3] Loss: [1.9706223525784232]
2019-04-05 13:58:42 INFO     Batch: [44/120] Epoch: [3] Loss: [1.969664986928304]
2019-04-05 13:58:43 INFO     Batch: [45/120] Epoch: [3] Loss: [1.9687780582386514]
2019-04-05 13:58:43 INFO     Batch: [46/120] Epoch: [3] Loss: [1.9677915598483795]
2019-04-05 13:58:43 INFO     Batch: [47/120] Epoch: [3] Loss: [1.966918947796027]
2019-04-05 13:58:43 INFO     Batch: [48/120] Epoch: [3] Loss: [1.9659223118606879]
2019-04-05 13:58:43 INFO     Batch: [49/120] Epoch: [3] Loss: [1.9654303145408631]
2019-04-05 13:58:43 INFO     Batch: [50/120] Epoch: [3] Loss: [1.9649634127523385]
2019-04-05 13:58:43 INFO     Batch: [51/120] Epoch: [3] Loss: [1.9650060786650732]
2019-04-05 13:58:43 INFO     Batch: [52/120] Epoch: [3] Loss: [1.9642383310030092]
2019-04-05 13:58:43 INFO     Batch: [53/120] Epoch: [3] Loss: [1.9643905052432307]
2019-04-05 13:58:43 INFO     Batch: [54/120] Epoch: [3] Loss: [1.9640660199252042]
2019-04-05 13:58:43 INFO     Batch: [55/120] Epoch: [3] Loss: [1.9638693588120597]
2019-04-05 13:58:43 INFO     Batch: [56/120] Epoch: [3] Loss: [1.9632538828933448]
2019-04-05 13:58:43 INFO     Batch: [57/120] Epoch: [3] Loss: [1.9632680477767155]
2019-04-05 13:58:43 INFO     Batch: [58/120] Epoch: [3] Loss: [1.9624740572298986]
2019-04-05 13:58:44 INFO     Batch: [59/120] Epoch: [3] Loss: [1.9620074450969696]
2019-04-05 13:58:44 INFO     Batch: [60/120] Epoch: [3] Loss: [1.961234833373398]
2019-04-05 13:58:44 INFO     Batch: [61/120] Epoch: [3] Loss: [1.9609958548699655]
2019-04-05 13:58:44 INFO     Batch: [62/120] Epoch: [3] Loss: [1.960083560338096]
2019-04-05 13:58:44 INFO     Batch: [63/120] Epoch: [3] Loss: [1.9598009176552296]
2019-04-05 13:58:44 INFO     Batch: [64/120] Epoch: [3] Loss: [1.9591056640331561]
2019-04-05 13:58:44 INFO     Batch: [65/120] Epoch: [3] Loss: [1.9580387382796316]
2019-04-05 13:58:44 INFO     Batch: [66/120] Epoch: [3] Loss: [1.9573470176155887]
2019-04-05 13:58:44 INFO     Batch: [67/120] Epoch: [3] Loss: [1.957226442940095]
2019-04-05 13:58:44 INFO     Batch: [68/120] Epoch: [3] Loss: [1.9564896614655205]
2019-04-05 13:58:44 INFO     Batch: [69/120] Epoch: [3] Loss: [1.9557858296803066]
2019-04-05 13:58:44 INFO     Batch: [70/120] Epoch: [3] Loss: [1.9547853772069368]
2019-04-05 13:58:44 INFO     Batch: [71/120] Epoch: [3] Loss: [1.954030692577362]
2019-04-05 13:58:45 INFO     Batch: [72/120] Epoch: [3] Loss: [1.9535517904856434]
2019-04-05 13:58:45 INFO     Batch: [73/120] Epoch: [3] Loss: [1.9530185106638316]
2019-04-05 13:58:45 INFO     Batch: [74/120] Epoch: [3] Loss: [1.9527464373906454]
2019-04-05 13:58:45 INFO     Batch: [75/120] Epoch: [3] Loss: [1.9521210962220241]
2019-04-05 13:58:45 INFO     Batch: [76/120] Epoch: [3] Loss: [1.9514983644733181]
2019-04-05 13:58:45 INFO     Batch: [77/120] Epoch: [3] Loss: [1.9513387924585588]
2019-04-05 13:58:45 INFO     Batch: [78/120] Epoch: [3] Loss: [1.9506096538109114]
2019-04-05 13:58:45 INFO     Batch: [79/120] Epoch: [3] Loss: [1.9498767465353013]
2019-04-05 13:58:45 INFO     Batch: [80/120] Epoch: [3] Loss: [1.9489333217526659]
2019-04-05 13:58:45 INFO     Batch: [81/120] Epoch: [3] Loss: [1.9485546292328253]
2019-04-05 13:58:45 INFO     Batch: [82/120] Epoch: [3] Loss: [1.947808087590229]
2019-04-05 13:58:45 INFO     Batch: [83/120] Epoch: [3] Loss: [1.9468626805714198]
2019-04-05 13:58:45 INFO     Batch: [84/120] Epoch: [3] Loss: [1.9467983315972721]
2019-04-05 13:58:46 INFO     Batch: [85/120] Epoch: [3] Loss: [1.9462105437766675]
2019-04-05 13:58:46 INFO     Batch: [86/120] Epoch: [3] Loss: [1.9460190781231583]
2019-04-05 13:58:46 INFO     Batch: [87/120] Epoch: [3] Loss: [1.945676867257465]
2019-04-05 13:58:46 INFO     Batch: [88/120] Epoch: [3] Loss: [1.9456874292887998]
2019-04-05 13:58:46 INFO     Batch: [89/120] Epoch: [3] Loss: [1.9451992895868089]
2019-04-05 13:58:46 INFO     Batch: [90/120] Epoch: [3] Loss: [1.9449507299360338]
2019-04-05 13:58:46 INFO     Batch: [91/120] Epoch: [3] Loss: [1.9445269898228024]
2019-04-05 13:58:46 INFO     Batch: [92/120] Epoch: [3] Loss: [1.944216093709392]
2019-04-05 13:58:46 INFO     Batch: [93/120] Epoch: [3] Loss: [1.9435061064172299]
2019-04-05 13:58:46 INFO     Batch: [94/120] Epoch: [3] Loss: [1.943053798926504]
2019-04-05 13:58:46 INFO     Batch: [95/120] Epoch: [3] Loss: [1.9424043397108715]
2019-04-05 13:58:46 INFO     Batch: [96/120] Epoch: [3] Loss: [1.9413744076011108]
2019-04-05 13:58:46 INFO     Batch: [97/120] Epoch: [3] Loss: [1.9411691682679313]
2019-04-05 13:58:47 INFO     Batch: [98/120] Epoch: [3] Loss: [1.9406283588120432]
2019-04-05 13:58:47 INFO     Batch: [99/120] Epoch: [3] Loss: [1.9401151907444]
2019-04-05 13:58:47 INFO     Batch: [100/120] Epoch: [3] Loss: [1.9397263940018001]
2019-04-05 13:58:47 INFO     Batch: [101/120] Epoch: [3] Loss: [1.939337697683596]
2019-04-05 13:58:47 INFO     Batch: [102/120] Epoch: [3] Loss: [1.9387635802759708]
2019-04-05 13:58:47 INFO     Batch: [103/120] Epoch: [3] Loss: [1.9381472032803755]
2019-04-05 13:58:47 INFO     Batch: [104/120] Epoch: [3] Loss: [1.9380033163797288]
2019-04-05 13:58:47 INFO     Batch: [105/120] Epoch: [3] Loss: [1.9377225367528088]
2019-04-05 13:58:47 INFO     Batch: [106/120] Epoch: [3] Loss: [1.937092202846135]
2019-04-05 13:58:47 INFO     Batch: [107/120] Epoch: [3] Loss: [1.936586371174565]
2019-04-05 13:58:47 INFO     Batch: [108/120] Epoch: [3] Loss: [1.936025117515424]
2019-04-05 13:58:47 INFO     Batch: [109/120] Epoch: [3] Loss: [1.9353833523663608]
2019-04-05 13:58:47 INFO     Batch: [110/120] Epoch: [3] Loss: [1.9348774289225672]
2019-04-05 13:58:48 INFO     Batch: [111/120] Epoch: [3] Loss: [1.9345458926899093]
2019-04-05 13:58:48 INFO     Batch: [112/120] Epoch: [3] Loss: [1.9343525551061715]
2019-04-05 13:58:48 INFO     Batch: [113/120] Epoch: [3] Loss: [1.9336525201797485]
2019-04-05 13:58:48 INFO     Batch: [114/120] Epoch: [3] Loss: [1.9330857256184453]
2019-04-05 13:58:48 INFO     Batch: [115/120] Epoch: [3] Loss: [1.9326743966546551]
2019-04-05 13:58:48 INFO     Batch: [116/120] Epoch: [3] Loss: [1.932371701949682]
2019-04-05 13:58:48 INFO     Batch: [117/120] Epoch: [3] Loss: [1.9317381927522563]
2019-04-05 13:58:48 INFO     Batch: [118/120] Epoch: [3] Loss: [1.9310848913272889]
2019-04-05 13:58:48 INFO     Batch: [119/120] Epoch: [3] Loss: [1.9306955873966216]
2019-04-05 13:58:49 INFO     Epoch: [3/2000] Loss: [1.9306955873966216] Accuracy: [0.38127272727272726]
2019-04-05 13:58:49 INFO     Batch: [0/120] Epoch: [4] Loss: [1.8753794431686401]
2019-04-05 13:58:50 INFO     Accuracy: [0.3849090909090909]

2019-04-05 13:58:50 INFO     Batch: [1/120] Epoch: [4] Loss: [1.8714361786842346]
2019-04-05 13:58:50 INFO     Batch: [2/120] Epoch: [4] Loss: [1.871723214785258]
2019-04-05 13:58:50 INFO     Batch: [3/120] Epoch: [4] Loss: [1.8773557841777802]
2019-04-05 13:58:50 INFO     Batch: [4/120] Epoch: [4] Loss: [1.8758850812911987]
2019-04-05 13:58:50 INFO     Batch: [5/120] Epoch: [4] Loss: [1.8755504290262859]
2019-04-05 13:58:51 INFO     Batch: [6/120] Epoch: [4] Loss: [1.8722961800439017]
2019-04-05 13:58:51 INFO     Batch: [7/120] Epoch: [4] Loss: [1.8719049096107483]
2019-04-05 13:58:51 INFO     Batch: [8/120] Epoch: [4] Loss: [1.869381136364407]
2019-04-05 13:58:51 INFO     Batch: [9/120] Epoch: [4] Loss: [1.8725916743278503]
2019-04-05 13:58:51 INFO     Batch: [10/120] Epoch: [4] Loss: [1.8697578365152532]
2019-04-05 13:58:51 INFO     Batch: [11/120] Epoch: [4] Loss: [1.8655031025409698]
2019-04-05 13:58:51 INFO     Batch: [12/120] Epoch: [4] Loss: [1.861505545102633]
2019-04-05 13:58:51 INFO     Batch: [13/120] Epoch: [4] Loss: [1.8592685290745325]
2019-04-05 13:58:51 INFO     Batch: [14/120] Epoch: [4] Loss: [1.8595238129297893]
2019-04-05 13:58:51 INFO     Batch: [15/120] Epoch: [4] Loss: [1.8600519597530365]
2019-04-05 13:58:51 INFO     Batch: [16/120] Epoch: [4] Loss: [1.8610444068908691]
2019-04-05 13:58:51 INFO     Batch: [17/120] Epoch: [4] Loss: [1.860180205769009]
2019-04-05 13:58:51 INFO     Batch: [18/120] Epoch: [4] Loss: [1.8599329245717902]
2019-04-05 13:58:52 INFO     Batch: [19/120] Epoch: [4] Loss: [1.8572510480880737]
2019-04-05 13:58:52 INFO     Batch: [20/120] Epoch: [4] Loss: [1.8549220164616902]
2019-04-05 13:58:52 INFO     Batch: [21/120] Epoch: [4] Loss: [1.8524441881613298]
2019-04-05 13:58:52 INFO     Batch: [22/120] Epoch: [4] Loss: [1.8529978213102922]
2019-04-05 13:58:52 INFO     Batch: [23/120] Epoch: [4] Loss: [1.8530176629622777]
2019-04-05 13:58:52 INFO     Batch: [24/120] Epoch: [4] Loss: [1.8531606388092041]
2019-04-05 13:58:52 INFO     Batch: [25/120] Epoch: [4] Loss: [1.8526858274753277]
2019-04-05 13:58:52 INFO     Batch: [26/120] Epoch: [4] Loss: [1.8507403046996505]
2019-04-05 13:58:52 INFO     Batch: [27/120] Epoch: [4] Loss: [1.8493861598627908]
2019-04-05 13:58:52 INFO     Batch: [28/120] Epoch: [4] Loss: [1.849951143922477]
2019-04-05 13:58:52 INFO     Batch: [29/120] Epoch: [4] Loss: [1.848209023475647]
2019-04-05 13:58:52 INFO     Batch: [30/120] Epoch: [4] Loss: [1.8487942218780518]
2019-04-05 13:58:52 INFO     Batch: [31/120] Epoch: [4] Loss: [1.848712295293808]
2019-04-05 13:58:53 INFO     Batch: [32/120] Epoch: [4] Loss: [1.8489869074387983]
2019-04-05 13:58:53 INFO     Batch: [33/120] Epoch: [4] Loss: [1.8477568661465364]
2019-04-05 13:58:53 INFO     Batch: [34/120] Epoch: [4] Loss: [1.8472797087260655]
2019-04-05 13:58:53 INFO     Batch: [35/120] Epoch: [4] Loss: [1.846562044488059]
2019-04-05 13:58:53 INFO     Batch: [36/120] Epoch: [4] Loss: [1.8474123671248153]
2019-04-05 13:58:53 INFO     Batch: [37/120] Epoch: [4] Loss: [1.8466837406158447]
2019-04-05 13:58:53 INFO     Batch: [38/120] Epoch: [4] Loss: [1.8461995338782287]
2019-04-05 13:58:53 INFO     Batch: [39/120] Epoch: [4] Loss: [1.8448255211114883]
2019-04-05 13:58:53 INFO     Batch: [40/120] Epoch: [4] Loss: [1.8452844241770303]
2019-04-05 13:58:53 INFO     Batch: [41/120] Epoch: [4] Loss: [1.8456579759007408]
2019-04-05 13:58:53 INFO     Batch: [42/120] Epoch: [4] Loss: [1.8463169973950053]
2019-04-05 13:58:53 INFO     Batch: [43/120] Epoch: [4] Loss: [1.8448865549130873]
2019-04-05 13:58:53 INFO     Batch: [44/120] Epoch: [4] Loss: [1.8442633072535197]
2019-04-05 13:58:54 INFO     Batch: [45/120] Epoch: [4] Loss: [1.84342193344365]
2019-04-05 13:58:54 INFO     Batch: [46/120] Epoch: [4] Loss: [1.84279621154704]
2019-04-05 13:58:54 INFO     Batch: [47/120] Epoch: [4] Loss: [1.8427451228102047]
2019-04-05 13:58:54 INFO     Batch: [48/120] Epoch: [4] Loss: [1.8416501989169998]
2019-04-05 13:58:54 INFO     Batch: [49/120] Epoch: [4] Loss: [1.8413325548171997]
2019-04-05 13:58:54 INFO     Batch: [50/120] Epoch: [4] Loss: [1.8410047105714387]
2019-04-05 13:58:54 INFO     Batch: [51/120] Epoch: [4] Loss: [1.8396114798692556]
2019-04-05 13:58:54 INFO     Batch: [52/120] Epoch: [4] Loss: [1.8386619315957122]
2019-04-05 13:58:54 INFO     Batch: [53/120] Epoch: [4] Loss: [1.8384813379358362]
2019-04-05 13:58:54 INFO     Batch: [54/120] Epoch: [4] Loss: [1.8377363486723466]
2019-04-05 13:58:54 INFO     Batch: [55/120] Epoch: [4] Loss: [1.8376204371452332]
2019-04-05 13:58:54 INFO     Batch: [56/120] Epoch: [4] Loss: [1.8383347841731288]
2019-04-05 13:58:54 INFO     Batch: [57/120] Epoch: [4] Loss: [1.8386375081950221]
2019-04-05 13:58:55 INFO     Batch: [58/120] Epoch: [4] Loss: [1.838202458316997]
2019-04-05 13:58:55 INFO     Batch: [59/120] Epoch: [4] Loss: [1.8374241928259532]
2019-04-05 13:58:55 INFO     Batch: [60/120] Epoch: [4] Loss: [1.8364834805003931]
2019-04-05 13:58:55 INFO     Batch: [61/120] Epoch: [4] Loss: [1.836091039642211]
2019-04-05 13:58:55 INFO     Batch: [62/120] Epoch: [4] Loss: [1.8357579443189833]
2019-04-05 13:58:55 INFO     Batch: [63/120] Epoch: [4] Loss: [1.8360547479242086]
2019-04-05 13:58:55 INFO     Batch: [64/120] Epoch: [4] Loss: [1.835381317138672]
2019-04-05 13:58:55 INFO     Batch: [65/120] Epoch: [4] Loss: [1.8351540836420925]
2019-04-05 13:58:55 INFO     Batch: [66/120] Epoch: [4] Loss: [1.8345620543209475]
2019-04-05 13:58:55 INFO     Batch: [67/120] Epoch: [4] Loss: [1.8346978145487167]
2019-04-05 13:58:55 INFO     Batch: [68/120] Epoch: [4] Loss: [1.8348451541817707]
2019-04-05 13:58:55 INFO     Batch: [69/120] Epoch: [4] Loss: [1.8348271931920732]
2019-04-05 13:58:55 INFO     Batch: [70/120] Epoch: [4] Loss: [1.834266167291453]
2019-04-05 13:58:55 INFO     Batch: [71/120] Epoch: [4] Loss: [1.834227196044392]
2019-04-05 13:58:56 INFO     Batch: [72/120] Epoch: [4] Loss: [1.833732351864854]
2019-04-05 13:58:56 INFO     Batch: [73/120] Epoch: [4] Loss: [1.833318423580479]
2019-04-05 13:58:56 INFO     Batch: [74/120] Epoch: [4] Loss: [1.832408374150594]
2019-04-05 13:58:56 INFO     Batch: [75/120] Epoch: [4] Loss: [1.8314897700359947]
2019-04-05 13:58:56 INFO     Batch: [76/120] Epoch: [4] Loss: [1.8309242833744397]
2019-04-05 13:58:56 INFO     Batch: [77/120] Epoch: [4] Loss: [1.8299862879973192]
2019-04-05 13:58:56 INFO     Batch: [78/120] Epoch: [4] Loss: [1.829324275632448]
2019-04-05 13:58:56 INFO     Batch: [79/120] Epoch: [4] Loss: [1.8288030967116355]
2019-04-05 13:58:56 INFO     Batch: [80/120] Epoch: [4] Loss: [1.8277641520088102]
2019-04-05 13:58:56 INFO     Batch: [81/120] Epoch: [4] Loss: [1.8273491277927305]
2019-04-05 13:58:56 INFO     Batch: [82/120] Epoch: [4] Loss: [1.8264919663050088]
2019-04-05 13:58:56 INFO     Batch: [83/120] Epoch: [4] Loss: [1.8260050870123363]
2019-04-05 13:58:56 INFO     Batch: [84/120] Epoch: [4] Loss: [1.8256722899044262]
2019-04-05 13:58:57 INFO     Batch: [85/120] Epoch: [4] Loss: [1.8255279812701912]
2019-04-05 13:58:57 INFO     Batch: [86/120] Epoch: [4] Loss: [1.825302107580777]
2019-04-05 13:58:57 INFO     Batch: [87/120] Epoch: [4] Loss: [1.8245735601945356]
2019-04-05 13:58:57 INFO     Batch: [88/120] Epoch: [4] Loss: [1.824440165851893]
2019-04-05 13:58:57 INFO     Batch: [89/120] Epoch: [4] Loss: [1.8244155830807156]
2019-04-05 13:58:57 INFO     Batch: [90/120] Epoch: [4] Loss: [1.824111358150021]
2019-04-05 13:58:57 INFO     Batch: [91/120] Epoch: [4] Loss: [1.8239478909451028]
2019-04-05 13:58:57 INFO     Batch: [92/120] Epoch: [4] Loss: [1.8231323624169955]
2019-04-05 13:58:57 INFO     Batch: [93/120] Epoch: [4] Loss: [1.822051393224838]
2019-04-05 13:58:57 INFO     Batch: [94/120] Epoch: [4] Loss: [1.8217263297030801]
2019-04-05 13:58:57 INFO     Batch: [95/120] Epoch: [4] Loss: [1.8210601309935253]
2019-04-05 13:58:57 INFO     Batch: [96/120] Epoch: [4] Loss: [1.8203946560928501]
2019-04-05 13:58:57 INFO     Batch: [97/120] Epoch: [4] Loss: [1.8195505057062422]
2019-04-05 13:58:58 INFO     Batch: [98/120] Epoch: [4] Loss: [1.8191210320501616]
2019-04-05 13:58:58 INFO     Batch: [99/120] Epoch: [4] Loss: [1.8196863615512848]
2019-04-05 13:58:58 INFO     Batch: [100/120] Epoch: [4] Loss: [1.8192280047010667]
2019-04-05 13:58:58 INFO     Batch: [101/120] Epoch: [4] Loss: [1.8185379446721543]
2019-04-05 13:58:58 INFO     Batch: [102/120] Epoch: [4] Loss: [1.8176507567896427]
2019-04-05 13:58:58 INFO     Batch: [103/120] Epoch: [4] Loss: [1.8171777725219727]
2019-04-05 13:58:58 INFO     Batch: [104/120] Epoch: [4] Loss: [1.8168489024752663]
2019-04-05 13:58:58 INFO     Batch: [105/120] Epoch: [4] Loss: [1.816316268354092]
2019-04-05 13:58:58 INFO     Batch: [106/120] Epoch: [4] Loss: [1.8160540767919238]
2019-04-05 13:58:58 INFO     Batch: [107/120] Epoch: [4] Loss: [1.8150068974053417]
2019-04-05 13:58:58 INFO     Batch: [108/120] Epoch: [4] Loss: [1.814341373399857]
2019-04-05 13:58:58 INFO     Batch: [109/120] Epoch: [4] Loss: [1.8138771902431141]
2019-04-05 13:58:58 INFO     Batch: [110/120] Epoch: [4] Loss: [1.814026319228851]
2019-04-05 13:58:59 INFO     Batch: [111/120] Epoch: [4] Loss: [1.8136435183031219]
2019-04-05 13:58:59 INFO     Batch: [112/120] Epoch: [4] Loss: [1.8132593294160555]
2019-04-05 13:58:59 INFO     Batch: [113/120] Epoch: [4] Loss: [1.8128887603157444]
2019-04-05 13:58:59 INFO     Batch: [114/120] Epoch: [4] Loss: [1.8125394219937532]
2019-04-05 13:58:59 INFO     Batch: [115/120] Epoch: [4] Loss: [1.8121170288529889]
2019-04-05 13:58:59 INFO     Batch: [116/120] Epoch: [4] Loss: [1.8118089417107084]
2019-04-05 13:58:59 INFO     Batch: [117/120] Epoch: [4] Loss: [1.8114621396792137]
2019-04-05 13:58:59 INFO     Batch: [118/120] Epoch: [4] Loss: [1.810915246731093]
2019-04-05 13:58:59 INFO     Batch: [119/120] Epoch: [4] Loss: [1.8110704908768336]
2019-04-05 13:59:00 INFO     Epoch: [4/2000] Loss: [1.8110704908768336] Accuracy: [0.3954545454545455]
2019-04-05 13:59:00 INFO     Batch: [0/120] Epoch: [5] Loss: [1.7514957189559937]
2019-04-05 13:59:01 INFO     Accuracy: [0.3858181818181819]

2019-04-05 13:59:01 INFO     Batch: [1/120] Epoch: [5] Loss: [1.7439809441566467]
2019-04-05 13:59:01 INFO     Batch: [2/120] Epoch: [5] Loss: [1.7388676404953003]
2019-04-05 13:59:01 INFO     Batch: [3/120] Epoch: [5] Loss: [1.7635396122932434]
2019-04-05 13:59:01 INFO     Batch: [4/120] Epoch: [5] Loss: [1.755197286605835]
2019-04-05 13:59:02 INFO     Batch: [5/120] Epoch: [5] Loss: [1.7531104882558186]
2019-04-05 13:59:02 INFO     Batch: [6/120] Epoch: [5] Loss: [1.755737066268921]
2019-04-05 13:59:02 INFO     Batch: [7/120] Epoch: [5] Loss: [1.7552304714918137]
2019-04-05 13:59:02 INFO     Batch: [8/120] Epoch: [5] Loss: [1.7591817246543036]
2019-04-05 13:59:02 INFO     Batch: [9/120] Epoch: [5] Loss: [1.7597760677337646]
2019-04-05 13:59:02 INFO     Batch: [10/120] Epoch: [5] Loss: [1.7632480968128552]
2019-04-05 13:59:02 INFO     Batch: [11/120] Epoch: [5] Loss: [1.767734944820404]
2019-04-05 13:59:02 INFO     Batch: [12/120] Epoch: [5] Loss: [1.7667219730523915]
2019-04-05 13:59:02 INFO     Batch: [13/120] Epoch: [5] Loss: [1.7626536658832006]
2019-04-05 13:59:02 INFO     Batch: [14/120] Epoch: [5] Loss: [1.7640905777613323]
2019-04-05 13:59:02 INFO     Batch: [15/120] Epoch: [5] Loss: [1.7667608708143234]
2019-04-05 13:59:02 INFO     Batch: [16/120] Epoch: [5] Loss: [1.7650945396984326]
2019-04-05 13:59:02 INFO     Batch: [17/120] Epoch: [5] Loss: [1.7663404875331454]
2019-04-05 13:59:02 INFO     Batch: [18/120] Epoch: [5] Loss: [1.7660003461335834]
2019-04-05 13:59:03 INFO     Batch: [19/120] Epoch: [5] Loss: [1.765406173467636]
2019-04-05 13:59:03 INFO     Batch: [20/120] Epoch: [5] Loss: [1.7646748906090146]
2019-04-05 13:59:03 INFO     Batch: [21/120] Epoch: [5] Loss: [1.7630872455510227]
2019-04-05 13:59:03 INFO     Batch: [22/120] Epoch: [5] Loss: [1.763862044914909]
2019-04-05 13:59:03 INFO     Batch: [23/120] Epoch: [5] Loss: [1.7642093747854233]
2019-04-05 13:59:03 INFO     Batch: [24/120] Epoch: [5] Loss: [1.7675939035415649]
2019-04-05 13:59:03 INFO     Batch: [25/120] Epoch: [5] Loss: [1.7661965856185327]
2019-04-05 13:59:03 INFO     Batch: [26/120] Epoch: [5] Loss: [1.7648160501762673]
2019-04-05 13:59:03 INFO     Batch: [27/120] Epoch: [5] Loss: [1.7655205513749803]
2019-04-05 13:59:03 INFO     Batch: [28/120] Epoch: [5] Loss: [1.763347551740449]
2019-04-05 13:59:03 INFO     Batch: [29/120] Epoch: [5] Loss: [1.7614334185918172]
2019-04-05 13:59:03 INFO     Batch: [30/120] Epoch: [5] Loss: [1.7607162652477142]
2019-04-05 13:59:03 INFO     Batch: [31/120] Epoch: [5] Loss: [1.7595694735646248]
2019-04-05 13:59:04 INFO     Batch: [32/120] Epoch: [5] Loss: [1.7590916662505178]
2019-04-05 13:59:04 INFO     Batch: [33/120] Epoch: [5] Loss: [1.7573834482361288]
2019-04-05 13:59:04 INFO     Batch: [34/120] Epoch: [5] Loss: [1.7559270926884243]
2019-04-05 13:59:04 INFO     Batch: [35/120] Epoch: [5] Loss: [1.7542099124855466]
2019-04-05 13:59:04 INFO     Batch: [36/120] Epoch: [5] Loss: [1.7546198400291237]
2019-04-05 13:59:04 INFO     Batch: [37/120] Epoch: [5] Loss: [1.7531540676167137]
2019-04-05 13:59:04 INFO     Batch: [38/120] Epoch: [5] Loss: [1.7545304420666816]
2019-04-05 13:59:04 INFO     Batch: [39/120] Epoch: [5] Loss: [1.752809852361679]
2019-04-05 13:59:04 INFO     Batch: [40/120] Epoch: [5] Loss: [1.7531654514917514]
2019-04-05 13:59:04 INFO     Batch: [41/120] Epoch: [5] Loss: [1.7523859370322454]
2019-04-05 13:59:04 INFO     Batch: [42/120] Epoch: [5] Loss: [1.7512955000234205]
2019-04-05 13:59:04 INFO     Batch: [43/120] Epoch: [5] Loss: [1.7515920861200853]
2019-04-05 13:59:04 INFO     Batch: [44/120] Epoch: [5] Loss: [1.7512997733222113]
2019-04-05 13:59:05 INFO     Batch: [45/120] Epoch: [5] Loss: [1.7509135370669158]
2019-04-05 13:59:05 INFO     Batch: [46/120] Epoch: [5] Loss: [1.7496788121284323]
2019-04-05 13:59:05 INFO     Batch: [47/120] Epoch: [5] Loss: [1.7506491964062054]
2019-04-05 13:59:05 INFO     Batch: [48/120] Epoch: [5] Loss: [1.7501551764351981]
2019-04-05 13:59:05 INFO     Batch: [49/120] Epoch: [5] Loss: [1.7497139644622803]
2019-04-05 13:59:05 INFO     Batch: [50/120] Epoch: [5] Loss: [1.7497802949419208]
2019-04-05 13:59:05 INFO     Batch: [51/120] Epoch: [5] Loss: [1.7482171127429376]
2019-04-05 13:59:05 INFO     Batch: [52/120] Epoch: [5] Loss: [1.7472508830844231]
2019-04-05 13:59:05 INFO     Batch: [53/120] Epoch: [5] Loss: [1.7458023009476837]
2019-04-05 13:59:05 INFO     Batch: [54/120] Epoch: [5] Loss: [1.745841949636286]
2019-04-05 13:59:05 INFO     Batch: [55/120] Epoch: [5] Loss: [1.7450597413948603]
2019-04-05 13:59:05 INFO     Batch: [56/120] Epoch: [5] Loss: [1.7439551269798947]
2019-04-05 13:59:05 INFO     Batch: [57/120] Epoch: [5] Loss: [1.7432569943625351]
2019-04-05 13:59:06 INFO     Batch: [58/120] Epoch: [5] Loss: [1.743362685381356]
2019-04-05 13:59:06 INFO     Batch: [59/120] Epoch: [5] Loss: [1.7438867926597594]
2019-04-05 13:59:06 INFO     Batch: [60/120] Epoch: [5] Loss: [1.7436574423899416]
2019-04-05 13:59:06 INFO     Batch: [61/120] Epoch: [5] Loss: [1.743735549911376]
2019-04-05 13:59:06 INFO     Batch: [62/120] Epoch: [5] Loss: [1.7422539090353346]
2019-04-05 13:59:06 INFO     Batch: [63/120] Epoch: [5] Loss: [1.741672109812498]
2019-04-05 13:59:06 INFO     Batch: [64/120] Epoch: [5] Loss: [1.7404081711402306]
2019-04-05 13:59:06 INFO     Batch: [65/120] Epoch: [5] Loss: [1.7396645220843228]
2019-04-05 13:59:06 INFO     Batch: [66/120] Epoch: [5] Loss: [1.7388263389245788]
2019-04-05 13:59:06 INFO     Batch: [67/120] Epoch: [5] Loss: [1.7385447673937853]
2019-04-05 13:59:06 INFO     Batch: [68/120] Epoch: [5] Loss: [1.7383103111515874]
2019-04-05 13:59:06 INFO     Batch: [69/120] Epoch: [5] Loss: [1.7372364214488438]
2019-04-05 13:59:06 INFO     Batch: [70/120] Epoch: [5] Loss: [1.7363192044513327]
2019-04-05 13:59:07 INFO     Batch: [71/120] Epoch: [5] Loss: [1.7370938625600603]
2019-04-05 13:59:07 INFO     Batch: [72/120] Epoch: [5] Loss: [1.7367991682601303]
2019-04-05 13:59:07 INFO     Batch: [73/120] Epoch: [5] Loss: [1.7360511889328827]
2019-04-05 13:59:07 INFO     Batch: [74/120] Epoch: [5] Loss: [1.73470117410024]
2019-04-05 13:59:07 INFO     Batch: [75/120] Epoch: [5] Loss: [1.7337445052046525]
2019-04-05 13:59:07 INFO     Batch: [76/120] Epoch: [5] Loss: [1.7330004704463018]
2019-04-05 13:59:07 INFO     Batch: [77/120] Epoch: [5] Loss: [1.7328346707882025]
2019-04-05 13:59:07 INFO     Batch: [78/120] Epoch: [5] Loss: [1.7325189822836766]
2019-04-05 13:59:07 INFO     Batch: [79/120] Epoch: [5] Loss: [1.7321182861924171]
2019-04-05 13:59:07 INFO     Batch: [80/120] Epoch: [5] Loss: [1.7318845692976021]
2019-04-05 13:59:07 INFO     Batch: [81/120] Epoch: [5] Loss: [1.7315722369566195]
2019-04-05 13:59:07 INFO     Batch: [82/120] Epoch: [5] Loss: [1.731087729155299]
2019-04-05 13:59:07 INFO     Batch: [83/120] Epoch: [5] Loss: [1.7306804656982422]
2019-04-05 13:59:07 INFO     Batch: [84/120] Epoch: [5] Loss: [1.730326777345994]
2019-04-05 13:59:08 INFO     Batch: [85/120] Epoch: [5] Loss: [1.7302999579629232]
2019-04-05 13:59:08 INFO     Batch: [86/120] Epoch: [5] Loss: [1.730430811301045]
2019-04-05 13:59:08 INFO     Batch: [87/120] Epoch: [5] Loss: [1.7301344695416363]
2019-04-05 13:59:08 INFO     Batch: [88/120] Epoch: [5] Loss: [1.7304326068149525]
2019-04-05 13:59:08 INFO     Batch: [89/120] Epoch: [5] Loss: [1.7304042524761625]
2019-04-05 13:59:08 INFO     Batch: [90/120] Epoch: [5] Loss: [1.730327036354568]
2019-04-05 13:59:08 INFO     Batch: [91/120] Epoch: [5] Loss: [1.7295835614204407]
2019-04-05 13:59:08 INFO     Batch: [92/120] Epoch: [5] Loss: [1.729033822654396]
2019-04-05 13:59:08 INFO     Batch: [93/120] Epoch: [5] Loss: [1.729285421523642]
2019-04-05 13:59:08 INFO     Batch: [94/120] Epoch: [5] Loss: [1.7289980060175845]
2019-04-05 13:59:08 INFO     Batch: [95/120] Epoch: [5] Loss: [1.7281330140928428]
2019-04-05 13:59:08 INFO     Batch: [96/120] Epoch: [5] Loss: [1.7284683370098626]
2019-04-05 13:59:08 INFO     Batch: [97/120] Epoch: [5] Loss: [1.7282105805922527]
2019-04-05 13:59:09 INFO     Batch: [98/120] Epoch: [5] Loss: [1.7282244870156953]
2019-04-05 13:59:09 INFO     Batch: [99/120] Epoch: [5] Loss: [1.7286552131175994]
2019-04-05 13:59:09 INFO     Batch: [100/120] Epoch: [5] Loss: [1.7281393780566678]
2019-04-05 13:59:09 INFO     Batch: [101/120] Epoch: [5] Loss: [1.7275489311592251]
2019-04-05 13:59:09 INFO     Batch: [102/120] Epoch: [5] Loss: [1.7268423038778953]
2019-04-05 13:59:09 INFO     Batch: [103/120] Epoch: [5] Loss: [1.7261293186591222]
2019-04-05 13:59:09 INFO     Batch: [104/120] Epoch: [5] Loss: [1.725524411882673]
2019-04-05 13:59:09 INFO     Batch: [105/120] Epoch: [5] Loss: [1.7258736513695627]
2019-04-05 13:59:09 INFO     Batch: [106/120] Epoch: [5] Loss: [1.7260748181387642]
2019-04-05 13:59:09 INFO     Batch: [107/120] Epoch: [5] Loss: [1.7260319844440177]
2019-04-05 13:59:09 INFO     Batch: [108/120] Epoch: [5] Loss: [1.7261437341707562]
2019-04-05 13:59:09 INFO     Batch: [109/120] Epoch: [5] Loss: [1.7263964902270923]
2019-04-05 13:59:09 INFO     Batch: [110/120] Epoch: [5] Loss: [1.726747074642697]
2019-04-05 13:59:10 INFO     Batch: [111/120] Epoch: [5] Loss: [1.7270772925445013]
2019-04-05 13:59:10 INFO     Batch: [112/120] Epoch: [5] Loss: [1.7265826263258943]
2019-04-05 13:59:10 INFO     Batch: [113/120] Epoch: [5] Loss: [1.7268184643042714]
2019-04-05 13:59:10 INFO     Batch: [114/120] Epoch: [5] Loss: [1.7263115582258806]
2019-04-05 13:59:10 INFO     Batch: [115/120] Epoch: [5] Loss: [1.7263409115117172]
2019-04-05 13:59:10 INFO     Batch: [116/120] Epoch: [5] Loss: [1.7258957532735972]
2019-04-05 13:59:10 INFO     Batch: [117/120] Epoch: [5] Loss: [1.7257542923345404]
2019-04-05 13:59:10 INFO     Batch: [118/120] Epoch: [5] Loss: [1.7256517871087338]
2019-04-05 13:59:10 INFO     Batch: [119/120] Epoch: [5] Loss: [1.7251581321159999]
2019-04-05 13:59:11 INFO     Epoch: [5/2000] Loss: [1.7251581321159999] Accuracy: [0.40381818181818185]
2019-04-05 13:59:11 INFO     Batch: [0/120] Epoch: [6] Loss: [1.741720199584961]
2019-04-05 13:59:12 INFO     Accuracy: [0.4090909090909091]

2019-04-05 13:59:12 INFO     Batch: [1/120] Epoch: [6] Loss: [1.7359602451324463]
2019-04-05 13:59:12 INFO     Batch: [2/120] Epoch: [6] Loss: [1.7290204763412476]
2019-04-05 13:59:12 INFO     Batch: [3/120] Epoch: [6] Loss: [1.7113329470157623]
2019-04-05 13:59:12 INFO     Batch: [4/120] Epoch: [6] Loss: [1.6996602296829224]
2019-04-05 13:59:13 INFO     Batch: [5/120] Epoch: [6] Loss: [1.6946256160736084]
2019-04-05 13:59:13 INFO     Batch: [6/120] Epoch: [6] Loss: [1.6808184896196638]
2019-04-05 13:59:13 INFO     Batch: [7/120] Epoch: [6] Loss: [1.6891416758298874]
2019-04-05 13:59:13 INFO     Batch: [8/120] Epoch: [6] Loss: [1.6883221864700317]
2019-04-05 13:59:13 INFO     Batch: [9/120] Epoch: [6] Loss: [1.6859517574310303]
2019-04-05 13:59:13 INFO     Batch: [10/120] Epoch: [6] Loss: [1.6856954206119885]
2019-04-05 13:59:13 INFO     Batch: [11/120] Epoch: [6] Loss: [1.6893591582775116]
2019-04-05 13:59:13 INFO     Batch: [12/120] Epoch: [6] Loss: [1.6870775589576135]
2019-04-05 13:59:13 INFO     Batch: [13/120] Epoch: [6] Loss: [1.6860186117036002]
2019-04-05 13:59:13 INFO     Batch: [14/120] Epoch: [6] Loss: [1.6845664739608766]
2019-04-05 13:59:13 INFO     Batch: [15/120] Epoch: [6] Loss: [1.681446760892868]
2019-04-05 13:59:13 INFO     Batch: [16/120] Epoch: [6] Loss: [1.6813322165433098]
2019-04-05 13:59:13 INFO     Batch: [17/120] Epoch: [6] Loss: [1.6783171031210158]
2019-04-05 13:59:13 INFO     Batch: [18/120] Epoch: [6] Loss: [1.6806663839440596]
2019-04-05 13:59:14 INFO     Batch: [19/120] Epoch: [6] Loss: [1.6829151690006257]
2019-04-05 13:59:14 INFO     Batch: [20/120] Epoch: [6] Loss: [1.6834861834843953]
2019-04-05 13:59:14 INFO     Batch: [21/120] Epoch: [6] Loss: [1.6823771812699058]
2019-04-05 13:59:14 INFO     Batch: [22/120] Epoch: [6] Loss: [1.6819723844528198]
2019-04-05 13:59:14 INFO     Batch: [23/120] Epoch: [6] Loss: [1.6830906967322032]
2019-04-05 13:59:14 INFO     Batch: [24/120] Epoch: [6] Loss: [1.681055212020874]
2019-04-05 13:59:14 INFO     Batch: [25/120] Epoch: [6] Loss: [1.679456536586468]
2019-04-05 13:59:14 INFO     Batch: [26/120] Epoch: [6] Loss: [1.680518013459665]
2019-04-05 13:59:14 INFO     Batch: [27/120] Epoch: [6] Loss: [1.6798212443079268]
2019-04-05 13:59:14 INFO     Batch: [28/120] Epoch: [6] Loss: [1.6779197659985772]
2019-04-05 13:59:14 INFO     Batch: [29/120] Epoch: [6] Loss: [1.6778646032015483]
2019-04-05 13:59:14 INFO     Batch: [30/120] Epoch: [6] Loss: [1.6788057742580291]
2019-04-05 13:59:14 INFO     Batch: [31/120] Epoch: [6] Loss: [1.6790077053010464]
2019-04-05 13:59:15 INFO     Batch: [32/120] Epoch: [6] Loss: [1.6796042521794636]
2019-04-05 13:59:15 INFO     Batch: [33/120] Epoch: [6] Loss: [1.6806742268450119]
2019-04-05 13:59:15 INFO     Batch: [34/120] Epoch: [6] Loss: [1.680369986806597]
2019-04-05 13:59:15 INFO     Batch: [35/120] Epoch: [6] Loss: [1.6802465617656708]
2019-04-05 13:59:15 INFO     Batch: [36/120] Epoch: [6] Loss: [1.6785138426600277]
2019-04-05 13:59:15 INFO     Batch: [37/120] Epoch: [6] Loss: [1.678772342832465]
2019-04-05 13:59:15 INFO     Batch: [38/120] Epoch: [6] Loss: [1.6766698513275538]
2019-04-05 13:59:15 INFO     Batch: [39/120] Epoch: [6] Loss: [1.6763225764036178]
2019-04-05 13:59:15 INFO     Batch: [40/120] Epoch: [6] Loss: [1.674871761624406]
2019-04-05 13:59:15 INFO     Batch: [41/120] Epoch: [6] Loss: [1.6751007778303963]
2019-04-05 13:59:15 INFO     Batch: [42/120] Epoch: [6] Loss: [1.672715655592985]
2019-04-05 13:59:15 INFO     Batch: [43/120] Epoch: [6] Loss: [1.672616403211247]
2019-04-05 13:59:15 INFO     Batch: [44/120] Epoch: [6] Loss: [1.6732929706573487]
2019-04-05 13:59:16 INFO     Batch: [45/120] Epoch: [6] Loss: [1.6704777634662131]
2019-04-05 13:59:16 INFO     Batch: [46/120] Epoch: [6] Loss: [1.6707177542625589]
2019-04-05 13:59:16 INFO     Batch: [47/120] Epoch: [6] Loss: [1.6709094295899074]
2019-04-05 13:59:16 INFO     Batch: [48/120] Epoch: [6] Loss: [1.6715231404012563]
2019-04-05 13:59:16 INFO     Batch: [49/120] Epoch: [6] Loss: [1.6715416932106018]
2019-04-05 13:59:16 INFO     Batch: [50/120] Epoch: [6] Loss: [1.6704602218141742]
2019-04-05 13:59:16 INFO     Batch: [51/120] Epoch: [6] Loss: [1.6688499175585234]
2019-04-05 13:59:16 INFO     Batch: [52/120] Epoch: [6] Loss: [1.6688191418377858]
2019-04-05 13:59:16 INFO     Batch: [53/120] Epoch: [6] Loss: [1.668449013321488]
2019-04-05 13:59:16 INFO     Batch: [54/120] Epoch: [6] Loss: [1.66704204082489]
2019-04-05 13:59:16 INFO     Batch: [55/120] Epoch: [6] Loss: [1.6675256873880113]
2019-04-05 13:59:16 INFO     Batch: [56/120] Epoch: [6] Loss: [1.6655772527058919]
2019-04-05 13:59:16 INFO     Batch: [57/120] Epoch: [6] Loss: [1.6656538864661907]
2019-04-05 13:59:17 INFO     Batch: [58/120] Epoch: [6] Loss: [1.666230838177568]
2019-04-05 13:59:17 INFO     Batch: [59/120] Epoch: [6] Loss: [1.665576813618342]
2019-04-05 13:59:17 INFO     Batch: [60/120] Epoch: [6] Loss: [1.6635931886610438]
2019-04-05 13:59:17 INFO     Batch: [61/120] Epoch: [6] Loss: [1.6627063520493046]
2019-04-05 13:59:17 INFO     Batch: [62/120] Epoch: [6] Loss: [1.6621075906450786]
2019-04-05 13:59:17 INFO     Batch: [63/120] Epoch: [6] Loss: [1.6608538385480642]
2019-04-05 13:59:17 INFO     Batch: [64/120] Epoch: [6] Loss: [1.660000835932218]
2019-04-05 13:59:17 INFO     Batch: [65/120] Epoch: [6] Loss: [1.6598231684077869]
2019-04-05 13:59:17 INFO     Batch: [66/120] Epoch: [6] Loss: [1.6601648170556595]
2019-04-05 13:59:17 INFO     Batch: [67/120] Epoch: [6] Loss: [1.659703040824217]
2019-04-05 13:59:17 INFO     Batch: [68/120] Epoch: [6] Loss: [1.658735157786936]
2019-04-05 13:59:17 INFO     Batch: [69/120] Epoch: [6] Loss: [1.6586758255958558]
2019-04-05 13:59:17 INFO     Batch: [70/120] Epoch: [6] Loss: [1.6583442570457996]
2019-04-05 13:59:18 INFO     Batch: [71/120] Epoch: [6] Loss: [1.657865549127261]
2019-04-05 13:59:18 INFO     Batch: [72/120] Epoch: [6] Loss: [1.6572914515456107]
2019-04-05 13:59:18 INFO     Batch: [73/120] Epoch: [6] Loss: [1.6566688080091734]
2019-04-05 13:59:18 INFO     Batch: [74/120] Epoch: [6] Loss: [1.656266853014628]
2019-04-05 13:59:18 INFO     Batch: [75/120] Epoch: [6] Loss: [1.6566689202660008]
2019-04-05 13:59:18 INFO     Batch: [76/120] Epoch: [6] Loss: [1.6562543565576726]
2019-04-05 13:59:18 INFO     Batch: [77/120] Epoch: [6] Loss: [1.6564309887396984]
2019-04-05 13:59:18 INFO     Batch: [78/120] Epoch: [6] Loss: [1.656641445582426]
2019-04-05 13:59:18 INFO     Batch: [79/120] Epoch: [6] Loss: [1.656272354722023]
2019-04-05 13:59:18 INFO     Batch: [80/120] Epoch: [6] Loss: [1.6558395859635906]
2019-04-05 13:59:18 INFO     Batch: [81/120] Epoch: [6] Loss: [1.6549666073264144]
2019-04-05 13:59:18 INFO     Batch: [82/120] Epoch: [6] Loss: [1.6543116713144692]
2019-04-05 13:59:18 INFO     Batch: [83/120] Epoch: [6] Loss: [1.6537692788101377]
2019-04-05 13:59:18 INFO     Batch: [84/120] Epoch: [6] Loss: [1.653960523885839]
2019-04-05 13:59:19 INFO     Batch: [85/120] Epoch: [6] Loss: [1.6540260411972223]
2019-04-05 13:59:19 INFO     Batch: [86/120] Epoch: [6] Loss: [1.6539606513648197]
2019-04-05 13:59:19 INFO     Batch: [87/120] Epoch: [6] Loss: [1.6535473750396208]
2019-04-05 13:59:19 INFO     Batch: [88/120] Epoch: [6] Loss: [1.6537821199117082]
2019-04-05 13:59:19 INFO     Batch: [89/120] Epoch: [6] Loss: [1.653200806511773]
2019-04-05 13:59:19 INFO     Batch: [90/120] Epoch: [6] Loss: [1.65336370075142]
2019-04-05 13:59:19 INFO     Batch: [91/120] Epoch: [6] Loss: [1.6534274259339208]
2019-04-05 13:59:19 INFO     Batch: [92/120] Epoch: [6] Loss: [1.6538943603474607]
2019-04-05 13:59:19 INFO     Batch: [93/120] Epoch: [6] Loss: [1.6536332977578996]
2019-04-05 13:59:19 INFO     Batch: [94/120] Epoch: [6] Loss: [1.6534672247736077]
2019-04-05 13:59:19 INFO     Batch: [95/120] Epoch: [6] Loss: [1.6528601720929146]
2019-04-05 13:59:19 INFO     Batch: [96/120] Epoch: [6] Loss: [1.6523652949284033]
2019-04-05 13:59:19 INFO     Batch: [97/120] Epoch: [6] Loss: [1.6523453422955103]
2019-04-05 13:59:20 INFO     Batch: [98/120] Epoch: [6] Loss: [1.652428630626563]
2019-04-05 13:59:20 INFO     Batch: [99/120] Epoch: [6] Loss: [1.652184828519821]
2019-04-05 13:59:20 INFO     Batch: [100/120] Epoch: [6] Loss: [1.6515414584981334]
2019-04-05 13:59:20 INFO     Batch: [101/120] Epoch: [6] Loss: [1.6513592822878969]
2019-04-05 13:59:20 INFO     Batch: [102/120] Epoch: [6] Loss: [1.6511401586162233]
2019-04-05 13:59:20 INFO     Batch: [103/120] Epoch: [6] Loss: [1.6513894670284712]
2019-04-05 13:59:20 INFO     Batch: [104/120] Epoch: [6] Loss: [1.6516172329584757]
2019-04-05 13:59:20 INFO     Batch: [105/120] Epoch: [6] Loss: [1.651525835945921]
2019-04-05 13:59:20 INFO     Batch: [106/120] Epoch: [6] Loss: [1.6518401676249281]
2019-04-05 13:59:20 INFO     Batch: [107/120] Epoch: [6] Loss: [1.6517966643527702]
2019-04-05 13:59:20 INFO     Batch: [108/120] Epoch: [6] Loss: [1.6519268455855343]
2019-04-05 13:59:20 INFO     Batch: [109/120] Epoch: [6] Loss: [1.6512423905459317]
2019-04-05 13:59:20 INFO     Batch: [110/120] Epoch: [6] Loss: [1.6511555877891746]
2019-04-05 13:59:21 INFO     Batch: [111/120] Epoch: [6] Loss: [1.6513989557112967]
2019-04-05 13:59:21 INFO     Batch: [112/120] Epoch: [6] Loss: [1.651108526550563]
2019-04-05 13:59:21 INFO     Batch: [113/120] Epoch: [6] Loss: [1.6514529219844885]
2019-04-05 13:59:21 INFO     Batch: [114/120] Epoch: [6] Loss: [1.6513725135637367]
2019-04-05 13:59:21 INFO     Batch: [115/120] Epoch: [6] Loss: [1.6518029991922707]
2019-04-05 13:59:21 INFO     Batch: [116/120] Epoch: [6] Loss: [1.6516744091979458]
2019-04-05 13:59:21 INFO     Batch: [117/120] Epoch: [6] Loss: [1.651861921205359]
2019-04-05 13:59:21 INFO     Batch: [118/120] Epoch: [6] Loss: [1.6519819437956609]
2019-04-05 13:59:21 INFO     Batch: [119/120] Epoch: [6] Loss: [1.6520306408405303]
2019-04-05 13:59:22 INFO     Epoch: [6/2000] Loss: [1.6520306408405303] Accuracy: [0.4323636363636364]
2019-04-05 13:59:22 INFO     Batch: [0/120] Epoch: [7] Loss: [1.7096697092056274]
2019-04-05 13:59:23 INFO     Accuracy: [0.43036363636363634]

2019-04-05 13:59:23 INFO     Batch: [1/120] Epoch: [7] Loss: [1.6664249300956726]
2019-04-05 13:59:23 INFO     Batch: [2/120] Epoch: [7] Loss: [1.6397205591201782]
2019-04-05 13:59:23 INFO     Batch: [3/120] Epoch: [7] Loss: [1.6274367272853851]
2019-04-05 13:59:23 INFO     Batch: [4/120] Epoch: [7] Loss: [1.6169281482696534]
2019-04-05 13:59:23 INFO     Batch: [5/120] Epoch: [7] Loss: [1.61785227060318]
2019-04-05 13:59:24 INFO     Batch: [6/120] Epoch: [7] Loss: [1.6280392748968942]
2019-04-05 13:59:24 INFO     Batch: [7/120] Epoch: [7] Loss: [1.6200435310602188]
2019-04-05 13:59:24 INFO     Batch: [8/120] Epoch: [7] Loss: [1.6333498822318182]
2019-04-05 13:59:24 INFO     Batch: [9/120] Epoch: [7] Loss: [1.6406805634498596]
2019-04-05 13:59:24 INFO     Batch: [10/120] Epoch: [7] Loss: [1.6397895162755793]
2019-04-05 13:59:24 INFO     Batch: [11/120] Epoch: [7] Loss: [1.6347228586673737]
2019-04-05 13:59:24 INFO     Batch: [12/120] Epoch: [7] Loss: [1.6384760049673228]
2019-04-05 13:59:24 INFO     Batch: [13/120] Epoch: [7] Loss: [1.635788423674447]
2019-04-05 13:59:24 INFO     Batch: [14/120] Epoch: [7] Loss: [1.6333640654881796]
2019-04-05 13:59:24 INFO     Batch: [15/120] Epoch: [7] Loss: [1.6358569636940956]
2019-04-05 13:59:24 INFO     Batch: [16/120] Epoch: [7] Loss: [1.6337028882082771]
2019-04-05 13:59:24 INFO     Batch: [17/120] Epoch: [7] Loss: [1.634885589281718]
2019-04-05 13:59:24 INFO     Batch: [18/120] Epoch: [7] Loss: [1.631895937417683]
2019-04-05 13:59:25 INFO     Batch: [19/120] Epoch: [7] Loss: [1.6311444759368896]
2019-04-05 13:59:25 INFO     Batch: [20/120] Epoch: [7] Loss: [1.628358937445141]
2019-04-05 13:59:25 INFO     Batch: [21/120] Epoch: [7] Loss: [1.6316943710500544]
2019-04-05 13:59:25 INFO     Batch: [22/120] Epoch: [7] Loss: [1.6309270340463389]
2019-04-05 13:59:25 INFO     Batch: [23/120] Epoch: [7] Loss: [1.6328084270159404]
2019-04-05 13:59:25 INFO     Batch: [24/120] Epoch: [7] Loss: [1.6309358072280884]
2019-04-05 13:59:25 INFO     Batch: [25/120] Epoch: [7] Loss: [1.6292086839675903]
2019-04-05 13:59:25 INFO     Batch: [26/120] Epoch: [7] Loss: [1.6293024751875136]
2019-04-05 13:59:25 INFO     Batch: [27/120] Epoch: [7] Loss: [1.6277509416852678]
2019-04-05 13:59:25 INFO     Batch: [28/120] Epoch: [7] Loss: [1.6271979849914024]
2019-04-05 13:59:25 INFO     Batch: [29/120] Epoch: [7] Loss: [1.6246819178263345]
2019-04-05 13:59:25 INFO     Batch: [30/120] Epoch: [7] Loss: [1.6262163308358961]
2019-04-05 13:59:25 INFO     Batch: [31/120] Epoch: [7] Loss: [1.625810693949461]
2019-04-05 13:59:26 INFO     Batch: [32/120] Epoch: [7] Loss: [1.6234872846892385]
2019-04-05 13:59:26 INFO     Batch: [33/120] Epoch: [7] Loss: [1.6244368342792286]
2019-04-05 13:59:26 INFO     Batch: [34/120] Epoch: [7] Loss: [1.6253078494753157]
2019-04-05 13:59:26 INFO     Batch: [35/120] Epoch: [7] Loss: [1.6249447233147092]
2019-04-05 13:59:26 INFO     Batch: [36/120] Epoch: [7] Loss: [1.624886915490434]
2019-04-05 13:59:26 INFO     Batch: [37/120] Epoch: [7] Loss: [1.6241809976728339]
2019-04-05 13:59:26 INFO     Batch: [38/120] Epoch: [7] Loss: [1.6255081708614643]
2019-04-05 13:59:26 INFO     Batch: [39/120] Epoch: [7] Loss: [1.6247601181268692]
2019-04-05 13:59:26 INFO     Batch: [40/120] Epoch: [7] Loss: [1.6226454333561222]
2019-04-05 13:59:26 INFO     Batch: [41/120] Epoch: [7] Loss: [1.6207547840617953]
2019-04-05 13:59:26 INFO     Batch: [42/120] Epoch: [7] Loss: [1.6207545358081197]
2019-04-05 13:59:26 INFO     Batch: [43/120] Epoch: [7] Loss: [1.6233970008113168]
2019-04-05 13:59:26 INFO     Batch: [44/120] Epoch: [7] Loss: [1.6220052189297147]
2019-04-05 13:59:27 INFO     Batch: [45/120] Epoch: [7] Loss: [1.6220890257669531]
2019-04-05 13:59:27 INFO     Batch: [46/120] Epoch: [7] Loss: [1.6200867840584288]
2019-04-05 13:59:27 INFO     Batch: [47/120] Epoch: [7] Loss: [1.6189200952649117]
2019-04-05 13:59:27 INFO     Batch: [48/120] Epoch: [7] Loss: [1.6191064216652695]
2019-04-05 13:59:27 INFO     Batch: [49/120] Epoch: [7] Loss: [1.619121105670929]
2019-04-05 13:59:27 INFO     Batch: [50/120] Epoch: [7] Loss: [1.6182967354269588]
2019-04-05 13:59:27 INFO     Batch: [51/120] Epoch: [7] Loss: [1.6155587847416217]
2019-04-05 13:59:27 INFO     Batch: [52/120] Epoch: [7] Loss: [1.6141942087209449]
2019-04-05 13:59:27 INFO     Batch: [53/120] Epoch: [7] Loss: [1.613505690186112]
2019-04-05 13:59:27 INFO     Batch: [54/120] Epoch: [7] Loss: [1.6135608846491034]
2019-04-05 13:59:27 INFO     Batch: [55/120] Epoch: [7] Loss: [1.6145966670342855]
2019-04-05 13:59:27 INFO     Batch: [56/120] Epoch: [7] Loss: [1.6142141839914155]
2019-04-05 13:59:27 INFO     Batch: [57/120] Epoch: [7] Loss: [1.6131546970071464]
2019-04-05 13:59:28 INFO     Batch: [58/120] Epoch: [7] Loss: [1.6131339052976188]
2019-04-05 13:59:28 INFO     Batch: [59/120] Epoch: [7] Loss: [1.613350264231364]
2019-04-05 13:59:28 INFO     Batch: [60/120] Epoch: [7] Loss: [1.6131976862422754]
2019-04-05 13:59:28 INFO     Batch: [61/120] Epoch: [7] Loss: [1.6119304491627602]
2019-04-05 13:59:28 INFO     Batch: [62/120] Epoch: [7] Loss: [1.610216148315914]
2019-04-05 13:59:28 INFO     Batch: [63/120] Epoch: [7] Loss: [1.608225030824542]
2019-04-05 13:59:28 INFO     Batch: [64/120] Epoch: [7] Loss: [1.6074677999203022]
2019-04-05 13:59:28 INFO     Batch: [65/120] Epoch: [7] Loss: [1.6077719655903904]
2019-04-05 13:59:28 INFO     Batch: [66/120] Epoch: [7] Loss: [1.6080010702360923]
2019-04-05 13:59:28 INFO     Batch: [67/120] Epoch: [7] Loss: [1.606906664722106]
2019-04-05 13:59:28 INFO     Batch: [68/120] Epoch: [7] Loss: [1.6055774256802988]
2019-04-05 13:59:28 INFO     Batch: [69/120] Epoch: [7] Loss: [1.604921977860587]
2019-04-05 13:59:28 INFO     Batch: [70/120] Epoch: [7] Loss: [1.6038046991321402]
2019-04-05 13:59:29 INFO     Batch: [71/120] Epoch: [7] Loss: [1.6029319150580301]
2019-04-05 13:59:29 INFO     Batch: [72/120] Epoch: [7] Loss: [1.6027928247843704]
2019-04-05 13:59:29 INFO     Batch: [73/120] Epoch: [7] Loss: [1.602671905143841]
2019-04-05 13:59:29 INFO     Batch: [74/120] Epoch: [7] Loss: [1.6033190854390462]
2019-04-05 13:59:29 INFO     Batch: [75/120] Epoch: [7] Loss: [1.6024979054927826]
2019-04-05 13:59:29 INFO     Batch: [76/120] Epoch: [7] Loss: [1.6017109527216329]
2019-04-05 13:59:29 INFO     Batch: [77/120] Epoch: [7] Loss: [1.601430159348708]
2019-04-05 13:59:29 INFO     Batch: [78/120] Epoch: [7] Loss: [1.6006942036785656]
2019-04-05 13:59:29 INFO     Batch: [79/120] Epoch: [7] Loss: [1.6008225828409195]
2019-04-05 13:59:29 INFO     Batch: [80/120] Epoch: [7] Loss: [1.5998789557704218]
2019-04-05 13:59:29 INFO     Batch: [81/120] Epoch: [7] Loss: [1.5998569828707998]
2019-04-05 13:59:29 INFO     Batch: [82/120] Epoch: [7] Loss: [1.5994466930986888]
2019-04-05 13:59:29 INFO     Batch: [83/120] Epoch: [7] Loss: [1.5988424164908273]
2019-04-05 13:59:30 INFO     Batch: [84/120] Epoch: [7] Loss: [1.5986800740746892]
2019-04-05 13:59:30 INFO     Batch: [85/120] Epoch: [7] Loss: [1.5977676496949307]
2019-04-05 13:59:30 INFO     Batch: [86/120] Epoch: [7] Loss: [1.5969475411820686]
2019-04-05 13:59:30 INFO     Batch: [87/120] Epoch: [7] Loss: [1.5968577766960317]
2019-04-05 13:59:30 INFO     Batch: [88/120] Epoch: [7] Loss: [1.5971918896342931]
2019-04-05 13:59:30 INFO     Batch: [89/120] Epoch: [7] Loss: [1.5960550546646117]
2019-04-05 13:59:30 INFO     Batch: [90/120] Epoch: [7] Loss: [1.5957651164505509]
2019-04-05 13:59:30 INFO     Batch: [91/120] Epoch: [7] Loss: [1.5958369983279186]
2019-04-05 13:59:30 INFO     Batch: [92/120] Epoch: [7] Loss: [1.5953186353047688]
2019-04-05 13:59:30 INFO     Batch: [93/120] Epoch: [7] Loss: [1.5951693983788187]
2019-04-05 13:59:30 INFO     Batch: [94/120] Epoch: [7] Loss: [1.5947819370972482]
2019-04-05 13:59:30 INFO     Batch: [95/120] Epoch: [7] Loss: [1.5942532271146774]
2019-04-05 13:59:30 INFO     Batch: [96/120] Epoch: [7] Loss: [1.594373135222602]
2019-04-05 13:59:30 INFO     Batch: [97/120] Epoch: [7] Loss: [1.5946317534057461]
2019-04-05 13:59:31 INFO     Batch: [98/120] Epoch: [7] Loss: [1.594412093210702]
2019-04-05 13:59:31 INFO     Batch: [99/120] Epoch: [7] Loss: [1.5939260697364808]
2019-04-05 13:59:31 INFO     Batch: [100/120] Epoch: [7] Loss: [1.5934686837810101]
2019-04-05 13:59:31 INFO     Batch: [101/120] Epoch: [7] Loss: [1.5933709635454065]
2019-04-05 13:59:31 INFO     Batch: [102/120] Epoch: [7] Loss: [1.5938566587503673]
2019-04-05 13:59:31 INFO     Batch: [103/120] Epoch: [7] Loss: [1.593494142477329]
2019-04-05 13:59:31 INFO     Batch: [104/120] Epoch: [7] Loss: [1.5932847579320273]
2019-04-05 13:59:31 INFO     Batch: [105/120] Epoch: [7] Loss: [1.592915157102189]
2019-04-05 13:59:31 INFO     Batch: [106/120] Epoch: [7] Loss: [1.5934760581667178]
2019-04-05 13:59:31 INFO     Batch: [107/120] Epoch: [7] Loss: [1.59332796048235]
2019-04-05 13:59:31 INFO     Batch: [108/120] Epoch: [7] Loss: [1.5930587184538536]
2019-04-05 13:59:31 INFO     Batch: [109/120] Epoch: [7] Loss: [1.5931950623338873]
2019-04-05 13:59:31 INFO     Batch: [110/120] Epoch: [7] Loss: [1.5923647526148204]
2019-04-05 13:59:32 INFO     Batch: [111/120] Epoch: [7] Loss: [1.5921277052589826]
2019-04-05 13:59:32 INFO     Batch: [112/120] Epoch: [7] Loss: [1.5918619812062356]
2019-04-05 13:59:32 INFO     Batch: [113/120] Epoch: [7] Loss: [1.591556311699382]
2019-04-05 13:59:32 INFO     Batch: [114/120] Epoch: [7] Loss: [1.5909635688947594]
2019-04-05 13:59:32 INFO     Batch: [115/120] Epoch: [7] Loss: [1.5897070703835323]
2019-04-05 13:59:32 INFO     Batch: [116/120] Epoch: [7] Loss: [1.5896517394954324]
2019-04-05 13:59:32 INFO     Batch: [117/120] Epoch: [7] Loss: [1.5893056190620034]
2019-04-05 13:59:32 INFO     Batch: [118/120] Epoch: [7] Loss: [1.5892394460549875]
2019-04-05 13:59:32 INFO     Batch: [119/120] Epoch: [7] Loss: [1.5890395174423853]
2019-04-05 13:59:33 INFO     Epoch: [7/2000] Loss: [1.5890395174423853] Accuracy: [0.45]
2019-04-05 13:59:33 INFO     Batch: [0/120] Epoch: [8] Loss: [1.504512906074524]
2019-04-05 13:59:34 INFO     Accuracy: [0.45890909090909093]

2019-04-05 13:59:34 INFO     Batch: [1/120] Epoch: [8] Loss: [1.5347939133644104]
2019-04-05 13:59:34 INFO     Batch: [2/120] Epoch: [8] Loss: [1.5383155743281047]
2019-04-05 13:59:34 INFO     Batch: [3/120] Epoch: [8] Loss: [1.5580884218215942]
2019-04-05 13:59:34 INFO     Batch: [4/120] Epoch: [8] Loss: [1.5677107334136964]
2019-04-05 13:59:35 INFO     Batch: [5/120] Epoch: [8] Loss: [1.5691428581873577]
2019-04-05 13:59:35 INFO     Batch: [6/120] Epoch: [8] Loss: [1.5671827282224382]
2019-04-05 13:59:35 INFO     Batch: [7/120] Epoch: [8] Loss: [1.5561965852975845]
2019-04-05 13:59:35 INFO     Batch: [8/120] Epoch: [8] Loss: [1.5613331529829237]
2019-04-05 13:59:35 INFO     Batch: [9/120] Epoch: [8] Loss: [1.5642656922340392]
2019-04-05 13:59:35 INFO     Batch: [10/120] Epoch: [8] Loss: [1.5723989009857178]
2019-04-05 13:59:35 INFO     Batch: [11/120] Epoch: [8] Loss: [1.5697363217671711]
2019-04-05 13:59:35 INFO     Batch: [12/120] Epoch: [8] Loss: [1.5663636372639582]
2019-04-05 13:59:35 INFO     Batch: [13/120] Epoch: [8] Loss: [1.5653356143406458]
2019-04-05 13:59:35 INFO     Batch: [14/120] Epoch: [8] Loss: [1.570092797279358]
2019-04-05 13:59:35 INFO     Batch: [15/120] Epoch: [8] Loss: [1.5703002884984016]
2019-04-05 13:59:35 INFO     Batch: [16/120] Epoch: [8] Loss: [1.5721726908403284]
2019-04-05 13:59:35 INFO     Batch: [17/120] Epoch: [8] Loss: [1.5696961681048076]
2019-04-05 13:59:35 INFO     Batch: [18/120] Epoch: [8] Loss: [1.5674906655361778]
2019-04-05 13:59:36 INFO     Batch: [19/120] Epoch: [8] Loss: [1.5664915800094605]
2019-04-05 13:59:36 INFO     Batch: [20/120] Epoch: [8] Loss: [1.565813382466634]
2019-04-05 13:59:36 INFO     Batch: [21/120] Epoch: [8] Loss: [1.5641126199202104]
2019-04-05 13:59:36 INFO     Batch: [22/120] Epoch: [8] Loss: [1.566585722176925]
2019-04-05 13:59:36 INFO     Batch: [23/120] Epoch: [8] Loss: [1.565744419892629]
2019-04-05 13:59:36 INFO     Batch: [24/120] Epoch: [8] Loss: [1.56529296875]
2019-04-05 13:59:36 INFO     Batch: [25/120] Epoch: [8] Loss: [1.563709937609159]
2019-04-05 13:59:36 INFO     Batch: [26/120] Epoch: [8] Loss: [1.5617820730915777]
2019-04-05 13:59:36 INFO     Batch: [27/120] Epoch: [8] Loss: [1.5608008674212865]
2019-04-05 13:59:36 INFO     Batch: [28/120] Epoch: [8] Loss: [1.5593921850467551]
2019-04-05 13:59:36 INFO     Batch: [29/120] Epoch: [8] Loss: [1.558523690700531]
