2019-04-05 14:02:04 INFO     Loading Data
2019-04-05 14:02:05 INFO     Model Setting Up
2019-04-05 14:02:13 INFO     Start Training
2019-04-05 14:02:13 INFO     train_dir: ../mnist/train
2019-04-05 14:02:13 INFO     test_dir: ../mnist/test
2019-04-05 14:02:13 INFO     save_dir: ./save
2019-04-05 14:02:13 INFO     num_epochs: 2000
2019-04-05 14:02:13 INFO     batch_size: 500
2019-04-05 14:02:13 INFO     num_points: 512
2019-04-05 14:02:13 INFO     sigma: 0.05
2019-04-05 14:02:13 INFO     log_interval: 1000
2019-04-05 14:02:13 INFO     save_interval: 50
2019-04-05 14:02:13 INFO     baselr: 3e-05
2019-04-05 14:02:13 INFO     density_radius: 0.3
2019-04-05 14:02:13 INFO     feature_out1: 8
2019-04-05 14:02:13 INFO     feature_out2: 16
2019-04-05 14:02:13 INFO     feature_out3: 32
2019-04-05 14:02:13 INFO     feature_out4: 64
2019-04-05 14:02:13 INFO     num_classes: 10
2019-04-05 14:02:13 INFO     bandwidth_0: 8
2019-04-05 14:02:13 INFO     bandwidth_out1: 8
2019-04-05 14:02:13 INFO     bandwidth_out2: 6
2019-04-05 14:02:13 INFO     bandwidth_out3: 4
2019-04-05 14:02:13 INFO     bandwidth_out4: 2
2019-04-05 14:02:20 INFO     Batch: [0/120] Epoch: [0] Loss: [2.313988208770752]
2019-04-05 14:02:20 INFO     Accuracy: [0.10454545454545455]

2019-04-05 14:02:20 INFO     Batch: [1/120] Epoch: [0] Loss: [2.312953472137451]
2019-04-05 14:02:21 INFO     Batch: [2/120] Epoch: [0] Loss: [2.3135128021240234]
2019-04-05 14:02:21 INFO     Batch: [3/120] Epoch: [0] Loss: [2.3132187128067017]
2019-04-05 14:02:21 INFO     Batch: [4/120] Epoch: [0] Loss: [2.3136311054229735]
2019-04-05 14:02:21 INFO     Batch: [5/120] Epoch: [0] Loss: [2.3134313424428306]
2019-04-05 14:02:21 INFO     Batch: [6/120] Epoch: [0] Loss: [2.31412478855678]
2019-04-05 14:02:21 INFO     Batch: [7/120] Epoch: [0] Loss: [2.312892884016037]
2019-04-05 14:02:21 INFO     Batch: [8/120] Epoch: [0] Loss: [2.312179856830173]
2019-04-05 14:02:21 INFO     Batch: [9/120] Epoch: [0] Loss: [2.312131094932556]
2019-04-05 14:02:21 INFO     Batch: [10/120] Epoch: [0] Loss: [2.312273307280107]
2019-04-05 14:02:21 INFO     Batch: [11/120] Epoch: [0] Loss: [2.3118716279665628]
2019-04-05 14:02:21 INFO     Batch: [12/120] Epoch: [0] Loss: [2.3118959023402286]
2019-04-05 14:02:21 INFO     Batch: [13/120] Epoch: [0] Loss: [2.311722312654768]
2019-04-05 14:02:21 INFO     Batch: [14/120] Epoch: [0] Loss: [2.3112815697987874]
2019-04-05 14:02:21 INFO     Batch: [15/120] Epoch: [0] Loss: [2.3111350685358047]
2019-04-05 14:02:22 INFO     Batch: [16/120] Epoch: [0] Loss: [2.3107790105483113]
2019-04-05 14:02:22 INFO     Batch: [17/120] Epoch: [0] Loss: [2.3105913268195257]
2019-04-05 14:02:22 INFO     Batch: [18/120] Epoch: [0] Loss: [2.3103522877944145]
2019-04-05 14:02:22 INFO     Batch: [19/120] Epoch: [0] Loss: [2.3100718379020693]
2019-04-05 14:02:22 INFO     Batch: [20/120] Epoch: [0] Loss: [2.3098261583419073]
2019-04-05 14:02:22 INFO     Batch: [21/120] Epoch: [0] Loss: [2.3100237412886186]
2019-04-05 14:02:22 INFO     Batch: [22/120] Epoch: [0] Loss: [2.310247348702472]
2019-04-05 14:02:22 INFO     Batch: [23/120] Epoch: [0] Loss: [2.3101991613705954]
2019-04-05 14:02:22 INFO     Batch: [24/120] Epoch: [0] Loss: [2.310102939605713]
2019-04-05 14:02:22 INFO     Batch: [25/120] Epoch: [0] Loss: [2.3102093659914456]
2019-04-05 14:02:22 INFO     Batch: [26/120] Epoch: [0] Loss: [2.3100738437087447]
2019-04-05 14:02:22 INFO     Batch: [27/120] Epoch: [0] Loss: [2.3098755989755904]
2019-04-05 14:02:22 INFO     Batch: [28/120] Epoch: [0] Loss: [2.309862054627517]
2019-04-05 14:02:23 INFO     Batch: [29/120] Epoch: [0] Loss: [2.3093647082646687]
2019-04-05 14:02:23 INFO     Batch: [30/120] Epoch: [0] Loss: [2.309308751936882]
2019-04-05 14:02:23 INFO     Batch: [31/120] Epoch: [0] Loss: [2.3090842217206955]
2019-04-05 14:02:23 INFO     Batch: [32/120] Epoch: [0] Loss: [2.309086041017012]
2019-04-05 14:02:23 INFO     Batch: [33/120] Epoch: [0] Loss: [2.3088912332759186]
2019-04-05 14:02:23 INFO     Batch: [34/120] Epoch: [0] Loss: [2.3086261204310827]
2019-04-05 14:02:23 INFO     Batch: [35/120] Epoch: [0] Loss: [2.3085096743371754]
2019-04-05 14:02:23 INFO     Batch: [36/120] Epoch: [0] Loss: [2.308340343269142]
2019-04-05 14:02:23 INFO     Batch: [37/120] Epoch: [0] Loss: [2.3080556580894873]
2019-04-05 14:02:23 INFO     Batch: [38/120] Epoch: [0] Loss: [2.3079263185843444]
2019-04-05 14:02:23 INFO     Batch: [39/120] Epoch: [0] Loss: [2.3078234434127807]
2019-04-05 14:02:23 INFO     Batch: [40/120] Epoch: [0] Loss: [2.30761200625722]
2019-04-05 14:02:23 INFO     Batch: [41/120] Epoch: [0] Loss: [2.3074537288574946]
2019-04-05 14:02:24 INFO     Batch: [42/120] Epoch: [0] Loss: [2.3072634741317395]
2019-04-05 14:02:24 INFO     Batch: [43/120] Epoch: [0] Loss: [2.3071419054811653]
2019-04-05 14:02:24 INFO     Batch: [44/120] Epoch: [0] Loss: [2.306950558556451]
2019-04-05 14:02:24 INFO     Batch: [45/120] Epoch: [0] Loss: [2.306675833204518]
2019-04-05 14:02:24 INFO     Batch: [46/120] Epoch: [0] Loss: [2.3065458815148534]
2019-04-05 14:02:24 INFO     Batch: [47/120] Epoch: [0] Loss: [2.3064777652422586]
2019-04-05 14:02:24 INFO     Batch: [48/120] Epoch: [0] Loss: [2.306384096340257]
2019-04-05 14:02:24 INFO     Batch: [49/120] Epoch: [0] Loss: [2.3061665868759156]
2019-04-05 14:02:24 INFO     Batch: [50/120] Epoch: [0] Loss: [2.3060507540609323]
2019-04-05 14:02:24 INFO     Batch: [51/120] Epoch: [0] Loss: [2.3058893588873057]
2019-04-05 14:02:24 INFO     Batch: [52/120] Epoch: [0] Loss: [2.3057011343398184]
2019-04-05 14:02:24 INFO     Batch: [53/120] Epoch: [0] Loss: [2.305491244351422]
2019-04-05 14:02:24 INFO     Batch: [54/120] Epoch: [0] Loss: [2.3053825161673807]
2019-04-05 14:02:25 INFO     Batch: [55/120] Epoch: [0] Loss: [2.305198290518352]
2019-04-05 14:02:25 INFO     Batch: [56/120] Epoch: [0] Loss: [2.3050272757546946]
2019-04-05 14:02:25 INFO     Batch: [57/120] Epoch: [0] Loss: [2.3048652163867294]
2019-04-05 14:02:25 INFO     Batch: [58/120] Epoch: [0] Loss: [2.3046351408554338]
2019-04-05 14:02:25 INFO     Batch: [59/120] Epoch: [0] Loss: [2.304486644268036]
2019-04-05 14:02:25 INFO     Batch: [60/120] Epoch: [0] Loss: [2.304323528633743]
2019-04-05 14:02:25 INFO     Batch: [61/120] Epoch: [0] Loss: [2.304213531555668]
2019-04-05 14:02:25 INFO     Batch: [62/120] Epoch: [0] Loss: [2.3040336540767123]
2019-04-05 14:02:25 INFO     Batch: [63/120] Epoch: [0] Loss: [2.3038857467472553]
2019-04-05 14:02:25 INFO     Batch: [64/120] Epoch: [0] Loss: [2.3036803832420936]
2019-04-05 14:02:25 INFO     Batch: [65/120] Epoch: [0] Loss: [2.3035116376298848]
2019-04-05 14:02:25 INFO     Batch: [66/120] Epoch: [0] Loss: [2.3033056437079584]
2019-04-05 14:02:25 INFO     Batch: [67/120] Epoch: [0] Loss: [2.3030555598876057]
2019-04-05 14:02:26 INFO     Batch: [68/120] Epoch: [0] Loss: [2.302866780239603]
2019-04-05 14:02:26 INFO     Batch: [69/120] Epoch: [0] Loss: [2.302662018367222]
2019-04-05 14:02:26 INFO     Batch: [70/120] Epoch: [0] Loss: [2.302479884993862]
2019-04-05 14:02:26 INFO     Batch: [71/120] Epoch: [0] Loss: [2.30228391289711]
2019-04-05 14:02:26 INFO     Batch: [72/120] Epoch: [0] Loss: [2.3021093264018018]
2019-04-05 14:02:26 INFO     Batch: [73/120] Epoch: [0] Loss: [2.3018814164239005]
2019-04-05 14:02:26 INFO     Batch: [74/120] Epoch: [0] Loss: [2.301642843882243]
2019-04-05 14:02:26 INFO     Batch: [75/120] Epoch: [0] Loss: [2.3014677951210425]
2019-04-05 14:02:26 INFO     Batch: [76/120] Epoch: [0] Loss: [2.301329315482796]
2019-04-05 14:02:26 INFO     Batch: [77/120] Epoch: [0] Loss: [2.3010846223586645]
2019-04-05 14:02:26 INFO     Batch: [78/120] Epoch: [0] Loss: [2.300911680052552]
2019-04-05 14:02:26 INFO     Batch: [79/120] Epoch: [0] Loss: [2.300678104162216]
2019-04-05 14:02:26 INFO     Batch: [80/120] Epoch: [0] Loss: [2.3004178794813743]
2019-04-05 14:02:27 INFO     Batch: [81/120] Epoch: [0] Loss: [2.300189963201197]
2019-04-05 14:02:27 INFO     Batch: [82/120] Epoch: [0] Loss: [2.300013441637338]
2019-04-05 14:02:27 INFO     Batch: [83/120] Epoch: [0] Loss: [2.2998058881078447]
2019-04-05 14:02:27 INFO     Batch: [84/120] Epoch: [0] Loss: [2.2996503942153033]
2019-04-05 14:02:27 INFO     Batch: [85/120] Epoch: [0] Loss: [2.2994471012159834]
2019-04-05 14:02:27 INFO     Batch: [86/120] Epoch: [0] Loss: [2.2992501834343217]
2019-04-05 14:02:27 INFO     Batch: [87/120] Epoch: [0] Loss: [2.2989891821687873]
2019-04-05 14:02:27 INFO     Batch: [88/120] Epoch: [0] Loss: [2.2987257523483104]
2019-04-05 14:02:27 INFO     Batch: [89/120] Epoch: [0] Loss: [2.298499896791246]
2019-04-05 14:02:27 INFO     Batch: [90/120] Epoch: [0] Loss: [2.2983269219870097]
2019-04-05 14:02:27 INFO     Batch: [91/120] Epoch: [0] Loss: [2.298083486764327]
2019-04-05 14:02:27 INFO     Batch: [92/120] Epoch: [0] Loss: [2.2978826389517835]
2019-04-05 14:02:27 INFO     Batch: [93/120] Epoch: [0] Loss: [2.2977087117256003]
2019-04-05 14:02:27 INFO     Batch: [94/120] Epoch: [0] Loss: [2.297464686945865]
2019-04-05 14:02:28 INFO     Batch: [95/120] Epoch: [0] Loss: [2.29719494531552]
2019-04-05 14:02:28 INFO     Batch: [96/120] Epoch: [0] Loss: [2.2969542532852016]
2019-04-05 14:02:28 INFO     Batch: [97/120] Epoch: [0] Loss: [2.29663407072729]
2019-04-05 14:02:28 INFO     Batch: [98/120] Epoch: [0] Loss: [2.2963864369825884]
2019-04-05 14:02:28 INFO     Batch: [99/120] Epoch: [0] Loss: [2.2961914277076723]
2019-04-05 14:02:28 INFO     Batch: [100/120] Epoch: [0] Loss: [2.29598874384814]
2019-04-05 14:02:28 INFO     Batch: [101/120] Epoch: [0] Loss: [2.295765053992178]
2019-04-05 14:02:28 INFO     Batch: [102/120] Epoch: [0] Loss: [2.295539811976905]
2019-04-05 14:02:28 INFO     Batch: [103/120] Epoch: [0] Loss: [2.2953277023938985]
2019-04-05 14:02:28 INFO     Batch: [104/120] Epoch: [0] Loss: [2.295092126301357]
2019-04-05 14:02:28 INFO     Batch: [105/120] Epoch: [0] Loss: [2.294888955242229]
2019-04-05 14:02:28 INFO     Batch: [106/120] Epoch: [0] Loss: [2.2946885813062434]
2019-04-05 14:02:28 INFO     Batch: [107/120] Epoch: [0] Loss: [2.2944400994865983]
2019-04-05 14:02:29 INFO     Batch: [108/120] Epoch: [0] Loss: [2.2942660904805594]
2019-04-05 14:02:29 INFO     Batch: [109/120] Epoch: [0] Loss: [2.294027094407515]
2019-04-05 14:02:29 INFO     Batch: [110/120] Epoch: [0] Loss: [2.293790372642311]
2019-04-05 14:02:29 INFO     Batch: [111/120] Epoch: [0] Loss: [2.293567118900163]
2019-04-05 14:02:29 INFO     Batch: [112/120] Epoch: [0] Loss: [2.293333370073707]
2019-04-05 14:02:29 INFO     Batch: [113/120] Epoch: [0] Loss: [2.293155362731532]
2019-04-05 14:02:29 INFO     Batch: [114/120] Epoch: [0] Loss: [2.2929492701654848]
2019-04-05 14:02:29 INFO     Batch: [115/120] Epoch: [0] Loss: [2.2926779923767877]
2019-04-05 14:02:29 INFO     Batch: [116/120] Epoch: [0] Loss: [2.2924616153423605]
2019-04-05 14:02:29 INFO     Batch: [117/120] Epoch: [0] Loss: [2.2922976219047935]
2019-04-05 14:02:29 INFO     Batch: [118/120] Epoch: [0] Loss: [2.2920613369020093]
2019-04-05 14:02:29 INFO     Batch: [119/120] Epoch: [0] Loss: [2.2918100873629252]
2019-04-05 14:02:30 INFO     Epoch: [0/2000] Loss: [2.2918100873629252] Accuracy: [0.13072727272727272]
2019-04-05 14:02:31 INFO     Batch: [0/120] Epoch: [1] Loss: [2.266444683074951]
2019-04-05 14:02:31 INFO     Accuracy: [0.12745454545454546]

2019-04-05 14:02:31 INFO     Batch: [1/120] Epoch: [1] Loss: [2.2645562887191772]
2019-04-05 14:02:31 INFO     Batch: [2/120] Epoch: [1] Loss: [2.26387349764506]
2019-04-05 14:02:31 INFO     Batch: [3/120] Epoch: [1] Loss: [2.2622146010398865]
2019-04-05 14:02:32 INFO     Batch: [4/120] Epoch: [1] Loss: [2.2606099128723143]
2019-04-05 14:02:32 INFO     Batch: [5/120] Epoch: [1] Loss: [2.2610289653142295]
2019-04-05 14:02:32 INFO     Batch: [6/120] Epoch: [1] Loss: [2.261389902659825]
2019-04-05 14:02:32 INFO     Batch: [7/120] Epoch: [1] Loss: [2.262290298938751]
2019-04-05 14:02:32 INFO     Batch: [8/120] Epoch: [1] Loss: [2.2625440756479898]
2019-04-05 14:02:32 INFO     Batch: [9/120] Epoch: [1] Loss: [2.262868285179138]
2019-04-05 14:02:32 INFO     Batch: [10/120] Epoch: [1] Loss: [2.2625322341918945]
2019-04-05 14:02:32 INFO     Batch: [11/120] Epoch: [1] Loss: [2.26208488146464]
2019-04-05 14:02:32 INFO     Batch: [12/120] Epoch: [1] Loss: [2.261632020656879]
2019-04-05 14:02:32 INFO     Batch: [13/120] Epoch: [1] Loss: [2.2612311329160417]
2019-04-05 14:02:32 INFO     Batch: [14/120] Epoch: [1] Loss: [2.2610862890879315]
2019-04-05 14:02:32 INFO     Batch: [15/120] Epoch: [1] Loss: [2.2605847269296646]
2019-04-05 14:02:32 INFO     Batch: [16/120] Epoch: [1] Loss: [2.2605060970082]
2019-04-05 14:02:33 INFO     Batch: [17/120] Epoch: [1] Loss: [2.260082867410448]
2019-04-05 14:02:33 INFO     Batch: [18/120] Epoch: [1] Loss: [2.259648473639237]
2019-04-05 14:02:33 INFO     Batch: [19/120] Epoch: [1] Loss: [2.259286904335022]
2019-04-05 14:02:33 INFO     Batch: [20/120] Epoch: [1] Loss: [2.259244986942836]
2019-04-05 14:02:33 INFO     Batch: [21/120] Epoch: [1] Loss: [2.259172558784485]
2019-04-05 14:02:33 INFO     Batch: [22/120] Epoch: [1] Loss: [2.258987685908442]
2019-04-05 14:02:33 INFO     Batch: [23/120] Epoch: [1] Loss: [2.2586793303489685]
2019-04-05 14:02:33 INFO     Batch: [24/120] Epoch: [1] Loss: [2.2585301399230957]
2019-04-05 14:02:33 INFO     Batch: [25/120] Epoch: [1] Loss: [2.2584009812428403]
2019-04-05 14:02:33 INFO     Batch: [26/120] Epoch: [1] Loss: [2.258096836231373]
2019-04-05 14:02:33 INFO     Batch: [27/120] Epoch: [1] Loss: [2.2577209302357266]
2019-04-05 14:02:33 INFO     Batch: [28/120] Epoch: [1] Loss: [2.257689147159971]
2019-04-05 14:02:33 INFO     Batch: [29/120] Epoch: [1] Loss: [2.257513467470805]
2019-04-05 14:02:34 INFO     Batch: [30/120] Epoch: [1] Loss: [2.2573534442532446]
2019-04-05 14:02:34 INFO     Batch: [31/120] Epoch: [1] Loss: [2.2572684958577156]
2019-04-05 14:02:34 INFO     Batch: [32/120] Epoch: [1] Loss: [2.2571317065845835]
2019-04-05 14:02:34 INFO     Batch: [33/120] Epoch: [1] Loss: [2.256890331997591]
2019-04-05 14:02:34 INFO     Batch: [34/120] Epoch: [1] Loss: [2.2567209924970353]
2019-04-05 14:02:34 INFO     Batch: [35/120] Epoch: [1] Loss: [2.2565034760369196]
2019-04-05 14:02:34 INFO     Batch: [36/120] Epoch: [1] Loss: [2.256213394371239]
2019-04-05 14:02:34 INFO     Batch: [37/120] Epoch: [1] Loss: [2.2560583478526066]
2019-04-05 14:02:34 INFO     Batch: [38/120] Epoch: [1] Loss: [2.255816636941372]
2019-04-05 14:02:34 INFO     Batch: [39/120] Epoch: [1] Loss: [2.255659449100494]
2019-04-05 14:02:34 INFO     Batch: [40/120] Epoch: [1] Loss: [2.255559339755919]
2019-04-05 14:02:34 INFO     Batch: [41/120] Epoch: [1] Loss: [2.255301657177153]
2019-04-05 14:02:34 INFO     Batch: [42/120] Epoch: [1] Loss: [2.2552179125852363]
2019-04-05 14:02:34 INFO     Batch: [43/120] Epoch: [1] Loss: [2.2550510439005764]
2019-04-05 14:02:35 INFO     Batch: [44/120] Epoch: [1] Loss: [2.2547281212276884]
2019-04-05 14:02:35 INFO     Batch: [45/120] Epoch: [1] Loss: [2.254670765088952]
2019-04-05 14:02:35 INFO     Batch: [46/120] Epoch: [1] Loss: [2.2543845988334494]
2019-04-05 14:02:35 INFO     Batch: [47/120] Epoch: [1] Loss: [2.2542024900515876]
2019-04-05 14:02:35 INFO     Batch: [48/120] Epoch: [1] Loss: [2.254080071741221]
2019-04-05 14:02:35 INFO     Batch: [49/120] Epoch: [1] Loss: [2.25383406162262]
2019-04-05 14:02:35 INFO     Batch: [50/120] Epoch: [1] Loss: [2.253665143368291]
2019-04-05 14:02:35 INFO     Batch: [51/120] Epoch: [1] Loss: [2.253446409335503]
2019-04-05 14:02:35 INFO     Batch: [52/120] Epoch: [1] Loss: [2.253329277038574]
2019-04-05 14:02:35 INFO     Batch: [53/120] Epoch: [1] Loss: [2.253109066574662]
2019-04-05 14:02:35 INFO     Batch: [54/120] Epoch: [1] Loss: [2.2528625878420745]
2019-04-05 14:02:35 INFO     Batch: [55/120] Epoch: [1] Loss: [2.252611462559019]
2019-04-05 14:02:35 INFO     Batch: [56/120] Epoch: [1] Loss: [2.252407345855445]
2019-04-05 14:02:36 INFO     Batch: [57/120] Epoch: [1] Loss: [2.252157240078367]
2019-04-05 14:02:36 INFO     Batch: [58/120] Epoch: [1] Loss: [2.2519580550112965]
2019-04-05 14:02:36 INFO     Batch: [59/120] Epoch: [1] Loss: [2.251752781867981]
2019-04-05 14:02:36 INFO     Batch: [60/120] Epoch: [1] Loss: [2.2514451566289684]
2019-04-05 14:02:36 INFO     Batch: [61/120] Epoch: [1] Loss: [2.2512683983772033]
2019-04-05 14:02:36 INFO     Batch: [62/120] Epoch: [1] Loss: [2.251067630828373]
2019-04-05 14:02:36 INFO     Batch: [63/120] Epoch: [1] Loss: [2.25092988088727]
2019-04-05 14:02:36 INFO     Batch: [64/120] Epoch: [1] Loss: [2.250623365548941]
2019-04-05 14:02:36 INFO     Batch: [65/120] Epoch: [1] Loss: [2.250380075339115]
2019-04-05 14:02:36 INFO     Batch: [66/120] Epoch: [1] Loss: [2.250055110276635]
2019-04-05 14:02:36 INFO     Batch: [67/120] Epoch: [1] Loss: [2.2498360556714676]
2019-04-05 14:02:36 INFO     Batch: [68/120] Epoch: [1] Loss: [2.2495647098707114]
2019-04-05 14:02:36 INFO     Batch: [69/120] Epoch: [1] Loss: [2.249401749883379]
2019-04-05 14:02:37 INFO     Batch: [70/120] Epoch: [1] Loss: [2.2491585570321955]
2019-04-05 14:02:37 INFO     Batch: [71/120] Epoch: [1] Loss: [2.2490351729922824]
2019-04-05 14:02:37 INFO     Batch: [72/120] Epoch: [1] Loss: [2.248737720594014]
2019-04-05 14:02:37 INFO     Batch: [73/120] Epoch: [1] Loss: [2.248623947839479]
2019-04-05 14:02:37 INFO     Batch: [74/120] Epoch: [1] Loss: [2.2484402306874594]
2019-04-05 14:02:37 INFO     Batch: [75/120] Epoch: [1] Loss: [2.24818922344007]
2019-04-05 14:02:37 INFO     Batch: [76/120] Epoch: [1] Loss: [2.247975324655508]
2019-04-05 14:02:37 INFO     Batch: [77/120] Epoch: [1] Loss: [2.2478138147256312]
2019-04-05 14:02:37 INFO     Batch: [78/120] Epoch: [1] Loss: [2.247707910175565]
2019-04-05 14:02:37 INFO     Batch: [79/120] Epoch: [1] Loss: [2.2474242448806763]
2019-04-05 14:02:37 INFO     Batch: [80/120] Epoch: [1] Loss: [2.247214917783384]
2019-04-05 14:02:37 INFO     Batch: [81/120] Epoch: [1] Loss: [2.2469504722734777]
2019-04-05 14:02:37 INFO     Batch: [82/120] Epoch: [1] Loss: [2.246746996799147]
2019-04-05 14:02:38 INFO     Batch: [83/120] Epoch: [1] Loss: [2.246543594769069]
2019-04-05 14:02:38 INFO     Batch: [84/120] Epoch: [1] Loss: [2.246313653272741]
2019-04-05 14:02:38 INFO     Batch: [85/120] Epoch: [1] Loss: [2.2461468618969587]
2019-04-05 14:02:38 INFO     Batch: [86/120] Epoch: [1] Loss: [2.245943132488207]
2019-04-05 14:02:38 INFO     Batch: [87/120] Epoch: [1] Loss: [2.2456234395504]
2019-04-05 14:02:38 INFO     Batch: [88/120] Epoch: [1] Loss: [2.24534724267681]
2019-04-05 14:02:38 INFO     Batch: [89/120] Epoch: [1] Loss: [2.2451705190870497]
2019-04-05 14:02:38 INFO     Batch: [90/120] Epoch: [1] Loss: [2.244976051561125]
2019-04-05 14:02:38 INFO     Batch: [91/120] Epoch: [1] Loss: [2.244759007640507]
2019-04-05 14:02:38 INFO     Batch: [92/120] Epoch: [1] Loss: [2.244650553631526]
2019-04-05 14:02:38 INFO     Batch: [93/120] Epoch: [1] Loss: [2.2445231295646506]
2019-04-05 14:02:38 INFO     Batch: [94/120] Epoch: [1] Loss: [2.244353417346352]
2019-04-05 14:02:38 INFO     Batch: [95/120] Epoch: [1] Loss: [2.2442173833648362]
2019-04-05 14:02:39 INFO     Batch: [96/120] Epoch: [1] Loss: [2.243897261078825]
2019-04-05 14:02:39 INFO     Batch: [97/120] Epoch: [1] Loss: [2.2436805890530955]
2019-04-05 14:02:39 INFO     Batch: [98/120] Epoch: [1] Loss: [2.243509807971993]
2019-04-05 14:02:39 INFO     Batch: [99/120] Epoch: [1] Loss: [2.243301656246185]
2019-04-05 14:02:39 INFO     Batch: [100/120] Epoch: [1] Loss: [2.243102283761053]
2019-04-05 14:02:39 INFO     Batch: [101/120] Epoch: [1] Loss: [2.2429058972527]
2019-04-05 14:02:39 INFO     Batch: [102/120] Epoch: [1] Loss: [2.242672327652718]
2019-04-05 14:02:39 INFO     Batch: [103/120] Epoch: [1] Loss: [2.2425207564463983]
2019-04-05 14:02:39 INFO     Batch: [104/120] Epoch: [1] Loss: [2.242417623883202]
2019-04-05 14:02:39 INFO     Batch: [105/120] Epoch: [1] Loss: [2.2421937573630855]
2019-04-05 14:02:39 INFO     Batch: [106/120] Epoch: [1] Loss: [2.2419501843853533]
2019-04-05 14:02:39 INFO     Batch: [107/120] Epoch: [1] Loss: [2.241686858512737]
2019-04-05 14:02:39 INFO     Batch: [108/120] Epoch: [1] Loss: [2.2415246722895072]
2019-04-05 14:02:39 INFO     Batch: [109/120] Epoch: [1] Loss: [2.2412507989189843]
2019-04-05 14:02:40 INFO     Batch: [110/120] Epoch: [1] Loss: [2.241026175988687]
2019-04-05 14:02:40 INFO     Batch: [111/120] Epoch: [1] Loss: [2.2408499313252315]
2019-04-05 14:02:40 INFO     Batch: [112/120] Epoch: [1] Loss: [2.2406617033798084]
2019-04-05 14:02:40 INFO     Batch: [113/120] Epoch: [1] Loss: [2.240456177477251]
2019-04-05 14:02:40 INFO     Batch: [114/120] Epoch: [1] Loss: [2.2402653238047723]
2019-04-05 14:02:40 INFO     Batch: [115/120] Epoch: [1] Loss: [2.2400471259807717]
2019-04-05 14:02:40 INFO     Batch: [116/120] Epoch: [1] Loss: [2.239798352249667]
2019-04-05 14:02:40 INFO     Batch: [117/120] Epoch: [1] Loss: [2.239629854590206]
2019-04-05 14:02:40 INFO     Batch: [118/120] Epoch: [1] Loss: [2.2394750298572186]
2019-04-05 14:02:40 INFO     Batch: [119/120] Epoch: [1] Loss: [2.239246368408203]
2019-04-05 14:02:41 INFO     Epoch: [1/2000] Loss: [2.239246368408203] Accuracy: [0.2701818181818182]
2019-04-05 14:02:41 INFO     Batch: [0/120] Epoch: [2] Loss: [2.2200205326080322]
2019-04-05 14:02:42 INFO     Accuracy: [0.276]

2019-04-05 14:02:42 INFO     Batch: [1/120] Epoch: [2] Loss: [2.21196448802948]
2019-04-05 14:02:42 INFO     Batch: [2/120] Epoch: [2] Loss: [2.2114888032277427]
2019-04-05 14:02:42 INFO     Batch: [3/120] Epoch: [2] Loss: [2.2109711170196533]
2019-04-05 14:02:42 INFO     Batch: [4/120] Epoch: [2] Loss: [2.2102471828460692]
2019-04-05 14:02:43 INFO     Batch: [5/120] Epoch: [2] Loss: [2.2087626854578652]
2019-04-05 14:02:43 INFO     Batch: [6/120] Epoch: [2] Loss: [2.2079735142844066]
2019-04-05 14:02:43 INFO     Batch: [7/120] Epoch: [2] Loss: [2.208461195230484]
2019-04-05 14:02:43 INFO     Batch: [8/120] Epoch: [2] Loss: [2.2075751887427435]
2019-04-05 14:02:43 INFO     Batch: [9/120] Epoch: [2] Loss: [2.208004951477051]
2019-04-05 14:02:43 INFO     Batch: [10/120] Epoch: [2] Loss: [2.208467418497259]
2019-04-05 14:02:43 INFO     Batch: [11/120] Epoch: [2] Loss: [2.2077370484670005]
2019-04-05 14:02:43 INFO     Batch: [12/120] Epoch: [2] Loss: [2.2071303771092343]
2019-04-05 14:02:43 INFO     Batch: [13/120] Epoch: [2] Loss: [2.207530379295349]
2019-04-05 14:02:43 INFO     Batch: [14/120] Epoch: [2] Loss: [2.2074665228525796]
2019-04-05 14:02:43 INFO     Batch: [15/120] Epoch: [2] Loss: [2.2074792683124542]
2019-04-05 14:02:43 INFO     Batch: [16/120] Epoch: [2] Loss: [2.2076136224410114]
2019-04-05 14:02:43 INFO     Batch: [17/120] Epoch: [2] Loss: [2.2075599564446344]
2019-04-05 14:02:44 INFO     Batch: [18/120] Epoch: [2] Loss: [2.2063866289038407]
2019-04-05 14:02:44 INFO     Batch: [19/120] Epoch: [2] Loss: [2.206433427333832]
2019-04-05 14:02:44 INFO     Batch: [20/120] Epoch: [2] Loss: [2.2062643596104214]
2019-04-05 14:02:44 INFO     Batch: [21/120] Epoch: [2] Loss: [2.2067025141282515]
2019-04-05 14:02:44 INFO     Batch: [22/120] Epoch: [2] Loss: [2.206643954567287]
2019-04-05 14:02:44 INFO     Batch: [23/120] Epoch: [2] Loss: [2.2064366340637207]
2019-04-05 14:02:44 INFO     Batch: [24/120] Epoch: [2] Loss: [2.206240749359131]
2019-04-05 14:02:44 INFO     Batch: [25/120] Epoch: [2] Loss: [2.206110853415269]
2019-04-05 14:02:44 INFO     Batch: [26/120] Epoch: [2] Loss: [2.205695072809855]
2019-04-05 14:02:44 INFO     Batch: [27/120] Epoch: [2] Loss: [2.2051935621670316]
2019-04-05 14:02:44 INFO     Batch: [28/120] Epoch: [2] Loss: [2.2051314156630943]
2019-04-05 14:02:44 INFO     Batch: [29/120] Epoch: [2] Loss: [2.2050234635670978]
2019-04-05 14:02:44 INFO     Batch: [30/120] Epoch: [2] Loss: [2.2048619178033646]
2019-04-05 14:02:45 INFO     Batch: [31/120] Epoch: [2] Loss: [2.205008178949356]
2019-04-05 14:02:45 INFO     Batch: [32/120] Epoch: [2] Loss: [2.2046783620660957]
2019-04-05 14:02:45 INFO     Batch: [33/120] Epoch: [2] Loss: [2.204752837910372]
2019-04-05 14:02:45 INFO     Batch: [34/120] Epoch: [2] Loss: [2.204406349999564]
2019-04-05 14:02:45 INFO     Batch: [35/120] Epoch: [2] Loss: [2.204355948501163]
2019-04-05 14:02:45 INFO     Batch: [36/120] Epoch: [2] Loss: [2.204028509758614]
2019-04-05 14:02:45 INFO     Batch: [37/120] Epoch: [2] Loss: [2.204004720637673]
2019-04-05 14:02:45 INFO     Batch: [38/120] Epoch: [2] Loss: [2.2039105831048427]
2019-04-05 14:02:45 INFO     Batch: [39/120] Epoch: [2] Loss: [2.2040222227573394]
2019-04-05 14:02:45 INFO     Batch: [40/120] Epoch: [2] Loss: [2.2037739753723145]
2019-04-05 14:02:45 INFO     Batch: [41/120] Epoch: [2] Loss: [2.2035927658989314]
2019-04-05 14:02:45 INFO     Batch: [42/120] Epoch: [2] Loss: [2.2033168271530505]
2019-04-05 14:02:45 INFO     Batch: [43/120] Epoch: [2] Loss: [2.2032920772379097]
2019-04-05 14:02:46 INFO     Batch: [44/120] Epoch: [2] Loss: [2.2030013243357343]
2019-04-05 14:02:46 INFO     Batch: [45/120] Epoch: [2] Loss: [2.2025913414747817]
2019-04-05 14:02:46 INFO     Batch: [46/120] Epoch: [2] Loss: [2.202581968713314]
2019-04-05 14:02:46 INFO     Batch: [47/120] Epoch: [2] Loss: [2.2021779666344323]
2019-04-05 14:02:46 INFO     Batch: [48/120] Epoch: [2] Loss: [2.201770378618824]
2019-04-05 14:02:46 INFO     Batch: [49/120] Epoch: [2] Loss: [2.201377501487732]
2019-04-05 14:02:46 INFO     Batch: [50/120] Epoch: [2] Loss: [2.200963955299527]
2019-04-05 14:02:46 INFO     Batch: [51/120] Epoch: [2] Loss: [2.2006550339552073]
2019-04-05 14:02:46 INFO     Batch: [52/120] Epoch: [2] Loss: [2.200618370523993]
2019-04-05 14:02:46 INFO     Batch: [53/120] Epoch: [2] Loss: [2.2003275685840182]
2019-04-05 14:02:46 INFO     Batch: [54/120] Epoch: [2] Loss: [2.2002592650326815]
2019-04-05 14:02:46 INFO     Batch: [55/120] Epoch: [2] Loss: [2.199989838259561]
2019-04-05 14:02:46 INFO     Batch: [56/120] Epoch: [2] Loss: [2.1995342237907543]
2019-04-05 14:02:47 INFO     Batch: [57/120] Epoch: [2] Loss: [2.199460843513752]
2019-04-05 14:02:47 INFO     Batch: [58/120] Epoch: [2] Loss: [2.1991455999471374]
2019-04-05 14:02:47 INFO     Batch: [59/120] Epoch: [2] Loss: [2.198877151807149]
2019-04-05 14:02:47 INFO     Batch: [60/120] Epoch: [2] Loss: [2.1987396420025433]
2019-04-05 14:02:47 INFO     Batch: [61/120] Epoch: [2] Loss: [2.1985826223127303]
2019-04-05 14:02:47 INFO     Batch: [62/120] Epoch: [2] Loss: [2.1983667593153697]
2019-04-05 14:02:47 INFO     Batch: [63/120] Epoch: [2] Loss: [2.1981996037065983]
2019-04-05 14:02:47 INFO     Batch: [64/120] Epoch: [2] Loss: [2.197789430618286]
2019-04-05 14:02:47 INFO     Batch: [65/120] Epoch: [2] Loss: [2.197691408070651]
2019-04-05 14:02:47 INFO     Batch: [66/120] Epoch: [2] Loss: [2.1973453777939524]
2019-04-05 14:02:47 INFO     Batch: [67/120] Epoch: [2] Loss: [2.197224101599525]
2019-04-05 14:02:47 INFO     Batch: [68/120] Epoch: [2] Loss: [2.1969222158625508]
2019-04-05 14:02:47 INFO     Batch: [69/120] Epoch: [2] Loss: [2.196790449959891]
2019-04-05 14:02:47 INFO     Batch: [70/120] Epoch: [2] Loss: [2.1967132494483197]
2019-04-05 14:02:48 INFO     Batch: [71/120] Epoch: [2] Loss: [2.1964168118105993]
2019-04-05 14:02:48 INFO     Batch: [72/120] Epoch: [2] Loss: [2.1960695737028777]
2019-04-05 14:02:48 INFO     Batch: [73/120] Epoch: [2] Loss: [2.1958635401081397]
2019-04-05 14:02:48 INFO     Batch: [74/120] Epoch: [2] Loss: [2.195610122680664]
2019-04-05 14:02:48 INFO     Batch: [75/120] Epoch: [2] Loss: [2.195428581614243]
2019-04-05 14:02:48 INFO     Batch: [76/120] Epoch: [2] Loss: [2.195497974172815]
2019-04-05 14:02:48 INFO     Batch: [77/120] Epoch: [2] Loss: [2.195506554383498]
2019-04-05 14:02:48 INFO     Batch: [78/120] Epoch: [2] Loss: [2.1951093190832984]
2019-04-05 14:02:48 INFO     Batch: [79/120] Epoch: [2] Loss: [2.1948323607444764]
2019-04-05 14:02:48 INFO     Batch: [80/120] Epoch: [2] Loss: [2.1945100448749684]
2019-04-05 14:02:48 INFO     Batch: [81/120] Epoch: [2] Loss: [2.1943778526492235]
2019-04-05 14:02:48 INFO     Batch: [82/120] Epoch: [2] Loss: [2.1941424450242377]
2019-04-05 14:02:48 INFO     Batch: [83/120] Epoch: [2] Loss: [2.193855038711003]
2019-04-05 14:02:49 INFO     Batch: [84/120] Epoch: [2] Loss: [2.193631051568424]
2019-04-05 14:02:49 INFO     Batch: [85/120] Epoch: [2] Loss: [2.1933984257454098]
2019-04-05 14:02:49 INFO     Batch: [86/120] Epoch: [2] Loss: [2.193132907494731]
2019-04-05 14:02:49 INFO     Batch: [87/120] Epoch: [2] Loss: [2.1927440789612858]
2019-04-05 14:02:49 INFO     Batch: [88/120] Epoch: [2] Loss: [2.1925731401764943]
2019-04-05 14:02:49 INFO     Batch: [89/120] Epoch: [2] Loss: [2.1924421072006224]
2019-04-05 14:02:49 INFO     Batch: [90/120] Epoch: [2] Loss: [2.1921612116006703]
2019-04-05 14:02:49 INFO     Batch: [91/120] Epoch: [2] Loss: [2.1920622639034106]
2019-04-05 14:02:49 INFO     Batch: [92/120] Epoch: [2] Loss: [2.191888365694272]
2019-04-05 14:02:49 INFO     Batch: [93/120] Epoch: [2] Loss: [2.191628671706991]
2019-04-05 14:02:49 INFO     Batch: [94/120] Epoch: [2] Loss: [2.191510516718814]
2019-04-05 14:02:49 INFO     Batch: [95/120] Epoch: [2] Loss: [2.191252979139487]
2019-04-05 14:02:49 INFO     Batch: [96/120] Epoch: [2] Loss: [2.1910492292384514]
2019-04-05 14:02:50 INFO     Batch: [97/120] Epoch: [2] Loss: [2.1906555696409575]
2019-04-05 14:02:50 INFO     Batch: [98/120] Epoch: [2] Loss: [2.1905370866409455]
2019-04-05 14:02:50 INFO     Batch: [99/120] Epoch: [2] Loss: [2.1902247428894044]
2019-04-05 14:02:50 INFO     Batch: [100/120] Epoch: [2] Loss: [2.1899277219677917]
2019-04-05 14:02:50 INFO     Batch: [101/120] Epoch: [2] Loss: [2.18971765275095]
2019-04-05 14:02:50 INFO     Batch: [102/120] Epoch: [2] Loss: [2.1894872003388635]
2019-04-05 14:02:50 INFO     Batch: [103/120] Epoch: [2] Loss: [2.18922509596898]
2019-04-05 14:02:50 INFO     Batch: [104/120] Epoch: [2] Loss: [2.1888923077356246]
2019-04-05 14:02:50 INFO     Batch: [105/120] Epoch: [2] Loss: [2.1887122100254275]
2019-04-05 14:02:50 INFO     Batch: [106/120] Epoch: [2] Loss: [2.1884549689070085]
2019-04-05 14:02:50 INFO     Batch: [107/120] Epoch: [2] Loss: [2.1884252892600164]
2019-04-05 14:02:50 INFO     Batch: [108/120] Epoch: [2] Loss: [2.188155896073088]
2019-04-05 14:02:50 INFO     Batch: [109/120] Epoch: [2] Loss: [2.1879228310151535]
2019-04-05 14:02:51 INFO     Batch: [110/120] Epoch: [2] Loss: [2.1876950285456203]
2019-04-05 14:02:51 INFO     Batch: [111/120] Epoch: [2] Loss: [2.187585228255817]
2019-04-05 14:02:51 INFO     Batch: [112/120] Epoch: [2] Loss: [2.1874065293674976]
2019-04-05 14:02:51 INFO     Batch: [113/120] Epoch: [2] Loss: [2.1871568571057236]
2019-04-05 14:02:51 INFO     Batch: [114/120] Epoch: [2] Loss: [2.186891456272291]
2019-04-05 14:02:51 INFO     Batch: [115/120] Epoch: [2] Loss: [2.1867561381438683]
2019-04-05 14:02:51 INFO     Batch: [116/120] Epoch: [2] Loss: [2.1865037669483414]
2019-04-05 14:02:51 INFO     Batch: [117/120] Epoch: [2] Loss: [2.1863183369070796]
2019-04-05 14:02:51 INFO     Batch: [118/120] Epoch: [2] Loss: [2.1861203518234382]
2019-04-05 14:02:51 INFO     Batch: [119/120] Epoch: [2] Loss: [2.185963374376297]
2019-04-05 14:02:52 INFO     Epoch: [2/2000] Loss: [2.185963374376297] Accuracy: [0.3398181818181818]
2019-04-05 14:02:52 INFO     Batch: [0/120] Epoch: [3] Loss: [2.1427059173583984]
2019-04-05 14:02:53 INFO     Accuracy: [0.34418181818181814]

2019-04-05 14:02:53 INFO     Batch: [1/120] Epoch: [3] Loss: [2.1446269750595093]
2019-04-05 14:02:53 INFO     Batch: [2/120] Epoch: [3] Loss: [2.147191603978475]
2019-04-05 14:02:53 INFO     Batch: [3/120] Epoch: [3] Loss: [2.146187424659729]
2019-04-05 14:02:53 INFO     Batch: [4/120] Epoch: [3] Loss: [2.1481045722961425]
2019-04-05 14:02:54 INFO     Batch: [5/120] Epoch: [3] Loss: [2.149012049039205]
2019-04-05 14:02:54 INFO     Batch: [6/120] Epoch: [3] Loss: [2.150998047419957]
2019-04-05 14:02:54 INFO     Batch: [7/120] Epoch: [3] Loss: [2.151027947664261]
2019-04-05 14:02:54 INFO     Batch: [8/120] Epoch: [3] Loss: [2.151709689034356]
2019-04-05 14:02:54 INFO     Batch: [9/120] Epoch: [3] Loss: [2.151321816444397]
2019-04-05 14:02:54 INFO     Batch: [10/120] Epoch: [3] Loss: [2.1518103642897173]
2019-04-05 14:02:54 INFO     Batch: [11/120] Epoch: [3] Loss: [2.1520886619885764]
2019-04-05 14:02:54 INFO     Batch: [12/120] Epoch: [3] Loss: [2.1536518793839674]
2019-04-05 14:02:54 INFO     Batch: [13/120] Epoch: [3] Loss: [2.1543690136500766]
2019-04-05 14:02:54 INFO     Batch: [14/120] Epoch: [3] Loss: [2.1554091453552244]
