2019-04-01 21:24:29 INFO     Loading Data
2019-04-01 21:24:30 INFO     Model Setting Up
2019-04-01 21:24:38 INFO     Start Training
2019-04-01 21:24:47 INFO     Batch: [0/120] Epoch: [0] Loss: [2.3060202598571777]
2019-04-01 21:24:48 INFO     Accuracy: [0.12709090909090912]

2019-04-01 21:24:48 INFO     Batch: [1/120] Epoch: [0] Loss: [2.3133150339126587]
2019-04-01 21:24:48 INFO     Batch: [2/120] Epoch: [0] Loss: [2.3122407595316568]
2019-04-01 21:24:48 INFO     Batch: [3/120] Epoch: [0] Loss: [2.310527205467224]
2019-04-01 21:24:48 INFO     Batch: [4/120] Epoch: [0] Loss: [2.3097646236419678]
2019-04-01 21:24:49 INFO     Batch: [5/120] Epoch: [0] Loss: [2.3078978856404624]
2019-04-01 21:24:49 INFO     Batch: [6/120] Epoch: [0] Loss: [2.3069831984383717]
2019-04-01 21:24:49 INFO     Batch: [7/120] Epoch: [0] Loss: [2.3062291145324707]
2019-04-01 21:24:49 INFO     Batch: [8/120] Epoch: [0] Loss: [2.3064801163143582]
2019-04-01 21:24:49 INFO     Batch: [9/120] Epoch: [0] Loss: [2.3064022302627563]
2019-04-01 21:24:49 INFO     Batch: [10/120] Epoch: [0] Loss: [2.3055491880937056]
2019-04-01 21:24:49 INFO     Batch: [11/120] Epoch: [0] Loss: [2.304553667704264]
2019-04-01 21:24:50 INFO     Batch: [12/120] Epoch: [0] Loss: [2.303071370491615]
2019-04-01 21:24:50 INFO     Batch: [13/120] Epoch: [0] Loss: [2.301824722971235]
2019-04-01 21:24:50 INFO     Batch: [14/120] Epoch: [0] Loss: [2.3008378823598226]
2019-04-01 21:24:50 INFO     Batch: [15/120] Epoch: [0] Loss: [2.2993058413267136]
2019-04-01 21:24:50 INFO     Batch: [16/120] Epoch: [0] Loss: [2.2979101854212143]
2019-04-01 21:24:50 INFO     Batch: [17/120] Epoch: [0] Loss: [2.29721110396915]
2019-04-01 21:24:50 INFO     Batch: [18/120] Epoch: [0] Loss: [2.2963383323267887]
2019-04-01 21:24:51 INFO     Batch: [19/120] Epoch: [0] Loss: [2.2948624730110168]
2019-04-01 21:24:51 INFO     Batch: [20/120] Epoch: [0] Loss: [2.2934932595207576]
2019-04-01 21:24:51 INFO     Batch: [21/120] Epoch: [0] Loss: [2.2923413948579268]
2019-04-01 21:24:51 INFO     Batch: [22/120] Epoch: [0] Loss: [2.2910626245581587]
2019-04-01 21:24:51 INFO     Batch: [23/120] Epoch: [0] Loss: [2.2901668548583984]
2019-04-01 21:24:51 INFO     Batch: [24/120] Epoch: [0] Loss: [2.2890825176239016]
2019-04-01 21:24:51 INFO     Batch: [25/120] Epoch: [0] Loss: [2.2877445129247813]
2019-04-01 21:24:52 INFO     Batch: [26/120] Epoch: [0] Loss: [2.286862373352051]
2019-04-01 21:24:52 INFO     Batch: [27/120] Epoch: [0] Loss: [2.285852883543287]
2019-04-01 21:24:52 INFO     Batch: [28/120] Epoch: [0] Loss: [2.284667426142199]
2019-04-01 21:24:52 INFO     Batch: [29/120] Epoch: [0] Loss: [2.2834763447443645]
2019-04-01 21:24:52 INFO     Batch: [30/120] Epoch: [0] Loss: [2.282203374370452]
2019-04-01 21:24:52 INFO     Batch: [31/120] Epoch: [0] Loss: [2.2810245007276535]
2019-04-01 21:24:52 INFO     Batch: [32/120] Epoch: [0] Loss: [2.2798831462860107]
2019-04-01 21:24:52 INFO     Batch: [33/120] Epoch: [0] Loss: [2.2786402842577766]
2019-04-01 21:24:53 INFO     Batch: [34/120] Epoch: [0] Loss: [2.27745817729405]
2019-04-01 21:24:53 INFO     Batch: [35/120] Epoch: [0] Loss: [2.276212149196201]
2019-04-01 21:24:53 INFO     Batch: [36/120] Epoch: [0] Loss: [2.2751060498727336]
2019-04-01 21:24:53 INFO     Batch: [37/120] Epoch: [0] Loss: [2.2738419081035413]
2019-04-01 21:24:53 INFO     Batch: [38/120] Epoch: [0] Loss: [2.272734452516605]
2019-04-01 21:24:53 INFO     Batch: [39/120] Epoch: [0] Loss: [2.2715104162693023]
2019-04-01 21:24:53 INFO     Batch: [40/120] Epoch: [0] Loss: [2.270589648223505]
2019-04-01 21:24:54 INFO     Batch: [41/120] Epoch: [0] Loss: [2.269475908506484]
2019-04-01 21:24:54 INFO     Batch: [42/120] Epoch: [0] Loss: [2.268339523049288]
2019-04-01 21:24:54 INFO     Batch: [43/120] Epoch: [0] Loss: [2.2670867334712637]
2019-04-01 21:24:54 INFO     Batch: [44/120] Epoch: [0] Loss: [2.2659525871276855]
2019-04-01 21:24:54 INFO     Batch: [45/120] Epoch: [0] Loss: [2.265013176461925]
2019-04-01 21:24:54 INFO     Batch: [46/120] Epoch: [0] Loss: [2.26397498617781]
2019-04-01 21:24:54 INFO     Batch: [47/120] Epoch: [0] Loss: [2.2629387279351554]
2019-04-01 21:24:55 INFO     Batch: [48/120] Epoch: [0] Loss: [2.261742961649992]
2019-04-01 21:24:55 INFO     Batch: [49/120] Epoch: [0] Loss: [2.260700011253357]
2019-04-01 21:24:55 INFO     Batch: [50/120] Epoch: [0] Loss: [2.2597260521907434]
2019-04-01 21:24:55 INFO     Batch: [51/120] Epoch: [0] Loss: [2.2585147069050717]
2019-04-01 21:24:55 INFO     Batch: [52/120] Epoch: [0] Loss: [2.257384808558338]
2019-04-01 21:24:55 INFO     Batch: [53/120] Epoch: [0] Loss: [2.2563757675665395]
2019-04-01 21:24:55 INFO     Batch: [54/120] Epoch: [0] Loss: [2.2554239056327128]
2019-04-01 21:24:56 INFO     Batch: [55/120] Epoch: [0] Loss: [2.2542704982416972]
2019-04-01 21:24:56 INFO     Batch: [56/120] Epoch: [0] Loss: [2.25313943729066]
2019-04-01 21:24:56 INFO     Batch: [57/120] Epoch: [0] Loss: [2.2521742253467956]
2019-04-01 21:24:56 INFO     Batch: [58/120] Epoch: [0] Loss: [2.2510983054920777]
2019-04-01 21:24:56 INFO     Batch: [59/120] Epoch: [0] Loss: [2.250104312102]
2019-04-01 21:24:56 INFO     Batch: [60/120] Epoch: [0] Loss: [2.2489672957873736]
2019-04-01 21:24:56 INFO     Batch: [61/120] Epoch: [0] Loss: [2.2478070566731114]
2019-04-01 21:24:57 INFO     Batch: [62/120] Epoch: [0] Loss: [2.246653738475981]
2019-04-01 21:24:57 INFO     Batch: [63/120] Epoch: [0] Loss: [2.245422888547182]
2019-04-01 21:24:57 INFO     Batch: [64/120] Epoch: [0] Loss: [2.2445663598867562]
2019-04-01 21:24:57 INFO     Batch: [65/120] Epoch: [0] Loss: [2.2433792099808203]
2019-04-01 21:24:57 INFO     Batch: [66/120] Epoch: [0] Loss: [2.242257370877622]
2019-04-01 21:24:57 INFO     Batch: [67/120] Epoch: [0] Loss: [2.2409994111341587]
2019-04-01 21:24:57 INFO     Batch: [68/120] Epoch: [0] Loss: [2.239891656930896]
2019-04-01 21:24:58 INFO     Batch: [69/120] Epoch: [0] Loss: [2.238941924912589]
2019-04-01 21:24:58 INFO     Batch: [70/120] Epoch: [0] Loss: [2.2380489329217186]
2019-04-01 21:24:58 INFO     Batch: [71/120] Epoch: [0] Loss: [2.2371293902397156]
2019-04-01 21:24:58 INFO     Batch: [72/120] Epoch: [0] Loss: [2.236113770367348]
2019-04-01 21:24:58 INFO     Batch: [73/120] Epoch: [0] Loss: [2.234985393446845]
2019-04-01 21:24:58 INFO     Batch: [74/120] Epoch: [0] Loss: [2.2337729136149087]
2019-04-01 21:24:58 INFO     Batch: [75/120] Epoch: [0] Loss: [2.2328460875310396]
2019-04-01 21:24:59 INFO     Batch: [76/120] Epoch: [0] Loss: [2.2319954308596524]
2019-04-01 21:24:59 INFO     Batch: [77/120] Epoch: [0] Loss: [2.2310685958617773]
2019-04-01 21:24:59 INFO     Batch: [78/120] Epoch: [0] Loss: [2.2300536904153945]
2019-04-01 21:24:59 INFO     Batch: [79/120] Epoch: [0] Loss: [2.2290333122015]
2019-04-01 21:24:59 INFO     Batch: [80/120] Epoch: [0] Loss: [2.228069364288707]
2019-04-01 21:24:59 INFO     Batch: [81/120] Epoch: [0] Loss: [2.2271342277526855]
2019-04-01 21:24:59 INFO     Batch: [82/120] Epoch: [0] Loss: [2.226250269326819]
2019-04-01 21:24:59 INFO     Batch: [83/120] Epoch: [0] Loss: [2.225219420024327]
2019-04-01 21:25:00 INFO     Batch: [84/120] Epoch: [0] Loss: [2.224193744098439]
2019-04-01 21:25:00 INFO     Batch: [85/120] Epoch: [0] Loss: [2.223054813784222]
2019-04-01 21:25:00 INFO     Batch: [86/120] Epoch: [0] Loss: [2.2219522054168]
2019-04-01 21:25:00 INFO     Batch: [87/120] Epoch: [0] Loss: [2.2210057133978065]
2019-04-01 21:25:00 INFO     Batch: [88/120] Epoch: [0] Loss: [2.220093035965823]
2019-04-01 21:25:00 INFO     Batch: [89/120] Epoch: [0] Loss: [2.2192295524809094]
2019-04-01 21:25:00 INFO     Batch: [90/120] Epoch: [0] Loss: [2.2184334115667657]
2019-04-01 21:25:01 INFO     Batch: [91/120] Epoch: [0] Loss: [2.2174135031907456]
2019-04-01 21:25:01 INFO     Batch: [92/120] Epoch: [0] Loss: [2.2166597022805163]
2019-04-01 21:25:01 INFO     Batch: [93/120] Epoch: [0] Loss: [2.215563540763043]
2019-04-01 21:25:01 INFO     Batch: [94/120] Epoch: [0] Loss: [2.2147233260305303]
2019-04-01 21:25:01 INFO     Batch: [95/120] Epoch: [0] Loss: [2.213957190513611]
2019-04-01 21:25:01 INFO     Batch: [96/120] Epoch: [0] Loss: [2.2129556469081604]
2019-04-01 21:25:01 INFO     Batch: [97/120] Epoch: [0] Loss: [2.21223762327311]
2019-04-01 21:25:02 INFO     Batch: [98/120] Epoch: [0] Loss: [2.211276644408101]
2019-04-01 21:25:02 INFO     Batch: [99/120] Epoch: [0] Loss: [2.2102068185806276]
2019-04-01 21:25:02 INFO     Batch: [100/120] Epoch: [0] Loss: [2.2092060924756645]
2019-04-01 21:25:02 INFO     Batch: [101/120] Epoch: [0] Loss: [2.208337187767029]
2019-04-01 21:25:02 INFO     Batch: [102/120] Epoch: [0] Loss: [2.2076282732695054]
2019-04-01 21:25:02 INFO     Batch: [103/120] Epoch: [0] Loss: [2.2067350768125973]
2019-04-01 21:25:02 INFO     Batch: [104/120] Epoch: [0] Loss: [2.2061144896915983]
2019-04-01 21:25:03 INFO     Batch: [105/120] Epoch: [0] Loss: [2.2053987260134713]
2019-04-01 21:25:03 INFO     Batch: [106/120] Epoch: [0] Loss: [2.2045791327396285]
2019-04-01 21:25:03 INFO     Batch: [107/120] Epoch: [0] Loss: [2.2035290400187173]
2019-04-01 21:25:03 INFO     Batch: [108/120] Epoch: [0] Loss: [2.2027299447890814]
2019-04-01 21:25:03 INFO     Batch: [109/120] Epoch: [0] Loss: [2.201603406125849]
2019-04-01 21:25:03 INFO     Batch: [110/120] Epoch: [0] Loss: [2.200730209952002]
2019-04-01 21:25:03 INFO     Batch: [111/120] Epoch: [0] Loss: [2.1998303532600403]
2019-04-01 21:25:04 INFO     Batch: [112/120] Epoch: [0] Loss: [2.198930358464739]
2019-04-01 21:25:04 INFO     Batch: [113/120] Epoch: [0] Loss: [2.1980994939804077]
2019-04-01 21:25:04 INFO     Batch: [114/120] Epoch: [0] Loss: [2.1971828916798466]
2019-04-01 21:25:04 INFO     Batch: [115/120] Epoch: [0] Loss: [2.1962900840002915]
2019-04-01 21:25:04 INFO     Batch: [116/120] Epoch: [0] Loss: [2.195358078703921]
2019-04-01 21:25:04 INFO     Batch: [117/120] Epoch: [0] Loss: [2.1945413795568176]
2019-04-01 21:25:04 INFO     Batch: [118/120] Epoch: [0] Loss: [2.193699912864621]
2019-04-01 21:25:05 INFO     Batch: [119/120] Epoch: [0] Loss: [2.192898613214493]
2019-04-01 21:25:06 INFO     Epoch: [0/200] Loss: [2.192898613214493] Accuracy: [0.3098181818181818]
2019-04-01 21:25:06 INFO     Batch: [0/120] Epoch: [1] Loss: [2.11797833442688]
2019-04-01 21:25:07 INFO     Accuracy: [0.31036363636363634]

2019-04-01 21:25:08 INFO     Batch: [1/120] Epoch: [1] Loss: [2.103239893913269]
2019-04-01 21:25:08 INFO     Batch: [2/120] Epoch: [1] Loss: [2.1049373149871826]
2019-04-01 21:25:08 INFO     Batch: [3/120] Epoch: [1] Loss: [2.104008674621582]
2019-04-01 21:25:08 INFO     Batch: [4/120] Epoch: [1] Loss: [2.097018909454346]
2019-04-01 21:25:08 INFO     Batch: [5/120] Epoch: [1] Loss: [2.095959266026815]
2019-04-01 21:25:08 INFO     Batch: [6/120] Epoch: [1] Loss: [2.095859561647688]
2019-04-01 21:25:08 INFO     Batch: [7/120] Epoch: [1] Loss: [2.096467673778534]
2019-04-01 21:25:08 INFO     Batch: [8/120] Epoch: [1] Loss: [2.093702607684665]
2019-04-01 21:25:09 INFO     Batch: [9/120] Epoch: [1] Loss: [2.093731927871704]
2019-04-01 21:25:09 INFO     Batch: [10/120] Epoch: [1] Loss: [2.091840397227894]
2019-04-01 21:25:09 INFO     Batch: [11/120] Epoch: [1] Loss: [2.0893062750498452]
2019-04-01 21:25:09 INFO     Batch: [12/120] Epoch: [1] Loss: [2.0890935017512393]
2019-04-01 21:25:09 INFO     Batch: [13/120] Epoch: [1] Loss: [2.0864743164607455]
2019-04-01 21:25:09 INFO     Batch: [14/120] Epoch: [1] Loss: [2.0857789357503256]
2019-04-01 21:25:09 INFO     Batch: [15/120] Epoch: [1] Loss: [2.084254652261734]
2019-04-01 21:25:10 INFO     Batch: [16/120] Epoch: [1] Loss: [2.0853253813350903]
2019-04-01 21:25:10 INFO     Batch: [17/120] Epoch: [1] Loss: [2.083636442820231]
2019-04-01 21:25:10 INFO     Batch: [18/120] Epoch: [1] Loss: [2.0820238841207406]
2019-04-01 21:25:10 INFO     Batch: [19/120] Epoch: [1] Loss: [2.08128479719162]
2019-04-01 21:25:10 INFO     Batch: [20/120] Epoch: [1] Loss: [2.080252772285825]
2019-04-01 21:25:10 INFO     Batch: [21/120] Epoch: [1] Loss: [2.079665097323331]
2019-04-01 21:25:10 INFO     Batch: [22/120] Epoch: [1] Loss: [2.0797514708145806]
2019-04-01 21:25:11 INFO     Batch: [23/120] Epoch: [1] Loss: [2.079274912675222]
2019-04-01 21:25:11 INFO     Batch: [24/120] Epoch: [1] Loss: [2.07858567237854]
2019-04-01 21:25:11 INFO     Batch: [25/120] Epoch: [1] Loss: [2.0782335996627808]
2019-04-01 21:25:11 INFO     Batch: [26/120] Epoch: [1] Loss: [2.078537269874855]
2019-04-01 21:25:11 INFO     Batch: [27/120] Epoch: [1] Loss: [2.0773156796182906]
2019-04-01 21:25:11 INFO     Batch: [28/120] Epoch: [1] Loss: [2.0757239769245017]
2019-04-01 21:25:11 INFO     Batch: [29/120] Epoch: [1] Loss: [2.074793489774068]
2019-04-01 21:25:12 INFO     Batch: [30/120] Epoch: [1] Loss: [2.0747201365809285]
2019-04-01 21:25:12 INFO     Batch: [31/120] Epoch: [1] Loss: [2.074303388595581]
2019-04-01 21:25:12 INFO     Batch: [32/120] Epoch: [1] Loss: [2.074112892150879]
2019-04-01 21:25:12 INFO     Batch: [33/120] Epoch: [1] Loss: [2.0730605966904583]
2019-04-01 21:25:12 INFO     Batch: [34/120] Epoch: [1] Loss: [2.0726325375693184]
2019-04-01 21:25:12 INFO     Batch: [35/120] Epoch: [1] Loss: [2.0706310470898948]
2019-04-01 21:25:12 INFO     Batch: [36/120] Epoch: [1] Loss: [2.0703182929270976]
2019-04-01 21:25:13 INFO     Batch: [37/120] Epoch: [1] Loss: [2.069645360896462]
2019-04-01 21:25:13 INFO     Batch: [38/120] Epoch: [1] Loss: [2.0694392583309074]
2019-04-01 21:25:13 INFO     Batch: [39/120] Epoch: [1] Loss: [2.0686643064022063]
2019-04-01 21:25:13 INFO     Batch: [40/120] Epoch: [1] Loss: [2.0685636880921154]
2019-04-01 21:25:13 INFO     Batch: [41/120] Epoch: [1] Loss: [2.068526659693037]
2019-04-01 21:25:13 INFO     Batch: [42/120] Epoch: [1] Loss: [2.066829262777816]
2019-04-01 21:25:13 INFO     Batch: [43/120] Epoch: [1] Loss: [2.0669847374612633]
2019-04-01 21:25:14 INFO     Batch: [44/120] Epoch: [1] Loss: [2.066885140207079]
2019-04-01 21:25:14 INFO     Batch: [45/120] Epoch: [1] Loss: [2.0659353396166926]
2019-04-01 21:25:14 INFO     Batch: [46/120] Epoch: [1] Loss: [2.0653445188035358]
2019-04-01 21:25:14 INFO     Batch: [47/120] Epoch: [1] Loss: [2.0649191414316497]
2019-04-01 21:25:14 INFO     Batch: [48/120] Epoch: [1] Loss: [2.0637151051540763]
2019-04-01 21:25:14 INFO     Batch: [49/120] Epoch: [1] Loss: [2.063441355228424]
2019-04-01 21:25:14 INFO     Batch: [50/120] Epoch: [1] Loss: [2.062647302945455]
2019-04-01 21:25:15 INFO     Batch: [51/120] Epoch: [1] Loss: [2.0616094768047333]
2019-04-01 21:25:15 INFO     Batch: [52/120] Epoch: [1] Loss: [2.0609444469775795]
2019-04-01 21:25:15 INFO     Batch: [53/120] Epoch: [1] Loss: [2.060323112540775]
2019-04-01 21:25:15 INFO     Batch: [54/120] Epoch: [1] Loss: [2.0598354534669356]
2019-04-01 21:25:15 INFO     Batch: [55/120] Epoch: [1] Loss: [2.058903070432799]
2019-04-01 21:25:15 INFO     Batch: [56/120] Epoch: [1] Loss: [2.05915994184059]
2019-04-01 21:25:15 INFO     Batch: [57/120] Epoch: [1] Loss: [2.0588284669251276]
2019-04-01 21:25:16 INFO     Batch: [58/120] Epoch: [1] Loss: [2.0582675145844282]
2019-04-01 21:25:16 INFO     Batch: [59/120] Epoch: [1] Loss: [2.057305238644282]
2019-04-01 21:25:16 INFO     Batch: [60/120] Epoch: [1] Loss: [2.0572724361888697]
2019-04-01 21:25:16 INFO     Batch: [61/120] Epoch: [1] Loss: [2.056239406908712]
2019-04-01 21:25:16 INFO     Batch: [62/120] Epoch: [1] Loss: [2.05509372741457]
2019-04-01 21:25:16 INFO     Batch: [63/120] Epoch: [1] Loss: [2.054860383272171]
2019-04-01 21:25:16 INFO     Batch: [64/120] Epoch: [1] Loss: [2.054397150186392]
2019-04-01 21:25:17 INFO     Batch: [65/120] Epoch: [1] Loss: [2.0538348537502866]
2019-04-01 21:25:17 INFO     Batch: [66/120] Epoch: [1] Loss: [2.053452616307273]
2019-04-01 21:25:17 INFO     Batch: [67/120] Epoch: [1] Loss: [2.053183345233693]
2019-04-01 21:25:17 INFO     Batch: [68/120] Epoch: [1] Loss: [2.052630151527515]
2019-04-01 21:25:17 INFO     Batch: [69/120] Epoch: [1] Loss: [2.051923714365278]
2019-04-01 21:25:17 INFO     Batch: [70/120] Epoch: [1] Loss: [2.051449329080716]
2019-04-01 21:25:17 INFO     Batch: [71/120] Epoch: [1] Loss: [2.0509740809599557]
2019-04-01 21:25:18 INFO     Batch: [72/120] Epoch: [1] Loss: [2.050358612243443]
2019-04-01 21:25:18 INFO     Batch: [73/120] Epoch: [1] Loss: [2.0498250142948047]
2019-04-01 21:25:18 INFO     Batch: [74/120] Epoch: [1] Loss: [2.0493876775105795]
2019-04-01 21:25:18 INFO     Batch: [75/120] Epoch: [1] Loss: [2.0490270758930005]
2019-04-01 21:25:18 INFO     Batch: [76/120] Epoch: [1] Loss: [2.048782967901849]
2019-04-01 21:25:18 INFO     Batch: [77/120] Epoch: [1] Loss: [2.0480616902693725]
2019-04-01 21:25:18 INFO     Batch: [78/120] Epoch: [1] Loss: [2.0473626172995267]
2019-04-01 21:25:19 INFO     Batch: [79/120] Epoch: [1] Loss: [2.0469274550676344]
2019-04-01 21:25:19 INFO     Batch: [80/120] Epoch: [1] Loss: [2.046429810700593]
2019-04-01 21:25:19 INFO     Batch: [81/120] Epoch: [1] Loss: [2.0462653956762176]
2019-04-01 21:25:19 INFO     Batch: [82/120] Epoch: [1] Loss: [2.0458359574697105]
2019-04-01 21:25:19 INFO     Batch: [83/120] Epoch: [1] Loss: [2.0455071926116943]
2019-04-01 21:25:19 INFO     Batch: [84/120] Epoch: [1] Loss: [2.0450348882114184]
2019-04-01 21:25:19 INFO     Batch: [85/120] Epoch: [1] Loss: [2.0441606613092644]
2019-04-01 21:25:20 INFO     Batch: [86/120] Epoch: [1] Loss: [2.0437256810308875]
2019-04-01 21:25:20 INFO     Batch: [87/120] Epoch: [1] Loss: [2.043126917698167]
2019-04-01 21:25:20 INFO     Batch: [88/120] Epoch: [1] Loss: [2.0423945871631752]
2019-04-01 21:25:20 INFO     Batch: [89/120] Epoch: [1] Loss: [2.042226719856262]
2019-04-01 21:25:20 INFO     Batch: [90/120] Epoch: [1] Loss: [2.0417607629692163]
2019-04-01 21:25:20 INFO     Batch: [91/120] Epoch: [1] Loss: [2.041308520928673]
2019-04-01 21:25:20 INFO     Batch: [92/120] Epoch: [1] Loss: [2.0407304968885196]
2019-04-01 21:25:21 INFO     Batch: [93/120] Epoch: [1] Loss: [2.039986772740141]
2019-04-01 21:25:21 INFO     Batch: [94/120] Epoch: [1] Loss: [2.0393362848382246]
2019-04-01 21:25:21 INFO     Batch: [95/120] Epoch: [1] Loss: [2.0390675688783326]
2019-04-01 21:25:21 INFO     Batch: [96/120] Epoch: [1] Loss: [2.0389396898525276]
2019-04-01 21:25:21 INFO     Batch: [97/120] Epoch: [1] Loss: [2.038366085412551]
2019-04-01 21:25:21 INFO     Batch: [98/120] Epoch: [1] Loss: [2.0378124774104416]
2019-04-01 21:25:21 INFO     Batch: [99/120] Epoch: [1] Loss: [2.0373344576358794]
2019-04-01 21:25:22 INFO     Batch: [100/120] Epoch: [1] Loss: [2.036704115348287]
2019-04-01 21:25:22 INFO     Batch: [101/120] Epoch: [1] Loss: [2.0361338012358723]
2019-04-01 21:25:22 INFO     Batch: [102/120] Epoch: [1] Loss: [2.0358797346503987]
2019-04-01 21:25:22 INFO     Batch: [103/120] Epoch: [1] Loss: [2.0352683583131204]
2019-04-01 21:25:22 INFO     Batch: [104/120] Epoch: [1] Loss: [2.034527537936256]
2019-04-01 21:25:22 INFO     Batch: [105/120] Epoch: [1] Loss: [2.0339783508822604]
2019-04-01 21:25:22 INFO     Batch: [106/120] Epoch: [1] Loss: [2.0335136228632704]
2019-04-01 21:25:22 INFO     Batch: [107/120] Epoch: [1] Loss: [2.033316096773854]
2019-04-01 21:25:23 INFO     Batch: [108/120] Epoch: [1] Loss: [2.032989386024825]
2019-04-01 21:25:23 INFO     Batch: [109/120] Epoch: [1] Loss: [2.0322799184105613]
2019-04-01 21:25:23 INFO     Batch: [110/120] Epoch: [1] Loss: [2.03165458988499]
2019-04-01 21:25:23 INFO     Batch: [111/120] Epoch: [1] Loss: [2.0311677317534174]
2019-04-01 21:25:23 INFO     Batch: [112/120] Epoch: [1] Loss: [2.0307062990897524]
2019-04-01 21:25:23 INFO     Batch: [113/120] Epoch: [1] Loss: [2.0302320551453974]
2019-04-01 21:25:23 INFO     Batch: [114/120] Epoch: [1] Loss: [2.0298341015110846]
2019-04-01 21:25:24 INFO     Batch: [115/120] Epoch: [1] Loss: [2.028982337178855]
2019-04-01 21:25:24 INFO     Batch: [116/120] Epoch: [1] Loss: [2.0287398925194373]
2019-04-01 21:25:24 INFO     Batch: [117/120] Epoch: [1] Loss: [2.027950211096618]
2019-04-01 21:25:24 INFO     Batch: [118/120] Epoch: [1] Loss: [2.0272651700412525]
2019-04-01 21:25:24 INFO     Batch: [119/120] Epoch: [1] Loss: [2.026631294687589]
2019-04-01 21:25:25 INFO     Epoch: [1/200] Loss: [2.026631294687589] Accuracy: [0.3567272727272728]
2019-04-01 21:25:26 INFO     Batch: [0/120] Epoch: [2] Loss: [1.9518637657165527]
2019-04-01 21:25:27 INFO     Accuracy: [0.35163636363636364]

2019-04-01 21:25:27 INFO     Batch: [1/120] Epoch: [2] Loss: [1.9777644872665405]
2019-04-01 21:25:27 INFO     Batch: [2/120] Epoch: [2] Loss: [1.9756175676981609]
2019-04-01 21:25:27 INFO     Batch: [3/120] Epoch: [2] Loss: [1.972750961780548]
2019-04-01 21:25:28 INFO     Batch: [4/120] Epoch: [2] Loss: [1.9683110952377318]
2019-04-01 21:25:28 INFO     Batch: [5/120] Epoch: [2] Loss: [1.96659517288208]
2019-04-01 21:25:28 INFO     Batch: [6/120] Epoch: [2] Loss: [1.9651280982153756]
2019-04-01 21:25:28 INFO     Batch: [7/120] Epoch: [2] Loss: [1.9686572700738907]
2019-04-01 21:25:28 INFO     Batch: [8/120] Epoch: [2] Loss: [1.9683991538153753]
2019-04-01 21:25:28 INFO     Batch: [9/120] Epoch: [2] Loss: [1.9708209753036499]
2019-04-01 21:25:28 INFO     Batch: [10/120] Epoch: [2] Loss: [1.966662276874889]
2019-04-01 21:25:29 INFO     Batch: [11/120] Epoch: [2] Loss: [1.964814931154251]
2019-04-01 21:25:29 INFO     Batch: [12/120] Epoch: [2] Loss: [1.9643329198543842]
2019-04-01 21:25:29 INFO     Batch: [13/120] Epoch: [2] Loss: [1.963019745690482]
2019-04-01 21:25:29 INFO     Batch: [14/120] Epoch: [2] Loss: [1.9608314037322998]
2019-04-01 21:25:29 INFO     Batch: [15/120] Epoch: [2] Loss: [1.960022233426571]
2019-04-01 21:25:29 INFO     Batch: [16/120] Epoch: [2] Loss: [1.9575038587345797]
2019-04-01 21:25:29 INFO     Batch: [17/120] Epoch: [2] Loss: [1.9568401376406352]
2019-04-01 21:25:30 INFO     Batch: [18/120] Epoch: [2] Loss: [1.9571166477705304]
2019-04-01 21:25:30 INFO     Batch: [19/120] Epoch: [2] Loss: [1.957154965400696]
2019-04-01 21:25:30 INFO     Batch: [20/120] Epoch: [2] Loss: [1.9563884962172735]
2019-04-01 21:25:30 INFO     Batch: [21/120] Epoch: [2] Loss: [1.954777945171703]
2019-04-01 21:25:30 INFO     Batch: [22/120] Epoch: [2] Loss: [1.9529169435086458]
2019-04-01 21:25:30 INFO     Batch: [23/120] Epoch: [2] Loss: [1.9523389836152394]
2019-04-01 21:25:30 INFO     Batch: [24/120] Epoch: [2] Loss: [1.951706862449646]
2019-04-01 21:25:31 INFO     Batch: [25/120] Epoch: [2] Loss: [1.9519885503328764]
2019-04-01 21:25:31 INFO     Batch: [26/120] Epoch: [2] Loss: [1.950286035184507]
2019-04-01 21:25:31 INFO     Batch: [27/120] Epoch: [2] Loss: [1.949828075511115]
2019-04-01 21:25:31 INFO     Batch: [28/120] Epoch: [2] Loss: [1.9508431862140525]
2019-04-01 21:25:31 INFO     Batch: [29/120] Epoch: [2] Loss: [1.9499432524045308]
2019-04-01 21:25:31 INFO     Batch: [30/120] Epoch: [2] Loss: [1.9486284871255197]
2019-04-01 21:25:31 INFO     Batch: [31/120] Epoch: [2] Loss: [1.947715051472187]
2019-04-01 21:25:32 INFO     Batch: [32/120] Epoch: [2] Loss: [1.9481828140489983]
2019-04-01 21:25:32 INFO     Batch: [33/120] Epoch: [2] Loss: [1.9488425465191113]
2019-04-01 21:25:32 INFO     Batch: [34/120] Epoch: [2] Loss: [1.9477038962500437]
2019-04-01 21:25:32 INFO     Batch: [35/120] Epoch: [2] Loss: [1.9471728404362996]
2019-04-01 21:25:32 INFO     Batch: [36/120] Epoch: [2] Loss: [1.9462319676940505]
2019-04-01 21:25:32 INFO     Batch: [37/120] Epoch: [2] Loss: [1.9452553611052663]
2019-04-01 21:25:32 INFO     Batch: [38/120] Epoch: [2] Loss: [1.94547988818242]
2019-04-01 21:25:32 INFO     Batch: [39/120] Epoch: [2] Loss: [1.9444719672203064]
2019-04-01 21:25:33 INFO     Batch: [40/120] Epoch: [2] Loss: [1.9445688375612584]
2019-04-01 21:25:33 INFO     Batch: [41/120] Epoch: [2] Loss: [1.9451561655317033]
2019-04-01 21:25:33 INFO     Batch: [42/120] Epoch: [2] Loss: [1.9439750660297483]
2019-04-01 21:25:33 INFO     Batch: [43/120] Epoch: [2] Loss: [1.9437629607590763]
2019-04-01 21:25:33 INFO     Batch: [44/120] Epoch: [2] Loss: [1.9441145923402574]
2019-04-01 21:25:33 INFO     Batch: [45/120] Epoch: [2] Loss: [1.9441020566484202]
2019-04-01 21:25:33 INFO     Batch: [46/120] Epoch: [2] Loss: [1.9441715073078236]
2019-04-01 21:25:34 INFO     Batch: [47/120] Epoch: [2] Loss: [1.9437870209415753]
2019-04-01 21:25:34 INFO     Batch: [48/120] Epoch: [2] Loss: [1.942457026364852]
2019-04-01 21:25:34 INFO     Batch: [49/120] Epoch: [2] Loss: [1.941284236907959]
2019-04-01 21:25:34 INFO     Batch: [50/120] Epoch: [2] Loss: [1.941132194855634]
2019-04-01 21:25:34 INFO     Batch: [51/120] Epoch: [2] Loss: [1.9407772719860077]
2019-04-01 21:25:34 INFO     Batch: [52/120] Epoch: [2] Loss: [1.9403488456078295]
2019-04-01 21:25:34 INFO     Batch: [53/120] Epoch: [2] Loss: [1.9400475091404386]
2019-04-01 21:25:35 INFO     Batch: [54/120] Epoch: [2] Loss: [1.9400813948024402]
2019-04-01 21:25:35 INFO     Batch: [55/120] Epoch: [2] Loss: [1.9400888894285475]
2019-04-01 21:25:35 INFO     Batch: [56/120] Epoch: [2] Loss: [1.9395484422382556]
2019-04-01 21:25:35 INFO     Batch: [57/120] Epoch: [2] Loss: [1.9390383527196686]
2019-04-01 21:25:35 INFO     Batch: [58/120] Epoch: [2] Loss: [1.9392690597954443]
2019-04-01 21:25:35 INFO     Batch: [59/120] Epoch: [2] Loss: [1.939463347196579]
2019-04-01 21:25:35 INFO     Batch: [60/120] Epoch: [2] Loss: [1.9383510585691108]
2019-04-01 21:25:36 INFO     Batch: [61/120] Epoch: [2] Loss: [1.9375206116707093]
2019-04-01 21:25:36 INFO     Batch: [62/120] Epoch: [2] Loss: [1.9367472671327137]
2019-04-01 21:25:36 INFO     Batch: [63/120] Epoch: [2] Loss: [1.9365947004407644]
2019-04-01 21:25:36 INFO     Batch: [64/120] Epoch: [2] Loss: [1.9360615895344662]
2019-04-01 21:25:36 INFO     Batch: [65/120] Epoch: [2] Loss: [1.9354892391147036]
2019-04-01 21:25:36 INFO     Batch: [66/120] Epoch: [2] Loss: [1.9352281520615762]
2019-04-01 21:25:36 INFO     Batch: [67/120] Epoch: [2] Loss: [1.9351041264393751]
2019-04-01 21:25:37 INFO     Batch: [68/120] Epoch: [2] Loss: [1.9345292077548262]
2019-04-01 21:25:37 INFO     Batch: [69/120] Epoch: [2] Loss: [1.934537330695561]
2019-04-01 21:25:37 INFO     Batch: [70/120] Epoch: [2] Loss: [1.9338302377244116]
2019-04-01 21:25:37 INFO     Batch: [71/120] Epoch: [2] Loss: [1.9341620074378119]
2019-04-01 21:25:37 INFO     Batch: [72/120] Epoch: [2] Loss: [1.9331772490723493]
2019-04-01 21:25:37 INFO     Batch: [73/120] Epoch: [2] Loss: [1.9330088254567739]
2019-04-01 21:25:37 INFO     Batch: [74/120] Epoch: [2] Loss: [1.931910974184672]
2019-04-01 21:25:38 INFO     Batch: [75/120] Epoch: [2] Loss: [1.9311654802999998]
2019-04-01 21:25:38 INFO     Batch: [76/120] Epoch: [2] Loss: [1.9301248355345293]
2019-04-01 21:25:38 INFO     Batch: [77/120] Epoch: [2] Loss: [1.9294287409537878]
2019-04-01 21:25:38 INFO     Batch: [78/120] Epoch: [2] Loss: [1.9292594028424612]
2019-04-01 21:25:38 INFO     Batch: [79/120] Epoch: [2] Loss: [1.928174252808094]
2019-04-01 21:25:38 INFO     Batch: [80/120] Epoch: [2] Loss: [1.9282446334391465]
2019-04-01 21:25:38 INFO     Batch: [81/120] Epoch: [2] Loss: [1.9277164936065674]
2019-04-01 21:25:39 INFO     Batch: [82/120] Epoch: [2] Loss: [1.927161515477192]
2019-04-01 21:25:39 INFO     Batch: [83/120] Epoch: [2] Loss: [1.926468237524941]
2019-04-01 21:25:39 INFO     Batch: [84/120] Epoch: [2] Loss: [1.9261632161981919]
2019-04-01 21:25:39 INFO     Batch: [85/120] Epoch: [2] Loss: [1.9254373769427455]
2019-04-01 21:25:39 INFO     Batch: [86/120] Epoch: [2] Loss: [1.9249981559556106]
2019-04-01 21:25:39 INFO     Batch: [87/120] Epoch: [2] Loss: [1.9243724942207336]
2019-04-01 21:25:39 INFO     Batch: [88/120] Epoch: [2] Loss: [1.9237671179717846]
2019-04-01 21:25:40 INFO     Batch: [89/120] Epoch: [2] Loss: [1.9238329741689895]
2019-04-01 21:25:40 INFO     Batch: [90/120] Epoch: [2] Loss: [1.9237565758464101]
2019-04-01 21:25:40 INFO     Batch: [91/120] Epoch: [2] Loss: [1.9238084114116172]
2019-04-01 21:25:40 INFO     Batch: [92/120] Epoch: [2] Loss: [1.9233354714608961]
2019-04-01 21:25:40 INFO     Batch: [93/120] Epoch: [2] Loss: [1.923404725308114]
2019-04-01 21:25:40 INFO     Batch: [94/120] Epoch: [2] Loss: [1.9228393567235846]
2019-04-01 21:25:40 INFO     Batch: [95/120] Epoch: [2] Loss: [1.9223333162566025]
2019-04-01 21:25:41 INFO     Batch: [96/120] Epoch: [2] Loss: [1.9219162771382283]
2019-04-01 21:25:41 INFO     Batch: [97/120] Epoch: [2] Loss: [1.9214547799558055]
2019-04-01 21:25:41 INFO     Batch: [98/120] Epoch: [2] Loss: [1.9211204894865401]
2019-04-01 21:25:41 INFO     Batch: [99/120] Epoch: [2] Loss: [1.920469709634781]
2019-04-01 21:25:41 INFO     Batch: [100/120] Epoch: [2] Loss: [1.9191875658412971]
2019-04-01 21:25:41 INFO     Batch: [101/120] Epoch: [2] Loss: [1.9184940398908128]
2019-04-01 21:25:41 INFO     Batch: [102/120] Epoch: [2] Loss: [1.9183042778552157]
2019-04-01 21:25:42 INFO     Batch: [103/120] Epoch: [2] Loss: [1.9170964830196822]
2019-04-01 21:25:42 INFO     Batch: [104/120] Epoch: [2] Loss: [1.916547071366083]
2019-04-01 21:25:42 INFO     Batch: [105/120] Epoch: [2] Loss: [1.9160717883200016]
2019-04-01 21:25:42 INFO     Batch: [106/120] Epoch: [2] Loss: [1.915541524084929]
2019-04-01 21:25:42 INFO     Batch: [107/120] Epoch: [2] Loss: [1.9150715989095193]
2019-04-01 21:25:42 INFO     Batch: [108/120] Epoch: [2] Loss: [1.9148870750304756]
2019-04-01 21:25:42 INFO     Batch: [109/120] Epoch: [2] Loss: [1.9144491585818204]
2019-04-01 21:25:43 INFO     Batch: [110/120] Epoch: [2] Loss: [1.9137143605464213]
2019-04-01 21:25:43 INFO     Batch: [111/120] Epoch: [2] Loss: [1.9131015187927656]
2019-04-01 21:25:43 INFO     Batch: [112/120] Epoch: [2] Loss: [1.9126643459353827]
2019-04-01 21:25:43 INFO     Batch: [113/120] Epoch: [2] Loss: [1.9122944296452038]
2019-04-01 21:25:43 INFO     Batch: [114/120] Epoch: [2] Loss: [1.9118095055870388]
2019-04-01 21:25:43 INFO     Batch: [115/120] Epoch: [2] Loss: [1.9114511372714207]
2019-04-01 21:25:43 INFO     Batch: [116/120] Epoch: [2] Loss: [1.9107742513346875]
2019-04-01 21:25:44 INFO     Batch: [117/120] Epoch: [2] Loss: [1.9101556125333754]
2019-04-01 21:25:44 INFO     Batch: [118/120] Epoch: [2] Loss: [1.909505138878061]
2019-04-01 21:25:44 INFO     Batch: [119/120] Epoch: [2] Loss: [1.9093407074610391]
2019-04-01 21:25:45 INFO     Epoch: [2/200] Loss: [1.9093407074610391] Accuracy: [0.3865454545454545]
2019-04-01 21:25:45 INFO     Batch: [0/120] Epoch: [3] Loss: [1.8164269924163818]
2019-04-01 21:25:47 INFO     Accuracy: [0.38018181818181823]

2019-04-01 21:25:47 INFO     Batch: [1/120] Epoch: [3] Loss: [1.8380747437477112]
2019-04-01 21:25:47 INFO     Batch: [2/120] Epoch: [3] Loss: [1.8446414470672607]
2019-04-01 21:25:47 INFO     Batch: [3/120] Epoch: [3] Loss: [1.8646071255207062]
2019-04-01 21:25:47 INFO     Batch: [4/120] Epoch: [3] Loss: [1.8499950885772705]
2019-04-01 21:25:47 INFO     Batch: [5/120] Epoch: [3] Loss: [1.8465303977330525]
2019-04-01 21:25:47 INFO     Batch: [6/120] Epoch: [3] Loss: [1.851513147354126]
2019-04-01 21:25:48 INFO     Batch: [7/120] Epoch: [3] Loss: [1.848347008228302]
2019-04-01 21:25:48 INFO     Batch: [8/120] Epoch: [3] Loss: [1.8519547912809584]
2019-04-01 21:25:48 INFO     Batch: [9/120] Epoch: [3] Loss: [1.8513678312301636]
2019-04-01 21:25:48 INFO     Batch: [10/120] Epoch: [3] Loss: [1.8479920734058728]
2019-04-01 21:25:48 INFO     Batch: [11/120] Epoch: [3] Loss: [1.849496414264043]
2019-04-01 21:25:48 INFO     Batch: [12/120] Epoch: [3] Loss: [1.8481953969368567]
2019-04-01 21:25:48 INFO     Batch: [13/120] Epoch: [3] Loss: [1.8470933437347412]
2019-04-01 21:25:49 INFO     Batch: [14/120] Epoch: [3] Loss: [1.842934513092041]
2019-04-01 21:25:49 INFO     Batch: [15/120] Epoch: [3] Loss: [1.8427481427788734]
2019-04-01 21:25:49 INFO     Batch: [16/120] Epoch: [3] Loss: [1.8403084979337805]
2019-04-01 21:25:49 INFO     Batch: [17/120] Epoch: [3] Loss: [1.8408657047483656]
2019-04-01 21:25:49 INFO     Batch: [18/120] Epoch: [3] Loss: [1.8416346060602289]
2019-04-01 21:25:49 INFO     Batch: [19/120] Epoch: [3] Loss: [1.8409236311912536]
2019-04-01 21:25:49 INFO     Batch: [20/120] Epoch: [3] Loss: [1.8397481838862102]
2019-04-01 21:25:50 INFO     Batch: [21/120] Epoch: [3] Loss: [1.8407616073435003]
2019-04-01 21:25:50 INFO     Batch: [22/120] Epoch: [3] Loss: [1.840200247971908]
2019-04-01 21:25:50 INFO     Batch: [23/120] Epoch: [3] Loss: [1.8408108154932659]
2019-04-01 21:25:50 INFO     Batch: [24/120] Epoch: [3] Loss: [1.839400691986084]
2019-04-01 21:25:50 INFO     Batch: [25/120] Epoch: [3] Loss: [1.839293429484734]
2019-04-01 21:25:50 INFO     Batch: [26/120] Epoch: [3] Loss: [1.8394565008304737]
2019-04-01 21:25:50 INFO     Batch: [27/120] Epoch: [3] Loss: [1.839222835642951]
2019-04-01 21:25:50 INFO     Batch: [28/120] Epoch: [3] Loss: [1.8394986925453976]
2019-04-01 21:25:51 INFO     Batch: [29/120] Epoch: [3] Loss: [1.8391109704971313]
2019-04-01 21:25:51 INFO     Batch: [30/120] Epoch: [3] Loss: [1.8376803282768495]
2019-04-01 21:25:51 INFO     Batch: [31/120] Epoch: [3] Loss: [1.835720855742693]
2019-04-01 21:25:51 INFO     Batch: [32/120] Epoch: [3] Loss: [1.836628061352354]
2019-04-01 21:25:51 INFO     Batch: [33/120] Epoch: [3] Loss: [1.834660505547243]
2019-04-01 21:25:51 INFO     Batch: [34/120] Epoch: [3] Loss: [1.834410446030753]
2019-04-01 21:25:51 INFO     Batch: [35/120] Epoch: [3] Loss: [1.833126362827089]
2019-04-01 21:25:52 INFO     Batch: [36/120] Epoch: [3] Loss: [1.8323248979207631]
2019-04-01 21:25:52 INFO     Batch: [37/120] Epoch: [3] Loss: [1.8317295689331858]
2019-04-01 21:25:52 INFO     Batch: [38/120] Epoch: [3] Loss: [1.8310589637511816]
2019-04-01 21:25:52 INFO     Batch: [39/120] Epoch: [3] Loss: [1.8308360248804092]
2019-04-01 21:25:52 INFO     Batch: [40/120] Epoch: [3] Loss: [1.829266658643397]
2019-04-01 21:25:52 INFO     Batch: [41/120] Epoch: [3] Loss: [1.8289657859575181]
2019-04-01 21:25:52 INFO     Batch: [42/120] Epoch: [3] Loss: [1.8296102562616037]
2019-04-01 21:25:53 INFO     Batch: [43/120] Epoch: [3] Loss: [1.8291710154576735]
2019-04-01 21:25:53 INFO     Batch: [44/120] Epoch: [3] Loss: [1.8288181808259751]
2019-04-01 21:25:53 INFO     Batch: [45/120] Epoch: [3] Loss: [1.8282308423000833]
2019-04-01 21:25:53 INFO     Batch: [46/120] Epoch: [3] Loss: [1.8279604658167412]
2019-04-01 21:25:53 INFO     Batch: [47/120] Epoch: [3] Loss: [1.8278443962335587]
2019-04-01 21:25:53 INFO     Batch: [48/120] Epoch: [3] Loss: [1.8272132046368657]
2019-04-01 21:25:53 INFO     Batch: [49/120] Epoch: [3] Loss: [1.8278965091705321]
2019-04-01 21:25:54 INFO     Batch: [50/120] Epoch: [3] Loss: [1.8273847874473124]
2019-04-01 21:25:54 INFO     Batch: [51/120] Epoch: [3] Loss: [1.8275183508029351]
2019-04-01 21:25:54 INFO     Batch: [52/120] Epoch: [3] Loss: [1.8266705409535822]
2019-04-01 21:25:54 INFO     Batch: [53/120] Epoch: [3] Loss: [1.8258462504104331]
2019-04-01 21:25:54 INFO     Batch: [54/120] Epoch: [3] Loss: [1.825584316253662]
2019-04-01 21:25:54 INFO     Batch: [55/120] Epoch: [3] Loss: [1.8250740489789419]
2019-04-01 21:25:54 INFO     Batch: [56/120] Epoch: [3] Loss: [1.8248039253971033]
2019-04-01 21:25:55 INFO     Batch: [57/120] Epoch: [3] Loss: [1.8245016994147465]
2019-04-01 21:25:55 INFO     Batch: [58/120] Epoch: [3] Loss: [1.8237915806851144]
2019-04-01 21:25:55 INFO     Batch: [59/120] Epoch: [3] Loss: [1.8240276495615642]
2019-04-01 21:25:55 INFO     Batch: [60/120] Epoch: [3] Loss: [1.8235972631173056]
2019-04-01 21:25:55 INFO     Batch: [61/120] Epoch: [3] Loss: [1.8232830589817417]
2019-04-01 21:25:55 INFO     Batch: [62/120] Epoch: [3] Loss: [1.8231097270571996]
2019-04-01 21:25:55 INFO     Batch: [63/120] Epoch: [3] Loss: [1.8225723505020142]
2019-04-01 21:25:56 INFO     Batch: [64/120] Epoch: [3] Loss: [1.8211283041880681]
2019-04-01 21:25:56 INFO     Batch: [65/120] Epoch: [3] Loss: [1.8205616654771748]
2019-04-01 21:25:56 INFO     Batch: [66/120] Epoch: [3] Loss: [1.8210037626437288]
2019-04-01 21:25:56 INFO     Batch: [67/120] Epoch: [3] Loss: [1.8210219390252058]
2019-04-01 21:25:56 INFO     Batch: [68/120] Epoch: [3] Loss: [1.8200699937516365]
2019-04-01 21:25:56 INFO     Batch: [69/120] Epoch: [3] Loss: [1.8195282885006496]
2019-04-01 21:25:56 INFO     Batch: [70/120] Epoch: [3] Loss: [1.8190535558781153]
2019-04-01 21:25:57 INFO     Batch: [71/120] Epoch: [3] Loss: [1.8192491514815226]
2019-04-01 21:25:57 INFO     Batch: [72/120] Epoch: [3] Loss: [1.8188196257369158]
2019-04-01 21:25:57 INFO     Batch: [73/120] Epoch: [3] Loss: [1.817837431624129]
2019-04-01 21:25:57 INFO     Batch: [74/120] Epoch: [3] Loss: [1.817428035736084]
2019-04-01 21:25:57 INFO     Batch: [75/120] Epoch: [3] Loss: [1.8172554624708075]
2019-04-01 21:25:57 INFO     Batch: [76/120] Epoch: [3] Loss: [1.8177610388049832]
2019-04-01 21:25:57 INFO     Batch: [77/120] Epoch: [3] Loss: [1.8176898069870777]
2019-04-01 21:25:58 INFO     Batch: [78/120] Epoch: [3] Loss: [1.8165867705888386]
2019-04-01 21:25:58 INFO     Batch: [79/120] Epoch: [3] Loss: [1.816157078742981]
2019-04-01 21:25:58 INFO     Batch: [80/120] Epoch: [3] Loss: [1.8168671028113659]
2019-04-01 21:25:58 INFO     Batch: [81/120] Epoch: [3] Loss: [1.8164033860695072]
2019-04-01 21:25:58 INFO     Batch: [82/120] Epoch: [3] Loss: [1.816226739481271]
2019-04-01 21:25:58 INFO     Batch: [83/120] Epoch: [3] Loss: [1.8156184156735737]
2019-04-01 21:25:58 INFO     Batch: [84/120] Epoch: [3] Loss: [1.8147602165446561]
2019-04-01 21:25:58 INFO     Batch: [85/120] Epoch: [3] Loss: [1.8144497580306476]
2019-04-01 21:25:59 INFO     Batch: [86/120] Epoch: [3] Loss: [1.8140179877993705]
2019-04-01 21:25:59 INFO     Batch: [87/120] Epoch: [3] Loss: [1.8131733306429603]
2019-04-01 21:25:59 INFO     Batch: [88/120] Epoch: [3] Loss: [1.812934020931801]
2019-04-01 21:25:59 INFO     Batch: [89/120] Epoch: [3] Loss: [1.8119495431582133]
2019-04-01 21:25:59 INFO     Batch: [90/120] Epoch: [3] Loss: [1.8113627237278027]
2019-04-01 21:25:59 INFO     Batch: [91/120] Epoch: [3] Loss: [1.8111288988071939]
2019-04-01 21:25:59 INFO     Batch: [92/120] Epoch: [3] Loss: [1.8111595440936346]
2019-04-01 21:26:00 INFO     Batch: [93/120] Epoch: [3] Loss: [1.81075419644092]
2019-04-01 21:26:00 INFO     Batch: [94/120] Epoch: [3] Loss: [1.8101988855161164]
2019-04-01 21:26:00 INFO     Batch: [95/120] Epoch: [3] Loss: [1.8098476591209571]
2019-04-01 21:26:00 INFO     Batch: [96/120] Epoch: [3] Loss: [1.809751911261647]
2019-04-01 21:26:00 INFO     Batch: [97/120] Epoch: [3] Loss: [1.8094035022112789]
2019-04-01 21:26:00 INFO     Batch: [98/120] Epoch: [3] Loss: [1.8090891199882584]
2019-04-01 21:26:00 INFO     Batch: [99/120] Epoch: [3] Loss: [1.808297382593155]
2019-04-01 21:26:01 INFO     Batch: [100/120] Epoch: [3] Loss: [1.8080864826051315]
2019-04-01 21:26:01 INFO     Batch: [101/120] Epoch: [3] Loss: [1.808275280045528]
2019-04-01 21:26:01 INFO     Batch: [102/120] Epoch: [3] Loss: [1.807850709239256]
2019-04-01 21:26:01 INFO     Batch: [103/120] Epoch: [3] Loss: [1.8071717745982683]
2019-04-01 21:26:01 INFO     Batch: [104/120] Epoch: [3] Loss: [1.8064084666115896]
2019-04-01 21:26:01 INFO     Batch: [105/120] Epoch: [3] Loss: [1.8056469705869567]
2019-04-01 21:26:01 INFO     Batch: [106/120] Epoch: [3] Loss: [1.805288839563031]
2019-04-01 21:26:02 INFO     Batch: [107/120] Epoch: [3] Loss: [1.8051172837063119]
2019-04-01 21:26:02 INFO     Batch: [108/120] Epoch: [3] Loss: [1.8040535843700445]
2019-04-01 21:26:02 INFO     Batch: [109/120] Epoch: [3] Loss: [1.8037689436565747]
2019-04-01 21:26:02 INFO     Batch: [110/120] Epoch: [3] Loss: [1.803230190062308]
2019-04-01 21:26:02 INFO     Batch: [111/120] Epoch: [3] Loss: [1.802805313042232]
2019-04-01 21:26:02 INFO     Batch: [112/120] Epoch: [3] Loss: [1.8022749075847389]
2019-04-01 21:26:02 INFO     Batch: [113/120] Epoch: [3] Loss: [1.8015872156410886]
2019-04-01 21:26:02 INFO     Batch: [114/120] Epoch: [3] Loss: [1.8008966819099759]
2019-04-01 21:26:03 INFO     Batch: [115/120] Epoch: [3] Loss: [1.8007466782783639]
2019-04-01 21:26:03 INFO     Batch: [116/120] Epoch: [3] Loss: [1.8001127874749339]
2019-04-01 21:26:03 INFO     Batch: [117/120] Epoch: [3] Loss: [1.799505730806771]
2019-04-01 21:26:03 INFO     Batch: [118/120] Epoch: [3] Loss: [1.7990060153127718]
2019-04-01 21:26:03 INFO     Batch: [119/120] Epoch: [3] Loss: [1.7984058290719986]
2019-04-01 21:26:04 INFO     Epoch: [3/200] Loss: [1.7984058290719986] Accuracy: [0.42218181818181827]
2019-04-01 21:26:05 INFO     Batch: [0/120] Epoch: [4] Loss: [1.752200961112976]
2019-04-01 21:26:06 INFO     Accuracy: [0.42363636363636364]

2019-04-01 21:26:06 INFO     Batch: [1/120] Epoch: [4] Loss: [1.7600560188293457]
2019-04-01 21:26:06 INFO     Batch: [2/120] Epoch: [4] Loss: [1.7498074372609456]
2019-04-01 21:26:06 INFO     Batch: [3/120] Epoch: [4] Loss: [1.7519200444221497]
2019-04-01 21:26:07 INFO     Batch: [4/120] Epoch: [4] Loss: [1.761856770515442]
2019-04-01 21:26:07 INFO     Batch: [5/120] Epoch: [4] Loss: [1.754886786142985]
2019-04-01 21:26:07 INFO     Batch: [6/120] Epoch: [4] Loss: [1.7564311368124825]
2019-04-01 21:26:07 INFO     Batch: [7/120] Epoch: [4] Loss: [1.7553200274705887]
2019-04-01 21:26:07 INFO     Batch: [8/120] Epoch: [4] Loss: [1.7490723927815754]
2019-04-01 21:26:07 INFO     Batch: [9/120] Epoch: [4] Loss: [1.7533650398254395]
2019-04-01 21:26:07 INFO     Batch: [10/120] Epoch: [4] Loss: [1.751155755736611]
2019-04-01 21:26:08 INFO     Batch: [11/120] Epoch: [4] Loss: [1.7486325601736705]
2019-04-01 21:26:08 INFO     Batch: [12/120] Epoch: [4] Loss: [1.749866091288053]
2019-04-01 21:26:08 INFO     Batch: [13/120] Epoch: [4] Loss: [1.7498458538736616]
2019-04-01 21:26:08 INFO     Batch: [14/120] Epoch: [4] Loss: [1.7466789960861206]
2019-04-01 21:26:08 INFO     Batch: [15/120] Epoch: [4] Loss: [1.7462020590901375]
2019-04-01 21:26:08 INFO     Batch: [16/120] Epoch: [4] Loss: [1.7458446236217724]
2019-04-01 21:26:08 INFO     Batch: [17/120] Epoch: [4] Loss: [1.744186778863271]
2019-04-01 21:26:09 INFO     Batch: [18/120] Epoch: [4] Loss: [1.7438019953275983]
2019-04-01 21:26:09 INFO     Batch: [19/120] Epoch: [4] Loss: [1.7420716643333436]
2019-04-01 21:26:09 INFO     Batch: [20/120] Epoch: [4] Loss: [1.7424990222567605]
2019-04-01 21:26:09 INFO     Batch: [21/120] Epoch: [4] Loss: [1.744762046770616]
2019-04-01 21:26:09 INFO     Batch: [22/120] Epoch: [4] Loss: [1.7422166337137637]
2019-04-01 21:26:09 INFO     Batch: [23/120] Epoch: [4] Loss: [1.743042379617691]
2019-04-01 21:26:09 INFO     Batch: [24/120] Epoch: [4] Loss: [1.7417459869384766]
2019-04-01 21:26:10 INFO     Batch: [25/120] Epoch: [4] Loss: [1.7411763026164129]
2019-04-01 21:26:10 INFO     Batch: [26/120] Epoch: [4] Loss: [1.7396059698528714]
2019-04-01 21:26:10 INFO     Batch: [27/120] Epoch: [4] Loss: [1.7396874512944902]
2019-04-01 21:26:10 INFO     Batch: [28/120] Epoch: [4] Loss: [1.7400700059430352]
2019-04-01 21:26:10 INFO     Batch: [29/120] Epoch: [4] Loss: [1.739739994208018]
2019-04-01 21:26:10 INFO     Batch: [30/120] Epoch: [4] Loss: [1.739869148500504]
2019-04-01 21:26:10 INFO     Batch: [31/120] Epoch: [4] Loss: [1.7407252304255962]
2019-04-01 21:26:11 INFO     Batch: [32/120] Epoch: [4] Loss: [1.740699392376524]
2019-04-01 21:26:11 INFO     Batch: [33/120] Epoch: [4] Loss: [1.7396679941345663]
2019-04-01 21:26:11 INFO     Batch: [34/120] Epoch: [4] Loss: [1.7390485967908587]
2019-04-01 21:26:11 INFO     Batch: [35/120] Epoch: [4] Loss: [1.7379457586341434]
2019-04-01 21:26:11 INFO     Batch: [36/120] Epoch: [4] Loss: [1.737865167695123]
2019-04-01 21:26:11 INFO     Batch: [37/120] Epoch: [4] Loss: [1.7379577975524099]
2019-04-01 21:26:11 INFO     Batch: [38/120] Epoch: [4] Loss: [1.7359375556310017]
2019-04-01 21:26:12 INFO     Batch: [39/120] Epoch: [4] Loss: [1.735724502801895]
2019-04-01 21:26:12 INFO     Batch: [40/120] Epoch: [4] Loss: [1.7355523429265836]
2019-04-01 21:26:12 INFO     Batch: [41/120] Epoch: [4] Loss: [1.7355734336943853]
2019-04-01 21:26:12 INFO     Batch: [42/120] Epoch: [4] Loss: [1.7353956006294073]
2019-04-01 21:26:12 INFO     Batch: [43/120] Epoch: [4] Loss: [1.7346188994971188]
2019-04-01 21:26:12 INFO     Batch: [44/120] Epoch: [4] Loss: [1.7348810301886664]
2019-04-01 21:26:12 INFO     Batch: [45/120] Epoch: [4] Loss: [1.735025299632031]
2019-04-01 21:26:13 INFO     Batch: [46/120] Epoch: [4] Loss: [1.7344549158786207]
2019-04-01 21:26:13 INFO     Batch: [47/120] Epoch: [4] Loss: [1.734880415101846]
2019-04-01 21:26:13 INFO     Batch: [48/120] Epoch: [4] Loss: [1.734208987683666]
2019-04-01 21:26:13 INFO     Batch: [49/120] Epoch: [4] Loss: [1.734643692970276]
2019-04-01 21:26:13 INFO     Batch: [50/120] Epoch: [4] Loss: [1.734862159280216]
2019-04-01 21:26:13 INFO     Batch: [51/120] Epoch: [4] Loss: [1.7342176964649787]
2019-04-01 21:26:13 INFO     Batch: [52/120] Epoch: [4] Loss: [1.7336941755042885]
2019-04-01 21:26:14 INFO     Batch: [53/120] Epoch: [4] Loss: [1.732878119857223]
2019-04-01 21:26:14 INFO     Batch: [54/120] Epoch: [4] Loss: [1.7317760012366554]
2019-04-01 21:26:14 INFO     Batch: [55/120] Epoch: [4] Loss: [1.7326292395591736]
2019-04-01 21:26:14 INFO     Batch: [56/120] Epoch: [4] Loss: [1.7321672627800389]
2019-04-01 21:26:14 INFO     Batch: [57/120] Epoch: [4] Loss: [1.7316973435467686]
2019-04-01 21:26:14 INFO     Batch: [58/120] Epoch: [4] Loss: [1.7311243970515364]
2019-04-01 21:26:14 INFO     Batch: [59/120] Epoch: [4] Loss: [1.7295517881711324]
2019-04-01 21:26:15 INFO     Batch: [60/120] Epoch: [4] Loss: [1.7287986278533936]
2019-04-01 21:26:15 INFO     Batch: [61/120] Epoch: [4] Loss: [1.7275856175730306]
2019-04-01 21:26:15 INFO     Batch: [62/120] Epoch: [4] Loss: [1.7277865315240526]
2019-04-01 21:26:15 INFO     Batch: [63/120] Epoch: [4] Loss: [1.7268605343997478]
2019-04-01 21:26:15 INFO     Batch: [64/120] Epoch: [4] Loss: [1.7262409925460815]
2019-04-01 21:26:15 INFO     Batch: [65/120] Epoch: [4] Loss: [1.7256951079224094]
2019-04-01 21:26:15 INFO     Batch: [66/120] Epoch: [4] Loss: [1.7255586794952849]
2019-04-01 21:26:15 INFO     Batch: [67/120] Epoch: [4] Loss: [1.725240996655296]
2019-04-01 21:26:16 INFO     Batch: [68/120] Epoch: [4] Loss: [1.7244640623313794]
2019-04-01 21:26:16 INFO     Batch: [69/120] Epoch: [4] Loss: [1.724064154284341]
2019-04-01 21:26:16 INFO     Batch: [70/120] Epoch: [4] Loss: [1.7242035328502385]
2019-04-01 21:26:16 INFO     Batch: [71/120] Epoch: [4] Loss: [1.7234618084298239]
2019-04-01 21:26:16 INFO     Batch: [72/120] Epoch: [4] Loss: [1.7232999605675265]
2019-04-01 21:26:16 INFO     Batch: [73/120] Epoch: [4] Loss: [1.7222571534079474]
2019-04-01 21:26:16 INFO     Batch: [74/120] Epoch: [4] Loss: [1.7219628874460857]
2019-04-01 21:26:17 INFO     Batch: [75/120] Epoch: [4] Loss: [1.7215396856006824]
2019-04-01 21:26:17 INFO     Batch: [76/120] Epoch: [4] Loss: [1.720703546102945]
2019-04-01 21:26:17 INFO     Batch: [77/120] Epoch: [4] Loss: [1.7205557746764941]
2019-04-01 21:26:17 INFO     Batch: [78/120] Epoch: [4] Loss: [1.7208484064174603]
2019-04-01 21:26:17 INFO     Batch: [79/120] Epoch: [4] Loss: [1.72024996727705]
2019-04-01 21:26:17 INFO     Batch: [80/120] Epoch: [4] Loss: [1.7204339106877644]
2019-04-01 21:26:17 INFO     Batch: [81/120] Epoch: [4] Loss: [1.7204334183437069]
2019-04-01 21:26:18 INFO     Batch: [82/120] Epoch: [4] Loss: [1.7203019182366062]
2019-04-01 21:26:18 INFO     Batch: [83/120] Epoch: [4] Loss: [1.7195913663932256]
2019-04-01 21:26:18 INFO     Batch: [84/120] Epoch: [4] Loss: [1.7194644927978515]
2019-04-01 21:26:18 INFO     Batch: [85/120] Epoch: [4] Loss: [1.7197322817735894]
2019-04-01 21:26:18 INFO     Batch: [86/120] Epoch: [4] Loss: [1.7188586928378577]
2019-04-01 21:26:18 INFO     Batch: [87/120] Epoch: [4] Loss: [1.7190626033327796]
2019-04-01 21:26:18 INFO     Batch: [88/120] Epoch: [4] Loss: [1.7189253086454412]
2019-04-01 21:26:19 INFO     Batch: [89/120] Epoch: [4] Loss: [1.7189799070358276]
2019-04-01 21:26:19 INFO     Batch: [90/120] Epoch: [4] Loss: [1.7187404724267812]
2019-04-01 21:26:19 INFO     Batch: [91/120] Epoch: [4] Loss: [1.718652712262195]
2019-04-01 21:26:19 INFO     Batch: [92/120] Epoch: [4] Loss: [1.718004704803549]
2019-04-01 21:26:19 INFO     Batch: [93/120] Epoch: [4] Loss: [1.7182068621858637]
2019-04-01 21:26:19 INFO     Batch: [94/120] Epoch: [4] Loss: [1.7181907754195365]
2019-04-01 21:26:19 INFO     Batch: [95/120] Epoch: [4] Loss: [1.7174670360982418]
2019-04-01 21:26:20 INFO     Batch: [96/120] Epoch: [4] Loss: [1.7171646233686466]
2019-04-01 21:26:20 INFO     Batch: [97/120] Epoch: [4] Loss: [1.7167959334898968]
2019-04-01 21:26:20 INFO     Batch: [98/120] Epoch: [4] Loss: [1.7165275559280857]
2019-04-01 21:26:20 INFO     Batch: [99/120] Epoch: [4] Loss: [1.715739721059799]
2019-04-01 21:26:20 INFO     Batch: [100/120] Epoch: [4] Loss: [1.7152981675497376]
2019-04-01 21:26:20 INFO     Batch: [101/120] Epoch: [4] Loss: [1.7151359085943185]
2019-04-01 21:26:20 INFO     Batch: [102/120] Epoch: [4] Loss: [1.7149256699293562]
2019-04-01 21:26:21 INFO     Batch: [103/120] Epoch: [4] Loss: [1.7150068065294852]
2019-04-01 21:26:21 INFO     Batch: [104/120] Epoch: [4] Loss: [1.7144594340097337]
2019-04-01 21:26:21 INFO     Batch: [105/120] Epoch: [4] Loss: [1.7142282319518756]
2019-04-01 21:26:21 INFO     Batch: [106/120] Epoch: [4] Loss: [1.7136608183940993]
2019-04-01 21:26:21 INFO     Batch: [107/120] Epoch: [4] Loss: [1.7128149271011353]
2019-04-01 21:26:21 INFO     Batch: [108/120] Epoch: [4] Loss: [1.7121830281861332]
2019-04-01 21:26:21 INFO     Batch: [109/120] Epoch: [4] Loss: [1.711825349114158]
2019-04-01 21:26:21 INFO     Batch: [110/120] Epoch: [4] Loss: [1.7117963878958076]
2019-04-01 21:26:22 INFO     Batch: [111/120] Epoch: [4] Loss: [1.7113881994571005]
2019-04-01 21:26:22 INFO     Batch: [112/120] Epoch: [4] Loss: [1.7105706223344381]
2019-04-01 21:26:22 INFO     Batch: [113/120] Epoch: [4] Loss: [1.7103891289025022]
2019-04-01 21:26:22 INFO     Batch: [114/120] Epoch: [4] Loss: [1.710170865058899]
2019-04-01 21:26:22 INFO     Batch: [115/120] Epoch: [4] Loss: [1.7096333955896312]
2019-04-01 21:26:22 INFO     Batch: [116/120] Epoch: [4] Loss: [1.7094946967230902]
2019-04-01 21:26:22 INFO     Batch: [117/120] Epoch: [4] Loss: [1.7091507002458735]
2019-04-01 21:26:23 INFO     Batch: [118/120] Epoch: [4] Loss: [1.7085010764979516]
2019-04-01 21:26:23 INFO     Batch: [119/120] Epoch: [4] Loss: [1.7085274467865625]
2019-04-01 21:26:24 INFO     Epoch: [4/200] Loss: [1.7085274467865625] Accuracy: [0.46509090909090905]
2019-04-01 21:26:24 INFO     Batch: [0/120] Epoch: [5] Loss: [1.6158607006072998]
2019-04-01 21:26:26 INFO     Accuracy: [0.4641818181818182]

2019-04-01 21:26:26 INFO     Batch: [1/120] Epoch: [5] Loss: [1.622920036315918]
2019-04-01 21:26:26 INFO     Batch: [2/120] Epoch: [5] Loss: [1.6262309551239014]
2019-04-01 21:26:26 INFO     Batch: [3/120] Epoch: [5] Loss: [1.6262755692005157]
2019-04-01 21:26:26 INFO     Batch: [4/120] Epoch: [5] Loss: [1.6325019359588624]
2019-04-01 21:26:26 INFO     Batch: [5/120] Epoch: [5] Loss: [1.6352050105730693]
2019-04-01 21:26:26 INFO     Batch: [6/120] Epoch: [5] Loss: [1.6353703056062971]
2019-04-01 21:26:27 INFO     Batch: [7/120] Epoch: [5] Loss: [1.6358703076839447]
2019-04-01 21:26:27 INFO     Batch: [8/120] Epoch: [5] Loss: [1.63922299279107]
2019-04-01 21:26:27 INFO     Batch: [9/120] Epoch: [5] Loss: [1.6374175190925597]
2019-04-01 21:26:27 INFO     Batch: [10/120] Epoch: [5] Loss: [1.6441267295317217]
2019-04-01 21:26:27 INFO     Batch: [11/120] Epoch: [5] Loss: [1.652432342370351]
2019-04-01 21:26:27 INFO     Batch: [12/120] Epoch: [5] Loss: [1.6477449490473821]
2019-04-01 21:26:27 INFO     Batch: [13/120] Epoch: [5] Loss: [1.6509102157184057]
2019-04-01 21:26:28 INFO     Batch: [14/120] Epoch: [5] Loss: [1.652097209294637]
2019-04-01 21:26:28 INFO     Batch: [15/120] Epoch: [5] Loss: [1.6547064781188965]
2019-04-01 21:26:28 INFO     Batch: [16/120] Epoch: [5] Loss: [1.655901649418999]
2019-04-01 21:26:28 INFO     Batch: [17/120] Epoch: [5] Loss: [1.6541240943802729]
2019-04-01 21:26:28 INFO     Batch: [18/120] Epoch: [5] Loss: [1.654197052905434]
2019-04-01 21:26:28 INFO     Batch: [19/120] Epoch: [5] Loss: [1.6525819659233094]
2019-04-01 21:26:28 INFO     Batch: [20/120] Epoch: [5] Loss: [1.6512989770798456]
2019-04-01 21:26:29 INFO     Batch: [21/120] Epoch: [5] Loss: [1.652793737975034]
2019-04-01 21:26:29 INFO     Batch: [22/120] Epoch: [5] Loss: [1.653743142667024]
2019-04-01 21:26:29 INFO     Batch: [23/120] Epoch: [5] Loss: [1.6544503023227055]
2019-04-01 21:26:29 INFO     Batch: [24/120] Epoch: [5] Loss: [1.652797999382019]
2019-04-01 21:26:29 INFO     Batch: [25/120] Epoch: [5] Loss: [1.6538297213040865]
2019-04-01 21:26:29 INFO     Batch: [26/120] Epoch: [5] Loss: [1.6546426834883514]
2019-04-01 21:26:29 INFO     Batch: [27/120] Epoch: [5] Loss: [1.656859542642321]
2019-04-01 21:26:30 INFO     Batch: [28/120] Epoch: [5] Loss: [1.6582683324813843]
2019-04-01 21:26:30 INFO     Batch: [29/120] Epoch: [5] Loss: [1.659412960211436]
2019-04-01 21:26:30 INFO     Batch: [30/120] Epoch: [5] Loss: [1.6600784140248452]
2019-04-01 21:26:30 INFO     Batch: [31/120] Epoch: [5] Loss: [1.6599431298673153]
2019-04-01 21:26:30 INFO     Batch: [32/120] Epoch: [5] Loss: [1.660561366514726]
2019-04-01 21:26:30 INFO     Batch: [33/120] Epoch: [5] Loss: [1.6611800509340622]
2019-04-01 21:26:30 INFO     Batch: [34/120] Epoch: [5] Loss: [1.6594437973839895]
2019-04-01 21:26:31 INFO     Batch: [35/120] Epoch: [5] Loss: [1.6599570678340063]
2019-04-01 21:26:31 INFO     Batch: [36/120] Epoch: [5] Loss: [1.662166257162352]
2019-04-01 21:26:31 INFO     Batch: [37/120] Epoch: [5] Loss: [1.663104483955785]
2019-04-01 21:26:31 INFO     Batch: [38/120] Epoch: [5] Loss: [1.6624320714901655]
2019-04-01 21:26:31 INFO     Batch: [39/120] Epoch: [5] Loss: [1.6619531214237213]
2019-04-01 21:26:31 INFO     Batch: [40/120] Epoch: [5] Loss: [1.6615295032175577]
2019-04-01 21:26:31 INFO     Batch: [41/120] Epoch: [5] Loss: [1.662399328890301]
2019-04-01 21:26:32 INFO     Batch: [42/120] Epoch: [5] Loss: [1.6613795036493346]
2019-04-01 21:26:32 INFO     Batch: [43/120] Epoch: [5] Loss: [1.6616628224199468]
2019-04-01 21:26:32 INFO     Batch: [44/120] Epoch: [5] Loss: [1.663116863038805]
2019-04-01 21:26:32 INFO     Batch: [45/120] Epoch: [5] Loss: [1.6634083234745523]
2019-04-01 21:26:32 INFO     Batch: [46/120] Epoch: [5] Loss: [1.6628854503022863]
2019-04-01 21:26:32 INFO     Batch: [47/120] Epoch: [5] Loss: [1.6631165593862534]
2019-04-01 21:26:32 INFO     Batch: [48/120] Epoch: [5] Loss: [1.662296825525712]
2019-04-01 21:26:33 INFO     Batch: [49/120] Epoch: [5] Loss: [1.6617988228797913]
2019-04-01 21:26:33 INFO     Batch: [50/120] Epoch: [5] Loss: [1.6621613175261254]
2019-04-01 21:26:33 INFO     Batch: [51/120] Epoch: [5] Loss: [1.6625725076748774]
2019-04-01 21:26:33 INFO     Batch: [52/120] Epoch: [5] Loss: [1.6618664332155912]
2019-04-01 21:26:33 INFO     Batch: [53/120] Epoch: [5] Loss: [1.662537740336524]
2019-04-01 21:26:33 INFO     Batch: [54/120] Epoch: [5] Loss: [1.6619006850502707]
2019-04-01 21:26:33 INFO     Batch: [55/120] Epoch: [5] Loss: [1.662126858319555]
2019-04-01 21:26:34 INFO     Batch: [56/120] Epoch: [5] Loss: [1.6624786017233866]
2019-04-01 21:26:34 INFO     Batch: [57/120] Epoch: [5] Loss: [1.6616162534417778]
2019-04-01 21:26:34 INFO     Batch: [58/120] Epoch: [5] Loss: [1.661971530671847]
2019-04-01 21:26:34 INFO     Batch: [59/120] Epoch: [5] Loss: [1.6620710909366607]
2019-04-01 21:26:34 INFO     Batch: [60/120] Epoch: [5] Loss: [1.6619876779493739]
2019-04-01 21:26:34 INFO     Batch: [61/120] Epoch: [5] Loss: [1.6609453731967556]
2019-04-01 21:26:34 INFO     Batch: [62/120] Epoch: [5] Loss: [1.6608392056964694]
2019-04-01 21:26:34 INFO     Batch: [63/120] Epoch: [5] Loss: [1.660713104531169]
2019-04-01 21:26:35 INFO     Batch: [64/120] Epoch: [5] Loss: [1.6603322946108305]
2019-04-01 21:26:35 INFO     Batch: [65/120] Epoch: [5] Loss: [1.6595585255911856]
2019-04-01 21:26:35 INFO     Batch: [66/120] Epoch: [5] Loss: [1.6591533707148993]
2019-04-01 21:26:35 INFO     Batch: [67/120] Epoch: [5] Loss: [1.6590592633275425]
2019-04-01 21:26:35 INFO     Batch: [68/120] Epoch: [5] Loss: [1.6585455735524495]
2019-04-01 21:26:35 INFO     Batch: [69/120] Epoch: [5] Loss: [1.6572480133601597]
2019-04-01 21:26:35 INFO     Batch: [70/120] Epoch: [5] Loss: [1.6572286629341018]
2019-04-01 21:26:36 INFO     Batch: [71/120] Epoch: [5] Loss: [1.656227899922265]
2019-04-01 21:26:36 INFO     Batch: [72/120] Epoch: [5] Loss: [1.6563449395846015]
2019-04-01 21:26:36 INFO     Batch: [73/120] Epoch: [5] Loss: [1.6554622360177942]
2019-04-01 21:26:36 INFO     Batch: [74/120] Epoch: [5] Loss: [1.6547751760482787]
2019-04-01 21:26:36 INFO     Batch: [75/120] Epoch: [5] Loss: [1.6541006957229816]
2019-04-01 21:26:36 INFO     Batch: [76/120] Epoch: [5] Loss: [1.6532090437876714]
2019-04-01 21:26:36 INFO     Batch: [77/120] Epoch: [5] Loss: [1.651749733166817]
2019-04-01 21:26:37 INFO     Batch: [78/120] Epoch: [5] Loss: [1.6514296335510061]
2019-04-01 21:26:37 INFO     Batch: [79/120] Epoch: [5] Loss: [1.6500263512134552]
2019-04-01 21:26:37 INFO     Batch: [80/120] Epoch: [5] Loss: [1.6494795510798326]
2019-04-01 21:26:37 INFO     Batch: [81/120] Epoch: [5] Loss: [1.6489684509068]
2019-04-01 21:26:37 INFO     Batch: [82/120] Epoch: [5] Loss: [1.6476460781442113]
2019-04-01 21:26:37 INFO     Batch: [83/120] Epoch: [5] Loss: [1.6465208941981906]
2019-04-01 21:26:37 INFO     Batch: [84/120] Epoch: [5] Loss: [1.6457998934914084]
2019-04-01 21:26:38 INFO     Batch: [85/120] Epoch: [5] Loss: [1.6450472501821296]
2019-04-01 21:26:38 INFO     Batch: [86/120] Epoch: [5] Loss: [1.6442301054110473]
2019-04-01 21:26:38 INFO     Batch: [87/120] Epoch: [5] Loss: [1.6441168256781318]
2019-04-01 21:26:38 INFO     Batch: [88/120] Epoch: [5] Loss: [1.6435648725273904]
2019-04-01 21:26:38 INFO     Batch: [89/120] Epoch: [5] Loss: [1.6430895421240064]
2019-04-01 21:26:38 INFO     Batch: [90/120] Epoch: [5] Loss: [1.6421820501704791]
2019-04-01 21:26:38 INFO     Batch: [91/120] Epoch: [5] Loss: [1.6421274685341378]
2019-04-01 21:26:39 INFO     Batch: [92/120] Epoch: [5] Loss: [1.6411443089926114]
2019-04-01 21:26:39 INFO     Batch: [93/120] Epoch: [5] Loss: [1.6398992830134453]
2019-04-01 21:26:39 INFO     Batch: [94/120] Epoch: [5] Loss: [1.6397201349860744]
2019-04-01 21:26:39 INFO     Batch: [95/120] Epoch: [5] Loss: [1.6388168297708035]
2019-04-01 21:26:39 INFO     Batch: [96/120] Epoch: [5] Loss: [1.6380237672746796]
2019-04-01 21:26:39 INFO     Batch: [97/120] Epoch: [5] Loss: [1.6376841226402594]
2019-04-01 21:26:39 INFO     Batch: [98/120] Epoch: [5] Loss: [1.6371493086670383]
2019-04-01 21:26:39 INFO     Batch: [99/120] Epoch: [5] Loss: [1.6367216300964356]
2019-04-01 21:26:40 INFO     Batch: [100/120] Epoch: [5] Loss: [1.6360839074200924]
2019-04-01 21:26:40 INFO     Batch: [101/120] Epoch: [5] Loss: [1.6359646028163386]
2019-04-01 21:26:40 INFO     Batch: [102/120] Epoch: [5] Loss: [1.6357634206420009]
2019-04-01 21:26:40 INFO     Batch: [103/120] Epoch: [5] Loss: [1.6356175392866135]
2019-04-01 21:26:40 INFO     Batch: [104/120] Epoch: [5] Loss: [1.634483712060111]
2019-04-01 21:26:40 INFO     Batch: [105/120] Epoch: [5] Loss: [1.63416702679868]
2019-04-01 21:26:40 INFO     Batch: [106/120] Epoch: [5] Loss: [1.6345030258749134]
2019-04-01 21:26:41 INFO     Batch: [107/120] Epoch: [5] Loss: [1.6340513626734416]
2019-04-01 21:26:41 INFO     Batch: [108/120] Epoch: [5] Loss: [1.634238585419611]
2019-04-01 21:26:41 INFO     Batch: [109/120] Epoch: [5] Loss: [1.6340310020880267]
2019-04-01 21:26:41 INFO     Batch: [110/120] Epoch: [5] Loss: [1.633523215044726]
2019-04-01 21:26:41 INFO     Batch: [111/120] Epoch: [5] Loss: [1.6331667357257433]
2019-04-01 21:26:41 INFO     Batch: [112/120] Epoch: [5] Loss: [1.632941697551086]
2019-04-01 21:26:41 INFO     Batch: [113/120] Epoch: [5] Loss: [1.6328558827701367]
2019-04-01 21:26:41 INFO     Batch: [114/120] Epoch: [5] Loss: [1.6326791379762733]
2019-04-01 21:26:42 INFO     Batch: [115/120] Epoch: [5] Loss: [1.632584276898154]
2019-04-01 21:26:42 INFO     Batch: [116/120] Epoch: [5] Loss: [1.6326970289915035]
2019-04-01 21:26:42 INFO     Batch: [117/120] Epoch: [5] Loss: [1.6322074269844313]
2019-04-01 21:26:42 INFO     Batch: [118/120] Epoch: [5] Loss: [1.6322669762523234]
2019-04-01 21:26:42 INFO     Batch: [119/120] Epoch: [5] Loss: [1.6322281847397486]
2019-04-01 21:26:43 INFO     Epoch: [5/200] Loss: [1.6322281847397486] Accuracy: [0.47145454545454546]
2019-04-01 21:26:44 INFO     Batch: [0/120] Epoch: [6] Loss: [1.6018623113632202]
2019-04-01 21:26:45 INFO     Accuracy: [0.47963636363636364]

2019-04-01 21:26:45 INFO     Batch: [1/120] Epoch: [6] Loss: [1.6043944954872131]
2019-04-01 21:26:45 INFO     Batch: [2/120] Epoch: [6] Loss: [1.5971270402272542]
2019-04-01 21:26:45 INFO     Batch: [3/120] Epoch: [6] Loss: [1.605369210243225]
2019-04-01 21:26:45 INFO     Batch: [4/120] Epoch: [6] Loss: [1.616537857055664]
2019-04-01 21:26:46 INFO     Batch: [5/120] Epoch: [6] Loss: [1.6106053193410237]
2019-04-01 21:26:46 INFO     Batch: [6/120] Epoch: [6] Loss: [1.612175396510533]
2019-04-01 21:26:46 INFO     Batch: [7/120] Epoch: [6] Loss: [1.6127986013889313]
2019-04-01 21:26:46 INFO     Batch: [8/120] Epoch: [6] Loss: [1.6169782479604085]
2019-04-01 21:26:46 INFO     Batch: [9/120] Epoch: [6] Loss: [1.613342249393463]
2019-04-01 21:26:46 INFO     Batch: [10/120] Epoch: [6] Loss: [1.612331748008728]
2019-04-01 21:26:46 INFO     Batch: [11/120] Epoch: [6] Loss: [1.6114996373653412]
2019-04-01 21:26:47 INFO     Batch: [12/120] Epoch: [6] Loss: [1.6079772344002357]
2019-04-01 21:26:47 INFO     Batch: [13/120] Epoch: [6] Loss: [1.6093640072005135]
2019-04-01 21:26:47 INFO     Batch: [14/120] Epoch: [6] Loss: [1.609309967358907]
2019-04-01 21:26:47 INFO     Batch: [15/120] Epoch: [6] Loss: [1.6110825017094612]
2019-04-01 21:26:47 INFO     Batch: [16/120] Epoch: [6] Loss: [1.6129038404015934]
2019-04-01 21:26:47 INFO     Batch: [17/120] Epoch: [6] Loss: [1.6142481631702847]
2019-04-01 21:26:47 INFO     Batch: [18/120] Epoch: [6] Loss: [1.616501168200844]
2019-04-01 21:26:47 INFO     Batch: [19/120] Epoch: [6] Loss: [1.6142536461353303]
2019-04-01 21:26:48 INFO     Batch: [20/120] Epoch: [6] Loss: [1.613650810150873]
2019-04-01 21:26:48 INFO     Batch: [21/120] Epoch: [6] Loss: [1.6128609451380642]
2019-04-01 21:26:48 INFO     Batch: [22/120] Epoch: [6] Loss: [1.6124283334483271]
2019-04-01 21:26:48 INFO     Batch: [23/120] Epoch: [6] Loss: [1.6111420343319576]
2019-04-01 21:26:48 INFO     Batch: [24/120] Epoch: [6] Loss: [1.6108568286895752]
2019-04-01 21:26:48 INFO     Batch: [25/120] Epoch: [6] Loss: [1.6099103597494273]
2019-04-01 21:26:48 INFO     Batch: [26/120] Epoch: [6] Loss: [1.609572375262225]
2019-04-01 21:26:49 INFO     Batch: [27/120] Epoch: [6] Loss: [1.6100224980286189]
2019-04-01 21:26:49 INFO     Batch: [28/120] Epoch: [6] Loss: [1.609811495090353]
2019-04-01 21:26:49 INFO     Batch: [29/120] Epoch: [6] Loss: [1.609735631942749]
2019-04-01 21:26:49 INFO     Batch: [30/120] Epoch: [6] Loss: [1.6083865011892011]
2019-04-01 21:26:49 INFO     Batch: [31/120] Epoch: [6] Loss: [1.6063014715909958]
2019-04-01 21:26:49 INFO     Batch: [32/120] Epoch: [6] Loss: [1.6052696415872285]
2019-04-01 21:26:49 INFO     Batch: [33/120] Epoch: [6] Loss: [1.6044177062371199]
2019-04-01 21:26:50 INFO     Batch: [34/120] Epoch: [6] Loss: [1.6037006786891392]
2019-04-01 21:26:50 INFO     Batch: [35/120] Epoch: [6] Loss: [1.6014250450664096]
2019-04-01 21:26:50 INFO     Batch: [36/120] Epoch: [6] Loss: [1.5994014933302596]
2019-04-01 21:26:50 INFO     Batch: [37/120] Epoch: [6] Loss: [1.5977538573114496]
2019-04-01 21:26:50 INFO     Batch: [38/120] Epoch: [6] Loss: [1.597298836096739]
2019-04-01 21:26:50 INFO     Batch: [39/120] Epoch: [6] Loss: [1.5956755876541138]
2019-04-01 21:26:50 INFO     Batch: [40/120] Epoch: [6] Loss: [1.596342665393178]
2019-04-01 21:26:50 INFO     Batch: [41/120] Epoch: [6] Loss: [1.5958791091328575]
2019-04-01 21:26:51 INFO     Batch: [42/120] Epoch: [6] Loss: [1.5957834332488303]
2019-04-01 21:26:51 INFO     Batch: [43/120] Epoch: [6] Loss: [1.5953208885409615]
2019-04-01 21:26:51 INFO     Batch: [44/120] Epoch: [6] Loss: [1.5962378369437324]
2019-04-01 21:26:51 INFO     Batch: [45/120] Epoch: [6] Loss: [1.5965029830517976]
2019-04-01 21:26:51 INFO     Batch: [46/120] Epoch: [6] Loss: [1.59491610019765]
2019-04-01 21:26:51 INFO     Batch: [47/120] Epoch: [6] Loss: [1.593958206474781]
2019-04-01 21:26:51 INFO     Batch: [48/120] Epoch: [6] Loss: [1.5917024490784626]
2019-04-01 21:26:52 INFO     Batch: [49/120] Epoch: [6] Loss: [1.5906079125404358]
2019-04-01 21:26:52 INFO     Batch: [50/120] Epoch: [6] Loss: [1.5902586427389407]
2019-04-01 21:26:52 INFO     Batch: [51/120] Epoch: [6] Loss: [1.5903729429611793]
2019-04-01 21:26:52 INFO     Batch: [52/120] Epoch: [6] Loss: [1.5896892007791772]
2019-04-01 21:26:52 INFO     Batch: [53/120] Epoch: [6] Loss: [1.5884441799587674]
2019-04-01 21:26:52 INFO     Batch: [54/120] Epoch: [6] Loss: [1.5880759499289774]
2019-04-01 21:26:52 INFO     Batch: [55/120] Epoch: [6] Loss: [1.5885829074042184]
2019-04-01 21:26:53 INFO     Batch: [56/120] Epoch: [6] Loss: [1.5884260378385846]
2019-04-01 21:26:53 INFO     Batch: [57/120] Epoch: [6] Loss: [1.5877915744123787]
2019-04-01 21:26:53 INFO     Batch: [58/120] Epoch: [6] Loss: [1.5878661183987635]
2019-04-01 21:26:53 INFO     Batch: [59/120] Epoch: [6] Loss: [1.5881179710229238]
2019-04-01 21:26:53 INFO     Batch: [60/120] Epoch: [6] Loss: [1.586755844413257]
2019-04-01 21:26:53 INFO     Batch: [61/120] Epoch: [6] Loss: [1.5859738453741996]
2019-04-01 21:26:53 INFO     Batch: [62/120] Epoch: [6] Loss: [1.5858574121717424]
2019-04-01 21:26:53 INFO     Batch: [63/120] Epoch: [6] Loss: [1.5841742549091578]
2019-04-01 21:26:54 INFO     Batch: [64/120] Epoch: [6] Loss: [1.583313670525184]
2019-04-01 21:26:54 INFO     Batch: [65/120] Epoch: [6] Loss: [1.5822471795660076]
2019-04-01 21:26:54 INFO     Batch: [66/120] Epoch: [6] Loss: [1.581265059869681]
2019-04-01 21:26:54 INFO     Batch: [67/120] Epoch: [6] Loss: [1.581094256218742]
2019-04-01 21:26:54 INFO     Batch: [68/120] Epoch: [6] Loss: [1.580163433931876]
2019-04-01 21:26:54 INFO     Batch: [69/120] Epoch: [6] Loss: [1.5792800664901734]
2019-04-01 21:26:54 INFO     Batch: [70/120] Epoch: [6] Loss: [1.5783883719377114]
2019-04-01 21:26:55 INFO     Batch: [71/120] Epoch: [6] Loss: [1.5773863693078358]
2019-04-01 21:26:55 INFO     Batch: [72/120] Epoch: [6] Loss: [1.5762768004038563]
2019-04-01 21:26:55 INFO     Batch: [73/120] Epoch: [6] Loss: [1.5763827530113426]
2019-04-01 21:26:55 INFO     Batch: [74/120] Epoch: [6] Loss: [1.5755883518854776]
2019-04-01 21:26:55 INFO     Batch: [75/120] Epoch: [6] Loss: [1.5751422345638275]
2019-04-01 21:26:55 INFO     Batch: [76/120] Epoch: [6] Loss: [1.5740439071283712]
2019-04-01 21:26:55 INFO     Batch: [77/120] Epoch: [6] Loss: [1.5729705920586219]
2019-04-01 21:26:55 INFO     Batch: [78/120] Epoch: [6] Loss: [1.5721251753312122]
2019-04-01 21:26:56 INFO     Batch: [79/120] Epoch: [6] Loss: [1.5715508103370666]
2019-04-01 21:26:56 INFO     Batch: [80/120] Epoch: [6] Loss: [1.5707108341617348]
2019-04-01 21:26:56 INFO     Batch: [81/120] Epoch: [6] Loss: [1.5698712235543786]
2019-04-01 21:26:56 INFO     Batch: [82/120] Epoch: [6] Loss: [1.5692151282207076]
2019-04-01 21:26:56 INFO     Batch: [83/120] Epoch: [6] Loss: [1.568626080240522]
2019-04-01 21:26:56 INFO     Batch: [84/120] Epoch: [6] Loss: [1.5675999388975255]
2019-04-01 21:26:56 INFO     Batch: [85/120] Epoch: [6] Loss: [1.5668347824451536]
2019-04-01 21:26:57 INFO     Batch: [86/120] Epoch: [6] Loss: [1.5664327172027237]
2019-04-01 21:26:57 INFO     Batch: [87/120] Epoch: [6] Loss: [1.566013360565359]
2019-04-01 21:26:57 INFO     Batch: [88/120] Epoch: [6] Loss: [1.5658504306600336]
2019-04-01 21:26:57 INFO     Batch: [89/120] Epoch: [6] Loss: [1.565734985139635]
2019-04-01 21:26:57 INFO     Batch: [90/120] Epoch: [6] Loss: [1.5653997436984555]
2019-04-01 21:26:57 INFO     Batch: [91/120] Epoch: [6] Loss: [1.564941000679265]
2019-04-01 21:26:57 INFO     Batch: [92/120] Epoch: [6] Loss: [1.5647985742938133]
2019-04-01 21:26:57 INFO     Batch: [93/120] Epoch: [6] Loss: [1.5642852795884965]
2019-04-01 21:26:58 INFO     Batch: [94/120] Epoch: [6] Loss: [1.564167931205348]
2019-04-01 21:26:58 INFO     Batch: [95/120] Epoch: [6] Loss: [1.5639938116073608]
2019-04-01 21:26:58 INFO     Batch: [96/120] Epoch: [6] Loss: [1.5640861017187846]
2019-04-01 21:26:58 INFO     Batch: [97/120] Epoch: [6] Loss: [1.5639254730574939]
2019-04-01 21:26:58 INFO     Batch: [98/120] Epoch: [6] Loss: [1.5631935247267135]
2019-04-01 21:26:58 INFO     Batch: [99/120] Epoch: [6] Loss: [1.5627653908729553]
2019-04-01 21:26:58 INFO     Batch: [100/120] Epoch: [6] Loss: [1.562119232545985]
2019-04-01 21:26:59 INFO     Batch: [101/120] Epoch: [6] Loss: [1.5619131104618895]
2019-04-01 21:26:59 INFO     Batch: [102/120] Epoch: [6] Loss: [1.5614563029946633]
2019-04-01 21:26:59 INFO     Batch: [103/120] Epoch: [6] Loss: [1.561132081426107]
2019-04-01 21:26:59 INFO     Batch: [104/120] Epoch: [6] Loss: [1.5607391232535952]
2019-04-01 21:26:59 INFO     Batch: [105/120] Epoch: [6] Loss: [1.5603362344345957]
2019-04-01 21:26:59 INFO     Batch: [106/120] Epoch: [6] Loss: [1.5597212760247916]
2019-04-01 21:26:59 INFO     Batch: [107/120] Epoch: [6] Loss: [1.5595504012372758]
2019-04-01 21:27:00 INFO     Batch: [108/120] Epoch: [6] Loss: [1.5598002705005332]
2019-04-01 21:27:00 INFO     Batch: [109/120] Epoch: [6] Loss: [1.559424276785417]
2019-04-01 21:27:00 INFO     Batch: [110/120] Epoch: [6] Loss: [1.559609205873163]
2019-04-01 21:27:00 INFO     Batch: [111/120] Epoch: [6] Loss: [1.5593848047511918]
2019-04-01 21:27:00 INFO     Batch: [112/120] Epoch: [6] Loss: [1.5592046617406659]
2019-04-01 21:27:00 INFO     Batch: [113/120] Epoch: [6] Loss: [1.5589784645197684]
2019-04-01 21:27:00 INFO     Batch: [114/120] Epoch: [6] Loss: [1.5591000619141953]
2019-04-01 21:27:00 INFO     Batch: [115/120] Epoch: [6] Loss: [1.5589348766310462]
2019-04-01 21:27:01 INFO     Batch: [116/120] Epoch: [6] Loss: [1.5591083785407565]
2019-04-01 21:27:01 INFO     Batch: [117/120] Epoch: [6] Loss: [1.5588699185242088]
2019-04-01 21:27:01 INFO     Batch: [118/120] Epoch: [6] Loss: [1.558414348033296]
2019-04-01 21:27:01 INFO     Batch: [119/120] Epoch: [6] Loss: [1.558075279990832]
2019-04-01 21:27:02 INFO     Epoch: [6/200] Loss: [1.558075279990832] Accuracy: [0.5383636363636364]
2019-04-01 21:27:03 INFO     Batch: [0/120] Epoch: [7] Loss: [1.5037157535552979]
2019-04-01 21:27:04 INFO     Accuracy: [0.5347272727272727]

2019-04-01 21:27:04 INFO     Batch: [1/120] Epoch: [7] Loss: [1.5097211599349976]
2019-04-01 21:27:04 INFO     Batch: [2/120] Epoch: [7] Loss: [1.5186898708343506]
2019-04-01 21:27:04 INFO     Batch: [3/120] Epoch: [7] Loss: [1.5186475813388824]
2019-04-01 21:27:04 INFO     Batch: [4/120] Epoch: [7] Loss: [1.5211369037628173]
2019-04-01 21:27:05 INFO     Batch: [5/120] Epoch: [7] Loss: [1.5243956645329793]
2019-04-01 21:27:05 INFO     Batch: [6/120] Epoch: [7] Loss: [1.5220955780574255]
2019-04-01 21:27:05 INFO     Batch: [7/120] Epoch: [7] Loss: [1.5230958610773087]
2019-04-01 21:27:05 INFO     Batch: [8/120] Epoch: [7] Loss: [1.522355808152093]
2019-04-01 21:27:05 INFO     Batch: [9/120] Epoch: [7] Loss: [1.5250818848609924]
2019-04-01 21:27:05 INFO     Batch: [10/120] Epoch: [7] Loss: [1.5211181423880837]
2019-04-01 21:27:05 INFO     Batch: [11/120] Epoch: [7] Loss: [1.5195026397705078]
2019-04-01 21:27:06 INFO     Batch: [12/120] Epoch: [7] Loss: [1.5239751155559833]
2019-04-01 21:27:06 INFO     Batch: [13/120] Epoch: [7] Loss: [1.5256079350199019]
2019-04-01 21:27:06 INFO     Batch: [14/120] Epoch: [7] Loss: [1.5241588672002158]
2019-04-01 21:27:06 INFO     Batch: [15/120] Epoch: [7] Loss: [1.5222472622990608]
2019-04-01 21:27:06 INFO     Batch: [16/120] Epoch: [7] Loss: [1.5219304491491878]
2019-04-01 21:27:06 INFO     Batch: [17/120] Epoch: [7] Loss: [1.522443175315857]
2019-04-01 21:27:06 INFO     Batch: [18/120] Epoch: [7] Loss: [1.523114938484995]
2019-04-01 21:27:07 INFO     Batch: [19/120] Epoch: [7] Loss: [1.5227898180484771]
2019-04-01 21:27:07 INFO     Batch: [20/120] Epoch: [7] Loss: [1.5213832060496013]
2019-04-01 21:27:07 INFO     Batch: [21/120] Epoch: [7] Loss: [1.5208792090415955]
2019-04-01 21:27:07 INFO     Batch: [22/120] Epoch: [7] Loss: [1.521862709003946]
2019-04-01 21:27:07 INFO     Batch: [23/120] Epoch: [7] Loss: [1.521315132578214]
2019-04-01 21:27:07 INFO     Batch: [24/120] Epoch: [7] Loss: [1.5236771202087402]
2019-04-01 21:27:07 INFO     Batch: [25/120] Epoch: [7] Loss: [1.5229013562202454]
2019-04-01 21:27:08 INFO     Batch: [26/120] Epoch: [7] Loss: [1.5221514834298029]
2019-04-01 21:27:08 INFO     Batch: [27/120] Epoch: [7] Loss: [1.5229716556412833]
2019-04-01 21:27:08 INFO     Batch: [28/120] Epoch: [7] Loss: [1.5203645681512767]
2019-04-01 21:27:08 INFO     Batch: [29/120] Epoch: [7] Loss: [1.5182774066925049]
2019-04-01 21:27:08 INFO     Batch: [30/120] Epoch: [7] Loss: [1.5194149940244612]
2019-04-01 21:27:08 INFO     Batch: [31/120] Epoch: [7] Loss: [1.521511547267437]
2019-04-01 21:27:08 INFO     Batch: [32/120] Epoch: [7] Loss: [1.522195400613727]
2019-04-01 21:27:08 INFO     Batch: [33/120] Epoch: [7] Loss: [1.5211740556885214]
2019-04-01 21:27:09 INFO     Batch: [34/120] Epoch: [7] Loss: [1.5199555839811052]
2019-04-01 21:27:09 INFO     Batch: [35/120] Epoch: [7] Loss: [1.5203470157252417]
2019-04-01 21:27:09 INFO     Batch: [36/120] Epoch: [7] Loss: [1.5199839585536234]
2019-04-01 21:27:09 INFO     Batch: [37/120] Epoch: [7] Loss: [1.5181738389165778]
2019-04-01 21:27:09 INFO     Batch: [38/120] Epoch: [7] Loss: [1.5181577725288196]
2019-04-01 21:27:09 INFO     Batch: [39/120] Epoch: [7] Loss: [1.5168803542852403]
2019-04-01 21:27:09 INFO     Batch: [40/120] Epoch: [7] Loss: [1.5160546971530449]
2019-04-01 21:27:10 INFO     Batch: [41/120] Epoch: [7] Loss: [1.5147401633716764]
2019-04-01 21:27:10 INFO     Batch: [42/120] Epoch: [7] Loss: [1.5141317622606145]
2019-04-01 21:27:10 INFO     Batch: [43/120] Epoch: [7] Loss: [1.5128648470748554]
2019-04-01 21:27:10 INFO     Batch: [44/120] Epoch: [7] Loss: [1.5134930398729112]
2019-04-01 21:27:10 INFO     Batch: [45/120] Epoch: [7] Loss: [1.5147238244181094]
2019-04-01 21:27:10 INFO     Batch: [46/120] Epoch: [7] Loss: [1.514793446723451]
2019-04-01 21:27:10 INFO     Batch: [47/120] Epoch: [7] Loss: [1.5143912533919017]
2019-04-01 21:27:11 INFO     Batch: [48/120] Epoch: [7] Loss: [1.5135084731238229]
2019-04-01 21:27:11 INFO     Batch: [49/120] Epoch: [7] Loss: [1.51368825674057]
2019-04-01 21:27:11 INFO     Batch: [50/120] Epoch: [7] Loss: [1.5145215918036068]
2019-04-01 21:27:11 INFO     Batch: [51/120] Epoch: [7] Loss: [1.5142887280537531]
2019-04-01 21:27:11 INFO     Batch: [52/120] Epoch: [7] Loss: [1.5140529173725057]
2019-04-01 21:27:11 INFO     Batch: [53/120] Epoch: [7] Loss: [1.5146701380058571]
2019-04-01 21:27:11 INFO     Batch: [54/120] Epoch: [7] Loss: [1.5149146578528665]
2019-04-01 21:27:12 INFO     Batch: [55/120] Epoch: [7] Loss: [1.5152055557285036]
2019-04-01 21:27:12 INFO     Batch: [56/120] Epoch: [7] Loss: [1.5153763022339135]
2019-04-01 21:27:12 INFO     Batch: [57/120] Epoch: [7] Loss: [1.515582565603585]
2019-04-01 21:27:12 INFO     Batch: [58/120] Epoch: [7] Loss: [1.5148193270473156]
2019-04-01 21:27:12 INFO     Batch: [59/120] Epoch: [7] Loss: [1.5158573508262634]
2019-04-01 21:27:12 INFO     Batch: [60/120] Epoch: [7] Loss: [1.5151424525214023]
2019-04-01 21:27:12 INFO     Batch: [61/120] Epoch: [7] Loss: [1.5146115191521183]
2019-04-01 21:27:13 INFO     Batch: [62/120] Epoch: [7] Loss: [1.5135938799570476]
2019-04-01 21:27:13 INFO     Batch: [63/120] Epoch: [7] Loss: [1.5131320729851723]
