2019-04-01 21:42:25 INFO     Loading Data
2019-04-01 21:42:26 INFO     Model Setting Up
2019-04-01 21:42:34 INFO     Start Training
2019-04-01 21:42:44 INFO     Batch: [0/120] Epoch: [0] Loss: [2.2727420330047607]
2019-04-01 21:42:45 INFO     Accuracy: [0.11763636363636364]

2019-04-01 21:42:45 INFO     Batch: [1/120] Epoch: [0] Loss: [2.2728846073150635]
2019-04-01 21:42:45 INFO     Batch: [2/120] Epoch: [0] Loss: [2.265674352645874]
2019-04-01 21:42:45 INFO     Batch: [3/120] Epoch: [0] Loss: [2.259496748447418]
2019-04-01 21:42:45 INFO     Batch: [4/120] Epoch: [0] Loss: [2.254966449737549]
2019-04-01 21:42:45 INFO     Batch: [5/120] Epoch: [0] Loss: [2.250000238418579]
2019-04-01 21:42:46 INFO     Batch: [6/120] Epoch: [0] Loss: [2.246027946472168]
2019-04-01 21:42:46 INFO     Batch: [7/120] Epoch: [0] Loss: [2.2417210042476654]
2019-04-01 21:42:46 INFO     Batch: [8/120] Epoch: [0] Loss: [2.238690137863159]
2019-04-01 21:42:46 INFO     Batch: [9/120] Epoch: [0] Loss: [2.233524036407471]
2019-04-01 21:42:46 INFO     Batch: [10/120] Epoch: [0] Loss: [2.2292254621332344]
2019-04-01 21:42:46 INFO     Batch: [11/120] Epoch: [0] Loss: [2.2258143027623496]
2019-04-01 21:42:46 INFO     Batch: [12/120] Epoch: [0] Loss: [2.2216378908890944]
2019-04-01 21:42:47 INFO     Batch: [13/120] Epoch: [0] Loss: [2.2178964955466136]
2019-04-01 21:42:47 INFO     Batch: [14/120] Epoch: [0] Loss: [2.2141595522562665]
2019-04-01 21:42:47 INFO     Batch: [15/120] Epoch: [0] Loss: [2.2104946821928024]
2019-04-01 21:42:47 INFO     Batch: [16/120] Epoch: [0] Loss: [2.2070281505584717]
2019-04-01 21:42:47 INFO     Batch: [17/120] Epoch: [0] Loss: [2.2031490802764893]
2019-04-01 21:42:47 INFO     Batch: [18/120] Epoch: [0] Loss: [2.1997340729362085]
2019-04-01 21:42:47 INFO     Batch: [19/120] Epoch: [0] Loss: [2.1974867463111876]
2019-04-01 21:42:48 INFO     Batch: [20/120] Epoch: [0] Loss: [2.194608892713274]
2019-04-01 21:42:48 INFO     Batch: [21/120] Epoch: [0] Loss: [2.1894326101649892]
2019-04-01 21:42:48 INFO     Batch: [22/120] Epoch: [0] Loss: [2.185868553493334]
2019-04-01 21:42:48 INFO     Batch: [23/120] Epoch: [0] Loss: [2.182610144217809]
2019-04-01 21:42:48 INFO     Batch: [24/120] Epoch: [0] Loss: [2.1797736072540284]
2019-04-01 21:42:48 INFO     Batch: [25/120] Epoch: [0] Loss: [2.1758707028168898]
2019-04-01 21:42:48 INFO     Batch: [26/120] Epoch: [0] Loss: [2.17248797416687]
2019-04-01 21:42:49 INFO     Batch: [27/120] Epoch: [0] Loss: [2.1689444184303284]
2019-04-01 21:42:49 INFO     Batch: [28/120] Epoch: [0] Loss: [2.1661833894663842]
2019-04-01 21:42:49 INFO     Batch: [29/120] Epoch: [0] Loss: [2.1631548325220744]
2019-04-01 21:42:49 INFO     Batch: [30/120] Epoch: [0] Loss: [2.1599290063304286]
2019-04-01 21:42:49 INFO     Batch: [31/120] Epoch: [0] Loss: [2.1573846861720085]
2019-04-01 21:42:49 INFO     Batch: [32/120] Epoch: [0] Loss: [2.1548600991566977]
2019-04-01 21:42:49 INFO     Batch: [33/120] Epoch: [0] Loss: [2.1515019430833706]
2019-04-01 21:42:50 INFO     Batch: [34/120] Epoch: [0] Loss: [2.148327909197126]
2019-04-01 21:42:50 INFO     Batch: [35/120] Epoch: [0] Loss: [2.144917243056827]
2019-04-01 21:42:50 INFO     Batch: [36/120] Epoch: [0] Loss: [2.1423732847780794]
2019-04-01 21:42:50 INFO     Batch: [37/120] Epoch: [0] Loss: [2.13996916695645]
2019-04-01 21:42:50 INFO     Batch: [38/120] Epoch: [0] Loss: [2.137273812905336]
2019-04-01 21:42:50 INFO     Batch: [39/120] Epoch: [0] Loss: [2.1343413829803466]
2019-04-01 21:42:50 INFO     Batch: [40/120] Epoch: [0] Loss: [2.131655768650334]
2019-04-01 21:42:50 INFO     Batch: [41/120] Epoch: [0] Loss: [2.128868886402675]
2019-04-01 21:42:51 INFO     Batch: [42/120] Epoch: [0] Loss: [2.125770385875258]
2019-04-01 21:42:51 INFO     Batch: [43/120] Epoch: [0] Loss: [2.1227967739105225]
2019-04-01 21:42:51 INFO     Batch: [44/120] Epoch: [0] Loss: [2.119964506891039]
2019-04-01 21:42:51 INFO     Batch: [45/120] Epoch: [0] Loss: [2.1173537010731907]
2019-04-01 21:42:51 INFO     Batch: [46/120] Epoch: [0] Loss: [2.1146727749641907]
2019-04-01 21:42:51 INFO     Batch: [47/120] Epoch: [0] Loss: [2.111821085214615]
2019-04-01 21:42:51 INFO     Batch: [48/120] Epoch: [0] Loss: [2.109314889323955]
2019-04-01 21:42:52 INFO     Batch: [49/120] Epoch: [0] Loss: [2.1072908544540407]
2019-04-01 21:42:52 INFO     Batch: [50/120] Epoch: [0] Loss: [2.1049592331344007]
2019-04-01 21:42:52 INFO     Batch: [51/120] Epoch: [0] Loss: [2.1017662217983832]
2019-04-01 21:42:52 INFO     Batch: [52/120] Epoch: [0] Loss: [2.0990834461068206]
2019-04-01 21:42:52 INFO     Batch: [53/120] Epoch: [0] Loss: [2.097135188402953]
2019-04-01 21:42:52 INFO     Batch: [54/120] Epoch: [0] Loss: [2.094412606412714]
2019-04-01 21:42:52 INFO     Batch: [55/120] Epoch: [0] Loss: [2.091977059841156]
2019-04-01 21:42:53 INFO     Batch: [56/120] Epoch: [0] Loss: [2.0897435891000846]
2019-04-01 21:42:53 INFO     Batch: [57/120] Epoch: [0] Loss: [2.0876337474790114]
2019-04-01 21:42:53 INFO     Batch: [58/120] Epoch: [0] Loss: [2.085865923913859]
2019-04-01 21:42:53 INFO     Batch: [59/120] Epoch: [0] Loss: [2.0835800329844156]
2019-04-01 21:42:53 INFO     Batch: [60/120] Epoch: [0] Loss: [2.0810284888158077]
2019-04-01 21:42:53 INFO     Batch: [61/120] Epoch: [0] Loss: [2.0788908850762153]
2019-04-01 21:42:53 INFO     Batch: [62/120] Epoch: [0] Loss: [2.076017760095142]
2019-04-01 21:42:53 INFO     Batch: [63/120] Epoch: [0] Loss: [2.0735115222632885]
2019-04-01 21:42:54 INFO     Batch: [64/120] Epoch: [0] Loss: [2.071732185437129]
2019-04-01 21:42:54 INFO     Batch: [65/120] Epoch: [0] Loss: [2.0697499459440056]
2019-04-01 21:42:54 INFO     Batch: [66/120] Epoch: [0] Loss: [2.0671209595096647]
2019-04-01 21:42:54 INFO     Batch: [67/120] Epoch: [0] Loss: [2.064793776063358]
2019-04-01 21:42:54 INFO     Batch: [68/120] Epoch: [0] Loss: [2.0620935585187827]
2019-04-01 21:42:54 INFO     Batch: [69/120] Epoch: [0] Loss: [2.060399399484907]
2019-04-01 21:42:54 INFO     Batch: [70/120] Epoch: [0] Loss: [2.0573655350107543]
2019-04-01 21:42:55 INFO     Batch: [71/120] Epoch: [0] Loss: [2.0545897235473]
2019-04-01 21:42:55 INFO     Batch: [72/120] Epoch: [0] Loss: [2.0528567474182338]
2019-04-01 21:42:55 INFO     Batch: [73/120] Epoch: [0] Loss: [2.0506489164120443]
2019-04-01 21:42:55 INFO     Batch: [74/120] Epoch: [0] Loss: [2.0483613936106364]
2019-04-01 21:42:55 INFO     Batch: [75/120] Epoch: [0] Loss: [2.046559857694726]
2019-04-01 21:42:55 INFO     Batch: [76/120] Epoch: [0] Loss: [2.0442056021133026]
2019-04-01 21:42:55 INFO     Batch: [77/120] Epoch: [0] Loss: [2.041861292643425]
2019-04-01 21:42:55 INFO     Batch: [78/120] Epoch: [0] Loss: [2.0389688075343266]
2019-04-01 21:42:56 INFO     Batch: [79/120] Epoch: [0] Loss: [2.0372007697820664]
2019-04-01 21:42:56 INFO     Batch: [80/120] Epoch: [0] Loss: [2.0356371078962163]
2019-04-01 21:42:56 INFO     Batch: [81/120] Epoch: [0] Loss: [2.0340008517590964]
2019-04-01 21:42:56 INFO     Batch: [82/120] Epoch: [0] Loss: [2.031783958515489]
2019-04-01 21:42:56 INFO     Batch: [83/120] Epoch: [0] Loss: [2.029314170281092]
2019-04-01 21:42:56 INFO     Batch: [84/120] Epoch: [0] Loss: [2.027535280059366]
2019-04-01 21:42:56 INFO     Batch: [85/120] Epoch: [0] Loss: [2.0251835141071055]
2019-04-01 21:42:57 INFO     Batch: [86/120] Epoch: [0] Loss: [2.022972301505078]
2019-04-01 21:42:57 INFO     Batch: [87/120] Epoch: [0] Loss: [2.0209496955979955]
2019-04-01 21:42:57 INFO     Batch: [88/120] Epoch: [0] Loss: [2.018145239755009]
2019-04-01 21:42:57 INFO     Batch: [89/120] Epoch: [0] Loss: [2.015953544775645]
2019-04-01 21:42:57 INFO     Batch: [90/120] Epoch: [0] Loss: [2.0142883638759237]
2019-04-01 21:42:57 INFO     Batch: [91/120] Epoch: [0] Loss: [2.011705132930175]
2019-04-01 21:42:57 INFO     Batch: [92/120] Epoch: [0] Loss: [2.0099704022048623]
2019-04-01 21:42:57 INFO     Batch: [93/120] Epoch: [0] Loss: [2.0074901606174227]
2019-04-01 21:42:58 INFO     Batch: [94/120] Epoch: [0] Loss: [2.005337249605279]
2019-04-01 21:42:58 INFO     Batch: [95/120] Epoch: [0] Loss: [2.003300491720438]
2019-04-01 21:42:58 INFO     Batch: [96/120] Epoch: [0] Loss: [2.000476672477329]
2019-04-01 21:42:58 INFO     Batch: [97/120] Epoch: [0] Loss: [1.9983082705614519]
2019-04-01 21:42:58 INFO     Batch: [98/120] Epoch: [0] Loss: [1.9955804408198656]
2019-04-01 21:42:58 INFO     Batch: [99/120] Epoch: [0] Loss: [1.9932711040973663]
2019-04-01 21:42:58 INFO     Batch: [100/120] Epoch: [0] Loss: [1.9909197328114274]
2019-04-01 21:42:59 INFO     Batch: [101/120] Epoch: [0] Loss: [1.9888212318513907]
2019-04-01 21:42:59 INFO     Batch: [102/120] Epoch: [0] Loss: [1.986635951162542]
2019-04-01 21:42:59 INFO     Batch: [103/120] Epoch: [0] Loss: [1.9844294385268137]
2019-04-01 21:42:59 INFO     Batch: [104/120] Epoch: [0] Loss: [1.9821303220022293]
2019-04-01 21:42:59 INFO     Batch: [105/120] Epoch: [0] Loss: [1.9792924343415026]
2019-04-01 21:42:59 INFO     Batch: [106/120] Epoch: [0] Loss: [1.9772571770944327]
2019-04-01 21:42:59 INFO     Batch: [107/120] Epoch: [0] Loss: [1.9750361276997461]
2019-04-01 21:43:00 INFO     Batch: [108/120] Epoch: [0] Loss: [1.9730330716579332]
2019-04-01 21:43:00 INFO     Batch: [109/120] Epoch: [0] Loss: [1.970001711628654]
2019-04-01 21:43:00 INFO     Batch: [110/120] Epoch: [0] Loss: [1.9681572205311544]
2019-04-01 21:43:00 INFO     Batch: [111/120] Epoch: [0] Loss: [1.9661313306008066]
2019-04-01 21:43:00 INFO     Batch: [112/120] Epoch: [0] Loss: [1.9637585867822698]
2019-04-01 21:43:00 INFO     Batch: [113/120] Epoch: [0] Loss: [1.9617923498153687]
2019-04-01 21:43:00 INFO     Batch: [114/120] Epoch: [0] Loss: [1.959378577315289]
2019-04-01 21:43:01 INFO     Batch: [115/120] Epoch: [0] Loss: [1.9573567098584668]
2019-04-01 21:43:01 INFO     Batch: [116/120] Epoch: [0] Loss: [1.9554252655078204]
2019-04-01 21:43:01 INFO     Batch: [117/120] Epoch: [0] Loss: [1.9529315122103288]
2019-04-01 21:43:01 INFO     Batch: [118/120] Epoch: [0] Loss: [1.9506861251943253]
2019-04-01 21:43:01 INFO     Batch: [119/120] Epoch: [0] Loss: [1.948697563012441]
2019-04-01 21:43:02 INFO     Epoch: [0/200] Loss: [1.948697563012441] Accuracy: [0.4598181818181818]
2019-04-01 21:43:03 INFO     Batch: [0/120] Epoch: [1] Loss: [1.6512632369995117]
2019-04-01 21:43:04 INFO     Accuracy: [0.4565454545454546]

2019-04-01 21:43:04 INFO     Batch: [1/120] Epoch: [1] Loss: [1.6816691756248474]
2019-04-01 21:43:04 INFO     Batch: [2/120] Epoch: [1] Loss: [1.6928689082463582]
2019-04-01 21:43:04 INFO     Batch: [3/120] Epoch: [1] Loss: [1.697256475687027]
2019-04-01 21:43:04 INFO     Batch: [4/120] Epoch: [1] Loss: [1.6971021175384522]
2019-04-01 21:43:05 INFO     Batch: [5/120] Epoch: [1] Loss: [1.6957630117734273]
2019-04-01 21:43:05 INFO     Batch: [6/120] Epoch: [1] Loss: [1.6925974573407854]
2019-04-01 21:43:05 INFO     Batch: [7/120] Epoch: [1] Loss: [1.6895925998687744]
2019-04-01 21:43:05 INFO     Batch: [8/120] Epoch: [1] Loss: [1.6826349629296198]
2019-04-01 21:43:05 INFO     Batch: [9/120] Epoch: [1] Loss: [1.68064945936203]
2019-04-01 21:43:05 INFO     Batch: [10/120] Epoch: [1] Loss: [1.680084228515625]
2019-04-01 21:43:05 INFO     Batch: [11/120] Epoch: [1] Loss: [1.6776077548662822]
2019-04-01 21:43:06 INFO     Batch: [12/120] Epoch: [1] Loss: [1.6721645410244281]
2019-04-01 21:43:06 INFO     Batch: [13/120] Epoch: [1] Loss: [1.670891387122018]
2019-04-01 21:43:06 INFO     Batch: [14/120] Epoch: [1] Loss: [1.6705675681432088]
2019-04-01 21:43:06 INFO     Batch: [15/120] Epoch: [1] Loss: [1.6706392988562584]
2019-04-01 21:43:06 INFO     Batch: [16/120] Epoch: [1] Loss: [1.6656666222740621]
2019-04-01 21:43:06 INFO     Batch: [17/120] Epoch: [1] Loss: [1.6600196560223897]
2019-04-01 21:43:06 INFO     Batch: [18/120] Epoch: [1] Loss: [1.6573712198357833]
2019-04-01 21:43:07 INFO     Batch: [19/120] Epoch: [1] Loss: [1.6543722867965698]
2019-04-01 21:43:07 INFO     Batch: [20/120] Epoch: [1] Loss: [1.650306644893828]
2019-04-01 21:43:07 INFO     Batch: [21/120] Epoch: [1] Loss: [1.6492773565379055]
2019-04-01 21:43:07 INFO     Batch: [22/120] Epoch: [1] Loss: [1.6485588913378508]
2019-04-01 21:43:07 INFO     Batch: [23/120] Epoch: [1] Loss: [1.6460709472497304]
2019-04-01 21:43:07 INFO     Batch: [24/120] Epoch: [1] Loss: [1.6458915376663208]
2019-04-01 21:43:07 INFO     Batch: [25/120] Epoch: [1] Loss: [1.6443571402476385]
2019-04-01 21:43:08 INFO     Batch: [26/120] Epoch: [1] Loss: [1.6440935797161527]
2019-04-01 21:43:08 INFO     Batch: [27/120] Epoch: [1] Loss: [1.6423401832580566]
2019-04-01 21:43:08 INFO     Batch: [28/120] Epoch: [1] Loss: [1.6407758819645848]
2019-04-01 21:43:08 INFO     Batch: [29/120] Epoch: [1] Loss: [1.638946040471395]
2019-04-01 21:43:08 INFO     Batch: [30/120] Epoch: [1] Loss: [1.6372260739726405]
2019-04-01 21:43:08 INFO     Batch: [31/120] Epoch: [1] Loss: [1.6348862014710903]
2019-04-01 21:43:08 INFO     Batch: [32/120] Epoch: [1] Loss: [1.633530616760254]
2019-04-01 21:43:09 INFO     Batch: [33/120] Epoch: [1] Loss: [1.6306176115484798]
2019-04-01 21:43:09 INFO     Batch: [34/120] Epoch: [1] Loss: [1.6284338780811856]
2019-04-01 21:43:09 INFO     Batch: [35/120] Epoch: [1] Loss: [1.6266478266980913]
2019-04-01 21:43:09 INFO     Batch: [36/120] Epoch: [1] Loss: [1.6240862028018848]
2019-04-01 21:43:09 INFO     Batch: [37/120] Epoch: [1] Loss: [1.6244682418672662]
2019-04-01 21:43:09 INFO     Batch: [38/120] Epoch: [1] Loss: [1.624361359156095]
2019-04-01 21:43:09 INFO     Batch: [39/120] Epoch: [1] Loss: [1.6241310715675354]
2019-04-01 21:43:09 INFO     Batch: [40/120] Epoch: [1] Loss: [1.6220287956842563]
2019-04-01 21:43:10 INFO     Batch: [41/120] Epoch: [1] Loss: [1.6220601229440599]
2019-04-01 21:43:10 INFO     Batch: [42/120] Epoch: [1] Loss: [1.62118590709775]
2019-04-01 21:43:10 INFO     Batch: [43/120] Epoch: [1] Loss: [1.6201005469668994]
2019-04-01 21:43:10 INFO     Batch: [44/120] Epoch: [1] Loss: [1.619343508614434]
2019-04-01 21:43:10 INFO     Batch: [45/120] Epoch: [1] Loss: [1.6185593501381252]
2019-04-01 21:43:10 INFO     Batch: [46/120] Epoch: [1] Loss: [1.6177009445555666]
2019-04-01 21:43:10 INFO     Batch: [47/120] Epoch: [1] Loss: [1.61796069641908]
2019-04-01 21:43:11 INFO     Batch: [48/120] Epoch: [1] Loss: [1.6170304600073366]
2019-04-01 21:43:11 INFO     Batch: [49/120] Epoch: [1] Loss: [1.6159804606437682]
2019-04-01 21:43:11 INFO     Batch: [50/120] Epoch: [1] Loss: [1.6140624284744263]
2019-04-01 21:43:11 INFO     Batch: [51/120] Epoch: [1] Loss: [1.6124783341701214]
2019-04-01 21:43:11 INFO     Batch: [52/120] Epoch: [1] Loss: [1.6118902530310288]
2019-04-01 21:43:11 INFO     Batch: [53/120] Epoch: [1] Loss: [1.610932171344757]
2019-04-01 21:43:11 INFO     Batch: [54/120] Epoch: [1] Loss: [1.6094048911874945]
2019-04-01 21:43:12 INFO     Batch: [55/120] Epoch: [1] Loss: [1.608446689588683]
2019-04-01 21:43:12 INFO     Batch: [56/120] Epoch: [1] Loss: [1.6071830883360745]
2019-04-01 21:43:12 INFO     Batch: [57/120] Epoch: [1] Loss: [1.6061000084054882]
2019-04-01 21:43:12 INFO     Batch: [58/120] Epoch: [1] Loss: [1.604669213294983]
2019-04-01 21:43:12 INFO     Batch: [59/120] Epoch: [1] Loss: [1.6033396522204082]
2019-04-01 21:43:12 INFO     Batch: [60/120] Epoch: [1] Loss: [1.6014528430876185]
2019-04-01 21:43:12 INFO     Batch: [61/120] Epoch: [1] Loss: [1.6008944107640175]
2019-04-01 21:43:13 INFO     Batch: [62/120] Epoch: [1] Loss: [1.5992959018737551]
2019-04-01 21:43:13 INFO     Batch: [63/120] Epoch: [1] Loss: [1.5979818776249886]
2019-04-01 21:43:13 INFO     Batch: [64/120] Epoch: [1] Loss: [1.597170534500709]
2019-04-01 21:43:13 INFO     Batch: [65/120] Epoch: [1] Loss: [1.595416368860187]
2019-04-01 21:43:13 INFO     Batch: [66/120] Epoch: [1] Loss: [1.5953071793513511]
2019-04-01 21:43:13 INFO     Batch: [67/120] Epoch: [1] Loss: [1.5949414758121265]
2019-04-01 21:43:13 INFO     Batch: [68/120] Epoch: [1] Loss: [1.594304326651753]
2019-04-01 21:43:14 INFO     Batch: [69/120] Epoch: [1] Loss: [1.5932461500167847]
2019-04-01 21:43:14 INFO     Batch: [70/120] Epoch: [1] Loss: [1.591732703464132]
2019-04-01 21:43:14 INFO     Batch: [71/120] Epoch: [1] Loss: [1.590508563650979]
2019-04-01 21:43:14 INFO     Batch: [72/120] Epoch: [1] Loss: [1.5893251732604143]
2019-04-01 21:43:14 INFO     Batch: [73/120] Epoch: [1] Loss: [1.5885364477698867]
2019-04-01 21:43:14 INFO     Batch: [74/120] Epoch: [1] Loss: [1.5878616507848105]
2019-04-01 21:43:14 INFO     Batch: [75/120] Epoch: [1] Loss: [1.587209712517889]
2019-04-01 21:43:15 INFO     Batch: [76/120] Epoch: [1] Loss: [1.586380382636925]
2019-04-01 21:43:15 INFO     Batch: [77/120] Epoch: [1] Loss: [1.5862482618062923]
2019-04-01 21:43:15 INFO     Batch: [78/120] Epoch: [1] Loss: [1.5848334182666828]
2019-04-01 21:43:15 INFO     Batch: [79/120] Epoch: [1] Loss: [1.5830336228013038]
2019-04-01 21:43:15 INFO     Batch: [80/120] Epoch: [1] Loss: [1.5814333977522674]
2019-04-01 21:43:15 INFO     Batch: [81/120] Epoch: [1] Loss: [1.5809736833339785]
2019-04-01 21:43:15 INFO     Batch: [82/120] Epoch: [1] Loss: [1.580687601882291]
2019-04-01 21:43:16 INFO     Batch: [83/120] Epoch: [1] Loss: [1.5796863124484108]
2019-04-01 21:43:16 INFO     Batch: [84/120] Epoch: [1] Loss: [1.5786654626621919]
2019-04-01 21:43:16 INFO     Batch: [85/120] Epoch: [1] Loss: [1.5781130984772083]
2019-04-01 21:43:16 INFO     Batch: [86/120] Epoch: [1] Loss: [1.5772472044517254]
2019-04-01 21:43:16 INFO     Batch: [87/120] Epoch: [1] Loss: [1.5770521001382307]
2019-04-01 21:43:16 INFO     Batch: [88/120] Epoch: [1] Loss: [1.5748707029256928]
2019-04-01 21:43:16 INFO     Batch: [89/120] Epoch: [1] Loss: [1.57431790166431]
2019-04-01 21:43:17 INFO     Batch: [90/120] Epoch: [1] Loss: [1.574609392291897]
2019-04-01 21:43:17 INFO     Batch: [91/120] Epoch: [1] Loss: [1.5737337871738102]
2019-04-01 21:43:17 INFO     Batch: [92/120] Epoch: [1] Loss: [1.5722747618152249]
2019-04-01 21:43:17 INFO     Batch: [93/120] Epoch: [1] Loss: [1.5714742845677314]
2019-04-01 21:43:17 INFO     Batch: [94/120] Epoch: [1] Loss: [1.5703800000642476]
2019-04-01 21:43:17 INFO     Batch: [95/120] Epoch: [1] Loss: [1.5694115770359833]
2019-04-01 21:43:17 INFO     Batch: [96/120] Epoch: [1] Loss: [1.5684656937097765]
2019-04-01 21:43:17 INFO     Batch: [97/120] Epoch: [1] Loss: [1.5671140442089158]
2019-04-01 21:43:18 INFO     Batch: [98/120] Epoch: [1] Loss: [1.566223767068651]
2019-04-01 21:43:18 INFO     Batch: [99/120] Epoch: [1] Loss: [1.5658503687381744]
2019-04-01 21:43:18 INFO     Batch: [100/120] Epoch: [1] Loss: [1.5641900029512916]
2019-04-01 21:43:18 INFO     Batch: [101/120] Epoch: [1] Loss: [1.5631816071622513]
2019-04-01 21:43:18 INFO     Batch: [102/120] Epoch: [1] Loss: [1.5613283578631947]
2019-04-01 21:43:18 INFO     Batch: [103/120] Epoch: [1] Loss: [1.5603297295478673]
2019-04-01 21:43:18 INFO     Batch: [104/120] Epoch: [1] Loss: [1.5595471711385818]
2019-04-01 21:43:19 INFO     Batch: [105/120] Epoch: [1] Loss: [1.5588723960912452]
2019-04-01 21:43:19 INFO     Batch: [106/120] Epoch: [1] Loss: [1.5577662971532233]
2019-04-01 21:43:19 INFO     Batch: [107/120] Epoch: [1] Loss: [1.5567145645618439]
2019-04-01 21:43:19 INFO     Batch: [108/120] Epoch: [1] Loss: [1.5551292765031166]
2019-04-01 21:43:19 INFO     Batch: [109/120] Epoch: [1] Loss: [1.5536536520177668]
2019-04-01 21:43:19 INFO     Batch: [110/120] Epoch: [1] Loss: [1.5522942779300448]
2019-04-01 21:43:19 INFO     Batch: [111/120] Epoch: [1] Loss: [1.550869804407869]
2019-04-01 21:43:20 INFO     Batch: [112/120] Epoch: [1] Loss: [1.5495855681664121]
2019-04-01 21:43:20 INFO     Batch: [113/120] Epoch: [1] Loss: [1.548146272960462]
2019-04-01 21:43:20 INFO     Batch: [114/120] Epoch: [1] Loss: [1.547660840075949]
2019-04-01 21:43:20 INFO     Batch: [115/120] Epoch: [1] Loss: [1.5472599134362977]
2019-04-01 21:43:20 INFO     Batch: [116/120] Epoch: [1] Loss: [1.5464885897106595]
2019-04-01 21:43:20 INFO     Batch: [117/120] Epoch: [1] Loss: [1.5451133675494437]
2019-04-01 21:43:20 INFO     Batch: [118/120] Epoch: [1] Loss: [1.544153045205509]
2019-04-01 21:43:21 INFO     Batch: [119/120] Epoch: [1] Loss: [1.5433363606532415]
2019-04-01 21:43:22 INFO     Epoch: [1/200] Loss: [1.5433363606532415] Accuracy: [0.524909090909091]
2019-04-01 21:43:22 INFO     Batch: [0/120] Epoch: [2] Loss: [1.4902782440185547]
2019-04-01 21:43:23 INFO     Accuracy: [0.5276363636363637]

2019-04-01 21:43:24 INFO     Batch: [1/120] Epoch: [2] Loss: [1.4398807287216187]
2019-04-01 21:43:24 INFO     Batch: [2/120] Epoch: [2] Loss: [1.4294598897298176]
2019-04-01 21:43:24 INFO     Batch: [3/120] Epoch: [2] Loss: [1.4210836589336395]
2019-04-01 21:43:24 INFO     Batch: [4/120] Epoch: [2] Loss: [1.4251384735107422]
2019-04-01 21:43:24 INFO     Batch: [5/120] Epoch: [2] Loss: [1.4252268075942993]
2019-04-01 21:43:24 INFO     Batch: [6/120] Epoch: [2] Loss: [1.4184352159500122]
2019-04-01 21:43:24 INFO     Batch: [7/120] Epoch: [2] Loss: [1.4184605479240417]
2019-04-01 21:43:24 INFO     Batch: [8/120] Epoch: [2] Loss: [1.4154237508773804]
2019-04-01 21:43:25 INFO     Batch: [9/120] Epoch: [2] Loss: [1.4192950129508972]
2019-04-01 21:43:25 INFO     Batch: [10/120] Epoch: [2] Loss: [1.4206822460347956]
2019-04-01 21:43:25 INFO     Batch: [11/120] Epoch: [2] Loss: [1.4265963633855183]
2019-04-01 21:43:25 INFO     Batch: [12/120] Epoch: [2] Loss: [1.4215058455100427]
2019-04-01 21:43:25 INFO     Batch: [13/120] Epoch: [2] Loss: [1.418611569064004]
2019-04-01 21:43:25 INFO     Batch: [14/120] Epoch: [2] Loss: [1.415497366587321]
2019-04-01 21:43:25 INFO     Batch: [15/120] Epoch: [2] Loss: [1.4120984002947807]
2019-04-01 21:43:26 INFO     Batch: [16/120] Epoch: [2] Loss: [1.4078998004688936]
2019-04-01 21:43:26 INFO     Batch: [17/120] Epoch: [2] Loss: [1.4100803203052945]
2019-04-01 21:43:26 INFO     Batch: [18/120] Epoch: [2] Loss: [1.4078973531723022]
2019-04-01 21:43:26 INFO     Batch: [19/120] Epoch: [2] Loss: [1.4052664697170258]
2019-04-01 21:43:26 INFO     Batch: [20/120] Epoch: [2] Loss: [1.4057138249987648]
2019-04-01 21:43:26 INFO     Batch: [21/120] Epoch: [2] Loss: [1.4048756848682056]
2019-04-01 21:43:26 INFO     Batch: [22/120] Epoch: [2] Loss: [1.4065671589063562]
2019-04-01 21:43:27 INFO     Batch: [23/120] Epoch: [2] Loss: [1.404171844323476]
2019-04-01 21:43:27 INFO     Batch: [24/120] Epoch: [2] Loss: [1.4073990678787232]
2019-04-01 21:43:27 INFO     Batch: [25/120] Epoch: [2] Loss: [1.4055528778296251]
2019-04-01 21:43:27 INFO     Batch: [26/120] Epoch: [2] Loss: [1.4049973487854004]
2019-04-01 21:43:27 INFO     Batch: [27/120] Epoch: [2] Loss: [1.4040002950600214]
2019-04-01 21:43:27 INFO     Batch: [28/120] Epoch: [2] Loss: [1.404195653981176]
2019-04-01 21:43:27 INFO     Batch: [29/120] Epoch: [2] Loss: [1.4023440917332968]
2019-04-01 21:43:27 INFO     Batch: [30/120] Epoch: [2] Loss: [1.401612058762581]
2019-04-01 21:43:28 INFO     Batch: [31/120] Epoch: [2] Loss: [1.4010867737233639]
2019-04-01 21:43:28 INFO     Batch: [32/120] Epoch: [2] Loss: [1.4013551618113662]
2019-04-01 21:43:28 INFO     Batch: [33/120] Epoch: [2] Loss: [1.4019453560604769]
2019-04-01 21:43:28 INFO     Batch: [34/120] Epoch: [2] Loss: [1.4033063275473459]
2019-04-01 21:43:28 INFO     Batch: [35/120] Epoch: [2] Loss: [1.4072208338313632]
2019-04-01 21:43:28 INFO     Batch: [36/120] Epoch: [2] Loss: [1.4067735994184338]
2019-04-01 21:43:28 INFO     Batch: [37/120] Epoch: [2] Loss: [1.406179167722401]
2019-04-01 21:43:29 INFO     Batch: [38/120] Epoch: [2] Loss: [1.407477855682373]
2019-04-01 21:43:29 INFO     Batch: [39/120] Epoch: [2] Loss: [1.4057289123535157]
2019-04-01 21:43:29 INFO     Batch: [40/120] Epoch: [2] Loss: [1.406364446733056]
2019-04-01 21:43:29 INFO     Batch: [41/120] Epoch: [2] Loss: [1.4080450279372079]
2019-04-01 21:43:29 INFO     Batch: [42/120] Epoch: [2] Loss: [1.409363211587418]
2019-04-01 21:43:29 INFO     Batch: [43/120] Epoch: [2] Loss: [1.408630826256492]
2019-04-01 21:43:29 INFO     Batch: [44/120] Epoch: [2] Loss: [1.4086434602737428]
2019-04-01 21:43:30 INFO     Batch: [45/120] Epoch: [2] Loss: [1.4094537703887275]
2019-04-01 21:43:30 INFO     Batch: [46/120] Epoch: [2] Loss: [1.409881723688004]
2019-04-01 21:43:30 INFO     Batch: [47/120] Epoch: [2] Loss: [1.411189263065656]
2019-04-01 21:43:30 INFO     Batch: [48/120] Epoch: [2] Loss: [1.4110830097782368]
2019-04-01 21:43:30 INFO     Batch: [49/120] Epoch: [2] Loss: [1.413328354358673]
2019-04-01 21:43:30 INFO     Batch: [50/120] Epoch: [2] Loss: [1.4136989864648557]
2019-04-01 21:43:30 INFO     Batch: [51/120] Epoch: [2] Loss: [1.4137097665896783]
2019-04-01 21:43:31 INFO     Batch: [52/120] Epoch: [2] Loss: [1.4150285878271427]
2019-04-01 21:43:31 INFO     Batch: [53/120] Epoch: [2] Loss: [1.414418339729309]
2019-04-01 21:43:31 INFO     Batch: [54/120] Epoch: [2] Loss: [1.4132879582318392]
2019-04-01 21:43:31 INFO     Batch: [55/120] Epoch: [2] Loss: [1.412609162075179]
2019-04-01 21:43:31 INFO     Batch: [56/120] Epoch: [2] Loss: [1.4137478355775799]
2019-04-01 21:43:31 INFO     Batch: [57/120] Epoch: [2] Loss: [1.4149302778572872]
2019-04-01 21:43:31 INFO     Batch: [58/120] Epoch: [2] Loss: [1.416672029737699]
2019-04-01 21:43:32 INFO     Batch: [59/120] Epoch: [2] Loss: [1.416004830598831]
2019-04-01 21:43:32 INFO     Batch: [60/120] Epoch: [2] Loss: [1.4153452408118326]
2019-04-01 21:43:32 INFO     Batch: [61/120] Epoch: [2] Loss: [1.4151548512520329]
2019-04-01 21:43:32 INFO     Batch: [62/120] Epoch: [2] Loss: [1.4160597797424075]
2019-04-01 21:43:32 INFO     Batch: [63/120] Epoch: [2] Loss: [1.4151994101703167]
2019-04-01 21:43:32 INFO     Batch: [64/120] Epoch: [2] Loss: [1.4153183405215923]
2019-04-01 21:43:32 INFO     Batch: [65/120] Epoch: [2] Loss: [1.4161399657076055]
2019-04-01 21:43:33 INFO     Batch: [66/120] Epoch: [2] Loss: [1.4153740512790964]
2019-04-01 21:43:33 INFO     Batch: [67/120] Epoch: [2] Loss: [1.414279529277016]
2019-04-01 21:43:33 INFO     Batch: [68/120] Epoch: [2] Loss: [1.4138961892197097]
2019-04-01 21:43:33 INFO     Batch: [69/120] Epoch: [2] Loss: [1.414077467577798]
2019-04-01 21:43:33 INFO     Batch: [70/120] Epoch: [2] Loss: [1.415112871519277]
2019-04-01 21:43:33 INFO     Batch: [71/120] Epoch: [2] Loss: [1.415021891395251]
2019-04-01 21:43:33 INFO     Batch: [72/120] Epoch: [2] Loss: [1.4137540810728726]
2019-04-01 21:43:34 INFO     Batch: [73/120] Epoch: [2] Loss: [1.4130577718889392]
2019-04-01 21:43:34 INFO     Batch: [74/120] Epoch: [2] Loss: [1.4121301635106405]
2019-04-01 21:43:34 INFO     Batch: [75/120] Epoch: [2] Loss: [1.4111987791563336]
2019-04-01 21:43:34 INFO     Batch: [76/120] Epoch: [2] Loss: [1.4110295617735231]
2019-04-01 21:43:34 INFO     Batch: [77/120] Epoch: [2] Loss: [1.4101048035499377]
2019-04-01 21:43:34 INFO     Batch: [78/120] Epoch: [2] Loss: [1.409465902968298]
2019-04-01 21:43:34 INFO     Batch: [79/120] Epoch: [2] Loss: [1.4088153809309005]
2019-04-01 21:43:35 INFO     Batch: [80/120] Epoch: [2] Loss: [1.4081520239512126]
2019-04-01 21:43:35 INFO     Batch: [81/120] Epoch: [2] Loss: [1.407548757587991]
2019-04-01 21:43:35 INFO     Batch: [82/120] Epoch: [2] Loss: [1.407239837818835]
2019-04-01 21:43:35 INFO     Batch: [83/120] Epoch: [2] Loss: [1.4073728833879744]
2019-04-01 21:43:35 INFO     Batch: [84/120] Epoch: [2] Loss: [1.406969111105975]
2019-04-01 21:43:35 INFO     Batch: [85/120] Epoch: [2] Loss: [1.4073643310125483]
2019-04-01 21:43:35 INFO     Batch: [86/120] Epoch: [2] Loss: [1.4067474877697297]
2019-04-01 21:43:36 INFO     Batch: [87/120] Epoch: [2] Loss: [1.4060878238894723]
2019-04-01 21:43:36 INFO     Batch: [88/120] Epoch: [2] Loss: [1.4048395250620467]
2019-04-01 21:43:36 INFO     Batch: [89/120] Epoch: [2] Loss: [1.4040143794483608]
2019-04-01 21:43:36 INFO     Batch: [90/120] Epoch: [2] Loss: [1.4034071269926134]
2019-04-01 21:43:36 INFO     Batch: [91/120] Epoch: [2] Loss: [1.4029037641442341]
2019-04-01 21:43:36 INFO     Batch: [92/120] Epoch: [2] Loss: [1.4030719264861076]
2019-04-01 21:43:36 INFO     Batch: [93/120] Epoch: [2] Loss: [1.4026241112262645]
2019-04-01 21:43:37 INFO     Batch: [94/120] Epoch: [2] Loss: [1.4018011394299958]
2019-04-01 21:43:37 INFO     Batch: [95/120] Epoch: [2] Loss: [1.4005001671612263]
2019-04-01 21:43:37 INFO     Batch: [96/120] Epoch: [2] Loss: [1.3991369181072588]
2019-04-01 21:43:37 INFO     Batch: [97/120] Epoch: [2] Loss: [1.397996915846455]
2019-04-01 21:43:37 INFO     Batch: [98/120] Epoch: [2] Loss: [1.399118504138908]
2019-04-01 21:43:37 INFO     Batch: [99/120] Epoch: [2] Loss: [1.399648412466049]
2019-04-01 21:43:37 INFO     Batch: [100/120] Epoch: [2] Loss: [1.3998040126101805]
2019-04-01 21:43:38 INFO     Batch: [101/120] Epoch: [2] Loss: [1.3994218157786948]
2019-04-01 21:43:38 INFO     Batch: [102/120] Epoch: [2] Loss: [1.3992462366530038]
2019-04-01 21:43:38 INFO     Batch: [103/120] Epoch: [2] Loss: [1.3986475754242678]
2019-04-01 21:43:38 INFO     Batch: [104/120] Epoch: [2] Loss: [1.3983187209992183]
2019-04-01 21:43:38 INFO     Batch: [105/120] Epoch: [2] Loss: [1.397440882223957]
2019-04-01 21:43:38 INFO     Batch: [106/120] Epoch: [2] Loss: [1.3966704373047731]
2019-04-01 21:43:38 INFO     Batch: [107/120] Epoch: [2] Loss: [1.3958950660846852]
2019-04-01 21:43:39 INFO     Batch: [108/120] Epoch: [2] Loss: [1.394475823148675]
2019-04-01 21:43:39 INFO     Batch: [109/120] Epoch: [2] Loss: [1.3938122738491405]
2019-04-01 21:43:39 INFO     Batch: [110/120] Epoch: [2] Loss: [1.3935525975785814]
2019-04-01 21:43:39 INFO     Batch: [111/120] Epoch: [2] Loss: [1.3926237300038338]
2019-04-01 21:43:39 INFO     Batch: [112/120] Epoch: [2] Loss: [1.3917893202958909]
2019-04-01 21:43:39 INFO     Batch: [113/120] Epoch: [2] Loss: [1.3915724294227467]
2019-04-01 21:43:39 INFO     Batch: [114/120] Epoch: [2] Loss: [1.392094293884609]
2019-04-01 21:43:40 INFO     Batch: [115/120] Epoch: [2] Loss: [1.3913344062607864]
2019-04-01 21:43:40 INFO     Batch: [116/120] Epoch: [2] Loss: [1.3902704420252743]
2019-04-01 21:43:40 INFO     Batch: [117/120] Epoch: [2] Loss: [1.390340128187406]
2019-04-01 21:43:40 INFO     Batch: [118/120] Epoch: [2] Loss: [1.3888803660368718]
2019-04-01 21:43:40 INFO     Batch: [119/120] Epoch: [2] Loss: [1.3881472398837407]
2019-04-01 21:43:41 INFO     Epoch: [2/200] Loss: [1.3881472398837407] Accuracy: [0.5618181818181818]
2019-04-01 21:43:42 INFO     Batch: [0/120] Epoch: [3] Loss: [1.3348535299301147]
2019-04-01 21:43:43 INFO     Accuracy: [0.5563636363636365]

2019-04-01 21:43:43 INFO     Batch: [1/120] Epoch: [3] Loss: [1.3010303974151611]
2019-04-01 21:43:43 INFO     Batch: [2/120] Epoch: [3] Loss: [1.2751619815826416]
2019-04-01 21:43:43 INFO     Batch: [3/120] Epoch: [3] Loss: [1.2714676260948181]
2019-04-01 21:43:43 INFO     Batch: [4/120] Epoch: [3] Loss: [1.2810270071029664]
2019-04-01 21:43:44 INFO     Batch: [5/120] Epoch: [3] Loss: [1.2858486572901409]
2019-04-01 21:43:44 INFO     Batch: [6/120] Epoch: [3] Loss: [1.2959262473242623]
2019-04-01 21:43:44 INFO     Batch: [7/120] Epoch: [3] Loss: [1.2996033877134323]
2019-04-01 21:43:44 INFO     Batch: [8/120] Epoch: [3] Loss: [1.297751956515842]
2019-04-01 21:43:44 INFO     Batch: [9/120] Epoch: [3] Loss: [1.295035970211029]
2019-04-01 21:43:44 INFO     Batch: [10/120] Epoch: [3] Loss: [1.2960549159483477]
2019-04-01 21:43:44 INFO     Batch: [11/120] Epoch: [3] Loss: [1.2931967079639435]
2019-04-01 21:43:45 INFO     Batch: [12/120] Epoch: [3] Loss: [1.2982826141210704]
2019-04-01 21:43:45 INFO     Batch: [13/120] Epoch: [3] Loss: [1.2922668542180742]
2019-04-01 21:43:45 INFO     Batch: [14/120] Epoch: [3] Loss: [1.2951412757237752]
2019-04-01 21:43:45 INFO     Batch: [15/120] Epoch: [3] Loss: [1.297618806362152]
2019-04-01 21:43:45 INFO     Batch: [16/120] Epoch: [3] Loss: [1.2962902503855087]
2019-04-01 21:43:45 INFO     Batch: [17/120] Epoch: [3] Loss: [1.2960747414165072]
2019-04-01 21:43:45 INFO     Batch: [18/120] Epoch: [3] Loss: [1.2959981592077958]
2019-04-01 21:43:46 INFO     Batch: [19/120] Epoch: [3] Loss: [1.2946546137332917]
2019-04-01 21:43:46 INFO     Batch: [20/120] Epoch: [3] Loss: [1.30468449706123]
2019-04-01 21:43:46 INFO     Batch: [21/120] Epoch: [3] Loss: [1.3099163879047742]
2019-04-01 21:43:46 INFO     Batch: [22/120] Epoch: [3] Loss: [1.3098597111909285]
2019-04-01 21:43:46 INFO     Batch: [23/120] Epoch: [3] Loss: [1.3112146506706874]
2019-04-01 21:43:46 INFO     Batch: [24/120] Epoch: [3] Loss: [1.3151862812042237]
2019-04-01 21:43:46 INFO     Batch: [25/120] Epoch: [3] Loss: [1.3178851925409758]
2019-04-01 21:43:47 INFO     Batch: [26/120] Epoch: [3] Loss: [1.321488446659512]
2019-04-01 21:43:47 INFO     Batch: [27/120] Epoch: [3] Loss: [1.3221092436994826]
2019-04-01 21:43:47 INFO     Batch: [28/120] Epoch: [3] Loss: [1.324646312614967]
2019-04-01 21:43:47 INFO     Batch: [29/120] Epoch: [3] Loss: [1.328326944510142]
2019-04-01 21:43:47 INFO     Batch: [30/120] Epoch: [3] Loss: [1.33042485098685]
2019-04-01 21:43:47 INFO     Batch: [31/120] Epoch: [3] Loss: [1.3310470096766949]
2019-04-01 21:43:47 INFO     Batch: [32/120] Epoch: [3] Loss: [1.3332409027850989]
2019-04-01 21:43:48 INFO     Batch: [33/120] Epoch: [3] Loss: [1.3385165509055643]
2019-04-01 21:43:48 INFO     Batch: [34/120] Epoch: [3] Loss: [1.3407489095415388]
2019-04-01 21:43:48 INFO     Batch: [35/120] Epoch: [3] Loss: [1.3434441255198584]
2019-04-01 21:43:48 INFO     Batch: [36/120] Epoch: [3] Loss: [1.3479151919081405]
2019-04-01 21:43:48 INFO     Batch: [37/120] Epoch: [3] Loss: [1.3473490288383083]
2019-04-01 21:43:48 INFO     Batch: [38/120] Epoch: [3] Loss: [1.3492731956335215]
2019-04-01 21:43:48 INFO     Batch: [39/120] Epoch: [3] Loss: [1.350913518667221]
2019-04-01 21:43:49 INFO     Batch: [40/120] Epoch: [3] Loss: [1.3531982927787594]
2019-04-01 21:43:49 INFO     Batch: [41/120] Epoch: [3] Loss: [1.356614467643556]
2019-04-01 21:43:49 INFO     Batch: [42/120] Epoch: [3] Loss: [1.3600662336793057]
2019-04-01 21:43:49 INFO     Batch: [43/120] Epoch: [3] Loss: [1.3630003983324224]
2019-04-01 21:43:49 INFO     Batch: [44/120] Epoch: [3] Loss: [1.364837000105116]
2019-04-01 21:43:49 INFO     Batch: [45/120] Epoch: [3] Loss: [1.3650604875191399]
2019-04-01 21:43:49 INFO     Batch: [46/120] Epoch: [3] Loss: [1.3656673913306379]
2019-04-01 21:43:49 INFO     Batch: [47/120] Epoch: [3] Loss: [1.3656190112233162]
2019-04-01 21:43:50 INFO     Batch: [48/120] Epoch: [3] Loss: [1.3641350755886155]
2019-04-01 21:43:50 INFO     Batch: [49/120] Epoch: [3] Loss: [1.364529311656952]
2019-04-01 21:43:50 INFO     Batch: [50/120] Epoch: [3] Loss: [1.3666140963049496]
2019-04-01 21:43:50 INFO     Batch: [51/120] Epoch: [3] Loss: [1.3653300863045912]
2019-04-01 21:43:50 INFO     Batch: [52/120] Epoch: [3] Loss: [1.3658670029550228]
2019-04-01 21:43:50 INFO     Batch: [53/120] Epoch: [3] Loss: [1.3670576413472493]
2019-04-01 21:43:50 INFO     Batch: [54/120] Epoch: [3] Loss: [1.366581164706837]
2019-04-01 21:43:51 INFO     Batch: [55/120] Epoch: [3] Loss: [1.3653577523572105]
2019-04-01 21:43:51 INFO     Batch: [56/120] Epoch: [3] Loss: [1.3635806451764023]
2019-04-01 21:43:51 INFO     Batch: [57/120] Epoch: [3] Loss: [1.3638704953522518]
2019-04-01 21:43:51 INFO     Batch: [58/120] Epoch: [3] Loss: [1.3644761069346283]
2019-04-01 21:43:51 INFO     Batch: [59/120] Epoch: [3] Loss: [1.36346302429835]
2019-04-01 21:43:51 INFO     Batch: [60/120] Epoch: [3] Loss: [1.3610044170598514]
2019-04-01 21:43:51 INFO     Batch: [61/120] Epoch: [3] Loss: [1.3612707276498117]
2019-04-01 21:43:52 INFO     Batch: [62/120] Epoch: [3] Loss: [1.3601877689361572]
2019-04-01 21:43:52 INFO     Batch: [63/120] Epoch: [3] Loss: [1.3597373701632023]
2019-04-01 21:43:52 INFO     Batch: [64/120] Epoch: [3] Loss: [1.3595907706480759]
2019-04-01 21:43:52 INFO     Batch: [65/120] Epoch: [3] Loss: [1.358888667641264]
2019-04-01 21:43:52 INFO     Batch: [66/120] Epoch: [3] Loss: [1.3577145711699528]
2019-04-01 21:43:52 INFO     Batch: [67/120] Epoch: [3] Loss: [1.3560575825326584]
2019-04-01 21:43:52 INFO     Batch: [68/120] Epoch: [3] Loss: [1.355488493822623]
2019-04-01 21:43:53 INFO     Batch: [69/120] Epoch: [3] Loss: [1.3548475555011203]
2019-04-01 21:43:53 INFO     Batch: [70/120] Epoch: [3] Loss: [1.353830465128724]
2019-04-01 21:43:53 INFO     Batch: [71/120] Epoch: [3] Loss: [1.3537196682559118]
2019-04-01 21:43:53 INFO     Batch: [72/120] Epoch: [3] Loss: [1.3532440384773359]
2019-04-01 21:43:53 INFO     Batch: [73/120] Epoch: [3] Loss: [1.3516795006958213]
2019-04-01 21:43:53 INFO     Batch: [74/120] Epoch: [3] Loss: [1.3505953947703044]
2019-04-01 21:43:53 INFO     Batch: [75/120] Epoch: [3] Loss: [1.349526052412234]
2019-04-01 21:43:53 INFO     Batch: [76/120] Epoch: [3] Loss: [1.3487078710035845]
2019-04-01 21:43:54 INFO     Batch: [77/120] Epoch: [3] Loss: [1.3475243128263032]
2019-04-01 21:43:54 INFO     Batch: [78/120] Epoch: [3] Loss: [1.3481822360920002]
2019-04-01 21:43:54 INFO     Batch: [79/120] Epoch: [3] Loss: [1.3473834931850432]
2019-04-01 21:43:54 INFO     Batch: [80/120] Epoch: [3] Loss: [1.346412938318135]
2019-04-01 21:43:54 INFO     Batch: [81/120] Epoch: [3] Loss: [1.3461038281277913]
2019-04-01 21:43:54 INFO     Batch: [82/120] Epoch: [3] Loss: [1.3448910354131676]
2019-04-01 21:43:54 INFO     Batch: [83/120] Epoch: [3] Loss: [1.34361798564593]
2019-04-01 21:43:55 INFO     Batch: [84/120] Epoch: [3] Loss: [1.3430457718232098]
2019-04-01 21:43:55 INFO     Batch: [85/120] Epoch: [3] Loss: [1.343067189981771]
2019-04-01 21:43:55 INFO     Batch: [86/120] Epoch: [3] Loss: [1.3428913587811349]
2019-04-01 21:43:55 INFO     Batch: [87/120] Epoch: [3] Loss: [1.3420282832600854]
2019-04-01 21:43:55 INFO     Batch: [88/120] Epoch: [3] Loss: [1.340162113811193]
2019-04-01 21:43:55 INFO     Batch: [89/120] Epoch: [3] Loss: [1.3405031495624118]
2019-04-01 21:43:55 INFO     Batch: [90/120] Epoch: [3] Loss: [1.3408363992041283]
2019-04-01 21:43:56 INFO     Batch: [91/120] Epoch: [3] Loss: [1.34027350337609]
2019-04-01 21:43:56 INFO     Batch: [92/120] Epoch: [3] Loss: [1.339910791766259]
2019-04-01 21:43:56 INFO     Batch: [93/120] Epoch: [3] Loss: [1.3398772135693977]
2019-04-01 21:43:56 INFO     Batch: [94/120] Epoch: [3] Loss: [1.3404648705532676]
2019-04-01 21:43:56 INFO     Batch: [95/120] Epoch: [3] Loss: [1.3413703627884388]
2019-04-01 21:43:56 INFO     Batch: [96/120] Epoch: [3] Loss: [1.3412733827669596]
2019-04-01 21:43:56 INFO     Batch: [97/120] Epoch: [3] Loss: [1.3410985202205425]
2019-04-01 21:43:56 INFO     Batch: [98/120] Epoch: [3] Loss: [1.3405770894252893]
2019-04-01 21:43:57 INFO     Batch: [99/120] Epoch: [3] Loss: [1.3401757872104645]
2019-04-01 21:43:57 INFO     Batch: [100/120] Epoch: [3] Loss: [1.3404734831045169]
2019-04-01 21:43:57 INFO     Batch: [101/120] Epoch: [3] Loss: [1.340157970493915]
2019-04-01 21:43:57 INFO     Batch: [102/120] Epoch: [3] Loss: [1.340032390020426]
2019-04-01 21:43:57 INFO     Batch: [103/120] Epoch: [3] Loss: [1.3396696138840456]
2019-04-01 21:43:57 INFO     Batch: [104/120] Epoch: [3] Loss: [1.3384834879920595]
2019-04-01 21:43:57 INFO     Batch: [105/120] Epoch: [3] Loss: [1.3387463047819317]
2019-04-01 21:43:58 INFO     Batch: [106/120] Epoch: [3] Loss: [1.338087526437278]
2019-04-01 21:43:58 INFO     Batch: [107/120] Epoch: [3] Loss: [1.3382782726376146]
2019-04-01 21:43:58 INFO     Batch: [108/120] Epoch: [3] Loss: [1.3377390804640743]
2019-04-01 21:43:58 INFO     Batch: [109/120] Epoch: [3] Loss: [1.3378722591833634]
2019-04-01 21:43:58 INFO     Batch: [110/120] Epoch: [3] Loss: [1.3383210961883132]
2019-04-01 21:43:58 INFO     Batch: [111/120] Epoch: [3] Loss: [1.3382270112633705]
2019-04-01 21:43:58 INFO     Batch: [112/120] Epoch: [3] Loss: [1.3384590697499503]
2019-04-01 21:43:59 INFO     Batch: [113/120] Epoch: [3] Loss: [1.338784880805434]
2019-04-01 21:43:59 INFO     Batch: [114/120] Epoch: [3] Loss: [1.3381837171056996]
2019-04-01 21:43:59 INFO     Batch: [115/120] Epoch: [3] Loss: [1.3385077334683517]
2019-04-01 21:43:59 INFO     Batch: [116/120] Epoch: [3] Loss: [1.339088747644017]
2019-04-01 21:43:59 INFO     Batch: [117/120] Epoch: [3] Loss: [1.3390841150687913]
2019-04-01 21:43:59 INFO     Batch: [118/120] Epoch: [3] Loss: [1.3396606585558724]
2019-04-01 21:43:59 INFO     Batch: [119/120] Epoch: [3] Loss: [1.3395733167727788]
2019-04-01 21:44:01 INFO     Epoch: [3/200] Loss: [1.3395733167727788] Accuracy: [0.5234545454545455]
2019-04-01 21:44:01 INFO     Batch: [0/120] Epoch: [4] Loss: [1.3374131917953491]
2019-04-01 21:44:02 INFO     Accuracy: [0.5170909090909092]

2019-04-01 21:44:02 INFO     Batch: [1/120] Epoch: [4] Loss: [1.3234668970108032]
2019-04-01 21:44:02 INFO     Batch: [2/120] Epoch: [4] Loss: [1.329106052716573]
2019-04-01 21:44:03 INFO     Batch: [3/120] Epoch: [4] Loss: [1.333845317363739]
2019-04-01 21:44:03 INFO     Batch: [4/120] Epoch: [4] Loss: [1.3464931011199952]
2019-04-01 21:44:03 INFO     Batch: [5/120] Epoch: [4] Loss: [1.3645039995511372]
2019-04-01 21:44:03 INFO     Batch: [6/120] Epoch: [4] Loss: [1.3696605137416296]
2019-04-01 21:44:03 INFO     Batch: [7/120] Epoch: [4] Loss: [1.3707521557807922]
2019-04-01 21:44:03 INFO     Batch: [8/120] Epoch: [4] Loss: [1.3843227624893188]
2019-04-01 21:44:03 INFO     Batch: [9/120] Epoch: [4] Loss: [1.3899869561195373]
2019-04-01 21:44:04 INFO     Batch: [10/120] Epoch: [4] Loss: [1.386896707794883]
2019-04-01 21:44:04 INFO     Batch: [11/120] Epoch: [4] Loss: [1.3856549163659413]
2019-04-01 21:44:04 INFO     Batch: [12/120] Epoch: [4] Loss: [1.3843613954690785]
2019-04-01 21:44:04 INFO     Batch: [13/120] Epoch: [4] Loss: [1.3867571694510323]
2019-04-01 21:44:04 INFO     Batch: [14/120] Epoch: [4] Loss: [1.3923065662384033]
2019-04-01 21:44:04 INFO     Batch: [15/120] Epoch: [4] Loss: [1.3875522390007973]
2019-04-01 21:44:04 INFO     Batch: [16/120] Epoch: [4] Loss: [1.3917879497303682]
2019-04-01 21:44:05 INFO     Batch: [17/120] Epoch: [4] Loss: [1.390347547001309]
2019-04-01 21:44:05 INFO     Batch: [18/120] Epoch: [4] Loss: [1.3884435954846834]
2019-04-01 21:44:05 INFO     Batch: [19/120] Epoch: [4] Loss: [1.3861128866672516]
2019-04-01 21:44:05 INFO     Batch: [20/120] Epoch: [4] Loss: [1.385400584765843]
2019-04-01 21:44:05 INFO     Batch: [21/120] Epoch: [4] Loss: [1.3851204406131397]
2019-04-01 21:44:05 INFO     Batch: [22/120] Epoch: [4] Loss: [1.3894346589627473]
2019-04-01 21:44:05 INFO     Batch: [23/120] Epoch: [4] Loss: [1.3899052441120148]
2019-04-01 21:44:06 INFO     Batch: [24/120] Epoch: [4] Loss: [1.3861567401885986]
2019-04-01 21:44:06 INFO     Batch: [25/120] Epoch: [4] Loss: [1.3881901319210346]
2019-04-01 21:44:06 INFO     Batch: [26/120] Epoch: [4] Loss: [1.3857936991585627]
2019-04-01 21:44:06 INFO     Batch: [27/120] Epoch: [4] Loss: [1.3843764747892107]
2019-04-01 21:44:06 INFO     Batch: [28/120] Epoch: [4] Loss: [1.3874238811690232]
2019-04-01 21:44:06 INFO     Batch: [29/120] Epoch: [4] Loss: [1.3879730741182963]
2019-04-01 21:44:06 INFO     Batch: [30/120] Epoch: [4] Loss: [1.387777340027594]
2019-04-01 21:44:07 INFO     Batch: [31/120] Epoch: [4] Loss: [1.3860268406569958]
2019-04-01 21:44:07 INFO     Batch: [32/120] Epoch: [4] Loss: [1.387005946852944]
2019-04-01 21:44:07 INFO     Batch: [33/120] Epoch: [4] Loss: [1.386626404874465]
2019-04-01 21:44:07 INFO     Batch: [34/120] Epoch: [4] Loss: [1.3851923976625715]
2019-04-01 21:44:07 INFO     Batch: [35/120] Epoch: [4] Loss: [1.3834557731946309]
2019-04-01 21:44:07 INFO     Batch: [36/120] Epoch: [4] Loss: [1.3842693567276]
2019-04-01 21:44:07 INFO     Batch: [37/120] Epoch: [4] Loss: [1.3853663300213062]
2019-04-01 21:44:08 INFO     Batch: [38/120] Epoch: [4] Loss: [1.3859951771222627]
2019-04-01 21:44:08 INFO     Batch: [39/120] Epoch: [4] Loss: [1.385661670565605]
2019-04-01 21:44:08 INFO     Batch: [40/120] Epoch: [4] Loss: [1.384929927383981]
2019-04-01 21:44:08 INFO     Batch: [41/120] Epoch: [4] Loss: [1.3838751089005243]
2019-04-01 21:44:08 INFO     Batch: [42/120] Epoch: [4] Loss: [1.3843212848485902]
2019-04-01 21:44:08 INFO     Batch: [43/120] Epoch: [4] Loss: [1.38321822068908]
2019-04-01 21:44:08 INFO     Batch: [44/120] Epoch: [4] Loss: [1.382997727394104]
2019-04-01 21:44:09 INFO     Batch: [45/120] Epoch: [4] Loss: [1.3804598087849824]
2019-04-01 21:44:09 INFO     Batch: [46/120] Epoch: [4] Loss: [1.3776791273279394]
2019-04-01 21:44:09 INFO     Batch: [47/120] Epoch: [4] Loss: [1.3764735460281372]
2019-04-01 21:44:09 INFO     Batch: [48/120] Epoch: [4] Loss: [1.3748533141856292]
2019-04-01 21:44:09 INFO     Batch: [49/120] Epoch: [4] Loss: [1.3742559957504272]
2019-04-01 21:44:09 INFO     Batch: [50/120] Epoch: [4] Loss: [1.3741730147717046]
2019-04-01 21:44:09 INFO     Batch: [51/120] Epoch: [4] Loss: [1.373347866993684]
2019-04-01 21:44:10 INFO     Batch: [52/120] Epoch: [4] Loss: [1.3730584158087678]
2019-04-01 21:44:10 INFO     Batch: [53/120] Epoch: [4] Loss: [1.3711681299739413]
2019-04-01 21:44:10 INFO     Batch: [54/120] Epoch: [4] Loss: [1.371469573541121]
2019-04-01 21:44:10 INFO     Batch: [55/120] Epoch: [4] Loss: [1.370385536125728]
2019-04-01 21:44:10 INFO     Batch: [56/120] Epoch: [4] Loss: [1.3682986748845953]
2019-04-01 21:44:10 INFO     Batch: [57/120] Epoch: [4] Loss: [1.3680419058635318]
2019-04-01 21:44:10 INFO     Batch: [58/120] Epoch: [4] Loss: [1.370127138444933]
2019-04-01 21:44:11 INFO     Batch: [59/120] Epoch: [4] Loss: [1.3686141828695932]
2019-04-01 21:44:11 INFO     Batch: [60/120] Epoch: [4] Loss: [1.367278974564349]
2019-04-01 21:44:11 INFO     Batch: [61/120] Epoch: [4] Loss: [1.3663369397963248]
2019-04-01 21:44:11 INFO     Batch: [62/120] Epoch: [4] Loss: [1.3658138172967094]
2019-04-01 21:44:11 INFO     Batch: [63/120] Epoch: [4] Loss: [1.365146454423666]
2019-04-01 21:44:11 INFO     Batch: [64/120] Epoch: [4] Loss: [1.3645357260337243]
2019-04-01 21:44:11 INFO     Batch: [65/120] Epoch: [4] Loss: [1.3651407866766958]
2019-04-01 21:44:12 INFO     Batch: [66/120] Epoch: [4] Loss: [1.3645818126735403]
2019-04-01 21:44:12 INFO     Batch: [67/120] Epoch: [4] Loss: [1.3647234597626854]
2019-04-01 21:44:12 INFO     Batch: [68/120] Epoch: [4] Loss: [1.3627773298733477]
2019-04-01 21:44:12 INFO     Batch: [69/120] Epoch: [4] Loss: [1.3615756460598536]
2019-04-01 21:44:12 INFO     Batch: [70/120] Epoch: [4] Loss: [1.3626123901823877]
2019-04-01 21:44:12 INFO     Batch: [71/120] Epoch: [4] Loss: [1.3624858160813649]
2019-04-01 21:44:12 INFO     Batch: [72/120] Epoch: [4] Loss: [1.3626049250772554]
2019-04-01 21:44:12 INFO     Batch: [73/120] Epoch: [4] Loss: [1.3610088680241559]
2019-04-01 21:44:13 INFO     Batch: [74/120] Epoch: [4] Loss: [1.360960087776184]
2019-04-01 21:44:13 INFO     Batch: [75/120] Epoch: [4] Loss: [1.3603515436774807]
2019-04-01 21:44:13 INFO     Batch: [76/120] Epoch: [4] Loss: [1.3595948559897286]
2019-04-01 21:44:13 INFO     Batch: [77/120] Epoch: [4] Loss: [1.3586754768322675]
2019-04-01 21:44:13 INFO     Batch: [78/120] Epoch: [4] Loss: [1.3582876271839384]
2019-04-01 21:44:13 INFO     Batch: [79/120] Epoch: [4] Loss: [1.359644392132759]
2019-04-01 21:44:13 INFO     Batch: [80/120] Epoch: [4] Loss: [1.3588534623016546]
2019-04-01 21:44:14 INFO     Batch: [81/120] Epoch: [4] Loss: [1.3581249568520524]
2019-04-01 21:44:14 INFO     Batch: [82/120] Epoch: [4] Loss: [1.3571212306080094]
2019-04-01 21:44:14 INFO     Batch: [83/120] Epoch: [4] Loss: [1.357394963502884]
2019-04-01 21:44:14 INFO     Batch: [84/120] Epoch: [4] Loss: [1.3581399468814626]
2019-04-01 21:44:14 INFO     Batch: [85/120] Epoch: [4] Loss: [1.3591221307599268]
2019-04-01 21:44:14 INFO     Batch: [86/120] Epoch: [4] Loss: [1.3585951232362068]
2019-04-01 21:44:14 INFO     Batch: [87/120] Epoch: [4] Loss: [1.3580046621235935]
2019-04-01 21:44:15 INFO     Batch: [88/120] Epoch: [4] Loss: [1.3577933673108562]
2019-04-01 21:44:15 INFO     Batch: [89/120] Epoch: [4] Loss: [1.3556029319763183]
2019-04-01 21:44:15 INFO     Batch: [90/120] Epoch: [4] Loss: [1.3563352692258226]
2019-04-01 21:44:15 INFO     Batch: [91/120] Epoch: [4] Loss: [1.3562014219553575]
2019-04-01 21:44:15 INFO     Batch: [92/120] Epoch: [4] Loss: [1.3558621739828458]
2019-04-01 21:44:15 INFO     Batch: [93/120] Epoch: [4] Loss: [1.3563336945594626]
2019-04-01 21:44:15 INFO     Batch: [94/120] Epoch: [4] Loss: [1.3568008811850296]
2019-04-01 21:44:16 INFO     Batch: [95/120] Epoch: [4] Loss: [1.3564252356688182]
2019-04-01 21:44:16 INFO     Batch: [96/120] Epoch: [4] Loss: [1.3559517934150302]
2019-04-01 21:44:16 INFO     Batch: [97/120] Epoch: [4] Loss: [1.3559211468210026]
2019-04-01 21:44:16 INFO     Batch: [98/120] Epoch: [4] Loss: [1.3555631300415656]
2019-04-01 21:44:16 INFO     Batch: [99/120] Epoch: [4] Loss: [1.354958018064499]
2019-04-01 21:44:16 INFO     Batch: [100/120] Epoch: [4] Loss: [1.3555911862023986]
2019-04-01 21:44:16 INFO     Batch: [101/120] Epoch: [4] Loss: [1.3553889989852905]
2019-04-01 21:44:16 INFO     Batch: [102/120] Epoch: [4] Loss: [1.3559494493077102]
2019-04-01 21:44:17 INFO     Batch: [103/120] Epoch: [4] Loss: [1.355597884609149]
2019-04-01 21:44:17 INFO     Batch: [104/120] Epoch: [4] Loss: [1.3553921903882709]
2019-04-01 21:44:17 INFO     Batch: [105/120] Epoch: [4] Loss: [1.3557710883752354]
2019-04-01 21:44:17 INFO     Batch: [106/120] Epoch: [4] Loss: [1.355736989841283]
2019-04-01 21:44:17 INFO     Batch: [107/120] Epoch: [4] Loss: [1.355242062498022]
2019-04-01 21:44:17 INFO     Batch: [108/120] Epoch: [4] Loss: [1.3552172555835968]
2019-04-01 21:44:17 INFO     Batch: [109/120] Epoch: [4] Loss: [1.354928183555603]
2019-04-01 21:44:18 INFO     Batch: [110/120] Epoch: [4] Loss: [1.3543382238697361]
2019-04-01 21:44:18 INFO     Batch: [111/120] Epoch: [4] Loss: [1.3543276659079961]
2019-04-01 21:44:18 INFO     Batch: [112/120] Epoch: [4] Loss: [1.3536255866025402]
2019-04-01 21:44:18 INFO     Batch: [113/120] Epoch: [4] Loss: [1.3528274695078533]
2019-04-01 21:44:18 INFO     Batch: [114/120] Epoch: [4] Loss: [1.3524237580921339]
2019-04-01 21:44:18 INFO     Batch: [115/120] Epoch: [4] Loss: [1.351195201791566]
2019-04-01 21:44:18 INFO     Batch: [116/120] Epoch: [4] Loss: [1.352007002912016]
2019-04-01 21:44:19 INFO     Batch: [117/120] Epoch: [4] Loss: [1.351558268070221]
2019-04-01 21:44:19 INFO     Batch: [118/120] Epoch: [4] Loss: [1.3510279845790703]
2019-04-01 21:44:19 INFO     Batch: [119/120] Epoch: [4] Loss: [1.3508706967035928]
2019-04-01 21:44:20 INFO     Epoch: [4/200] Loss: [1.3508706967035928] Accuracy: [0.5530909090909092]
2019-04-01 21:44:20 INFO     Batch: [0/120] Epoch: [5] Loss: [1.2940665483474731]
2019-04-01 21:44:22 INFO     Accuracy: [0.5481818181818182]

2019-04-01 21:44:22 INFO     Batch: [1/120] Epoch: [5] Loss: [1.2587719559669495]
2019-04-01 21:44:22 INFO     Batch: [2/120] Epoch: [5] Loss: [1.2570781310399373]
2019-04-01 21:44:22 INFO     Batch: [3/120] Epoch: [5] Loss: [1.2689132690429688]
2019-04-01 21:44:22 INFO     Batch: [4/120] Epoch: [5] Loss: [1.275656819343567]
2019-04-01 21:44:22 INFO     Batch: [5/120] Epoch: [5] Loss: [1.2721558610598247]
2019-04-01 21:44:23 INFO     Batch: [6/120] Epoch: [5] Loss: [1.2587352309908186]
2019-04-01 21:44:23 INFO     Batch: [7/120] Epoch: [5] Loss: [1.2603630274534225]
2019-04-01 21:44:23 INFO     Batch: [8/120] Epoch: [5] Loss: [1.2561392386754353]
2019-04-01 21:44:23 INFO     Batch: [9/120] Epoch: [5] Loss: [1.2558962821960449]
2019-04-01 21:44:23 INFO     Batch: [10/120] Epoch: [5] Loss: [1.251254526051608]
2019-04-01 21:44:23 INFO     Batch: [11/120] Epoch: [5] Loss: [1.2580165068308513]
2019-04-01 21:44:23 INFO     Batch: [12/120] Epoch: [5] Loss: [1.259775317632235]
2019-04-01 21:44:23 INFO     Batch: [13/120] Epoch: [5] Loss: [1.2578466108867101]
2019-04-01 21:44:24 INFO     Batch: [14/120] Epoch: [5] Loss: [1.254504386583964]
2019-04-01 21:44:24 INFO     Batch: [15/120] Epoch: [5] Loss: [1.2536138221621513]
2019-04-01 21:44:24 INFO     Batch: [16/120] Epoch: [5] Loss: [1.2488846217884737]
2019-04-01 21:44:24 INFO     Batch: [17/120] Epoch: [5] Loss: [1.2508092323939006]
2019-04-01 21:44:24 INFO     Batch: [18/120] Epoch: [5] Loss: [1.2522179264771311]
2019-04-01 21:44:24 INFO     Batch: [19/120] Epoch: [5] Loss: [1.2504071950912476]
2019-04-01 21:44:24 INFO     Batch: [20/120] Epoch: [5] Loss: [1.254106839497884]
2019-04-01 21:44:25 INFO     Batch: [21/120] Epoch: [5] Loss: [1.259721739725633]
2019-04-01 21:44:25 INFO     Batch: [22/120] Epoch: [5] Loss: [1.2586152138917341]
2019-04-01 21:44:25 INFO     Batch: [23/120] Epoch: [5] Loss: [1.25749738017718]
2019-04-01 21:44:25 INFO     Batch: [24/120] Epoch: [5] Loss: [1.2577079582214354]
2019-04-01 21:44:25 INFO     Batch: [25/120] Epoch: [5] Loss: [1.259792882662553]
2019-04-01 21:44:25 INFO     Batch: [26/120] Epoch: [5] Loss: [1.2611336134098194]
2019-04-01 21:44:25 INFO     Batch: [27/120] Epoch: [5] Loss: [1.2649556696414948]
2019-04-01 21:44:26 INFO     Batch: [28/120] Epoch: [5] Loss: [1.265386149801057]
2019-04-01 21:44:26 INFO     Batch: [29/120] Epoch: [5] Loss: [1.266191558043162]
2019-04-01 21:44:26 INFO     Batch: [30/120] Epoch: [5] Loss: [1.2678093833308066]
2019-04-01 21:44:26 INFO     Batch: [31/120] Epoch: [5] Loss: [1.2680317647755146]
2019-04-01 21:44:26 INFO     Batch: [32/120] Epoch: [5] Loss: [1.2672147281242139]
2019-04-01 21:44:26 INFO     Batch: [33/120] Epoch: [5] Loss: [1.2672824088264913]
2019-04-01 21:44:26 INFO     Batch: [34/120] Epoch: [5] Loss: [1.2686215230396816]
2019-04-01 21:44:27 INFO     Batch: [35/120] Epoch: [5] Loss: [1.2701317800415888]
2019-04-01 21:44:27 INFO     Batch: [36/120] Epoch: [5] Loss: [1.2711508112984735]
2019-04-01 21:44:27 INFO     Batch: [37/120] Epoch: [5] Loss: [1.2756887862556858]
2019-04-01 21:44:27 INFO     Batch: [38/120] Epoch: [5] Loss: [1.275442239565727]
2019-04-01 21:44:27 INFO     Batch: [39/120] Epoch: [5] Loss: [1.2766200572252273]
2019-04-01 21:44:27 INFO     Batch: [40/120] Epoch: [5] Loss: [1.2781373204254523]
2019-04-01 21:44:27 INFO     Batch: [41/120] Epoch: [5] Loss: [1.2800015324638003]
2019-04-01 21:44:28 INFO     Batch: [42/120] Epoch: [5] Loss: [1.2800752090853313]
2019-04-01 21:44:28 INFO     Batch: [43/120] Epoch: [5] Loss: [1.2802148054946552]
2019-04-01 21:44:28 INFO     Batch: [44/120] Epoch: [5] Loss: [1.2825098355611166]
2019-04-01 21:44:28 INFO     Batch: [45/120] Epoch: [5] Loss: [1.2837806603182917]
2019-04-01 21:44:28 INFO     Batch: [46/120] Epoch: [5] Loss: [1.2832710869768833]
2019-04-01 21:44:28 INFO     Batch: [47/120] Epoch: [5] Loss: [1.2862807835141818]
2019-04-01 21:44:28 INFO     Batch: [48/120] Epoch: [5] Loss: [1.2843095575060164]
2019-04-01 21:44:28 INFO     Batch: [49/120] Epoch: [5] Loss: [1.2851540303230287]
2019-04-01 21:44:29 INFO     Batch: [50/120] Epoch: [5] Loss: [1.286852710387286]
2019-04-01 21:44:29 INFO     Batch: [51/120] Epoch: [5] Loss: [1.287943571805954]
2019-04-01 21:44:29 INFO     Batch: [52/120] Epoch: [5] Loss: [1.2902370781268713]
2019-04-01 21:44:29 INFO     Batch: [53/120] Epoch: [5] Loss: [1.2919274789315682]
2019-04-01 21:44:29 INFO     Batch: [54/120] Epoch: [5] Loss: [1.2938129490072077]
2019-04-01 21:44:29 INFO     Batch: [55/120] Epoch: [5] Loss: [1.2940726216350282]
2019-04-01 21:44:29 INFO     Batch: [56/120] Epoch: [5] Loss: [1.2944196483545136]
2019-04-01 21:44:30 INFO     Batch: [57/120] Epoch: [5] Loss: [1.2955574639912308]
2019-04-01 21:44:30 INFO     Batch: [58/120] Epoch: [5] Loss: [1.298324950670792]
2019-04-01 21:44:30 INFO     Batch: [59/120] Epoch: [5] Loss: [1.3003477235635121]
2019-04-01 21:44:30 INFO     Batch: [60/120] Epoch: [5] Loss: [1.300349518901012]
2019-04-01 21:44:30 INFO     Batch: [61/120] Epoch: [5] Loss: [1.3036742095024354]
2019-04-01 21:44:30 INFO     Batch: [62/120] Epoch: [5] Loss: [1.3060353010419816]
2019-04-01 21:44:30 INFO     Batch: [63/120] Epoch: [5] Loss: [1.3068290445953608]
2019-04-01 21:44:31 INFO     Batch: [64/120] Epoch: [5] Loss: [1.3071516568844135]
2019-04-01 21:44:31 INFO     Batch: [65/120] Epoch: [5] Loss: [1.3077327049139775]
2019-04-01 21:44:31 INFO     Batch: [66/120] Epoch: [5] Loss: [1.30958129754707]
2019-04-01 21:44:31 INFO     Batch: [67/120] Epoch: [5] Loss: [1.311171482591068]
2019-04-01 21:44:31 INFO     Batch: [68/120] Epoch: [5] Loss: [1.3122712926588196]
2019-04-01 21:44:31 INFO     Batch: [69/120] Epoch: [5] Loss: [1.3120922429221018]
2019-04-01 21:44:31 INFO     Batch: [70/120] Epoch: [5] Loss: [1.3127740000335264]
2019-04-01 21:44:32 INFO     Batch: [71/120] Epoch: [5] Loss: [1.3140663537714217]
2019-04-01 21:44:32 INFO     Batch: [72/120] Epoch: [5] Loss: [1.31463866364466]
2019-04-01 21:44:32 INFO     Batch: [73/120] Epoch: [5] Loss: [1.3146605878262907]
2019-04-01 21:44:32 INFO     Batch: [74/120] Epoch: [5] Loss: [1.314922064145406]
2019-04-01 21:44:32 INFO     Batch: [75/120] Epoch: [5] Loss: [1.3151239909623798]
2019-04-01 21:44:32 INFO     Batch: [76/120] Epoch: [5] Loss: [1.3148057940718416]
2019-04-01 21:44:32 INFO     Batch: [77/120] Epoch: [5] Loss: [1.3145377452556903]
2019-04-01 21:44:33 INFO     Batch: [78/120] Epoch: [5] Loss: [1.3156797448291053]
2019-04-01 21:44:33 INFO     Batch: [79/120] Epoch: [5] Loss: [1.315003126859665]
2019-04-01 21:44:33 INFO     Batch: [80/120] Epoch: [5] Loss: [1.3149211936526828]
2019-04-01 21:44:33 INFO     Batch: [81/120] Epoch: [5] Loss: [1.3147711884684679]
2019-04-01 21:44:33 INFO     Batch: [82/120] Epoch: [5] Loss: [1.3142274934125233]
2019-04-01 21:44:33 INFO     Batch: [83/120] Epoch: [5] Loss: [1.31490691502889]
2019-04-01 21:44:33 INFO     Batch: [84/120] Epoch: [5] Loss: [1.314364914333119]
2019-04-01 21:44:34 INFO     Batch: [85/120] Epoch: [5] Loss: [1.3150010386178659]
2019-04-01 21:44:34 INFO     Batch: [86/120] Epoch: [5] Loss: [1.3150935460781228]
2019-04-01 21:44:34 INFO     Batch: [87/120] Epoch: [5] Loss: [1.3149655583229931]
2019-04-01 21:44:34 INFO     Batch: [88/120] Epoch: [5] Loss: [1.314042781176192]
2019-04-01 21:44:34 INFO     Batch: [89/120] Epoch: [5] Loss: [1.3147104899088542]
2019-04-01 21:44:34 INFO     Batch: [90/120] Epoch: [5] Loss: [1.3148948150676685]
2019-04-01 21:44:34 INFO     Batch: [91/120] Epoch: [5] Loss: [1.3151520581349083]
2019-04-01 21:44:35 INFO     Batch: [92/120] Epoch: [5] Loss: [1.3145013893804243]
2019-04-01 21:44:35 INFO     Batch: [93/120] Epoch: [5] Loss: [1.3143003253226584]
2019-04-01 21:44:35 INFO     Batch: [94/120] Epoch: [5] Loss: [1.3135055429057072]
2019-04-01 21:44:35 INFO     Batch: [95/120] Epoch: [5] Loss: [1.312722912679116]
2019-04-01 21:44:35 INFO     Batch: [96/120] Epoch: [5] Loss: [1.312375238261272]
2019-04-01 21:44:35 INFO     Batch: [97/120] Epoch: [5] Loss: [1.3124684253517462]
2019-04-01 21:44:35 INFO     Batch: [98/120] Epoch: [5] Loss: [1.3123013070135405]
2019-04-01 21:44:36 INFO     Batch: [99/120] Epoch: [5] Loss: [1.3115183639526367]
2019-04-01 21:44:36 INFO     Batch: [100/120] Epoch: [5] Loss: [1.3107318181802732]
2019-04-01 21:44:36 INFO     Batch: [101/120] Epoch: [5] Loss: [1.3106450333314783]
2019-04-01 21:44:36 INFO     Batch: [102/120] Epoch: [5] Loss: [1.3099195598398599]
2019-04-01 21:44:36 INFO     Batch: [103/120] Epoch: [5] Loss: [1.3088828050173247]
2019-04-01 21:44:36 INFO     Batch: [104/120] Epoch: [5] Loss: [1.3081303857621693]
2019-04-01 21:44:36 INFO     Batch: [105/120] Epoch: [5] Loss: [1.3073959969124704]
2019-04-01 21:44:36 INFO     Batch: [106/120] Epoch: [5] Loss: [1.3065006688376453]
2019-04-01 21:44:37 INFO     Batch: [107/120] Epoch: [5] Loss: [1.3057031145802251]
2019-04-01 21:44:37 INFO     Batch: [108/120] Epoch: [5] Loss: [1.3054455923377921]
2019-04-01 21:44:37 INFO     Batch: [109/120] Epoch: [5] Loss: [1.3050909475846724]
2019-04-01 21:44:37 INFO     Batch: [110/120] Epoch: [5] Loss: [1.3045013530834302]
2019-04-01 21:44:37 INFO     Batch: [111/120] Epoch: [5] Loss: [1.3033587400402342]
2019-04-01 21:44:37 INFO     Batch: [112/120] Epoch: [5] Loss: [1.3038299168105674]
2019-04-01 21:44:37 INFO     Batch: [113/120] Epoch: [5] Loss: [1.3039972478883308]
2019-04-01 21:44:38 INFO     Batch: [114/120] Epoch: [5] Loss: [1.3036092364269753]
2019-04-01 21:44:38 INFO     Batch: [115/120] Epoch: [5] Loss: [1.3030122148579564]
2019-04-01 21:44:38 INFO     Batch: [116/120] Epoch: [5] Loss: [1.3028349132619352]
2019-04-01 21:44:38 INFO     Batch: [117/120] Epoch: [5] Loss: [1.3026832513890023]
2019-04-01 21:44:38 INFO     Batch: [118/120] Epoch: [5] Loss: [1.3025370145044406]
2019-04-01 21:44:38 INFO     Batch: [119/120] Epoch: [5] Loss: [1.301725654800733]
2019-04-01 21:44:40 INFO     Epoch: [5/200] Loss: [1.301725654800733] Accuracy: [0.5627272727272727]
2019-04-01 21:44:40 INFO     Batch: [0/120] Epoch: [6] Loss: [1.3936967849731445]
2019-04-01 21:44:41 INFO     Accuracy: [0.5556363636363636]

2019-04-01 21:44:41 INFO     Batch: [1/120] Epoch: [6] Loss: [1.300071120262146]
2019-04-01 21:44:41 INFO     Batch: [2/120] Epoch: [6] Loss: [1.2461568514506023]
2019-04-01 21:44:42 INFO     Batch: [3/120] Epoch: [6] Loss: [1.2613374590873718]
2019-04-01 21:44:42 INFO     Batch: [4/120] Epoch: [6] Loss: [1.2686680793762206]
2019-04-01 21:44:42 INFO     Batch: [5/120] Epoch: [6] Loss: [1.2719957828521729]
2019-04-01 21:44:42 INFO     Batch: [6/120] Epoch: [6] Loss: [1.275442429951259]
2019-04-01 21:44:42 INFO     Batch: [7/120] Epoch: [6] Loss: [1.276069924235344]
2019-04-01 21:44:42 INFO     Batch: [8/120] Epoch: [6] Loss: [1.2730367581049602]
2019-04-01 21:44:42 INFO     Batch: [9/120] Epoch: [6] Loss: [1.2759123682975768]
2019-04-01 21:44:43 INFO     Batch: [10/120] Epoch: [6] Loss: [1.2787626656618984]
2019-04-01 21:44:43 INFO     Batch: [11/120] Epoch: [6] Loss: [1.267810881137848]
2019-04-01 21:44:43 INFO     Batch: [12/120] Epoch: [6] Loss: [1.2631296102817242]
2019-04-01 21:44:43 INFO     Batch: [13/120] Epoch: [6] Loss: [1.2694332003593445]
2019-04-01 21:44:43 INFO     Batch: [14/120] Epoch: [6] Loss: [1.2608669757843018]
2019-04-01 21:44:43 INFO     Batch: [15/120] Epoch: [6] Loss: [1.2625563815236092]
2019-04-01 21:44:43 INFO     Batch: [16/120] Epoch: [6] Loss: [1.2648467737085678]
2019-04-01 21:44:44 INFO     Batch: [17/120] Epoch: [6] Loss: [1.2682906919055514]
2019-04-01 21:44:44 INFO     Batch: [18/120] Epoch: [6] Loss: [1.2674683206959774]
