2019-06-03 18:24:26 INFO     Loading Data
2019-06-03 18:24:31 INFO     Model Setting Up
2019-06-03 18:24:50 INFO     train_dir : [../dataset/mnist/train]
2019-06-03 18:24:50 INFO     test_dir : [../dataset/mnist/test]
2019-06-03 18:24:50 INFO     save_dir : [./save]
2019-06-03 18:24:50 INFO     gpu : [2]
2019-06-03 18:24:50 INFO     num_epochs : [300]
2019-06-03 18:24:50 INFO     batch_size : [128]
2019-06-03 18:24:50 INFO     num_points : [512]
2019-06-03 18:24:50 INFO     visualize : [False]
2019-06-03 18:24:50 INFO     log_interval : [1000]
2019-06-03 18:24:50 INFO     save_interval : [50]
2019-06-03 18:24:50 INFO     baselr : [5e-05]
2019-06-03 18:24:50 INFO     density_radius : [0.2]
2019-06-03 18:24:50 INFO     num_grids : [3]
2019-06-03 18:24:50 INFO     base_radius : [1]
2019-06-03 18:24:50 INFO     static_sigma : [0.05]
2019-06-03 18:24:50 INFO     use_static_sigma : [False]
2019-06-03 18:24:50 INFO     use_weights : [False]
2019-06-03 18:24:50 INFO     sigma_layer_diff : [True]
2019-06-03 18:24:50 INFO     feature_out1 : [8]
2019-06-03 18:24:50 INFO     feature_out2 : [16]
2019-06-03 18:24:50 INFO     feature_out3 : [32]
2019-06-03 18:24:50 INFO     feature_out4 : [64]
2019-06-03 18:24:50 INFO     feature_out5 : [128]
2019-06-03 18:24:50 INFO     num_classes : [10]
2019-06-03 18:24:50 INFO     num_so3_layers : [3]
2019-06-03 18:24:50 INFO     bandwidth_0 : [10]
2019-06-03 18:24:50 INFO     bandwidth_out1 : [10]
2019-06-03 18:24:50 INFO     bandwidth_out2 : [8]
2019-06-03 18:24:50 INFO     bandwidth_out3 : [6]
2019-06-03 18:24:50 INFO     bandwidth_out4 : [4]
2019-06-03 18:24:50 INFO     bandwidth_out5 : [2]
2019-06-03 18:24:50 INFO     resume_training : [0]
2019-06-03 18:24:50 INFO     Start Training
2019-06-03 18:25:17 INFO     Batch: [0/469] Epoch: [0] Loss: [2.2848598957061768]
2019-06-03 18:25:25 INFO     Batch: [1/469] Epoch: [0] Loss: [2.2926946878433228]
2019-06-03 18:25:32 INFO     Batch: [2/469] Epoch: [0] Loss: [2.2935780684153237]
2019-06-03 18:25:39 INFO     Batch: [3/469] Epoch: [0] Loss: [2.2938601970672607]
2019-06-03 18:25:49 INFO     Batch: [4/469] Epoch: [0] Loss: [2.2904962062835694]
2019-06-03 18:25:57 INFO     Batch: [5/469] Epoch: [0] Loss: [2.292638619740804]
2019-06-03 18:26:03 INFO     Batch: [6/469] Epoch: [0] Loss: [2.2910618100847517]
2019-06-03 18:26:11 INFO     Batch: [7/469] Epoch: [0] Loss: [2.2907726764678955]
2019-06-03 18:26:19 INFO     Batch: [8/469] Epoch: [0] Loss: [2.2908059226142035]
2019-06-03 18:26:26 INFO     Batch: [9/469] Epoch: [0] Loss: [2.288508987426758]
2019-06-03 18:26:35 INFO     Batch: [10/469] Epoch: [0] Loss: [2.2873927029696377]
2019-06-03 18:26:42 INFO     Batch: [11/469] Epoch: [0] Loss: [2.286602477232615]
2019-06-03 18:26:50 INFO     Batch: [12/469] Epoch: [0] Loss: [2.2844748313610372]
2019-06-03 18:26:57 INFO     Batch: [13/469] Epoch: [0] Loss: [2.2824134656361172]
2019-06-03 18:27:05 INFO     Batch: [14/469] Epoch: [0] Loss: [2.2823636690775553]
2019-06-03 18:27:12 INFO     Batch: [15/469] Epoch: [0] Loss: [2.2801915109157562]
2019-06-03 18:27:20 INFO     Batch: [16/469] Epoch: [0] Loss: [2.27917602482964]
2019-06-03 18:27:27 INFO     Batch: [17/469] Epoch: [0] Loss: [2.2775257693396673]
2019-06-03 18:27:35 INFO     Batch: [18/469] Epoch: [0] Loss: [2.2754592393573962]
2019-06-03 18:27:43 INFO     Batch: [19/469] Epoch: [0] Loss: [2.274242639541626]
2019-06-03 18:27:51 INFO     Batch: [20/469] Epoch: [0] Loss: [2.2725971312749955]
2019-06-03 18:27:59 INFO     Batch: [21/469] Epoch: [0] Loss: [2.271238337863575]
2019-06-03 18:28:06 INFO     Batch: [22/469] Epoch: [0] Loss: [2.2697983410047446]
2019-06-03 18:28:15 INFO     Batch: [23/469] Epoch: [0] Loss: [2.268466532230377]
2019-06-03 18:28:24 INFO     Batch: [24/469] Epoch: [0] Loss: [2.2671393585205077]
2019-06-03 18:28:31 INFO     Batch: [25/469] Epoch: [0] Loss: [2.266055253835825]
2019-06-03 18:28:38 INFO     Batch: [26/469] Epoch: [0] Loss: [2.264638211992052]
2019-06-03 18:28:46 INFO     Batch: [27/469] Epoch: [0] Loss: [2.2637640152658736]
2019-06-03 18:28:53 INFO     Batch: [28/469] Epoch: [0] Loss: [2.2627259698407403]
2019-06-03 18:29:02 INFO     Batch: [29/469] Epoch: [0] Loss: [2.261564914385478]
2019-06-03 18:29:09 INFO     Batch: [30/469] Epoch: [0] Loss: [2.261261309346845]
2019-06-03 18:29:17 INFO     Batch: [31/469] Epoch: [0] Loss: [2.2603118419647217]
2019-06-03 18:29:25 INFO     Batch: [32/469] Epoch: [0] Loss: [2.2598384510387075]
2019-06-03 18:29:34 INFO     Batch: [33/469] Epoch: [0] Loss: [2.259910225868225]
2019-06-03 18:29:42 INFO     Batch: [34/469] Epoch: [0] Loss: [2.2586816787719726]
2019-06-03 18:29:50 INFO     Batch: [35/469] Epoch: [0] Loss: [2.2572001218795776]
2019-06-03 18:29:57 INFO     Batch: [36/469] Epoch: [0] Loss: [2.255295076885739]
2019-06-03 18:30:05 INFO     Batch: [37/469] Epoch: [0] Loss: [2.254192302101537]
2019-06-03 18:30:13 INFO     Batch: [38/469] Epoch: [0] Loss: [2.253157982459435]
2019-06-03 18:30:20 INFO     Batch: [39/469] Epoch: [0] Loss: [2.2517522513866424]
2019-06-03 18:30:27 INFO     Batch: [40/469] Epoch: [0] Loss: [2.2507279733332193]
2019-06-03 18:30:37 INFO     Batch: [41/469] Epoch: [0] Loss: [2.248889837946211]
2019-06-03 18:30:46 INFO     Batch: [42/469] Epoch: [0] Loss: [2.2478011763373087]
2019-06-03 18:30:53 INFO     Batch: [43/469] Epoch: [0] Loss: [2.245575661009008]
2019-06-03 18:31:01 INFO     Batch: [44/469] Epoch: [0] Loss: [2.243591382768419]
2019-06-03 18:31:08 INFO     Batch: [45/469] Epoch: [0] Loss: [2.242303215939066]
2019-06-03 18:31:15 INFO     Batch: [46/469] Epoch: [0] Loss: [2.2410899628984167]
2019-06-03 18:31:24 INFO     Batch: [47/469] Epoch: [0] Loss: [2.239311844110489]
2019-06-03 18:31:33 INFO     Batch: [48/469] Epoch: [0] Loss: [2.238268044530129]
2019-06-03 18:31:44 INFO     Batch: [49/469] Epoch: [0] Loss: [2.2379901599884033]
2019-06-03 18:31:52 INFO     Batch: [50/469] Epoch: [0] Loss: [2.2372374067119525]
2019-06-03 18:31:59 INFO     Batch: [51/469] Epoch: [0] Loss: [2.236240955499502]
2019-06-03 18:32:06 INFO     Batch: [52/469] Epoch: [0] Loss: [2.2346475349282318]
2019-06-03 18:32:14 INFO     Batch: [53/469] Epoch: [0] Loss: [2.2336856921513877]
2019-06-03 18:32:21 INFO     Batch: [54/469] Epoch: [0] Loss: [2.2322355660525237]
2019-06-03 18:32:28 INFO     Batch: [55/469] Epoch: [0] Loss: [2.230684757232666]
2019-06-03 18:32:36 INFO     Batch: [56/469] Epoch: [0] Loss: [2.2297391431373463]
2019-06-03 18:32:44 INFO     Batch: [57/469] Epoch: [0] Loss: [2.227842688560486]
2019-06-03 18:32:52 INFO     Batch: [58/469] Epoch: [0] Loss: [2.2260870004104354]
2019-06-03 18:33:00 INFO     Batch: [59/469] Epoch: [0] Loss: [2.22508837779363]
2019-06-03 18:33:07 INFO     Batch: [60/469] Epoch: [0] Loss: [2.2237408630183486]
2019-06-03 18:33:14 INFO     Batch: [61/469] Epoch: [0] Loss: [2.222505058011701]
2019-06-03 18:33:22 INFO     Batch: [62/469] Epoch: [0] Loss: [2.2221089469061956]
2019-06-03 18:33:30 INFO     Batch: [63/469] Epoch: [0] Loss: [2.2210865281522274]
2019-06-03 18:33:38 INFO     Batch: [64/469] Epoch: [0] Loss: [2.2194976183084343]
2019-06-03 18:33:47 INFO     Batch: [65/469] Epoch: [0] Loss: [2.217860525304621]
2019-06-03 18:33:54 INFO     Batch: [66/469] Epoch: [0] Loss: [2.216440578005207]
2019-06-03 18:34:01 INFO     Batch: [67/469] Epoch: [0] Loss: [2.2154192644007065]
2019-06-03 18:34:09 INFO     Batch: [68/469] Epoch: [0] Loss: [2.2134319768435713]
2019-06-03 18:34:17 INFO     Batch: [69/469] Epoch: [0] Loss: [2.211912223270961]
2019-06-03 18:34:24 INFO     Batch: [70/469] Epoch: [0] Loss: [2.210596010718547]
2019-06-03 18:34:31 INFO     Batch: [71/469] Epoch: [0] Loss: [2.209521323442459]
2019-06-03 18:34:38 INFO     Batch: [72/469] Epoch: [0] Loss: [2.20853532503729]
2019-06-03 18:34:45 INFO     Batch: [73/469] Epoch: [0] Loss: [2.2078992225028373]
2019-06-03 18:34:52 INFO     Batch: [74/469] Epoch: [0] Loss: [2.2060925642649334]
2019-06-03 18:35:00 INFO     Batch: [75/469] Epoch: [0] Loss: [2.204287927401693]
2019-06-03 18:35:07 INFO     Batch: [76/469] Epoch: [0] Loss: [2.203576914675824]
2019-06-03 18:35:15 INFO     Batch: [77/469] Epoch: [0] Loss: [2.2028958797454834]
2019-06-03 18:35:22 INFO     Batch: [78/469] Epoch: [0] Loss: [2.201672738111472]
2019-06-03 18:35:29 INFO     Batch: [79/469] Epoch: [0] Loss: [2.2008143246173857]
2019-06-03 18:35:37 INFO     Batch: [80/469] Epoch: [0] Loss: [2.1999001502990723]
2019-06-03 18:35:44 INFO     Batch: [81/469] Epoch: [0] Loss: [2.1985140544612234]
2019-06-03 18:35:52 INFO     Batch: [82/469] Epoch: [0] Loss: [2.1970997775893615]
2019-06-03 18:35:59 INFO     Batch: [83/469] Epoch: [0] Loss: [2.196198188123249]
2019-06-03 18:36:08 INFO     Batch: [84/469] Epoch: [0] Loss: [2.1946230720071234]
2019-06-03 18:36:17 INFO     Batch: [85/469] Epoch: [0] Loss: [2.192849965982659]
2019-06-03 18:36:25 INFO     Batch: [86/469] Epoch: [0] Loss: [2.191624164581299]
2019-06-03 18:36:32 INFO     Batch: [87/469] Epoch: [0] Loss: [2.1901326802643863]
2019-06-03 18:36:39 INFO     Batch: [88/469] Epoch: [0] Loss: [2.188164349352376]
2019-06-03 18:36:46 INFO     Batch: [89/469] Epoch: [0] Loss: [2.1863637288411457]
2019-06-03 18:36:54 INFO     Batch: [90/469] Epoch: [0] Loss: [2.185656060229291]
2019-06-03 18:37:02 INFO     Batch: [91/469] Epoch: [0] Loss: [2.1843875620676125]
2019-06-03 18:37:10 INFO     Batch: [92/469] Epoch: [0] Loss: [2.182540819209109]
2019-06-03 18:37:17 INFO     Batch: [93/469] Epoch: [0] Loss: [2.1809731620423336]
2019-06-03 18:37:25 INFO     Batch: [94/469] Epoch: [0] Loss: [2.1793706341793664]
2019-06-03 18:37:33 INFO     Batch: [95/469] Epoch: [0] Loss: [2.1783484468857446]
2019-06-03 18:37:41 INFO     Batch: [96/469] Epoch: [0] Loss: [2.1766263799569043]
2019-06-03 18:37:48 INFO     Batch: [97/469] Epoch: [0] Loss: [2.174751843724932]
2019-06-03 18:37:56 INFO     Batch: [98/469] Epoch: [0] Loss: [2.1740984531364056]
2019-06-03 18:38:05 INFO     Batch: [99/469] Epoch: [0] Loss: [2.172027460336685]
2019-06-03 18:38:12 INFO     Batch: [100/469] Epoch: [0] Loss: [2.170480837916384]
2019-06-03 18:38:19 INFO     Batch: [101/469] Epoch: [0] Loss: [2.1693514293315364]
2019-06-03 18:38:26 INFO     Batch: [102/469] Epoch: [0] Loss: [2.1681151957187836]
2019-06-03 18:38:33 INFO     Batch: [103/469] Epoch: [0] Loss: [2.166952521755145]
2019-06-03 18:38:41 INFO     Batch: [104/469] Epoch: [0] Loss: [2.1652280160358974]
2019-06-03 18:38:48 INFO     Batch: [105/469] Epoch: [0] Loss: [2.164385144440633]
2019-06-03 18:38:56 INFO     Batch: [106/469] Epoch: [0] Loss: [2.16315530950778]
2019-06-03 18:39:04 INFO     Batch: [107/469] Epoch: [0] Loss: [2.162761684921053]
2019-06-03 18:39:16 INFO     Batch: [108/469] Epoch: [0] Loss: [2.1610538270495354]
2019-06-03 18:39:23 INFO     Batch: [109/469] Epoch: [0] Loss: [2.1595923217860133]
2019-06-03 18:39:34 INFO     Batch: [110/469] Epoch: [0] Loss: [2.1582174268928735]
2019-06-03 18:39:42 INFO     Batch: [111/469] Epoch: [0] Loss: [2.157116903790406]
2019-06-03 18:39:49 INFO     Batch: [112/469] Epoch: [0] Loss: [2.156666395938502]
2019-06-03 18:39:56 INFO     Batch: [113/469] Epoch: [0] Loss: [2.155651733540652]
2019-06-03 18:40:03 INFO     Batch: [114/469] Epoch: [0] Loss: [2.154055837962938]
2019-06-03 18:40:12 INFO     Batch: [115/469] Epoch: [0] Loss: [2.152645075115664]
2019-06-03 18:40:19 INFO     Batch: [116/469] Epoch: [0] Loss: [2.151410772250249]
2019-06-03 18:40:27 INFO     Batch: [117/469] Epoch: [0] Loss: [2.150698230428211]
2019-06-03 18:40:34 INFO     Batch: [118/469] Epoch: [0] Loss: [2.1487150132155217]
2019-06-03 18:40:43 INFO     Batch: [119/469] Epoch: [0] Loss: [2.147685929139455]
2019-06-03 18:40:51 INFO     Batch: [120/469] Epoch: [0] Loss: [2.1464372567894046]
2019-06-03 18:40:58 INFO     Batch: [121/469] Epoch: [0] Loss: [2.1451206217046646]
2019-06-03 18:41:07 INFO     Batch: [122/469] Epoch: [0] Loss: [2.1436607149558338]
2019-06-03 18:41:14 INFO     Batch: [123/469] Epoch: [0] Loss: [2.1424147534754967]
2019-06-03 18:41:21 INFO     Batch: [124/469] Epoch: [0] Loss: [2.140832332611084]
2019-06-03 18:41:28 INFO     Batch: [125/469] Epoch: [0] Loss: [2.1387070057884094]
2019-06-03 18:41:36 INFO     Batch: [126/469] Epoch: [0] Loss: [2.1376341327907533]
2019-06-03 18:41:44 INFO     Batch: [127/469] Epoch: [0] Loss: [2.1362595092505217]
2019-06-03 18:41:52 INFO     Batch: [128/469] Epoch: [0] Loss: [2.135284665943116]
2019-06-03 18:42:02 INFO     Batch: [129/469] Epoch: [0] Loss: [2.134423796947186]
2019-06-03 18:42:10 INFO     Batch: [130/469] Epoch: [0] Loss: [2.1338845136511417]
2019-06-03 18:42:19 INFO     Batch: [131/469] Epoch: [0] Loss: [2.1328545041156537]
2019-06-03 18:42:27 INFO     Batch: [132/469] Epoch: [0] Loss: [2.1324934089990486]
2019-06-03 18:42:35 INFO     Batch: [133/469] Epoch: [0] Loss: [2.131784726434679]
2019-06-03 18:42:43 INFO     Batch: [134/469] Epoch: [0] Loss: [2.1310155082631996]
2019-06-03 18:42:51 INFO     Batch: [135/469] Epoch: [0] Loss: [2.1298003626220368]
2019-06-03 18:42:59 INFO     Batch: [136/469] Epoch: [0] Loss: [2.1284237482251913]
2019-06-03 18:43:06 INFO     Batch: [137/469] Epoch: [0] Loss: [2.127060727796693]
2019-06-03 18:43:14 INFO     Batch: [138/469] Epoch: [0] Loss: [2.1265499574674975]
2019-06-03 18:43:23 INFO     Batch: [139/469] Epoch: [0] Loss: [2.125262325150626]
2019-06-03 18:43:31 INFO     Batch: [140/469] Epoch: [0] Loss: [2.1249328352880816]
2019-06-03 18:43:40 INFO     Batch: [141/469] Epoch: [0] Loss: [2.1234435959601066]
2019-06-03 18:43:47 INFO     Batch: [142/469] Epoch: [0] Loss: [2.1223389027001973]
2019-06-03 18:43:55 INFO     Batch: [143/469] Epoch: [0] Loss: [2.1205549016594887]
2019-06-03 18:44:03 INFO     Batch: [144/469] Epoch: [0] Loss: [2.119237789614447]
2019-06-03 18:44:12 INFO     Batch: [145/469] Epoch: [0] Loss: [2.1173863990666115]
2019-06-03 18:44:20 INFO     Batch: [146/469] Epoch: [0] Loss: [2.1162027672034545]
2019-06-03 18:44:28 INFO     Batch: [147/469] Epoch: [0] Loss: [2.1153165802762315]
2019-06-03 18:44:35 INFO     Batch: [148/469] Epoch: [0] Loss: [2.1137567406532747]
2019-06-03 18:44:44 INFO     Batch: [149/469] Epoch: [0] Loss: [2.1124566435813903]
2019-06-03 18:44:52 INFO     Batch: [150/469] Epoch: [0] Loss: [2.1118338400164975]
2019-06-03 18:45:00 INFO     Batch: [151/469] Epoch: [0] Loss: [2.110381526382346]
2019-06-03 18:45:08 INFO     Batch: [152/469] Epoch: [0] Loss: [2.1094277660831127]
2019-06-03 18:45:17 INFO     Batch: [153/469] Epoch: [0] Loss: [2.1084610881743493]
2019-06-03 18:45:25 INFO     Batch: [154/469] Epoch: [0] Loss: [2.1078377023819956]
2019-06-03 18:45:31 INFO     Batch: [155/469] Epoch: [0] Loss: [2.106928425721633]
2019-06-03 18:45:41 INFO     Batch: [156/469] Epoch: [0] Loss: [2.10585758488649]
2019-06-03 18:45:50 INFO     Batch: [157/469] Epoch: [0] Loss: [2.1043752114984056]
2019-06-03 18:45:58 INFO     Batch: [158/469] Epoch: [0] Loss: [2.103973085775315]
2019-06-03 18:46:07 INFO     Batch: [159/469] Epoch: [0] Loss: [2.102988741546869]
2019-06-03 18:46:15 INFO     Batch: [160/469] Epoch: [0] Loss: [2.1015827974177297]
2019-06-03 18:46:22 INFO     Batch: [161/469] Epoch: [0] Loss: [2.100285170254884]
2019-06-03 18:46:30 INFO     Batch: [162/469] Epoch: [0] Loss: [2.099219195681847]
2019-06-03 18:46:38 INFO     Batch: [163/469] Epoch: [0] Loss: [2.098578600621805]
2019-06-03 18:46:48 INFO     Batch: [164/469] Epoch: [0] Loss: [2.0978601477362893]
2019-06-03 18:46:57 INFO     Batch: [165/469] Epoch: [0] Loss: [2.096490235213774]
2019-06-03 18:47:05 INFO     Batch: [166/469] Epoch: [0] Loss: [2.0957676464925985]
2019-06-03 18:47:13 INFO     Batch: [167/469] Epoch: [0] Loss: [2.0950920695350286]
2019-06-03 18:47:20 INFO     Batch: [168/469] Epoch: [0] Loss: [2.093714326796447]
2019-06-03 18:47:28 INFO     Batch: [169/469] Epoch: [0] Loss: [2.0931871729738574]
2019-06-03 18:47:37 INFO     Batch: [170/469] Epoch: [0] Loss: [2.0923676804492346]
2019-06-03 18:47:45 INFO     Batch: [171/469] Epoch: [0] Loss: [2.091540519581285]
2019-06-03 18:47:52 INFO     Batch: [172/469] Epoch: [0] Loss: [2.0906115405132315]
2019-06-03 18:47:59 INFO     Batch: [173/469] Epoch: [0] Loss: [2.0892658199387033]
2019-06-03 18:48:07 INFO     Batch: [174/469] Epoch: [0] Loss: [2.0885187898363387]
2019-06-03 18:48:14 INFO     Batch: [175/469] Epoch: [0] Loss: [2.0878334045410156]
2019-06-03 18:48:22 INFO     Batch: [176/469] Epoch: [0] Loss: [2.0867124385079423]
2019-06-03 18:48:30 INFO     Batch: [177/469] Epoch: [0] Loss: [2.085453662979469]
2019-06-03 18:48:38 INFO     Batch: [178/469] Epoch: [0] Loss: [2.0838255709110025]
2019-06-03 18:48:45 INFO     Batch: [179/469] Epoch: [0] Loss: [2.082479507393307]
2019-06-03 18:48:53 INFO     Batch: [180/469] Epoch: [0] Loss: [2.0817264305293888]
2019-06-03 18:49:00 INFO     Batch: [181/469] Epoch: [0] Loss: [2.080851149428022]
2019-06-03 18:49:07 INFO     Batch: [182/469] Epoch: [0] Loss: [2.079870749041031]
2019-06-03 18:49:15 INFO     Batch: [183/469] Epoch: [0] Loss: [2.0793192522681276]
2019-06-03 18:49:23 INFO     Batch: [184/469] Epoch: [0] Loss: [2.0790225731359944]
2019-06-03 18:49:31 INFO     Batch: [185/469] Epoch: [0] Loss: [2.0783837251765753]
2019-06-03 18:49:38 INFO     Batch: [186/469] Epoch: [0] Loss: [2.0769672483046424]
2019-06-03 18:49:45 INFO     Batch: [187/469] Epoch: [0] Loss: [2.075922908935141]
2019-06-03 18:49:54 INFO     Batch: [188/469] Epoch: [0] Loss: [2.0750001668930054]
2019-06-03 18:50:03 INFO     Batch: [189/469] Epoch: [0] Loss: [2.0737047747561808]
2019-06-03 18:50:13 INFO     Batch: [190/469] Epoch: [0] Loss: [2.0734895386620966]
2019-06-03 18:50:21 INFO     Batch: [191/469] Epoch: [0] Loss: [2.0735476401944957]
2019-06-03 18:50:29 INFO     Batch: [192/469] Epoch: [0] Loss: [2.0726501756381492]
2019-06-03 18:50:36 INFO     Batch: [193/469] Epoch: [0] Loss: [2.071559180303947]
2019-06-03 18:50:43 INFO     Batch: [194/469] Epoch: [0] Loss: [2.0703051016880916]
2019-06-03 18:50:52 INFO     Batch: [195/469] Epoch: [0] Loss: [2.0697491448752734]
2019-06-03 18:51:00 INFO     Batch: [196/469] Epoch: [0] Loss: [2.0690042064879752]
2019-06-03 18:51:09 INFO     Batch: [197/469] Epoch: [0] Loss: [2.067467566692468]
2019-06-03 18:51:16 INFO     Batch: [198/469] Epoch: [0] Loss: [2.0668150030787866]
2019-06-03 18:51:24 INFO     Batch: [199/469] Epoch: [0] Loss: [2.066372846364975]
2019-06-03 18:51:32 INFO     Batch: [200/469] Epoch: [0] Loss: [2.065535386403402]
2019-06-03 18:51:40 INFO     Batch: [201/469] Epoch: [0] Loss: [2.0648053937619277]
2019-06-03 18:51:48 INFO     Batch: [202/469] Epoch: [0] Loss: [2.0643148199090815]
2019-06-03 18:51:56 INFO     Batch: [203/469] Epoch: [0] Loss: [2.0630417641471412]
2019-06-03 18:52:04 INFO     Batch: [204/469] Epoch: [0] Loss: [2.06171090021366]
2019-06-03 18:52:12 INFO     Batch: [205/469] Epoch: [0] Loss: [2.0604822635650635]
2019-06-03 18:52:20 INFO     Batch: [206/469] Epoch: [0] Loss: [2.0593909341931917]
2019-06-03 18:52:29 INFO     Batch: [207/469] Epoch: [0] Loss: [2.058909125626087]
2019-06-03 18:52:37 INFO     Batch: [208/469] Epoch: [0] Loss: [2.057672631797608]
2019-06-03 18:52:45 INFO     Batch: [209/469] Epoch: [0] Loss: [2.057037077063606]
2019-06-03 18:52:53 INFO     Batch: [210/469] Epoch: [0] Loss: [2.0556467652885835]
2019-06-03 18:53:01 INFO     Batch: [211/469] Epoch: [0] Loss: [2.0553424993775926]
2019-06-03 18:53:09 INFO     Batch: [212/469] Epoch: [0] Loss: [2.054096671896921]
2019-06-03 18:53:17 INFO     Batch: [213/469] Epoch: [0] Loss: [2.053152368447491]
2019-06-03 18:53:25 INFO     Batch: [214/469] Epoch: [0] Loss: [2.051833774877149]
2019-06-03 18:53:38 INFO     Batch: [215/469] Epoch: [0] Loss: [2.0514814020306975]
2019-06-03 18:53:45 INFO     Batch: [216/469] Epoch: [0] Loss: [2.050445383594882]
2019-06-03 18:53:52 INFO     Batch: [217/469] Epoch: [0] Loss: [2.0494084144951006]
2019-06-03 18:54:00 INFO     Batch: [218/469] Epoch: [0] Loss: [2.0484383460049216]
2019-06-03 18:54:07 INFO     Batch: [219/469] Epoch: [0] Loss: [2.0475152600895274]
2019-06-03 18:54:14 INFO     Batch: [220/469] Epoch: [0] Loss: [2.046826864799223]
2019-06-03 18:54:21 INFO     Batch: [221/469] Epoch: [0] Loss: [2.0459147664877744]
2019-06-03 18:54:29 INFO     Batch: [222/469] Epoch: [0] Loss: [2.0450054369699795]
2019-06-03 18:54:38 INFO     Batch: [223/469] Epoch: [0] Loss: [2.0446431477155005]
2019-06-03 18:54:46 INFO     Batch: [224/469] Epoch: [0] Loss: [2.043378716044956]
2019-06-03 18:54:53 INFO     Batch: [225/469] Epoch: [0] Loss: [2.0419270179967963]
2019-06-03 18:55:01 INFO     Batch: [226/469] Epoch: [0] Loss: [2.0413996852967182]
2019-06-03 18:55:10 INFO     Batch: [227/469] Epoch: [0] Loss: [2.0404619344493797]
2019-06-03 18:55:18 INFO     Batch: [228/469] Epoch: [0] Loss: [2.040369218093339]
2019-06-03 18:55:26 INFO     Batch: [229/469] Epoch: [0] Loss: [2.0395320213359334]
2019-06-03 18:55:34 INFO     Batch: [230/469] Epoch: [0] Loss: [2.038136311423727]
2019-06-03 18:55:42 INFO     Batch: [231/469] Epoch: [0] Loss: [2.037069846843851]
2019-06-03 18:55:53 INFO     Batch: [232/469] Epoch: [0] Loss: [2.035695022779473]
2019-06-03 18:56:01 INFO     Batch: [233/469] Epoch: [0] Loss: [2.0349991326658134]
2019-06-03 18:56:09 INFO     Batch: [234/469] Epoch: [0] Loss: [2.034065061934451]
2019-06-03 18:56:16 INFO     Batch: [235/469] Epoch: [0] Loss: [2.0329750276218026]
2019-06-03 18:56:24 INFO     Batch: [236/469] Epoch: [0] Loss: [2.0319232970853394]
2019-06-03 18:56:32 INFO     Batch: [237/469] Epoch: [0] Loss: [2.0308153949865773]
2019-06-03 18:56:41 INFO     Batch: [238/469] Epoch: [0] Loss: [2.0301383409540024]
2019-06-03 18:56:48 INFO     Batch: [239/469] Epoch: [0] Loss: [2.029535725712776]
2019-06-03 18:56:56 INFO     Batch: [240/469] Epoch: [0] Loss: [2.028481494836293]
2019-06-03 18:57:06 INFO     Batch: [241/469] Epoch: [0] Loss: [2.0278433960331372]
2019-06-03 18:57:14 INFO     Batch: [242/469] Epoch: [0] Loss: [2.0268777579437067]
2019-06-03 18:57:20 INFO     Batch: [243/469] Epoch: [0] Loss: [2.026065535721232]
2019-06-03 18:57:27 INFO     Batch: [244/469] Epoch: [0] Loss: [2.0252117351609833]
2019-06-03 18:57:34 INFO     Batch: [245/469] Epoch: [0] Loss: [2.024539447412258]
2019-06-03 18:57:42 INFO     Batch: [246/469] Epoch: [0] Loss: [2.023648761544633]
2019-06-03 18:57:49 INFO     Batch: [247/469] Epoch: [0] Loss: [2.0228501870747535]
2019-06-03 18:57:58 INFO     Batch: [248/469] Epoch: [0] Loss: [2.0217276371147737]
2019-06-03 18:58:07 INFO     Batch: [249/469] Epoch: [0] Loss: [2.021087014198303]
2019-06-03 18:58:15 INFO     Batch: [250/469] Epoch: [0] Loss: [2.0199737244868183]
2019-06-03 18:58:23 INFO     Batch: [251/469] Epoch: [0] Loss: [2.0189157360129886]
2019-06-03 18:58:32 INFO     Batch: [252/469] Epoch: [0] Loss: [2.0182038988520508]
2019-06-03 18:58:40 INFO     Batch: [253/469] Epoch: [0] Loss: [2.017387229626573]
2019-06-03 18:58:48 INFO     Batch: [254/469] Epoch: [0] Loss: [2.0164225648431215]
2019-06-03 18:58:56 INFO     Batch: [255/469] Epoch: [0] Loss: [2.015403770375997]
2019-06-03 18:59:04 INFO     Batch: [256/469] Epoch: [0] Loss: [2.0145260503783766]
2019-06-03 18:59:12 INFO     Batch: [257/469] Epoch: [0] Loss: [2.013887494109398]
2019-06-03 18:59:19 INFO     Batch: [258/469] Epoch: [0] Loss: [2.013226185065899]
2019-06-03 18:59:27 INFO     Batch: [259/469] Epoch: [0] Loss: [2.012269965501932]
2019-06-03 18:59:34 INFO     Batch: [260/469] Epoch: [0] Loss: [2.011671809401092]
2019-06-03 18:59:43 INFO     Batch: [261/469] Epoch: [0] Loss: [2.011045752135852]
2019-06-03 18:59:51 INFO     Batch: [262/469] Epoch: [0] Loss: [2.010313388965882]
2019-06-03 18:59:59 INFO     Batch: [263/469] Epoch: [0] Loss: [2.0093974335627123]
2019-06-03 19:00:06 INFO     Batch: [264/469] Epoch: [0] Loss: [2.0081409494831877]
2019-06-03 19:00:13 INFO     Batch: [265/469] Epoch: [0] Loss: [2.0071514979340974]
2019-06-03 19:00:22 INFO     Batch: [266/469] Epoch: [0] Loss: [2.006183221545559]
2019-06-03 19:00:31 INFO     Batch: [267/469] Epoch: [0] Loss: [2.0053895280432346]
2019-06-03 19:00:40 INFO     Batch: [268/469] Epoch: [0] Loss: [2.0046380620906787]
2019-06-03 19:00:47 INFO     Batch: [269/469] Epoch: [0] Loss: [2.003800740506914]
2019-06-03 19:00:55 INFO     Batch: [270/469] Epoch: [0] Loss: [2.0032253234588793]
2019-06-03 19:01:05 INFO     Batch: [271/469] Epoch: [0] Loss: [2.0026624430628384]
2019-06-03 19:01:13 INFO     Batch: [272/469] Epoch: [0] Loss: [2.0015664345178847]
2019-06-03 19:01:21 INFO     Batch: [273/469] Epoch: [0] Loss: [2.0010309193256126]
2019-06-03 19:01:29 INFO     Batch: [274/469] Epoch: [0] Loss: [2.0000147888877176]
2019-06-03 19:01:38 INFO     Batch: [275/469] Epoch: [0] Loss: [1.998717296814573]
2019-06-03 19:01:46 INFO     Batch: [276/469] Epoch: [0] Loss: [1.9979033001063102]
2019-06-03 19:01:54 INFO     Batch: [277/469] Epoch: [0] Loss: [1.9969418250399529]
2019-06-03 19:02:05 INFO     Batch: [278/469] Epoch: [0] Loss: [1.9960328472985163]
2019-06-03 19:02:13 INFO     Batch: [279/469] Epoch: [0] Loss: [1.9952376220907484]
2019-06-03 19:02:20 INFO     Batch: [280/469] Epoch: [0] Loss: [1.9943059076193812]
2019-06-03 19:02:28 INFO     Batch: [281/469] Epoch: [0] Loss: [1.9939821485086535]
2019-06-03 19:02:36 INFO     Batch: [282/469] Epoch: [0] Loss: [1.9930188858045705]
2019-06-03 19:02:43 INFO     Batch: [283/469] Epoch: [0] Loss: [1.992565094165399]
2019-06-03 19:02:52 INFO     Batch: [284/469] Epoch: [0] Loss: [1.9915248168142219]
2019-06-03 19:03:00 INFO     Batch: [285/469] Epoch: [0] Loss: [1.990547165170416]
2019-06-03 19:03:08 INFO     Batch: [286/469] Epoch: [0] Loss: [1.9900310105978405]
2019-06-03 19:03:16 INFO     Batch: [287/469] Epoch: [0] Loss: [1.9891838154031172]
2019-06-03 19:03:24 INFO     Batch: [288/469] Epoch: [0] Loss: [1.9883599850545706]
2019-06-03 19:03:33 INFO     Batch: [289/469] Epoch: [0] Loss: [1.9882244525284603]
2019-06-03 19:03:40 INFO     Batch: [290/469] Epoch: [0] Loss: [1.9873715528507823]
2019-06-03 19:03:48 INFO     Batch: [291/469] Epoch: [0] Loss: [1.9865494631741145]
2019-06-03 19:03:56 INFO     Batch: [292/469] Epoch: [0] Loss: [1.9856740862843119]
2019-06-03 19:04:05 INFO     Batch: [293/469] Epoch: [0] Loss: [1.984994427281983]
2019-06-03 19:04:13 INFO     Batch: [294/469] Epoch: [0] Loss: [1.9842088751873728]
2019-06-03 19:04:20 INFO     Batch: [295/469] Epoch: [0] Loss: [1.9833606203665604]
2019-06-03 19:04:27 INFO     Batch: [296/469] Epoch: [0] Loss: [1.9827474612579603]
2019-06-03 19:04:34 INFO     Batch: [297/469] Epoch: [0] Loss: [1.9818470674073136]
2019-06-03 19:04:41 INFO     Batch: [298/469] Epoch: [0] Loss: [1.9810434145273572]
2019-06-03 19:04:49 INFO     Batch: [299/469] Epoch: [0] Loss: [1.9804812729358674]
2019-06-03 19:04:57 INFO     Batch: [300/469] Epoch: [0] Loss: [1.979122367808193]
2019-06-03 19:05:04 INFO     Batch: [301/469] Epoch: [0] Loss: [1.9780775052032724]
2019-06-03 19:05:12 INFO     Batch: [302/469] Epoch: [0] Loss: [1.9769792804623594]
2019-06-03 19:05:20 INFO     Batch: [303/469] Epoch: [0] Loss: [1.9760766762651896]
2019-06-03 19:05:28 INFO     Batch: [304/469] Epoch: [0] Loss: [1.9755268507316464]
2019-06-03 19:05:35 INFO     Batch: [305/469] Epoch: [0] Loss: [1.9748143284928565]
2019-06-03 19:05:43 INFO     Batch: [306/469] Epoch: [0] Loss: [1.9740334764753957]
2019-06-03 19:05:52 INFO     Batch: [307/469] Epoch: [0] Loss: [1.9728508216220062]
2019-06-03 19:06:02 INFO     Batch: [308/469] Epoch: [0] Loss: [1.9720626938304469]
2019-06-03 19:06:10 INFO     Batch: [309/469] Epoch: [0] Loss: [1.9709201128252092]
2019-06-03 19:06:18 INFO     Batch: [310/469] Epoch: [0] Loss: [1.9699341422875212]
2019-06-03 19:06:25 INFO     Batch: [311/469] Epoch: [0] Loss: [1.969208144988769]
2019-06-03 19:06:33 INFO     Batch: [312/469] Epoch: [0] Loss: [1.9686611974582124]
2019-06-03 19:06:41 INFO     Batch: [313/469] Epoch: [0] Loss: [1.9680132588763146]
2019-06-03 19:06:49 INFO     Batch: [314/469] Epoch: [0] Loss: [1.9669663932588366]
2019-06-03 19:06:56 INFO     Batch: [315/469] Epoch: [0] Loss: [1.9661425269102748]
2019-06-03 19:07:03 INFO     Batch: [316/469] Epoch: [0] Loss: [1.9655719969174839]
2019-06-03 19:07:11 INFO     Batch: [317/469] Epoch: [0] Loss: [1.9647566072595943]
2019-06-03 19:07:19 INFO     Batch: [318/469] Epoch: [0] Loss: [1.963875560177531]
2019-06-03 19:07:27 INFO     Batch: [319/469] Epoch: [0] Loss: [1.9631040558218955]
2019-06-03 19:07:35 INFO     Batch: [320/469] Epoch: [0] Loss: [1.9622912629742488]
2019-06-03 19:07:43 INFO     Batch: [321/469] Epoch: [0] Loss: [1.9616431690150906]
2019-06-03 19:07:51 INFO     Batch: [322/469] Epoch: [0] Loss: [1.961135658686375]
2019-06-03 19:07:59 INFO     Batch: [323/469] Epoch: [0] Loss: [1.9608665347835164]
2019-06-03 19:08:08 INFO     Batch: [324/469] Epoch: [0] Loss: [1.9603893764202411]
2019-06-03 19:08:17 INFO     Batch: [325/469] Epoch: [0] Loss: [1.959548357074246]
2019-06-03 19:08:28 INFO     Batch: [326/469] Epoch: [0] Loss: [1.9587595805480211]
2019-06-03 19:08:36 INFO     Batch: [327/469] Epoch: [0] Loss: [1.958025444208122]
2019-06-03 19:08:43 INFO     Batch: [328/469] Epoch: [0] Loss: [1.9572119035257032]
2019-06-03 19:08:51 INFO     Batch: [329/469] Epoch: [0] Loss: [1.9561118494380605]
2019-06-03 19:08:59 INFO     Batch: [330/469] Epoch: [0] Loss: [1.9554003214187852]
2019-06-03 19:09:09 INFO     Batch: [331/469] Epoch: [0] Loss: [1.9543936191553093]
2019-06-03 19:09:19 INFO     Batch: [332/469] Epoch: [0] Loss: [1.9536556152252105]
2019-06-03 19:09:28 INFO     Batch: [333/469] Epoch: [0] Loss: [1.9526505066963014]
2019-06-03 19:09:36 INFO     Batch: [334/469] Epoch: [0] Loss: [1.9520553798817877]
2019-06-03 19:09:44 INFO     Batch: [335/469] Epoch: [0] Loss: [1.9510583292160715]
2019-06-03 19:09:52 INFO     Batch: [336/469] Epoch: [0] Loss: [1.9501336063051082]
2019-06-03 19:10:00 INFO     Batch: [337/469] Epoch: [0] Loss: [1.9493145046854865]
2019-06-03 19:10:07 INFO     Batch: [338/469] Epoch: [0] Loss: [1.9486783356089858]
2019-06-03 19:10:14 INFO     Batch: [339/469] Epoch: [0] Loss: [1.9480286878698012]
2019-06-03 19:10:22 INFO     Batch: [340/469] Epoch: [0] Loss: [1.9468706605021904]
2019-06-03 19:10:29 INFO     Batch: [341/469] Epoch: [0] Loss: [1.94587605912783]
2019-06-03 19:10:37 INFO     Batch: [342/469] Epoch: [0] Loss: [1.9451286184544465]
2019-06-03 19:10:44 INFO     Batch: [343/469] Epoch: [0] Loss: [1.9439794681099958]
2019-06-03 19:10:51 INFO     Batch: [344/469] Epoch: [0] Loss: [1.9432178587153337]
2019-06-03 19:10:59 INFO     Batch: [345/469] Epoch: [0] Loss: [1.9425623816561837]
2019-06-03 19:11:07 INFO     Batch: [346/469] Epoch: [0] Loss: [1.942134714264004]
2019-06-03 19:11:14 INFO     Batch: [347/469] Epoch: [0] Loss: [1.9414422744992135]
2019-06-03 19:11:21 INFO     Batch: [348/469] Epoch: [0] Loss: [1.9404953820657593]
2019-06-03 19:11:29 INFO     Batch: [349/469] Epoch: [0] Loss: [1.9393854250226703]
2019-06-03 19:11:37 INFO     Batch: [350/469] Epoch: [0] Loss: [1.93853763739268]
2019-06-03 19:11:45 INFO     Batch: [351/469] Epoch: [0] Loss: [1.9380901323800737]
2019-06-03 19:11:51 INFO     Batch: [352/469] Epoch: [0] Loss: [1.9372692104777263]
2019-06-03 19:11:59 INFO     Batch: [353/469] Epoch: [0] Loss: [1.9366846414609145]
2019-06-03 19:12:08 INFO     Batch: [354/469] Epoch: [0] Loss: [1.9358105679632913]
2019-06-03 19:12:15 INFO     Batch: [355/469] Epoch: [0] Loss: [1.93495694974835]
2019-06-03 19:12:23 INFO     Batch: [356/469] Epoch: [0] Loss: [1.934489531009471]
2019-06-03 19:12:31 INFO     Batch: [357/469] Epoch: [0] Loss: [1.9335407984323343]
2019-06-03 19:12:38 INFO     Batch: [358/469] Epoch: [0] Loss: [1.932840858993424]
2019-06-03 19:12:46 INFO     Batch: [359/469] Epoch: [0] Loss: [1.9322538336118062]
2019-06-03 19:12:53 INFO     Batch: [360/469] Epoch: [0] Loss: [1.931653127115519]
2019-06-03 19:13:02 INFO     Batch: [361/469] Epoch: [0] Loss: [1.9310029873531827]
2019-06-03 19:13:09 INFO     Batch: [362/469] Epoch: [0] Loss: [1.9304261325804655]
2019-06-03 19:13:16 INFO     Batch: [363/469] Epoch: [0] Loss: [1.9295649079831092]
2019-06-03 19:13:24 INFO     Batch: [364/469] Epoch: [0] Loss: [1.9288947076013643]
2019-06-03 19:13:32 INFO     Batch: [365/469] Epoch: [0] Loss: [1.928615894473967]
2019-06-03 19:13:41 INFO     Batch: [366/469] Epoch: [0] Loss: [1.9276663461238226]
2019-06-03 19:13:49 INFO     Batch: [367/469] Epoch: [0] Loss: [1.9269477336303047]
2019-06-03 19:13:56 INFO     Batch: [368/469] Epoch: [0] Loss: [1.926646979197577]
2019-06-03 19:14:03 INFO     Batch: [369/469] Epoch: [0] Loss: [1.9257317697679674]
2019-06-03 19:14:10 INFO     Batch: [370/469] Epoch: [0] Loss: [1.9249236802206529]
2019-06-03 19:14:18 INFO     Batch: [371/469] Epoch: [0] Loss: [1.9240352883133838]
2019-06-03 19:14:25 INFO     Batch: [372/469] Epoch: [0] Loss: [1.9228892598011538]
2019-06-03 19:14:32 INFO     Batch: [373/469] Epoch: [0] Loss: [1.9221433856908012]
2019-06-03 19:14:40 INFO     Batch: [374/469] Epoch: [0] Loss: [1.921352027575175]
2019-06-03 19:14:48 INFO     Batch: [375/469] Epoch: [0] Loss: [1.9206373507672168]
2019-06-03 19:14:56 INFO     Batch: [376/469] Epoch: [0] Loss: [1.9198811904821218]
2019-06-03 19:15:03 INFO     Batch: [377/469] Epoch: [0] Loss: [1.9190300829196103]
2019-06-03 19:15:11 INFO     Batch: [378/469] Epoch: [0] Loss: [1.918372481039143]
2019-06-03 19:15:19 INFO     Batch: [379/469] Epoch: [0] Loss: [1.917506163998654]
2019-06-03 19:15:26 INFO     Batch: [380/469] Epoch: [0] Loss: [1.9164325246034957]
2019-06-03 19:15:34 INFO     Batch: [381/469] Epoch: [0] Loss: [1.9157171633231078]
2019-06-03 19:15:43 INFO     Batch: [382/469] Epoch: [0] Loss: [1.9150800409267217]
2019-06-03 19:15:52 INFO     Batch: [383/469] Epoch: [0] Loss: [1.913907861026625]
2019-06-03 19:15:59 INFO     Batch: [384/469] Epoch: [0] Loss: [1.9129920330914585]
2019-06-03 19:16:06 INFO     Batch: [385/469] Epoch: [0] Loss: [1.9118825499875558]
2019-06-03 19:16:15 INFO     Batch: [386/469] Epoch: [0] Loss: [1.9111109026334698]
2019-06-03 19:16:24 INFO     Batch: [387/469] Epoch: [0] Loss: [1.91031624484308]
2019-06-03 19:16:33 INFO     Batch: [388/469] Epoch: [0] Loss: [1.909585726291784]
2019-06-03 19:16:40 INFO     Batch: [389/469] Epoch: [0] Loss: [1.9090956574831253]
2019-06-03 19:16:48 INFO     Batch: [390/469] Epoch: [0] Loss: [1.9082880901253743]
2019-06-03 19:16:55 INFO     Batch: [391/469] Epoch: [0] Loss: [1.9076371095618423]
2019-06-03 19:17:03 INFO     Batch: [392/469] Epoch: [0] Loss: [1.907164395007165]
2019-06-03 19:17:11 INFO     Batch: [393/469] Epoch: [0] Loss: [1.9061972426278941]
2019-06-03 19:17:19 INFO     Batch: [394/469] Epoch: [0] Loss: [1.905460689037661]
2019-06-03 19:17:27 INFO     Batch: [395/469] Epoch: [0] Loss: [1.904779302050369]
2019-06-03 19:17:35 INFO     Batch: [396/469] Epoch: [0] Loss: [1.904110689007065]
2019-06-03 19:17:42 INFO     Batch: [397/469] Epoch: [0] Loss: [1.9035101083654855]
2019-06-03 19:17:49 INFO     Batch: [398/469] Epoch: [0] Loss: [1.9029621453512282]
2019-06-03 19:17:57 INFO     Batch: [399/469] Epoch: [0] Loss: [1.9020747885107994]
2019-06-03 19:18:04 INFO     Batch: [400/469] Epoch: [0] Loss: [1.9016403795180474]
2019-06-03 19:18:11 INFO     Batch: [401/469] Epoch: [0] Loss: [1.900685909672163]
2019-06-03 19:18:19 INFO     Batch: [402/469] Epoch: [0] Loss: [1.8996858484395975]
2019-06-03 19:18:26 INFO     Batch: [403/469] Epoch: [0] Loss: [1.8989684083084069]
2019-06-03 19:18:35 INFO     Batch: [404/469] Epoch: [0] Loss: [1.8985929915934434]
2019-06-03 19:18:42 INFO     Batch: [405/469] Epoch: [0] Loss: [1.8977930484146908]
2019-06-03 19:18:50 INFO     Batch: [406/469] Epoch: [0] Loss: [1.8971270141203223]
2019-06-03 19:18:58 INFO     Batch: [407/469] Epoch: [0] Loss: [1.8964357685809041]
2019-06-03 19:19:05 INFO     Batch: [408/469] Epoch: [0] Loss: [1.8955641646839878]
2019-06-03 19:19:13 INFO     Batch: [409/469] Epoch: [0] Loss: [1.8947771273008207]
2019-06-03 19:19:20 INFO     Batch: [410/469] Epoch: [0] Loss: [1.8942967888212552]
2019-06-03 19:19:27 INFO     Batch: [411/469] Epoch: [0] Loss: [1.8936969889599142]
2019-06-03 19:19:35 INFO     Batch: [412/469] Epoch: [0] Loss: [1.8927878164494587]
2019-06-03 19:19:43 INFO     Batch: [413/469] Epoch: [0] Loss: [1.8919794893495128]
2019-06-03 19:19:50 INFO     Batch: [414/469] Epoch: [0] Loss: [1.8914035377732243]
2019-06-03 19:19:57 INFO     Batch: [415/469] Epoch: [0] Loss: [1.8904988284294422]
2019-06-03 19:20:06 INFO     Batch: [416/469] Epoch: [0] Loss: [1.8897529191536298]
2019-06-03 19:20:14 INFO     Batch: [417/469] Epoch: [0] Loss: [1.8890513871845447]
2019-06-03 19:20:21 INFO     Batch: [418/469] Epoch: [0] Loss: [1.8880476632948993]
2019-06-03 19:20:29 INFO     Batch: [419/469] Epoch: [0] Loss: [1.8874245938800631]
2019-06-03 19:20:36 INFO     Batch: [420/469] Epoch: [0] Loss: [1.8863202245671506]
2019-06-03 19:20:44 INFO     Batch: [421/469] Epoch: [0] Loss: [1.8857319143146136]
2019-06-03 19:20:51 INFO     Batch: [422/469] Epoch: [0] Loss: [1.8847390080738293]
2019-06-03 19:20:59 INFO     Batch: [423/469] Epoch: [0] Loss: [1.8842926388079266]
2019-06-03 19:21:06 INFO     Batch: [424/469] Epoch: [0] Loss: [1.8832455177868115]
2019-06-03 19:21:14 INFO     Batch: [425/469] Epoch: [0] Loss: [1.8824870678740488]
2019-06-03 19:21:25 INFO     Batch: [426/469] Epoch: [0] Loss: [1.8820405171124104]
2019-06-03 19:21:32 INFO     Batch: [427/469] Epoch: [0] Loss: [1.88142247261288]
2019-06-03 19:21:40 INFO     Batch: [428/469] Epoch: [0] Loss: [1.8804912953387884]
2019-06-03 19:21:48 INFO     Batch: [429/469] Epoch: [0] Loss: [1.8798330101855965]
2019-06-03 19:21:55 INFO     Batch: [430/469] Epoch: [0] Loss: [1.8788256968810222]
2019-06-03 19:22:03 INFO     Batch: [431/469] Epoch: [0] Loss: [1.8780830886076998]
2019-06-03 19:22:10 INFO     Batch: [432/469] Epoch: [0] Loss: [1.877187324726554]
2019-06-03 19:22:18 INFO     Batch: [433/469] Epoch: [0] Loss: [1.8762851198148067]
2019-06-03 19:22:26 INFO     Batch: [434/469] Epoch: [0] Loss: [1.8756317949843133]
2019-06-03 19:22:34 INFO     Batch: [435/469] Epoch: [0] Loss: [1.874706567427434]
2019-06-03 19:22:41 INFO     Batch: [436/469] Epoch: [0] Loss: [1.874086488575357]
2019-06-03 19:22:49 INFO     Batch: [437/469] Epoch: [0] Loss: [1.8737645323418046]
2019-06-03 19:22:58 INFO     Batch: [438/469] Epoch: [0] Loss: [1.8731857750030205]
2019-06-03 19:23:05 INFO     Batch: [439/469] Epoch: [0] Loss: [1.8726678162813186]
2019-06-03 19:23:12 INFO     Batch: [440/469] Epoch: [0] Loss: [1.8717971650921568]
2019-06-03 19:23:19 INFO     Batch: [441/469] Epoch: [0] Loss: [1.8707758352767287]
2019-06-03 19:23:27 INFO     Batch: [442/469] Epoch: [0] Loss: [1.8701082613344386]
2019-06-03 19:23:34 INFO     Batch: [443/469] Epoch: [0] Loss: [1.8692711827991244]
2019-06-03 19:23:42 INFO     Batch: [444/469] Epoch: [0] Loss: [1.868669763843665]
2019-06-03 19:23:50 INFO     Batch: [445/469] Epoch: [0] Loss: [1.8677990701166505]
2019-06-03 19:23:58 INFO     Batch: [446/469] Epoch: [0] Loss: [1.8673482549270528]
2019-06-03 19:24:06 INFO     Batch: [447/469] Epoch: [0] Loss: [1.866471955286605]
2019-06-03 19:24:16 INFO     Batch: [448/469] Epoch: [0] Loss: [1.8657343724788165]
2019-06-03 19:24:23 INFO     Batch: [449/469] Epoch: [0] Loss: [1.8650170501073202]
2019-06-03 19:24:31 INFO     Batch: [450/469] Epoch: [0] Loss: [1.8645737120951886]
2019-06-03 19:24:38 INFO     Batch: [451/469] Epoch: [0] Loss: [1.8638906866575764]
2019-06-03 19:24:45 INFO     Batch: [452/469] Epoch: [0] Loss: [1.8637235690952663]
2019-06-03 19:24:52 INFO     Batch: [453/469] Epoch: [0] Loss: [1.8628395323186193]
2019-06-03 19:25:01 INFO     Batch: [454/469] Epoch: [0] Loss: [1.8618840021091503]
2019-06-03 19:25:09 INFO     Batch: [455/469] Epoch: [0] Loss: [1.8612912854081707]
2019-06-03 19:25:16 INFO     Batch: [456/469] Epoch: [0] Loss: [1.8606816556312844]
2019-06-03 19:25:23 INFO     Batch: [457/469] Epoch: [0] Loss: [1.860003490375119]
2019-06-03 19:25:31 INFO     Batch: [458/469] Epoch: [0] Loss: [1.8595207732227632]
2019-06-03 19:25:38 INFO     Batch: [459/469] Epoch: [0] Loss: [1.858643927263177]
2019-06-03 19:25:47 INFO     Batch: [460/469] Epoch: [0] Loss: [1.8580418393306775]
2019-06-03 19:25:54 INFO     Batch: [461/469] Epoch: [0] Loss: [1.8573211258624023]
2019-06-03 19:26:01 INFO     Batch: [462/469] Epoch: [0] Loss: [1.856705234066199]
2019-06-03 19:26:09 INFO     Batch: [463/469] Epoch: [0] Loss: [1.8561441353682815]
2019-06-03 19:26:17 INFO     Batch: [464/469] Epoch: [0] Loss: [1.855643855884511]
2019-06-03 19:26:25 INFO     Batch: [465/469] Epoch: [0] Loss: [1.855142289221031]
2019-06-03 19:26:33 INFO     Batch: [466/469] Epoch: [0] Loss: [1.8543200786414953]
2019-06-03 19:26:40 INFO     Batch: [467/469] Epoch: [0] Loss: [1.8537790095194793]
2019-06-03 19:27:04 INFO     Batch: [468/469] Epoch: [0] Loss: [1.852899347286997]
