2019-04-07 21:01:32 INFO     Loading Data
2019-04-07 21:01:34 INFO     Model Setting Up
2019-04-07 21:01:41 INFO     train_dir : [../mnist/train]
2019-04-07 21:01:41 INFO     test_dir : [../mnist/test]
2019-04-07 21:01:41 INFO     save_dir : [./save]
2019-04-07 21:01:41 INFO     num_epochs : [250]
2019-04-07 21:01:41 INFO     batch_size : [500]
2019-04-07 21:01:41 INFO     num_points : [512]
2019-04-07 21:01:41 INFO     sigma : [0.05]
2019-04-07 21:01:41 INFO     log_interval : [1000]
2019-04-07 21:01:41 INFO     save_interval : [50]
2019-04-07 21:01:41 INFO     baselr : [5e-05]
2019-04-07 21:01:41 INFO     density_radius : [0.2]
2019-04-07 21:01:41 INFO     feature_out1 : [8]
2019-04-07 21:01:41 INFO     feature_out2 : [16]
2019-04-07 21:01:41 INFO     feature_out3 : [32]
2019-04-07 21:01:41 INFO     feature_out4 : [64]
2019-04-07 21:01:41 INFO     feature_out5 : [128]
2019-04-07 21:01:41 INFO     num_classes : [10]
2019-04-07 21:01:41 INFO     bandwidth_0 : [10]
2019-04-07 21:01:41 INFO     bandwidth_out1 : [10]
2019-04-07 21:01:41 INFO     bandwidth_out2 : [8]
2019-04-07 21:01:41 INFO     bandwidth_out3 : [6]
2019-04-07 21:01:41 INFO     bandwidth_out4 : [4]
2019-04-07 21:01:41 INFO     bandwidth_out5 : [2]
2019-04-07 21:01:41 INFO     resume_training : [0]
2019-04-07 21:01:41 INFO     Start Training
2019-04-07 21:01:41 INFO     Saved model checkpoints into ./save/2019-04-07_21-01-41-model.ckpt...
2019-04-07 21:01:46 INFO     Batch: [0/120] Epoch: [0] Loss: [2.3107662200927734]
2019-04-07 21:01:46 INFO     Batch: [1/120] Epoch: [0] Loss: [2.3107781410217285]
2019-04-07 21:01:47 INFO     Batch: [2/120] Epoch: [0] Loss: [2.3083810806274414]
2019-04-07 21:01:47 INFO     Batch: [3/120] Epoch: [0] Loss: [2.308994710445404]
2019-04-07 21:01:47 INFO     Batch: [4/120] Epoch: [0] Loss: [2.3093025207519533]
2019-04-07 21:01:47 INFO     Batch: [5/120] Epoch: [0] Loss: [2.307874639829]
2019-04-07 21:01:47 INFO     Batch: [6/120] Epoch: [0] Loss: [2.3071076529366628]
2019-04-07 21:01:48 INFO     Batch: [7/120] Epoch: [0] Loss: [2.306903898715973]
2019-04-07 21:01:48 INFO     Batch: [8/120] Epoch: [0] Loss: [2.3060712814331055]
2019-04-07 21:01:48 INFO     Batch: [9/120] Epoch: [0] Loss: [2.3051764965057373]
2019-04-07 21:01:48 INFO     Batch: [10/120] Epoch: [0] Loss: [2.304578434337269]
2019-04-07 21:01:48 INFO     Batch: [11/120] Epoch: [0] Loss: [2.3035321036974588]
2019-04-07 21:01:49 INFO     Batch: [12/120] Epoch: [0] Loss: [2.3034421297220082]
2019-04-07 21:01:49 INFO     Batch: [13/120] Epoch: [0] Loss: [2.3025895868028914]
2019-04-07 21:01:49 INFO     Batch: [14/120] Epoch: [0] Loss: [2.3019791920979817]
2019-04-07 21:01:49 INFO     Batch: [15/120] Epoch: [0] Loss: [2.300996169447899]
2019-04-07 21:01:49 INFO     Batch: [16/120] Epoch: [0] Loss: [2.3001404089086197]
2019-04-07 21:01:50 INFO     Batch: [17/120] Epoch: [0] Loss: [2.2995594607459173]
2019-04-07 21:01:50 INFO     Batch: [18/120] Epoch: [0] Loss: [2.2987293946115592]
2019-04-07 21:01:50 INFO     Batch: [19/120] Epoch: [0] Loss: [2.298266589641571]
2019-04-07 21:01:50 INFO     Batch: [20/120] Epoch: [0] Loss: [2.297277950105213]
2019-04-07 21:01:50 INFO     Batch: [21/120] Epoch: [0] Loss: [2.296530398455533]
2019-04-07 21:01:50 INFO     Batch: [22/120] Epoch: [0] Loss: [2.2958355882893438]
2019-04-07 21:01:51 INFO     Batch: [23/120] Epoch: [0] Loss: [2.2947445015112558]
2019-04-07 21:01:51 INFO     Batch: [24/120] Epoch: [0] Loss: [2.2940081405639647]
2019-04-07 21:01:51 INFO     Batch: [25/120] Epoch: [0] Loss: [2.2931821254583507]
2019-04-07 21:01:51 INFO     Batch: [26/120] Epoch: [0] Loss: [2.292557442629779]
2019-04-07 21:01:51 INFO     Batch: [27/120] Epoch: [0] Loss: [2.291691081864493]
2019-04-07 21:01:52 INFO     Batch: [28/120] Epoch: [0] Loss: [2.2911009048593454]
2019-04-07 21:01:52 INFO     Batch: [29/120] Epoch: [0] Loss: [2.29021524588267]
2019-04-07 21:01:52 INFO     Batch: [30/120] Epoch: [0] Loss: [2.289473395193777]
2019-04-07 21:01:52 INFO     Batch: [31/120] Epoch: [0] Loss: [2.2885334491729736]
2019-04-07 21:01:52 INFO     Batch: [32/120] Epoch: [0] Loss: [2.2878630739269834]
2019-04-07 21:01:53 INFO     Batch: [33/120] Epoch: [0] Loss: [2.287241248523488]
2019-04-07 21:01:53 INFO     Batch: [34/120] Epoch: [0] Loss: [2.286703307288034]
2019-04-07 21:01:53 INFO     Batch: [35/120] Epoch: [0] Loss: [2.28572146097819]
2019-04-07 21:01:53 INFO     Batch: [36/120] Epoch: [0] Loss: [2.284788383019937]
2019-04-07 21:01:53 INFO     Batch: [37/120] Epoch: [0] Loss: [2.2840521774793925]
2019-04-07 21:01:54 INFO     Batch: [38/120] Epoch: [0] Loss: [2.2833890670385117]
2019-04-07 21:01:54 INFO     Batch: [39/120] Epoch: [0] Loss: [2.282734978199005]
2019-04-07 21:01:54 INFO     Batch: [40/120] Epoch: [0] Loss: [2.281624049675174]
2019-04-07 21:01:54 INFO     Batch: [41/120] Epoch: [0] Loss: [2.2809013412112282]
2019-04-07 21:01:54 INFO     Batch: [42/120] Epoch: [0] Loss: [2.280255167983299]
2019-04-07 21:01:55 INFO     Batch: [43/120] Epoch: [0] Loss: [2.279526114463806]
2019-04-07 21:01:55 INFO     Batch: [44/120] Epoch: [0] Loss: [2.2786186324225532]
2019-04-07 21:01:55 INFO     Batch: [45/120] Epoch: [0] Loss: [2.2778461912403936]
2019-04-07 21:01:55 INFO     Batch: [46/120] Epoch: [0] Loss: [2.2771251049447567]
2019-04-07 21:01:55 INFO     Batch: [47/120] Epoch: [0] Loss: [2.2763179341952005]
2019-04-07 21:01:56 INFO     Batch: [48/120] Epoch: [0] Loss: [2.2752810059761512]
2019-04-07 21:01:56 INFO     Batch: [49/120] Epoch: [0] Loss: [2.2745670223236085]
2019-04-07 21:01:56 INFO     Batch: [50/120] Epoch: [0] Loss: [2.2740839088664337]
2019-04-07 21:01:56 INFO     Batch: [51/120] Epoch: [0] Loss: [2.2734384490893436]
2019-04-07 21:01:56 INFO     Batch: [52/120] Epoch: [0] Loss: [2.272697610675164]
2019-04-07 21:01:56 INFO     Batch: [53/120] Epoch: [0] Loss: [2.2721785174475775]
2019-04-07 21:01:57 INFO     Batch: [54/120] Epoch: [0] Loss: [2.271639663522894]
2019-04-07 21:01:57 INFO     Batch: [55/120] Epoch: [0] Loss: [2.270699773515974]
2019-04-07 21:01:57 INFO     Batch: [56/120] Epoch: [0] Loss: [2.2697888717316745]
2019-04-07 21:01:57 INFO     Batch: [57/120] Epoch: [0] Loss: [2.2691817735803537]
2019-04-07 21:01:57 INFO     Batch: [58/120] Epoch: [0] Loss: [2.268312838117955]
2019-04-07 21:01:58 INFO     Batch: [59/120] Epoch: [0] Loss: [2.267435415585836]
2019-04-07 21:01:58 INFO     Batch: [60/120] Epoch: [0] Loss: [2.266630278259027]
2019-04-07 21:01:58 INFO     Batch: [61/120] Epoch: [0] Loss: [2.2658467446604083]
2019-04-07 21:01:58 INFO     Batch: [62/120] Epoch: [0] Loss: [2.2651445146590943]
2019-04-07 21:01:58 INFO     Batch: [63/120] Epoch: [0] Loss: [2.264416132122278]
2019-04-07 21:01:59 INFO     Batch: [64/120] Epoch: [0] Loss: [2.2635457589076116]
2019-04-07 21:01:59 INFO     Batch: [65/120] Epoch: [0] Loss: [2.2629036903381348]
2019-04-07 21:01:59 INFO     Batch: [66/120] Epoch: [0] Loss: [2.262142035498548]
2019-04-07 21:01:59 INFO     Batch: [67/120] Epoch: [0] Loss: [2.2613583101945767]
2019-04-07 21:01:59 INFO     Batch: [68/120] Epoch: [0] Loss: [2.260563960973767]
2019-04-07 21:02:00 INFO     Batch: [69/120] Epoch: [0] Loss: [2.2596499136516024]
2019-04-07 21:02:00 INFO     Batch: [70/120] Epoch: [0] Loss: [2.2587132017377396]
2019-04-07 21:02:00 INFO     Batch: [71/120] Epoch: [0] Loss: [2.257777770360311]
2019-04-07 21:02:00 INFO     Batch: [72/120] Epoch: [0] Loss: [2.256881935955727]
2019-04-07 21:02:00 INFO     Batch: [73/120] Epoch: [0] Loss: [2.2562064480137183]
2019-04-07 21:02:01 INFO     Batch: [74/120] Epoch: [0] Loss: [2.2553156725565593]
2019-04-07 21:02:01 INFO     Batch: [75/120] Epoch: [0] Loss: [2.254368825962669]
2019-04-07 21:02:01 INFO     Batch: [76/120] Epoch: [0] Loss: [2.253508840288435]
2019-04-07 21:02:01 INFO     Batch: [77/120] Epoch: [0] Loss: [2.2527400255203247]
2019-04-07 21:02:01 INFO     Batch: [78/120] Epoch: [0] Loss: [2.2517522045328646]
2019-04-07 21:02:02 INFO     Batch: [79/120] Epoch: [0] Loss: [2.2510320872068403]
2019-04-07 21:02:02 INFO     Batch: [80/120] Epoch: [0] Loss: [2.2504506170013805]
2019-04-07 21:02:02 INFO     Batch: [81/120] Epoch: [0] Loss: [2.249768600231264]
2019-04-07 21:02:02 INFO     Batch: [82/120] Epoch: [0] Loss: [2.248926900955568]
2019-04-07 21:02:02 INFO     Batch: [83/120] Epoch: [0] Loss: [2.248119768642244]
2019-04-07 21:02:02 INFO     Batch: [84/120] Epoch: [0] Loss: [2.2471884475034827]
2019-04-07 21:02:03 INFO     Batch: [85/120] Epoch: [0] Loss: [2.246457119320714]
2019-04-07 21:02:03 INFO     Batch: [86/120] Epoch: [0] Loss: [2.2457025571801195]
2019-04-07 21:02:03 INFO     Batch: [87/120] Epoch: [0] Loss: [2.2449021231044424]
2019-04-07 21:02:03 INFO     Batch: [88/120] Epoch: [0] Loss: [2.2442402411042974]
2019-04-07 21:02:03 INFO     Batch: [89/120] Epoch: [0] Loss: [2.243244030740526]
2019-04-07 21:02:04 INFO     Batch: [90/120] Epoch: [0] Loss: [2.2425877209548113]
2019-04-07 21:02:04 INFO     Batch: [91/120] Epoch: [0] Loss: [2.241789610489555]
2019-04-07 21:02:04 INFO     Batch: [92/120] Epoch: [0] Loss: [2.240944149673626]
2019-04-07 21:02:04 INFO     Batch: [93/120] Epoch: [0] Loss: [2.2401415616907974]
2019-04-07 21:02:04 INFO     Batch: [94/120] Epoch: [0] Loss: [2.2392647316581327]
2019-04-07 21:02:05 INFO     Batch: [95/120] Epoch: [0] Loss: [2.238553449511528]
2019-04-07 21:02:05 INFO     Batch: [96/120] Epoch: [0] Loss: [2.237911821640644]
2019-04-07 21:02:05 INFO     Batch: [97/120] Epoch: [0] Loss: [2.2370716382046134]
2019-04-07 21:02:05 INFO     Batch: [98/120] Epoch: [0] Loss: [2.236100509913281]
2019-04-07 21:02:05 INFO     Batch: [99/120] Epoch: [0] Loss: [2.235408315658569]
2019-04-07 21:02:06 INFO     Batch: [100/120] Epoch: [0] Loss: [2.2346489712743476]
2019-04-07 21:02:06 INFO     Batch: [101/120] Epoch: [0] Loss: [2.233810824506423]
2019-04-07 21:02:06 INFO     Batch: [102/120] Epoch: [0] Loss: [2.2329574163677623]
2019-04-07 21:02:06 INFO     Batch: [103/120] Epoch: [0] Loss: [2.2321707743864794]
2019-04-07 21:02:06 INFO     Batch: [104/120] Epoch: [0] Loss: [2.231292990275792]
2019-04-07 21:02:07 INFO     Batch: [105/120] Epoch: [0] Loss: [2.2304387789852216]
2019-04-07 21:02:07 INFO     Batch: [106/120] Epoch: [0] Loss: [2.2294649743588173]
2019-04-07 21:02:07 INFO     Batch: [107/120] Epoch: [0] Loss: [2.22864509511877]
2019-04-07 21:02:07 INFO     Batch: [108/120] Epoch: [0] Loss: [2.2277293905205684]
2019-04-07 21:02:07 INFO     Batch: [109/120] Epoch: [0] Loss: [2.227079738270153]
2019-04-07 21:02:07 INFO     Batch: [110/120] Epoch: [0] Loss: [2.2262657891522655]
2019-04-07 21:02:08 INFO     Batch: [111/120] Epoch: [0] Loss: [2.2251830441611156]
2019-04-07 21:02:08 INFO     Batch: [112/120] Epoch: [0] Loss: [2.2242759835403576]
2019-04-07 21:02:08 INFO     Batch: [113/120] Epoch: [0] Loss: [2.223397842624731]
2019-04-07 21:02:08 INFO     Batch: [114/120] Epoch: [0] Loss: [2.2224802224532416]
2019-04-07 21:02:08 INFO     Batch: [115/120] Epoch: [0] Loss: [2.2215500864489326]
2019-04-07 21:02:09 INFO     Batch: [116/120] Epoch: [0] Loss: [2.2203916036165676]
2019-04-07 21:02:09 INFO     Batch: [117/120] Epoch: [0] Loss: [2.219621498705977]
2019-04-07 21:02:09 INFO     Batch: [118/120] Epoch: [0] Loss: [2.2186605689906274]
2019-04-07 21:02:09 INFO     Batch: [119/120] Epoch: [0] Loss: [2.2176949540774027]
2019-04-07 21:02:11 INFO     **************** Epoch: [0/250] Accuracy: [0.35490909090909084] ****************

2019-04-07 21:02:11 INFO     Batch: [0/120] Epoch: [1] Loss: [2.1317152976989746]
2019-04-07 21:02:11 INFO     Batch: [1/120] Epoch: [1] Loss: [2.1252570152282715]
2019-04-07 21:02:12 INFO     Batch: [2/120] Epoch: [1] Loss: [2.1191226641337075]
2019-04-07 21:02:12 INFO     Batch: [3/120] Epoch: [1] Loss: [2.1204304695129395]
2019-04-07 21:02:12 INFO     Batch: [4/120] Epoch: [1] Loss: [2.1188979625701903]
2019-04-07 21:02:12 INFO     Batch: [5/120] Epoch: [1] Loss: [2.1185173988342285]
2019-04-07 21:02:12 INFO     Batch: [6/120] Epoch: [1] Loss: [2.117743560246059]
2019-04-07 21:02:13 INFO     Batch: [7/120] Epoch: [1] Loss: [2.1168962121009827]
2019-04-07 21:02:13 INFO     Batch: [8/120] Epoch: [1] Loss: [2.1150986353556314]
2019-04-07 21:02:13 INFO     Batch: [9/120] Epoch: [1] Loss: [2.113422679901123]
2019-04-07 21:02:13 INFO     Batch: [10/120] Epoch: [1] Loss: [2.1126100583509966]
2019-04-07 21:02:13 INFO     Batch: [11/120] Epoch: [1] Loss: [2.1119266947110495]
2019-04-07 21:02:13 INFO     Batch: [12/120] Epoch: [1] Loss: [2.1096879702347975]
2019-04-07 21:02:14 INFO     Batch: [13/120] Epoch: [1] Loss: [2.1087733677455356]
2019-04-07 21:02:14 INFO     Batch: [14/120] Epoch: [1] Loss: [2.107723077138265]
2019-04-07 21:02:14 INFO     Batch: [15/120] Epoch: [1] Loss: [2.1062846332788467]
2019-04-07 21:02:14 INFO     Batch: [16/120] Epoch: [1] Loss: [2.105433968936696]
2019-04-07 21:02:14 INFO     Batch: [17/120] Epoch: [1] Loss: [2.105003661579556]
2019-04-07 21:02:15 INFO     Batch: [18/120] Epoch: [1] Loss: [2.1048928060029684]
2019-04-07 21:02:15 INFO     Batch: [19/120] Epoch: [1] Loss: [2.1024800062179567]
2019-04-07 21:02:15 INFO     Batch: [20/120] Epoch: [1] Loss: [2.1012061777568998]
2019-04-07 21:02:15 INFO     Batch: [21/120] Epoch: [1] Loss: [2.1003694209185513]
2019-04-07 21:02:15 INFO     Batch: [22/120] Epoch: [1] Loss: [2.09956663587819]
2019-04-07 21:02:16 INFO     Batch: [23/120] Epoch: [1] Loss: [2.0990675389766693]
2019-04-07 21:02:16 INFO     Batch: [24/120] Epoch: [1] Loss: [2.0973637771606444]
2019-04-07 21:02:16 INFO     Batch: [25/120] Epoch: [1] Loss: [2.096371916624216]
2019-04-07 21:02:16 INFO     Batch: [26/120] Epoch: [1] Loss: [2.0961476961771646]
2019-04-07 21:02:16 INFO     Batch: [27/120] Epoch: [1] Loss: [2.0960752964019775]
2019-04-07 21:02:17 INFO     Batch: [28/120] Epoch: [1] Loss: [2.0948094663948846]
2019-04-07 21:02:17 INFO     Batch: [29/120] Epoch: [1] Loss: [2.093440810839335]
2019-04-07 21:02:17 INFO     Batch: [30/120] Epoch: [1] Loss: [2.092366656949443]
2019-04-07 21:02:17 INFO     Batch: [31/120] Epoch: [1] Loss: [2.0914134308695793]
2019-04-07 21:02:17 INFO     Batch: [32/120] Epoch: [1] Loss: [2.090374310811361]
2019-04-07 21:02:18 INFO     Batch: [33/120] Epoch: [1] Loss: [2.0897091276505413]
2019-04-07 21:02:18 INFO     Batch: [34/120] Epoch: [1] Loss: [2.088444069453648]
2019-04-07 21:02:18 INFO     Batch: [35/120] Epoch: [1] Loss: [2.087516870763567]
2019-04-07 21:02:18 INFO     Batch: [36/120] Epoch: [1] Loss: [2.0857218729483114]
2019-04-07 21:02:18 INFO     Batch: [37/120] Epoch: [1] Loss: [2.08492784751089]
2019-04-07 21:02:19 INFO     Batch: [38/120] Epoch: [1] Loss: [2.0841848177787585]
2019-04-07 21:02:19 INFO     Batch: [39/120] Epoch: [1] Loss: [2.0833092629909515]
2019-04-07 21:02:19 INFO     Batch: [40/120] Epoch: [1] Loss: [2.082294499001852]
2019-04-07 21:02:19 INFO     Batch: [41/120] Epoch: [1] Loss: [2.0811098984309604]
2019-04-07 21:02:19 INFO     Batch: [42/120] Epoch: [1] Loss: [2.0797001262043797]
2019-04-07 21:02:19 INFO     Batch: [43/120] Epoch: [1] Loss: [2.0786668983372776]
2019-04-07 21:02:20 INFO     Batch: [44/120] Epoch: [1] Loss: [2.0774010976155597]
2019-04-07 21:02:20 INFO     Batch: [45/120] Epoch: [1] Loss: [2.0765073973199595]
2019-04-07 21:02:20 INFO     Batch: [46/120] Epoch: [1] Loss: [2.075939569067448]
2019-04-07 21:02:20 INFO     Batch: [47/120] Epoch: [1] Loss: [2.0746504863103232]
2019-04-07 21:02:20 INFO     Batch: [48/120] Epoch: [1] Loss: [2.072957362447466]
2019-04-07 21:02:21 INFO     Batch: [49/120] Epoch: [1] Loss: [2.071700575351715]
2019-04-07 21:02:21 INFO     Batch: [50/120] Epoch: [1] Loss: [2.070754469609728]
2019-04-07 21:02:21 INFO     Batch: [51/120] Epoch: [1] Loss: [2.0694266764017253]
2019-04-07 21:02:21 INFO     Batch: [52/120] Epoch: [1] Loss: [2.0683570380480782]
2019-04-07 21:02:21 INFO     Batch: [53/120] Epoch: [1] Loss: [2.0677252102781227]
2019-04-07 21:02:22 INFO     Batch: [54/120] Epoch: [1] Loss: [2.0667413126338614]
2019-04-07 21:02:22 INFO     Batch: [55/120] Epoch: [1] Loss: [2.06585416836398]
2019-04-07 21:02:22 INFO     Batch: [56/120] Epoch: [1] Loss: [2.0652645157094587]
2019-04-07 21:02:22 INFO     Batch: [57/120] Epoch: [1] Loss: [2.064423086314366]
2019-04-07 21:02:22 INFO     Batch: [58/120] Epoch: [1] Loss: [2.0634593013989724]
2019-04-07 21:02:23 INFO     Batch: [59/120] Epoch: [1] Loss: [2.0628308673699696]
2019-04-07 21:02:23 INFO     Batch: [60/120] Epoch: [1] Loss: [2.0622342316830746]
2019-04-07 21:02:23 INFO     Batch: [61/120] Epoch: [1] Loss: [2.0615348796690665]
2019-04-07 21:02:23 INFO     Batch: [62/120] Epoch: [1] Loss: [2.060396877546159]
2019-04-07 21:02:23 INFO     Batch: [63/120] Epoch: [1] Loss: [2.059253493323922]
2019-04-07 21:02:24 INFO     Batch: [64/120] Epoch: [1] Loss: [2.0584442413770234]
2019-04-07 21:02:24 INFO     Batch: [65/120] Epoch: [1] Loss: [2.0579901987856086]
2019-04-07 21:02:24 INFO     Batch: [66/120] Epoch: [1] Loss: [2.05676898137847]
2019-04-07 21:02:24 INFO     Batch: [67/120] Epoch: [1] Loss: [2.055628071813022]
2019-04-07 21:02:24 INFO     Batch: [68/120] Epoch: [1] Loss: [2.054461525834125]
2019-04-07 21:02:25 INFO     Batch: [69/120] Epoch: [1] Loss: [2.0538152030536105]
2019-04-07 21:02:25 INFO     Batch: [70/120] Epoch: [1] Loss: [2.052996925904717]
2019-04-07 21:02:25 INFO     Batch: [71/120] Epoch: [1] Loss: [2.0519684420691595]
2019-04-07 21:02:25 INFO     Batch: [72/120] Epoch: [1] Loss: [2.0509601063924294]
2019-04-07 21:02:25 INFO     Batch: [73/120] Epoch: [1] Loss: [2.050163868311289]
2019-04-07 21:02:25 INFO     Batch: [74/120] Epoch: [1] Loss: [2.048981235822042]
2019-04-07 21:02:26 INFO     Batch: [75/120] Epoch: [1] Loss: [2.0481603569106053]
2019-04-07 21:02:26 INFO     Batch: [76/120] Epoch: [1] Loss: [2.0471485977048998]
2019-04-07 21:02:26 INFO     Batch: [77/120] Epoch: [1] Loss: [2.0462165031677637]
2019-04-07 21:02:26 INFO     Batch: [78/120] Epoch: [1] Loss: [2.045145208322549]
2019-04-07 21:02:26 INFO     Batch: [79/120] Epoch: [1] Loss: [2.0439902275800703]
2019-04-07 21:02:27 INFO     Batch: [80/120] Epoch: [1] Loss: [2.0432755829375466]
2019-04-07 21:02:27 INFO     Batch: [81/120] Epoch: [1] Loss: [2.04201368587773]
2019-04-07 21:02:27 INFO     Batch: [82/120] Epoch: [1] Loss: [2.0406094071376755]
2019-04-07 21:02:27 INFO     Batch: [83/120] Epoch: [1] Loss: [2.039701363870076]
2019-04-07 21:02:27 INFO     Batch: [84/120] Epoch: [1] Loss: [2.0385581254959106]
2019-04-07 21:02:28 INFO     Batch: [85/120] Epoch: [1] Loss: [2.0375039175499317]
2019-04-07 21:02:28 INFO     Batch: [86/120] Epoch: [1] Loss: [2.0368195895490975]
2019-04-07 21:02:28 INFO     Batch: [87/120] Epoch: [1] Loss: [2.0353442660786887]
2019-04-07 21:02:28 INFO     Batch: [88/120] Epoch: [1] Loss: [2.034686412704125]
2019-04-07 21:02:28 INFO     Batch: [89/120] Epoch: [1] Loss: [2.033675719632043]
2019-04-07 21:02:29 INFO     Batch: [90/120] Epoch: [1] Loss: [2.032659859447689]
2019-04-07 21:02:29 INFO     Batch: [91/120] Epoch: [1] Loss: [2.0314850237058555]
2019-04-07 21:02:29 INFO     Batch: [92/120] Epoch: [1] Loss: [2.0303169155633576]
2019-04-07 21:02:29 INFO     Batch: [93/120] Epoch: [1] Loss: [2.029386818408966]
2019-04-07 21:02:29 INFO     Batch: [94/120] Epoch: [1] Loss: [2.028428716408579]
2019-04-07 21:02:30 INFO     Batch: [95/120] Epoch: [1] Loss: [2.027386475354433]
2019-04-07 21:02:30 INFO     Batch: [96/120] Epoch: [1] Loss: [2.0262997371634257]
2019-04-07 21:02:30 INFO     Batch: [97/120] Epoch: [1] Loss: [2.0251321549318275]
2019-04-07 21:02:30 INFO     Batch: [98/120] Epoch: [1] Loss: [2.024081608261725]
2019-04-07 21:02:30 INFO     Batch: [99/120] Epoch: [1] Loss: [2.0229281723499297]
2019-04-07 21:02:31 INFO     Batch: [100/120] Epoch: [1] Loss: [2.021976095615047]
2019-04-07 21:02:31 INFO     Batch: [101/120] Epoch: [1] Loss: [2.0206115876927093]
2019-04-07 21:02:31 INFO     Batch: [102/120] Epoch: [1] Loss: [2.0197876738113107]
2019-04-07 21:02:31 INFO     Batch: [103/120] Epoch: [1] Loss: [2.019301346861399]
2019-04-07 21:02:31 INFO     Batch: [104/120] Epoch: [1] Loss: [2.018460898172288]
2019-04-07 21:02:31 INFO     Batch: [105/120] Epoch: [1] Loss: [2.017974058412156]
2019-04-07 21:02:32 INFO     Batch: [106/120] Epoch: [1] Loss: [2.017289097064009]
2019-04-07 21:02:32 INFO     Batch: [107/120] Epoch: [1] Loss: [2.0164276880246623]
2019-04-07 21:02:32 INFO     Batch: [108/120] Epoch: [1] Loss: [2.015775509930532]
2019-04-07 21:02:32 INFO     Batch: [109/120] Epoch: [1] Loss: [2.0145072601058267]
2019-04-07 21:02:32 INFO     Batch: [110/120] Epoch: [1] Loss: [2.0137821725896887]
2019-04-07 21:02:33 INFO     Batch: [111/120] Epoch: [1] Loss: [2.0123113798243657]
2019-04-07 21:02:33 INFO     Batch: [112/120] Epoch: [1] Loss: [2.011282034679852]
2019-04-07 21:02:33 INFO     Batch: [113/120] Epoch: [1] Loss: [2.0099795011051915]
2019-04-07 21:02:33 INFO     Batch: [114/120] Epoch: [1] Loss: [2.008906738654427]
2019-04-07 21:02:33 INFO     Batch: [115/120] Epoch: [1] Loss: [2.008538060147187]
2019-04-07 21:02:34 INFO     Batch: [116/120] Epoch: [1] Loss: [2.007617713039757]
2019-04-07 21:02:34 INFO     Batch: [117/120] Epoch: [1] Loss: [2.0064983701301835]
2019-04-07 21:02:34 INFO     Batch: [118/120] Epoch: [1] Loss: [2.005781316957554]
2019-04-07 21:02:34 INFO     Batch: [119/120] Epoch: [1] Loss: [2.004837695757548]
2019-04-07 21:02:36 INFO     **************** Epoch: [1/250] Accuracy: [0.38163636363636366] ****************

2019-04-07 21:02:36 INFO     Batch: [0/120] Epoch: [2] Loss: [1.9342142343521118]
2019-04-07 21:02:36 INFO     Batch: [1/120] Epoch: [2] Loss: [1.913167655467987]
2019-04-07 21:02:36 INFO     Batch: [2/120] Epoch: [2] Loss: [1.8989758888880413]
2019-04-07 21:02:37 INFO     Batch: [3/120] Epoch: [2] Loss: [1.898980587720871]
2019-04-07 21:02:37 INFO     Batch: [4/120] Epoch: [2] Loss: [1.8941556930541992]
2019-04-07 21:02:37 INFO     Batch: [5/120] Epoch: [2] Loss: [1.8957387606302898]
2019-04-07 21:02:37 INFO     Batch: [6/120] Epoch: [2] Loss: [1.8931593894958496]
2019-04-07 21:02:37 INFO     Batch: [7/120] Epoch: [2] Loss: [1.8894921690225601]
2019-04-07 21:02:38 INFO     Batch: [8/120] Epoch: [2] Loss: [1.8877586258782282]
2019-04-07 21:02:38 INFO     Batch: [9/120] Epoch: [2] Loss: [1.8887189149856567]
2019-04-07 21:02:38 INFO     Batch: [10/120] Epoch: [2] Loss: [1.8876966779882258]
2019-04-07 21:02:38 INFO     Batch: [11/120] Epoch: [2] Loss: [1.889898548523585]
2019-04-07 21:02:38 INFO     Batch: [12/120] Epoch: [2] Loss: [1.8938249899790838]
2019-04-07 21:02:39 INFO     Batch: [13/120] Epoch: [2] Loss: [1.8964297430855888]
2019-04-07 21:02:39 INFO     Batch: [14/120] Epoch: [2] Loss: [1.894315528869629]
2019-04-07 21:02:39 INFO     Batch: [15/120] Epoch: [2] Loss: [1.891399048268795]
2019-04-07 21:02:39 INFO     Batch: [16/120] Epoch: [2] Loss: [1.8887559876722448]
2019-04-07 21:02:39 INFO     Batch: [17/120] Epoch: [2] Loss: [1.8856463233629863]
2019-04-07 21:02:40 INFO     Batch: [18/120] Epoch: [2] Loss: [1.8842699025806628]
2019-04-07 21:02:40 INFO     Batch: [19/120] Epoch: [2] Loss: [1.8818415403366089]
2019-04-07 21:02:40 INFO     Batch: [20/120] Epoch: [2] Loss: [1.882275933311099]
2019-04-07 21:02:40 INFO     Batch: [21/120] Epoch: [2] Loss: [1.8801588416099548]
2019-04-07 21:02:40 INFO     Batch: [22/120] Epoch: [2] Loss: [1.8800866759341697]
2019-04-07 21:02:41 INFO     Batch: [23/120] Epoch: [2] Loss: [1.877812698483467]
2019-04-07 21:02:41 INFO     Batch: [24/120] Epoch: [2] Loss: [1.8755109691619873]
2019-04-07 21:02:41 INFO     Batch: [25/120] Epoch: [2] Loss: [1.8749277179057782]
2019-04-07 21:02:41 INFO     Batch: [26/120] Epoch: [2] Loss: [1.8746617370181613]
2019-04-07 21:02:41 INFO     Batch: [27/120] Epoch: [2] Loss: [1.8716319756848472]
2019-04-07 21:02:42 INFO     Batch: [28/120] Epoch: [2] Loss: [1.8712897629573428]
2019-04-07 21:02:42 INFO     Batch: [29/120] Epoch: [2] Loss: [1.8706579089164734]
2019-04-07 21:02:42 INFO     Batch: [30/120] Epoch: [2] Loss: [1.8707258547506025]
2019-04-07 21:02:42 INFO     Batch: [31/120] Epoch: [2] Loss: [1.8675117082893848]
2019-04-07 21:02:42 INFO     Batch: [32/120] Epoch: [2] Loss: [1.8680365771958323]
2019-04-07 21:02:43 INFO     Batch: [33/120] Epoch: [2] Loss: [1.8676751571543075]
2019-04-07 21:02:43 INFO     Batch: [34/120] Epoch: [2] Loss: [1.8672003030776978]
2019-04-07 21:02:43 INFO     Batch: [35/120] Epoch: [2] Loss: [1.8645804988013372]
2019-04-07 21:02:43 INFO     Batch: [36/120] Epoch: [2] Loss: [1.865277502987836]
2019-04-07 21:02:43 INFO     Batch: [37/120] Epoch: [2] Loss: [1.86546234080666]
2019-04-07 21:02:43 INFO     Batch: [38/120] Epoch: [2] Loss: [1.8644289603600135]
2019-04-07 21:02:44 INFO     Batch: [39/120] Epoch: [2] Loss: [1.864791315793991]
2019-04-07 21:02:44 INFO     Batch: [40/120] Epoch: [2] Loss: [1.8635377883911133]
2019-04-07 21:02:44 INFO     Batch: [41/120] Epoch: [2] Loss: [1.8635701877730233]
2019-04-07 21:02:44 INFO     Batch: [42/120] Epoch: [2] Loss: [1.8628218146257622]
2019-04-07 21:02:44 INFO     Batch: [43/120] Epoch: [2] Loss: [1.862386478619142]
2019-04-07 21:02:45 INFO     Batch: [44/120] Epoch: [2] Loss: [1.8629611094792684]
2019-04-07 21:02:45 INFO     Batch: [45/120] Epoch: [2] Loss: [1.862863354060961]
2019-04-07 21:02:45 INFO     Batch: [46/120] Epoch: [2] Loss: [1.8623229265213013]
2019-04-07 21:02:45 INFO     Batch: [47/120] Epoch: [2] Loss: [1.861850159863631]
2019-04-07 21:02:45 INFO     Batch: [48/120] Epoch: [2] Loss: [1.8631468792350925]
2019-04-07 21:02:46 INFO     Batch: [49/120] Epoch: [2] Loss: [1.862010519504547]
2019-04-07 21:02:46 INFO     Batch: [50/120] Epoch: [2] Loss: [1.8600072323107253]
2019-04-07 21:02:46 INFO     Batch: [51/120] Epoch: [2] Loss: [1.8591180329139416]
2019-04-07 21:02:46 INFO     Batch: [52/120] Epoch: [2] Loss: [1.8581246519988437]
2019-04-07 21:02:46 INFO     Batch: [53/120] Epoch: [2] Loss: [1.8560196823543973]
2019-04-07 21:02:47 INFO     Batch: [54/120] Epoch: [2] Loss: [1.8554059938950973]
2019-04-07 21:02:47 INFO     Batch: [55/120] Epoch: [2] Loss: [1.8545179899249757]
2019-04-07 21:02:47 INFO     Batch: [56/120] Epoch: [2] Loss: [1.8532294453236096]
2019-04-07 21:02:47 INFO     Batch: [57/120] Epoch: [2] Loss: [1.85208477028485]
2019-04-07 21:02:47 INFO     Batch: [58/120] Epoch: [2] Loss: [1.8512299404305927]
2019-04-07 21:02:48 INFO     Batch: [59/120] Epoch: [2] Loss: [1.8495402097702027]
2019-04-07 21:02:48 INFO     Batch: [60/120] Epoch: [2] Loss: [1.848300726687322]
2019-04-07 21:02:48 INFO     Batch: [61/120] Epoch: [2] Loss: [1.8471961309832912]
2019-04-07 21:02:48 INFO     Batch: [62/120] Epoch: [2] Loss: [1.8460722291280354]
2019-04-07 21:02:48 INFO     Batch: [63/120] Epoch: [2] Loss: [1.8467279896140099]
2019-04-07 21:02:49 INFO     Batch: [64/120] Epoch: [2] Loss: [1.8459229872776912]
2019-04-07 21:02:49 INFO     Batch: [65/120] Epoch: [2] Loss: [1.8450025085246924]
2019-04-07 21:02:49 INFO     Batch: [66/120] Epoch: [2] Loss: [1.8445566376643394]
2019-04-07 21:02:49 INFO     Batch: [67/120] Epoch: [2] Loss: [1.8443906780551462]
2019-04-07 21:02:49 INFO     Batch: [68/120] Epoch: [2] Loss: [1.8444235152092532]
2019-04-07 21:02:49 INFO     Batch: [69/120] Epoch: [2] Loss: [1.8442083307674952]
2019-04-07 21:02:50 INFO     Batch: [70/120] Epoch: [2] Loss: [1.8443120348621422]
2019-04-07 21:02:50 INFO     Batch: [71/120] Epoch: [2] Loss: [1.8429148114389844]
2019-04-07 21:02:50 INFO     Batch: [72/120] Epoch: [2] Loss: [1.8416128681130606]
2019-04-07 21:02:50 INFO     Batch: [73/120] Epoch: [2] Loss: [1.8416194690240395]
2019-04-07 21:02:50 INFO     Batch: [74/120] Epoch: [2] Loss: [1.8407281192143758]
2019-04-07 21:02:51 INFO     Batch: [75/120] Epoch: [2] Loss: [1.8396500160819607]
2019-04-07 21:02:51 INFO     Batch: [76/120] Epoch: [2] Loss: [1.8397470526881032]
2019-04-07 21:02:51 INFO     Batch: [77/120] Epoch: [2] Loss: [1.8381694295467474]
2019-04-07 21:02:51 INFO     Batch: [78/120] Epoch: [2] Loss: [1.8371431178684476]
2019-04-07 21:02:51 INFO     Batch: [79/120] Epoch: [2] Loss: [1.835801799595356]
2019-04-07 21:02:52 INFO     Batch: [80/120] Epoch: [2] Loss: [1.8354105964119052]
2019-04-07 21:02:52 INFO     Batch: [81/120] Epoch: [2] Loss: [1.8345310688018799]
2019-04-07 21:02:52 INFO     Batch: [82/120] Epoch: [2] Loss: [1.8333857088203889]
2019-04-07 21:02:52 INFO     Batch: [83/120] Epoch: [2] Loss: [1.8326387987250374]
2019-04-07 21:02:52 INFO     Batch: [84/120] Epoch: [2] Loss: [1.8319717477349673]
2019-04-07 21:02:53 INFO     Batch: [85/120] Epoch: [2] Loss: [1.8312756668689638]
2019-04-07 21:02:53 INFO     Batch: [86/120] Epoch: [2] Loss: [1.830591112717815]
2019-04-07 21:02:53 INFO     Batch: [87/120] Epoch: [2] Loss: [1.829762720248916]
2019-04-07 21:02:53 INFO     Batch: [88/120] Epoch: [2] Loss: [1.8286303362149872]
2019-04-07 21:02:53 INFO     Batch: [89/120] Epoch: [2] Loss: [1.8277033421728346]
2019-04-07 21:02:54 INFO     Batch: [90/120] Epoch: [2] Loss: [1.8263139842630742]
2019-04-07 21:02:54 INFO     Batch: [91/120] Epoch: [2] Loss: [1.8257256059542946]
2019-04-07 21:02:54 INFO     Batch: [92/120] Epoch: [2] Loss: [1.8251211374036727]
2019-04-07 21:02:54 INFO     Batch: [93/120] Epoch: [2] Loss: [1.8240183744024723]
2019-04-07 21:02:54 INFO     Batch: [94/120] Epoch: [2] Loss: [1.8236717901731792]
2019-04-07 21:02:55 INFO     Batch: [95/120] Epoch: [2] Loss: [1.8232130445539951]
2019-04-07 21:02:55 INFO     Batch: [96/120] Epoch: [2] Loss: [1.8220997446591092]
2019-04-07 21:02:55 INFO     Batch: [97/120] Epoch: [2] Loss: [1.8219808084624154]
2019-04-07 21:02:55 INFO     Batch: [98/120] Epoch: [2] Loss: [1.8216412151702728]
2019-04-07 21:02:55 INFO     Batch: [99/120] Epoch: [2] Loss: [1.8216660451889037]
2019-04-07 21:02:56 INFO     Batch: [100/120] Epoch: [2] Loss: [1.8202366191561858]
2019-04-07 21:02:56 INFO     Batch: [101/120] Epoch: [2] Loss: [1.8198067019967472]
2019-04-07 21:02:56 INFO     Batch: [102/120] Epoch: [2] Loss: [1.8191633756878307]
2019-04-07 21:02:56 INFO     Batch: [103/120] Epoch: [2] Loss: [1.8184499110166843]
2019-04-07 21:02:56 INFO     Batch: [104/120] Epoch: [2] Loss: [1.818444653919765]
2019-04-07 21:02:56 INFO     Batch: [105/120] Epoch: [2] Loss: [1.8181534859369386]
2019-04-07 21:02:57 INFO     Batch: [106/120] Epoch: [2] Loss: [1.8176134980727578]
2019-04-07 21:02:57 INFO     Batch: [107/120] Epoch: [2] Loss: [1.8172052557821627]
2019-04-07 21:02:57 INFO     Batch: [108/120] Epoch: [2] Loss: [1.8159300329488353]
2019-04-07 21:02:57 INFO     Batch: [109/120] Epoch: [2] Loss: [1.8154805920340797]
2019-04-07 21:02:57 INFO     Batch: [110/120] Epoch: [2] Loss: [1.8145076745265238]
2019-04-07 21:02:58 INFO     Batch: [111/120] Epoch: [2] Loss: [1.8138252571225166]
2019-04-07 21:02:58 INFO     Batch: [112/120] Epoch: [2] Loss: [1.8125131531099303]
2019-04-07 21:02:58 INFO     Batch: [113/120] Epoch: [2] Loss: [1.8117756906308626]
2019-04-07 21:02:58 INFO     Batch: [114/120] Epoch: [2] Loss: [1.8112717307132222]
2019-04-07 21:02:58 INFO     Batch: [115/120] Epoch: [2] Loss: [1.8107970048641335]
2019-04-07 21:02:59 INFO     Batch: [116/120] Epoch: [2] Loss: [1.8106432511256292]
2019-04-07 21:02:59 INFO     Batch: [117/120] Epoch: [2] Loss: [1.8097824070413233]
2019-04-07 21:02:59 INFO     Batch: [118/120] Epoch: [2] Loss: [1.8091868292383786]
2019-04-07 21:02:59 INFO     Batch: [119/120] Epoch: [2] Loss: [1.8079489876826604]
2019-04-07 21:03:01 INFO     **************** Epoch: [2/250] Accuracy: [0.39290909090909093] ****************

2019-04-07 21:03:01 INFO     Batch: [0/120] Epoch: [3] Loss: [1.7263017892837524]
2019-04-07 21:03:01 INFO     Batch: [1/120] Epoch: [3] Loss: [1.7432788610458374]
2019-04-07 21:03:02 INFO     Batch: [2/120] Epoch: [3] Loss: [1.7174835999806721]
2019-04-07 21:03:02 INFO     Batch: [3/120] Epoch: [3] Loss: [1.7006138861179352]
2019-04-07 21:03:02 INFO     Batch: [4/120] Epoch: [3] Loss: [1.6990052223205567]
2019-04-07 21:03:02 INFO     Batch: [5/120] Epoch: [3] Loss: [1.6952504913012187]
2019-04-07 21:03:02 INFO     Batch: [6/120] Epoch: [3] Loss: [1.705190896987915]
2019-04-07 21:03:02 INFO     Batch: [7/120] Epoch: [3] Loss: [1.7148272097110748]
2019-04-07 21:03:03 INFO     Batch: [8/120] Epoch: [3] Loss: [1.7201529873741999]
2019-04-07 21:03:03 INFO     Batch: [9/120] Epoch: [3] Loss: [1.7212179899215698]
2019-04-07 21:03:03 INFO     Batch: [10/120] Epoch: [3] Loss: [1.7247423800555142]
2019-04-07 21:03:03 INFO     Batch: [11/120] Epoch: [3] Loss: [1.7243246833483379]
2019-04-07 21:03:03 INFO     Batch: [12/120] Epoch: [3] Loss: [1.72596380343804]
2019-04-07 21:03:04 INFO     Batch: [13/120] Epoch: [3] Loss: [1.730763418333871]
2019-04-07 21:03:04 INFO     Batch: [14/120] Epoch: [3] Loss: [1.7306917905807495]
2019-04-07 21:03:04 INFO     Batch: [15/120] Epoch: [3] Loss: [1.7263175547122955]
2019-04-07 21:03:04 INFO     Batch: [16/120] Epoch: [3] Loss: [1.7224009037017822]
2019-04-07 21:03:04 INFO     Batch: [17/120] Epoch: [3] Loss: [1.7192778256204393]
2019-04-07 21:03:05 INFO     Batch: [18/120] Epoch: [3] Loss: [1.718865532624094]
2019-04-07 21:03:05 INFO     Batch: [19/120] Epoch: [3] Loss: [1.7174022495746613]
2019-04-07 21:03:05 INFO     Batch: [20/120] Epoch: [3] Loss: [1.716493810926165]
2019-04-07 21:03:05 INFO     Batch: [21/120] Epoch: [3] Loss: [1.7122943238778547]
2019-04-07 21:03:05 INFO     Batch: [22/120] Epoch: [3] Loss: [1.7096242127211199]
2019-04-07 21:03:06 INFO     Batch: [23/120] Epoch: [3] Loss: [1.70791199306647]
2019-04-07 21:03:06 INFO     Batch: [24/120] Epoch: [3] Loss: [1.7047964906692505]
2019-04-07 21:03:06 INFO     Batch: [25/120] Epoch: [3] Loss: [1.7066781520843506]
2019-04-07 21:03:06 INFO     Batch: [26/120] Epoch: [3] Loss: [1.7064506301173457]
2019-04-07 21:03:06 INFO     Batch: [27/120] Epoch: [3] Loss: [1.7062918373516627]
2019-04-07 21:03:07 INFO     Batch: [28/120] Epoch: [3] Loss: [1.7052796256953273]
2019-04-07 21:03:07 INFO     Batch: [29/120] Epoch: [3] Loss: [1.70566246509552]
2019-04-07 21:03:07 INFO     Batch: [30/120] Epoch: [3] Loss: [1.7042396183936828]
2019-04-07 21:03:07 INFO     Batch: [31/120] Epoch: [3] Loss: [1.7031425759196281]
2019-04-07 21:03:07 INFO     Batch: [32/120] Epoch: [3] Loss: [1.7031981872789788]
2019-04-07 21:03:08 INFO     Batch: [33/120] Epoch: [3] Loss: [1.703763625201057]
2019-04-07 21:03:08 INFO     Batch: [34/120] Epoch: [3] Loss: [1.7040926694869996]
2019-04-07 21:03:08 INFO     Batch: [35/120] Epoch: [3] Loss: [1.7028234038088057]
2019-04-07 21:03:08 INFO     Batch: [36/120] Epoch: [3] Loss: [1.7014091691455326]
2019-04-07 21:03:08 INFO     Batch: [37/120] Epoch: [3] Loss: [1.7015999241879112]
2019-04-07 21:03:09 INFO     Batch: [38/120] Epoch: [3] Loss: [1.7017406928233612]
2019-04-07 21:03:09 INFO     Batch: [39/120] Epoch: [3] Loss: [1.7021116614341736]
2019-04-07 21:03:09 INFO     Batch: [40/120] Epoch: [3] Loss: [1.7021582359220924]
2019-04-07 21:03:09 INFO     Batch: [41/120] Epoch: [3] Loss: [1.701640886919839]
2019-04-07 21:03:09 INFO     Batch: [42/120] Epoch: [3] Loss: [1.6996417239654895]
2019-04-07 21:03:09 INFO     Batch: [43/120] Epoch: [3] Loss: [1.6980684751814061]
2019-04-07 21:03:10 INFO     Batch: [44/120] Epoch: [3] Loss: [1.698212578561571]
2019-04-07 21:03:10 INFO     Batch: [45/120] Epoch: [3] Loss: [1.6972115895022517]
2019-04-07 21:03:10 INFO     Batch: [46/120] Epoch: [3] Loss: [1.6968430280685425]
2019-04-07 21:03:10 INFO     Batch: [47/120] Epoch: [3] Loss: [1.6954388941327732]
2019-04-07 21:03:10 INFO     Batch: [48/120] Epoch: [3] Loss: [1.694843163295668]
2019-04-07 21:03:11 INFO     Batch: [49/120] Epoch: [3] Loss: [1.6940089464187622]
2019-04-07 21:03:11 INFO     Batch: [50/120] Epoch: [3] Loss: [1.693993189755608]
2019-04-07 21:03:11 INFO     Batch: [51/120] Epoch: [3] Loss: [1.6936653829537904]
2019-04-07 21:03:11 INFO     Batch: [52/120] Epoch: [3] Loss: [1.6939267999721024]
2019-04-07 21:03:11 INFO     Batch: [53/120] Epoch: [3] Loss: [1.6935676336288452]
2019-04-07 21:03:12 INFO     Batch: [54/120] Epoch: [3] Loss: [1.6923951279033314]
2019-04-07 21:03:12 INFO     Batch: [55/120] Epoch: [3] Loss: [1.6919958059276854]
2019-04-07 21:03:12 INFO     Batch: [56/120] Epoch: [3] Loss: [1.6907525564494885]
2019-04-07 21:03:12 INFO     Batch: [57/120] Epoch: [3] Loss: [1.69019622021708]
2019-04-07 21:03:12 INFO     Batch: [58/120] Epoch: [3] Loss: [1.6894963009882782]
2019-04-07 21:03:13 INFO     Batch: [59/120] Epoch: [3] Loss: [1.689023925860723]
2019-04-07 21:03:13 INFO     Batch: [60/120] Epoch: [3] Loss: [1.687962854494814]
2019-04-07 21:03:13 INFO     Batch: [61/120] Epoch: [3] Loss: [1.687622327958384]
2019-04-07 21:03:13 INFO     Batch: [62/120] Epoch: [3] Loss: [1.6878258917066786]
2019-04-07 21:03:13 INFO     Batch: [63/120] Epoch: [3] Loss: [1.686627745628357]
2019-04-07 21:03:14 INFO     Batch: [64/120] Epoch: [3] Loss: [1.6856737265220054]
2019-04-07 21:03:14 INFO     Batch: [65/120] Epoch: [3] Loss: [1.6861766305836765]
2019-04-07 21:03:14 INFO     Batch: [66/120] Epoch: [3] Loss: [1.6840171386946494]
2019-04-07 21:03:14 INFO     Batch: [67/120] Epoch: [3] Loss: [1.6840467996457045]
2019-04-07 21:03:14 INFO     Batch: [68/120] Epoch: [3] Loss: [1.6835347448570142]
2019-04-07 21:03:15 INFO     Batch: [69/120] Epoch: [3] Loss: [1.683774220943451]
2019-04-07 21:03:15 INFO     Batch: [70/120] Epoch: [3] Loss: [1.6840134842295043]
2019-04-07 21:03:15 INFO     Batch: [71/120] Epoch: [3] Loss: [1.6842174927393596]
2019-04-07 21:03:15 INFO     Batch: [72/120] Epoch: [3] Loss: [1.6837371506103098]
2019-04-07 21:03:15 INFO     Batch: [73/120] Epoch: [3] Loss: [1.6829555485699628]
2019-04-07 21:03:15 INFO     Batch: [74/120] Epoch: [3] Loss: [1.682135362625122]
2019-04-07 21:03:16 INFO     Batch: [75/120] Epoch: [3] Loss: [1.6812903081115924]
2019-04-07 21:03:16 INFO     Batch: [76/120] Epoch: [3] Loss: [1.6808642272825365]
2019-04-07 21:03:16 INFO     Batch: [77/120] Epoch: [3] Loss: [1.6807816105011182]
2019-04-07 21:03:16 INFO     Batch: [78/120] Epoch: [3] Loss: [1.6792075015321564]
2019-04-07 21:03:16 INFO     Batch: [79/120] Epoch: [3] Loss: [1.6787983611226083]
2019-04-07 21:03:17 INFO     Batch: [80/120] Epoch: [3] Loss: [1.6785996637226623]
2019-04-07 21:03:17 INFO     Batch: [81/120] Epoch: [3] Loss: [1.678327954396969]
2019-04-07 21:03:17 INFO     Batch: [82/120] Epoch: [3] Loss: [1.6784314290586724]
2019-04-07 21:03:17 INFO     Batch: [83/120] Epoch: [3] Loss: [1.677765001853307]
2019-04-07 21:03:17 INFO     Batch: [84/120] Epoch: [3] Loss: [1.677483855976778]
2019-04-07 21:03:18 INFO     Batch: [85/120] Epoch: [3] Loss: [1.6768640667893167]
2019-04-07 21:03:18 INFO     Batch: [86/120] Epoch: [3] Loss: [1.6763361021019947]
2019-04-07 21:03:18 INFO     Batch: [87/120] Epoch: [3] Loss: [1.6763752617619254]
2019-04-07 21:03:18 INFO     Batch: [88/120] Epoch: [3] Loss: [1.6761501585499625]
2019-04-07 21:03:18 INFO     Batch: [89/120] Epoch: [3] Loss: [1.675935200850169]
2019-04-07 21:03:19 INFO     Batch: [90/120] Epoch: [3] Loss: [1.6755622520551576]
2019-04-07 21:03:19 INFO     Batch: [91/120] Epoch: [3] Loss: [1.6759188343649325]
2019-04-07 21:03:19 INFO     Batch: [92/120] Epoch: [3] Loss: [1.6754560726945118]
2019-04-07 21:03:19 INFO     Batch: [93/120] Epoch: [3] Loss: [1.6755345527161942]
2019-04-07 21:03:19 INFO     Batch: [94/120] Epoch: [3] Loss: [1.675111430569699]
2019-04-07 21:03:20 INFO     Batch: [95/120] Epoch: [3] Loss: [1.6746090936164062]
2019-04-07 21:03:20 INFO     Batch: [96/120] Epoch: [3] Loss: [1.6735396016504347]
2019-04-07 21:03:20 INFO     Batch: [97/120] Epoch: [3] Loss: [1.673810053844841]
2019-04-07 21:03:20 INFO     Batch: [98/120] Epoch: [3] Loss: [1.672936215545192]
2019-04-07 21:03:20 INFO     Batch: [99/120] Epoch: [3] Loss: [1.6727753114700317]
2019-04-07 21:03:21 INFO     Batch: [100/120] Epoch: [3] Loss: [1.6722843210295875]
2019-04-07 21:03:21 INFO     Batch: [101/120] Epoch: [3] Loss: [1.6721341048969942]
2019-04-07 21:03:21 INFO     Batch: [102/120] Epoch: [3] Loss: [1.6716029910207952]
2019-04-07 21:03:21 INFO     Batch: [103/120] Epoch: [3] Loss: [1.6704060905254805]
2019-04-07 21:03:21 INFO     Batch: [104/120] Epoch: [3] Loss: [1.6690497205370949]
2019-04-07 21:03:22 INFO     Batch: [105/120] Epoch: [3] Loss: [1.668689417389204]
2019-04-07 21:03:22 INFO     Batch: [106/120] Epoch: [3] Loss: [1.6685241583351778]
2019-04-07 21:03:22 INFO     Batch: [107/120] Epoch: [3] Loss: [1.6678183807267084]
2019-04-07 21:03:22 INFO     Batch: [108/120] Epoch: [3] Loss: [1.667854672178216]
2019-04-07 21:03:22 INFO     Batch: [109/120] Epoch: [3] Loss: [1.6676469629461115]
2019-04-07 21:03:22 INFO     Batch: [110/120] Epoch: [3] Loss: [1.6674372279966199]
2019-04-07 21:03:23 INFO     Batch: [111/120] Epoch: [3] Loss: [1.6669734503541673]
2019-04-07 21:03:23 INFO     Batch: [112/120] Epoch: [3] Loss: [1.6653793649335877]
2019-04-07 21:03:23 INFO     Batch: [113/120] Epoch: [3] Loss: [1.6649612836670458]
2019-04-07 21:03:23 INFO     Batch: [114/120] Epoch: [3] Loss: [1.6648791157681009]
2019-04-07 21:03:23 INFO     Batch: [115/120] Epoch: [3] Loss: [1.6639752871003644]
2019-04-07 21:03:24 INFO     Batch: [116/120] Epoch: [3] Loss: [1.6632941767700717]
2019-04-07 21:03:24 INFO     Batch: [117/120] Epoch: [3] Loss: [1.6628278079679457]
2019-04-07 21:03:24 INFO     Batch: [118/120] Epoch: [3] Loss: [1.6620474352556116]
2019-04-07 21:03:24 INFO     Batch: [119/120] Epoch: [3] Loss: [1.6611741175254187]
2019-04-07 21:03:26 INFO     **************** Epoch: [3/250] Accuracy: [0.4403636363636364] ****************

2019-04-07 21:03:26 INFO     Batch: [0/120] Epoch: [4] Loss: [1.5320602655410767]
2019-04-07 21:03:26 INFO     Batch: [1/120] Epoch: [4] Loss: [1.5502768158912659]
2019-04-07 21:03:27 INFO     Batch: [2/120] Epoch: [4] Loss: [1.5600770314534504]
2019-04-07 21:03:27 INFO     Batch: [3/120] Epoch: [4] Loss: [1.5698353350162506]
2019-04-07 21:03:27 INFO     Batch: [4/120] Epoch: [4] Loss: [1.5647285223007201]
2019-04-07 21:03:27 INFO     Batch: [5/120] Epoch: [4] Loss: [1.5623291333516438]
2019-04-07 21:03:27 INFO     Batch: [6/120] Epoch: [4] Loss: [1.5546317270823888]
2019-04-07 21:03:28 INFO     Batch: [7/120] Epoch: [4] Loss: [1.5593502074480057]
2019-04-07 21:03:28 INFO     Batch: [8/120] Epoch: [4] Loss: [1.565782043668959]
2019-04-07 21:03:28 INFO     Batch: [9/120] Epoch: [4] Loss: [1.5650177001953125]
2019-04-07 21:03:28 INFO     Batch: [10/120] Epoch: [4] Loss: [1.562395995313471]
2019-04-07 21:03:28 INFO     Batch: [11/120] Epoch: [4] Loss: [1.5583976010481517]
2019-04-07 21:03:29 INFO     Batch: [12/120] Epoch: [4] Loss: [1.5570819928095891]
2019-04-07 21:03:29 INFO     Batch: [13/120] Epoch: [4] Loss: [1.5622912389891488]
2019-04-07 21:03:29 INFO     Batch: [14/120] Epoch: [4] Loss: [1.5613432804743448]
2019-04-07 21:03:29 INFO     Batch: [15/120] Epoch: [4] Loss: [1.5594782531261444]
2019-04-07 21:03:29 INFO     Batch: [16/120] Epoch: [4] Loss: [1.5601202740388758]
2019-04-07 21:03:30 INFO     Batch: [17/120] Epoch: [4] Loss: [1.5589163833194308]
2019-04-07 21:03:30 INFO     Batch: [18/120] Epoch: [4] Loss: [1.5585025047001086]
2019-04-07 21:03:30 INFO     Batch: [19/120] Epoch: [4] Loss: [1.5613418579101563]
2019-04-07 21:03:30 INFO     Batch: [20/120] Epoch: [4] Loss: [1.5642467793964205]
2019-04-07 21:03:30 INFO     Batch: [21/120] Epoch: [4] Loss: [1.5659003203565425]
2019-04-07 21:03:30 INFO     Batch: [22/120] Epoch: [4] Loss: [1.5675894073818042]
2019-04-07 21:03:31 INFO     Batch: [23/120] Epoch: [4] Loss: [1.5693353960911434]
2019-04-07 21:03:31 INFO     Batch: [24/120] Epoch: [4] Loss: [1.57068904876709]
2019-04-07 21:03:31 INFO     Batch: [25/120] Epoch: [4] Loss: [1.568431923022637]
2019-04-07 21:03:31 INFO     Batch: [26/120] Epoch: [4] Loss: [1.5673761147039909]
2019-04-07 21:03:31 INFO     Batch: [27/120] Epoch: [4] Loss: [1.565454968384334]
2019-04-07 21:03:32 INFO     Batch: [28/120] Epoch: [4] Loss: [1.567121830479852]
2019-04-07 21:03:32 INFO     Batch: [29/120] Epoch: [4] Loss: [1.5685255448023478]
2019-04-07 21:03:32 INFO     Batch: [30/120] Epoch: [4] Loss: [1.5704631305509997]
2019-04-07 21:03:32 INFO     Batch: [31/120] Epoch: [4] Loss: [1.5714443549513817]
2019-04-07 21:03:32 INFO     Batch: [32/120] Epoch: [4] Loss: [1.5694017446402349]
2019-04-07 21:03:33 INFO     Batch: [33/120] Epoch: [4] Loss: [1.5682916360742905]
2019-04-07 21:03:33 INFO     Batch: [34/120] Epoch: [4] Loss: [1.5671905721936907]
2019-04-07 21:03:33 INFO     Batch: [35/120] Epoch: [4] Loss: [1.5677047669887543]
2019-04-07 21:03:33 INFO     Batch: [36/120] Epoch: [4] Loss: [1.5661583462276973]
2019-04-07 21:03:33 INFO     Batch: [37/120] Epoch: [4] Loss: [1.5658451255999113]
2019-04-07 21:03:34 INFO     Batch: [38/120] Epoch: [4] Loss: [1.5649713430649195]
2019-04-07 21:03:34 INFO     Batch: [39/120] Epoch: [4] Loss: [1.566100725531578]
2019-04-07 21:03:34 INFO     Batch: [40/120] Epoch: [4] Loss: [1.5668508977424809]
2019-04-07 21:03:34 INFO     Batch: [41/120] Epoch: [4] Loss: [1.5674988627433777]
2019-04-07 21:03:34 INFO     Batch: [42/120] Epoch: [4] Loss: [1.5668567114098126]
2019-04-07 21:03:35 INFO     Batch: [43/120] Epoch: [4] Loss: [1.5666285590692]
2019-04-07 21:03:35 INFO     Batch: [44/120] Epoch: [4] Loss: [1.5656728320651585]
2019-04-07 21:03:35 INFO     Batch: [45/120] Epoch: [4] Loss: [1.566427363001782]
2019-04-07 21:03:35 INFO     Batch: [46/120] Epoch: [4] Loss: [1.5659276526025]
2019-04-07 21:03:35 INFO     Batch: [47/120] Epoch: [4] Loss: [1.5654767975211143]
2019-04-07 21:03:36 INFO     Batch: [48/120] Epoch: [4] Loss: [1.5650792194872487]
2019-04-07 21:03:36 INFO     Batch: [49/120] Epoch: [4] Loss: [1.5664942073822021]
2019-04-07 21:03:36 INFO     Batch: [50/120] Epoch: [4] Loss: [1.5654754171184464]
2019-04-07 21:03:36 INFO     Batch: [51/120] Epoch: [4] Loss: [1.5650841754216414]
2019-04-07 21:03:36 INFO     Batch: [52/120] Epoch: [4] Loss: [1.56532880045333]
2019-04-07 21:03:37 INFO     Batch: [53/120] Epoch: [4] Loss: [1.564454577587269]
2019-04-07 21:03:37 INFO     Batch: [54/120] Epoch: [4] Loss: [1.5644855737686156]
2019-04-07 21:03:37 INFO     Batch: [55/120] Epoch: [4] Loss: [1.564015731215477]
2019-04-07 21:03:37 INFO     Batch: [56/120] Epoch: [4] Loss: [1.5644600997891343]
2019-04-07 21:03:37 INFO     Batch: [57/120] Epoch: [4] Loss: [1.5631561567043435]
2019-04-07 21:03:37 INFO     Batch: [58/120] Epoch: [4] Loss: [1.5637939218747414]
2019-04-07 21:03:38 INFO     Batch: [59/120] Epoch: [4] Loss: [1.5627558469772338]
2019-04-07 21:03:38 INFO     Batch: [60/120] Epoch: [4] Loss: [1.5624634613756274]
2019-04-07 21:03:38 INFO     Batch: [61/120] Epoch: [4] Loss: [1.5620239453931009]
2019-04-07 21:03:38 INFO     Batch: [62/120] Epoch: [4] Loss: [1.5624062485165067]
2019-04-07 21:03:38 INFO     Batch: [63/120] Epoch: [4] Loss: [1.5617653541266918]
2019-04-07 21:03:39 INFO     Batch: [64/120] Epoch: [4] Loss: [1.5616455958439754]
2019-04-07 21:03:39 INFO     Batch: [65/120] Epoch: [4] Loss: [1.5616869348468203]
2019-04-07 21:03:39 INFO     Batch: [66/120] Epoch: [4] Loss: [1.5606032218506087]
2019-04-07 21:03:39 INFO     Batch: [67/120] Epoch: [4] Loss: [1.560265823322184]
2019-04-07 21:03:39 INFO     Batch: [68/120] Epoch: [4] Loss: [1.5598017409227896]
2019-04-07 21:03:40 INFO     Batch: [69/120] Epoch: [4] Loss: [1.5595974240984236]
2019-04-07 21:03:40 INFO     Batch: [70/120] Epoch: [4] Loss: [1.5591010392551692]
2019-04-07 21:03:40 INFO     Batch: [71/120] Epoch: [4] Loss: [1.5583344913191266]
2019-04-07 21:03:40 INFO     Batch: [72/120] Epoch: [4] Loss: [1.5589805220904416]
2019-04-07 21:03:40 INFO     Batch: [73/120] Epoch: [4] Loss: [1.559180367637325]
2019-04-07 21:03:41 INFO     Batch: [74/120] Epoch: [4] Loss: [1.5583668263753254]
2019-04-07 21:03:41 INFO     Batch: [75/120] Epoch: [4] Loss: [1.55714928476434]
2019-04-07 21:03:41 INFO     Batch: [76/120] Epoch: [4] Loss: [1.5570863686598742]
2019-04-07 21:03:41 INFO     Batch: [77/120] Epoch: [4] Loss: [1.557705167012337]
2019-04-07 21:03:41 INFO     Batch: [78/120] Epoch: [4] Loss: [1.556664998018289]
2019-04-07 21:03:42 INFO     Batch: [79/120] Epoch: [4] Loss: [1.5561840206384658]
2019-04-07 21:03:42 INFO     Batch: [80/120] Epoch: [4] Loss: [1.5556600976873327]
2019-04-07 21:03:42 INFO     Batch: [81/120] Epoch: [4] Loss: [1.5549645263974259]
2019-04-07 21:03:42 INFO     Batch: [82/120] Epoch: [4] Loss: [1.5547805995826263]
2019-04-07 21:03:42 INFO     Batch: [83/120] Epoch: [4] Loss: [1.5545506590888614]
2019-04-07 21:03:43 INFO     Batch: [84/120] Epoch: [4] Loss: [1.5539614018271952]
2019-04-07 21:03:43 INFO     Batch: [85/120] Epoch: [4] Loss: [1.5533443356669225]
2019-04-07 21:03:43 INFO     Batch: [86/120] Epoch: [4] Loss: [1.553700903366352]
2019-04-07 21:03:43 INFO     Batch: [87/120] Epoch: [4] Loss: [1.553142320026051]
2019-04-07 21:03:43 INFO     Batch: [88/120] Epoch: [4] Loss: [1.553090055337113]
2019-04-07 21:03:43 INFO     Batch: [89/120] Epoch: [4] Loss: [1.5534433841705322]
2019-04-07 21:03:44 INFO     Batch: [90/120] Epoch: [4] Loss: [1.5530111016807975]
2019-04-07 21:03:44 INFO     Batch: [91/120] Epoch: [4] Loss: [1.5527376726917599]
2019-04-07 21:03:44 INFO     Batch: [92/120] Epoch: [4] Loss: [1.5527584347673642]
2019-04-07 21:03:44 INFO     Batch: [93/120] Epoch: [4] Loss: [1.5523773939051526]
2019-04-07 21:03:44 INFO     Batch: [94/120] Epoch: [4] Loss: [1.552875932894255]
2019-04-07 21:03:45 INFO     Batch: [95/120] Epoch: [4] Loss: [1.5524727304776509]
2019-04-07 21:03:45 INFO     Batch: [96/120] Epoch: [4] Loss: [1.552609320768376]
2019-04-07 21:03:45 INFO     Batch: [97/120] Epoch: [4] Loss: [1.5521984526089259]
2019-04-07 21:03:45 INFO     Batch: [98/120] Epoch: [4] Loss: [1.553067238643916]
2019-04-07 21:03:45 INFO     Batch: [99/120] Epoch: [4] Loss: [1.55240372300148]
2019-04-07 21:03:46 INFO     Batch: [100/120] Epoch: [4] Loss: [1.5524634193665912]
2019-04-07 21:03:46 INFO     Batch: [101/120] Epoch: [4] Loss: [1.5519783263112985]
2019-04-07 21:03:46 INFO     Batch: [102/120] Epoch: [4] Loss: [1.5518846731741451]
2019-04-07 21:03:46 INFO     Batch: [103/120] Epoch: [4] Loss: [1.5509679053838437]
2019-04-07 21:03:46 INFO     Batch: [104/120] Epoch: [4] Loss: [1.5507861670993623]
2019-04-07 21:03:47 INFO     Batch: [105/120] Epoch: [4] Loss: [1.5506052476055217]
2019-04-07 21:03:47 INFO     Batch: [106/120] Epoch: [4] Loss: [1.5505168226277717]
2019-04-07 21:03:47 INFO     Batch: [107/120] Epoch: [4] Loss: [1.5498469836182065]
2019-04-07 21:03:47 INFO     Batch: [108/120] Epoch: [4] Loss: [1.5487016012909216]
2019-04-07 21:03:47 INFO     Batch: [109/120] Epoch: [4] Loss: [1.5481681032614274]
2019-04-07 21:03:48 INFO     Batch: [110/120] Epoch: [4] Loss: [1.547639688929996]
2019-04-07 21:03:48 INFO     Batch: [111/120] Epoch: [4] Loss: [1.5475933200546674]
2019-04-07 21:03:48 INFO     Batch: [112/120] Epoch: [4] Loss: [1.5475541500918633]
2019-04-07 21:03:48 INFO     Batch: [113/120] Epoch: [4] Loss: [1.5473092114716245]
2019-04-07 21:03:48 INFO     Batch: [114/120] Epoch: [4] Loss: [1.5475620819174725]
2019-04-07 21:03:49 INFO     Batch: [115/120] Epoch: [4] Loss: [1.5464862996134265]
2019-04-07 21:03:49 INFO     Batch: [116/120] Epoch: [4] Loss: [1.545687832384028]
2019-04-07 21:03:49 INFO     Batch: [117/120] Epoch: [4] Loss: [1.545859003471116]
2019-04-07 21:03:49 INFO     Batch: [118/120] Epoch: [4] Loss: [1.5453902052230193]
2019-04-07 21:03:49 INFO     Batch: [119/120] Epoch: [4] Loss: [1.5449824690818788]
2019-04-07 21:03:51 INFO     **************** Epoch: [4/250] Accuracy: [0.46509090909090905] ****************

2019-04-07 21:03:51 INFO     Batch: [0/120] Epoch: [5] Loss: [1.4389280080795288]
2019-04-07 21:03:51 INFO     Batch: [1/120] Epoch: [5] Loss: [1.4838376641273499]
2019-04-07 21:03:52 INFO     Batch: [2/120] Epoch: [5] Loss: [1.5238950649897258]
2019-04-07 21:03:52 INFO     Batch: [3/120] Epoch: [5] Loss: [1.508330374956131]
2019-04-07 21:03:52 INFO     Batch: [4/120] Epoch: [5] Loss: [1.5009446382522582]
2019-04-07 21:03:52 INFO     Batch: [5/120] Epoch: [5] Loss: [1.4924552241961162]
2019-04-07 21:03:52 INFO     Batch: [6/120] Epoch: [5] Loss: [1.478874853679112]
2019-04-07 21:03:53 INFO     Batch: [7/120] Epoch: [5] Loss: [1.4774169325828552]
2019-04-07 21:03:53 INFO     Batch: [8/120] Epoch: [5] Loss: [1.4758069382773504]
2019-04-07 21:03:53 INFO     Batch: [9/120] Epoch: [5] Loss: [1.484833025932312]
2019-04-07 21:03:53 INFO     Batch: [10/120] Epoch: [5] Loss: [1.4817043867978184]
2019-04-07 21:03:53 INFO     Batch: [11/120] Epoch: [5] Loss: [1.4776236911614735]
2019-04-07 21:03:54 INFO     Batch: [12/120] Epoch: [5] Loss: [1.4809788923997145]
2019-04-07 21:03:54 INFO     Batch: [13/120] Epoch: [5] Loss: [1.4819622550691878]
2019-04-07 21:03:54 INFO     Batch: [14/120] Epoch: [5] Loss: [1.4793904542922973]
2019-04-07 21:03:54 INFO     Batch: [15/120] Epoch: [5] Loss: [1.4805736169219017]
2019-04-07 21:03:54 INFO     Batch: [16/120] Epoch: [5] Loss: [1.481251969056971]
2019-04-07 21:03:55 INFO     Batch: [17/120] Epoch: [5] Loss: [1.4806866314676073]
2019-04-07 21:03:55 INFO     Batch: [18/120] Epoch: [5] Loss: [1.4798748681419773]
2019-04-07 21:03:55 INFO     Batch: [19/120] Epoch: [5] Loss: [1.4788745820522309]
2019-04-07 21:03:55 INFO     Batch: [20/120] Epoch: [5] Loss: [1.4801380634307861]
2019-04-07 21:03:55 INFO     Batch: [21/120] Epoch: [5] Loss: [1.4779131358320063]
2019-04-07 21:03:56 INFO     Batch: [22/120] Epoch: [5] Loss: [1.4791506425194119]
2019-04-07 21:03:56 INFO     Batch: [23/120] Epoch: [5] Loss: [1.4761280914147694]
2019-04-07 21:03:56 INFO     Batch: [24/120] Epoch: [5] Loss: [1.4755806970596312]
2019-04-07 21:03:56 INFO     Batch: [25/120] Epoch: [5] Loss: [1.4753923003490155]
2019-04-07 21:03:56 INFO     Batch: [26/120] Epoch: [5] Loss: [1.475287053320143]
2019-04-07 21:03:56 INFO     Batch: [27/120] Epoch: [5] Loss: [1.4746526351996831]
2019-04-07 21:03:57 INFO     Batch: [28/120] Epoch: [5] Loss: [1.474084130648909]
2019-04-07 21:03:57 INFO     Batch: [29/120] Epoch: [5] Loss: [1.473164423306783]
2019-04-07 21:03:57 INFO     Batch: [30/120] Epoch: [5] Loss: [1.4738166024607997]
2019-04-07 21:03:57 INFO     Batch: [31/120] Epoch: [5] Loss: [1.4747033305466175]
2019-04-07 21:03:57 INFO     Batch: [32/120] Epoch: [5] Loss: [1.474949067289179]
2019-04-07 21:03:58 INFO     Batch: [33/120] Epoch: [5] Loss: [1.4741411103921778]
2019-04-07 21:03:58 INFO     Batch: [34/120] Epoch: [5] Loss: [1.4727923972266062]
2019-04-07 21:03:58 INFO     Batch: [35/120] Epoch: [5] Loss: [1.4735147092077467]
2019-04-07 21:03:58 INFO     Batch: [36/120] Epoch: [5] Loss: [1.473916330853024]
2019-04-07 21:03:58 INFO     Batch: [37/120] Epoch: [5] Loss: [1.4760609394625614]
2019-04-07 21:03:59 INFO     Batch: [38/120] Epoch: [5] Loss: [1.4744943533188257]
2019-04-07 21:03:59 INFO     Batch: [39/120] Epoch: [5] Loss: [1.4736364603042602]
2019-04-07 21:03:59 INFO     Batch: [40/120] Epoch: [5] Loss: [1.4713482536920688]
2019-04-07 21:03:59 INFO     Batch: [41/120] Epoch: [5] Loss: [1.4726110299428303]
2019-04-07 21:03:59 INFO     Batch: [42/120] Epoch: [5] Loss: [1.4729876934095871]
2019-04-07 21:04:00 INFO     Batch: [43/120] Epoch: [5] Loss: [1.4738732440905138]
2019-04-07 21:04:00 INFO     Batch: [44/120] Epoch: [5] Loss: [1.4730361938476562]
2019-04-07 21:04:00 INFO     Batch: [45/120] Epoch: [5] Loss: [1.4745251640029575]
2019-04-07 21:04:00 INFO     Batch: [46/120] Epoch: [5] Loss: [1.4733396413478446]
2019-04-07 21:04:00 INFO     Batch: [47/120] Epoch: [5] Loss: [1.4738645727435749]
2019-04-07 21:04:01 INFO     Batch: [48/120] Epoch: [5] Loss: [1.472775055437672]
2019-04-07 21:04:01 INFO     Batch: [49/120] Epoch: [5] Loss: [1.4725982856750488]
2019-04-07 21:04:01 INFO     Batch: [50/120] Epoch: [5] Loss: [1.4717330815745335]
2019-04-07 21:04:01 INFO     Batch: [51/120] Epoch: [5] Loss: [1.473228986446674]
2019-04-07 21:04:01 INFO     Batch: [52/120] Epoch: [5] Loss: [1.470963473589915]
2019-04-07 21:04:02 INFO     Batch: [53/120] Epoch: [5] Loss: [1.4713120129373338]
2019-04-07 21:04:02 INFO     Batch: [54/120] Epoch: [5] Loss: [1.4712789643894542]
2019-04-07 21:04:02 INFO     Batch: [55/120] Epoch: [5] Loss: [1.4707873101745332]
2019-04-07 21:04:02 INFO     Batch: [56/120] Epoch: [5] Loss: [1.4686601412923712]
2019-04-07 21:04:02 INFO     Batch: [57/120] Epoch: [5] Loss: [1.4683107445979942]
2019-04-07 21:04:03 INFO     Batch: [58/120] Epoch: [5] Loss: [1.4684828418796345]
2019-04-07 21:04:03 INFO     Batch: [59/120] Epoch: [5] Loss: [1.470563914378484]
2019-04-07 21:04:03 INFO     Batch: [60/120] Epoch: [5] Loss: [1.4702121038905909]
2019-04-07 21:04:03 INFO     Batch: [61/120] Epoch: [5] Loss: [1.4686211386034567]
2019-04-07 21:04:03 INFO     Batch: [62/120] Epoch: [5] Loss: [1.4676309350937131]
2019-04-07 21:04:03 INFO     Batch: [63/120] Epoch: [5] Loss: [1.4690250810235739]
2019-04-07 21:04:04 INFO     Batch: [64/120] Epoch: [5] Loss: [1.4687488794326782]
2019-04-07 21:04:04 INFO     Batch: [65/120] Epoch: [5] Loss: [1.4693824684981145]
2019-04-07 21:04:04 INFO     Batch: [66/120] Epoch: [5] Loss: [1.470000928907252]
2019-04-07 21:04:04 INFO     Batch: [67/120] Epoch: [5] Loss: [1.47084938603289]
2019-04-07 21:04:04 INFO     Batch: [68/120] Epoch: [5] Loss: [1.4705767717914304]
2019-04-07 21:04:05 INFO     Batch: [69/120] Epoch: [5] Loss: [1.4707031556538173]
2019-04-07 21:04:05 INFO     Batch: [70/120] Epoch: [5] Loss: [1.470587755592776]
2019-04-07 21:04:05 INFO     Batch: [71/120] Epoch: [5] Loss: [1.4701705906126235]
2019-04-07 21:04:05 INFO     Batch: [72/120] Epoch: [5] Loss: [1.4691324903540415]
2019-04-07 21:04:05 INFO     Batch: [73/120] Epoch: [5] Loss: [1.468526490636774]
2019-04-07 21:04:06 INFO     Batch: [74/120] Epoch: [5] Loss: [1.4683154471715292]
2019-04-07 21:04:06 INFO     Batch: [75/120] Epoch: [5] Loss: [1.4674515865351025]
2019-04-07 21:04:06 INFO     Batch: [76/120] Epoch: [5] Loss: [1.4671938016817168]
2019-04-07 21:04:06 INFO     Batch: [77/120] Epoch: [5] Loss: [1.4653026522734227]
2019-04-07 21:04:06 INFO     Batch: [78/120] Epoch: [5] Loss: [1.46422687361512]
2019-04-07 21:04:07 INFO     Batch: [79/120] Epoch: [5] Loss: [1.463048842549324]
2019-04-07 21:04:07 INFO     Batch: [80/120] Epoch: [5] Loss: [1.4624730275001054]
2019-04-07 21:04:07 INFO     Batch: [81/120] Epoch: [5] Loss: [1.462172640532982]
2019-04-07 21:04:07 INFO     Batch: [82/120] Epoch: [5] Loss: [1.4625508153294942]
2019-04-07 21:04:07 INFO     Batch: [83/120] Epoch: [5] Loss: [1.4622071882088978]
2019-04-07 21:04:08 INFO     Batch: [84/120] Epoch: [5] Loss: [1.4612678682102878]
2019-04-07 21:04:08 INFO     Batch: [85/120] Epoch: [5] Loss: [1.4608445666557135]
2019-04-07 21:04:08 INFO     Batch: [86/120] Epoch: [5] Loss: [1.4611732260934238]
2019-04-07 21:04:08 INFO     Batch: [87/120] Epoch: [5] Loss: [1.4608992541378194]
2019-04-07 21:04:08 INFO     Batch: [88/120] Epoch: [5] Loss: [1.4597472260507305]
2019-04-07 21:04:09 INFO     Batch: [89/120] Epoch: [5] Loss: [1.4593731098704867]
2019-04-07 21:04:09 INFO     Batch: [90/120] Epoch: [5] Loss: [1.4584845121090229]
2019-04-07 21:04:09 INFO     Batch: [91/120] Epoch: [5] Loss: [1.4577995849692302]
2019-04-07 21:04:09 INFO     Batch: [92/120] Epoch: [5] Loss: [1.457180844840183]
2019-04-07 21:04:09 INFO     Batch: [93/120] Epoch: [5] Loss: [1.4572103530802625]
2019-04-07 21:04:09 INFO     Batch: [94/120] Epoch: [5] Loss: [1.4561085776278848]
2019-04-07 21:04:10 INFO     Batch: [95/120] Epoch: [5] Loss: [1.455781601369381]
2019-04-07 21:04:10 INFO     Batch: [96/120] Epoch: [5] Loss: [1.45518936078573]
2019-04-07 21:04:10 INFO     Batch: [97/120] Epoch: [5] Loss: [1.4543454014525121]
2019-04-07 21:04:10 INFO     Batch: [98/120] Epoch: [5] Loss: [1.4544051319661766]
2019-04-07 21:04:10 INFO     Batch: [99/120] Epoch: [5] Loss: [1.453521637916565]
2019-04-07 21:04:11 INFO     Batch: [100/120] Epoch: [5] Loss: [1.4531750560987113]
2019-04-07 21:04:11 INFO     Batch: [101/120] Epoch: [5] Loss: [1.4520057790419634]
2019-04-07 21:04:11 INFO     Batch: [102/120] Epoch: [5] Loss: [1.4518676012465097]
2019-04-07 21:04:11 INFO     Batch: [103/120] Epoch: [5] Loss: [1.4517128456097383]
2019-04-07 21:04:11 INFO     Batch: [104/120] Epoch: [5] Loss: [1.4512030749093918]
2019-04-07 21:04:12 INFO     Batch: [105/120] Epoch: [5] Loss: [1.4504700359308496]
2019-04-07 21:04:12 INFO     Batch: [106/120] Epoch: [5] Loss: [1.449732546494386]
2019-04-07 21:04:12 INFO     Batch: [107/120] Epoch: [5] Loss: [1.4487882212356284]
2019-04-07 21:04:12 INFO     Batch: [108/120] Epoch: [5] Loss: [1.448603435393867]
2019-04-07 21:04:12 INFO     Batch: [109/120] Epoch: [5] Loss: [1.4476399313319812]
2019-04-07 21:04:13 INFO     Batch: [110/120] Epoch: [5] Loss: [1.4473679441589493]
2019-04-07 21:04:13 INFO     Batch: [111/120] Epoch: [5] Loss: [1.4473390451499395]
2019-04-07 21:04:13 INFO     Batch: [112/120] Epoch: [5] Loss: [1.447316338530684]
2019-04-07 21:04:13 INFO     Batch: [113/120] Epoch: [5] Loss: [1.4467985577750624]
2019-04-07 21:04:13 INFO     Batch: [114/120] Epoch: [5] Loss: [1.4463505351025125]
2019-04-07 21:04:14 INFO     Batch: [115/120] Epoch: [5] Loss: [1.446050677833886]
2019-04-07 21:04:14 INFO     Batch: [116/120] Epoch: [5] Loss: [1.4459492650806394]
2019-04-07 21:04:14 INFO     Batch: [117/120] Epoch: [5] Loss: [1.44605457984795]
2019-04-07 21:04:14 INFO     Batch: [118/120] Epoch: [5] Loss: [1.4455064324771656]
2019-04-07 21:04:14 INFO     Batch: [119/120] Epoch: [5] Loss: [1.4450995802879334]
2019-04-07 21:04:16 INFO     **************** Epoch: [5/250] Accuracy: [0.45418181818181824] ****************

2019-04-07 21:04:16 INFO     Batch: [0/120] Epoch: [6] Loss: [1.324526071548462]
2019-04-07 21:04:16 INFO     Batch: [1/120] Epoch: [6] Loss: [1.3353044390678406]
2019-04-07 21:04:17 INFO     Batch: [2/120] Epoch: [6] Loss: [1.3481084108352661]
2019-04-07 21:04:17 INFO     Batch: [3/120] Epoch: [6] Loss: [1.339465171098709]
2019-04-07 21:04:17 INFO     Batch: [4/120] Epoch: [6] Loss: [1.3337305307388305]
2019-04-07 21:04:17 INFO     Batch: [5/120] Epoch: [6] Loss: [1.3481265902519226]
2019-04-07 21:04:17 INFO     Batch: [6/120] Epoch: [6] Loss: [1.3551542588642664]
2019-04-07 21:04:18 INFO     Batch: [7/120] Epoch: [6] Loss: [1.3616527915000916]
2019-04-07 21:04:18 INFO     Batch: [8/120] Epoch: [6] Loss: [1.3562595314449735]
2019-04-07 21:04:18 INFO     Batch: [9/120] Epoch: [6] Loss: [1.3556848764419556]
2019-04-07 21:04:18 INFO     Batch: [10/120] Epoch: [6] Loss: [1.3542090762745251]
2019-04-07 21:04:18 INFO     Batch: [11/120] Epoch: [6] Loss: [1.3542843063672383]
2019-04-07 21:04:19 INFO     Batch: [12/120] Epoch: [6] Loss: [1.3544116753798265]
2019-04-07 21:04:19 INFO     Batch: [13/120] Epoch: [6] Loss: [1.3553392035620553]
2019-04-07 21:04:19 INFO     Batch: [14/120] Epoch: [6] Loss: [1.3550230026245118]
2019-04-07 21:04:19 INFO     Batch: [15/120] Epoch: [6] Loss: [1.3517484292387962]
2019-04-07 21:04:19 INFO     Batch: [16/120] Epoch: [6] Loss: [1.3502760213964127]
2019-04-07 21:04:20 INFO     Batch: [17/120] Epoch: [6] Loss: [1.352528406514062]
2019-04-07 21:04:20 INFO     Batch: [18/120] Epoch: [6] Loss: [1.3492756266342967]
2019-04-07 21:04:20 INFO     Batch: [19/120] Epoch: [6] Loss: [1.3524705111980437]
2019-04-07 21:04:20 INFO     Batch: [20/120] Epoch: [6] Loss: [1.3519804988588606]
2019-04-07 21:04:20 INFO     Batch: [21/120] Epoch: [6] Loss: [1.351525680585341]
2019-04-07 21:04:20 INFO     Batch: [22/120] Epoch: [6] Loss: [1.3523454873458198]
2019-04-07 21:04:21 INFO     Batch: [23/120] Epoch: [6] Loss: [1.3560973952213924]
2019-04-07 21:04:21 INFO     Batch: [24/120] Epoch: [6] Loss: [1.3575839757919312]
2019-04-07 21:04:21 INFO     Batch: [25/120] Epoch: [6] Loss: [1.3580106038313646]
2019-04-07 21:04:21 INFO     Batch: [26/120] Epoch: [6] Loss: [1.359339259288929]
2019-04-07 21:04:21 INFO     Batch: [27/120] Epoch: [6] Loss: [1.3607114468302046]
2019-04-07 21:04:22 INFO     Batch: [28/120] Epoch: [6] Loss: [1.3597958457881008]
2019-04-07 21:04:22 INFO     Batch: [29/120] Epoch: [6] Loss: [1.3605576793352763]
2019-04-07 21:04:22 INFO     Batch: [30/120] Epoch: [6] Loss: [1.3606244594820085]
2019-04-07 21:04:22 INFO     Batch: [31/120] Epoch: [6] Loss: [1.3625713661313057]
2019-04-07 21:04:22 INFO     Batch: [32/120] Epoch: [6] Loss: [1.360811305768562]
2019-04-07 21:04:23 INFO     Batch: [33/120] Epoch: [6] Loss: [1.3602179323925692]
2019-04-07 21:04:23 INFO     Batch: [34/120] Epoch: [6] Loss: [1.359553119114467]
2019-04-07 21:04:23 INFO     Batch: [35/120] Epoch: [6] Loss: [1.358856972720888]
2019-04-07 21:04:23 INFO     Batch: [36/120] Epoch: [6] Loss: [1.3600688496151485]
2019-04-07 21:04:23 INFO     Batch: [37/120] Epoch: [6] Loss: [1.3595650729380155]
2019-04-07 21:04:24 INFO     Batch: [38/120] Epoch: [6] Loss: [1.3604967563580244]
2019-04-07 21:04:24 INFO     Batch: [39/120] Epoch: [6] Loss: [1.360749089717865]
2019-04-07 21:04:24 INFO     Batch: [40/120] Epoch: [6] Loss: [1.3621723244829875]
2019-04-07 21:04:24 INFO     Batch: [41/120] Epoch: [6] Loss: [1.3617343618756248]
2019-04-07 21:04:24 INFO     Batch: [42/120] Epoch: [6] Loss: [1.3616958662521008]
2019-04-07 21:04:25 INFO     Batch: [43/120] Epoch: [6] Loss: [1.3609518056566066]
2019-04-07 21:04:25 INFO     Batch: [44/120] Epoch: [6] Loss: [1.3599424997965495]
2019-04-07 21:04:25 INFO     Batch: [45/120] Epoch: [6] Loss: [1.3594876786936885]
2019-04-07 21:04:25 INFO     Batch: [46/120] Epoch: [6] Loss: [1.3603601962962049]
2019-04-07 21:04:25 INFO     Batch: [47/120] Epoch: [6] Loss: [1.3610556597510974]
2019-04-07 21:04:26 INFO     Batch: [48/120] Epoch: [6] Loss: [1.3630674201615003]
2019-04-07 21:04:26 INFO     Batch: [49/120] Epoch: [6] Loss: [1.3637960696220397]
2019-04-07 21:04:26 INFO     Batch: [50/120] Epoch: [6] Loss: [1.3642474716784907]
2019-04-07 21:04:26 INFO     Batch: [51/120] Epoch: [6] Loss: [1.3649840377844298]
2019-04-07 21:04:26 INFO     Batch: [52/120] Epoch: [6] Loss: [1.3653412270096112]
2019-04-07 21:04:27 INFO     Batch: [53/120] Epoch: [6] Loss: [1.3661576200414587]
2019-04-07 21:04:27 INFO     Batch: [54/120] Epoch: [6] Loss: [1.3662109613418578]
2019-04-07 21:04:27 INFO     Batch: [55/120] Epoch: [6] Loss: [1.3665831089019775]
2019-04-07 21:04:27 INFO     Batch: [56/120] Epoch: [6] Loss: [1.3684142054172985]
2019-04-07 21:04:27 INFO     Batch: [57/120] Epoch: [6] Loss: [1.3687959231179336]
2019-04-07 21:04:27 INFO     Batch: [58/120] Epoch: [6] Loss: [1.3685680809667555]
2019-04-07 21:04:28 INFO     Batch: [59/120] Epoch: [6] Loss: [1.3693272670110066]
2019-04-07 21:04:28 INFO     Batch: [60/120] Epoch: [6] Loss: [1.3692449292198556]
2019-04-07 21:04:28 INFO     Batch: [61/120] Epoch: [6] Loss: [1.367706166159722]
2019-04-07 21:04:28 INFO     Batch: [62/120] Epoch: [6] Loss: [1.3683927797135853]
2019-04-07 21:04:28 INFO     Batch: [63/120] Epoch: [6] Loss: [1.3681569509208202]
2019-04-07 21:04:29 INFO     Batch: [64/120] Epoch: [6] Loss: [1.3687052983504076]
2019-04-07 21:04:29 INFO     Batch: [65/120] Epoch: [6] Loss: [1.3684156717676106]
2019-04-07 21:04:29 INFO     Batch: [66/120] Epoch: [6] Loss: [1.3678371692771343]
2019-04-07 21:04:29 INFO     Batch: [67/120] Epoch: [6] Loss: [1.36875217276461]
2019-04-07 21:04:29 INFO     Batch: [68/120] Epoch: [6] Loss: [1.369294337604357]
2019-04-07 21:04:30 INFO     Batch: [69/120] Epoch: [6] Loss: [1.3692568404333931]
2019-04-07 21:04:30 INFO     Batch: [70/120] Epoch: [6] Loss: [1.3688622209387766]
2019-04-07 21:04:30 INFO     Batch: [71/120] Epoch: [6] Loss: [1.3695823185973697]
2019-04-07 21:04:30 INFO     Batch: [72/120] Epoch: [6] Loss: [1.3696226812388799]
2019-04-07 21:04:30 INFO     Batch: [73/120] Epoch: [6] Loss: [1.370637460334881]
2019-04-07 21:04:31 INFO     Batch: [74/120] Epoch: [6] Loss: [1.3698670705159506]
2019-04-07 21:04:31 INFO     Batch: [75/120] Epoch: [6] Loss: [1.3706973132334257]
2019-04-07 21:04:31 INFO     Batch: [76/120] Epoch: [6] Loss: [1.3707359471878449]
2019-04-07 21:04:31 INFO     Batch: [77/120] Epoch: [6] Loss: [1.3699746086047246]
2019-04-07 21:04:31 INFO     Batch: [78/120] Epoch: [6] Loss: [1.3695342495471616]
2019-04-07 21:04:32 INFO     Batch: [79/120] Epoch: [6] Loss: [1.3697103664278985]
2019-04-07 21:04:32 INFO     Batch: [80/120] Epoch: [6] Loss: [1.3701114890016155]
2019-04-07 21:04:32 INFO     Batch: [81/120] Epoch: [6] Loss: [1.3705973988626061]
2019-04-07 21:04:32 INFO     Batch: [82/120] Epoch: [6] Loss: [1.3701671146484742]
2019-04-07 21:04:32 INFO     Batch: [83/120] Epoch: [6] Loss: [1.3694454843089694]
2019-04-07 21:04:33 INFO     Batch: [84/120] Epoch: [6] Loss: [1.3689419844571282]
2019-04-07 21:04:33 INFO     Batch: [85/120] Epoch: [6] Loss: [1.3685734119526176]
2019-04-07 21:04:33 INFO     Batch: [86/120] Epoch: [6] Loss: [1.3686485728998294]
2019-04-07 21:04:33 INFO     Batch: [87/120] Epoch: [6] Loss: [1.3690346005288037]
2019-04-07 21:04:33 INFO     Batch: [88/120] Epoch: [6] Loss: [1.3680729665113298]
2019-04-07 21:04:34 INFO     Batch: [89/120] Epoch: [6] Loss: [1.3679610318607753]
2019-04-07 21:04:34 INFO     Batch: [90/120] Epoch: [6] Loss: [1.3673974026690472]
2019-04-07 21:04:34 INFO     Batch: [91/120] Epoch: [6] Loss: [1.3668801227341527]
2019-04-07 21:04:34 INFO     Batch: [92/120] Epoch: [6] Loss: [1.3663080059072024]
2019-04-07 21:04:34 INFO     Batch: [93/120] Epoch: [6] Loss: [1.3657744209817115]
2019-04-07 21:04:34 INFO     Batch: [94/120] Epoch: [6] Loss: [1.3651909326252185]
2019-04-07 21:04:35 INFO     Batch: [95/120] Epoch: [6] Loss: [1.364519531528155]
2019-04-07 21:04:35 INFO     Batch: [96/120] Epoch: [6] Loss: [1.3638757860537656]
2019-04-07 21:04:35 INFO     Batch: [97/120] Epoch: [6] Loss: [1.36345068167667]
2019-04-07 21:04:35 INFO     Batch: [98/120] Epoch: [6] Loss: [1.3624872547207456]
2019-04-07 21:04:35 INFO     Batch: [99/120] Epoch: [6] Loss: [1.3622374796867371]
2019-04-07 21:04:36 INFO     Batch: [100/120] Epoch: [6] Loss: [1.3606417462377265]
2019-04-07 21:04:36 INFO     Batch: [101/120] Epoch: [6] Loss: [1.3601314869581485]
2019-04-07 21:04:36 INFO     Batch: [102/120] Epoch: [6] Loss: [1.3592050920412377]
2019-04-07 21:04:36 INFO     Batch: [103/120] Epoch: [6] Loss: [1.3581726344732137]
2019-04-07 21:04:36 INFO     Batch: [104/120] Epoch: [6] Loss: [1.3576785870960781]
2019-04-07 21:04:37 INFO     Batch: [105/120] Epoch: [6] Loss: [1.3568475246429443]
2019-04-07 21:04:37 INFO     Batch: [106/120] Epoch: [6] Loss: [1.3564566574364065]
2019-04-07 21:04:37 INFO     Batch: [107/120] Epoch: [6] Loss: [1.3561329366984192]
2019-04-07 21:04:37 INFO     Batch: [108/120] Epoch: [6] Loss: [1.3557612480373558]
2019-04-07 21:04:37 INFO     Batch: [109/120] Epoch: [6] Loss: [1.3551470604809848]
2019-04-07 21:04:38 INFO     Batch: [110/120] Epoch: [6] Loss: [1.354740961177929]
2019-04-07 21:04:38 INFO     Batch: [111/120] Epoch: [6] Loss: [1.3539028029356683]
2019-04-07 21:04:38 INFO     Batch: [112/120] Epoch: [6] Loss: [1.3530626898318265]
2019-04-07 21:04:38 INFO     Batch: [113/120] Epoch: [6] Loss: [1.352822644668713]
2019-04-07 21:04:38 INFO     Batch: [114/120] Epoch: [6] Loss: [1.3522553547568943]
2019-04-07 21:04:39 INFO     Batch: [115/120] Epoch: [6] Loss: [1.3518318718877331]
2019-04-07 21:04:39 INFO     Batch: [116/120] Epoch: [6] Loss: [1.3511810588021564]
2019-04-07 21:04:39 INFO     Batch: [117/120] Epoch: [6] Loss: [1.3507360674567142]
2019-04-07 21:04:39 INFO     Batch: [118/120] Epoch: [6] Loss: [1.3503278513916401]
2019-04-07 21:04:39 INFO     Batch: [119/120] Epoch: [6] Loss: [1.3496532569328943]
2019-04-07 21:04:41 INFO     **************** Epoch: [6/250] Accuracy: [0.5] ****************

2019-04-07 21:04:41 INFO     Batch: [0/120] Epoch: [7] Loss: [1.3157254457473755]
2019-04-07 21:04:41 INFO     Batch: [1/120] Epoch: [7] Loss: [1.2983543872833252]
2019-04-07 21:04:42 INFO     Batch: [2/120] Epoch: [7] Loss: [1.283492088317871]
2019-04-07 21:04:42 INFO     Batch: [3/120] Epoch: [7] Loss: [1.2925070226192474]
2019-04-07 21:04:42 INFO     Batch: [4/120] Epoch: [7] Loss: [1.2904175996780396]
2019-04-07 21:04:42 INFO     Batch: [5/120] Epoch: [7] Loss: [1.2800716956456502]
2019-04-07 21:04:42 INFO     Batch: [6/120] Epoch: [7] Loss: [1.2690505811146326]
2019-04-07 21:04:43 INFO     Batch: [7/120] Epoch: [7] Loss: [1.2711737602949142]
2019-04-07 21:04:43 INFO     Batch: [8/120] Epoch: [7] Loss: [1.27865379386478]
2019-04-07 21:04:43 INFO     Batch: [9/120] Epoch: [7] Loss: [1.2826629400253295]
2019-04-07 21:04:43 INFO     Batch: [10/120] Epoch: [7] Loss: [1.2813892039385708]
2019-04-07 21:04:43 INFO     Batch: [11/120] Epoch: [7] Loss: [1.2784249782562256]
2019-04-07 21:04:44 INFO     Batch: [12/120] Epoch: [7] Loss: [1.2791295785170336]
2019-04-07 21:04:44 INFO     Batch: [13/120] Epoch: [7] Loss: [1.2749475240707397]
2019-04-07 21:04:44 INFO     Batch: [14/120] Epoch: [7] Loss: [1.2675886472066245]
2019-04-07 21:04:44 INFO     Batch: [15/120] Epoch: [7] Loss: [1.2679253965616226]
2019-04-07 21:04:44 INFO     Batch: [16/120] Epoch: [7] Loss: [1.2633698547587675]
2019-04-07 21:04:45 INFO     Batch: [17/120] Epoch: [7] Loss: [1.266188508934445]
2019-04-07 21:04:45 INFO     Batch: [18/120] Epoch: [7] Loss: [1.2681640010131032]
2019-04-07 21:04:45 INFO     Batch: [19/120] Epoch: [7] Loss: [1.2708471775054933]
2019-04-07 21:04:45 INFO     Batch: [20/120] Epoch: [7] Loss: [1.2696961845670427]
2019-04-07 21:04:45 INFO     Batch: [21/120] Epoch: [7] Loss: [1.2716803604906255]
2019-04-07 21:04:45 INFO     Batch: [22/120] Epoch: [7] Loss: [1.2705941614897356]
2019-04-07 21:04:46 INFO     Batch: [23/120] Epoch: [7] Loss: [1.2698015868663788]
2019-04-07 21:04:46 INFO     Batch: [24/120] Epoch: [7] Loss: [1.269883279800415]
2019-04-07 21:04:46 INFO     Batch: [25/120] Epoch: [7] Loss: [1.2710843957387483]
2019-04-07 21:04:46 INFO     Batch: [26/120] Epoch: [7] Loss: [1.2687524203900937]
2019-04-07 21:04:46 INFO     Batch: [27/120] Epoch: [7] Loss: [1.2711458121027266]
2019-04-07 21:04:47 INFO     Batch: [28/120] Epoch: [7] Loss: [1.2686991116096233]
2019-04-07 21:04:47 INFO     Batch: [29/120] Epoch: [7] Loss: [1.2695112665494284]
2019-04-07 21:04:47 INFO     Batch: [30/120] Epoch: [7] Loss: [1.2709486830619074]
2019-04-07 21:04:47 INFO     Batch: [31/120] Epoch: [7] Loss: [1.2707469947636127]
2019-04-07 21:04:47 INFO     Batch: [32/120] Epoch: [7] Loss: [1.2701522798249216]
2019-04-07 21:04:48 INFO     Batch: [33/120] Epoch: [7] Loss: [1.2712692443062277]
2019-04-07 21:04:48 INFO     Batch: [34/120] Epoch: [7] Loss: [1.2723172698702132]
2019-04-07 21:04:48 INFO     Batch: [35/120] Epoch: [7] Loss: [1.2724661098586187]
2019-04-07 21:04:48 INFO     Batch: [36/120] Epoch: [7] Loss: [1.2744450408059198]
2019-04-07 21:04:48 INFO     Batch: [37/120] Epoch: [7] Loss: [1.2759803533554077]
2019-04-07 21:04:49 INFO     Batch: [38/120] Epoch: [7] Loss: [1.2771268227161505]
