2019-04-01 21:32:23 INFO     Loading Data
2019-04-01 21:32:25 INFO     Model Setting Up
2019-04-01 21:32:32 INFO     Start Training
2019-04-01 21:32:40 INFO     Batch: [0/120] Epoch: [0] Loss: [2.2772927284240723]
2019-04-01 21:32:42 INFO     Accuracy: [0.1889090909090909]

2019-04-01 21:32:42 INFO     Batch: [1/120] Epoch: [0] Loss: [2.2673782110214233]
2019-04-01 21:32:42 INFO     Batch: [2/120] Epoch: [0] Loss: [2.2594507535298667]
2019-04-01 21:32:42 INFO     Batch: [3/120] Epoch: [0] Loss: [2.253969371318817]
2019-04-01 21:32:42 INFO     Batch: [4/120] Epoch: [0] Loss: [2.2515946865081786]
2019-04-01 21:32:42 INFO     Batch: [5/120] Epoch: [0] Loss: [2.2495152155558267]
2019-04-01 21:32:42 INFO     Batch: [6/120] Epoch: [0] Loss: [2.242969342640468]
2019-04-01 21:32:43 INFO     Batch: [7/120] Epoch: [0] Loss: [2.236455798149109]
2019-04-01 21:32:43 INFO     Batch: [8/120] Epoch: [0] Loss: [2.2306655248006186]
2019-04-01 21:32:43 INFO     Batch: [9/120] Epoch: [0] Loss: [2.226452350616455]
2019-04-01 21:32:43 INFO     Batch: [10/120] Epoch: [0] Loss: [2.2212382663380015]
2019-04-01 21:32:43 INFO     Batch: [11/120] Epoch: [0] Loss: [2.2166530887285867]
2019-04-01 21:32:43 INFO     Batch: [12/120] Epoch: [0] Loss: [2.212771067252526]
2019-04-01 21:32:43 INFO     Batch: [13/120] Epoch: [0] Loss: [2.209444727216448]
2019-04-01 21:32:44 INFO     Batch: [14/120] Epoch: [0] Loss: [2.2049266974131267]
2019-04-01 21:32:44 INFO     Batch: [15/120] Epoch: [0] Loss: [2.200725644826889]
2019-04-01 21:32:44 INFO     Batch: [16/120] Epoch: [0] Loss: [2.1971824449651383]
2019-04-01 21:32:44 INFO     Batch: [17/120] Epoch: [0] Loss: [2.1947579781214395]
2019-04-01 21:32:44 INFO     Batch: [18/120] Epoch: [0] Loss: [2.1901955353586295]
2019-04-01 21:32:44 INFO     Batch: [19/120] Epoch: [0] Loss: [2.1857407212257387]
2019-04-01 21:32:44 INFO     Batch: [20/120] Epoch: [0] Loss: [2.183934359323411]
2019-04-01 21:32:45 INFO     Batch: [21/120] Epoch: [0] Loss: [2.1794812137430366]
2019-04-01 21:32:45 INFO     Batch: [22/120] Epoch: [0] Loss: [2.1752532357754917]
2019-04-01 21:32:45 INFO     Batch: [23/120] Epoch: [0] Loss: [2.1707728505134583]
2019-04-01 21:32:45 INFO     Batch: [24/120] Epoch: [0] Loss: [2.168363723754883]
2019-04-01 21:32:45 INFO     Batch: [25/120] Epoch: [0] Loss: [2.1647893465482273]
2019-04-01 21:32:45 INFO     Batch: [26/120] Epoch: [0] Loss: [2.1623646683163114]
2019-04-01 21:32:45 INFO     Batch: [27/120] Epoch: [0] Loss: [2.160327238695962]
2019-04-01 21:32:46 INFO     Batch: [28/120] Epoch: [0] Loss: [2.156911858196916]
2019-04-01 21:32:46 INFO     Batch: [29/120] Epoch: [0] Loss: [2.1537911971410115]
2019-04-01 21:32:46 INFO     Batch: [30/120] Epoch: [0] Loss: [2.15126714398784]
2019-04-01 21:32:46 INFO     Batch: [31/120] Epoch: [0] Loss: [2.148890405893326]
2019-04-01 21:32:46 INFO     Batch: [32/120] Epoch: [0] Loss: [2.146534464576028]
2019-04-01 21:32:46 INFO     Batch: [33/120] Epoch: [0] Loss: [2.142668871318593]
2019-04-01 21:32:46 INFO     Batch: [34/120] Epoch: [0] Loss: [2.1401518617357524]
2019-04-01 21:32:46 INFO     Batch: [35/120] Epoch: [0] Loss: [2.1380739741855197]
2019-04-01 21:32:47 INFO     Batch: [36/120] Epoch: [0] Loss: [2.136123715220271]
2019-04-01 21:32:47 INFO     Batch: [37/120] Epoch: [0] Loss: [2.133437012371264]
2019-04-01 21:32:47 INFO     Batch: [38/120] Epoch: [0] Loss: [2.1312887240678835]
2019-04-01 21:32:47 INFO     Batch: [39/120] Epoch: [0] Loss: [2.1290392935276032]
2019-04-01 21:32:47 INFO     Batch: [40/120] Epoch: [0] Loss: [2.1260409645917937]
2019-04-01 21:32:47 INFO     Batch: [41/120] Epoch: [0] Loss: [2.123937794140407]
2019-04-01 21:32:47 INFO     Batch: [42/120] Epoch: [0] Loss: [2.1216447963271032]
2019-04-01 21:32:48 INFO     Batch: [43/120] Epoch: [0] Loss: [2.1183578968048096]
2019-04-01 21:32:48 INFO     Batch: [44/120] Epoch: [0] Loss: [2.1165875169965958]
2019-04-01 21:32:48 INFO     Batch: [45/120] Epoch: [0] Loss: [2.1148881134779556]
2019-04-01 21:32:48 INFO     Batch: [46/120] Epoch: [0] Loss: [2.112598860517461]
2019-04-01 21:32:48 INFO     Batch: [47/120] Epoch: [0] Loss: [2.110155110557874]
2019-04-01 21:32:48 INFO     Batch: [48/120] Epoch: [0] Loss: [2.1084710383901792]
2019-04-01 21:32:48 INFO     Batch: [49/120] Epoch: [0] Loss: [2.1055507850646973]
2019-04-01 21:32:49 INFO     Batch: [50/120] Epoch: [0] Loss: [2.102609582975799]
2019-04-01 21:32:49 INFO     Batch: [51/120] Epoch: [0] Loss: [2.100930690765381]
2019-04-01 21:32:49 INFO     Batch: [52/120] Epoch: [0] Loss: [2.0993746496596426]
2019-04-01 21:32:49 INFO     Batch: [53/120] Epoch: [0] Loss: [2.0983973653228194]
2019-04-01 21:32:49 INFO     Batch: [54/120] Epoch: [0] Loss: [2.0967107035896997]
2019-04-01 21:32:49 INFO     Batch: [55/120] Epoch: [0] Loss: [2.09552150113242]
2019-04-01 21:32:49 INFO     Batch: [56/120] Epoch: [0] Loss: [2.0933305359723273]
2019-04-01 21:32:50 INFO     Batch: [57/120] Epoch: [0] Loss: [2.0920504352142073]
2019-04-01 21:32:50 INFO     Batch: [58/120] Epoch: [0] Loss: [2.0899675761239003]
2019-04-01 21:32:50 INFO     Batch: [59/120] Epoch: [0] Loss: [2.0883057872454325]
2019-04-01 21:32:50 INFO     Batch: [60/120] Epoch: [0] Loss: [2.085943161464128]
2019-04-01 21:32:50 INFO     Batch: [61/120] Epoch: [0] Loss: [2.0835251039074314]
2019-04-01 21:32:50 INFO     Batch: [62/120] Epoch: [0] Loss: [2.0824651869516524]
2019-04-01 21:32:50 INFO     Batch: [63/120] Epoch: [0] Loss: [2.0800635181367397]
2019-04-01 21:32:51 INFO     Batch: [64/120] Epoch: [0] Loss: [2.07823965549469]
2019-04-01 21:32:51 INFO     Batch: [65/120] Epoch: [0] Loss: [2.0770580967267356]
2019-04-01 21:32:51 INFO     Batch: [66/120] Epoch: [0] Loss: [2.0748954548764584]
2019-04-01 21:32:51 INFO     Batch: [67/120] Epoch: [0] Loss: [2.0732432744082283]
2019-04-01 21:32:51 INFO     Batch: [68/120] Epoch: [0] Loss: [2.071251178133315]
2019-04-01 21:32:51 INFO     Batch: [69/120] Epoch: [0] Loss: [2.069538082395281]
2019-04-01 21:32:51 INFO     Batch: [70/120] Epoch: [0] Loss: [2.067301803911236]
2019-04-01 21:32:52 INFO     Batch: [71/120] Epoch: [0] Loss: [2.0652903848224216]
2019-04-01 21:32:52 INFO     Batch: [72/120] Epoch: [0] Loss: [2.0636665135213774]
2019-04-01 21:32:52 INFO     Batch: [73/120] Epoch: [0] Loss: [2.061425568284215]
2019-04-01 21:32:52 INFO     Batch: [74/120] Epoch: [0] Loss: [2.059431176185608]
2019-04-01 21:32:52 INFO     Batch: [75/120] Epoch: [0] Loss: [2.0580763189416182]
2019-04-01 21:32:52 INFO     Batch: [76/120] Epoch: [0] Loss: [2.056291956406135]
2019-04-01 21:32:52 INFO     Batch: [77/120] Epoch: [0] Loss: [2.054139508650853]
2019-04-01 21:32:52 INFO     Batch: [78/120] Epoch: [0] Loss: [2.0526771545410156]
2019-04-01 21:32:53 INFO     Batch: [79/120] Epoch: [0] Loss: [2.0508738949894907]
2019-04-01 21:32:53 INFO     Batch: [80/120] Epoch: [0] Loss: [2.0488566557566323]
2019-04-01 21:32:53 INFO     Batch: [81/120] Epoch: [0] Loss: [2.046692256520434]
2019-04-01 21:32:53 INFO     Batch: [82/120] Epoch: [0] Loss: [2.0449287877025375]
2019-04-01 21:32:53 INFO     Batch: [83/120] Epoch: [0] Loss: [2.042573842264357]
2019-04-01 21:32:53 INFO     Batch: [84/120] Epoch: [0] Loss: [2.040315262009116]
2019-04-01 21:32:53 INFO     Batch: [85/120] Epoch: [0] Loss: [2.0385737211205237]
2019-04-01 21:32:54 INFO     Batch: [86/120] Epoch: [0] Loss: [2.0367306923044137]
2019-04-01 21:32:54 INFO     Batch: [87/120] Epoch: [0] Loss: [2.0350889468734916]
2019-04-01 21:32:54 INFO     Batch: [88/120] Epoch: [0] Loss: [2.033346888724338]
2019-04-01 21:32:54 INFO     Batch: [89/120] Epoch: [0] Loss: [2.0313632713423835]
2019-04-01 21:32:54 INFO     Batch: [90/120] Epoch: [0] Loss: [2.029054256585928]
2019-04-01 21:32:54 INFO     Batch: [91/120] Epoch: [0] Loss: [2.027206470137057]
2019-04-01 21:32:54 INFO     Batch: [92/120] Epoch: [0] Loss: [2.024631841208345]
2019-04-01 21:32:55 INFO     Batch: [93/120] Epoch: [0] Loss: [2.022745245314659]
2019-04-01 21:32:55 INFO     Batch: [94/120] Epoch: [0] Loss: [2.020608333537453]
2019-04-01 21:32:55 INFO     Batch: [95/120] Epoch: [0] Loss: [2.018468853086233]
2019-04-01 21:32:55 INFO     Batch: [96/120] Epoch: [0] Loss: [2.0170525607374525]
2019-04-01 21:32:55 INFO     Batch: [97/120] Epoch: [0] Loss: [2.0149710360838444]
2019-04-01 21:32:55 INFO     Batch: [98/120] Epoch: [0] Loss: [2.0129226289614284]
2019-04-01 21:32:55 INFO     Batch: [99/120] Epoch: [0] Loss: [2.011061942577362]
2019-04-01 21:32:56 INFO     Batch: [100/120] Epoch: [0] Loss: [2.009243426936688]
2019-04-01 21:32:56 INFO     Batch: [101/120] Epoch: [0] Loss: [2.007640126873465]
2019-04-01 21:32:56 INFO     Batch: [102/120] Epoch: [0] Loss: [2.005800800416076]
2019-04-01 21:32:56 INFO     Batch: [103/120] Epoch: [0] Loss: [2.003868614251797]
2019-04-01 21:32:56 INFO     Batch: [104/120] Epoch: [0] Loss: [2.0025392066864742]
2019-04-01 21:32:56 INFO     Batch: [105/120] Epoch: [0] Loss: [2.000633903269498]
2019-04-01 21:32:56 INFO     Batch: [106/120] Epoch: [0] Loss: [1.999092145500896]
2019-04-01 21:32:57 INFO     Batch: [107/120] Epoch: [0] Loss: [1.9964423753597118]
2019-04-01 21:32:57 INFO     Batch: [108/120] Epoch: [0] Loss: [1.994708464779985]
2019-04-01 21:32:57 INFO     Batch: [109/120] Epoch: [0] Loss: [1.9930834293365478]
2019-04-01 21:32:57 INFO     Batch: [110/120] Epoch: [0] Loss: [1.9909198520419833]
2019-04-01 21:32:57 INFO     Batch: [111/120] Epoch: [0] Loss: [1.9894601958138602]
2019-04-01 21:32:57 INFO     Batch: [112/120] Epoch: [0] Loss: [1.9874043654551548]
2019-04-01 21:32:57 INFO     Batch: [113/120] Epoch: [0] Loss: [1.9851071792736388]
2019-04-01 21:32:58 INFO     Batch: [114/120] Epoch: [0] Loss: [1.9832978694335275]
2019-04-01 21:32:58 INFO     Batch: [115/120] Epoch: [0] Loss: [1.9818838012629543]
2019-04-01 21:32:58 INFO     Batch: [116/120] Epoch: [0] Loss: [1.9795760303481011]
2019-04-01 21:32:58 INFO     Batch: [117/120] Epoch: [0] Loss: [1.9776494907120528]
2019-04-01 21:32:58 INFO     Batch: [118/120] Epoch: [0] Loss: [1.9751556731071793]
2019-04-01 21:32:58 INFO     Batch: [119/120] Epoch: [0] Loss: [1.9736305822928746]
2019-04-01 21:33:00 INFO     Epoch: [0/200] Loss: [1.9736305822928746] Accuracy: [0.4407272727272727]
2019-04-01 21:33:00 INFO     Batch: [0/120] Epoch: [1] Loss: [1.6997581720352173]
2019-04-01 21:33:01 INFO     Accuracy: [0.44909090909090915]

2019-04-01 21:33:01 INFO     Batch: [1/120] Epoch: [1] Loss: [1.7398533821105957]
2019-04-01 21:33:01 INFO     Batch: [2/120] Epoch: [1] Loss: [1.7179065148035686]
2019-04-01 21:33:01 INFO     Batch: [3/120] Epoch: [1] Loss: [1.7235700190067291]
2019-04-01 21:33:02 INFO     Batch: [4/120] Epoch: [1] Loss: [1.7292404890060424]
2019-04-01 21:33:02 INFO     Batch: [5/120] Epoch: [1] Loss: [1.716940462589264]
2019-04-01 21:33:02 INFO     Batch: [6/120] Epoch: [1] Loss: [1.7135756015777588]
2019-04-01 21:33:02 INFO     Batch: [7/120] Epoch: [1] Loss: [1.7130364924669266]
2019-04-01 21:33:02 INFO     Batch: [8/120] Epoch: [1] Loss: [1.713672227329678]
2019-04-01 21:33:02 INFO     Batch: [9/120] Epoch: [1] Loss: [1.7130755543708802]
2019-04-01 21:33:02 INFO     Batch: [10/120] Epoch: [1] Loss: [1.714365308934992]
2019-04-01 21:33:03 INFO     Batch: [11/120] Epoch: [1] Loss: [1.7152418792247772]
2019-04-01 21:33:03 INFO     Batch: [12/120] Epoch: [1] Loss: [1.7137229992793157]
2019-04-01 21:33:03 INFO     Batch: [13/120] Epoch: [1] Loss: [1.7177566375051225]
2019-04-01 21:33:03 INFO     Batch: [14/120] Epoch: [1] Loss: [1.7161852995554605]
2019-04-01 21:33:03 INFO     Batch: [15/120] Epoch: [1] Loss: [1.7157530412077904]
2019-04-01 21:33:03 INFO     Batch: [16/120] Epoch: [1] Loss: [1.716415945221396]
2019-04-01 21:33:03 INFO     Batch: [17/120] Epoch: [1] Loss: [1.7133285800615947]
2019-04-01 21:33:04 INFO     Batch: [18/120] Epoch: [1] Loss: [1.711963371226662]
2019-04-01 21:33:04 INFO     Batch: [19/120] Epoch: [1] Loss: [1.7098607003688813]
2019-04-01 21:33:04 INFO     Batch: [20/120] Epoch: [1] Loss: [1.7082527251470656]
2019-04-01 21:33:04 INFO     Batch: [21/120] Epoch: [1] Loss: [1.706372401931069]
2019-04-01 21:33:04 INFO     Batch: [22/120] Epoch: [1] Loss: [1.704854991125024]
2019-04-01 21:33:04 INFO     Batch: [23/120] Epoch: [1] Loss: [1.7039775749047597]
2019-04-01 21:33:04 INFO     Batch: [24/120] Epoch: [1] Loss: [1.7007792043685912]
2019-04-01 21:33:05 INFO     Batch: [25/120] Epoch: [1] Loss: [1.6998634063280547]
2019-04-01 21:33:05 INFO     Batch: [26/120] Epoch: [1] Loss: [1.6995308222594085]
2019-04-01 21:33:05 INFO     Batch: [27/120] Epoch: [1] Loss: [1.6980294457503728]
2019-04-01 21:33:05 INFO     Batch: [28/120] Epoch: [1] Loss: [1.6967632606111724]
2019-04-01 21:33:05 INFO     Batch: [29/120] Epoch: [1] Loss: [1.694108239809672]
2019-04-01 21:33:05 INFO     Batch: [30/120] Epoch: [1] Loss: [1.6911020278930664]
2019-04-01 21:33:05 INFO     Batch: [31/120] Epoch: [1] Loss: [1.6884064562618732]
2019-04-01 21:33:05 INFO     Batch: [32/120] Epoch: [1] Loss: [1.6878490375749993]
2019-04-01 21:33:06 INFO     Batch: [33/120] Epoch: [1] Loss: [1.6882536376223845]
2019-04-01 21:33:06 INFO     Batch: [34/120] Epoch: [1] Loss: [1.6857863698686872]
2019-04-01 21:33:06 INFO     Batch: [35/120] Epoch: [1] Loss: [1.685435073243247]
2019-04-01 21:33:06 INFO     Batch: [36/120] Epoch: [1] Loss: [1.6833558275892928]
2019-04-01 21:33:06 INFO     Batch: [37/120] Epoch: [1] Loss: [1.6822857543041831]
2019-04-01 21:33:06 INFO     Batch: [38/120] Epoch: [1] Loss: [1.68046523974492]
2019-04-01 21:33:06 INFO     Batch: [39/120] Epoch: [1] Loss: [1.6774369031190872]
2019-04-01 21:33:07 INFO     Batch: [40/120] Epoch: [1] Loss: [1.6764091020677148]
2019-04-01 21:33:07 INFO     Batch: [41/120] Epoch: [1] Loss: [1.6746118920189994]
2019-04-01 21:33:07 INFO     Batch: [42/120] Epoch: [1] Loss: [1.6750972132350124]
2019-04-01 21:33:07 INFO     Batch: [43/120] Epoch: [1] Loss: [1.6747758415612308]
2019-04-01 21:33:07 INFO     Batch: [44/120] Epoch: [1] Loss: [1.6730248477723864]
2019-04-01 21:33:07 INFO     Batch: [45/120] Epoch: [1] Loss: [1.6721087616422903]
2019-04-01 21:33:07 INFO     Batch: [46/120] Epoch: [1] Loss: [1.6713252448021096]
2019-04-01 21:33:08 INFO     Batch: [47/120] Epoch: [1] Loss: [1.6696522037188213]
2019-04-01 21:33:08 INFO     Batch: [48/120] Epoch: [1] Loss: [1.6692460799703792]
2019-04-01 21:33:08 INFO     Batch: [49/120] Epoch: [1] Loss: [1.6687124681472778]
2019-04-01 21:33:08 INFO     Batch: [50/120] Epoch: [1] Loss: [1.6689996345370424]
2019-04-01 21:33:08 INFO     Batch: [51/120] Epoch: [1] Loss: [1.66930448779693]
2019-04-01 21:33:08 INFO     Batch: [52/120] Epoch: [1] Loss: [1.6693752081889026]
2019-04-01 21:33:08 INFO     Batch: [53/120] Epoch: [1] Loss: [1.6685069402058919]
2019-04-01 21:33:09 INFO     Batch: [54/120] Epoch: [1] Loss: [1.6686659184369175]
2019-04-01 21:33:09 INFO     Batch: [55/120] Epoch: [1] Loss: [1.6683799709592546]
2019-04-01 21:33:09 INFO     Batch: [56/120] Epoch: [1] Loss: [1.6671514427452756]
2019-04-01 21:33:09 INFO     Batch: [57/120] Epoch: [1] Loss: [1.667365326963622]
2019-04-01 21:33:09 INFO     Batch: [58/120] Epoch: [1] Loss: [1.6663395570496382]
2019-04-01 21:33:09 INFO     Batch: [59/120] Epoch: [1] Loss: [1.665720917781194]
2019-04-01 21:33:09 INFO     Batch: [60/120] Epoch: [1] Loss: [1.6653312874622033]
2019-04-01 21:33:10 INFO     Batch: [61/120] Epoch: [1] Loss: [1.6649948685399947]
2019-04-01 21:33:10 INFO     Batch: [62/120] Epoch: [1] Loss: [1.6642061869303386]
2019-04-01 21:33:10 INFO     Batch: [63/120] Epoch: [1] Loss: [1.6635096352547407]
2019-04-01 21:33:10 INFO     Batch: [64/120] Epoch: [1] Loss: [1.6627338171005248]
2019-04-01 21:33:10 INFO     Batch: [65/120] Epoch: [1] Loss: [1.6616925145640518]
2019-04-01 21:33:10 INFO     Batch: [66/120] Epoch: [1] Loss: [1.6615665119085739]
2019-04-01 21:33:10 INFO     Batch: [67/120] Epoch: [1] Loss: [1.6608384304186876]
2019-04-01 21:33:11 INFO     Batch: [68/120] Epoch: [1] Loss: [1.6599098910456118]
2019-04-01 21:33:11 INFO     Batch: [69/120] Epoch: [1] Loss: [1.658334369318826]
2019-04-01 21:33:11 INFO     Batch: [70/120] Epoch: [1] Loss: [1.6566875014506595]
2019-04-01 21:33:11 INFO     Batch: [71/120] Epoch: [1] Loss: [1.6545390867524676]
2019-04-01 21:33:11 INFO     Batch: [72/120] Epoch: [1] Loss: [1.6534413197269178]
2019-04-01 21:33:11 INFO     Batch: [73/120] Epoch: [1] Loss: [1.6523675419188835]
2019-04-01 21:33:11 INFO     Batch: [74/120] Epoch: [1] Loss: [1.6506579526265461]
2019-04-01 21:33:11 INFO     Batch: [75/120] Epoch: [1] Loss: [1.6500385325205953]
2019-04-01 21:33:12 INFO     Batch: [76/120] Epoch: [1] Loss: [1.647931676406365]
2019-04-01 21:33:12 INFO     Batch: [77/120] Epoch: [1] Loss: [1.6459216123972185]
2019-04-01 21:33:12 INFO     Batch: [78/120] Epoch: [1] Loss: [1.6443643343599537]
2019-04-01 21:33:12 INFO     Batch: [79/120] Epoch: [1] Loss: [1.642629113793373]
2019-04-01 21:33:12 INFO     Batch: [80/120] Epoch: [1] Loss: [1.6405566062456296]
2019-04-01 21:33:12 INFO     Batch: [81/120] Epoch: [1] Loss: [1.638422833710182]
2019-04-01 21:33:12 INFO     Batch: [82/120] Epoch: [1] Loss: [1.636948872761554]
2019-04-01 21:33:13 INFO     Batch: [83/120] Epoch: [1] Loss: [1.6351953375907171]
2019-04-01 21:33:13 INFO     Batch: [84/120] Epoch: [1] Loss: [1.6332829601624432]
2019-04-01 21:33:13 INFO     Batch: [85/120] Epoch: [1] Loss: [1.6314640724381735]
2019-04-01 21:33:13 INFO     Batch: [86/120] Epoch: [1] Loss: [1.6298815025680367]
2019-04-01 21:33:13 INFO     Batch: [87/120] Epoch: [1] Loss: [1.6285550729794935]
2019-04-01 21:33:13 INFO     Batch: [88/120] Epoch: [1] Loss: [1.6263314030143652]
2019-04-01 21:33:13 INFO     Batch: [89/120] Epoch: [1] Loss: [1.623740005493164]
2019-04-01 21:33:14 INFO     Batch: [90/120] Epoch: [1] Loss: [1.6229163395179498]
2019-04-01 21:33:14 INFO     Batch: [91/120] Epoch: [1] Loss: [1.620967420546905]
2019-04-01 21:33:14 INFO     Batch: [92/120] Epoch: [1] Loss: [1.6191158358768751]
2019-04-01 21:33:14 INFO     Batch: [93/120] Epoch: [1] Loss: [1.6176965541027961]
2019-04-01 21:33:14 INFO     Batch: [94/120] Epoch: [1] Loss: [1.6159481174067447]
2019-04-01 21:33:14 INFO     Batch: [95/120] Epoch: [1] Loss: [1.6143329615394275]
2019-04-01 21:33:14 INFO     Batch: [96/120] Epoch: [1] Loss: [1.6122756495918196]
2019-04-01 21:33:14 INFO     Batch: [97/120] Epoch: [1] Loss: [1.6117459742390379]
2019-04-01 21:33:15 INFO     Batch: [98/120] Epoch: [1] Loss: [1.6103835756128484]
2019-04-01 21:33:15 INFO     Batch: [99/120] Epoch: [1] Loss: [1.6094819736480712]
2019-04-01 21:33:15 INFO     Batch: [100/120] Epoch: [1] Loss: [1.6083240733288302]
2019-04-01 21:33:15 INFO     Batch: [101/120] Epoch: [1] Loss: [1.6070860846369874]
2019-04-01 21:33:15 INFO     Batch: [102/120] Epoch: [1] Loss: [1.6056686905981268]
2019-04-01 21:33:15 INFO     Batch: [103/120] Epoch: [1] Loss: [1.6046082285734324]
2019-04-01 21:33:15 INFO     Batch: [104/120] Epoch: [1] Loss: [1.6035313254310972]
2019-04-01 21:33:16 INFO     Batch: [105/120] Epoch: [1] Loss: [1.6024318404917448]
2019-04-01 21:33:16 INFO     Batch: [106/120] Epoch: [1] Loss: [1.6012486130277688]
2019-04-01 21:33:16 INFO     Batch: [107/120] Epoch: [1] Loss: [1.6002921649703272]
2019-04-01 21:33:16 INFO     Batch: [108/120] Epoch: [1] Loss: [1.5995734405080113]
2019-04-01 21:33:16 INFO     Batch: [109/120] Epoch: [1] Loss: [1.5985879269513217]
2019-04-01 21:33:16 INFO     Batch: [110/120] Epoch: [1] Loss: [1.597019539223061]
2019-04-01 21:33:16 INFO     Batch: [111/120] Epoch: [1] Loss: [1.5963136702775955]
2019-04-01 21:33:16 INFO     Batch: [112/120] Epoch: [1] Loss: [1.5954916867534672]
2019-04-01 21:33:17 INFO     Batch: [113/120] Epoch: [1] Loss: [1.594195921170084]
2019-04-01 21:33:17 INFO     Batch: [114/120] Epoch: [1] Loss: [1.5931447702905406]
2019-04-01 21:33:17 INFO     Batch: [115/120] Epoch: [1] Loss: [1.591627907136391]
2019-04-01 21:33:17 INFO     Batch: [116/120] Epoch: [1] Loss: [1.590506589310801]
2019-04-01 21:33:17 INFO     Batch: [117/120] Epoch: [1] Loss: [1.5894807284161196]
2019-04-01 21:33:17 INFO     Batch: [118/120] Epoch: [1] Loss: [1.5890502859564388]
2019-04-01 21:33:17 INFO     Batch: [119/120] Epoch: [1] Loss: [1.5885570387045542]
2019-04-01 21:33:19 INFO     Epoch: [1/200] Loss: [1.5885570387045542] Accuracy: [0.4974545454545455]
2019-04-01 21:33:19 INFO     Batch: [0/120] Epoch: [2] Loss: [1.4761849641799927]
2019-04-01 21:33:20 INFO     Accuracy: [0.5105454545454546]

2019-04-01 21:33:20 INFO     Batch: [1/120] Epoch: [2] Loss: [1.438087821006775]
2019-04-01 21:33:20 INFO     Batch: [2/120] Epoch: [2] Loss: [1.4612293640772502]
2019-04-01 21:33:21 INFO     Batch: [3/120] Epoch: [2] Loss: [1.46013742685318]
2019-04-01 21:33:21 INFO     Batch: [4/120] Epoch: [2] Loss: [1.4652812242507935]
2019-04-01 21:33:21 INFO     Batch: [5/120] Epoch: [2] Loss: [1.4620213309923809]
2019-04-01 21:33:21 INFO     Batch: [6/120] Epoch: [2] Loss: [1.464295710836138]
2019-04-01 21:33:21 INFO     Batch: [7/120] Epoch: [2] Loss: [1.454305723309517]
2019-04-01 21:33:21 INFO     Batch: [8/120] Epoch: [2] Loss: [1.4575007094277277]
2019-04-01 21:33:21 INFO     Batch: [9/120] Epoch: [2] Loss: [1.4494505643844604]
2019-04-01 21:33:22 INFO     Batch: [10/120] Epoch: [2] Loss: [1.4439439340071245]
2019-04-01 21:33:22 INFO     Batch: [11/120] Epoch: [2] Loss: [1.4497269292672474]
2019-04-01 21:33:22 INFO     Batch: [12/120] Epoch: [2] Loss: [1.4490503256137555]
2019-04-01 21:33:22 INFO     Batch: [13/120] Epoch: [2] Loss: [1.446448300565992]
2019-04-01 21:33:22 INFO     Batch: [14/120] Epoch: [2] Loss: [1.4490272124608359]
2019-04-01 21:33:22 INFO     Batch: [15/120] Epoch: [2] Loss: [1.4495064616203308]
2019-04-01 21:33:22 INFO     Batch: [16/120] Epoch: [2] Loss: [1.44659344589009]
2019-04-01 21:33:23 INFO     Batch: [17/120] Epoch: [2] Loss: [1.4481595953305562]
2019-04-01 21:33:23 INFO     Batch: [18/120] Epoch: [2] Loss: [1.449597910830849]
2019-04-01 21:33:23 INFO     Batch: [19/120] Epoch: [2] Loss: [1.449770337343216]
2019-04-01 21:33:23 INFO     Batch: [20/120] Epoch: [2] Loss: [1.4516738937014626]
2019-04-01 21:33:23 INFO     Batch: [21/120] Epoch: [2] Loss: [1.4516905275258152]
2019-04-01 21:33:23 INFO     Batch: [22/120] Epoch: [2] Loss: [1.452805493188941]
2019-04-01 21:33:23 INFO     Batch: [23/120] Epoch: [2] Loss: [1.451705386241277]
2019-04-01 21:33:24 INFO     Batch: [24/120] Epoch: [2] Loss: [1.452759394645691]
2019-04-01 21:33:24 INFO     Batch: [25/120] Epoch: [2] Loss: [1.455419687124399]
2019-04-01 21:33:24 INFO     Batch: [26/120] Epoch: [2] Loss: [1.4538411299387615]
2019-04-01 21:33:24 INFO     Batch: [27/120] Epoch: [2] Loss: [1.4513026901653834]
2019-04-01 21:33:24 INFO     Batch: [28/120] Epoch: [2] Loss: [1.4522062211201108]
2019-04-01 21:33:24 INFO     Batch: [29/120] Epoch: [2] Loss: [1.4518127719561258]
2019-04-01 21:33:24 INFO     Batch: [30/120] Epoch: [2] Loss: [1.4552273981032833]
2019-04-01 21:33:24 INFO     Batch: [31/120] Epoch: [2] Loss: [1.4582399390637875]
2019-04-01 21:33:25 INFO     Batch: [32/120] Epoch: [2] Loss: [1.4623442201903372]
2019-04-01 21:33:25 INFO     Batch: [33/120] Epoch: [2] Loss: [1.4625993230763603]
2019-04-01 21:33:25 INFO     Batch: [34/120] Epoch: [2] Loss: [1.4624750682285854]
2019-04-01 21:33:25 INFO     Batch: [35/120] Epoch: [2] Loss: [1.4636138180891674]
2019-04-01 21:33:25 INFO     Batch: [36/120] Epoch: [2] Loss: [1.4630615936743248]
2019-04-01 21:33:25 INFO     Batch: [37/120] Epoch: [2] Loss: [1.4633039424293919]
2019-04-01 21:33:25 INFO     Batch: [38/120] Epoch: [2] Loss: [1.463789307154142]
2019-04-01 21:33:26 INFO     Batch: [39/120] Epoch: [2] Loss: [1.4674480080604553]
2019-04-01 21:33:26 INFO     Batch: [40/120] Epoch: [2] Loss: [1.4689212688585607]
2019-04-01 21:33:26 INFO     Batch: [41/120] Epoch: [2] Loss: [1.4691611783845084]
2019-04-01 21:33:26 INFO     Batch: [42/120] Epoch: [2] Loss: [1.4711771427198899]
2019-04-01 21:33:26 INFO     Batch: [43/120] Epoch: [2] Loss: [1.4715817218477076]
2019-04-01 21:33:26 INFO     Batch: [44/120] Epoch: [2] Loss: [1.4708456940121122]
2019-04-01 21:33:26 INFO     Batch: [45/120] Epoch: [2] Loss: [1.4705474739489348]
2019-04-01 21:33:27 INFO     Batch: [46/120] Epoch: [2] Loss: [1.4707115787140868]
2019-04-01 21:33:27 INFO     Batch: [47/120] Epoch: [2] Loss: [1.4708742201328278]
2019-04-01 21:33:27 INFO     Batch: [48/120] Epoch: [2] Loss: [1.470732418858275]
2019-04-01 21:33:27 INFO     Batch: [49/120] Epoch: [2] Loss: [1.4714589548110961]
2019-04-01 21:33:27 INFO     Batch: [50/120] Epoch: [2] Loss: [1.4714907127268173]
2019-04-01 21:33:27 INFO     Batch: [51/120] Epoch: [2] Loss: [1.4718765455942888]
2019-04-01 21:33:27 INFO     Batch: [52/120] Epoch: [2] Loss: [1.4713880003623243]
2019-04-01 21:33:28 INFO     Batch: [53/120] Epoch: [2] Loss: [1.4699176682366266]
2019-04-01 21:33:28 INFO     Batch: [54/120] Epoch: [2] Loss: [1.4700526215813376]
2019-04-01 21:33:28 INFO     Batch: [55/120] Epoch: [2] Loss: [1.4690928544316972]
2019-04-01 21:33:28 INFO     Batch: [56/120] Epoch: [2] Loss: [1.4666845819406342]
2019-04-01 21:33:28 INFO     Batch: [57/120] Epoch: [2] Loss: [1.465692937374115]
2019-04-01 21:33:28 INFO     Batch: [58/120] Epoch: [2] Loss: [1.4648078801268238]
2019-04-01 21:33:28 INFO     Batch: [59/120] Epoch: [2] Loss: [1.4633061389128368]
2019-04-01 21:33:29 INFO     Batch: [60/120] Epoch: [2] Loss: [1.46069293725686]
2019-04-01 21:33:29 INFO     Batch: [61/120] Epoch: [2] Loss: [1.4597022898735539]
2019-04-01 21:33:29 INFO     Batch: [62/120] Epoch: [2] Loss: [1.4578911501263816]
2019-04-01 21:33:29 INFO     Batch: [63/120] Epoch: [2] Loss: [1.4576569888740778]
2019-04-01 21:33:29 INFO     Batch: [64/120] Epoch: [2] Loss: [1.4554273917124823]
2019-04-01 21:33:29 INFO     Batch: [65/120] Epoch: [2] Loss: [1.453347764231942]
2019-04-01 21:33:29 INFO     Batch: [66/120] Epoch: [2] Loss: [1.4497780390639803]
2019-04-01 21:33:30 INFO     Batch: [67/120] Epoch: [2] Loss: [1.4492333969649147]
2019-04-01 21:33:30 INFO     Batch: [68/120] Epoch: [2] Loss: [1.447170803512352]
2019-04-01 21:33:30 INFO     Batch: [69/120] Epoch: [2] Loss: [1.4454948629651752]
2019-04-01 21:33:30 INFO     Batch: [70/120] Epoch: [2] Loss: [1.4436872861754726]
2019-04-01 21:33:30 INFO     Batch: [71/120] Epoch: [2] Loss: [1.441189694735739]
2019-04-01 21:33:30 INFO     Batch: [72/120] Epoch: [2] Loss: [1.4384385363696373]
2019-04-01 21:33:30 INFO     Batch: [73/120] Epoch: [2] Loss: [1.4356813060270774]
2019-04-01 21:33:31 INFO     Batch: [74/120] Epoch: [2] Loss: [1.434463431040446]
2019-04-01 21:33:31 INFO     Batch: [75/120] Epoch: [2] Loss: [1.432312841478147]
2019-04-01 21:33:31 INFO     Batch: [76/120] Epoch: [2] Loss: [1.43115513355701]
2019-04-01 21:33:31 INFO     Batch: [77/120] Epoch: [2] Loss: [1.429398286036956]
2019-04-01 21:33:31 INFO     Batch: [78/120] Epoch: [2] Loss: [1.4275201951401144]
2019-04-01 21:33:31 INFO     Batch: [79/120] Epoch: [2] Loss: [1.4262871772050858]
2019-04-01 21:33:31 INFO     Batch: [80/120] Epoch: [2] Loss: [1.4255677844271248]
2019-04-01 21:33:31 INFO     Batch: [81/120] Epoch: [2] Loss: [1.4243000978376807]
2019-04-01 21:33:32 INFO     Batch: [82/120] Epoch: [2] Loss: [1.424921946353223]
2019-04-01 21:33:32 INFO     Batch: [83/120] Epoch: [2] Loss: [1.4245943200020563]
2019-04-01 21:33:32 INFO     Batch: [84/120] Epoch: [2] Loss: [1.424165184357587]
2019-04-01 21:33:32 INFO     Batch: [85/120] Epoch: [2] Loss: [1.4240624876909478]
2019-04-01 21:33:32 INFO     Batch: [86/120] Epoch: [2] Loss: [1.4230193954774704]
2019-04-01 21:33:32 INFO     Batch: [87/120] Epoch: [2] Loss: [1.4225138276815414]
2019-04-01 21:33:32 INFO     Batch: [88/120] Epoch: [2] Loss: [1.4226137332701951]
2019-04-01 21:33:33 INFO     Batch: [89/120] Epoch: [2] Loss: [1.422132228480445]
2019-04-01 21:33:33 INFO     Batch: [90/120] Epoch: [2] Loss: [1.4206847424035545]
2019-04-01 21:33:33 INFO     Batch: [91/120] Epoch: [2] Loss: [1.420100441445475]
2019-04-01 21:33:33 INFO     Batch: [92/120] Epoch: [2] Loss: [1.4201890319906256]
2019-04-01 21:33:33 INFO     Batch: [93/120] Epoch: [2] Loss: [1.4205348415577665]
2019-04-01 21:33:33 INFO     Batch: [94/120] Epoch: [2] Loss: [1.42107488481622]
2019-04-01 21:33:33 INFO     Batch: [95/120] Epoch: [2] Loss: [1.421600806216399]
2019-04-01 21:33:34 INFO     Batch: [96/120] Epoch: [2] Loss: [1.421609723690859]
2019-04-01 21:33:34 INFO     Batch: [97/120] Epoch: [2] Loss: [1.422020257735739]
2019-04-01 21:33:34 INFO     Batch: [98/120] Epoch: [2] Loss: [1.4231055204314416]
2019-04-01 21:33:34 INFO     Batch: [99/120] Epoch: [2] Loss: [1.4237847483158113]
2019-04-01 21:33:34 INFO     Batch: [100/120] Epoch: [2] Loss: [1.424329413045751]
2019-04-01 21:33:34 INFO     Batch: [101/120] Epoch: [2] Loss: [1.4245713762208527]
2019-04-01 21:33:34 INFO     Batch: [102/120] Epoch: [2] Loss: [1.4240081090371586]
2019-04-01 21:33:35 INFO     Batch: [103/120] Epoch: [2] Loss: [1.4243964163156657]
2019-04-01 21:33:35 INFO     Batch: [104/120] Epoch: [2] Loss: [1.424032769884382]
2019-04-01 21:33:35 INFO     Batch: [105/120] Epoch: [2] Loss: [1.425171711534824]
2019-04-01 21:33:35 INFO     Batch: [106/120] Epoch: [2] Loss: [1.42607719318889]
2019-04-01 21:33:35 INFO     Batch: [107/120] Epoch: [2] Loss: [1.4265283004001335]
2019-04-01 21:33:35 INFO     Batch: [108/120] Epoch: [2] Loss: [1.4265252450190553]
2019-04-01 21:33:35 INFO     Batch: [109/120] Epoch: [2] Loss: [1.427415832606229]
2019-04-01 21:33:36 INFO     Batch: [110/120] Epoch: [2] Loss: [1.4279428441245277]
2019-04-01 21:33:36 INFO     Batch: [111/120] Epoch: [2] Loss: [1.4288812918322427]
2019-04-01 21:33:36 INFO     Batch: [112/120] Epoch: [2] Loss: [1.428733442736938]
2019-04-01 21:33:36 INFO     Batch: [113/120] Epoch: [2] Loss: [1.429072476269906]
2019-04-01 21:33:36 INFO     Batch: [114/120] Epoch: [2] Loss: [1.4282951852549677]
2019-04-01 21:33:36 INFO     Batch: [115/120] Epoch: [2] Loss: [1.4278425820942582]
2019-04-01 21:33:36 INFO     Batch: [116/120] Epoch: [2] Loss: [1.427695569829044]
2019-04-01 21:33:37 INFO     Batch: [117/120] Epoch: [2] Loss: [1.4273417470818859]
2019-04-01 21:33:37 INFO     Batch: [118/120] Epoch: [2] Loss: [1.42733334793764]
2019-04-01 21:33:37 INFO     Batch: [119/120] Epoch: [2] Loss: [1.4279023975133895]
2019-04-01 21:33:38 INFO     Epoch: [2/200] Loss: [1.4279023975133895] Accuracy: [0.5079999999999999]
2019-04-01 21:33:38 INFO     Batch: [0/120] Epoch: [3] Loss: [1.4633387327194214]
2019-04-01 21:33:40 INFO     Accuracy: [0.5187272727272728]

2019-04-01 21:33:40 INFO     Batch: [1/120] Epoch: [3] Loss: [1.4131889343261719]
2019-04-01 21:33:40 INFO     Batch: [2/120] Epoch: [3] Loss: [1.4018958806991577]
2019-04-01 21:33:40 INFO     Batch: [3/120] Epoch: [3] Loss: [1.385610193014145]
2019-04-01 21:33:40 INFO     Batch: [4/120] Epoch: [3] Loss: [1.3821212768554687]
2019-04-01 21:33:40 INFO     Batch: [5/120] Epoch: [3] Loss: [1.3811702330907185]
2019-04-01 21:33:41 INFO     Batch: [6/120] Epoch: [3] Loss: [1.3868160077503748]
2019-04-01 21:33:41 INFO     Batch: [7/120] Epoch: [3] Loss: [1.3821850270032883]
2019-04-01 21:33:41 INFO     Batch: [8/120] Epoch: [3] Loss: [1.3758604129155476]
2019-04-01 21:33:41 INFO     Batch: [9/120] Epoch: [3] Loss: [1.3696068048477172]
2019-04-01 21:33:41 INFO     Batch: [10/120] Epoch: [3] Loss: [1.3648482886227695]
2019-04-01 21:33:41 INFO     Batch: [11/120] Epoch: [3] Loss: [1.362247625986735]
2019-04-01 21:33:41 INFO     Batch: [12/120] Epoch: [3] Loss: [1.3586397079321055]
2019-04-01 21:33:41 INFO     Batch: [13/120] Epoch: [3] Loss: [1.3569587639399938]
2019-04-01 21:33:42 INFO     Batch: [14/120] Epoch: [3] Loss: [1.3560507853825887]
2019-04-01 21:33:42 INFO     Batch: [15/120] Epoch: [3] Loss: [1.356265090405941]
2019-04-01 21:33:42 INFO     Batch: [16/120] Epoch: [3] Loss: [1.3562628872254316]
2019-04-01 21:33:42 INFO     Batch: [17/120] Epoch: [3] Loss: [1.3514665166536968]
2019-04-01 21:33:42 INFO     Batch: [18/120] Epoch: [3] Loss: [1.3500851016295583]
2019-04-01 21:33:42 INFO     Batch: [19/120] Epoch: [3] Loss: [1.3511826932430266]
2019-04-01 21:33:42 INFO     Batch: [20/120] Epoch: [3] Loss: [1.3500471228644961]
2019-04-01 21:33:43 INFO     Batch: [21/120] Epoch: [3] Loss: [1.348384071480144]
2019-04-01 21:33:43 INFO     Batch: [22/120] Epoch: [3] Loss: [1.347680029661759]
2019-04-01 21:33:43 INFO     Batch: [23/120] Epoch: [3] Loss: [1.346732700864474]
2019-04-01 21:33:43 INFO     Batch: [24/120] Epoch: [3] Loss: [1.3484918975830078]
2019-04-01 21:33:43 INFO     Batch: [25/120] Epoch: [3] Loss: [1.347447693347931]
2019-04-01 21:33:43 INFO     Batch: [26/120] Epoch: [3] Loss: [1.3465419522038213]
2019-04-01 21:33:43 INFO     Batch: [27/120] Epoch: [3] Loss: [1.3460937227521623]
2019-04-01 21:33:44 INFO     Batch: [28/120] Epoch: [3] Loss: [1.3446631472686241]
2019-04-01 21:33:44 INFO     Batch: [29/120] Epoch: [3] Loss: [1.3468777577082316]
2019-04-01 21:33:44 INFO     Batch: [30/120] Epoch: [3] Loss: [1.3455607160445182]
2019-04-01 21:33:44 INFO     Batch: [31/120] Epoch: [3] Loss: [1.3479746915400028]
2019-04-01 21:33:44 INFO     Batch: [32/120] Epoch: [3] Loss: [1.347672133734732]
2019-04-01 21:33:44 INFO     Batch: [33/120] Epoch: [3] Loss: [1.3480259039822746]
2019-04-01 21:33:44 INFO     Batch: [34/120] Epoch: [3] Loss: [1.34830470425742]
2019-04-01 21:33:45 INFO     Batch: [35/120] Epoch: [3] Loss: [1.3508448567655351]
2019-04-01 21:33:45 INFO     Batch: [36/120] Epoch: [3] Loss: [1.35287103781829]
2019-04-01 21:33:45 INFO     Batch: [37/120] Epoch: [3] Loss: [1.3533313776317395]
2019-04-01 21:33:45 INFO     Batch: [38/120] Epoch: [3] Loss: [1.3561927538651686]
2019-04-01 21:33:45 INFO     Batch: [39/120] Epoch: [3] Loss: [1.3558904528617859]
2019-04-01 21:33:45 INFO     Batch: [40/120] Epoch: [3] Loss: [1.3544091538685123]
2019-04-01 21:33:45 INFO     Batch: [41/120] Epoch: [3] Loss: [1.3541842642284574]
2019-04-01 21:33:45 INFO     Batch: [42/120] Epoch: [3] Loss: [1.3538985307826552]
2019-04-01 21:33:46 INFO     Batch: [43/120] Epoch: [3] Loss: [1.3558818752115422]
2019-04-01 21:33:46 INFO     Batch: [44/120] Epoch: [3] Loss: [1.3563090350892808]
2019-04-01 21:33:46 INFO     Batch: [45/120] Epoch: [3] Loss: [1.3573022277458855]
2019-04-01 21:33:46 INFO     Batch: [46/120] Epoch: [3] Loss: [1.357611245297371]
2019-04-01 21:33:46 INFO     Batch: [47/120] Epoch: [3] Loss: [1.3580476616819699]
2019-04-01 21:33:46 INFO     Batch: [48/120] Epoch: [3] Loss: [1.3580260836348241]
2019-04-01 21:33:46 INFO     Batch: [49/120] Epoch: [3] Loss: [1.3588172364234925]
2019-04-01 21:33:47 INFO     Batch: [50/120] Epoch: [3] Loss: [1.3583455062380023]
2019-04-01 21:33:47 INFO     Batch: [51/120] Epoch: [3] Loss: [1.3590929806232452]
2019-04-01 21:33:47 INFO     Batch: [52/120] Epoch: [3] Loss: [1.3600506692562464]
2019-04-01 21:33:47 INFO     Batch: [53/120] Epoch: [3] Loss: [1.3628618739269398]
2019-04-01 21:33:47 INFO     Batch: [54/120] Epoch: [3] Loss: [1.3630871404301037]
2019-04-01 21:33:47 INFO     Batch: [55/120] Epoch: [3] Loss: [1.3642766582114356]
2019-04-01 21:33:47 INFO     Batch: [56/120] Epoch: [3] Loss: [1.364152193069458]
2019-04-01 21:33:48 INFO     Batch: [57/120] Epoch: [3] Loss: [1.3642347824984584]
2019-04-01 21:33:48 INFO     Batch: [58/120] Epoch: [3] Loss: [1.3623155840372636]
2019-04-01 21:33:48 INFO     Batch: [59/120] Epoch: [3] Loss: [1.3621378580729167]
2019-04-01 21:33:48 INFO     Batch: [60/120] Epoch: [3] Loss: [1.3602343797683716]
2019-04-01 21:33:48 INFO     Batch: [61/120] Epoch: [3] Loss: [1.3601133208121023]
2019-04-01 21:33:48 INFO     Batch: [62/120] Epoch: [3] Loss: [1.3599464136456687]
2019-04-01 21:33:48 INFO     Batch: [63/120] Epoch: [3] Loss: [1.359071146696806]
2019-04-01 21:33:48 INFO     Batch: [64/120] Epoch: [3] Loss: [1.3595392557290884]
2019-04-01 21:33:49 INFO     Batch: [65/120] Epoch: [3] Loss: [1.3599610996968818]
2019-04-01 21:33:49 INFO     Batch: [66/120] Epoch: [3] Loss: [1.3617710764728375]
2019-04-01 21:33:49 INFO     Batch: [67/120] Epoch: [3] Loss: [1.3617606724009794]
2019-04-01 21:33:49 INFO     Batch: [68/120] Epoch: [3] Loss: [1.361238287842792]
2019-04-01 21:33:49 INFO     Batch: [69/120] Epoch: [3] Loss: [1.361775803565979]
2019-04-01 21:33:49 INFO     Batch: [70/120] Epoch: [3] Loss: [1.3620180126646875]
2019-04-01 21:33:49 INFO     Batch: [71/120] Epoch: [3] Loss: [1.3617014388243358]
2019-04-01 21:33:50 INFO     Batch: [72/120] Epoch: [3] Loss: [1.3626751475138208]
2019-04-01 21:33:50 INFO     Batch: [73/120] Epoch: [3] Loss: [1.362671486429266]
2019-04-01 21:33:50 INFO     Batch: [74/120] Epoch: [3] Loss: [1.3629281250635783]
2019-04-01 21:33:50 INFO     Batch: [75/120] Epoch: [3] Loss: [1.362612131394838]
2019-04-01 21:33:50 INFO     Batch: [76/120] Epoch: [3] Loss: [1.3617750127594193]
2019-04-01 21:33:50 INFO     Batch: [77/120] Epoch: [3] Loss: [1.3613443328784063]
2019-04-01 21:33:50 INFO     Batch: [78/120] Epoch: [3] Loss: [1.3623789775220654]
2019-04-01 21:33:50 INFO     Batch: [79/120] Epoch: [3] Loss: [1.363185977935791]
2019-04-01 21:33:51 INFO     Batch: [80/120] Epoch: [3] Loss: [1.3640062235019825]
2019-04-01 21:33:51 INFO     Batch: [81/120] Epoch: [3] Loss: [1.3643262270020275]
2019-04-01 21:33:51 INFO     Batch: [82/120] Epoch: [3] Loss: [1.3641047563897557]
2019-04-01 21:33:51 INFO     Batch: [83/120] Epoch: [3] Loss: [1.3638989343529655]
2019-04-01 21:33:51 INFO     Batch: [84/120] Epoch: [3] Loss: [1.363686502681059]
2019-04-01 21:33:51 INFO     Batch: [85/120] Epoch: [3] Loss: [1.3638356591379919]
2019-04-01 21:33:51 INFO     Batch: [86/120] Epoch: [3] Loss: [1.3636102128302914]
2019-04-01 21:33:52 INFO     Batch: [87/120] Epoch: [3] Loss: [1.362637679685246]
2019-04-01 21:33:52 INFO     Batch: [88/120] Epoch: [3] Loss: [1.362378795495194]
2019-04-01 21:33:52 INFO     Batch: [89/120] Epoch: [3] Loss: [1.3622793780432807]
2019-04-01 21:33:52 INFO     Batch: [90/120] Epoch: [3] Loss: [1.3618240932841876]
2019-04-01 21:33:52 INFO     Batch: [91/120] Epoch: [3] Loss: [1.361053573048633]
2019-04-01 21:33:52 INFO     Batch: [92/120] Epoch: [3] Loss: [1.3613677537569435]
2019-04-01 21:33:52 INFO     Batch: [93/120] Epoch: [3] Loss: [1.3613150703146102]
2019-04-01 21:33:53 INFO     Batch: [94/120] Epoch: [3] Loss: [1.3608936410201222]
2019-04-01 21:33:53 INFO     Batch: [95/120] Epoch: [3] Loss: [1.3610348962247372]
2019-04-01 21:33:53 INFO     Batch: [96/120] Epoch: [3] Loss: [1.3601414149569482]
2019-04-01 21:33:53 INFO     Batch: [97/120] Epoch: [3] Loss: [1.3603706590983333]
2019-04-01 21:33:53 INFO     Batch: [98/120] Epoch: [3] Loss: [1.3596492728801688]
2019-04-01 21:33:53 INFO     Batch: [99/120] Epoch: [3] Loss: [1.3592786026000976]
2019-04-01 21:33:53 INFO     Batch: [100/120] Epoch: [3] Loss: [1.3590527064729445]
2019-04-01 21:33:54 INFO     Batch: [101/120] Epoch: [3] Loss: [1.3587762947176016]
2019-04-01 21:33:54 INFO     Batch: [102/120] Epoch: [3] Loss: [1.3585908760144874]
2019-04-01 21:33:54 INFO     Batch: [103/120] Epoch: [3] Loss: [1.3587881246438394]
2019-04-01 21:33:54 INFO     Batch: [104/120] Epoch: [3] Loss: [1.3582660470690047]
2019-04-01 21:33:54 INFO     Batch: [105/120] Epoch: [3] Loss: [1.3572660223493036]
2019-04-01 21:33:54 INFO     Batch: [106/120] Epoch: [3] Loss: [1.3558289815332287]
2019-04-01 21:33:54 INFO     Batch: [107/120] Epoch: [3] Loss: [1.3554165727562375]
2019-04-01 21:33:55 INFO     Batch: [108/120] Epoch: [3] Loss: [1.355109697088189]
2019-04-01 21:33:55 INFO     Batch: [109/120] Epoch: [3] Loss: [1.35412991697138]
2019-04-01 21:33:55 INFO     Batch: [110/120] Epoch: [3] Loss: [1.3532094643996642]
2019-04-01 21:33:55 INFO     Batch: [111/120] Epoch: [3] Loss: [1.3519575148820877]
2019-04-01 21:33:55 INFO     Batch: [112/120] Epoch: [3] Loss: [1.3515726043059764]
2019-04-01 21:33:55 INFO     Batch: [113/120] Epoch: [3] Loss: [1.3504396384222466]
2019-04-01 21:33:55 INFO     Batch: [114/120] Epoch: [3] Loss: [1.3495830318202142]
2019-04-01 21:33:56 INFO     Batch: [115/120] Epoch: [3] Loss: [1.348662125653234]
2019-04-01 21:33:56 INFO     Batch: [116/120] Epoch: [3] Loss: [1.3477118820206733]
2019-04-01 21:33:56 INFO     Batch: [117/120] Epoch: [3] Loss: [1.3464033957255088]
2019-04-01 21:33:56 INFO     Batch: [118/120] Epoch: [3] Loss: [1.345110550648024]
2019-04-01 21:33:56 INFO     Batch: [119/120] Epoch: [3] Loss: [1.3446313470602036]
2019-04-01 21:33:57 INFO     Epoch: [3/200] Loss: [1.3446313470602036] Accuracy: [0.5483636363636364]
2019-04-01 21:33:58 INFO     Batch: [0/120] Epoch: [4] Loss: [1.3157055377960205]
2019-04-01 21:33:59 INFO     Accuracy: [0.5532727272727272]

2019-04-01 21:33:59 INFO     Batch: [1/120] Epoch: [4] Loss: [1.267506182193756]
2019-04-01 21:33:59 INFO     Batch: [2/120] Epoch: [4] Loss: [1.2520002126693726]
2019-04-01 21:33:59 INFO     Batch: [3/120] Epoch: [4] Loss: [1.2455541491508484]
2019-04-01 21:33:59 INFO     Batch: [4/120] Epoch: [4] Loss: [1.253602957725525]
2019-04-01 21:34:00 INFO     Batch: [5/120] Epoch: [4] Loss: [1.272246817747752]
2019-04-01 21:34:00 INFO     Batch: [6/120] Epoch: [4] Loss: [1.2777011905397688]
2019-04-01 21:34:00 INFO     Batch: [7/120] Epoch: [4] Loss: [1.2767653912305832]
2019-04-01 21:34:00 INFO     Batch: [8/120] Epoch: [4] Loss: [1.2768926488028631]
2019-04-01 21:34:00 INFO     Batch: [9/120] Epoch: [4] Loss: [1.282191550731659]
2019-04-01 21:34:00 INFO     Batch: [10/120] Epoch: [4] Loss: [1.2836517854170366]
2019-04-01 21:34:00 INFO     Batch: [11/120] Epoch: [4] Loss: [1.288411984841029]
2019-04-01 21:34:01 INFO     Batch: [12/120] Epoch: [4] Loss: [1.2839805162869966]
2019-04-01 21:34:01 INFO     Batch: [13/120] Epoch: [4] Loss: [1.2879571744373866]
2019-04-01 21:34:01 INFO     Batch: [14/120] Epoch: [4] Loss: [1.284128220876058]
2019-04-01 21:34:01 INFO     Batch: [15/120] Epoch: [4] Loss: [1.2834720015525818]
2019-04-01 21:34:01 INFO     Batch: [16/120] Epoch: [4] Loss: [1.286775077090544]
2019-04-01 21:34:01 INFO     Batch: [17/120] Epoch: [4] Loss: [1.288477149274614]
2019-04-01 21:34:01 INFO     Batch: [18/120] Epoch: [4] Loss: [1.2840007794530768]
2019-04-01 21:34:02 INFO     Batch: [19/120] Epoch: [4] Loss: [1.2839941024780273]
2019-04-01 21:34:02 INFO     Batch: [20/120] Epoch: [4] Loss: [1.285646603220985]
2019-04-01 21:34:02 INFO     Batch: [21/120] Epoch: [4] Loss: [1.2816250215877185]
2019-04-01 21:34:02 INFO     Batch: [22/120] Epoch: [4] Loss: [1.2814768086309019]
