2019-04-01 21:12:10 INFO     Loading Data
2019-04-01 21:12:12 INFO     Model Setting Up
2019-04-01 21:12:19 INFO     Start Training
2019-04-01 21:12:28 INFO     Batch: [0/120] Epoch: [0] Loss: [2.3064892292022705]
2019-04-01 21:12:30 INFO     Accuracy: [0.11472727272727277]

2019-04-01 21:12:30 INFO     Batch: [1/120] Epoch: [0] Loss: [2.2997363805770874]
2019-04-01 21:12:30 INFO     Batch: [2/120] Epoch: [0] Loss: [2.295542319615682]
2019-04-01 21:12:30 INFO     Batch: [3/120] Epoch: [0] Loss: [2.2878997921943665]
2019-04-01 21:12:30 INFO     Batch: [4/120] Epoch: [0] Loss: [2.2833884239196776]
2019-04-01 21:12:30 INFO     Batch: [5/120] Epoch: [0] Loss: [2.2787934939066568]
2019-04-01 21:12:30 INFO     Batch: [6/120] Epoch: [0] Loss: [2.2741106918879916]
2019-04-01 21:12:31 INFO     Batch: [7/120] Epoch: [0] Loss: [2.270174413919449]
2019-04-01 21:12:31 INFO     Batch: [8/120] Epoch: [0] Loss: [2.265049695968628]
2019-04-01 21:12:31 INFO     Batch: [9/120] Epoch: [0] Loss: [2.260416531562805]
2019-04-01 21:12:31 INFO     Batch: [10/120] Epoch: [0] Loss: [2.2564104903828013]
2019-04-01 21:12:31 INFO     Batch: [11/120] Epoch: [0] Loss: [2.2531574765841165]
2019-04-01 21:12:31 INFO     Batch: [12/120] Epoch: [0] Loss: [2.248969628260686]
2019-04-01 21:12:31 INFO     Batch: [13/120] Epoch: [0] Loss: [2.245512468474252]
2019-04-01 21:12:32 INFO     Batch: [14/120] Epoch: [0] Loss: [2.2425525029500326]
2019-04-01 21:12:32 INFO     Batch: [15/120] Epoch: [0] Loss: [2.238710403442383]
2019-04-01 21:12:32 INFO     Batch: [16/120] Epoch: [0] Loss: [2.2343476519865146]
2019-04-01 21:12:32 INFO     Batch: [17/120] Epoch: [0] Loss: [2.2306353913413153]
2019-04-01 21:12:32 INFO     Batch: [18/120] Epoch: [0] Loss: [2.2273531712983785]
2019-04-01 21:12:32 INFO     Batch: [19/120] Epoch: [0] Loss: [2.2248093843460084]
2019-04-01 21:12:32 INFO     Batch: [20/120] Epoch: [0] Loss: [2.221541245778402]
2019-04-01 21:12:33 INFO     Batch: [21/120] Epoch: [0] Loss: [2.2192903106862847]
2019-04-01 21:12:33 INFO     Batch: [22/120] Epoch: [0] Loss: [2.2158354054326597]
2019-04-01 21:12:33 INFO     Batch: [23/120] Epoch: [0] Loss: [2.2133476734161377]
2019-04-01 21:12:33 INFO     Batch: [24/120] Epoch: [0] Loss: [2.2106630420684814]
2019-04-01 21:12:33 INFO     Batch: [25/120] Epoch: [0] Loss: [2.2072567297862125]
2019-04-01 21:12:33 INFO     Batch: [26/120] Epoch: [0] Loss: [2.2042874053672508]
2019-04-01 21:12:33 INFO     Batch: [27/120] Epoch: [0] Loss: [2.2014039158821106]
2019-04-01 21:12:34 INFO     Batch: [28/120] Epoch: [0] Loss: [2.198908838732489]
2019-04-01 21:12:34 INFO     Batch: [29/120] Epoch: [0] Loss: [2.195724614461263]
2019-04-01 21:12:34 INFO     Batch: [30/120] Epoch: [0] Loss: [2.1936001777648926]
2019-04-01 21:12:34 INFO     Batch: [31/120] Epoch: [0] Loss: [2.1909159049391747]
2019-04-01 21:12:34 INFO     Batch: [32/120] Epoch: [0] Loss: [2.188075730294892]
2019-04-01 21:12:34 INFO     Batch: [33/120] Epoch: [0] Loss: [2.185761774287504]
2019-04-01 21:12:34 INFO     Batch: [34/120] Epoch: [0] Loss: [2.18331549508231]
2019-04-01 21:12:35 INFO     Batch: [35/120] Epoch: [0] Loss: [2.1804330547650657]
2019-04-01 21:12:35 INFO     Batch: [36/120] Epoch: [0] Loss: [2.1771483292450777]
2019-04-01 21:12:35 INFO     Batch: [37/120] Epoch: [0] Loss: [2.1744859406822608]
2019-04-01 21:12:35 INFO     Batch: [38/120] Epoch: [0] Loss: [2.1717213789621987]
2019-04-01 21:12:35 INFO     Batch: [39/120] Epoch: [0] Loss: [2.1693707585334776]
2019-04-01 21:12:35 INFO     Batch: [40/120] Epoch: [0] Loss: [2.166411231203777]
2019-04-01 21:12:35 INFO     Batch: [41/120] Epoch: [0] Loss: [2.1642515772864934]
2019-04-01 21:12:36 INFO     Batch: [42/120] Epoch: [0] Loss: [2.160502001296642]
2019-04-01 21:12:36 INFO     Batch: [43/120] Epoch: [0] Loss: [2.1582457802512427]
2019-04-01 21:12:36 INFO     Batch: [44/120] Epoch: [0] Loss: [2.155923663245307]
2019-04-01 21:12:36 INFO     Batch: [45/120] Epoch: [0] Loss: [2.1532774904499883]
2019-04-01 21:12:36 INFO     Batch: [46/120] Epoch: [0] Loss: [2.150721534769586]
2019-04-01 21:12:36 INFO     Batch: [47/120] Epoch: [0] Loss: [2.1481128384669623]
2019-04-01 21:12:36 INFO     Batch: [48/120] Epoch: [0] Loss: [2.145476822950402]
2019-04-01 21:12:37 INFO     Batch: [49/120] Epoch: [0] Loss: [2.14315812587738]
2019-04-01 21:12:37 INFO     Batch: [50/120] Epoch: [0] Loss: [2.140328755565718]
2019-04-01 21:12:37 INFO     Batch: [51/120] Epoch: [0] Loss: [2.137783868954732]
2019-04-01 21:12:37 INFO     Batch: [52/120] Epoch: [0] Loss: [2.1356750231868817]
2019-04-01 21:12:37 INFO     Batch: [53/120] Epoch: [0] Loss: [2.132748736275567]
2019-04-01 21:12:37 INFO     Batch: [54/120] Epoch: [0] Loss: [2.1307096221230246]
2019-04-01 21:12:37 INFO     Batch: [55/120] Epoch: [0] Loss: [2.128229688320841]
2019-04-01 21:12:37 INFO     Batch: [56/120] Epoch: [0] Loss: [2.125553714601617]
2019-04-01 21:12:38 INFO     Batch: [57/120] Epoch: [0] Loss: [2.123857138485744]
2019-04-01 21:12:38 INFO     Batch: [58/120] Epoch: [0] Loss: [2.1220977690260288]
2019-04-01 21:12:38 INFO     Batch: [59/120] Epoch: [0] Loss: [2.119866406917572]
2019-04-01 21:12:38 INFO     Batch: [60/120] Epoch: [0] Loss: [2.1177831321466165]
2019-04-01 21:12:38 INFO     Batch: [61/120] Epoch: [0] Loss: [2.1154005200632158]
2019-04-01 21:12:38 INFO     Batch: [62/120] Epoch: [0] Loss: [2.113784810853383]
2019-04-01 21:12:38 INFO     Batch: [63/120] Epoch: [0] Loss: [2.1116876788437366]
2019-04-01 21:12:39 INFO     Batch: [64/120] Epoch: [0] Loss: [2.1101256150465746]
2019-04-01 21:12:39 INFO     Batch: [65/120] Epoch: [0] Loss: [2.107859152736086]
2019-04-01 21:12:39 INFO     Batch: [66/120] Epoch: [0] Loss: [2.1053545955401747]
2019-04-01 21:12:39 INFO     Batch: [67/120] Epoch: [0] Loss: [2.1034703517661377]
2019-04-01 21:12:39 INFO     Batch: [68/120] Epoch: [0] Loss: [2.1014736044234126]
2019-04-01 21:12:39 INFO     Batch: [69/120] Epoch: [0] Loss: [2.099588021210262]
2019-04-01 21:12:39 INFO     Batch: [70/120] Epoch: [0] Loss: [2.0974109122450924]
2019-04-01 21:12:40 INFO     Batch: [71/120] Epoch: [0] Loss: [2.095210904876391]
2019-04-01 21:12:40 INFO     Batch: [72/120] Epoch: [0] Loss: [2.0926572215067196]
2019-04-01 21:12:40 INFO     Batch: [73/120] Epoch: [0] Loss: [2.0903711818359993]
2019-04-01 21:12:40 INFO     Batch: [74/120] Epoch: [0] Loss: [2.089028638203939]
2019-04-01 21:12:40 INFO     Batch: [75/120] Epoch: [0] Loss: [2.0864633259020353]
2019-04-01 21:12:40 INFO     Batch: [76/120] Epoch: [0] Loss: [2.0839561533618283]
2019-04-01 21:12:40 INFO     Batch: [77/120] Epoch: [0] Loss: [2.0812764320618067]
2019-04-01 21:12:41 INFO     Batch: [78/120] Epoch: [0] Loss: [2.0794747494444064]
2019-04-01 21:12:41 INFO     Batch: [79/120] Epoch: [0] Loss: [2.077206611633301]
2019-04-01 21:12:41 INFO     Batch: [80/120] Epoch: [0] Loss: [2.0757695171568127]
2019-04-01 21:12:41 INFO     Batch: [81/120] Epoch: [0] Loss: [2.0736107230186462]
2019-04-01 21:12:41 INFO     Batch: [82/120] Epoch: [0] Loss: [2.0710677669708986]
2019-04-01 21:12:41 INFO     Batch: [83/120] Epoch: [0] Loss: [2.0696677295934585]
2019-04-01 21:12:41 INFO     Batch: [84/120] Epoch: [0] Loss: [2.067768388635972]
2019-04-01 21:12:41 INFO     Batch: [85/120] Epoch: [0] Loss: [2.065648013769194]
2019-04-01 21:12:42 INFO     Batch: [86/120] Epoch: [0] Loss: [2.0636098206728355]
2019-04-01 21:12:42 INFO     Batch: [87/120] Epoch: [0] Loss: [2.061672415245663]
2019-04-01 21:12:42 INFO     Batch: [88/120] Epoch: [0] Loss: [2.0598480420166188]
2019-04-01 21:12:42 INFO     Batch: [89/120] Epoch: [0] Loss: [2.0578818970256383]
2019-04-01 21:12:42 INFO     Batch: [90/120] Epoch: [0] Loss: [2.055720878171397]
2019-04-01 21:12:42 INFO     Batch: [91/120] Epoch: [0] Loss: [2.054061753594357]
2019-04-01 21:12:42 INFO     Batch: [92/120] Epoch: [0] Loss: [2.052100835307952]
2019-04-01 21:12:43 INFO     Batch: [93/120] Epoch: [0] Loss: [2.049807518086535]
2019-04-01 21:12:43 INFO     Batch: [94/120] Epoch: [0] Loss: [2.047790026664734]
2019-04-01 21:12:43 INFO     Batch: [95/120] Epoch: [0] Loss: [2.045608788728714]
2019-04-01 21:12:43 INFO     Batch: [96/120] Epoch: [0] Loss: [2.043388682542388]
2019-04-01 21:12:43 INFO     Batch: [97/120] Epoch: [0] Loss: [2.0409304037386056]
2019-04-01 21:12:43 INFO     Batch: [98/120] Epoch: [0] Loss: [2.03871046172248]
2019-04-01 21:12:43 INFO     Batch: [99/120] Epoch: [0] Loss: [2.037052572965622]
2019-04-01 21:12:44 INFO     Batch: [100/120] Epoch: [0] Loss: [2.035209059715271]
2019-04-01 21:12:44 INFO     Batch: [101/120] Epoch: [0] Loss: [2.033772927873275]
2019-04-01 21:12:44 INFO     Batch: [102/120] Epoch: [0] Loss: [2.031833024858271]
2019-04-01 21:12:44 INFO     Batch: [103/120] Epoch: [0] Loss: [2.029432883629432]
2019-04-01 21:12:44 INFO     Batch: [104/120] Epoch: [0] Loss: [2.027676793507167]
2019-04-01 21:12:44 INFO     Batch: [105/120] Epoch: [0] Loss: [2.02562348572713]
2019-04-01 21:12:44 INFO     Batch: [106/120] Epoch: [0] Loss: [2.0235207983266528]
2019-04-01 21:12:45 INFO     Batch: [107/120] Epoch: [0] Loss: [2.021205903203399]
2019-04-01 21:12:45 INFO     Batch: [108/120] Epoch: [0] Loss: [2.0191185911861034]
2019-04-01 21:12:45 INFO     Batch: [109/120] Epoch: [0] Loss: [2.0173695835200225]
2019-04-01 21:12:45 INFO     Batch: [110/120] Epoch: [0] Loss: [2.01558387494302]
2019-04-01 21:12:45 INFO     Batch: [111/120] Epoch: [0] Loss: [2.0135586942945207]
2019-04-01 21:12:45 INFO     Batch: [112/120] Epoch: [0] Loss: [2.011823409426529]
2019-04-01 21:12:45 INFO     Batch: [113/120] Epoch: [0] Loss: [2.0099608208003796]
2019-04-01 21:12:46 INFO     Batch: [114/120] Epoch: [0] Loss: [2.0077266433964605]
2019-04-01 21:12:46 INFO     Batch: [115/120] Epoch: [0] Loss: [2.0055826429663033]
2019-04-01 21:12:46 INFO     Batch: [116/120] Epoch: [0] Loss: [2.003165297019176]
2019-04-01 21:12:46 INFO     Batch: [117/120] Epoch: [0] Loss: [2.001194385148711]
2019-04-01 21:12:46 INFO     Batch: [118/120] Epoch: [0] Loss: [1.999013036239047]
2019-04-01 21:12:46 INFO     Batch: [119/120] Epoch: [0] Loss: [1.9972903072834014]
2019-04-01 21:12:47 INFO     Epoch: [0/200] Loss: [1.9972903072834014] Accuracy: [0.43309090909090914]
2019-04-01 21:12:48 INFO     Batch: [0/120] Epoch: [1] Loss: [1.7394356727600098]
2019-04-01 21:12:49 INFO     Accuracy: [0.43290909090909097]

2019-04-01 21:12:49 INFO     Batch: [1/120] Epoch: [1] Loss: [1.7542915344238281]
2019-04-01 21:12:49 INFO     Batch: [2/120] Epoch: [1] Loss: [1.753835121790568]
2019-04-01 21:12:49 INFO     Batch: [3/120] Epoch: [1] Loss: [1.7532726526260376]
2019-04-01 21:12:50 INFO     Batch: [4/120] Epoch: [1] Loss: [1.7489806890487671]
2019-04-01 21:12:50 INFO     Batch: [5/120] Epoch: [1] Loss: [1.736175278822581]
2019-04-01 21:12:50 INFO     Batch: [6/120] Epoch: [1] Loss: [1.7264018739972795]
2019-04-01 21:12:50 INFO     Batch: [7/120] Epoch: [1] Loss: [1.7280801981687546]
2019-04-01 21:12:50 INFO     Batch: [8/120] Epoch: [1] Loss: [1.727083643277486]
2019-04-01 21:12:50 INFO     Batch: [9/120] Epoch: [1] Loss: [1.7213678002357482]
2019-04-01 21:12:50 INFO     Batch: [10/120] Epoch: [1] Loss: [1.7213415774432095]
2019-04-01 21:12:51 INFO     Batch: [11/120] Epoch: [1] Loss: [1.7242132127285004]
2019-04-01 21:12:51 INFO     Batch: [12/120] Epoch: [1] Loss: [1.7242130866417518]
2019-04-01 21:12:51 INFO     Batch: [13/120] Epoch: [1] Loss: [1.723615288734436]
2019-04-01 21:12:51 INFO     Batch: [14/120] Epoch: [1] Loss: [1.7244565725326537]
2019-04-01 21:12:51 INFO     Batch: [15/120] Epoch: [1] Loss: [1.7225189954042435]
2019-04-01 21:12:51 INFO     Batch: [16/120] Epoch: [1] Loss: [1.718234475921182]
2019-04-01 21:12:51 INFO     Batch: [17/120] Epoch: [1] Loss: [1.7188252674208746]
2019-04-01 21:12:52 INFO     Batch: [18/120] Epoch: [1] Loss: [1.7161406153126766]
2019-04-01 21:12:52 INFO     Batch: [19/120] Epoch: [1] Loss: [1.714479523897171]
2019-04-01 21:12:52 INFO     Batch: [20/120] Epoch: [1] Loss: [1.7121686140696208]
2019-04-01 21:12:52 INFO     Batch: [21/120] Epoch: [1] Loss: [1.711882152340629]
2019-04-01 21:12:52 INFO     Batch: [22/120] Epoch: [1] Loss: [1.7079164826351663]
2019-04-01 21:12:52 INFO     Batch: [23/120] Epoch: [1] Loss: [1.7045375009377797]
2019-04-01 21:12:52 INFO     Batch: [24/120] Epoch: [1] Loss: [1.7049766397476196]
2019-04-01 21:12:53 INFO     Batch: [25/120] Epoch: [1] Loss: [1.7049534091582665]
2019-04-01 21:12:53 INFO     Batch: [26/120] Epoch: [1] Loss: [1.702938402140582]
2019-04-01 21:12:53 INFO     Batch: [27/120] Epoch: [1] Loss: [1.7013086080551147]
2019-04-01 21:12:53 INFO     Batch: [28/120] Epoch: [1] Loss: [1.7013428540065372]
2019-04-01 21:12:53 INFO     Batch: [29/120] Epoch: [1] Loss: [1.6995823502540588]
2019-04-01 21:12:53 INFO     Batch: [30/120] Epoch: [1] Loss: [1.6975081274586339]
2019-04-01 21:12:53 INFO     Batch: [31/120] Epoch: [1] Loss: [1.6966228373348713]
2019-04-01 21:12:54 INFO     Batch: [32/120] Epoch: [1] Loss: [1.695278702360211]
2019-04-01 21:12:54 INFO     Batch: [33/120] Epoch: [1] Loss: [1.6921176349415499]
2019-04-01 21:12:54 INFO     Batch: [34/120] Epoch: [1] Loss: [1.6907926184790476]
2019-04-01 21:12:54 INFO     Batch: [35/120] Epoch: [1] Loss: [1.6911787920527988]
2019-04-01 21:12:54 INFO     Batch: [36/120] Epoch: [1] Loss: [1.689620572167474]
2019-04-01 21:12:54 INFO     Batch: [37/120] Epoch: [1] Loss: [1.6871859117558128]
2019-04-01 21:12:54 INFO     Batch: [38/120] Epoch: [1] Loss: [1.6858302935575828]
2019-04-01 21:12:55 INFO     Batch: [39/120] Epoch: [1] Loss: [1.684835559129715]
2019-04-01 21:12:55 INFO     Batch: [40/120] Epoch: [1] Loss: [1.6831307498420156]
2019-04-01 21:12:55 INFO     Batch: [41/120] Epoch: [1] Loss: [1.6806502171925135]
2019-04-01 21:12:55 INFO     Batch: [42/120] Epoch: [1] Loss: [1.6792543572048808]
2019-04-01 21:12:55 INFO     Batch: [43/120] Epoch: [1] Loss: [1.6758478663184426]
2019-04-01 21:12:55 INFO     Batch: [44/120] Epoch: [1] Loss: [1.6740811586380004]
2019-04-01 21:12:55 INFO     Batch: [45/120] Epoch: [1] Loss: [1.6718595442564592]
2019-04-01 21:12:56 INFO     Batch: [46/120] Epoch: [1] Loss: [1.6688655285125082]
2019-04-01 21:12:56 INFO     Batch: [47/120] Epoch: [1] Loss: [1.666228989760081]
2019-04-01 21:12:56 INFO     Batch: [48/120] Epoch: [1] Loss: [1.6642538601038408]
2019-04-01 21:12:56 INFO     Batch: [49/120] Epoch: [1] Loss: [1.6631936264038085]
2019-04-01 21:12:56 INFO     Batch: [50/120] Epoch: [1] Loss: [1.6623558834487318]
2019-04-01 21:12:56 INFO     Batch: [51/120] Epoch: [1] Loss: [1.6609828907709856]
2019-04-01 21:12:56 INFO     Batch: [52/120] Epoch: [1] Loss: [1.65891480670785]
2019-04-01 21:12:56 INFO     Batch: [53/120] Epoch: [1] Loss: [1.6575854332358748]
2019-04-01 21:12:57 INFO     Batch: [54/120] Epoch: [1] Loss: [1.6569270502437246]
2019-04-01 21:12:57 INFO     Batch: [55/120] Epoch: [1] Loss: [1.6550787006105696]
2019-04-01 21:12:57 INFO     Batch: [56/120] Epoch: [1] Loss: [1.6534823576609294]
2019-04-01 21:12:57 INFO     Batch: [57/120] Epoch: [1] Loss: [1.6529997813290562]
2019-04-01 21:12:57 INFO     Batch: [58/120] Epoch: [1] Loss: [1.6523361529334117]
2019-04-01 21:12:57 INFO     Batch: [59/120] Epoch: [1] Loss: [1.6512039085229238]
2019-04-01 21:12:57 INFO     Batch: [60/120] Epoch: [1] Loss: [1.6507009404604551]
2019-04-01 21:12:58 INFO     Batch: [61/120] Epoch: [1] Loss: [1.6491403425893476]
2019-04-01 21:12:58 INFO     Batch: [62/120] Epoch: [1] Loss: [1.6479347679350111]
2019-04-01 21:12:58 INFO     Batch: [63/120] Epoch: [1] Loss: [1.6466003116220236]
2019-04-01 21:12:58 INFO     Batch: [64/120] Epoch: [1] Loss: [1.644829429112948]
2019-04-01 21:12:58 INFO     Batch: [65/120] Epoch: [1] Loss: [1.6440604256861138]
2019-04-01 21:12:58 INFO     Batch: [66/120] Epoch: [1] Loss: [1.6441090676321912]
2019-04-01 21:12:58 INFO     Batch: [67/120] Epoch: [1] Loss: [1.643373694489984]
2019-04-01 21:12:59 INFO     Batch: [68/120] Epoch: [1] Loss: [1.6414925844773003]
2019-04-01 21:12:59 INFO     Batch: [69/120] Epoch: [1] Loss: [1.6413280146462577]
2019-04-01 21:12:59 INFO     Batch: [70/120] Epoch: [1] Loss: [1.6401285000250374]
2019-04-01 21:12:59 INFO     Batch: [71/120] Epoch: [1] Loss: [1.6393032156758838]
2019-04-01 21:12:59 INFO     Batch: [72/120] Epoch: [1] Loss: [1.637743796387764]
2019-04-01 21:12:59 INFO     Batch: [73/120] Epoch: [1] Loss: [1.6364733351243508]
2019-04-01 21:12:59 INFO     Batch: [74/120] Epoch: [1] Loss: [1.6359469111760456]
2019-04-01 21:13:00 INFO     Batch: [75/120] Epoch: [1] Loss: [1.6339539258103621]
2019-04-01 21:13:00 INFO     Batch: [76/120] Epoch: [1] Loss: [1.632652892694845]
2019-04-01 21:13:00 INFO     Batch: [77/120] Epoch: [1] Loss: [1.6310529815845]
2019-04-01 21:13:00 INFO     Batch: [78/120] Epoch: [1] Loss: [1.6299868505212325]
2019-04-01 21:13:00 INFO     Batch: [79/120] Epoch: [1] Loss: [1.628113828599453]
2019-04-01 21:13:00 INFO     Batch: [80/120] Epoch: [1] Loss: [1.6273665575333585]
2019-04-01 21:13:00 INFO     Batch: [81/120] Epoch: [1] Loss: [1.6263621682074012]
2019-04-01 21:13:01 INFO     Batch: [82/120] Epoch: [1] Loss: [1.6256036973861328]
2019-04-01 21:13:01 INFO     Batch: [83/120] Epoch: [1] Loss: [1.6249349883624487]
2019-04-01 21:13:01 INFO     Batch: [84/120] Epoch: [1] Loss: [1.6236394868177526]
2019-04-01 21:13:01 INFO     Batch: [85/120] Epoch: [1] Loss: [1.6217489880184794]
2019-04-01 21:13:01 INFO     Batch: [86/120] Epoch: [1] Loss: [1.621063720220807]
2019-04-01 21:13:01 INFO     Batch: [87/120] Epoch: [1] Loss: [1.6205570643598384]
2019-04-01 21:13:01 INFO     Batch: [88/120] Epoch: [1] Loss: [1.619570207060053]
2019-04-01 21:13:02 INFO     Batch: [89/120] Epoch: [1] Loss: [1.618216007285648]
2019-04-01 21:13:02 INFO     Batch: [90/120] Epoch: [1] Loss: [1.6178788523097614]
2019-04-01 21:13:02 INFO     Batch: [91/120] Epoch: [1] Loss: [1.6175871180451435]
2019-04-01 21:13:02 INFO     Batch: [92/120] Epoch: [1] Loss: [1.6175329300665087]
2019-04-01 21:13:02 INFO     Batch: [93/120] Epoch: [1] Loss: [1.6170177726035422]
2019-04-01 21:13:02 INFO     Batch: [94/120] Epoch: [1] Loss: [1.6159805599011874]
2019-04-01 21:13:02 INFO     Batch: [95/120] Epoch: [1] Loss: [1.614805734405915]
2019-04-01 21:13:02 INFO     Batch: [96/120] Epoch: [1] Loss: [1.6139956258006931]
2019-04-01 21:13:03 INFO     Batch: [97/120] Epoch: [1] Loss: [1.6135058950404733]
2019-04-01 21:13:03 INFO     Batch: [98/120] Epoch: [1] Loss: [1.612715427321617]
2019-04-01 21:13:03 INFO     Batch: [99/120] Epoch: [1] Loss: [1.6122568345069885]
2019-04-01 21:13:03 INFO     Batch: [100/120] Epoch: [1] Loss: [1.611237620363141]
2019-04-01 21:13:03 INFO     Batch: [101/120] Epoch: [1] Loss: [1.610529331599965]
2019-04-01 21:13:03 INFO     Batch: [102/120] Epoch: [1] Loss: [1.6099471883866394]
2019-04-01 21:13:03 INFO     Batch: [103/120] Epoch: [1] Loss: [1.6089433443087797]
2019-04-01 21:13:04 INFO     Batch: [104/120] Epoch: [1] Loss: [1.6079896847407023]
2019-04-01 21:13:04 INFO     Batch: [105/120] Epoch: [1] Loss: [1.6072736539930668]
2019-04-01 21:13:04 INFO     Batch: [106/120] Epoch: [1] Loss: [1.6062546957319028]
2019-04-01 21:13:04 INFO     Batch: [107/120] Epoch: [1] Loss: [1.604908061248285]
2019-04-01 21:13:04 INFO     Batch: [108/120] Epoch: [1] Loss: [1.6038860257612455]
2019-04-01 21:13:04 INFO     Batch: [109/120] Epoch: [1] Loss: [1.6022078091448004]
2019-04-01 21:13:04 INFO     Batch: [110/120] Epoch: [1] Loss: [1.600626228091953]
2019-04-01 21:13:05 INFO     Batch: [111/120] Epoch: [1] Loss: [1.5994349930967604]
2019-04-01 21:13:05 INFO     Batch: [112/120] Epoch: [1] Loss: [1.5974304781550854]
2019-04-01 21:13:05 INFO     Batch: [113/120] Epoch: [1] Loss: [1.5965250500461512]
2019-04-01 21:13:05 INFO     Batch: [114/120] Epoch: [1] Loss: [1.5954482140748396]
2019-04-01 21:13:05 INFO     Batch: [115/120] Epoch: [1] Loss: [1.5935890633484413]
2019-04-01 21:13:05 INFO     Batch: [116/120] Epoch: [1] Loss: [1.5922541842501388]
2019-04-01 21:13:05 INFO     Batch: [117/120] Epoch: [1] Loss: [1.5914034782829931]
2019-04-01 21:13:06 INFO     Batch: [118/120] Epoch: [1] Loss: [1.5905350426665874]
2019-04-01 21:13:06 INFO     Batch: [119/120] Epoch: [1] Loss: [1.5893170128266016]
2019-04-01 21:13:07 INFO     Epoch: [1/200] Loss: [1.5893170128266016] Accuracy: [0.5094545454545455]
2019-04-01 21:13:07 INFO     Batch: [0/120] Epoch: [2] Loss: [1.465619683265686]
2019-04-01 21:13:08 INFO     Accuracy: [0.5096363636363637]

2019-04-01 21:13:09 INFO     Batch: [1/120] Epoch: [2] Loss: [1.4388614892959595]
2019-04-01 21:13:09 INFO     Batch: [2/120] Epoch: [2] Loss: [1.4366201559702556]
2019-04-01 21:13:09 INFO     Batch: [3/120] Epoch: [2] Loss: [1.4246351718902588]
2019-04-01 21:13:09 INFO     Batch: [4/120] Epoch: [2] Loss: [1.4313939809799194]
2019-04-01 21:13:09 INFO     Batch: [5/120] Epoch: [2] Loss: [1.4295232097307842]
2019-04-01 21:13:09 INFO     Batch: [6/120] Epoch: [2] Loss: [1.4477755512510027]
2019-04-01 21:13:09 INFO     Batch: [7/120] Epoch: [2] Loss: [1.4534671157598495]
2019-04-01 21:13:10 INFO     Batch: [8/120] Epoch: [2] Loss: [1.4420345094468858]
2019-04-01 21:13:10 INFO     Batch: [9/120] Epoch: [2] Loss: [1.4377397298812866]
2019-04-01 21:13:10 INFO     Batch: [10/120] Epoch: [2] Loss: [1.4326868599111384]
2019-04-01 21:13:10 INFO     Batch: [11/120] Epoch: [2] Loss: [1.4309360980987549]
2019-04-01 21:13:10 INFO     Batch: [12/120] Epoch: [2] Loss: [1.4296131500831017]
2019-04-01 21:13:10 INFO     Batch: [13/120] Epoch: [2] Loss: [1.427893076624189]
2019-04-01 21:13:10 INFO     Batch: [14/120] Epoch: [2] Loss: [1.4324693520863852]
2019-04-01 21:13:11 INFO     Batch: [15/120] Epoch: [2] Loss: [1.440051980316639]
2019-04-01 21:13:11 INFO     Batch: [16/120] Epoch: [2] Loss: [1.4435451030731201]
2019-04-01 21:13:11 INFO     Batch: [17/120] Epoch: [2] Loss: [1.4412669009632535]
2019-04-01 21:13:11 INFO     Batch: [18/120] Epoch: [2] Loss: [1.438180120367753]
2019-04-01 21:13:11 INFO     Batch: [19/120] Epoch: [2] Loss: [1.4378902077674867]
2019-04-01 21:13:11 INFO     Batch: [20/120] Epoch: [2] Loss: [1.444028269676935]
2019-04-01 21:13:11 INFO     Batch: [21/120] Epoch: [2] Loss: [1.448316823352467]
2019-04-01 21:13:12 INFO     Batch: [22/120] Epoch: [2] Loss: [1.4527179883873982]
2019-04-01 21:13:12 INFO     Batch: [23/120] Epoch: [2] Loss: [1.4557019869486492]
2019-04-01 21:13:12 INFO     Batch: [24/120] Epoch: [2] Loss: [1.4564012002944946]
2019-04-01 21:13:12 INFO     Batch: [25/120] Epoch: [2] Loss: [1.4587804996050322]
2019-04-01 21:13:12 INFO     Batch: [26/120] Epoch: [2] Loss: [1.4568775141680683]
2019-04-01 21:13:12 INFO     Batch: [27/120] Epoch: [2] Loss: [1.4561227432319097]
2019-04-01 21:13:12 INFO     Batch: [28/120] Epoch: [2] Loss: [1.455954757230035]
2019-04-01 21:13:13 INFO     Batch: [29/120] Epoch: [2] Loss: [1.4577974716822306]
2019-04-01 21:13:13 INFO     Batch: [30/120] Epoch: [2] Loss: [1.4544213279601066]
2019-04-01 21:13:13 INFO     Batch: [31/120] Epoch: [2] Loss: [1.4514505416154861]
2019-04-01 21:13:13 INFO     Batch: [32/120] Epoch: [2] Loss: [1.449710954319347]
2019-04-01 21:13:13 INFO     Batch: [33/120] Epoch: [2] Loss: [1.4497731678626116]
2019-04-01 21:13:13 INFO     Batch: [34/120] Epoch: [2] Loss: [1.449710706302098]
2019-04-01 21:13:13 INFO     Batch: [35/120] Epoch: [2] Loss: [1.4502645830313365]
2019-04-01 21:13:14 INFO     Batch: [36/120] Epoch: [2] Loss: [1.4508646855483185]
2019-04-01 21:13:14 INFO     Batch: [37/120] Epoch: [2] Loss: [1.4505686508981805]
2019-04-01 21:13:14 INFO     Batch: [38/120] Epoch: [2] Loss: [1.45013370575049]
2019-04-01 21:13:14 INFO     Batch: [39/120] Epoch: [2] Loss: [1.4489758759737015]
2019-04-01 21:13:14 INFO     Batch: [40/120] Epoch: [2] Loss: [1.4475967040876063]
2019-04-01 21:13:14 INFO     Batch: [41/120] Epoch: [2] Loss: [1.4469796078545707]
2019-04-01 21:13:14 INFO     Batch: [42/120] Epoch: [2] Loss: [1.4470224824062614]
2019-04-01 21:13:15 INFO     Batch: [43/120] Epoch: [2] Loss: [1.4457319974899292]
2019-04-01 21:13:15 INFO     Batch: [44/120] Epoch: [2] Loss: [1.4448675155639648]
2019-04-01 21:13:15 INFO     Batch: [45/120] Epoch: [2] Loss: [1.4439546984174978]
2019-04-01 21:13:15 INFO     Batch: [46/120] Epoch: [2] Loss: [1.4423021407837564]
2019-04-01 21:13:15 INFO     Batch: [47/120] Epoch: [2] Loss: [1.442006674905618]
2019-04-01 21:13:15 INFO     Batch: [48/120] Epoch: [2] Loss: [1.4396426580390151]
2019-04-01 21:13:15 INFO     Batch: [49/120] Epoch: [2] Loss: [1.4381800675392151]
2019-04-01 21:13:16 INFO     Batch: [50/120] Epoch: [2] Loss: [1.4378674334170771]
2019-04-01 21:13:16 INFO     Batch: [51/120] Epoch: [2] Loss: [1.4358882422630603]
2019-04-01 21:13:16 INFO     Batch: [52/120] Epoch: [2] Loss: [1.4345704204631302]
2019-04-01 21:13:16 INFO     Batch: [53/120] Epoch: [2] Loss: [1.4334133753070124]
2019-04-01 21:13:16 INFO     Batch: [54/120] Epoch: [2] Loss: [1.4315740498629483]
2019-04-01 21:13:16 INFO     Batch: [55/120] Epoch: [2] Loss: [1.4314545542001724]
2019-04-01 21:13:16 INFO     Batch: [56/120] Epoch: [2] Loss: [1.4290459114208556]
2019-04-01 21:13:16 INFO     Batch: [57/120] Epoch: [2] Loss: [1.4267622068010528]
2019-04-01 21:13:17 INFO     Batch: [58/120] Epoch: [2] Loss: [1.4271141149229922]
2019-04-01 21:13:17 INFO     Batch: [59/120] Epoch: [2] Loss: [1.4258033255736033]
2019-04-01 21:13:17 INFO     Batch: [60/120] Epoch: [2] Loss: [1.42465868543406]
2019-04-01 21:13:17 INFO     Batch: [61/120] Epoch: [2] Loss: [1.4251990106797987]
2019-04-01 21:13:17 INFO     Batch: [62/120] Epoch: [2] Loss: [1.424336077674987]
2019-04-01 21:13:17 INFO     Batch: [63/120] Epoch: [2] Loss: [1.4226886220276356]
2019-04-01 21:13:17 INFO     Batch: [64/120] Epoch: [2] Loss: [1.4221735037290133]
2019-04-01 21:13:18 INFO     Batch: [65/120] Epoch: [2] Loss: [1.4224967288248467]
2019-04-01 21:13:18 INFO     Batch: [66/120] Epoch: [2] Loss: [1.421866803026911]
2019-04-01 21:13:18 INFO     Batch: [67/120] Epoch: [2] Loss: [1.421396998798146]
2019-04-01 21:13:18 INFO     Batch: [68/120] Epoch: [2] Loss: [1.420911154885223]
2019-04-01 21:13:18 INFO     Batch: [69/120] Epoch: [2] Loss: [1.419891335283007]
2019-04-01 21:13:18 INFO     Batch: [70/120] Epoch: [2] Loss: [1.4195532043215255]
2019-04-01 21:13:18 INFO     Batch: [71/120] Epoch: [2] Loss: [1.420067052046458]
2019-04-01 21:13:19 INFO     Batch: [72/120] Epoch: [2] Loss: [1.4197028908011031]
2019-04-01 21:13:19 INFO     Batch: [73/120] Epoch: [2] Loss: [1.4189670762500248]
2019-04-01 21:13:19 INFO     Batch: [74/120] Epoch: [2] Loss: [1.4180267826716104]
2019-04-01 21:13:19 INFO     Batch: [75/120] Epoch: [2] Loss: [1.4180484461156946]
2019-04-01 21:13:19 INFO     Batch: [76/120] Epoch: [2] Loss: [1.4177291377798302]
2019-04-01 21:13:19 INFO     Batch: [77/120] Epoch: [2] Loss: [1.4175181205456073]
2019-04-01 21:13:19 INFO     Batch: [78/120] Epoch: [2] Loss: [1.4169093053552169]
2019-04-01 21:13:20 INFO     Batch: [79/120] Epoch: [2] Loss: [1.4172493293881416]
2019-04-01 21:13:20 INFO     Batch: [80/120] Epoch: [2] Loss: [1.4172998710914895]
2019-04-01 21:13:20 INFO     Batch: [81/120] Epoch: [2] Loss: [1.4178829294879263]
2019-04-01 21:13:20 INFO     Batch: [82/120] Epoch: [2] Loss: [1.417712915374572]
2019-04-01 21:13:20 INFO     Batch: [83/120] Epoch: [2] Loss: [1.4168592932678403]
2019-04-01 21:13:20 INFO     Batch: [84/120] Epoch: [2] Loss: [1.4173955117954928]
2019-04-01 21:13:20 INFO     Batch: [85/120] Epoch: [2] Loss: [1.4169306727342827]
2019-04-01 21:13:21 INFO     Batch: [86/120] Epoch: [2] Loss: [1.4167589716527653]
2019-04-01 21:13:21 INFO     Batch: [87/120] Epoch: [2] Loss: [1.4172076217152856]
2019-04-01 21:13:21 INFO     Batch: [88/120] Epoch: [2] Loss: [1.4180097111155479]
2019-04-01 21:13:21 INFO     Batch: [89/120] Epoch: [2] Loss: [1.4185912291208902]
2019-04-01 21:13:21 INFO     Batch: [90/120] Epoch: [2] Loss: [1.4185419017141991]
2019-04-01 21:13:21 INFO     Batch: [91/120] Epoch: [2] Loss: [1.4180469176043635]
2019-04-01 21:13:21 INFO     Batch: [92/120] Epoch: [2] Loss: [1.4179726198155393]
2019-04-01 21:13:21 INFO     Batch: [93/120] Epoch: [2] Loss: [1.41873654913395]
2019-04-01 21:13:22 INFO     Batch: [94/120] Epoch: [2] Loss: [1.4183970476451673]
2019-04-01 21:13:22 INFO     Batch: [95/120] Epoch: [2] Loss: [1.418201004465421]
2019-04-01 21:13:22 INFO     Batch: [96/120] Epoch: [2] Loss: [1.417805205915392]
2019-04-01 21:13:22 INFO     Batch: [97/120] Epoch: [2] Loss: [1.4170695847394514]
2019-04-01 21:13:22 INFO     Batch: [98/120] Epoch: [2] Loss: [1.4170110418338968]
2019-04-01 21:13:22 INFO     Batch: [99/120] Epoch: [2] Loss: [1.4168925309181213]
2019-04-01 21:13:22 INFO     Batch: [100/120] Epoch: [2] Loss: [1.4166177782681908]
2019-04-01 21:13:23 INFO     Batch: [101/120] Epoch: [2] Loss: [1.4155644879621618]
2019-04-01 21:13:23 INFO     Batch: [102/120] Epoch: [2] Loss: [1.4153207945592194]
2019-04-01 21:13:23 INFO     Batch: [103/120] Epoch: [2] Loss: [1.4143288788887172]
2019-04-01 21:13:23 INFO     Batch: [104/120] Epoch: [2] Loss: [1.4139989353361584]
2019-04-01 21:13:23 INFO     Batch: [105/120] Epoch: [2] Loss: [1.4135406264718973]
2019-04-01 21:13:23 INFO     Batch: [106/120] Epoch: [2] Loss: [1.4125009730597522]
2019-04-01 21:13:23 INFO     Batch: [107/120] Epoch: [2] Loss: [1.4113550031626667]
2019-04-01 21:13:24 INFO     Batch: [108/120] Epoch: [2] Loss: [1.410177706578456]
2019-04-01 21:13:24 INFO     Batch: [109/120] Epoch: [2] Loss: [1.4094495957547968]
2019-04-01 21:13:24 INFO     Batch: [110/120] Epoch: [2] Loss: [1.4082769445470862]
2019-04-01 21:13:24 INFO     Batch: [111/120] Epoch: [2] Loss: [1.4072725347110204]
2019-04-01 21:13:24 INFO     Batch: [112/120] Epoch: [2] Loss: [1.4069048978586112]
2019-04-01 21:13:24 INFO     Batch: [113/120] Epoch: [2] Loss: [1.4061820977612545]
2019-04-01 21:13:24 INFO     Batch: [114/120] Epoch: [2] Loss: [1.4060019700423532]
2019-04-01 21:13:25 INFO     Batch: [115/120] Epoch: [2] Loss: [1.4048132588123452]
2019-04-01 21:13:25 INFO     Batch: [116/120] Epoch: [2] Loss: [1.4038453000223534]
2019-04-01 21:13:25 INFO     Batch: [117/120] Epoch: [2] Loss: [1.403041711298086]
2019-04-01 21:13:25 INFO     Batch: [118/120] Epoch: [2] Loss: [1.4017148148111935]
2019-04-01 21:13:25 INFO     Batch: [119/120] Epoch: [2] Loss: [1.4012233674526215]
2019-04-01 21:13:26 INFO     Epoch: [2/200] Loss: [1.4012233674526215] Accuracy: [0.546]
2019-04-01 21:13:27 INFO     Batch: [0/120] Epoch: [3] Loss: [1.2516027688980103]
2019-04-01 21:13:28 INFO     Accuracy: [0.5438181818181819]

2019-04-01 21:13:28 INFO     Batch: [1/120] Epoch: [3] Loss: [1.3034287095069885]
2019-04-01 21:13:28 INFO     Batch: [2/120] Epoch: [3] Loss: [1.317361831665039]
2019-04-01 21:13:28 INFO     Batch: [3/120] Epoch: [3] Loss: [1.3461746573448181]
2019-04-01 21:13:28 INFO     Batch: [4/120] Epoch: [3] Loss: [1.3317233800888062]
2019-04-01 21:13:29 INFO     Batch: [5/120] Epoch: [3] Loss: [1.3344201644261677]
2019-04-01 21:13:29 INFO     Batch: [6/120] Epoch: [3] Loss: [1.3281669786998205]
2019-04-01 21:13:29 INFO     Batch: [7/120] Epoch: [3] Loss: [1.3278448283672333]
2019-04-01 21:13:29 INFO     Batch: [8/120] Epoch: [3] Loss: [1.3273665242724948]
2019-04-01 21:13:29 INFO     Batch: [9/120] Epoch: [3] Loss: [1.3399208188056946]
2019-04-01 21:13:29 INFO     Batch: [10/120] Epoch: [3] Loss: [1.3402309742840854]
2019-04-01 21:13:29 INFO     Batch: [11/120] Epoch: [3] Loss: [1.336684376001358]
2019-04-01 21:13:30 INFO     Batch: [12/120] Epoch: [3] Loss: [1.3341595301261315]
2019-04-01 21:13:30 INFO     Batch: [13/120] Epoch: [3] Loss: [1.3313605529921395]
2019-04-01 21:13:30 INFO     Batch: [14/120] Epoch: [3] Loss: [1.3295350313186645]
2019-04-01 21:13:30 INFO     Batch: [15/120] Epoch: [3] Loss: [1.3262794241309166]
2019-04-01 21:13:30 INFO     Batch: [16/120] Epoch: [3] Loss: [1.3298362072776346]
2019-04-01 21:13:30 INFO     Batch: [17/120] Epoch: [3] Loss: [1.3322924375534058]
2019-04-01 21:13:30 INFO     Batch: [18/120] Epoch: [3] Loss: [1.331767853937651]
2019-04-01 21:13:31 INFO     Batch: [19/120] Epoch: [3] Loss: [1.3321594297885895]
2019-04-01 21:13:31 INFO     Batch: [20/120] Epoch: [3] Loss: [1.331719886688959]
2019-04-01 21:13:31 INFO     Batch: [21/120] Epoch: [3] Loss: [1.332563963803378]
2019-04-01 21:13:31 INFO     Batch: [22/120] Epoch: [3] Loss: [1.3289222302644148]
2019-04-01 21:13:31 INFO     Batch: [23/120] Epoch: [3] Loss: [1.3294510245323181]
2019-04-01 21:13:31 INFO     Batch: [24/120] Epoch: [3] Loss: [1.3273629236221314]
2019-04-01 21:13:31 INFO     Batch: [25/120] Epoch: [3] Loss: [1.3238527132914617]
2019-04-01 21:13:32 INFO     Batch: [26/120] Epoch: [3] Loss: [1.3239384094874065]
2019-04-01 21:13:32 INFO     Batch: [27/120] Epoch: [3] Loss: [1.3240437720503127]
2019-04-01 21:13:32 INFO     Batch: [28/120] Epoch: [3] Loss: [1.3226845100008209]
2019-04-01 21:13:32 INFO     Batch: [29/120] Epoch: [3] Loss: [1.323401157061259]
2019-04-01 21:13:32 INFO     Batch: [30/120] Epoch: [3] Loss: [1.322041384635433]
2019-04-01 21:13:32 INFO     Batch: [31/120] Epoch: [3] Loss: [1.321791585534811]
2019-04-01 21:13:32 INFO     Batch: [32/120] Epoch: [3] Loss: [1.3224591414133708]
2019-04-01 21:13:33 INFO     Batch: [33/120] Epoch: [3] Loss: [1.3238055425531723]
2019-04-01 21:13:33 INFO     Batch: [34/120] Epoch: [3] Loss: [1.3230896438871111]
2019-04-01 21:13:33 INFO     Batch: [35/120] Epoch: [3] Loss: [1.322280529472563]
2019-04-01 21:13:33 INFO     Batch: [36/120] Epoch: [3] Loss: [1.3198156356811523]
2019-04-01 21:13:33 INFO     Batch: [37/120] Epoch: [3] Loss: [1.3193837529734562]
2019-04-01 21:13:33 INFO     Batch: [38/120] Epoch: [3] Loss: [1.3192433760716364]
2019-04-01 21:13:33 INFO     Batch: [39/120] Epoch: [3] Loss: [1.318435725569725]
2019-04-01 21:13:34 INFO     Batch: [40/120] Epoch: [3] Loss: [1.3173092312929107]
2019-04-01 21:13:34 INFO     Batch: [41/120] Epoch: [3] Loss: [1.3168693809282213]
2019-04-01 21:13:34 INFO     Batch: [42/120] Epoch: [3] Loss: [1.3155118199281914]
2019-04-01 21:13:34 INFO     Batch: [43/120] Epoch: [3] Loss: [1.316066563129425]
2019-04-01 21:13:34 INFO     Batch: [44/120] Epoch: [3] Loss: [1.3129722754160562]
2019-04-01 21:13:34 INFO     Batch: [45/120] Epoch: [3] Loss: [1.313860113206117]
2019-04-01 21:13:34 INFO     Batch: [46/120] Epoch: [3] Loss: [1.3127857193033745]
2019-04-01 21:13:35 INFO     Batch: [47/120] Epoch: [3] Loss: [1.313598372042179]
2019-04-01 21:13:35 INFO     Batch: [48/120] Epoch: [3] Loss: [1.3128466654796989]
2019-04-01 21:13:35 INFO     Batch: [49/120] Epoch: [3] Loss: [1.3126639986038209]
2019-04-01 21:13:35 INFO     Batch: [50/120] Epoch: [3] Loss: [1.31260570825315]
2019-04-01 21:13:35 INFO     Batch: [51/120] Epoch: [3] Loss: [1.313035554610766]
2019-04-01 21:13:35 INFO     Batch: [52/120] Epoch: [3] Loss: [1.312973623005849]
2019-04-01 21:13:35 INFO     Batch: [53/120] Epoch: [3] Loss: [1.3133171995480855]
2019-04-01 21:13:36 INFO     Batch: [54/120] Epoch: [3] Loss: [1.3124229041012851]
2019-04-01 21:13:36 INFO     Batch: [55/120] Epoch: [3] Loss: [1.311094697032656]
2019-04-01 21:13:36 INFO     Batch: [56/120] Epoch: [3] Loss: [1.3108832543356377]
2019-04-01 21:13:36 INFO     Batch: [57/120] Epoch: [3] Loss: [1.3114879912343518]
2019-04-01 21:13:36 INFO     Batch: [58/120] Epoch: [3] Loss: [1.3112660343364133]
2019-04-01 21:13:36 INFO     Batch: [59/120] Epoch: [3] Loss: [1.310923590262731]
2019-04-01 21:13:36 INFO     Batch: [60/120] Epoch: [3] Loss: [1.3111800815238328]
2019-04-01 21:13:36 INFO     Batch: [61/120] Epoch: [3] Loss: [1.3114739694902975]
2019-04-01 21:13:37 INFO     Batch: [62/120] Epoch: [3] Loss: [1.3113628834012956]
2019-04-01 21:13:37 INFO     Batch: [63/120] Epoch: [3] Loss: [1.3111673798412085]
2019-04-01 21:13:37 INFO     Batch: [64/120] Epoch: [3] Loss: [1.3127284049987793]
2019-04-01 21:13:37 INFO     Batch: [65/120] Epoch: [3] Loss: [1.314002457893256]
2019-04-01 21:13:37 INFO     Batch: [66/120] Epoch: [3] Loss: [1.316613012285375]
2019-04-01 21:13:37 INFO     Batch: [67/120] Epoch: [3] Loss: [1.3173500124145956]
2019-04-01 21:13:37 INFO     Batch: [68/120] Epoch: [3] Loss: [1.319735264432603]
2019-04-01 21:13:38 INFO     Batch: [69/120] Epoch: [3] Loss: [1.319972256251744]
2019-04-01 21:13:38 INFO     Batch: [70/120] Epoch: [3] Loss: [1.3207550283888696]
2019-04-01 21:13:38 INFO     Batch: [71/120] Epoch: [3] Loss: [1.321881319085757]
2019-04-01 21:13:38 INFO     Batch: [72/120] Epoch: [3] Loss: [1.3232851583663732]
2019-04-01 21:13:38 INFO     Batch: [73/120] Epoch: [3] Loss: [1.3237297196645994]
2019-04-01 21:13:38 INFO     Batch: [74/120] Epoch: [3] Loss: [1.324524130821228]
2019-04-01 21:13:38 INFO     Batch: [75/120] Epoch: [3] Loss: [1.3255419621342106]
2019-04-01 21:13:39 INFO     Batch: [76/120] Epoch: [3] Loss: [1.3270511565270362]
2019-04-01 21:13:39 INFO     Batch: [77/120] Epoch: [3] Loss: [1.3272867707105784]
2019-04-01 21:13:39 INFO     Batch: [78/120] Epoch: [3] Loss: [1.3282458450220809]
2019-04-01 21:13:39 INFO     Batch: [79/120] Epoch: [3] Loss: [1.3298037350177765]
2019-04-01 21:13:39 INFO     Batch: [80/120] Epoch: [3] Loss: [1.3315058725851554]
2019-04-01 21:13:39 INFO     Batch: [81/120] Epoch: [3] Loss: [1.3324965136807139]
2019-04-01 21:13:39 INFO     Batch: [82/120] Epoch: [3] Loss: [1.3329571241355804]
2019-04-01 21:13:40 INFO     Batch: [83/120] Epoch: [3] Loss: [1.33440728698458]
2019-04-01 21:13:40 INFO     Batch: [84/120] Epoch: [3] Loss: [1.333678943970624]
2019-04-01 21:13:40 INFO     Batch: [85/120] Epoch: [3] Loss: [1.3337784187738286]
2019-04-01 21:13:40 INFO     Batch: [86/120] Epoch: [3] Loss: [1.3348600288917278]
2019-04-01 21:13:40 INFO     Batch: [87/120] Epoch: [3] Loss: [1.3357991847124966]
2019-04-01 21:13:40 INFO     Batch: [88/120] Epoch: [3] Loss: [1.336914299579149]
2019-04-01 21:13:40 INFO     Batch: [89/120] Epoch: [3] Loss: [1.3373048808839587]
2019-04-01 21:13:41 INFO     Batch: [90/120] Epoch: [3] Loss: [1.3373076129745651]
2019-04-01 21:13:41 INFO     Batch: [91/120] Epoch: [3] Loss: [1.3372880453648774]
2019-04-01 21:13:41 INFO     Batch: [92/120] Epoch: [3] Loss: [1.337726705817766]
2019-04-01 21:13:41 INFO     Batch: [93/120] Epoch: [3] Loss: [1.3376101230053192]
2019-04-01 21:13:41 INFO     Batch: [94/120] Epoch: [3] Loss: [1.337043877651817]
2019-04-01 21:13:41 INFO     Batch: [95/120] Epoch: [3] Loss: [1.336418617516756]
2019-04-01 21:13:41 INFO     Batch: [96/120] Epoch: [3] Loss: [1.336598516739521]
2019-04-01 21:13:42 INFO     Batch: [97/120] Epoch: [3] Loss: [1.336016803371663]
2019-04-01 21:13:42 INFO     Batch: [98/120] Epoch: [3] Loss: [1.3355255223283864]
2019-04-01 21:13:42 INFO     Batch: [99/120] Epoch: [3] Loss: [1.3342835879325867]
2019-04-01 21:13:42 INFO     Batch: [100/120] Epoch: [3] Loss: [1.3349727640057554]
2019-04-01 21:13:42 INFO     Batch: [101/120] Epoch: [3] Loss: [1.3343588616333755]
2019-04-01 21:13:42 INFO     Batch: [102/120] Epoch: [3] Loss: [1.333665311915203]
2019-04-01 21:13:42 INFO     Batch: [103/120] Epoch: [3] Loss: [1.3326459228992462]
2019-04-01 21:13:42 INFO     Batch: [104/120] Epoch: [3] Loss: [1.3318102053233556]
2019-04-01 21:13:43 INFO     Batch: [105/120] Epoch: [3] Loss: [1.3319739035840303]
2019-04-01 21:13:43 INFO     Batch: [106/120] Epoch: [3] Loss: [1.3316134804877164]
2019-04-01 21:13:43 INFO     Batch: [107/120] Epoch: [3] Loss: [1.3301308000529255]
2019-04-01 21:13:43 INFO     Batch: [108/120] Epoch: [3] Loss: [1.3287345039735146]
2019-04-01 21:13:43 INFO     Batch: [109/120] Epoch: [3] Loss: [1.3280458656224337]
2019-04-01 21:13:43 INFO     Batch: [110/120] Epoch: [3] Loss: [1.3275277625333082]
2019-04-01 21:13:43 INFO     Batch: [111/120] Epoch: [3] Loss: [1.32717092441661]
2019-04-01 21:13:44 INFO     Batch: [112/120] Epoch: [3] Loss: [1.3262571339058664]
2019-04-01 21:13:44 INFO     Batch: [113/120] Epoch: [3] Loss: [1.326429501960152]
2019-04-01 21:13:44 INFO     Batch: [114/120] Epoch: [3] Loss: [1.3256739139556886]
2019-04-01 21:13:44 INFO     Batch: [115/120] Epoch: [3] Loss: [1.32496292529435]
2019-04-01 21:13:44 INFO     Batch: [116/120] Epoch: [3] Loss: [1.3249682758608434]
2019-04-01 21:13:44 INFO     Batch: [117/120] Epoch: [3] Loss: [1.325194813437381]
2019-04-01 21:13:44 INFO     Batch: [118/120] Epoch: [3] Loss: [1.3247793211656458]
2019-04-01 21:13:45 INFO     Batch: [119/120] Epoch: [3] Loss: [1.3241374671459198]
2019-04-01 21:13:46 INFO     Epoch: [3/200] Loss: [1.3241374671459198] Accuracy: [0.5403636363636364]
2019-04-01 21:13:46 INFO     Batch: [0/120] Epoch: [4] Loss: [1.3127987384796143]
2019-04-01 21:13:47 INFO     Accuracy: [0.5423636363636365]

2019-04-01 21:13:48 INFO     Batch: [1/120] Epoch: [4] Loss: [1.2836811542510986]
2019-04-01 21:13:48 INFO     Batch: [2/120] Epoch: [4] Loss: [1.2841663360595703]
2019-04-01 21:13:48 INFO     Batch: [3/120] Epoch: [4] Loss: [1.3005890846252441]
2019-04-01 21:13:48 INFO     Batch: [4/120] Epoch: [4] Loss: [1.299062967300415]
2019-04-01 21:13:48 INFO     Batch: [5/120] Epoch: [4] Loss: [1.2960415681203206]
2019-04-01 21:13:48 INFO     Batch: [6/120] Epoch: [4] Loss: [1.2820917538234167]
2019-04-01 21:13:48 INFO     Batch: [7/120] Epoch: [4] Loss: [1.293071672320366]
2019-04-01 21:13:48 INFO     Batch: [8/120] Epoch: [4] Loss: [1.2964360846413507]
2019-04-01 21:13:49 INFO     Batch: [9/120] Epoch: [4] Loss: [1.304842436313629]
2019-04-01 21:13:49 INFO     Batch: [10/120] Epoch: [4] Loss: [1.3045536496422507]
2019-04-01 21:13:49 INFO     Batch: [11/120] Epoch: [4] Loss: [1.3158625662326813]
2019-04-01 21:13:49 INFO     Batch: [12/120] Epoch: [4] Loss: [1.318576693534851]
2019-04-01 21:13:49 INFO     Batch: [13/120] Epoch: [4] Loss: [1.3289273892130171]
2019-04-01 21:13:49 INFO     Batch: [14/120] Epoch: [4] Loss: [1.3317102432250976]
2019-04-01 21:13:49 INFO     Batch: [15/120] Epoch: [4] Loss: [1.3358423486351967]
2019-04-01 21:13:50 INFO     Batch: [16/120] Epoch: [4] Loss: [1.3354808302486645]
2019-04-01 21:13:50 INFO     Batch: [17/120] Epoch: [4] Loss: [1.341035823027293]
2019-04-01 21:13:50 INFO     Batch: [18/120] Epoch: [4] Loss: [1.3432548171595524]
2019-04-01 21:13:50 INFO     Batch: [19/120] Epoch: [4] Loss: [1.3395314455032348]
2019-04-01 21:13:50 INFO     Batch: [20/120] Epoch: [4] Loss: [1.3424474965958368]
2019-04-01 21:13:50 INFO     Batch: [21/120] Epoch: [4] Loss: [1.3385899717157537]
2019-04-01 21:13:50 INFO     Batch: [22/120] Epoch: [4] Loss: [1.3395206565442292]
2019-04-01 21:13:51 INFO     Batch: [23/120] Epoch: [4] Loss: [1.3390974253416061]
2019-04-01 21:13:51 INFO     Batch: [24/120] Epoch: [4] Loss: [1.3406601238250733]
2019-04-01 21:13:51 INFO     Batch: [25/120] Epoch: [4] Loss: [1.343577123605288]
2019-04-01 21:13:51 INFO     Batch: [26/120] Epoch: [4] Loss: [1.3432710391503793]
2019-04-01 21:13:51 INFO     Batch: [27/120] Epoch: [4] Loss: [1.3438771196774073]
2019-04-01 21:13:51 INFO     Batch: [28/120] Epoch: [4] Loss: [1.3436687855884946]
2019-04-01 21:13:51 INFO     Batch: [29/120] Epoch: [4] Loss: [1.3447319189707438]
2019-04-01 21:13:52 INFO     Batch: [30/120] Epoch: [4] Loss: [1.3457674095707555]
2019-04-01 21:13:52 INFO     Batch: [31/120] Epoch: [4] Loss: [1.3453136645257473]
2019-04-01 21:13:52 INFO     Batch: [32/120] Epoch: [4] Loss: [1.3443074118007312]
2019-04-01 21:13:52 INFO     Batch: [33/120] Epoch: [4] Loss: [1.346939034321729]
2019-04-01 21:13:52 INFO     Batch: [34/120] Epoch: [4] Loss: [1.3486788477216447]
2019-04-01 21:13:52 INFO     Batch: [35/120] Epoch: [4] Loss: [1.345516135295232]
2019-04-01 21:13:52 INFO     Batch: [36/120] Epoch: [4] Loss: [1.3450007696409483]
2019-04-01 21:13:53 INFO     Batch: [37/120] Epoch: [4] Loss: [1.3456490165308903]
2019-04-01 21:13:53 INFO     Batch: [38/120] Epoch: [4] Loss: [1.3477928118828015]
2019-04-01 21:13:53 INFO     Batch: [39/120] Epoch: [4] Loss: [1.3486670583486557]
2019-04-01 21:13:53 INFO     Batch: [40/120] Epoch: [4] Loss: [1.3453892527557]
2019-04-01 21:13:53 INFO     Batch: [41/120] Epoch: [4] Loss: [1.343488111382439]
2019-04-01 21:13:53 INFO     Batch: [42/120] Epoch: [4] Loss: [1.3410770504973655]
2019-04-01 21:13:53 INFO     Batch: [43/120] Epoch: [4] Loss: [1.3386636728590184]
2019-04-01 21:13:54 INFO     Batch: [44/120] Epoch: [4] Loss: [1.3390920797983805]
2019-04-01 21:13:54 INFO     Batch: [45/120] Epoch: [4] Loss: [1.3395650127659673]
2019-04-01 21:13:54 INFO     Batch: [46/120] Epoch: [4] Loss: [1.3382598973335105]
2019-04-01 21:13:54 INFO     Batch: [47/120] Epoch: [4] Loss: [1.3386964177091916]
2019-04-01 21:13:54 INFO     Batch: [48/120] Epoch: [4] Loss: [1.336923463003976]
2019-04-01 21:13:54 INFO     Batch: [49/120] Epoch: [4] Loss: [1.336661033630371]
2019-04-01 21:13:54 INFO     Batch: [50/120] Epoch: [4] Loss: [1.3359143920973235]
2019-04-01 21:13:55 INFO     Batch: [51/120] Epoch: [4] Loss: [1.3348527802870824]
2019-04-01 21:13:55 INFO     Batch: [52/120] Epoch: [4] Loss: [1.3332725943259474]
2019-04-01 21:13:55 INFO     Batch: [53/120] Epoch: [4] Loss: [1.3332069052590265]
2019-04-01 21:13:55 INFO     Batch: [54/120] Epoch: [4] Loss: [1.3289910294792868]
2019-04-01 21:13:55 INFO     Batch: [55/120] Epoch: [4] Loss: [1.3266884514263697]
2019-04-01 21:13:55 INFO     Batch: [56/120] Epoch: [4] Loss: [1.3267354212309186]
2019-04-01 21:13:55 INFO     Batch: [57/120] Epoch: [4] Loss: [1.324128607223774]
2019-04-01 21:13:55 INFO     Batch: [58/120] Epoch: [4] Loss: [1.323137939986536]
2019-04-01 21:13:56 INFO     Batch: [59/120] Epoch: [4] Loss: [1.3218748152256012]
2019-04-01 21:13:56 INFO     Batch: [60/120] Epoch: [4] Loss: [1.32072428406262]
2019-04-01 21:13:56 INFO     Batch: [61/120] Epoch: [4] Loss: [1.3195264108719365]
2019-04-01 21:13:56 INFO     Batch: [62/120] Epoch: [4] Loss: [1.3169743901207334]
2019-04-01 21:13:56 INFO     Batch: [63/120] Epoch: [4] Loss: [1.3154805693775415]
2019-04-01 21:13:56 INFO     Batch: [64/120] Epoch: [4] Loss: [1.313936138153076]
2019-04-01 21:13:56 INFO     Batch: [65/120] Epoch: [4] Loss: [1.3135442029346118]
2019-04-01 21:13:57 INFO     Batch: [66/120] Epoch: [4] Loss: [1.3124812538944073]
2019-04-01 21:13:57 INFO     Batch: [67/120] Epoch: [4] Loss: [1.3119033820488875]
2019-04-01 21:13:57 INFO     Batch: [68/120] Epoch: [4] Loss: [1.3112073255621868]
2019-04-01 21:13:57 INFO     Batch: [69/120] Epoch: [4] Loss: [1.309521950994219]
2019-04-01 21:13:57 INFO     Batch: [70/120] Epoch: [4] Loss: [1.308936033450382]
2019-04-01 21:13:57 INFO     Batch: [71/120] Epoch: [4] Loss: [1.3091320246458054]
2019-04-01 21:13:57 INFO     Batch: [72/120] Epoch: [4] Loss: [1.3084342969607001]
2019-04-01 21:13:58 INFO     Batch: [73/120] Epoch: [4] Loss: [1.3096457687584129]
2019-04-01 21:13:58 INFO     Batch: [74/120] Epoch: [4] Loss: [1.3101330089569092]
2019-04-01 21:13:58 INFO     Batch: [75/120] Epoch: [4] Loss: [1.3092589048962844]
2019-04-01 21:13:58 INFO     Batch: [76/120] Epoch: [4] Loss: [1.3080683993054676]
2019-04-01 21:13:58 INFO     Batch: [77/120] Epoch: [4] Loss: [1.3071283606382518]
2019-04-01 21:13:58 INFO     Batch: [78/120] Epoch: [4] Loss: [1.3079401722437218]
2019-04-01 21:13:58 INFO     Batch: [79/120] Epoch: [4] Loss: [1.3081682190299033]
2019-04-01 21:13:59 INFO     Batch: [80/120] Epoch: [4] Loss: [1.3084505340199413]
2019-04-01 21:13:59 INFO     Batch: [81/120] Epoch: [4] Loss: [1.3094863295555115]
2019-04-01 21:13:59 INFO     Batch: [82/120] Epoch: [4] Loss: [1.3100711423230458]
2019-04-01 21:13:59 INFO     Batch: [83/120] Epoch: [4] Loss: [1.3103181024392445]
2019-04-01 21:13:59 INFO     Batch: [84/120] Epoch: [4] Loss: [1.3110860263600068]
2019-04-01 21:13:59 INFO     Batch: [85/120] Epoch: [4] Loss: [1.312252700328827]
2019-04-01 21:13:59 INFO     Batch: [86/120] Epoch: [4] Loss: [1.312390656306826]
2019-04-01 21:13:59 INFO     Batch: [87/120] Epoch: [4] Loss: [1.313013275915926]
2019-04-01 21:14:00 INFO     Batch: [88/120] Epoch: [4] Loss: [1.313193984245986]
2019-04-01 21:14:00 INFO     Batch: [89/120] Epoch: [4] Loss: [1.3152530180083382]
2019-04-01 21:14:00 INFO     Batch: [90/120] Epoch: [4] Loss: [1.3153460693883372]
2019-04-01 21:14:00 INFO     Batch: [91/120] Epoch: [4] Loss: [1.3160505929718846]
2019-04-01 21:14:00 INFO     Batch: [92/120] Epoch: [4] Loss: [1.3163044555212862]
2019-04-01 21:14:00 INFO     Batch: [93/120] Epoch: [4] Loss: [1.3177649657777015]
2019-04-01 21:14:00 INFO     Batch: [94/120] Epoch: [4] Loss: [1.3180165642186215]
2019-04-01 21:14:01 INFO     Batch: [95/120] Epoch: [4] Loss: [1.3192479970554511]
2019-04-01 21:14:01 INFO     Batch: [96/120] Epoch: [4] Loss: [1.3194840138720483]
2019-04-01 21:14:01 INFO     Batch: [97/120] Epoch: [4] Loss: [1.3198616066757514]
2019-04-01 21:14:01 INFO     Batch: [98/120] Epoch: [4] Loss: [1.321292965099065]
2019-04-01 21:14:01 INFO     Batch: [99/120] Epoch: [4] Loss: [1.3227078354358672]
2019-04-01 21:14:01 INFO     Batch: [100/120] Epoch: [4] Loss: [1.3229834856373248]
2019-04-01 21:14:01 INFO     Batch: [101/120] Epoch: [4] Loss: [1.324243731358472]
2019-04-01 21:14:02 INFO     Batch: [102/120] Epoch: [4] Loss: [1.3244114211462077]
2019-04-01 21:14:02 INFO     Batch: [103/120] Epoch: [4] Loss: [1.3261270568921015]
2019-04-01 21:14:02 INFO     Batch: [104/120] Epoch: [4] Loss: [1.3256416127795265]
2019-04-01 21:14:02 INFO     Batch: [105/120] Epoch: [4] Loss: [1.3272849242642242]
2019-04-01 21:14:02 INFO     Batch: [106/120] Epoch: [4] Loss: [1.328304311939489]
2019-04-01 21:14:02 INFO     Batch: [107/120] Epoch: [4] Loss: [1.3288327709392265]
2019-04-01 21:14:02 INFO     Batch: [108/120] Epoch: [4] Loss: [1.3287493460768953]
2019-04-01 21:14:03 INFO     Batch: [109/120] Epoch: [4] Loss: [1.3288411617279052]
2019-04-01 21:14:03 INFO     Batch: [110/120] Epoch: [4] Loss: [1.329424170760421]
2019-04-01 21:14:03 INFO     Batch: [111/120] Epoch: [4] Loss: [1.3302264458366804]
2019-04-01 21:14:03 INFO     Batch: [112/120] Epoch: [4] Loss: [1.331048213275133]
2019-04-01 21:14:03 INFO     Batch: [113/120] Epoch: [4] Loss: [1.3307844630458898]
2019-04-01 21:14:03 INFO     Batch: [114/120] Epoch: [4] Loss: [1.3303283266399217]
2019-04-01 21:14:03 INFO     Batch: [115/120] Epoch: [4] Loss: [1.3306755772952377]
2019-04-01 21:14:04 INFO     Batch: [116/120] Epoch: [4] Loss: [1.329415614788349]
2019-04-01 21:14:04 INFO     Batch: [117/120] Epoch: [4] Loss: [1.32944420333636]
2019-04-01 21:14:04 INFO     Batch: [118/120] Epoch: [4] Loss: [1.3301782608032227]
2019-04-01 21:14:04 INFO     Batch: [119/120] Epoch: [4] Loss: [1.3297520558039346]
2019-04-01 21:14:05 INFO     Epoch: [4/200] Loss: [1.3297520558039346] Accuracy: [0.5547272727272727]
2019-04-01 21:14:06 INFO     Batch: [0/120] Epoch: [5] Loss: [1.314229965209961]
2019-04-01 21:14:07 INFO     Accuracy: [0.5527272727272728]

2019-04-01 21:14:07 INFO     Batch: [1/120] Epoch: [5] Loss: [1.2909096479415894]
2019-04-01 21:14:07 INFO     Batch: [2/120] Epoch: [5] Loss: [1.2711387077967327]
2019-04-01 21:14:07 INFO     Batch: [3/120] Epoch: [5] Loss: [1.2805469334125519]
2019-04-01 21:14:07 INFO     Batch: [4/120] Epoch: [5] Loss: [1.277713656425476]
2019-04-01 21:14:07 INFO     Batch: [5/120] Epoch: [5] Loss: [1.2722232937812805]
2019-04-01 21:14:08 INFO     Batch: [6/120] Epoch: [5] Loss: [1.280211159161159]
2019-04-01 21:14:08 INFO     Batch: [7/120] Epoch: [5] Loss: [1.2761004120111465]
2019-04-01 21:14:08 INFO     Batch: [8/120] Epoch: [5] Loss: [1.2766374349594116]
2019-04-01 21:14:08 INFO     Batch: [9/120] Epoch: [5] Loss: [1.2843449234962463]
2019-04-01 21:14:08 INFO     Batch: [10/120] Epoch: [5] Loss: [1.283961913802407]
2019-04-01 21:14:08 INFO     Batch: [11/120] Epoch: [5] Loss: [1.2846268216768901]
2019-04-01 21:14:08 INFO     Batch: [12/120] Epoch: [5] Loss: [1.281732751772954]
2019-04-01 21:14:08 INFO     Batch: [13/120] Epoch: [5] Loss: [1.289387047290802]
2019-04-01 21:14:09 INFO     Batch: [14/120] Epoch: [5] Loss: [1.2846964279810587]
2019-04-01 21:14:09 INFO     Batch: [15/120] Epoch: [5] Loss: [1.282753236591816]
2019-04-01 21:14:09 INFO     Batch: [16/120] Epoch: [5] Loss: [1.280886173248291]
2019-04-01 21:14:09 INFO     Batch: [17/120] Epoch: [5] Loss: [1.2820089989238315]
2019-04-01 21:14:09 INFO     Batch: [18/120] Epoch: [5] Loss: [1.281902507731789]
2019-04-01 21:14:09 INFO     Batch: [19/120] Epoch: [5] Loss: [1.2823721706867217]
2019-04-01 21:14:09 INFO     Batch: [20/120] Epoch: [5] Loss: [1.281184542746771]
2019-04-01 21:14:10 INFO     Batch: [21/120] Epoch: [5] Loss: [1.2801959622990002]
2019-04-01 21:14:10 INFO     Batch: [22/120] Epoch: [5] Loss: [1.280377595320992]
2019-04-01 21:14:10 INFO     Batch: [23/120] Epoch: [5] Loss: [1.2829605142275493]
2019-04-01 21:14:10 INFO     Batch: [24/120] Epoch: [5] Loss: [1.2822751235961913]
2019-04-01 21:14:10 INFO     Batch: [25/120] Epoch: [5] Loss: [1.2810722956290612]
2019-04-01 21:14:10 INFO     Batch: [26/120] Epoch: [5] Loss: [1.2808580928378634]
2019-04-01 21:14:10 INFO     Batch: [27/120] Epoch: [5] Loss: [1.2844861320086889]
2019-04-01 21:14:11 INFO     Batch: [28/120] Epoch: [5] Loss: [1.2845381827190006]
2019-04-01 21:14:11 INFO     Batch: [29/120] Epoch: [5] Loss: [1.2829608201980591]
2019-04-01 21:14:11 INFO     Batch: [30/120] Epoch: [5] Loss: [1.2821416931767617]
2019-04-01 21:14:11 INFO     Batch: [31/120] Epoch: [5] Loss: [1.2831036075949669]
2019-04-01 21:14:11 INFO     Batch: [32/120] Epoch: [5] Loss: [1.2838351076299495]
2019-04-01 21:14:11 INFO     Batch: [33/120] Epoch: [5] Loss: [1.2833489915903877]
2019-04-01 21:14:11 INFO     Batch: [34/120] Epoch: [5] Loss: [1.2817153249468123]
2019-04-01 21:14:12 INFO     Batch: [35/120] Epoch: [5] Loss: [1.280272940794627]
2019-04-01 21:14:12 INFO     Batch: [36/120] Epoch: [5] Loss: [1.2839115374797099]
2019-04-01 21:14:12 INFO     Batch: [37/120] Epoch: [5] Loss: [1.2869962704809088]
2019-04-01 21:14:12 INFO     Batch: [38/120] Epoch: [5] Loss: [1.2887440277979925]
2019-04-01 21:14:12 INFO     Batch: [39/120] Epoch: [5] Loss: [1.2936486512422563]
2019-04-01 21:14:12 INFO     Batch: [40/120] Epoch: [5] Loss: [1.293912939909028]
2019-04-01 21:14:12 INFO     Batch: [41/120] Epoch: [5] Loss: [1.2955012860752286]
2019-04-01 21:14:12 INFO     Batch: [42/120] Epoch: [5] Loss: [1.2957371722820192]
2019-04-01 21:14:13 INFO     Batch: [43/120] Epoch: [5] Loss: [1.2970777208154851]
2019-04-01 21:14:13 INFO     Batch: [44/120] Epoch: [5] Loss: [1.2981062968571981]
2019-04-01 21:14:13 INFO     Batch: [45/120] Epoch: [5] Loss: [1.3013040915779446]
2019-04-01 21:14:13 INFO     Batch: [46/120] Epoch: [5] Loss: [1.3028789657227537]
2019-04-01 21:14:13 INFO     Batch: [47/120] Epoch: [5] Loss: [1.304584339261055]
2019-04-01 21:14:13 INFO     Batch: [48/120] Epoch: [5] Loss: [1.3074607167925154]
2019-04-01 21:14:13 INFO     Batch: [49/120] Epoch: [5] Loss: [1.3088848209381103]
2019-04-01 21:14:14 INFO     Batch: [50/120] Epoch: [5] Loss: [1.3096219184351903]
2019-04-01 21:14:14 INFO     Batch: [51/120] Epoch: [5] Loss: [1.3112377616075368]
2019-04-01 21:14:14 INFO     Batch: [52/120] Epoch: [5] Loss: [1.311668094599022]
2019-04-01 21:14:14 INFO     Batch: [53/120] Epoch: [5] Loss: [1.3117547476733173]
2019-04-01 21:14:14 INFO     Batch: [54/120] Epoch: [5] Loss: [1.3131070245396008]
2019-04-01 21:14:14 INFO     Batch: [55/120] Epoch: [5] Loss: [1.3131682596036367]
2019-04-01 21:14:14 INFO     Batch: [56/120] Epoch: [5] Loss: [1.3129882687016536]
2019-04-01 21:14:15 INFO     Batch: [57/120] Epoch: [5] Loss: [1.3155781092314884]
2019-04-01 21:14:15 INFO     Batch: [58/120] Epoch: [5] Loss: [1.3187252101251634]
2019-04-01 21:14:15 INFO     Batch: [59/120] Epoch: [5] Loss: [1.3223382512728372]
2019-04-01 21:14:15 INFO     Batch: [60/120] Epoch: [5] Loss: [1.3226928964990083]
2019-04-01 21:14:15 INFO     Batch: [61/120] Epoch: [5] Loss: [1.3239205287348839]
2019-04-01 21:14:15 INFO     Batch: [62/120] Epoch: [5] Loss: [1.3268345802549333]
2019-04-01 21:14:15 INFO     Batch: [63/120] Epoch: [5] Loss: [1.3289628867059946]
2019-04-01 21:14:16 INFO     Batch: [64/120] Epoch: [5] Loss: [1.3285448771256667]
2019-04-01 21:14:16 INFO     Batch: [65/120] Epoch: [5] Loss: [1.3298574993104646]
2019-04-01 21:14:16 INFO     Batch: [66/120] Epoch: [5] Loss: [1.3294491127355774]
2019-04-01 21:14:16 INFO     Batch: [67/120] Epoch: [5] Loss: [1.330403364756528]
2019-04-01 21:14:16 INFO     Batch: [68/120] Epoch: [5] Loss: [1.330469869185185]
2019-04-01 21:14:16 INFO     Batch: [69/120] Epoch: [5] Loss: [1.3316089817455836]
2019-04-01 21:14:16 INFO     Batch: [70/120] Epoch: [5] Loss: [1.3335407334314267]
2019-04-01 21:14:17 INFO     Batch: [71/120] Epoch: [5] Loss: [1.3357580138577356]
2019-04-01 21:14:17 INFO     Batch: [72/120] Epoch: [5] Loss: [1.3362484190562]
2019-04-01 21:14:17 INFO     Batch: [73/120] Epoch: [5] Loss: [1.3381354099995382]
2019-04-01 21:14:17 INFO     Batch: [74/120] Epoch: [5] Loss: [1.338922251065572]
2019-04-01 21:14:17 INFO     Batch: [75/120] Epoch: [5] Loss: [1.3405433281471855]
2019-04-01 21:14:17 INFO     Batch: [76/120] Epoch: [5] Loss: [1.3411568418725746]
2019-04-01 21:14:17 INFO     Batch: [77/120] Epoch: [5] Loss: [1.3416689603756635]
2019-04-01 21:14:18 INFO     Batch: [78/120] Epoch: [5] Loss: [1.3413025699084318]
2019-04-01 21:14:18 INFO     Batch: [79/120] Epoch: [5] Loss: [1.342906717956066]
2019-04-01 21:14:18 INFO     Batch: [80/120] Epoch: [5] Loss: [1.3434664305345512]
2019-04-01 21:14:18 INFO     Batch: [81/120] Epoch: [5] Loss: [1.3454276686761437]
2019-04-01 21:14:18 INFO     Batch: [82/120] Epoch: [5] Loss: [1.3460915318454605]
2019-04-01 21:14:18 INFO     Batch: [83/120] Epoch: [5] Loss: [1.3460359161808377]
2019-04-01 21:14:18 INFO     Batch: [84/120] Epoch: [5] Loss: [1.347714175897486]
2019-04-01 21:14:19 INFO     Batch: [85/120] Epoch: [5] Loss: [1.3482122171756834]
2019-04-01 21:14:19 INFO     Batch: [86/120] Epoch: [5] Loss: [1.3487684932248345]
2019-04-01 21:14:19 INFO     Batch: [87/120] Epoch: [5] Loss: [1.3476429337804967]
2019-04-01 21:14:19 INFO     Batch: [88/120] Epoch: [5] Loss: [1.348367775424143]
2019-04-01 21:14:19 INFO     Batch: [89/120] Epoch: [5] Loss: [1.348406149281396]
2019-04-01 21:14:19 INFO     Batch: [90/120] Epoch: [5] Loss: [1.3479601459188775]
2019-04-01 21:14:19 INFO     Batch: [91/120] Epoch: [5] Loss: [1.3481143557507058]
2019-04-01 21:14:20 INFO     Batch: [92/120] Epoch: [5] Loss: [1.3477063935290101]
2019-04-01 21:14:20 INFO     Batch: [93/120] Epoch: [5] Loss: [1.347567062428657]
2019-04-01 21:14:20 INFO     Batch: [94/120] Epoch: [5] Loss: [1.3472048458300139]
2019-04-01 21:14:20 INFO     Batch: [95/120] Epoch: [5] Loss: [1.348126092304786]
2019-04-01 21:14:20 INFO     Batch: [96/120] Epoch: [5] Loss: [1.3477254049065186]
2019-04-01 21:14:20 INFO     Batch: [97/120] Epoch: [5] Loss: [1.348723084342723]
2019-04-01 21:14:20 INFO     Batch: [98/120] Epoch: [5] Loss: [1.3484890485050702]
2019-04-01 21:14:20 INFO     Batch: [99/120] Epoch: [5] Loss: [1.3484671592712403]
2019-04-01 21:14:21 INFO     Batch: [100/120] Epoch: [5] Loss: [1.3479172782142563]
2019-04-01 21:14:21 INFO     Batch: [101/120] Epoch: [5] Loss: [1.3471574806699567]
2019-04-01 21:14:21 INFO     Batch: [102/120] Epoch: [5] Loss: [1.3461428464037701]
2019-04-01 21:14:21 INFO     Batch: [103/120] Epoch: [5] Loss: [1.3452902367481818]
2019-04-01 21:14:21 INFO     Batch: [104/120] Epoch: [5] Loss: [1.344898751803807]
2019-04-01 21:14:21 INFO     Batch: [105/120] Epoch: [5] Loss: [1.3442212309477464]
2019-04-01 21:14:21 INFO     Batch: [106/120] Epoch: [5] Loss: [1.3434768837189006]
2019-04-01 21:14:22 INFO     Batch: [107/120] Epoch: [5] Loss: [1.34256284877106]
2019-04-01 21:14:22 INFO     Batch: [108/120] Epoch: [5] Loss: [1.3422208674457095]
2019-04-01 21:14:22 INFO     Batch: [109/120] Epoch: [5] Loss: [1.341854820468209]
2019-04-01 21:14:22 INFO     Batch: [110/120] Epoch: [5] Loss: [1.3410710515202702]
2019-04-01 21:14:22 INFO     Batch: [111/120] Epoch: [5] Loss: [1.3406550022108215]
2019-04-01 21:14:22 INFO     Batch: [112/120] Epoch: [5] Loss: [1.3403250168910068]
2019-04-01 21:14:22 INFO     Batch: [113/120] Epoch: [5] Loss: [1.3403724212395518]
2019-04-01 21:14:23 INFO     Batch: [114/120] Epoch: [5] Loss: [1.3401384944501131]
2019-04-01 21:14:23 INFO     Batch: [115/120] Epoch: [5] Loss: [1.3392802230243026]
2019-04-01 21:14:23 INFO     Batch: [116/120] Epoch: [5] Loss: [1.3382926904238188]
2019-04-01 21:14:23 INFO     Batch: [117/120] Epoch: [5] Loss: [1.337346547741001]
2019-04-01 21:14:23 INFO     Batch: [118/120] Epoch: [5] Loss: [1.336484757792048]
2019-04-01 21:14:23 INFO     Batch: [119/120] Epoch: [5] Loss: [1.335890926917394]
2019-04-01 21:14:24 INFO     Epoch: [5/200] Loss: [1.335890926917394] Accuracy: [0.5543636363636364]
2019-04-01 21:14:25 INFO     Batch: [0/120] Epoch: [6] Loss: [1.3236360549926758]
2019-04-01 21:14:26 INFO     Accuracy: [0.5510909090909091]

2019-04-01 21:14:26 INFO     Batch: [1/120] Epoch: [6] Loss: [1.292267084121704]
2019-04-01 21:14:26 INFO     Batch: [2/120] Epoch: [6] Loss: [1.3040407101313274]
2019-04-01 21:14:26 INFO     Batch: [3/120] Epoch: [6] Loss: [1.3019686043262482]
2019-04-01 21:14:27 INFO     Batch: [4/120] Epoch: [6] Loss: [1.2875988483428955]
2019-04-01 21:14:27 INFO     Batch: [5/120] Epoch: [6] Loss: [1.2889118989308674]
2019-04-01 21:14:27 INFO     Batch: [6/120] Epoch: [6] Loss: [1.2928282022476196]
2019-04-01 21:14:27 INFO     Batch: [7/120] Epoch: [6] Loss: [1.2928577363491058]
2019-04-01 21:14:27 INFO     Batch: [8/120] Epoch: [6] Loss: [1.286909023920695]
2019-04-01 21:14:27 INFO     Batch: [9/120] Epoch: [6] Loss: [1.2860272645950317]
2019-04-01 21:14:27 INFO     Batch: [10/120] Epoch: [6] Loss: [1.2770701321688565]
2019-04-01 21:14:28 INFO     Batch: [11/120] Epoch: [6] Loss: [1.2781875729560852]
2019-04-01 21:14:28 INFO     Batch: [12/120] Epoch: [6] Loss: [1.2759042794887836]
2019-04-01 21:14:28 INFO     Batch: [13/120] Epoch: [6] Loss: [1.2732280322483607]
2019-04-01 21:14:28 INFO     Batch: [14/120] Epoch: [6] Loss: [1.275236972173055]
2019-04-01 21:14:28 INFO     Batch: [15/120] Epoch: [6] Loss: [1.2783250138163567]
2019-04-01 21:14:28 INFO     Batch: [16/120] Epoch: [6] Loss: [1.2837999077404247]
2019-04-01 21:14:28 INFO     Batch: [17/120] Epoch: [6] Loss: [1.282960037390391]
2019-04-01 21:14:29 INFO     Batch: [18/120] Epoch: [6] Loss: [1.2806131839752197]
2019-04-01 21:14:29 INFO     Batch: [19/120] Epoch: [6] Loss: [1.277991783618927]
2019-04-01 21:14:29 INFO     Batch: [20/120] Epoch: [6] Loss: [1.2794670093627203]
2019-04-01 21:14:29 INFO     Batch: [21/120] Epoch: [6] Loss: [1.2799087058414111]
2019-04-01 21:14:29 INFO     Batch: [22/120] Epoch: [6] Loss: [1.2828458962233171]
2019-04-01 21:14:29 INFO     Batch: [23/120] Epoch: [6] Loss: [1.2851927727460861]
2019-04-01 21:14:29 INFO     Batch: [24/120] Epoch: [6] Loss: [1.2873548078536987]
2019-04-01 21:14:30 INFO     Batch: [25/120] Epoch: [6] Loss: [1.2887094846138587]
2019-04-01 21:14:30 INFO     Batch: [26/120] Epoch: [6] Loss: [1.2880993949042425]
2019-04-01 21:14:30 INFO     Batch: [27/120] Epoch: [6] Loss: [1.2889618490423476]
2019-04-01 21:14:30 INFO     Batch: [28/120] Epoch: [6] Loss: [1.2910001360136887]
2019-04-01 21:14:30 INFO     Batch: [29/120] Epoch: [6] Loss: [1.289321211973826]
2019-04-01 21:14:30 INFO     Batch: [30/120] Epoch: [6] Loss: [1.2920676508257467]
2019-04-01 21:14:30 INFO     Batch: [31/120] Epoch: [6] Loss: [1.295215591788292]
2019-04-01 21:14:31 INFO     Batch: [32/120] Epoch: [6] Loss: [1.2972296223495945]
2019-04-01 21:14:31 INFO     Batch: [33/120] Epoch: [6] Loss: [1.2982013155432308]
2019-04-01 21:14:31 INFO     Batch: [34/120] Epoch: [6] Loss: [1.297206449508667]
2019-04-01 21:14:31 INFO     Batch: [35/120] Epoch: [6] Loss: [1.298477566904492]
2019-04-01 21:14:31 INFO     Batch: [36/120] Epoch: [6] Loss: [1.2987248865333763]
2019-04-01 21:14:31 INFO     Batch: [37/120] Epoch: [6] Loss: [1.2986259993753935]
2019-04-01 21:14:31 INFO     Batch: [38/120] Epoch: [6] Loss: [1.3002010675577016]
2019-04-01 21:14:32 INFO     Batch: [39/120] Epoch: [6] Loss: [1.2994284868240356]
2019-04-01 21:14:32 INFO     Batch: [40/120] Epoch: [6] Loss: [1.3008344289733142]
2019-04-01 21:14:32 INFO     Batch: [41/120] Epoch: [6] Loss: [1.3009318198476518]
2019-04-01 21:14:32 INFO     Batch: [42/120] Epoch: [6] Loss: [1.3015127320622288]
2019-04-01 21:14:32 INFO     Batch: [43/120] Epoch: [6] Loss: [1.3011727035045624]
2019-04-01 21:14:32 INFO     Batch: [44/120] Epoch: [6] Loss: [1.3029236025280422]
2019-04-01 21:14:32 INFO     Batch: [45/120] Epoch: [6] Loss: [1.3037146796350894]
2019-04-01 21:14:33 INFO     Batch: [46/120] Epoch: [6] Loss: [1.3046754344980767]
2019-04-01 21:14:33 INFO     Batch: [47/120] Epoch: [6] Loss: [1.3047922849655151]
2019-04-01 21:14:33 INFO     Batch: [48/120] Epoch: [6] Loss: [1.306334806948292]
2019-04-01 21:14:33 INFO     Batch: [49/120] Epoch: [6] Loss: [1.3063484382629396]
2019-04-01 21:14:33 INFO     Batch: [50/120] Epoch: [6] Loss: [1.3066937736436433]
2019-04-01 21:14:33 INFO     Batch: [51/120] Epoch: [6] Loss: [1.3067682614693275]
2019-04-01 21:14:33 INFO     Batch: [52/120] Epoch: [6] Loss: [1.3087372352492135]
2019-04-01 21:14:33 INFO     Batch: [53/120] Epoch: [6] Loss: [1.3101813594500225]
2019-04-01 21:14:34 INFO     Batch: [54/120] Epoch: [6] Loss: [1.3110218568281693]
2019-04-01 21:14:34 INFO     Batch: [55/120] Epoch: [6] Loss: [1.3125917102609361]
2019-04-01 21:14:34 INFO     Batch: [56/120] Epoch: [6] Loss: [1.3138177143900018]
2019-04-01 21:14:34 INFO     Batch: [57/120] Epoch: [6] Loss: [1.3147875872151604]
2019-04-01 21:14:34 INFO     Batch: [58/120] Epoch: [6] Loss: [1.316265451706062]
2019-04-01 21:14:34 INFO     Batch: [59/120] Epoch: [6] Loss: [1.3169464707374572]
2019-04-01 21:14:34 INFO     Batch: [60/120] Epoch: [6] Loss: [1.316528781515653]
2019-04-01 21:14:35 INFO     Batch: [61/120] Epoch: [6] Loss: [1.317589900185985]
2019-04-01 21:14:35 INFO     Batch: [62/120] Epoch: [6] Loss: [1.3193515331026107]
2019-04-01 21:14:35 INFO     Batch: [63/120] Epoch: [6] Loss: [1.3209250047802925]
2019-04-01 21:14:35 INFO     Batch: [64/120] Epoch: [6] Loss: [1.3215770629736094]
2019-04-01 21:14:35 INFO     Batch: [65/120] Epoch: [6] Loss: [1.3210716157248525]
2019-04-01 21:14:35 INFO     Batch: [66/120] Epoch: [6] Loss: [1.3216771314393227]
2019-04-01 21:14:35 INFO     Batch: [67/120] Epoch: [6] Loss: [1.321974300286349]
2019-04-01 21:14:36 INFO     Batch: [68/120] Epoch: [6] Loss: [1.3220764554065207]
2019-04-01 21:14:36 INFO     Batch: [69/120] Epoch: [6] Loss: [1.3233384370803833]
2019-04-01 21:14:36 INFO     Batch: [70/120] Epoch: [6] Loss: [1.3235782989313905]
2019-04-01 21:14:36 INFO     Batch: [71/120] Epoch: [6] Loss: [1.3237204137775633]
2019-04-01 21:14:36 INFO     Batch: [72/120] Epoch: [6] Loss: [1.3262674922812474]
2019-04-01 21:14:36 INFO     Batch: [73/120] Epoch: [6] Loss: [1.328449832426535]
2019-04-01 21:14:36 INFO     Batch: [74/120] Epoch: [6] Loss: [1.3295244598388671]
2019-04-01 21:14:36 INFO     Batch: [75/120] Epoch: [6] Loss: [1.329486514392652]
2019-04-01 21:14:37 INFO     Batch: [76/120] Epoch: [6] Loss: [1.3290694921047657]
2019-04-01 21:14:37 INFO     Batch: [77/120] Epoch: [6] Loss: [1.328004771318191]
2019-04-01 21:14:37 INFO     Batch: [78/120] Epoch: [6] Loss: [1.3283955145485793]
2019-04-01 21:14:37 INFO     Batch: [79/120] Epoch: [6] Loss: [1.3302833780646324]
2019-04-01 21:14:37 INFO     Batch: [80/120] Epoch: [6] Loss: [1.3305774691664143]
2019-04-01 21:14:37 INFO     Batch: [81/120] Epoch: [6] Loss: [1.3316430565787525]
2019-04-01 21:14:37 INFO     Batch: [82/120] Epoch: [6] Loss: [1.3320603227040855]
2019-04-01 21:14:38 INFO     Batch: [83/120] Epoch: [6] Loss: [1.331909498998097]
2019-04-01 21:14:38 INFO     Batch: [84/120] Epoch: [6] Loss: [1.3332687363905065]
2019-04-01 21:14:38 INFO     Batch: [85/120] Epoch: [6] Loss: [1.333648943623831]
2019-04-01 21:14:38 INFO     Batch: [86/120] Epoch: [6] Loss: [1.3341576984558983]
2019-04-01 21:14:38 INFO     Batch: [87/120] Epoch: [6] Loss: [1.3352028402415188]
2019-04-01 21:14:38 INFO     Batch: [88/120] Epoch: [6] Loss: [1.3366923158088426]
2019-04-01 21:14:38 INFO     Batch: [89/120] Epoch: [6] Loss: [1.3396215968661838]
2019-04-01 21:14:39 INFO     Batch: [90/120] Epoch: [6] Loss: [1.3406614995264745]
2019-04-01 21:14:39 INFO     Batch: [91/120] Epoch: [6] Loss: [1.3403862235338793]
2019-04-01 21:14:39 INFO     Batch: [92/120] Epoch: [6] Loss: [1.3421609183793426]
2019-04-01 21:14:39 INFO     Batch: [93/120] Epoch: [6] Loss: [1.3444971137858452]
2019-04-01 21:14:39 INFO     Batch: [94/120] Epoch: [6] Loss: [1.34586190048017]
2019-04-01 21:14:39 INFO     Batch: [95/120] Epoch: [6] Loss: [1.3458637135724227]
2019-04-01 21:14:39 INFO     Batch: [96/120] Epoch: [6] Loss: [1.347053368067004]
2019-04-01 21:14:40 INFO     Batch: [97/120] Epoch: [6] Loss: [1.3474587579162753]
2019-04-01 21:14:40 INFO     Batch: [98/120] Epoch: [6] Loss: [1.3491434280318444]
2019-04-01 21:14:40 INFO     Batch: [99/120] Epoch: [6] Loss: [1.351283438205719]
2019-04-01 21:14:40 INFO     Batch: [100/120] Epoch: [6] Loss: [1.3509313670715484]
2019-04-01 21:14:40 INFO     Batch: [101/120] Epoch: [6] Loss: [1.3524590672231187]
2019-04-01 21:14:40 INFO     Batch: [102/120] Epoch: [6] Loss: [1.3531421608137852]
2019-04-01 21:14:40 INFO     Batch: [103/120] Epoch: [6] Loss: [1.3544649745409305]
2019-04-01 21:14:41 INFO     Batch: [104/120] Epoch: [6] Loss: [1.355828254563468]
2019-04-01 21:14:41 INFO     Batch: [105/120] Epoch: [6] Loss: [1.3571402745426826]
2019-04-01 21:14:41 INFO     Batch: [106/120] Epoch: [6] Loss: [1.3582150234240238]
2019-04-01 21:14:41 INFO     Batch: [107/120] Epoch: [6] Loss: [1.3589247001541986]
2019-04-01 21:14:41 INFO     Batch: [108/120] Epoch: [6] Loss: [1.3602342824323461]
2019-04-01 21:14:41 INFO     Batch: [109/120] Epoch: [6] Loss: [1.3596344091675499]
2019-04-01 21:14:41 INFO     Batch: [110/120] Epoch: [6] Loss: [1.3598889842763677]
2019-04-01 21:14:42 INFO     Batch: [111/120] Epoch: [6] Loss: [1.360565830554281]
2019-04-01 21:14:42 INFO     Batch: [112/120] Epoch: [6] Loss: [1.361081527397696]
2019-04-01 21:14:42 INFO     Batch: [113/120] Epoch: [6] Loss: [1.3619954209578664]
2019-04-01 21:14:42 INFO     Batch: [114/120] Epoch: [6] Loss: [1.3621652520221212]
2019-04-01 21:14:42 INFO     Batch: [115/120] Epoch: [6] Loss: [1.362413263526456]
2019-04-01 21:14:42 INFO     Batch: [116/120] Epoch: [6] Loss: [1.3632208057957838]
2019-04-01 21:14:42 INFO     Batch: [117/120] Epoch: [6] Loss: [1.3648576302043463]
2019-04-01 21:14:42 INFO     Batch: [118/120] Epoch: [6] Loss: [1.364372358602636]
2019-04-01 21:14:43 INFO     Batch: [119/120] Epoch: [6] Loss: [1.3651074846585591]
2019-04-01 21:14:44 INFO     Epoch: [6/200] Loss: [1.3651074846585591] Accuracy: [0.5347272727272727]
2019-04-01 21:14:44 INFO     Batch: [0/120] Epoch: [7] Loss: [1.4413589239120483]
2019-04-01 21:14:46 INFO     Accuracy: [0.5265454545454545]

2019-04-01 21:14:46 INFO     Batch: [1/120] Epoch: [7] Loss: [1.4437863230705261]
2019-04-01 21:14:46 INFO     Batch: [2/120] Epoch: [7] Loss: [1.4766030311584473]
2019-04-01 21:14:46 INFO     Batch: [3/120] Epoch: [7] Loss: [1.4649653434753418]
2019-04-01 21:14:46 INFO     Batch: [4/120] Epoch: [7] Loss: [1.453599739074707]
2019-04-01 21:14:46 INFO     Batch: [5/120] Epoch: [7] Loss: [1.43693208694458]
2019-04-01 21:14:46 INFO     Batch: [6/120] Epoch: [7] Loss: [1.4352271727153234]
2019-04-01 21:14:47 INFO     Batch: [7/120] Epoch: [7] Loss: [1.4422623217105865]
2019-04-01 21:14:47 INFO     Batch: [8/120] Epoch: [7] Loss: [1.4363989565107558]
2019-04-01 21:14:47 INFO     Batch: [9/120] Epoch: [7] Loss: [1.426987385749817]
2019-04-01 21:14:47 INFO     Batch: [10/120] Epoch: [7] Loss: [1.430507486516779]
2019-04-01 21:14:47 INFO     Batch: [11/120] Epoch: [7] Loss: [1.4107787013053894]
2019-04-01 21:14:47 INFO     Batch: [12/120] Epoch: [7] Loss: [1.4117354796482966]
2019-04-01 21:14:47 INFO     Batch: [13/120] Epoch: [7] Loss: [1.4057198337146215]
2019-04-01 21:14:47 INFO     Batch: [14/120] Epoch: [7] Loss: [1.4069313367207845]
2019-04-01 21:14:48 INFO     Batch: [15/120] Epoch: [7] Loss: [1.401584878563881]
2019-04-01 21:14:48 INFO     Batch: [16/120] Epoch: [7] Loss: [1.3979746033163631]
2019-04-01 21:14:48 INFO     Batch: [17/120] Epoch: [7] Loss: [1.3975397215949164]
2019-04-01 21:14:48 INFO     Batch: [18/120] Epoch: [7] Loss: [1.393396910868193]
2019-04-01 21:14:48 INFO     Batch: [19/120] Epoch: [7] Loss: [1.392793172597885]
2019-04-01 21:14:48 INFO     Batch: [20/120] Epoch: [7] Loss: [1.3913861002240862]
2019-04-01 21:14:48 INFO     Batch: [21/120] Epoch: [7] Loss: [1.3870675834742459]
2019-04-01 21:14:49 INFO     Batch: [22/120] Epoch: [7] Loss: [1.392360350360041]
2019-04-01 21:14:49 INFO     Batch: [23/120] Epoch: [7] Loss: [1.395030880967776]
2019-04-01 21:14:49 INFO     Batch: [24/120] Epoch: [7] Loss: [1.39754207611084]
2019-04-01 21:14:49 INFO     Batch: [25/120] Epoch: [7] Loss: [1.3974942885912383]
2019-04-01 21:14:49 INFO     Batch: [26/120] Epoch: [7] Loss: [1.397264458515026]
2019-04-01 21:14:49 INFO     Batch: [27/120] Epoch: [7] Loss: [1.392922763313566]
2019-04-01 21:14:49 INFO     Batch: [28/120] Epoch: [7] Loss: [1.3858645907763778]
2019-04-01 21:14:50 INFO     Batch: [29/120] Epoch: [7] Loss: [1.3828381141026815]
2019-04-01 21:14:50 INFO     Batch: [30/120] Epoch: [7] Loss: [1.3853160719717703]
2019-04-01 21:14:50 INFO     Batch: [31/120] Epoch: [7] Loss: [1.387098353356123]
2019-04-01 21:14:50 INFO     Batch: [32/120] Epoch: [7] Loss: [1.385977459676338]
2019-04-01 21:14:50 INFO     Batch: [33/120] Epoch: [7] Loss: [1.3839154734331018]
2019-04-01 21:14:50 INFO     Batch: [34/120] Epoch: [7] Loss: [1.3828815051487513]
2019-04-01 21:14:50 INFO     Batch: [35/120] Epoch: [7] Loss: [1.3837312658627827]
2019-04-01 21:14:51 INFO     Batch: [36/120] Epoch: [7] Loss: [1.3785466310140249]
2019-04-01 21:14:51 INFO     Batch: [37/120] Epoch: [7] Loss: [1.37613004132321]
2019-04-01 21:14:51 INFO     Batch: [38/120] Epoch: [7] Loss: [1.374417537297958]
2019-04-01 21:14:51 INFO     Batch: [39/120] Epoch: [7] Loss: [1.373208647966385]
2019-04-01 21:14:51 INFO     Batch: [40/120] Epoch: [7] Loss: [1.3702075859395468]
2019-04-01 21:14:51 INFO     Batch: [41/120] Epoch: [7] Loss: [1.3688508300554185]
2019-04-01 21:14:51 INFO     Batch: [42/120] Epoch: [7] Loss: [1.3669415656910386]
2019-04-01 21:14:52 INFO     Batch: [43/120] Epoch: [7] Loss: [1.3624191636388951]
2019-04-01 21:14:52 INFO     Batch: [44/120] Epoch: [7] Loss: [1.360338142183092]
2019-04-01 21:14:52 INFO     Batch: [45/120] Epoch: [7] Loss: [1.3596179666726484]
2019-04-01 21:14:52 INFO     Batch: [46/120] Epoch: [7] Loss: [1.3582555841892323]
2019-04-01 21:14:52 INFO     Batch: [47/120] Epoch: [7] Loss: [1.3570606485009193]
2019-04-01 21:14:52 INFO     Batch: [48/120] Epoch: [7] Loss: [1.355787841641173]
2019-04-01 21:14:52 INFO     Batch: [49/120] Epoch: [7] Loss: [1.355481548309326]
2019-04-01 21:14:52 INFO     Batch: [50/120] Epoch: [7] Loss: [1.3558124420689601]
2019-04-01 21:14:53 INFO     Batch: [51/120] Epoch: [7] Loss: [1.3545105915803175]
2019-04-01 21:14:53 INFO     Batch: [52/120] Epoch: [7] Loss: [1.3558710363675963]
2019-04-01 21:14:53 INFO     Batch: [53/120] Epoch: [7] Loss: [1.3554302189085219]
2019-04-01 21:14:53 INFO     Batch: [54/120] Epoch: [7] Loss: [1.3546720894900235]
2019-04-01 21:14:53 INFO     Batch: [55/120] Epoch: [7] Loss: [1.3536094980580466]
2019-04-01 21:14:53 INFO     Batch: [56/120] Epoch: [7] Loss: [1.3523528178532918]
2019-04-01 21:14:53 INFO     Batch: [57/120] Epoch: [7] Loss: [1.3519639557805554]
2019-04-01 21:14:54 INFO     Batch: [58/120] Epoch: [7] Loss: [1.3513047331470553]
2019-04-01 21:14:54 INFO     Batch: [59/120] Epoch: [7] Loss: [1.3530916412671408]
2019-04-01 21:14:54 INFO     Batch: [60/120] Epoch: [7] Loss: [1.3512035784174183]
2019-04-01 21:14:54 INFO     Batch: [61/120] Epoch: [7] Loss: [1.3503735411551692]
2019-04-01 21:14:54 INFO     Batch: [62/120] Epoch: [7] Loss: [1.3513604970205397]
2019-04-01 21:14:54 INFO     Batch: [63/120] Epoch: [7] Loss: [1.3500094339251518]
2019-04-01 21:14:54 INFO     Batch: [64/120] Epoch: [7] Loss: [1.349871459374061]
2019-04-01 21:14:55 INFO     Batch: [65/120] Epoch: [7] Loss: [1.350228109142997]
2019-04-01 21:14:55 INFO     Batch: [66/120] Epoch: [7] Loss: [1.3498337446753659]
2019-04-01 21:14:55 INFO     Batch: [67/120] Epoch: [7] Loss: [1.350209141478819]
2019-04-01 21:14:55 INFO     Batch: [68/120] Epoch: [7] Loss: [1.3511522127234417]
2019-04-01 21:14:55 INFO     Batch: [69/120] Epoch: [7] Loss: [1.3514456067766463]
2019-04-01 21:14:55 INFO     Batch: [70/120] Epoch: [7] Loss: [1.3512218602946107]
2019-04-01 21:14:55 INFO     Batch: [71/120] Epoch: [7] Loss: [1.3512981451219983]
2019-04-01 21:14:56 INFO     Batch: [72/120] Epoch: [7] Loss: [1.3521741938917604]
2019-04-01 21:14:56 INFO     Batch: [73/120] Epoch: [7] Loss: [1.3535525379954159]
2019-04-01 21:14:56 INFO     Batch: [74/120] Epoch: [7] Loss: [1.3541406647364298]
2019-04-01 21:14:56 INFO     Batch: [75/120] Epoch: [7] Loss: [1.354329891894993]
2019-04-01 21:14:56 INFO     Batch: [76/120] Epoch: [7] Loss: [1.3543080726227203]
2019-04-01 21:14:56 INFO     Batch: [77/120] Epoch: [7] Loss: [1.3534774428758867]
2019-04-01 21:14:56 INFO     Batch: [78/120] Epoch: [7] Loss: [1.354767390444309]
2019-04-01 21:14:57 INFO     Batch: [79/120] Epoch: [7] Loss: [1.3552165865898131]
2019-04-01 21:14:57 INFO     Batch: [80/120] Epoch: [7] Loss: [1.3543307177814436]
2019-04-01 21:14:57 INFO     Batch: [81/120] Epoch: [7] Loss: [1.355666070449643]
2019-04-01 21:14:57 INFO     Batch: [82/120] Epoch: [7] Loss: [1.3548469399831382]
2019-04-01 21:14:57 INFO     Batch: [83/120] Epoch: [7] Loss: [1.35362841685613]
2019-04-01 21:14:57 INFO     Batch: [84/120] Epoch: [7] Loss: [1.3541058961082908]
2019-04-01 21:14:57 INFO     Batch: [85/120] Epoch: [7] Loss: [1.354961869328521]
2019-04-01 21:14:58 INFO     Batch: [86/120] Epoch: [7] Loss: [1.3558440098817321]
2019-04-01 21:14:58 INFO     Batch: [87/120] Epoch: [7] Loss: [1.3578017977151005]
2019-04-01 21:14:58 INFO     Batch: [88/120] Epoch: [7] Loss: [1.3575695753097534]
2019-04-01 21:14:58 INFO     Batch: [89/120] Epoch: [7] Loss: [1.3576864732636347]
2019-04-01 21:14:58 INFO     Batch: [90/120] Epoch: [7] Loss: [1.3576200597888821]
2019-04-01 21:14:58 INFO     Batch: [91/120] Epoch: [7] Loss: [1.357531462026679]
2019-04-01 21:14:58 INFO     Batch: [92/120] Epoch: [7] Loss: [1.3581250995718024]
2019-04-01 21:14:58 INFO     Batch: [93/120] Epoch: [7] Loss: [1.3579843018917328]
2019-04-01 21:14:59 INFO     Batch: [94/120] Epoch: [7] Loss: [1.3575165347049112]
2019-04-01 21:14:59 INFO     Batch: [95/120] Epoch: [7] Loss: [1.3585050242642562]
2019-04-01 21:14:59 INFO     Batch: [96/120] Epoch: [7] Loss: [1.3579443287603634]
2019-04-01 21:14:59 INFO     Batch: [97/120] Epoch: [7] Loss: [1.3575519992380727]
2019-04-01 21:14:59 INFO     Batch: [98/120] Epoch: [7] Loss: [1.3567276482630257]
2019-04-01 21:14:59 INFO     Batch: [99/120] Epoch: [7] Loss: [1.3565802776813507]
2019-04-01 21:14:59 INFO     Batch: [100/120] Epoch: [7] Loss: [1.3573811266681937]
2019-04-01 21:15:00 INFO     Batch: [101/120] Epoch: [7] Loss: [1.3581355962098813]
2019-04-01 21:15:00 INFO     Batch: [102/120] Epoch: [7] Loss: [1.3580079310148665]
2019-04-01 21:15:00 INFO     Batch: [103/120] Epoch: [7] Loss: [1.357738352738894]
2019-04-01 21:15:00 INFO     Batch: [104/120] Epoch: [7] Loss: [1.358040331658863]
2019-04-01 21:15:00 INFO     Batch: [105/120] Epoch: [7] Loss: [1.3587617626730002]
2019-04-01 21:15:00 INFO     Batch: [106/120] Epoch: [7] Loss: [1.359188358360362]
2019-04-01 21:15:00 INFO     Batch: [107/120] Epoch: [7] Loss: [1.3589980988590806]
2019-04-01 21:15:01 INFO     Batch: [108/120] Epoch: [7] Loss: [1.359049360686486]
2019-04-01 21:15:01 INFO     Batch: [109/120] Epoch: [7] Loss: [1.3587013147094034]
2019-04-01 21:15:01 INFO     Batch: [110/120] Epoch: [7] Loss: [1.3582732119001784]
2019-04-01 21:15:01 INFO     Batch: [111/120] Epoch: [7] Loss: [1.3591869909848486]
2019-04-01 21:15:01 INFO     Batch: [112/120] Epoch: [7] Loss: [1.3584298834336543]
2019-04-01 21:15:01 INFO     Batch: [113/120] Epoch: [7] Loss: [1.358781029257858]
2019-04-01 21:15:01 INFO     Batch: [114/120] Epoch: [7] Loss: [1.3587968567143316]
2019-04-01 21:15:02 INFO     Batch: [115/120] Epoch: [7] Loss: [1.3585891723632812]
2019-04-01 21:15:02 INFO     Batch: [116/120] Epoch: [7] Loss: [1.3585788276460435]
2019-04-01 21:15:02 INFO     Batch: [117/120] Epoch: [7] Loss: [1.3584977095409976]
2019-04-01 21:15:02 INFO     Batch: [118/120] Epoch: [7] Loss: [1.3586323421542383]
2019-04-01 21:15:02 INFO     Batch: [119/120] Epoch: [7] Loss: [1.3603332877159118]
2019-04-01 21:15:03 INFO     Epoch: [7/200] Loss: [1.3603332877159118] Accuracy: [0.49636363636363634]
2019-04-01 21:15:04 INFO     Batch: [0/120] Epoch: [8] Loss: [1.3337743282318115]
2019-04-01 21:15:05 INFO     Accuracy: [0.49254545454545445]

2019-04-01 21:15:05 INFO     Batch: [1/120] Epoch: [8] Loss: [1.3777039647102356]
2019-04-01 21:15:05 INFO     Batch: [2/120] Epoch: [8] Loss: [1.3796359300613403]
2019-04-01 21:15:05 INFO     Batch: [3/120] Epoch: [8] Loss: [1.3660014271736145]
2019-04-01 21:15:06 INFO     Batch: [4/120] Epoch: [8] Loss: [1.3620731115341187]
2019-04-01 21:15:06 INFO     Batch: [5/120] Epoch: [8] Loss: [1.3837803204854329]
2019-04-01 21:15:06 INFO     Batch: [6/120] Epoch: [8] Loss: [1.3833530460085188]
2019-04-01 21:15:06 INFO     Batch: [7/120] Epoch: [8] Loss: [1.3812982887029648]
2019-04-01 21:15:06 INFO     Batch: [8/120] Epoch: [8] Loss: [1.3773123158348932]
2019-04-01 21:15:06 INFO     Batch: [9/120] Epoch: [8] Loss: [1.3714768767356873]
2019-04-01 21:15:06 INFO     Batch: [10/120] Epoch: [8] Loss: [1.3664201172915371]
2019-04-01 21:15:07 INFO     Batch: [11/120] Epoch: [8] Loss: [1.3720759848753612]
2019-04-01 21:15:07 INFO     Batch: [12/120] Epoch: [8] Loss: [1.3718509398973906]
2019-04-01 21:15:07 INFO     Batch: [13/120] Epoch: [8] Loss: [1.37479943888528]
2019-04-01 21:15:07 INFO     Batch: [14/120] Epoch: [8] Loss: [1.3710182746251425]
2019-04-01 21:15:07 INFO     Batch: [15/120] Epoch: [8] Loss: [1.3687850013375282]
2019-04-01 21:15:07 INFO     Batch: [16/120] Epoch: [8] Loss: [1.3687605016371782]
2019-04-01 21:15:07 INFO     Batch: [17/120] Epoch: [8] Loss: [1.3664063811302185]
2019-04-01 21:15:08 INFO     Batch: [18/120] Epoch: [8] Loss: [1.3641077154561092]
2019-04-01 21:15:08 INFO     Batch: [19/120] Epoch: [8] Loss: [1.3641558289527893]
2019-04-01 21:15:08 INFO     Batch: [20/120] Epoch: [8] Loss: [1.361978496823992]
2019-04-01 21:15:08 INFO     Batch: [21/120] Epoch: [8] Loss: [1.3563180728392168]
2019-04-01 21:15:08 INFO     Batch: [22/120] Epoch: [8] Loss: [1.3585347921951958]
2019-04-01 21:15:08 INFO     Batch: [23/120] Epoch: [8] Loss: [1.3571405907471974]
2019-04-01 21:15:08 INFO     Batch: [24/120] Epoch: [8] Loss: [1.3567421102523805]
2019-04-01 21:15:09 INFO     Batch: [25/120] Epoch: [8] Loss: [1.3515494419978216]
2019-04-01 21:15:09 INFO     Batch: [26/120] Epoch: [8] Loss: [1.3483069870207045]
2019-04-01 21:15:09 INFO     Batch: [27/120] Epoch: [8] Loss: [1.3446606397628784]
2019-04-01 21:15:09 INFO     Batch: [28/120] Epoch: [8] Loss: [1.3424050026926502]
2019-04-01 21:15:09 INFO     Batch: [29/120] Epoch: [8] Loss: [1.3387451887130737]
2019-04-01 21:15:09 INFO     Batch: [30/120] Epoch: [8] Loss: [1.3390578185358355]
2019-04-01 21:15:09 INFO     Batch: [31/120] Epoch: [8] Loss: [1.3358264043927193]
2019-04-01 21:15:10 INFO     Batch: [32/120] Epoch: [8] Loss: [1.3310543623837559]
2019-04-01 21:15:10 INFO     Batch: [33/120] Epoch: [8] Loss: [1.330515023540048]
2019-04-01 21:15:10 INFO     Batch: [34/120] Epoch: [8] Loss: [1.3271387236458914]
2019-04-01 21:15:10 INFO     Batch: [35/120] Epoch: [8] Loss: [1.327951921357049]
2019-04-01 21:15:10 INFO     Batch: [36/120] Epoch: [8] Loss: [1.3290016457841203]
2019-04-01 21:15:10 INFO     Batch: [37/120] Epoch: [8] Loss: [1.327652987680937]
2019-04-01 21:15:10 INFO     Batch: [38/120] Epoch: [8] Loss: [1.3261960255794036]
2019-04-01 21:15:11 INFO     Batch: [39/120] Epoch: [8] Loss: [1.3265776246786118]
2019-04-01 21:15:11 INFO     Batch: [40/120] Epoch: [8] Loss: [1.3266315402054205]
2019-04-01 21:15:11 INFO     Batch: [41/120] Epoch: [8] Loss: [1.324531410421644]
2019-04-01 21:15:11 INFO     Batch: [42/120] Epoch: [8] Loss: [1.323120075602864]
2019-04-01 21:15:11 INFO     Batch: [43/120] Epoch: [8] Loss: [1.32159393213012]
2019-04-01 21:15:11 INFO     Batch: [44/120] Epoch: [8] Loss: [1.3202205631468031]
2019-04-01 21:15:11 INFO     Batch: [45/120] Epoch: [8] Loss: [1.3206596270851467]
2019-04-01 21:15:11 INFO     Batch: [46/120] Epoch: [8] Loss: [1.3203511720008039]
2019-04-01 21:15:12 INFO     Batch: [47/120] Epoch: [8] Loss: [1.3209764659404755]
2019-04-01 21:15:12 INFO     Batch: [48/120] Epoch: [8] Loss: [1.3190189551333993]
2019-04-01 21:15:12 INFO     Batch: [49/120] Epoch: [8] Loss: [1.3166829562187194]
2019-04-01 21:15:12 INFO     Batch: [50/120] Epoch: [8] Loss: [1.3159943935917873]
2019-04-01 21:15:12 INFO     Batch: [51/120] Epoch: [8] Loss: [1.3151945036191206]
2019-04-01 21:15:12 INFO     Batch: [52/120] Epoch: [8] Loss: [1.3141582304576658]
2019-04-01 21:15:12 INFO     Batch: [53/120] Epoch: [8] Loss: [1.3127432509704873]
2019-04-01 21:15:13 INFO     Batch: [54/120] Epoch: [8] Loss: [1.3137870745225386]
2019-04-01 21:15:13 INFO     Batch: [55/120] Epoch: [8] Loss: [1.3113370963505335]
2019-04-01 21:15:13 INFO     Batch: [56/120] Epoch: [8] Loss: [1.3111363419315272]
2019-04-01 21:15:13 INFO     Batch: [57/120] Epoch: [8] Loss: [1.3120701662425338]
2019-04-01 21:15:13 INFO     Batch: [58/120] Epoch: [8] Loss: [1.312503578299183]
2019-04-01 21:15:13 INFO     Batch: [59/120] Epoch: [8] Loss: [1.312254750728607]
2019-04-01 21:15:13 INFO     Batch: [60/120] Epoch: [8] Loss: [1.3123346215388814]
2019-04-01 21:15:14 INFO     Batch: [61/120] Epoch: [8] Loss: [1.3126531397142718]
2019-04-01 21:15:14 INFO     Batch: [62/120] Epoch: [8] Loss: [1.3122891641798473]
2019-04-01 21:15:14 INFO     Batch: [63/120] Epoch: [8] Loss: [1.3122445587068796]
2019-04-01 21:15:14 INFO     Batch: [64/120] Epoch: [8] Loss: [1.3130816166217512]
2019-04-01 21:15:14 INFO     Batch: [65/120] Epoch: [8] Loss: [1.3148417328343247]
2019-04-01 21:15:14 INFO     Batch: [66/120] Epoch: [8] Loss: [1.3148369077426285]
2019-04-01 21:15:14 INFO     Batch: [67/120] Epoch: [8] Loss: [1.315550851471284]
2019-04-01 21:15:15 INFO     Batch: [68/120] Epoch: [8] Loss: [1.314649830693784]
2019-04-01 21:15:15 INFO     Batch: [69/120] Epoch: [8] Loss: [1.31466760465077]
2019-04-01 21:15:15 INFO     Batch: [70/120] Epoch: [8] Loss: [1.3133899812967005]
2019-04-01 21:15:15 INFO     Batch: [71/120] Epoch: [8] Loss: [1.3124174376328785]
2019-04-01 21:15:15 INFO     Batch: [72/120] Epoch: [8] Loss: [1.3127830453114966]
2019-04-01 21:15:15 INFO     Batch: [73/120] Epoch: [8] Loss: [1.311952760090699]
2019-04-01 21:15:15 INFO     Batch: [74/120] Epoch: [8] Loss: [1.31084281762441]
2019-04-01 21:15:16 INFO     Batch: [75/120] Epoch: [8] Loss: [1.3109453257761503]
2019-04-01 21:15:16 INFO     Batch: [76/120] Epoch: [8] Loss: [1.3100209870895783]
2019-04-01 21:15:16 INFO     Batch: [77/120] Epoch: [8] Loss: [1.31040904766474]
2019-04-01 21:15:16 INFO     Batch: [78/120] Epoch: [8] Loss: [1.3110887732686876]
2019-04-01 21:15:16 INFO     Batch: [79/120] Epoch: [8] Loss: [1.3102464720606803]
2019-04-01 21:15:16 INFO     Batch: [80/120] Epoch: [8] Loss: [1.3097924685772555]
2019-04-01 21:15:16 INFO     Batch: [81/120] Epoch: [8] Loss: [1.3094498907647483]
2019-04-01 21:15:17 INFO     Batch: [82/120] Epoch: [8] Loss: [1.3082061517669494]
2019-04-01 21:15:17 INFO     Batch: [83/120] Epoch: [8] Loss: [1.3070685040383112]
2019-04-01 21:15:17 INFO     Batch: [84/120] Epoch: [8] Loss: [1.3081868957070744]
2019-04-01 21:15:17 INFO     Batch: [85/120] Epoch: [8] Loss: [1.3078904027162597]
2019-04-01 21:15:17 INFO     Batch: [86/120] Epoch: [8] Loss: [1.3064752543109588]
2019-04-01 21:15:17 INFO     Batch: [87/120] Epoch: [8] Loss: [1.3069295585155487]
2019-04-01 21:15:17 INFO     Batch: [88/120] Epoch: [8] Loss: [1.3052473014660095]
2019-04-01 21:15:18 INFO     Batch: [89/120] Epoch: [8] Loss: [1.3034787800576952]
2019-04-01 21:15:18 INFO     Batch: [90/120] Epoch: [8] Loss: [1.3046198389032384]
2019-04-01 21:15:18 INFO     Batch: [91/120] Epoch: [8] Loss: [1.30609407113946]
2019-04-01 21:15:18 INFO     Batch: [92/120] Epoch: [8] Loss: [1.3060595220135105]
2019-04-01 21:15:18 INFO     Batch: [93/120] Epoch: [8] Loss: [1.306082914484308]
2019-04-01 21:15:18 INFO     Batch: [94/120] Epoch: [8] Loss: [1.3046674088427894]
2019-04-01 21:15:18 INFO     Batch: [95/120] Epoch: [8] Loss: [1.3038517807920773]
2019-04-01 21:15:19 INFO     Batch: [96/120] Epoch: [8] Loss: [1.3046725386196805]
2019-04-01 21:15:19 INFO     Batch: [97/120] Epoch: [8] Loss: [1.3044474477670631]
2019-04-01 21:15:19 INFO     Batch: [98/120] Epoch: [8] Loss: [1.3037998411390517]
2019-04-01 21:15:19 INFO     Batch: [99/120] Epoch: [8] Loss: [1.304137122631073]
2019-04-01 21:15:19 INFO     Batch: [100/120] Epoch: [8] Loss: [1.3036129356610893]
2019-04-01 21:15:19 INFO     Batch: [101/120] Epoch: [8] Loss: [1.303017138266096]
2019-04-01 21:15:19 INFO     Batch: [102/120] Epoch: [8] Loss: [1.3028432431730252]
2019-04-01 21:15:20 INFO     Batch: [103/120] Epoch: [8] Loss: [1.3024496619517987]
2019-04-01 21:15:20 INFO     Batch: [104/120] Epoch: [8] Loss: [1.303020123073033]
2019-04-01 21:15:20 INFO     Batch: [105/120] Epoch: [8] Loss: [1.3033874653420359]
2019-04-01 21:15:20 INFO     Batch: [106/120] Epoch: [8] Loss: [1.3034697481404955]
2019-04-01 21:15:20 INFO     Batch: [107/120] Epoch: [8] Loss: [1.3026116810463093]
2019-04-01 21:15:20 INFO     Batch: [108/120] Epoch: [8] Loss: [1.3030214298755751]
2019-04-01 21:15:20 INFO     Batch: [109/120] Epoch: [8] Loss: [1.3034330248832702]
2019-04-01 21:15:20 INFO     Batch: [110/120] Epoch: [8] Loss: [1.3041203290492565]
2019-04-01 21:15:21 INFO     Batch: [111/120] Epoch: [8] Loss: [1.3033508328454835]
2019-04-01 21:15:21 INFO     Batch: [112/120] Epoch: [8] Loss: [1.303418787179795]
2019-04-01 21:15:21 INFO     Batch: [113/120] Epoch: [8] Loss: [1.3036332214087771]
2019-04-01 21:15:21 INFO     Batch: [114/120] Epoch: [8] Loss: [1.3031315202298372]
2019-04-01 21:15:21 INFO     Batch: [115/120] Epoch: [8] Loss: [1.3036196272948692]
2019-04-01 21:15:21 INFO     Batch: [116/120] Epoch: [8] Loss: [1.302619451131576]
2019-04-01 21:15:21 INFO     Batch: [117/120] Epoch: [8] Loss: [1.3023028474743084]
2019-04-01 21:15:22 INFO     Batch: [118/120] Epoch: [8] Loss: [1.301544936765142]
2019-04-01 21:15:22 INFO     Batch: [119/120] Epoch: [8] Loss: [1.3016263753175736]
2019-04-01 21:15:23 INFO     Epoch: [8/200] Loss: [1.3016263753175736] Accuracy: [0.5483636363636363]
2019-04-01 21:15:23 INFO     Batch: [0/120] Epoch: [9] Loss: [1.2155697345733643]
2019-04-01 21:15:25 INFO     Accuracy: [0.5432727272727274]

2019-04-01 21:15:25 INFO     Batch: [1/120] Epoch: [9] Loss: [1.2310531735420227]
2019-04-01 21:15:25 INFO     Batch: [2/120] Epoch: [9] Loss: [1.2549550135930378]
2019-04-01 21:15:25 INFO     Batch: [3/120] Epoch: [9] Loss: [1.2590936124324799]
2019-04-01 21:15:25 INFO     Batch: [4/120] Epoch: [9] Loss: [1.2625792264938354]
2019-04-01 21:15:25 INFO     Batch: [5/120] Epoch: [9] Loss: [1.2717327276865642]
2019-04-01 21:15:25 INFO     Batch: [6/120] Epoch: [9] Loss: [1.2767556054251534]
2019-04-01 21:15:26 INFO     Batch: [7/120] Epoch: [9] Loss: [1.2725741565227509]
2019-04-01 21:15:26 INFO     Batch: [8/120] Epoch: [9] Loss: [1.2780666483773127]
2019-04-01 21:15:26 INFO     Batch: [9/120] Epoch: [9] Loss: [1.2785879731178285]
2019-04-01 21:15:26 INFO     Batch: [10/120] Epoch: [9] Loss: [1.2823422822085293]
2019-04-01 21:15:26 INFO     Batch: [11/120] Epoch: [9] Loss: [1.285175343354543]
2019-04-01 21:15:26 INFO     Batch: [12/120] Epoch: [9] Loss: [1.2885314501248872]
2019-04-01 21:15:26 INFO     Batch: [13/120] Epoch: [9] Loss: [1.2960459079061235]
2019-04-01 21:15:27 INFO     Batch: [14/120] Epoch: [9] Loss: [1.298313355445862]
2019-04-01 21:15:27 INFO     Batch: [15/120] Epoch: [9] Loss: [1.2960778027772903]
2019-04-01 21:15:27 INFO     Batch: [16/120] Epoch: [9] Loss: [1.3003957061206592]
2019-04-01 21:15:27 INFO     Batch: [17/120] Epoch: [9] Loss: [1.3013047377268474]
2019-04-01 21:15:27 INFO     Batch: [18/120] Epoch: [9] Loss: [1.3060997097115767]
2019-04-01 21:15:27 INFO     Batch: [19/120] Epoch: [9] Loss: [1.3102169275283813]
2019-04-01 21:15:27 INFO     Batch: [20/120] Epoch: [9] Loss: [1.3120463632401966]
2019-04-01 21:15:28 INFO     Batch: [21/120] Epoch: [9] Loss: [1.316413088278337]
