2019-07-12 11:37:00 INFO     Loading Data
2019-07-12 11:37:07 INFO     Model Setting Up
2019-07-12 11:37:14 INFO     train_dir : [../dataset/mnist/train]
2019-07-12 11:37:14 INFO     test_dir : [../dataset/mnist/test]
2019-07-12 11:37:14 INFO     save_dir : [./save]
2019-07-12 11:37:14 INFO     gpu : [5]
2019-07-12 11:37:14 INFO     num_epochs : [300]
2019-07-12 11:37:14 INFO     batch_size : [256]
2019-07-12 11:37:14 INFO     num_points : [512]
2019-07-12 11:37:14 INFO     visualize : [False]
2019-07-12 11:37:14 INFO     log_interval : [1000]
2019-07-12 11:37:14 INFO     save_interval : [20]
2019-07-12 11:37:14 INFO     baselr : [5e-05]
2019-07-12 11:37:14 INFO     density_radius : [0.2]
2019-07-12 11:37:14 INFO     num_grids : [3]
2019-07-12 11:37:14 INFO     base_radius : [1]
2019-07-12 11:37:14 INFO     static_sigma : [0.05]
2019-07-12 11:37:14 INFO     use_static_sigma : [False]
2019-07-12 11:37:14 INFO     use_weights : [False]
2019-07-12 11:37:14 INFO     sigma_layer_diff : [True]
2019-07-12 11:37:14 INFO     feature_out1 : [8]
2019-07-12 11:37:14 INFO     feature_out2 : [16]
2019-07-12 11:37:14 INFO     feature_out3 : [32]
2019-07-12 11:37:14 INFO     feature_out4 : [64]
2019-07-12 11:37:14 INFO     feature_out5 : [128]
2019-07-12 11:37:14 INFO     num_classes : [10]
2019-07-12 11:37:14 INFO     num_so3_layers : [3]
2019-07-12 11:37:14 INFO     bandwidth_0 : [10]
2019-07-12 11:37:14 INFO     bandwidth_out1 : [10]
2019-07-12 11:37:14 INFO     bandwidth_out2 : [8]
2019-07-12 11:37:14 INFO     bandwidth_out3 : [6]
2019-07-12 11:37:14 INFO     bandwidth_out4 : [4]
2019-07-12 11:37:14 INFO     bandwidth_out5 : [2]
2019-07-12 11:37:14 INFO     resume_training : [0]
2019-07-12 11:37:14 INFO     Start Training
2019-07-12 11:37:24 INFO     Batch: [0/235] Epoch: [0] Loss: [2.2870259284973145]
2019-07-12 11:37:24 INFO     Batch: [1/235] Epoch: [0] Loss: [2.2883758544921875]
2019-07-12 11:37:24 INFO     Batch: [2/235] Epoch: [0] Loss: [2.288267215092977]
2019-07-12 11:37:25 INFO     Batch: [3/235] Epoch: [0] Loss: [2.2873361706733704]
2019-07-12 11:37:25 INFO     Batch: [4/235] Epoch: [0] Loss: [2.2861299991607664]
2019-07-12 11:37:25 INFO     Batch: [5/235] Epoch: [0] Loss: [2.2854092121124268]
2019-07-12 11:37:25 INFO     Batch: [6/235] Epoch: [0] Loss: [2.285879680088588]
2019-07-12 11:37:26 INFO     Batch: [7/235] Epoch: [0] Loss: [2.2861284613609314]
2019-07-12 11:37:26 INFO     Batch: [8/235] Epoch: [0] Loss: [2.283846828672621]
2019-07-12 11:37:26 INFO     Batch: [9/235] Epoch: [0] Loss: [2.2836292028427123]
2019-07-12 11:37:27 INFO     Batch: [10/235] Epoch: [0] Loss: [2.282401453364979]
2019-07-12 11:37:27 INFO     Batch: [11/235] Epoch: [0] Loss: [2.280599276224772]
2019-07-12 11:37:27 INFO     Batch: [12/235] Epoch: [0] Loss: [2.279634347328773]
2019-07-12 11:37:28 INFO     Batch: [13/235] Epoch: [0] Loss: [2.2794145345687866]
2019-07-12 11:37:28 INFO     Batch: [14/235] Epoch: [0] Loss: [2.278715737660726]
2019-07-12 11:37:28 INFO     Batch: [15/235] Epoch: [0] Loss: [2.2777261584997177]
2019-07-12 11:37:29 INFO     Batch: [16/235] Epoch: [0] Loss: [2.2766007395351635]
2019-07-12 11:37:29 INFO     Batch: [17/235] Epoch: [0] Loss: [2.2757945193184748]
2019-07-12 11:37:29 INFO     Batch: [18/235] Epoch: [0] Loss: [2.2748677730560303]
2019-07-12 11:37:30 INFO     Batch: [19/235] Epoch: [0] Loss: [2.2738350868225097]
2019-07-12 11:37:30 INFO     Batch: [20/235] Epoch: [0] Loss: [2.2730390571412586]
2019-07-12 11:37:30 INFO     Batch: [21/235] Epoch: [0] Loss: [2.271289337765087]
2019-07-12 11:37:31 INFO     Batch: [22/235] Epoch: [0] Loss: [2.2701360661050547]
2019-07-12 11:37:31 INFO     Batch: [23/235] Epoch: [0] Loss: [2.269582470258077]
2019-07-12 11:37:31 INFO     Batch: [24/235] Epoch: [0] Loss: [2.2681793212890624]
2019-07-12 11:37:32 INFO     Batch: [25/235] Epoch: [0] Loss: [2.267252252652095]
2019-07-12 11:37:32 INFO     Batch: [26/235] Epoch: [0] Loss: [2.266731350510209]
2019-07-12 11:37:32 INFO     Batch: [27/235] Epoch: [0] Loss: [2.2656446269580295]
2019-07-12 11:37:32 INFO     Batch: [28/235] Epoch: [0] Loss: [2.2640387765292465]
2019-07-12 11:37:33 INFO     Batch: [29/235] Epoch: [0] Loss: [2.2629062573115033]
2019-07-12 11:37:33 INFO     Batch: [30/235] Epoch: [0] Loss: [2.261763472710886]
2019-07-12 11:37:33 INFO     Batch: [31/235] Epoch: [0] Loss: [2.2609739899635315]
2019-07-12 11:37:34 INFO     Batch: [32/235] Epoch: [0] Loss: [2.2602890766028203]
2019-07-12 11:37:34 INFO     Batch: [33/235] Epoch: [0] Loss: [2.2594079831067253]
2019-07-12 11:37:34 INFO     Batch: [34/235] Epoch: [0] Loss: [2.258434431893485]
2019-07-12 11:37:35 INFO     Batch: [35/235] Epoch: [0] Loss: [2.257750882042779]
2019-07-12 11:37:35 INFO     Batch: [36/235] Epoch: [0] Loss: [2.256827579962241]
2019-07-12 11:37:35 INFO     Batch: [37/235] Epoch: [0] Loss: [2.2557043715527185]
2019-07-12 11:37:36 INFO     Batch: [38/235] Epoch: [0] Loss: [2.254602652329665]
2019-07-12 11:37:36 INFO     Batch: [39/235] Epoch: [0] Loss: [2.253359282016754]
2019-07-12 11:37:36 INFO     Batch: [40/235] Epoch: [0] Loss: [2.2524269557580716]
2019-07-12 11:37:37 INFO     Batch: [41/235] Epoch: [0] Loss: [2.2516884974070956]
2019-07-12 11:37:37 INFO     Batch: [42/235] Epoch: [0] Loss: [2.2506296690120253]
2019-07-12 11:37:37 INFO     Batch: [43/235] Epoch: [0] Loss: [2.249855171550404]
2019-07-12 11:37:38 INFO     Batch: [44/235] Epoch: [0] Loss: [2.2492417123582626]
2019-07-12 11:37:38 INFO     Batch: [45/235] Epoch: [0] Loss: [2.2482148979021157]
2019-07-12 11:37:38 INFO     Batch: [46/235] Epoch: [0] Loss: [2.247132352057924]
2019-07-12 11:37:39 INFO     Batch: [47/235] Epoch: [0] Loss: [2.245993986725807]
2019-07-12 11:37:39 INFO     Batch: [48/235] Epoch: [0] Loss: [2.244856192141163]
2019-07-12 11:37:39 INFO     Batch: [49/235] Epoch: [0] Loss: [2.2440037870407106]
2019-07-12 11:37:40 INFO     Batch: [50/235] Epoch: [0] Loss: [2.243023157119751]
2019-07-12 11:37:40 INFO     Batch: [51/235] Epoch: [0] Loss: [2.2418279693676877]
2019-07-12 11:37:40 INFO     Batch: [52/235] Epoch: [0] Loss: [2.240815922899066]
2019-07-12 11:37:40 INFO     Batch: [53/235] Epoch: [0] Loss: [2.239949769443936]
2019-07-12 11:37:41 INFO     Batch: [54/235] Epoch: [0] Loss: [2.2387554082003507]
2019-07-12 11:37:41 INFO     Batch: [55/235] Epoch: [0] Loss: [2.2376887457711354]
2019-07-12 11:37:41 INFO     Batch: [56/235] Epoch: [0] Loss: [2.2368575480946324]
2019-07-12 11:37:42 INFO     Batch: [57/235] Epoch: [0] Loss: [2.235377340481199]
2019-07-12 11:37:42 INFO     Batch: [58/235] Epoch: [0] Loss: [2.2343629093493447]
2019-07-12 11:37:42 INFO     Batch: [59/235] Epoch: [0] Loss: [2.2331158916155496]
2019-07-12 11:37:43 INFO     Batch: [60/235] Epoch: [0] Loss: [2.2319879453690326]
2019-07-12 11:37:43 INFO     Batch: [61/235] Epoch: [0] Loss: [2.2310020116067704]
2019-07-12 11:37:43 INFO     Batch: [62/235] Epoch: [0] Loss: [2.2303542523157027]
2019-07-12 11:37:44 INFO     Batch: [63/235] Epoch: [0] Loss: [2.2291972562670708]
2019-07-12 11:37:44 INFO     Batch: [64/235] Epoch: [0] Loss: [2.228280199491061]
2019-07-12 11:37:44 INFO     Batch: [65/235] Epoch: [0] Loss: [2.2275387554457695]
2019-07-12 11:37:45 INFO     Batch: [66/235] Epoch: [0] Loss: [2.226581836814311]
2019-07-12 11:37:45 INFO     Batch: [67/235] Epoch: [0] Loss: [2.2253504325361813]
2019-07-12 11:37:45 INFO     Batch: [68/235] Epoch: [0] Loss: [2.2245903844418735]
2019-07-12 11:37:46 INFO     Batch: [69/235] Epoch: [0] Loss: [2.223785298211234]
2019-07-12 11:37:46 INFO     Batch: [70/235] Epoch: [0] Loss: [2.222681095902349]
2019-07-12 11:37:46 INFO     Batch: [71/235] Epoch: [0] Loss: [2.221371504995558]
2019-07-12 11:37:47 INFO     Batch: [72/235] Epoch: [0] Loss: [2.22060080423747]
2019-07-12 11:37:47 INFO     Batch: [73/235] Epoch: [0] Loss: [2.219780093914754]
2019-07-12 11:37:47 INFO     Batch: [74/235] Epoch: [0] Loss: [2.2189049402872723]
2019-07-12 11:37:48 INFO     Batch: [75/235] Epoch: [0] Loss: [2.2179725264248096]
2019-07-12 11:37:48 INFO     Batch: [76/235] Epoch: [0] Loss: [2.216977193758085]
2019-07-12 11:37:48 INFO     Batch: [77/235] Epoch: [0] Loss: [2.216027427942325]
2019-07-12 11:37:49 INFO     Batch: [78/235] Epoch: [0] Loss: [2.215000707891923]
2019-07-12 11:37:49 INFO     Batch: [79/235] Epoch: [0] Loss: [2.2140277564525603]
2019-07-12 11:37:49 INFO     Batch: [80/235] Epoch: [0] Loss: [2.2134039784655157]
2019-07-12 11:37:49 INFO     Batch: [81/235] Epoch: [0] Loss: [2.2122921507533]
2019-07-12 11:37:50 INFO     Batch: [82/235] Epoch: [0] Loss: [2.2110117458435425]
2019-07-12 11:37:50 INFO     Batch: [83/235] Epoch: [0] Loss: [2.210114989961897]
2019-07-12 11:37:50 INFO     Batch: [84/235] Epoch: [0] Loss: [2.209339035258574]
2019-07-12 11:37:51 INFO     Batch: [85/235] Epoch: [0] Loss: [2.2085424855697986]
2019-07-12 11:37:51 INFO     Batch: [86/235] Epoch: [0] Loss: [2.207468824825068]
2019-07-12 11:37:51 INFO     Batch: [87/235] Epoch: [0] Loss: [2.206899190490896]
2019-07-12 11:37:52 INFO     Batch: [88/235] Epoch: [0] Loss: [2.2060530078545044]
2019-07-12 11:37:52 INFO     Batch: [89/235] Epoch: [0] Loss: [2.20539506011539]
2019-07-12 11:37:52 INFO     Batch: [90/235] Epoch: [0] Loss: [2.204762128683237]
2019-07-12 11:37:53 INFO     Batch: [91/235] Epoch: [0] Loss: [2.2038839666739753]
2019-07-12 11:37:53 INFO     Batch: [92/235] Epoch: [0] Loss: [2.202940099982805]
2019-07-12 11:37:53 INFO     Batch: [93/235] Epoch: [0] Loss: [2.2020123055640686]
2019-07-12 11:37:54 INFO     Batch: [94/235] Epoch: [0] Loss: [2.2012261867523195]
2019-07-12 11:37:54 INFO     Batch: [95/235] Epoch: [0] Loss: [2.1997589667638144]
2019-07-12 11:37:54 INFO     Batch: [96/235] Epoch: [0] Loss: [2.1989006406253147]
2019-07-12 11:37:55 INFO     Batch: [97/235] Epoch: [0] Loss: [2.1975390229906355]
2019-07-12 11:37:55 INFO     Batch: [98/235] Epoch: [0] Loss: [2.1966826506335324]
2019-07-12 11:37:55 INFO     Batch: [99/235] Epoch: [0] Loss: [2.195482676029205]
2019-07-12 11:37:56 INFO     Batch: [100/235] Epoch: [0] Loss: [2.1943171803313906]
2019-07-12 11:37:56 INFO     Batch: [101/235] Epoch: [0] Loss: [2.193234955563265]
2019-07-12 11:37:56 INFO     Batch: [102/235] Epoch: [0] Loss: [2.192317670988805]
2019-07-12 11:37:56 INFO     Batch: [103/235] Epoch: [0] Loss: [2.1914088015372934]
2019-07-12 11:37:57 INFO     Batch: [104/235] Epoch: [0] Loss: [2.190439946310861]
2019-07-12 11:37:57 INFO     Batch: [105/235] Epoch: [0] Loss: [2.189393180721211]
2019-07-12 11:37:57 INFO     Batch: [106/235] Epoch: [0] Loss: [2.188294127722767]
2019-07-12 11:37:58 INFO     Batch: [107/235] Epoch: [0] Loss: [2.1874463006302163]
2019-07-12 11:37:58 INFO     Batch: [108/235] Epoch: [0] Loss: [2.1868996270206]
2019-07-12 11:37:58 INFO     Batch: [109/235] Epoch: [0] Loss: [2.1858565352179786]
2019-07-12 11:37:59 INFO     Batch: [110/235] Epoch: [0] Loss: [2.1846633966978604]
2019-07-12 11:37:59 INFO     Batch: [111/235] Epoch: [0] Loss: [2.1837323776313236]
2019-07-12 11:37:59 INFO     Batch: [112/235] Epoch: [0] Loss: [2.1829540455235845]
2019-07-12 11:38:00 INFO     Batch: [113/235] Epoch: [0] Loss: [2.1819723196196974]
2019-07-12 11:38:00 INFO     Batch: [114/235] Epoch: [0] Loss: [2.1815763286922287]
2019-07-12 11:38:00 INFO     Batch: [115/235] Epoch: [0] Loss: [2.180561766542237]
2019-07-12 11:38:01 INFO     Batch: [116/235] Epoch: [0] Loss: [2.1795338320935893]
2019-07-12 11:38:01 INFO     Batch: [117/235] Epoch: [0] Loss: [2.1783878621408497]
2019-07-12 11:38:01 INFO     Batch: [118/235] Epoch: [0] Loss: [2.1774881847766268]
2019-07-12 11:38:02 INFO     Batch: [119/235] Epoch: [0] Loss: [2.176190805435181]
2019-07-12 11:38:02 INFO     Batch: [120/235] Epoch: [0] Loss: [2.175036706215094]
2019-07-12 11:38:02 INFO     Batch: [121/235] Epoch: [0] Loss: [2.17426028407988]
2019-07-12 11:38:03 INFO     Batch: [122/235] Epoch: [0] Loss: [2.1733031718711544]
2019-07-12 11:38:03 INFO     Batch: [123/235] Epoch: [0] Loss: [2.172193473385226]
2019-07-12 11:38:03 INFO     Batch: [124/235] Epoch: [0] Loss: [2.1712595996856687]
2019-07-12 11:38:04 INFO     Batch: [125/235] Epoch: [0] Loss: [2.1702060188565935]
2019-07-12 11:38:04 INFO     Batch: [126/235] Epoch: [0] Loss: [2.169295607589361]
2019-07-12 11:38:04 INFO     Batch: [127/235] Epoch: [0] Loss: [2.168366452679038]
2019-07-12 11:38:04 INFO     Batch: [128/235] Epoch: [0] Loss: [2.1671993399775307]
2019-07-12 11:38:05 INFO     Batch: [129/235] Epoch: [0] Loss: [2.166561190898602]
2019-07-12 11:38:05 INFO     Batch: [130/235] Epoch: [0] Loss: [2.1656163084597986]
2019-07-12 11:38:05 INFO     Batch: [131/235] Epoch: [0] Loss: [2.1646620522845876]
2019-07-12 11:38:06 INFO     Batch: [132/235] Epoch: [0] Loss: [2.163378639328749]
2019-07-12 11:38:06 INFO     Batch: [133/235] Epoch: [0] Loss: [2.1622519786678143]
2019-07-12 11:38:06 INFO     Batch: [134/235] Epoch: [0] Loss: [2.1613948195068926]
2019-07-12 11:38:07 INFO     Batch: [135/235] Epoch: [0] Loss: [2.1606196875081345]
2019-07-12 11:38:07 INFO     Batch: [136/235] Epoch: [0] Loss: [2.1595450987781053]
2019-07-12 11:38:07 INFO     Batch: [137/235] Epoch: [0] Loss: [2.1590889286303865]
2019-07-12 11:38:08 INFO     Batch: [138/235] Epoch: [0] Loss: [2.158216503026674]
2019-07-12 11:38:08 INFO     Batch: [139/235] Epoch: [0] Loss: [2.157240846327373]
2019-07-12 11:38:08 INFO     Batch: [140/235] Epoch: [0] Loss: [2.1564632316007684]
2019-07-12 11:38:09 INFO     Batch: [141/235] Epoch: [0] Loss: [2.15550494277981]
2019-07-12 11:38:09 INFO     Batch: [142/235] Epoch: [0] Loss: [2.1545762773993964]
2019-07-12 11:38:09 INFO     Batch: [143/235] Epoch: [0] Loss: [2.154262881312105]
2019-07-12 11:38:10 INFO     Batch: [144/235] Epoch: [0] Loss: [2.1538922515408747]
2019-07-12 11:38:10 INFO     Batch: [145/235] Epoch: [0] Loss: [2.152907373970502]
2019-07-12 11:38:10 INFO     Batch: [146/235] Epoch: [0] Loss: [2.1520614534819207]
2019-07-12 11:38:11 INFO     Batch: [147/235] Epoch: [0] Loss: [2.151525509518546]
2019-07-12 11:38:11 INFO     Batch: [148/235] Epoch: [0] Loss: [2.150731172337628]
2019-07-12 11:38:11 INFO     Batch: [149/235] Epoch: [0] Loss: [2.1500097425778706]
2019-07-12 11:38:12 INFO     Batch: [150/235] Epoch: [0] Loss: [2.1489575817095523]
2019-07-12 11:38:12 INFO     Batch: [151/235] Epoch: [0] Loss: [2.14820202479237]
2019-07-12 11:38:12 INFO     Batch: [152/235] Epoch: [0] Loss: [2.147378510899014]
2019-07-12 11:38:13 INFO     Batch: [153/235] Epoch: [0] Loss: [2.146076834821082]
2019-07-12 11:38:13 INFO     Batch: [154/235] Epoch: [0] Loss: [2.1452184930924445]
2019-07-12 11:38:13 INFO     Batch: [155/235] Epoch: [0] Loss: [2.144536078740389]
2019-07-12 11:38:14 INFO     Batch: [156/235] Epoch: [0] Loss: [2.143754927975357]
2019-07-12 11:38:14 INFO     Batch: [157/235] Epoch: [0] Loss: [2.143011229702189]
2019-07-12 11:38:14 INFO     Batch: [158/235] Epoch: [0] Loss: [2.1421626506361573]
2019-07-12 11:38:14 INFO     Batch: [159/235] Epoch: [0] Loss: [2.1412697941064835]
2019-07-12 11:38:15 INFO     Batch: [160/235] Epoch: [0] Loss: [2.1402599315465607]
2019-07-12 11:38:15 INFO     Batch: [161/235] Epoch: [0] Loss: [2.1394365635918984]
2019-07-12 11:38:15 INFO     Batch: [162/235] Epoch: [0] Loss: [2.1384837722485783]
2019-07-12 11:38:16 INFO     Batch: [163/235] Epoch: [0] Loss: [2.1373956806776]
2019-07-12 11:38:16 INFO     Batch: [164/235] Epoch: [0] Loss: [2.1364139426838267]
2019-07-12 11:38:16 INFO     Batch: [165/235] Epoch: [0] Loss: [2.135538238358785]
2019-07-12 11:38:17 INFO     Batch: [166/235] Epoch: [0] Loss: [2.1348804606648977]
2019-07-12 11:38:17 INFO     Batch: [167/235] Epoch: [0] Loss: [2.1342789012761343]
2019-07-12 11:38:17 INFO     Batch: [168/235] Epoch: [0] Loss: [2.133652340730972]
2019-07-12 11:38:18 INFO     Batch: [169/235] Epoch: [0] Loss: [2.132614821546218]
2019-07-12 11:38:18 INFO     Batch: [170/235] Epoch: [0] Loss: [2.1318306678916974]
2019-07-12 11:38:18 INFO     Batch: [171/235] Epoch: [0] Loss: [2.1310815762641817]
2019-07-12 11:38:19 INFO     Batch: [172/235] Epoch: [0] Loss: [2.1305691499930584]
2019-07-12 11:38:19 INFO     Batch: [173/235] Epoch: [0] Loss: [2.1296513423152352]
2019-07-12 11:38:19 INFO     Batch: [174/235] Epoch: [0] Loss: [2.1286663954598564]
2019-07-12 11:38:20 INFO     Batch: [175/235] Epoch: [0] Loss: [2.127892017364502]
2019-07-12 11:38:20 INFO     Batch: [176/235] Epoch: [0] Loss: [2.1272114616329385]
2019-07-12 11:38:20 INFO     Batch: [177/235] Epoch: [0] Loss: [2.1261063117659496]
2019-07-12 11:38:21 INFO     Batch: [178/235] Epoch: [0] Loss: [2.1253736518614783]
2019-07-12 11:38:21 INFO     Batch: [179/235] Epoch: [0] Loss: [2.124471541245778]
2019-07-12 11:38:21 INFO     Batch: [180/235] Epoch: [0] Loss: [2.1235659965494063]
2019-07-12 11:38:22 INFO     Batch: [181/235] Epoch: [0] Loss: [2.122421852179936]
2019-07-12 11:38:22 INFO     Batch: [182/235] Epoch: [0] Loss: [2.1215320258844095]
2019-07-12 11:38:22 INFO     Batch: [183/235] Epoch: [0] Loss: [2.121019012254217]
2019-07-12 11:38:22 INFO     Batch: [184/235] Epoch: [0] Loss: [2.1202460553195026]
2019-07-12 11:38:23 INFO     Batch: [185/235] Epoch: [0] Loss: [2.119581256502418]
2019-07-12 11:38:23 INFO     Batch: [186/235] Epoch: [0] Loss: [2.1190669173225363]
2019-07-12 11:38:23 INFO     Batch: [187/235] Epoch: [0] Loss: [2.1182117614340275]
2019-07-12 11:38:24 INFO     Batch: [188/235] Epoch: [0] Loss: [2.1175957293737504]
2019-07-12 11:38:24 INFO     Batch: [189/235] Epoch: [0] Loss: [2.11701394633243]
2019-07-12 11:38:24 INFO     Batch: [190/235] Epoch: [0] Loss: [2.116185162079896]
2019-07-12 11:38:25 INFO     Batch: [191/235] Epoch: [0] Loss: [2.115430579210321]
2019-07-12 11:38:25 INFO     Batch: [192/235] Epoch: [0] Loss: [2.114953176345232]
2019-07-12 11:38:25 INFO     Batch: [193/235] Epoch: [0] Loss: [2.1143983141663147]
2019-07-12 11:38:26 INFO     Batch: [194/235] Epoch: [0] Loss: [2.113521811289665]
2019-07-12 11:38:26 INFO     Batch: [195/235] Epoch: [0] Loss: [2.1125959681004893]
2019-07-12 11:38:26 INFO     Batch: [196/235] Epoch: [0] Loss: [2.111948218442462]
2019-07-12 11:38:27 INFO     Batch: [197/235] Epoch: [0] Loss: [2.111395051383009]
2019-07-12 11:38:27 INFO     Batch: [198/235] Epoch: [0] Loss: [2.110555796767]
2019-07-12 11:38:27 INFO     Batch: [199/235] Epoch: [0] Loss: [2.1098961210250855]
2019-07-12 11:38:28 INFO     Batch: [200/235] Epoch: [0] Loss: [2.109161236985999]
2019-07-12 11:38:28 INFO     Batch: [201/235] Epoch: [0] Loss: [2.1084132666635043]
2019-07-12 11:38:28 INFO     Batch: [202/235] Epoch: [0] Loss: [2.107293329215402]
2019-07-12 11:38:29 INFO     Batch: [203/235] Epoch: [0] Loss: [2.1066671557286205]
2019-07-12 11:38:29 INFO     Batch: [204/235] Epoch: [0] Loss: [2.106124288279836]
2019-07-12 11:38:29 INFO     Batch: [205/235] Epoch: [0] Loss: [2.1052496554782087]
2019-07-12 11:38:30 INFO     Batch: [206/235] Epoch: [0] Loss: [2.1041081648517923]
2019-07-12 11:38:30 INFO     Batch: [207/235] Epoch: [0] Loss: [2.103181757605993]
2019-07-12 11:38:30 INFO     Batch: [208/235] Epoch: [0] Loss: [2.1022631118172095]
2019-07-12 11:38:31 INFO     Batch: [209/235] Epoch: [0] Loss: [2.1014744696162997]
2019-07-12 11:38:31 INFO     Batch: [210/235] Epoch: [0] Loss: [2.100782541867116]
2019-07-12 11:38:31 INFO     Batch: [211/235] Epoch: [0] Loss: [2.10011455529141]
2019-07-12 11:38:31 INFO     Batch: [212/235] Epoch: [0] Loss: [2.0994071227284103]
2019-07-12 11:38:32 INFO     Batch: [213/235] Epoch: [0] Loss: [2.0989304552568453]
2019-07-12 11:38:32 INFO     Batch: [214/235] Epoch: [0] Loss: [2.098254119518191]
2019-07-12 11:38:32 INFO     Batch: [215/235] Epoch: [0] Loss: [2.097378189365069]
2019-07-12 11:38:33 INFO     Batch: [216/235] Epoch: [0] Loss: [2.0967836643693634]
2019-07-12 11:38:33 INFO     Batch: [217/235] Epoch: [0] Loss: [2.0958792299305626]
2019-07-12 11:38:33 INFO     Batch: [218/235] Epoch: [0] Loss: [2.095014757761672]
2019-07-12 11:38:34 INFO     Batch: [219/235] Epoch: [0] Loss: [2.0943087897517465]
2019-07-12 11:38:34 INFO     Batch: [220/235] Epoch: [0] Loss: [2.0933252141486465]
2019-07-12 11:38:34 INFO     Batch: [221/235] Epoch: [0] Loss: [2.09280651378202]
2019-07-12 11:38:35 INFO     Batch: [222/235] Epoch: [0] Loss: [2.09221113476518]
2019-07-12 11:38:35 INFO     Batch: [223/235] Epoch: [0] Loss: [2.091692761651107]
2019-07-12 11:38:35 INFO     Batch: [224/235] Epoch: [0] Loss: [2.0908308850394355]
2019-07-12 11:38:36 INFO     Batch: [225/235] Epoch: [0] Loss: [2.090011644679888]
2019-07-12 11:38:36 INFO     Batch: [226/235] Epoch: [0] Loss: [2.0891265312480507]
2019-07-12 11:38:36 INFO     Batch: [227/235] Epoch: [0] Loss: [2.088333903697499]
2019-07-12 11:38:37 INFO     Batch: [228/235] Epoch: [0] Loss: [2.087690401285496]
2019-07-12 11:38:37 INFO     Batch: [229/235] Epoch: [0] Loss: [2.0874858223873636]
2019-07-12 11:38:37 INFO     Batch: [230/235] Epoch: [0] Loss: [2.0866990858342223]
2019-07-12 11:38:38 INFO     Batch: [231/235] Epoch: [0] Loss: [2.085668625502751]
2019-07-12 11:38:38 INFO     Batch: [232/235] Epoch: [0] Loss: [2.085183986266795]
2019-07-12 11:38:38 INFO     Batch: [233/235] Epoch: [0] Loss: [2.0846149208199263]
2019-07-12 11:38:46 INFO     Batch: [234/235] Epoch: [0] Loss: [2.084429149424776]
2019-07-12 11:38:46 INFO     ================================ Eval ================================

2019-07-12 11:38:58 INFO     [epoch 0] Accuracy: [0.32158203125]
2019-07-12 11:39:03 INFO     [epoch 1] Accuracy: [0.31826171875]
2019-07-12 11:39:09 INFO     [epoch 2] Accuracy: [0.31650390625]
2019-07-12 11:39:09 INFO     ======================================================================

2019-07-12 11:39:09 INFO     **************** [NR] Epoch: [0/300] Accuracy: [0.32158203125] ****************

2019-07-12 11:39:09 INFO     ================================ Eval ================================

2019-07-12 11:39:17 INFO     [epoch 0] Accuracy: [0.31650390625]
2019-07-12 11:39:23 INFO     [epoch 1] Accuracy: [0.32392578125]
2019-07-12 11:39:29 INFO     [epoch 2] Accuracy: [0.31923828125]
2019-07-12 11:39:29 INFO     ======================================================================

2019-07-12 11:39:29 INFO     **************** [R] Epoch: [0/300] Accuracy: [0.32392578125] ****************

2019-07-12 11:39:29 INFO     Saved model checkpoints into ./save/2019-07-12_11-37-14-NR-[0.32158203125]-model.ckpt...
2019-07-12 11:39:29 INFO     Saved model checkpoints into ./save/2019-07-12_11-37-14-R-[0.32392578125]-model.ckpt...
2019-07-12 11:39:30 INFO     Batch: [0/235] Epoch: [1] Loss: [1.8661810159683228]
2019-07-12 11:39:30 INFO     Batch: [1/235] Epoch: [1] Loss: [1.887392818927765]
2019-07-12 11:39:30 INFO     Batch: [2/235] Epoch: [1] Loss: [1.8960267702738445]
2019-07-12 11:39:31 INFO     Batch: [3/235] Epoch: [1] Loss: [1.8960710763931274]
2019-07-12 11:39:31 INFO     Batch: [4/235] Epoch: [1] Loss: [1.9158791780471802]
2019-07-12 11:39:31 INFO     Batch: [5/235] Epoch: [1] Loss: [1.9142204523086548]
2019-07-12 11:39:32 INFO     Batch: [6/235] Epoch: [1] Loss: [1.9092737095696586]
2019-07-12 11:39:32 INFO     Batch: [7/235] Epoch: [1] Loss: [1.9131041169166565]
2019-07-12 11:39:32 INFO     Batch: [8/235] Epoch: [1] Loss: [1.9110998974906073]
2019-07-12 11:39:33 INFO     Batch: [9/235] Epoch: [1] Loss: [1.908632504940033]
2019-07-12 11:39:33 INFO     Batch: [10/235] Epoch: [1] Loss: [1.9075701236724854]
2019-07-12 11:39:33 INFO     Batch: [11/235] Epoch: [1] Loss: [1.9092260599136353]
2019-07-12 11:39:34 INFO     Batch: [12/235] Epoch: [1] Loss: [1.9079540417744563]
2019-07-12 11:39:34 INFO     Batch: [13/235] Epoch: [1] Loss: [1.9056049840790885]
2019-07-12 11:39:34 INFO     Batch: [14/235] Epoch: [1] Loss: [1.9011621395746867]
2019-07-12 11:39:35 INFO     Batch: [15/235] Epoch: [1] Loss: [1.8986361399292946]
2019-07-12 11:39:35 INFO     Batch: [16/235] Epoch: [1] Loss: [1.897338677855099]
2019-07-12 11:39:35 INFO     Batch: [17/235] Epoch: [1] Loss: [1.8988640308380127]
2019-07-12 11:39:36 INFO     Batch: [18/235] Epoch: [1] Loss: [1.8964950536426746]
2019-07-12 11:39:36 INFO     Batch: [19/235] Epoch: [1] Loss: [1.897291749715805]
2019-07-12 11:39:36 INFO     Batch: [20/235] Epoch: [1] Loss: [1.8944227865764074]
2019-07-12 11:39:37 INFO     Batch: [21/235] Epoch: [1] Loss: [1.8957737630063838]
2019-07-12 11:39:37 INFO     Batch: [22/235] Epoch: [1] Loss: [1.8917289298513662]
2019-07-12 11:39:37 INFO     Batch: [23/235] Epoch: [1] Loss: [1.8881460279226303]
2019-07-12 11:39:38 INFO     Batch: [24/235] Epoch: [1] Loss: [1.889468183517456]
2019-07-12 11:39:38 INFO     Batch: [25/235] Epoch: [1] Loss: [1.8894677116320684]
2019-07-12 11:39:38 INFO     Batch: [26/235] Epoch: [1] Loss: [1.8886239793565538]
2019-07-12 11:39:39 INFO     Batch: [27/235] Epoch: [1] Loss: [1.889662938458579]
2019-07-12 11:39:39 INFO     Batch: [28/235] Epoch: [1] Loss: [1.888790751325673]
2019-07-12 11:39:39 INFO     Batch: [29/235] Epoch: [1] Loss: [1.8881663878758748]
2019-07-12 11:39:40 INFO     Batch: [30/235] Epoch: [1] Loss: [1.8880864958609305]
2019-07-12 11:39:40 INFO     Batch: [31/235] Epoch: [1] Loss: [1.8892239406704903]
2019-07-12 11:39:40 INFO     Batch: [32/235] Epoch: [1] Loss: [1.8904471758640173]
2019-07-12 11:39:41 INFO     Batch: [33/235] Epoch: [1] Loss: [1.8886070917634403]
2019-07-12 11:39:41 INFO     Batch: [34/235] Epoch: [1] Loss: [1.8882022380828858]
2019-07-12 11:39:41 INFO     Batch: [35/235] Epoch: [1] Loss: [1.88686579797003]
2019-07-12 11:39:42 INFO     Batch: [36/235] Epoch: [1] Loss: [1.8878134521278176]
2019-07-12 11:39:42 INFO     Batch: [37/235] Epoch: [1] Loss: [1.8880322952019541]
2019-07-12 11:39:42 INFO     Batch: [38/235] Epoch: [1] Loss: [1.8882921169965694]
2019-07-12 11:39:43 INFO     Batch: [39/235] Epoch: [1] Loss: [1.887056440114975]
2019-07-12 11:39:43 INFO     Batch: [40/235] Epoch: [1] Loss: [1.8861788191446445]
2019-07-12 11:39:43 INFO     Batch: [41/235] Epoch: [1] Loss: [1.8863761907532102]
2019-07-12 11:39:44 INFO     Batch: [42/235] Epoch: [1] Loss: [1.8851092998371568]
2019-07-12 11:39:44 INFO     Batch: [43/235] Epoch: [1] Loss: [1.8845903250304135]
2019-07-12 11:39:44 INFO     Batch: [44/235] Epoch: [1] Loss: [1.8855574581358168]
2019-07-12 11:39:45 INFO     Batch: [45/235] Epoch: [1] Loss: [1.8857309222221375]
2019-07-12 11:39:45 INFO     Batch: [46/235] Epoch: [1] Loss: [1.883952650618046]
2019-07-12 11:39:45 INFO     Batch: [47/235] Epoch: [1] Loss: [1.883074589073658]
2019-07-12 11:39:46 INFO     Batch: [48/235] Epoch: [1] Loss: [1.8835569279534476]
2019-07-12 11:39:46 INFO     Batch: [49/235] Epoch: [1] Loss: [1.8840034651756286]
2019-07-12 11:39:46 INFO     Batch: [50/235] Epoch: [1] Loss: [1.881959501434775]
2019-07-12 11:39:47 INFO     Batch: [51/235] Epoch: [1] Loss: [1.8806256239230816]
2019-07-12 11:39:47 INFO     Batch: [52/235] Epoch: [1] Loss: [1.879744345287107]
2019-07-12 11:39:47 INFO     Batch: [53/235] Epoch: [1] Loss: [1.8789136431835316]
2019-07-12 11:39:48 INFO     Batch: [54/235] Epoch: [1] Loss: [1.8790841709483754]
2019-07-12 11:39:48 INFO     Batch: [55/235] Epoch: [1] Loss: [1.8782566040754318]
2019-07-12 11:39:48 INFO     Batch: [56/235] Epoch: [1] Loss: [1.8783212649194818]
2019-07-12 11:39:48 INFO     Batch: [57/235] Epoch: [1] Loss: [1.876922788291142]
2019-07-12 11:39:49 INFO     Batch: [58/235] Epoch: [1] Loss: [1.8752052682941243]
2019-07-12 11:39:49 INFO     Batch: [59/235] Epoch: [1] Loss: [1.8746397693951924]
2019-07-12 11:39:49 INFO     Batch: [60/235] Epoch: [1] Loss: [1.8750266872468542]
2019-07-12 11:39:50 INFO     Batch: [61/235] Epoch: [1] Loss: [1.8748558317461321]
2019-07-12 11:39:50 INFO     Batch: [62/235] Epoch: [1] Loss: [1.8756809859048753]
2019-07-12 11:39:50 INFO     Batch: [63/235] Epoch: [1] Loss: [1.873079128563404]
2019-07-12 11:39:51 INFO     Batch: [64/235] Epoch: [1] Loss: [1.8720898408156175]
2019-07-12 11:39:51 INFO     Batch: [65/235] Epoch: [1] Loss: [1.8703249566482776]
2019-07-12 11:39:51 INFO     Batch: [66/235] Epoch: [1] Loss: [1.8694226510489165]
2019-07-12 11:39:52 INFO     Batch: [67/235] Epoch: [1] Loss: [1.8686105924494125]
2019-07-12 11:39:52 INFO     Batch: [68/235] Epoch: [1] Loss: [1.8673078236372576]
2019-07-12 11:39:52 INFO     Batch: [69/235] Epoch: [1] Loss: [1.8667340091296605]
2019-07-12 11:39:53 INFO     Batch: [70/235] Epoch: [1] Loss: [1.8671246011492233]
2019-07-12 11:39:53 INFO     Batch: [71/235] Epoch: [1] Loss: [1.865261756711536]
2019-07-12 11:39:53 INFO     Batch: [72/235] Epoch: [1] Loss: [1.8648561680153624]
2019-07-12 11:39:54 INFO     Batch: [73/235] Epoch: [1] Loss: [1.8641339637137748]
2019-07-12 11:39:54 INFO     Batch: [74/235] Epoch: [1] Loss: [1.86390074412028]
2019-07-12 11:39:54 INFO     Batch: [75/235] Epoch: [1] Loss: [1.8639191028318907]
2019-07-12 11:39:55 INFO     Batch: [76/235] Epoch: [1] Loss: [1.8630541888150303]
2019-07-12 11:39:55 INFO     Batch: [77/235] Epoch: [1] Loss: [1.862293425278786]
2019-07-12 11:39:55 INFO     Batch: [78/235] Epoch: [1] Loss: [1.8624758267704444]
2019-07-12 11:39:56 INFO     Batch: [79/235] Epoch: [1] Loss: [1.8624300792813302]
2019-07-12 11:39:56 INFO     Batch: [80/235] Epoch: [1] Loss: [1.8624216347564886]
2019-07-12 11:39:56 INFO     Batch: [81/235] Epoch: [1] Loss: [1.8609431008013284]
2019-07-12 11:39:57 INFO     Batch: [82/235] Epoch: [1] Loss: [1.8603159921715058]
2019-07-12 11:39:57 INFO     Batch: [83/235] Epoch: [1] Loss: [1.8588845147973014]
2019-07-12 11:39:57 INFO     Batch: [84/235] Epoch: [1] Loss: [1.858430399614222]
2019-07-12 11:39:57 INFO     Batch: [85/235] Epoch: [1] Loss: [1.8575708949288656]
2019-07-12 11:39:58 INFO     Batch: [86/235] Epoch: [1] Loss: [1.8576246184864262]
2019-07-12 11:39:58 INFO     Batch: [87/235] Epoch: [1] Loss: [1.8565491099249234]
2019-07-12 11:39:58 INFO     Batch: [88/235] Epoch: [1] Loss: [1.855510877759269]
2019-07-12 11:39:59 INFO     Batch: [89/235] Epoch: [1] Loss: [1.8552956766552395]
2019-07-12 11:39:59 INFO     Batch: [90/235] Epoch: [1] Loss: [1.8548546322099455]
2019-07-12 11:39:59 INFO     Batch: [91/235] Epoch: [1] Loss: [1.8553440622661426]
2019-07-12 11:40:00 INFO     Batch: [92/235] Epoch: [1] Loss: [1.8553278548743135]
2019-07-12 11:40:00 INFO     Batch: [93/235] Epoch: [1] Loss: [1.8549576135391885]
2019-07-12 11:40:00 INFO     Batch: [94/235] Epoch: [1] Loss: [1.8547426462173462]
2019-07-12 11:40:01 INFO     Batch: [95/235] Epoch: [1] Loss: [1.8546032719314098]
2019-07-12 11:40:01 INFO     Batch: [96/235] Epoch: [1] Loss: [1.854328355838343]
2019-07-12 11:40:01 INFO     Batch: [97/235] Epoch: [1] Loss: [1.8541732308815937]
2019-07-12 11:40:02 INFO     Batch: [98/235] Epoch: [1] Loss: [1.854845891095171]
2019-07-12 11:40:02 INFO     Batch: [99/235] Epoch: [1] Loss: [1.8539258825778961]
2019-07-12 11:40:02 INFO     Batch: [100/235] Epoch: [1] Loss: [1.8535032012675068]
2019-07-12 11:40:03 INFO     Batch: [101/235] Epoch: [1] Loss: [1.8527355521332984]
2019-07-12 11:40:03 INFO     Batch: [102/235] Epoch: [1] Loss: [1.8515050631124996]
2019-07-12 11:40:03 INFO     Batch: [103/235] Epoch: [1] Loss: [1.851346036562553]
2019-07-12 11:40:04 INFO     Batch: [104/235] Epoch: [1] Loss: [1.8520003988629297]
2019-07-12 11:40:04 INFO     Batch: [105/235] Epoch: [1] Loss: [1.851425789437204]
2019-07-12 11:40:04 INFO     Batch: [106/235] Epoch: [1] Loss: [1.8506502358712882]
2019-07-12 11:40:05 INFO     Batch: [107/235] Epoch: [1] Loss: [1.8503190102400604]
2019-07-12 11:40:05 INFO     Batch: [108/235] Epoch: [1] Loss: [1.8507836400915723]
2019-07-12 11:40:05 INFO     Batch: [109/235] Epoch: [1] Loss: [1.8499164071950045]
2019-07-12 11:40:06 INFO     Batch: [110/235] Epoch: [1] Loss: [1.8503110816886834]
2019-07-12 11:40:06 INFO     Batch: [111/235] Epoch: [1] Loss: [1.849414671105998]
2019-07-12 11:40:06 INFO     Batch: [112/235] Epoch: [1] Loss: [1.8484097191717772]
2019-07-12 11:40:07 INFO     Batch: [113/235] Epoch: [1] Loss: [1.8474664332573874]
2019-07-12 11:40:07 INFO     Batch: [114/235] Epoch: [1] Loss: [1.8469356764917788]
2019-07-12 11:40:07 INFO     Batch: [115/235] Epoch: [1] Loss: [1.8475781936070015]
2019-07-12 11:40:08 INFO     Batch: [116/235] Epoch: [1] Loss: [1.847283164660136]
2019-07-12 11:40:08 INFO     Batch: [117/235] Epoch: [1] Loss: [1.8469032241126238]
2019-07-12 11:40:08 INFO     Batch: [118/235] Epoch: [1] Loss: [1.8469884065018982]
2019-07-12 11:40:09 INFO     Batch: [119/235] Epoch: [1] Loss: [1.8457015623648962]
2019-07-12 11:40:09 INFO     Batch: [120/235] Epoch: [1] Loss: [1.845580110865191]
2019-07-12 11:40:09 INFO     Batch: [121/235] Epoch: [1] Loss: [1.8450689921613599]
2019-07-12 11:40:10 INFO     Batch: [122/235] Epoch: [1] Loss: [1.8446421923676157]
2019-07-12 11:40:10 INFO     Batch: [123/235] Epoch: [1] Loss: [1.8439509041847721]
2019-07-12 11:40:10 INFO     Batch: [124/235] Epoch: [1] Loss: [1.8429211978912354]
2019-07-12 11:40:11 INFO     Batch: [125/235] Epoch: [1] Loss: [1.8425960985441057]
