2019-04-01 21:16:08 INFO     Loading Data
2019-04-01 21:16:09 INFO     Model Setting Up
2019-04-01 21:16:17 INFO     Start Training
2019-04-01 21:16:28 INFO     Batch: [0/120] Epoch: [0] Loss: [2.3046014308929443]
2019-04-01 21:16:29 INFO     Accuracy: [0.14018181818181816]

2019-04-01 21:16:29 INFO     Batch: [1/120] Epoch: [0] Loss: [2.2933781147003174]
2019-04-01 21:16:29 INFO     Batch: [2/120] Epoch: [0] Loss: [2.2899297873179116]
2019-04-01 21:16:29 INFO     Batch: [3/120] Epoch: [0] Loss: [2.2891900539398193]
2019-04-01 21:16:29 INFO     Batch: [4/120] Epoch: [0] Loss: [2.285112190246582]
2019-04-01 21:16:29 INFO     Batch: [5/120] Epoch: [0] Loss: [2.2809700965881348]
2019-04-01 21:16:30 INFO     Batch: [6/120] Epoch: [0] Loss: [2.278606687273298]
2019-04-01 21:16:30 INFO     Batch: [7/120] Epoch: [0] Loss: [2.276217997074127]
2019-04-01 21:16:30 INFO     Batch: [8/120] Epoch: [0] Loss: [2.2733285427093506]
2019-04-01 21:16:30 INFO     Batch: [9/120] Epoch: [0] Loss: [2.2702080488204954]
2019-04-01 21:16:30 INFO     Batch: [10/120] Epoch: [0] Loss: [2.2671096324920654]
2019-04-01 21:16:30 INFO     Batch: [11/120] Epoch: [0] Loss: [2.2646182974179587]
2019-04-01 21:16:30 INFO     Batch: [12/120] Epoch: [0] Loss: [2.2620865198282094]
2019-04-01 21:16:30 INFO     Batch: [13/120] Epoch: [0] Loss: [2.2608890874045238]
2019-04-01 21:16:31 INFO     Batch: [14/120] Epoch: [0] Loss: [2.259123690923055]
2019-04-01 21:16:31 INFO     Batch: [15/120] Epoch: [0] Loss: [2.2573465555906296]
2019-04-01 21:16:31 INFO     Batch: [16/120] Epoch: [0] Loss: [2.2554423528559067]
2019-04-01 21:16:31 INFO     Batch: [17/120] Epoch: [0] Loss: [2.2536083857218423]
2019-04-01 21:16:31 INFO     Batch: [18/120] Epoch: [0] Loss: [2.2514984356729606]
2019-04-01 21:16:31 INFO     Batch: [19/120] Epoch: [0] Loss: [2.2496206998825072]
2019-04-01 21:16:31 INFO     Batch: [20/120] Epoch: [0] Loss: [2.2477522804623558]
2019-04-01 21:16:32 INFO     Batch: [21/120] Epoch: [0] Loss: [2.2456114400516856]
2019-04-01 21:16:32 INFO     Batch: [22/120] Epoch: [0] Loss: [2.243788211242012]
2019-04-01 21:16:32 INFO     Batch: [23/120] Epoch: [0] Loss: [2.2417622903982797]
2019-04-01 21:16:32 INFO     Batch: [24/120] Epoch: [0] Loss: [2.24013072013855]
2019-04-01 21:16:32 INFO     Batch: [25/120] Epoch: [0] Loss: [2.2381678911355825]
2019-04-01 21:16:32 INFO     Batch: [26/120] Epoch: [0] Loss: [2.2362981813925282]
2019-04-01 21:16:32 INFO     Batch: [27/120] Epoch: [0] Loss: [2.2342091032436917]
2019-04-01 21:16:33 INFO     Batch: [28/120] Epoch: [0] Loss: [2.2329784837262383]
2019-04-01 21:16:33 INFO     Batch: [29/120] Epoch: [0] Loss: [2.2311549186706543]
2019-04-01 21:16:33 INFO     Batch: [30/120] Epoch: [0] Loss: [2.2297608852386475]
2019-04-01 21:16:33 INFO     Batch: [31/120] Epoch: [0] Loss: [2.2288608103990555]
2019-04-01 21:16:33 INFO     Batch: [32/120] Epoch: [0] Loss: [2.2270654114809902]
2019-04-01 21:16:33 INFO     Batch: [33/120] Epoch: [0] Loss: [2.225164721993839]
2019-04-01 21:16:33 INFO     Batch: [34/120] Epoch: [0] Loss: [2.223885890415737]
2019-04-01 21:16:34 INFO     Batch: [35/120] Epoch: [0] Loss: [2.222140312194824]
2019-04-01 21:16:34 INFO     Batch: [36/120] Epoch: [0] Loss: [2.221108069290986]
2019-04-01 21:16:34 INFO     Batch: [37/120] Epoch: [0] Loss: [2.2192439091833016]
2019-04-01 21:16:34 INFO     Batch: [38/120] Epoch: [0] Loss: [2.2174136699774327]
2019-04-01 21:16:34 INFO     Batch: [39/120] Epoch: [0] Loss: [2.2158005952835085]
2019-04-01 21:16:34 INFO     Batch: [40/120] Epoch: [0] Loss: [2.2139338516607516]
2019-04-01 21:16:34 INFO     Batch: [41/120] Epoch: [0] Loss: [2.2119763011024114]
2019-04-01 21:16:34 INFO     Batch: [42/120] Epoch: [0] Loss: [2.210146721019301]
2019-04-01 21:16:35 INFO     Batch: [43/120] Epoch: [0] Loss: [2.208316754211079]
2019-04-01 21:16:35 INFO     Batch: [44/120] Epoch: [0] Loss: [2.2065973970625135]
2019-04-01 21:16:35 INFO     Batch: [45/120] Epoch: [0] Loss: [2.2045077603796255]
2019-04-01 21:16:35 INFO     Batch: [46/120] Epoch: [0] Loss: [2.2030251989973353]
2019-04-01 21:16:35 INFO     Batch: [47/120] Epoch: [0] Loss: [2.2017192244529724]
2019-04-01 21:16:35 INFO     Batch: [48/120] Epoch: [0] Loss: [2.2002075010416458]
2019-04-01 21:16:35 INFO     Batch: [49/120] Epoch: [0] Loss: [2.198840842247009]
2019-04-01 21:16:36 INFO     Batch: [50/120] Epoch: [0] Loss: [2.196831848107132]
2019-04-01 21:16:36 INFO     Batch: [51/120] Epoch: [0] Loss: [2.1948233109254103]
2019-04-01 21:16:36 INFO     Batch: [52/120] Epoch: [0] Loss: [2.1937795854964346]
2019-04-01 21:16:36 INFO     Batch: [53/120] Epoch: [0] Loss: [2.1923219760258994]
2019-04-01 21:16:36 INFO     Batch: [54/120] Epoch: [0] Loss: [2.1912031347101384]
2019-04-01 21:16:36 INFO     Batch: [55/120] Epoch: [0] Loss: [2.189908513001033]
2019-04-01 21:16:36 INFO     Batch: [56/120] Epoch: [0] Loss: [2.18862275491681]
2019-04-01 21:16:37 INFO     Batch: [57/120] Epoch: [0] Loss: [2.187184843523749]
2019-04-01 21:16:37 INFO     Batch: [58/120] Epoch: [0] Loss: [2.185615478935888]
2019-04-01 21:16:37 INFO     Batch: [59/120] Epoch: [0] Loss: [2.1842331568400066]
2019-04-01 21:16:37 INFO     Batch: [60/120] Epoch: [0] Loss: [2.182685015631504]
2019-04-01 21:16:37 INFO     Batch: [61/120] Epoch: [0] Loss: [2.180831774588554]
2019-04-01 21:16:37 INFO     Batch: [62/120] Epoch: [0] Loss: [2.1797755256531732]
2019-04-01 21:16:37 INFO     Batch: [63/120] Epoch: [0] Loss: [2.17826571688056]
2019-04-01 21:16:38 INFO     Batch: [64/120] Epoch: [0] Loss: [2.1771400414980375]
2019-04-01 21:16:38 INFO     Batch: [65/120] Epoch: [0] Loss: [2.1758529128450337]
2019-04-01 21:16:38 INFO     Batch: [66/120] Epoch: [0] Loss: [2.174318690798176]
2019-04-01 21:16:38 INFO     Batch: [67/120] Epoch: [0] Loss: [2.172890905071707]
2019-04-01 21:16:38 INFO     Batch: [68/120] Epoch: [0] Loss: [2.1715180528336675]
2019-04-01 21:16:38 INFO     Batch: [69/120] Epoch: [0] Loss: [2.169760659762791]
2019-04-01 21:16:38 INFO     Batch: [70/120] Epoch: [0] Loss: [2.168187977562488]
2019-04-01 21:16:39 INFO     Batch: [71/120] Epoch: [0] Loss: [2.166858689652549]
2019-04-01 21:16:39 INFO     Batch: [72/120] Epoch: [0] Loss: [2.16560308900598]
2019-04-01 21:16:39 INFO     Batch: [73/120] Epoch: [0] Loss: [2.1637962122221253]
2019-04-01 21:16:39 INFO     Batch: [74/120] Epoch: [0] Loss: [2.1619566281636557]
2019-04-01 21:16:39 INFO     Batch: [75/120] Epoch: [0] Loss: [2.1603722195876274]
2019-04-01 21:16:39 INFO     Batch: [76/120] Epoch: [0] Loss: [2.1588932012582753]
2019-04-01 21:16:39 INFO     Batch: [77/120] Epoch: [0] Loss: [2.1576686853017564]
2019-04-01 21:16:40 INFO     Batch: [78/120] Epoch: [0] Loss: [2.156331626674797]
2019-04-01 21:16:40 INFO     Batch: [79/120] Epoch: [0] Loss: [2.155137374997139]
2019-04-01 21:16:40 INFO     Batch: [80/120] Epoch: [0] Loss: [2.1535547721533126]
2019-04-01 21:16:40 INFO     Batch: [81/120] Epoch: [0] Loss: [2.1520535596987096]
2019-04-01 21:16:40 INFO     Batch: [82/120] Epoch: [0] Loss: [2.15061778620065]
2019-04-01 21:16:40 INFO     Batch: [83/120] Epoch: [0] Loss: [2.1489747166633606]
2019-04-01 21:16:40 INFO     Batch: [84/120] Epoch: [0] Loss: [2.1474961673512176]
2019-04-01 21:16:41 INFO     Batch: [85/120] Epoch: [0] Loss: [2.145828588064327]
2019-04-01 21:16:41 INFO     Batch: [86/120] Epoch: [0] Loss: [2.14427785489751]
2019-04-01 21:16:41 INFO     Batch: [87/120] Epoch: [0] Loss: [2.1427309919487345]
2019-04-01 21:16:41 INFO     Batch: [88/120] Epoch: [0] Loss: [2.1416609849822654]
2019-04-01 21:16:41 INFO     Batch: [89/120] Epoch: [0] Loss: [2.1402348862753975]
2019-04-01 21:16:41 INFO     Batch: [90/120] Epoch: [0] Loss: [2.13876048549191]
2019-04-01 21:16:41 INFO     Batch: [91/120] Epoch: [0] Loss: [2.13768883632577]
2019-04-01 21:16:42 INFO     Batch: [92/120] Epoch: [0] Loss: [2.1359589997158257]
2019-04-01 21:16:42 INFO     Batch: [93/120] Epoch: [0] Loss: [2.1350030264955886]
2019-04-01 21:16:42 INFO     Batch: [94/120] Epoch: [0] Loss: [2.1337767500626414]
2019-04-01 21:16:42 INFO     Batch: [95/120] Epoch: [0] Loss: [2.1326650554935136]
2019-04-01 21:16:42 INFO     Batch: [96/120] Epoch: [0] Loss: [2.1318214726202265]
2019-04-01 21:16:42 INFO     Batch: [97/120] Epoch: [0] Loss: [2.130774977255841]
2019-04-01 21:16:42 INFO     Batch: [98/120] Epoch: [0] Loss: [2.1292035820508244]
2019-04-01 21:16:43 INFO     Batch: [99/120] Epoch: [0] Loss: [2.1275660037994384]
2019-04-01 21:16:43 INFO     Batch: [100/120] Epoch: [0] Loss: [2.126537207329627]
2019-04-01 21:16:43 INFO     Batch: [101/120] Epoch: [0] Loss: [2.1250106084580516]
2019-04-01 21:16:43 INFO     Batch: [102/120] Epoch: [0] Loss: [2.1239845324488518]
2019-04-01 21:16:43 INFO     Batch: [103/120] Epoch: [0] Loss: [2.1225917912446537]
2019-04-01 21:16:43 INFO     Batch: [104/120] Epoch: [0] Loss: [2.1209573439189366]
2019-04-01 21:16:43 INFO     Batch: [105/120] Epoch: [0] Loss: [2.1192674940487124]
2019-04-01 21:16:44 INFO     Batch: [106/120] Epoch: [0] Loss: [2.117706869250146]
2019-04-01 21:16:44 INFO     Batch: [107/120] Epoch: [0] Loss: [2.1163285540209875]
2019-04-01 21:16:44 INFO     Batch: [108/120] Epoch: [0] Loss: [2.1149391078074045]
2019-04-01 21:16:44 INFO     Batch: [109/120] Epoch: [0] Loss: [2.1139035550030796]
2019-04-01 21:16:44 INFO     Batch: [110/120] Epoch: [0] Loss: [2.1128273182087116]
2019-04-01 21:16:44 INFO     Batch: [111/120] Epoch: [0] Loss: [2.111764325627259]
2019-04-01 21:16:44 INFO     Batch: [112/120] Epoch: [0] Loss: [2.1109426011026433]
2019-04-01 21:16:45 INFO     Batch: [113/120] Epoch: [0] Loss: [2.1102294095775536]
2019-04-01 21:16:45 INFO     Batch: [114/120] Epoch: [0] Loss: [2.1092976912208226]
2019-04-01 21:16:45 INFO     Batch: [115/120] Epoch: [0] Loss: [2.1082676741583595]
2019-04-01 21:16:45 INFO     Batch: [116/120] Epoch: [0] Loss: [2.1069797705381346]
2019-04-01 21:16:45 INFO     Batch: [117/120] Epoch: [0] Loss: [2.105626115354441]
2019-04-01 21:16:45 INFO     Batch: [118/120] Epoch: [0] Loss: [2.104715777044537]
2019-04-01 21:16:45 INFO     Batch: [119/120] Epoch: [0] Loss: [2.1043718427419664]
2019-04-01 21:16:47 INFO     Epoch: [0/200] Loss: [2.1043718427419664] Accuracy: [0.28236363636363637]
2019-04-01 21:16:47 INFO     Batch: [0/120] Epoch: [1] Loss: [1.9592698812484741]
2019-04-01 21:16:48 INFO     Accuracy: [0.28036363636363637]

2019-04-01 21:16:48 INFO     Batch: [1/120] Epoch: [1] Loss: [1.9797398447990417]
2019-04-01 21:16:49 INFO     Batch: [2/120] Epoch: [1] Loss: [1.9683138926823933]
2019-04-01 21:16:49 INFO     Batch: [3/120] Epoch: [1] Loss: [1.9795744121074677]
2019-04-01 21:16:49 INFO     Batch: [4/120] Epoch: [1] Loss: [1.973078465461731]
2019-04-01 21:16:49 INFO     Batch: [5/120] Epoch: [1] Loss: [1.9707435369491577]
2019-04-01 21:16:49 INFO     Batch: [6/120] Epoch: [1] Loss: [1.9742176532745361]
2019-04-01 21:16:49 INFO     Batch: [7/120] Epoch: [1] Loss: [1.9777044355869293]
2019-04-01 21:16:49 INFO     Batch: [8/120] Epoch: [1] Loss: [1.9797928465737238]
2019-04-01 21:16:49 INFO     Batch: [9/120] Epoch: [1] Loss: [1.9809880256652832]
2019-04-01 21:16:50 INFO     Batch: [10/120] Epoch: [1] Loss: [1.9834657148881392]
2019-04-01 21:16:50 INFO     Batch: [11/120] Epoch: [1] Loss: [1.9830577373504639]
2019-04-01 21:16:50 INFO     Batch: [12/120] Epoch: [1] Loss: [1.982044293330266]
2019-04-01 21:16:50 INFO     Batch: [13/120] Epoch: [1] Loss: [1.9781490564346313]
2019-04-01 21:16:50 INFO     Batch: [14/120] Epoch: [1] Loss: [1.9752313852310182]
2019-04-01 21:16:50 INFO     Batch: [15/120] Epoch: [1] Loss: [1.9740710631012917]
2019-04-01 21:16:50 INFO     Batch: [16/120] Epoch: [1] Loss: [1.9739024428760303]
2019-04-01 21:16:51 INFO     Batch: [17/120] Epoch: [1] Loss: [1.9727772076924641]
2019-04-01 21:16:51 INFO     Batch: [18/120] Epoch: [1] Loss: [1.9718169036664461]
2019-04-01 21:16:51 INFO     Batch: [19/120] Epoch: [1] Loss: [1.9697070479393006]
2019-04-01 21:16:51 INFO     Batch: [20/120] Epoch: [1] Loss: [1.9724481105804443]
2019-04-01 21:16:51 INFO     Batch: [21/120] Epoch: [1] Loss: [1.9727974317290566]
2019-04-01 21:16:51 INFO     Batch: [22/120] Epoch: [1] Loss: [1.9718338251113892]
2019-04-01 21:16:51 INFO     Batch: [23/120] Epoch: [1] Loss: [1.9722252239783604]
2019-04-01 21:16:52 INFO     Batch: [24/120] Epoch: [1] Loss: [1.971610713005066]
2019-04-01 21:16:52 INFO     Batch: [25/120] Epoch: [1] Loss: [1.969545148886167]
2019-04-01 21:16:52 INFO     Batch: [26/120] Epoch: [1] Loss: [1.9689177318855569]
2019-04-01 21:16:52 INFO     Batch: [27/120] Epoch: [1] Loss: [1.9688073566981725]
2019-04-01 21:16:52 INFO     Batch: [28/120] Epoch: [1] Loss: [1.9686309633583858]
2019-04-01 21:16:52 INFO     Batch: [29/120] Epoch: [1] Loss: [1.9684567173322043]
2019-04-01 21:16:52 INFO     Batch: [30/120] Epoch: [1] Loss: [1.967234888384419]
2019-04-01 21:16:52 INFO     Batch: [31/120] Epoch: [1] Loss: [1.9670448303222656]
2019-04-01 21:16:53 INFO     Batch: [32/120] Epoch: [1] Loss: [1.9656109231891055]
2019-04-01 21:16:53 INFO     Batch: [33/120] Epoch: [1] Loss: [1.9650648937505835]
2019-04-01 21:16:53 INFO     Batch: [34/120] Epoch: [1] Loss: [1.9646362645285471]
2019-04-01 21:16:53 INFO     Batch: [35/120] Epoch: [1] Loss: [1.963483300473955]
2019-04-01 21:16:53 INFO     Batch: [36/120] Epoch: [1] Loss: [1.9615750731648625]
2019-04-01 21:16:53 INFO     Batch: [37/120] Epoch: [1] Loss: [1.9609888290104114]
2019-04-01 21:16:53 INFO     Batch: [38/120] Epoch: [1] Loss: [1.9606204949892485]
2019-04-01 21:16:54 INFO     Batch: [39/120] Epoch: [1] Loss: [1.959539446234703]
2019-04-01 21:16:54 INFO     Batch: [40/120] Epoch: [1] Loss: [1.9583212253524036]
2019-04-01 21:16:54 INFO     Batch: [41/120] Epoch: [1] Loss: [1.9565113584200542]
2019-04-01 21:16:54 INFO     Batch: [42/120] Epoch: [1] Loss: [1.9544333607651467]
2019-04-01 21:16:54 INFO     Batch: [43/120] Epoch: [1] Loss: [1.9532464038241992]
2019-04-01 21:16:54 INFO     Batch: [44/120] Epoch: [1] Loss: [1.951801726553175]
2019-04-01 21:16:54 INFO     Batch: [45/120] Epoch: [1] Loss: [1.9512338275494783]
2019-04-01 21:16:55 INFO     Batch: [46/120] Epoch: [1] Loss: [1.949840895673062]
2019-04-01 21:16:55 INFO     Batch: [47/120] Epoch: [1] Loss: [1.9491130784153938]
2019-04-01 21:16:55 INFO     Batch: [48/120] Epoch: [1] Loss: [1.9476690365343678]
2019-04-01 21:16:55 INFO     Batch: [49/120] Epoch: [1] Loss: [1.946768922805786]
2019-04-01 21:16:55 INFO     Batch: [50/120] Epoch: [1] Loss: [1.944355055397632]
2019-04-01 21:16:55 INFO     Batch: [51/120] Epoch: [1] Loss: [1.942486856992428]
2019-04-01 21:16:55 INFO     Batch: [52/120] Epoch: [1] Loss: [1.941660168035975]
2019-04-01 21:16:56 INFO     Batch: [53/120] Epoch: [1] Loss: [1.9402619467841253]
2019-04-01 21:16:56 INFO     Batch: [54/120] Epoch: [1] Loss: [1.938690343770114]
2019-04-01 21:16:56 INFO     Batch: [55/120] Epoch: [1] Loss: [1.9369013458490372]
2019-04-01 21:16:56 INFO     Batch: [56/120] Epoch: [1] Loss: [1.935421017178318]
2019-04-01 21:16:56 INFO     Batch: [57/120] Epoch: [1] Loss: [1.9340031147003174]
2019-04-01 21:16:56 INFO     Batch: [58/120] Epoch: [1] Loss: [1.9318057157225528]
2019-04-01 21:16:56 INFO     Batch: [59/120] Epoch: [1] Loss: [1.9305195609728496]
2019-04-01 21:16:57 INFO     Batch: [60/120] Epoch: [1] Loss: [1.929116825588414]
2019-04-01 21:16:57 INFO     Batch: [61/120] Epoch: [1] Loss: [1.9282598322437656]
2019-04-01 21:16:57 INFO     Batch: [62/120] Epoch: [1] Loss: [1.9268527674296545]
2019-04-01 21:16:57 INFO     Batch: [63/120] Epoch: [1] Loss: [1.9250880405306816]
2019-04-01 21:16:57 INFO     Batch: [64/120] Epoch: [1] Loss: [1.9233604742930486]
2019-04-01 21:16:57 INFO     Batch: [65/120] Epoch: [1] Loss: [1.9220962452166008]
2019-04-01 21:16:57 INFO     Batch: [66/120] Epoch: [1] Loss: [1.920110586863845]
2019-04-01 21:16:58 INFO     Batch: [67/120] Epoch: [1] Loss: [1.9184401981970842]
2019-04-01 21:16:58 INFO     Batch: [68/120] Epoch: [1] Loss: [1.9171843546024268]
2019-04-01 21:16:58 INFO     Batch: [69/120] Epoch: [1] Loss: [1.9164654680660793]
2019-04-01 21:16:58 INFO     Batch: [70/120] Epoch: [1] Loss: [1.9157114314361356]
2019-04-01 21:16:58 INFO     Batch: [71/120] Epoch: [1] Loss: [1.9153862810797162]
2019-04-01 21:16:58 INFO     Batch: [72/120] Epoch: [1] Loss: [1.913715179652384]
2019-04-01 21:16:58 INFO     Batch: [73/120] Epoch: [1] Loss: [1.912949670005489]
2019-04-01 21:16:59 INFO     Batch: [74/120] Epoch: [1] Loss: [1.9129607200622558]
2019-04-01 21:16:59 INFO     Batch: [75/120] Epoch: [1] Loss: [1.91234479766143]
2019-04-01 21:16:59 INFO     Batch: [76/120] Epoch: [1] Loss: [1.9111960104533605]
2019-04-01 21:16:59 INFO     Batch: [77/120] Epoch: [1] Loss: [1.9101080008042164]
2019-04-01 21:16:59 INFO     Batch: [78/120] Epoch: [1] Loss: [1.9085041028034837]
2019-04-01 21:16:59 INFO     Batch: [79/120] Epoch: [1] Loss: [1.9074696063995362]
2019-04-01 21:16:59 INFO     Batch: [80/120] Epoch: [1] Loss: [1.906107547842426]
2019-04-01 21:17:00 INFO     Batch: [81/120] Epoch: [1] Loss: [1.905766033544773]
2019-04-01 21:17:00 INFO     Batch: [82/120] Epoch: [1] Loss: [1.9042708715760563]
2019-04-01 21:17:00 INFO     Batch: [83/120] Epoch: [1] Loss: [1.9028278319608598]
2019-04-01 21:17:00 INFO     Batch: [84/120] Epoch: [1] Loss: [1.9014719906975242]
2019-04-01 21:17:00 INFO     Batch: [85/120] Epoch: [1] Loss: [1.9006140079609184]
2019-04-01 21:17:00 INFO     Batch: [86/120] Epoch: [1] Loss: [1.8983680379801784]
2019-04-01 21:17:00 INFO     Batch: [87/120] Epoch: [1] Loss: [1.896566320549358]
2019-04-01 21:17:01 INFO     Batch: [88/120] Epoch: [1] Loss: [1.8957374323619884]
2019-04-01 21:17:01 INFO     Batch: [89/120] Epoch: [1] Loss: [1.8945221053229437]
2019-04-01 21:17:01 INFO     Batch: [90/120] Epoch: [1] Loss: [1.8936464000534226]
2019-04-01 21:17:01 INFO     Batch: [91/120] Epoch: [1] Loss: [1.892157590907553]
2019-04-01 21:17:01 INFO     Batch: [92/120] Epoch: [1] Loss: [1.891255130050003]
2019-04-01 21:17:01 INFO     Batch: [93/120] Epoch: [1] Loss: [1.890235870442492]
2019-04-01 21:17:01 INFO     Batch: [94/120] Epoch: [1] Loss: [1.888844148736251]
2019-04-01 21:17:02 INFO     Batch: [95/120] Epoch: [1] Loss: [1.888174943625927]
2019-04-01 21:17:02 INFO     Batch: [96/120] Epoch: [1] Loss: [1.8873215262422856]
2019-04-01 21:17:02 INFO     Batch: [97/120] Epoch: [1] Loss: [1.886766949478461]
2019-04-01 21:17:02 INFO     Batch: [98/120] Epoch: [1] Loss: [1.886256466008196]
2019-04-01 21:17:02 INFO     Batch: [99/120] Epoch: [1] Loss: [1.8854009771347047]
2019-04-01 21:17:02 INFO     Batch: [100/120] Epoch: [1] Loss: [1.8841636959869084]
2019-04-01 21:17:02 INFO     Batch: [101/120] Epoch: [1] Loss: [1.8836595240761251]
2019-04-01 21:17:03 INFO     Batch: [102/120] Epoch: [1] Loss: [1.8836447937974652]
2019-04-01 21:17:03 INFO     Batch: [103/120] Epoch: [1] Loss: [1.8833503700219667]
2019-04-01 21:17:03 INFO     Batch: [104/120] Epoch: [1] Loss: [1.8830848932266235]
2019-04-01 21:17:03 INFO     Batch: [105/120] Epoch: [1] Loss: [1.882371721402654]
2019-04-01 21:17:03 INFO     Batch: [106/120] Epoch: [1] Loss: [1.882094540328623]
2019-04-01 21:17:03 INFO     Batch: [107/120] Epoch: [1] Loss: [1.8818429079320695]
2019-04-01 21:17:03 INFO     Batch: [108/120] Epoch: [1] Loss: [1.8815534038281223]
2019-04-01 21:17:04 INFO     Batch: [109/120] Epoch: [1] Loss: [1.8808885899457064]
2019-04-01 21:17:04 INFO     Batch: [110/120] Epoch: [1] Loss: [1.880388754982132]
2019-04-01 21:17:04 INFO     Batch: [111/120] Epoch: [1] Loss: [1.879135967365333]
2019-04-01 21:17:04 INFO     Batch: [112/120] Epoch: [1] Loss: [1.8781445068595684]
2019-04-01 21:17:04 INFO     Batch: [113/120] Epoch: [1] Loss: [1.8777621974024856]
2019-04-01 21:17:04 INFO     Batch: [114/120] Epoch: [1] Loss: [1.8770266087158867]
2019-04-01 21:17:04 INFO     Batch: [115/120] Epoch: [1] Loss: [1.876635186631104]
2019-04-01 21:17:05 INFO     Batch: [116/120] Epoch: [1] Loss: [1.8761804613292727]
2019-04-01 21:17:05 INFO     Batch: [117/120] Epoch: [1] Loss: [1.875950608213069]
2019-04-01 21:17:05 INFO     Batch: [118/120] Epoch: [1] Loss: [1.875463798266499]
2019-04-01 21:17:05 INFO     Batch: [119/120] Epoch: [1] Loss: [1.8748706102371215]
2019-04-01 21:17:06 INFO     Epoch: [1/200] Loss: [1.8748706102371215] Accuracy: [0.3643636363636364]
2019-04-01 21:17:07 INFO     Batch: [0/120] Epoch: [2] Loss: [1.7604234218597412]
2019-04-01 21:17:08 INFO     Accuracy: [0.3678181818181818]

2019-04-01 21:17:08 INFO     Batch: [1/120] Epoch: [2] Loss: [1.7858165502548218]
2019-04-01 21:17:08 INFO     Batch: [2/120] Epoch: [2] Loss: [1.7726258834203084]
2019-04-01 21:17:08 INFO     Batch: [3/120] Epoch: [2] Loss: [1.7605954110622406]
2019-04-01 21:17:08 INFO     Batch: [4/120] Epoch: [2] Loss: [1.769454550743103]
2019-04-01 21:17:09 INFO     Batch: [5/120] Epoch: [2] Loss: [1.7774488528569539]
2019-04-01 21:17:09 INFO     Batch: [6/120] Epoch: [2] Loss: [1.775692003113883]
2019-04-01 21:17:09 INFO     Batch: [7/120] Epoch: [2] Loss: [1.77056784927845]
2019-04-01 21:17:09 INFO     Batch: [8/120] Epoch: [2] Loss: [1.7715284294552274]
2019-04-01 21:17:09 INFO     Batch: [9/120] Epoch: [2] Loss: [1.7745586037635803]
2019-04-01 21:17:09 INFO     Batch: [10/120] Epoch: [2] Loss: [1.7722146077589556]
2019-04-01 21:17:09 INFO     Batch: [11/120] Epoch: [2] Loss: [1.770559807618459]
2019-04-01 21:17:09 INFO     Batch: [12/120] Epoch: [2] Loss: [1.7757154152943537]
2019-04-01 21:17:10 INFO     Batch: [13/120] Epoch: [2] Loss: [1.7727607573781694]
2019-04-01 21:17:10 INFO     Batch: [14/120] Epoch: [2] Loss: [1.7719540516535441]
2019-04-01 21:17:10 INFO     Batch: [15/120] Epoch: [2] Loss: [1.77119579911232]
2019-04-01 21:17:10 INFO     Batch: [16/120] Epoch: [2] Loss: [1.7736811076893526]
2019-04-01 21:17:10 INFO     Batch: [17/120] Epoch: [2] Loss: [1.7722131742371454]
2019-04-01 21:17:10 INFO     Batch: [18/120] Epoch: [2] Loss: [1.7722097133335315]
2019-04-01 21:17:10 INFO     Batch: [19/120] Epoch: [2] Loss: [1.7719644904136658]
2019-04-01 21:17:11 INFO     Batch: [20/120] Epoch: [2] Loss: [1.7722437211445399]
2019-04-01 21:17:11 INFO     Batch: [21/120] Epoch: [2] Loss: [1.7727076573805376]
2019-04-01 21:17:11 INFO     Batch: [22/120] Epoch: [2] Loss: [1.7729645760163018]
2019-04-01 21:17:11 INFO     Batch: [23/120] Epoch: [2] Loss: [1.7754823962847393]
2019-04-01 21:17:11 INFO     Batch: [24/120] Epoch: [2] Loss: [1.7749102020263672]
2019-04-01 21:17:11 INFO     Batch: [25/120] Epoch: [2] Loss: [1.7755760825597322]
2019-04-01 21:17:11 INFO     Batch: [26/120] Epoch: [2] Loss: [1.7762159418176722]
2019-04-01 21:17:12 INFO     Batch: [27/120] Epoch: [2] Loss: [1.7740266748837061]
2019-04-01 21:17:12 INFO     Batch: [28/120] Epoch: [2] Loss: [1.7743345416825393]
2019-04-01 21:17:12 INFO     Batch: [29/120] Epoch: [2] Loss: [1.773269255956014]
2019-04-01 21:17:12 INFO     Batch: [30/120] Epoch: [2] Loss: [1.7714539997039302]
2019-04-01 21:17:12 INFO     Batch: [31/120] Epoch: [2] Loss: [1.7715606428682804]
2019-04-01 21:17:12 INFO     Batch: [32/120] Epoch: [2] Loss: [1.7710918513211338]
2019-04-01 21:17:12 INFO     Batch: [33/120] Epoch: [2] Loss: [1.769383430480957]
2019-04-01 21:17:12 INFO     Batch: [34/120] Epoch: [2] Loss: [1.7694372177124023]
2019-04-01 21:17:13 INFO     Batch: [35/120] Epoch: [2] Loss: [1.7682381802135043]
2019-04-01 21:17:13 INFO     Batch: [36/120] Epoch: [2] Loss: [1.7698707000629321]
2019-04-01 21:17:13 INFO     Batch: [37/120] Epoch: [2] Loss: [1.7685723649828058]
2019-04-01 21:17:13 INFO     Batch: [38/120] Epoch: [2] Loss: [1.7656057950777886]
2019-04-01 21:17:13 INFO     Batch: [39/120] Epoch: [2] Loss: [1.7670912086963653]
2019-04-01 21:17:13 INFO     Batch: [40/120] Epoch: [2] Loss: [1.767413055024496]
2019-04-01 21:17:13 INFO     Batch: [41/120] Epoch: [2] Loss: [1.7673307515326]
2019-04-01 21:17:14 INFO     Batch: [42/120] Epoch: [2] Loss: [1.7665806953297105]
2019-04-01 21:17:14 INFO     Batch: [43/120] Epoch: [2] Loss: [1.764605159109289]
2019-04-01 21:17:14 INFO     Batch: [44/120] Epoch: [2] Loss: [1.763809151119656]
2019-04-01 21:17:14 INFO     Batch: [45/120] Epoch: [2] Loss: [1.7623006260913352]
2019-04-01 21:17:14 INFO     Batch: [46/120] Epoch: [2] Loss: [1.7612638828602243]
2019-04-01 21:17:14 INFO     Batch: [47/120] Epoch: [2] Loss: [1.760834813117981]
2019-04-01 21:17:14 INFO     Batch: [48/120] Epoch: [2] Loss: [1.7593820362674946]
2019-04-01 21:17:15 INFO     Batch: [49/120] Epoch: [2] Loss: [1.7597674489021302]
2019-04-01 21:17:15 INFO     Batch: [50/120] Epoch: [2] Loss: [1.7591387267206229]
2019-04-01 21:17:15 INFO     Batch: [51/120] Epoch: [2] Loss: [1.7576152980327606]
2019-04-01 21:17:15 INFO     Batch: [52/120] Epoch: [2] Loss: [1.7568444508426595]
2019-04-01 21:17:15 INFO     Batch: [53/120] Epoch: [2] Loss: [1.7558974027633667]
2019-04-01 21:17:15 INFO     Batch: [54/120] Epoch: [2] Loss: [1.753588039224798]
2019-04-01 21:17:15 INFO     Batch: [55/120] Epoch: [2] Loss: [1.7526184235300337]
2019-04-01 21:17:16 INFO     Batch: [56/120] Epoch: [2] Loss: [1.7507235355544508]
2019-04-01 21:17:16 INFO     Batch: [57/120] Epoch: [2] Loss: [1.7496904011430412]
2019-04-01 21:17:16 INFO     Batch: [58/120] Epoch: [2] Loss: [1.750461188413329]
2019-04-01 21:17:16 INFO     Batch: [59/120] Epoch: [2] Loss: [1.7505476673444111]
2019-04-01 21:17:16 INFO     Batch: [60/120] Epoch: [2] Loss: [1.749548026772796]
2019-04-01 21:17:16 INFO     Batch: [61/120] Epoch: [2] Loss: [1.7475710338161838]
2019-04-01 21:17:16 INFO     Batch: [62/120] Epoch: [2] Loss: [1.7454341820308141]
2019-04-01 21:17:16 INFO     Batch: [63/120] Epoch: [2] Loss: [1.7441734466701746]
2019-04-01 21:17:17 INFO     Batch: [64/120] Epoch: [2] Loss: [1.7437660895861111]
2019-04-01 21:17:17 INFO     Batch: [65/120] Epoch: [2] Loss: [1.741856529857173]
2019-04-01 21:17:17 INFO     Batch: [66/120] Epoch: [2] Loss: [1.7402389280831636]
2019-04-01 21:17:17 INFO     Batch: [67/120] Epoch: [2] Loss: [1.739641620832331]
2019-04-01 21:17:17 INFO     Batch: [68/120] Epoch: [2] Loss: [1.7374134443808293]
2019-04-01 21:17:17 INFO     Batch: [69/120] Epoch: [2] Loss: [1.736655923298427]
2019-04-01 21:17:17 INFO     Batch: [70/120] Epoch: [2] Loss: [1.7353621016085987]
2019-04-01 21:17:18 INFO     Batch: [71/120] Epoch: [2] Loss: [1.7345018933216731]
2019-04-01 21:17:18 INFO     Batch: [72/120] Epoch: [2] Loss: [1.7335783684090391]
2019-04-01 21:17:18 INFO     Batch: [73/120] Epoch: [2] Loss: [1.7332534258430068]
2019-04-01 21:17:18 INFO     Batch: [74/120] Epoch: [2] Loss: [1.7321281131108601]
2019-04-01 21:17:18 INFO     Batch: [75/120] Epoch: [2] Loss: [1.7320457775341838]
2019-04-01 21:17:18 INFO     Batch: [76/120] Epoch: [2] Loss: [1.731787176875325]
2019-04-01 21:17:18 INFO     Batch: [77/120] Epoch: [2] Loss: [1.73133219511081]
2019-04-01 21:17:19 INFO     Batch: [78/120] Epoch: [2] Loss: [1.7311673873587499]
2019-04-01 21:17:19 INFO     Batch: [79/120] Epoch: [2] Loss: [1.7310332223773002]
2019-04-01 21:17:19 INFO     Batch: [80/120] Epoch: [2] Loss: [1.7308384518564484]
2019-04-01 21:17:19 INFO     Batch: [81/120] Epoch: [2] Loss: [1.7307358820263932]
2019-04-01 21:17:19 INFO     Batch: [82/120] Epoch: [2] Loss: [1.7302465352667384]
2019-04-01 21:17:19 INFO     Batch: [83/120] Epoch: [2] Loss: [1.7297213219460987]
2019-04-01 21:17:19 INFO     Batch: [84/120] Epoch: [2] Loss: [1.7287193985546336]
2019-04-01 21:17:20 INFO     Batch: [85/120] Epoch: [2] Loss: [1.728709060092305]
2019-04-01 21:17:20 INFO     Batch: [86/120] Epoch: [2] Loss: [1.7283620848052803]
2019-04-01 21:17:20 INFO     Batch: [87/120] Epoch: [2] Loss: [1.7280068763277747]
2019-04-01 21:17:20 INFO     Batch: [88/120] Epoch: [2] Loss: [1.7275703328379084]
2019-04-01 21:17:20 INFO     Batch: [89/120] Epoch: [2] Loss: [1.7268282188309563]
2019-04-01 21:17:20 INFO     Batch: [90/120] Epoch: [2] Loss: [1.7271825664646023]
2019-04-01 21:17:20 INFO     Batch: [91/120] Epoch: [2] Loss: [1.7269601718239163]
2019-04-01 21:17:21 INFO     Batch: [92/120] Epoch: [2] Loss: [1.7268002199870285]
2019-04-01 21:17:21 INFO     Batch: [93/120] Epoch: [2] Loss: [1.7266129191885604]
2019-04-01 21:17:21 INFO     Batch: [94/120] Epoch: [2] Loss: [1.7261529207229613]
2019-04-01 21:17:21 INFO     Batch: [95/120] Epoch: [2] Loss: [1.7255425068239372]
2019-04-01 21:17:21 INFO     Batch: [96/120] Epoch: [2] Loss: [1.7255749727032847]
2019-04-01 21:17:21 INFO     Batch: [97/120] Epoch: [2] Loss: [1.7252656720122512]
2019-04-01 21:17:21 INFO     Batch: [98/120] Epoch: [2] Loss: [1.725125627084212]
2019-04-01 21:17:22 INFO     Batch: [99/120] Epoch: [2] Loss: [1.7246490764617919]
2019-04-01 21:17:22 INFO     Batch: [100/120] Epoch: [2] Loss: [1.7252540151671607]
2019-04-01 21:17:22 INFO     Batch: [101/120] Epoch: [2] Loss: [1.725414140551698]
2019-04-01 21:17:22 INFO     Batch: [102/120] Epoch: [2] Loss: [1.7253262892510126]
2019-04-01 21:17:22 INFO     Batch: [103/120] Epoch: [2] Loss: [1.725118488073349]
2019-04-01 21:17:22 INFO     Batch: [104/120] Epoch: [2] Loss: [1.7249344859804425]
2019-04-01 21:17:22 INFO     Batch: [105/120] Epoch: [2] Loss: [1.7243508809017685]
2019-04-01 21:17:23 INFO     Batch: [106/120] Epoch: [2] Loss: [1.7240434205420663]
2019-04-01 21:17:23 INFO     Batch: [107/120] Epoch: [2] Loss: [1.7239438262250688]
2019-04-01 21:17:23 INFO     Batch: [108/120] Epoch: [2] Loss: [1.7245011778052795]
2019-04-01 21:17:23 INFO     Batch: [109/120] Epoch: [2] Loss: [1.724351668357849]
2019-04-01 21:17:23 INFO     Batch: [110/120] Epoch: [2] Loss: [1.7239897433701936]
2019-04-01 21:17:23 INFO     Batch: [111/120] Epoch: [2] Loss: [1.7236239569527763]
2019-04-01 21:17:23 INFO     Batch: [112/120] Epoch: [2] Loss: [1.7234711087910475]
2019-04-01 21:17:24 INFO     Batch: [113/120] Epoch: [2] Loss: [1.7236509657742685]
2019-04-01 21:17:24 INFO     Batch: [114/120] Epoch: [2] Loss: [1.7231800566548887]
2019-04-01 21:17:24 INFO     Batch: [115/120] Epoch: [2] Loss: [1.7238598548132797]
2019-04-01 21:17:24 INFO     Batch: [116/120] Epoch: [2] Loss: [1.7238586723295033]
2019-04-01 21:17:24 INFO     Batch: [117/120] Epoch: [2] Loss: [1.7238787190388825]
2019-04-01 21:17:24 INFO     Batch: [118/120] Epoch: [2] Loss: [1.724111408746543]
2019-04-01 21:17:24 INFO     Batch: [119/120] Epoch: [2] Loss: [1.7248204489549002]
2019-04-01 21:17:26 INFO     Epoch: [2/200] Loss: [1.7248204489549002] Accuracy: [0.3774545454545455]
2019-04-01 21:17:26 INFO     Batch: [0/120] Epoch: [3] Loss: [1.8036277294158936]
2019-04-01 21:17:27 INFO     Accuracy: [0.3674545454545454]

2019-04-01 21:17:27 INFO     Batch: [1/120] Epoch: [3] Loss: [1.7896413207054138]
2019-04-01 21:17:27 INFO     Batch: [2/120] Epoch: [3] Loss: [1.7801640033721924]
2019-04-01 21:17:28 INFO     Batch: [3/120] Epoch: [3] Loss: [1.755445420742035]
2019-04-01 21:17:28 INFO     Batch: [4/120] Epoch: [3] Loss: [1.7638702154159547]
2019-04-01 21:17:28 INFO     Batch: [5/120] Epoch: [3] Loss: [1.7595820625623066]
2019-04-01 21:17:28 INFO     Batch: [6/120] Epoch: [3] Loss: [1.773830669266837]
2019-04-01 21:17:28 INFO     Batch: [7/120] Epoch: [3] Loss: [1.7740116119384766]
2019-04-01 21:17:28 INFO     Batch: [8/120] Epoch: [3] Loss: [1.7764225271013048]
2019-04-01 21:17:28 INFO     Batch: [9/120] Epoch: [3] Loss: [1.7838487505912781]
2019-04-01 21:17:29 INFO     Batch: [10/120] Epoch: [3] Loss: [1.7873288284648547]
2019-04-01 21:17:29 INFO     Batch: [11/120] Epoch: [3] Loss: [1.7926675081253052]
2019-04-01 21:17:29 INFO     Batch: [12/120] Epoch: [3] Loss: [1.7983431265904353]
2019-04-01 21:17:29 INFO     Batch: [13/120] Epoch: [3] Loss: [1.8030155726841517]
2019-04-01 21:17:29 INFO     Batch: [14/120] Epoch: [3] Loss: [1.8026489893595377]
2019-04-01 21:17:29 INFO     Batch: [15/120] Epoch: [3] Loss: [1.8044805526733398]
2019-04-01 21:17:29 INFO     Batch: [16/120] Epoch: [3] Loss: [1.8059673800187952]
2019-04-01 21:17:30 INFO     Batch: [17/120] Epoch: [3] Loss: [1.8123701744609408]
