2019-04-07 00:02:35 INFO     Loading Data
2019-04-07 00:02:36 INFO     Model Setting Up
2019-04-07 00:02:44 INFO     train_dir : [../mnist/train]
2019-04-07 00:02:44 INFO     test_dir : [../mnist/test]
2019-04-07 00:02:44 INFO     save_dir : [./save]
2019-04-07 00:02:44 INFO     num_epochs : [250]
2019-04-07 00:02:44 INFO     batch_size : [500]
2019-04-07 00:02:44 INFO     num_points : [512]
2019-04-07 00:02:44 INFO     sigma : [0.05]
2019-04-07 00:02:44 INFO     log_interval : [1000]
2019-04-07 00:02:44 INFO     save_interval : [50]
2019-04-07 00:02:44 INFO     baselr : [5e-05]
2019-04-07 00:02:44 INFO     density_radius : [0.2]
2019-04-07 00:02:44 INFO     feature_out1 : [8]
2019-04-07 00:02:44 INFO     feature_out2 : [16]
2019-04-07 00:02:44 INFO     feature_out3 : [32]
2019-04-07 00:02:44 INFO     feature_out4 : [64]
2019-04-07 00:02:44 INFO     feature_out5 : [128]
2019-04-07 00:02:44 INFO     num_classes : [10]
2019-04-07 00:02:44 INFO     bandwidth_0 : [10]
2019-04-07 00:02:44 INFO     bandwidth_out1 : [10]
2019-04-07 00:02:44 INFO     bandwidth_out2 : [8]
2019-04-07 00:02:44 INFO     bandwidth_out3 : [6]
2019-04-07 00:02:44 INFO     bandwidth_out4 : [4]
2019-04-07 00:02:44 INFO     bandwidth_out5 : [2]
2019-04-07 00:02:44 INFO     resume_training : [0]
2019-04-07 00:02:44 INFO     Start Training
2019-04-07 00:02:44 INFO     Saved model checkpoints into ./save/2019-04-07_00-02-44-model.ckpt...
2019-04-07 00:02:49 INFO     Batch: [0/120] Epoch: [0] Loss: [2.296643018722534]
2019-04-07 00:02:50 INFO     Batch: [1/120] Epoch: [0] Loss: [2.296559453010559]
2019-04-07 00:02:50 INFO     Batch: [2/120] Epoch: [0] Loss: [2.2977275053660073]
2019-04-07 00:02:51 INFO     Batch: [3/120] Epoch: [0] Loss: [2.2964223623275757]
2019-04-07 00:02:51 INFO     Batch: [4/120] Epoch: [0] Loss: [2.2966745853424073]
2019-04-07 00:02:51 INFO     Batch: [5/120] Epoch: [0] Loss: [2.2970711390177407]
2019-04-07 00:02:51 INFO     Batch: [6/120] Epoch: [0] Loss: [2.2958498682294572]
2019-04-07 00:02:51 INFO     Batch: [7/120] Epoch: [0] Loss: [2.295097142457962]
2019-04-07 00:02:52 INFO     Batch: [8/120] Epoch: [0] Loss: [2.2949216630723743]
2019-04-07 00:02:52 INFO     Batch: [9/120] Epoch: [0] Loss: [2.294861674308777]
2019-04-07 00:02:52 INFO     Batch: [10/120] Epoch: [0] Loss: [2.294215527447787]
2019-04-07 00:02:52 INFO     Batch: [11/120] Epoch: [0] Loss: [2.2938627004623413]
2019-04-07 00:02:52 INFO     Batch: [12/120] Epoch: [0] Loss: [2.293652002628033]
2019-04-07 00:02:53 INFO     Batch: [13/120] Epoch: [0] Loss: [2.2932430676051547]
2019-04-07 00:02:53 INFO     Batch: [14/120] Epoch: [0] Loss: [2.2923094749450685]
2019-04-07 00:02:53 INFO     Batch: [15/120] Epoch: [0] Loss: [2.2918238788843155]
2019-04-07 00:02:53 INFO     Batch: [16/120] Epoch: [0] Loss: [2.291373477262609]
2019-04-07 00:02:53 INFO     Batch: [17/120] Epoch: [0] Loss: [2.291089402304755]
2019-04-07 00:02:54 INFO     Batch: [18/120] Epoch: [0] Loss: [2.2907394108019377]
2019-04-07 00:02:54 INFO     Batch: [19/120] Epoch: [0] Loss: [2.2901644587516783]
2019-04-07 00:02:54 INFO     Batch: [20/120] Epoch: [0] Loss: [2.2897222609747026]
2019-04-07 00:02:54 INFO     Batch: [21/120] Epoch: [0] Loss: [2.289571599526839]
2019-04-07 00:02:54 INFO     Batch: [22/120] Epoch: [0] Loss: [2.2892197837000308]
2019-04-07 00:02:55 INFO     Batch: [23/120] Epoch: [0] Loss: [2.2887142101923623]
2019-04-07 00:02:55 INFO     Batch: [24/120] Epoch: [0] Loss: [2.2883242416381835]
2019-04-07 00:02:55 INFO     Batch: [25/120] Epoch: [0] Loss: [2.2879253992667565]
2019-04-07 00:02:55 INFO     Batch: [26/120] Epoch: [0] Loss: [2.2877266671922474]
2019-04-07 00:02:55 INFO     Batch: [27/120] Epoch: [0] Loss: [2.287406708512987]
2019-04-07 00:02:56 INFO     Batch: [28/120] Epoch: [0] Loss: [2.2869587191219987]
2019-04-07 00:02:56 INFO     Batch: [29/120] Epoch: [0] Loss: [2.2865779399871826]
2019-04-07 00:02:56 INFO     Batch: [30/120] Epoch: [0] Loss: [2.2862142901266775]
2019-04-07 00:02:56 INFO     Batch: [31/120] Epoch: [0] Loss: [2.285843536257744]
2019-04-07 00:02:56 INFO     Batch: [32/120] Epoch: [0] Loss: [2.2854296149629536]
2019-04-07 00:02:56 INFO     Batch: [33/120] Epoch: [0] Loss: [2.2851708075579475]
2019-04-07 00:02:57 INFO     Batch: [34/120] Epoch: [0] Loss: [2.284811380931309]
2019-04-07 00:02:57 INFO     Batch: [35/120] Epoch: [0] Loss: [2.2844557960828147]
2019-04-07 00:02:57 INFO     Batch: [36/120] Epoch: [0] Loss: [2.2839919038721033]
2019-04-07 00:02:57 INFO     Batch: [37/120] Epoch: [0] Loss: [2.283651584073117]
2019-04-07 00:02:57 INFO     Batch: [38/120] Epoch: [0] Loss: [2.283335526784261]
2019-04-07 00:02:58 INFO     Batch: [39/120] Epoch: [0] Loss: [2.282943695783615]
2019-04-07 00:02:58 INFO     Batch: [40/120] Epoch: [0] Loss: [2.2826076716911503]
2019-04-07 00:02:58 INFO     Batch: [41/120] Epoch: [0] Loss: [2.2822759719122026]
2019-04-07 00:02:58 INFO     Batch: [42/120] Epoch: [0] Loss: [2.2819302082061768]
2019-04-07 00:02:58 INFO     Batch: [43/120] Epoch: [0] Loss: [2.281557863408869]
2019-04-07 00:02:59 INFO     Batch: [44/120] Epoch: [0] Loss: [2.28113145298428]
2019-04-07 00:02:59 INFO     Batch: [45/120] Epoch: [0] Loss: [2.2808902263641357]
2019-04-07 00:02:59 INFO     Batch: [46/120] Epoch: [0] Loss: [2.280510055257919]
2019-04-07 00:02:59 INFO     Batch: [47/120] Epoch: [0] Loss: [2.2802586456139884]
2019-04-07 00:02:59 INFO     Batch: [48/120] Epoch: [0] Loss: [2.2800460591608163]
2019-04-07 00:03:00 INFO     Batch: [49/120] Epoch: [0] Loss: [2.279736638069153]
2019-04-07 00:03:00 INFO     Batch: [50/120] Epoch: [0] Loss: [2.279343137554094]
2019-04-07 00:03:00 INFO     Batch: [51/120] Epoch: [0] Loss: [2.2790118639285746]
2019-04-07 00:03:00 INFO     Batch: [52/120] Epoch: [0] Loss: [2.2785424826280125]
2019-04-07 00:03:00 INFO     Batch: [53/120] Epoch: [0] Loss: [2.278113016375789]
2019-04-07 00:03:01 INFO     Batch: [54/120] Epoch: [0] Loss: [2.277660794691606]
2019-04-07 00:03:01 INFO     Batch: [55/120] Epoch: [0] Loss: [2.277408148561205]
2019-04-07 00:03:01 INFO     Batch: [56/120] Epoch: [0] Loss: [2.277027176137556]
2019-04-07 00:03:01 INFO     Batch: [57/120] Epoch: [0] Loss: [2.2765916462602287]
2019-04-07 00:03:01 INFO     Batch: [58/120] Epoch: [0] Loss: [2.276250059321775]
2019-04-07 00:03:02 INFO     Batch: [59/120] Epoch: [0] Loss: [2.275891609986623]
2019-04-07 00:03:02 INFO     Batch: [60/120] Epoch: [0] Loss: [2.275456510606359]
2019-04-07 00:03:02 INFO     Batch: [61/120] Epoch: [0] Loss: [2.2750934631593767]
2019-04-07 00:03:02 INFO     Batch: [62/120] Epoch: [0] Loss: [2.2747093041737876]
2019-04-07 00:03:02 INFO     Batch: [63/120] Epoch: [0] Loss: [2.2744170278310776]
2019-04-07 00:03:03 INFO     Batch: [64/120] Epoch: [0] Loss: [2.274005079269409]
2019-04-07 00:03:03 INFO     Batch: [65/120] Epoch: [0] Loss: [2.273634845560247]
2019-04-07 00:03:03 INFO     Batch: [66/120] Epoch: [0] Loss: [2.2732478789429167]
2019-04-07 00:03:03 INFO     Batch: [67/120] Epoch: [0] Loss: [2.272928437765907]
2019-04-07 00:03:03 INFO     Batch: [68/120] Epoch: [0] Loss: [2.272575751594875]
2019-04-07 00:03:04 INFO     Batch: [69/120] Epoch: [0] Loss: [2.2721665348325457]
2019-04-07 00:03:04 INFO     Batch: [70/120] Epoch: [0] Loss: [2.271707739628537]
2019-04-07 00:03:04 INFO     Batch: [71/120] Epoch: [0] Loss: [2.27134370803833]
2019-04-07 00:03:04 INFO     Batch: [72/120] Epoch: [0] Loss: [2.2709114616864348]
2019-04-07 00:03:04 INFO     Batch: [73/120] Epoch: [0] Loss: [2.2704932657448023]
2019-04-07 00:03:05 INFO     Batch: [74/120] Epoch: [0] Loss: [2.2701151180267334]
2019-04-07 00:03:05 INFO     Batch: [75/120] Epoch: [0] Loss: [2.2696968850336576]
2019-04-07 00:03:05 INFO     Batch: [76/120] Epoch: [0] Loss: [2.2692453551602054]
2019-04-07 00:03:05 INFO     Batch: [77/120] Epoch: [0] Loss: [2.2686917873529286]
2019-04-07 00:03:05 INFO     Batch: [78/120] Epoch: [0] Loss: [2.268135451063325]
2019-04-07 00:03:06 INFO     Batch: [79/120] Epoch: [0] Loss: [2.267614495754242]
2019-04-07 00:03:06 INFO     Batch: [80/120] Epoch: [0] Loss: [2.2672513767525]
2019-04-07 00:03:06 INFO     Batch: [81/120] Epoch: [0] Loss: [2.2667801002176797]
2019-04-07 00:03:06 INFO     Batch: [82/120] Epoch: [0] Loss: [2.266399021608284]
2019-04-07 00:03:06 INFO     Batch: [83/120] Epoch: [0] Loss: [2.265984977994646]
2019-04-07 00:03:07 INFO     Batch: [84/120] Epoch: [0] Loss: [2.2655172432170194]
2019-04-07 00:03:07 INFO     Batch: [85/120] Epoch: [0] Loss: [2.2650753010151]
2019-04-07 00:03:07 INFO     Batch: [86/120] Epoch: [0] Loss: [2.264692084542636]
2019-04-07 00:03:07 INFO     Batch: [87/120] Epoch: [0] Loss: [2.2641804814338684]
2019-04-07 00:03:07 INFO     Batch: [88/120] Epoch: [0] Loss: [2.2636561956298484]
2019-04-07 00:03:07 INFO     Batch: [89/120] Epoch: [0] Loss: [2.2631904708014594]
2019-04-07 00:03:08 INFO     Batch: [90/120] Epoch: [0] Loss: [2.2627477724473555]
2019-04-07 00:03:08 INFO     Batch: [91/120] Epoch: [0] Loss: [2.262297054995661]
2019-04-07 00:03:08 INFO     Batch: [92/120] Epoch: [0] Loss: [2.261910405210269]
2019-04-07 00:03:08 INFO     Batch: [93/120] Epoch: [0] Loss: [2.261431762512694]
2019-04-07 00:03:08 INFO     Batch: [94/120] Epoch: [0] Loss: [2.261100334870188]
2019-04-07 00:03:09 INFO     Batch: [95/120] Epoch: [0] Loss: [2.260645324985186]
2019-04-07 00:03:09 INFO     Batch: [96/120] Epoch: [0] Loss: [2.260184698498126]
2019-04-07 00:03:09 INFO     Batch: [97/120] Epoch: [0] Loss: [2.2597359321555315]
2019-04-07 00:03:09 INFO     Batch: [98/120] Epoch: [0] Loss: [2.259348223907779]
2019-04-07 00:03:09 INFO     Batch: [99/120] Epoch: [0] Loss: [2.2588854694366454]
2019-04-07 00:03:10 INFO     Batch: [100/120] Epoch: [0] Loss: [2.2583887931143884]
2019-04-07 00:03:10 INFO     Batch: [101/120] Epoch: [0] Loss: [2.2579099524254893]
2019-04-07 00:03:10 INFO     Batch: [102/120] Epoch: [0] Loss: [2.2574640894399107]
2019-04-07 00:03:10 INFO     Batch: [103/120] Epoch: [0] Loss: [2.256925963438474]
2019-04-07 00:03:10 INFO     Batch: [104/120] Epoch: [0] Loss: [2.256475743793306]
2019-04-07 00:03:11 INFO     Batch: [105/120] Epoch: [0] Loss: [2.2561002182510665]
2019-04-07 00:03:11 INFO     Batch: [106/120] Epoch: [0] Loss: [2.255665017065601]
2019-04-07 00:03:11 INFO     Batch: [107/120] Epoch: [0] Loss: [2.2551487662174083]
2019-04-07 00:03:11 INFO     Batch: [108/120] Epoch: [0] Loss: [2.2546667505841738]
2019-04-07 00:03:11 INFO     Batch: [109/120] Epoch: [0] Loss: [2.254256920381026]
2019-04-07 00:03:12 INFO     Batch: [110/120] Epoch: [0] Loss: [2.253822373914289]
2019-04-07 00:03:12 INFO     Batch: [111/120] Epoch: [0] Loss: [2.2534208446741104]
2019-04-07 00:03:12 INFO     Batch: [112/120] Epoch: [0] Loss: [2.252950908863439]
2019-04-07 00:03:12 INFO     Batch: [113/120] Epoch: [0] Loss: [2.2524424205746567]
2019-04-07 00:03:12 INFO     Batch: [114/120] Epoch: [0] Loss: [2.2518758939660115]
2019-04-07 00:03:13 INFO     Batch: [115/120] Epoch: [0] Loss: [2.2514112776723403]
2019-04-07 00:03:13 INFO     Batch: [116/120] Epoch: [0] Loss: [2.2509461712633443]
2019-04-07 00:03:13 INFO     Batch: [117/120] Epoch: [0] Loss: [2.250400153257079]
2019-04-07 00:03:13 INFO     Batch: [118/120] Epoch: [0] Loss: [2.2498912130083357]
2019-04-07 00:03:13 INFO     Batch: [119/120] Epoch: [0] Loss: [2.2495600163936613]
2019-04-07 00:03:15 INFO     **************** Epoch: [0/250] Accuracy: [0.2283636363636364] ****************

2019-04-07 00:03:15 INFO     Batch: [0/120] Epoch: [1] Loss: [2.173126459121704]
2019-04-07 00:03:16 INFO     Batch: [1/120] Epoch: [1] Loss: [2.185627818107605]
2019-04-07 00:03:16 INFO     Batch: [2/120] Epoch: [1] Loss: [2.185725371042887]
2019-04-07 00:03:16 INFO     Batch: [3/120] Epoch: [1] Loss: [2.1858615279197693]
2019-04-07 00:03:16 INFO     Batch: [4/120] Epoch: [1] Loss: [2.187110948562622]
2019-04-07 00:03:16 INFO     Batch: [5/120] Epoch: [1] Loss: [2.186103185017904]
2019-04-07 00:03:17 INFO     Batch: [6/120] Epoch: [1] Loss: [2.185298272541591]
2019-04-07 00:03:17 INFO     Batch: [7/120] Epoch: [1] Loss: [2.1844029128551483]
2019-04-07 00:03:17 INFO     Batch: [8/120] Epoch: [1] Loss: [2.1839031643337674]
2019-04-07 00:03:17 INFO     Batch: [9/120] Epoch: [1] Loss: [2.1837101697921755]
2019-04-07 00:03:17 INFO     Batch: [10/120] Epoch: [1] Loss: [2.183217937296087]
2019-04-07 00:03:18 INFO     Batch: [11/120] Epoch: [1] Loss: [2.181190272172292]
2019-04-07 00:03:18 INFO     Batch: [12/120] Epoch: [1] Loss: [2.180459297620333]
2019-04-07 00:03:18 INFO     Batch: [13/120] Epoch: [1] Loss: [2.179793511118208]
2019-04-07 00:03:18 INFO     Batch: [14/120] Epoch: [1] Loss: [2.179124196370443]
2019-04-07 00:03:18 INFO     Batch: [15/120] Epoch: [1] Loss: [2.178776130080223]
2019-04-07 00:03:19 INFO     Batch: [16/120] Epoch: [1] Loss: [2.178551056805779]
2019-04-07 00:03:19 INFO     Batch: [17/120] Epoch: [1] Loss: [2.1778799295425415]
2019-04-07 00:03:19 INFO     Batch: [18/120] Epoch: [1] Loss: [2.175902567411724]
2019-04-07 00:03:19 INFO     Batch: [19/120] Epoch: [1] Loss: [2.1752315044403074]
2019-04-07 00:03:19 INFO     Batch: [20/120] Epoch: [1] Loss: [2.174267133076986]
2019-04-07 00:03:19 INFO     Batch: [21/120] Epoch: [1] Loss: [2.173643318089572]
2019-04-07 00:03:20 INFO     Batch: [22/120] Epoch: [1] Loss: [2.173079065654589]
2019-04-07 00:03:20 INFO     Batch: [23/120] Epoch: [1] Loss: [2.172876626253128]
2019-04-07 00:03:20 INFO     Batch: [24/120] Epoch: [1] Loss: [2.1727209091186523]
2019-04-07 00:03:20 INFO     Batch: [25/120] Epoch: [1] Loss: [2.172192023350642]
2019-04-07 00:03:20 INFO     Batch: [26/120] Epoch: [1] Loss: [2.1723896309181496]
2019-04-07 00:03:21 INFO     Batch: [27/120] Epoch: [1] Loss: [2.1719683749335155]
2019-04-07 00:03:21 INFO     Batch: [28/120] Epoch: [1] Loss: [2.1711563981812576]
2019-04-07 00:03:21 INFO     Batch: [29/120] Epoch: [1] Loss: [2.170653788248698]
2019-04-07 00:03:21 INFO     Batch: [30/120] Epoch: [1] Loss: [2.170257922141783]
2019-04-07 00:03:21 INFO     Batch: [31/120] Epoch: [1] Loss: [2.17011795938015]
2019-04-07 00:03:22 INFO     Batch: [32/120] Epoch: [1] Loss: [2.1700245900587602]
2019-04-07 00:03:22 INFO     Batch: [33/120] Epoch: [1] Loss: [2.1692015283248005]
2019-04-07 00:03:22 INFO     Batch: [34/120] Epoch: [1] Loss: [2.16885027885437]
2019-04-07 00:03:22 INFO     Batch: [35/120] Epoch: [1] Loss: [2.168091575304667]
2019-04-07 00:03:22 INFO     Batch: [36/120] Epoch: [1] Loss: [2.1677129204208785]
2019-04-07 00:03:23 INFO     Batch: [37/120] Epoch: [1] Loss: [2.1664487813648425]
2019-04-07 00:03:23 INFO     Batch: [38/120] Epoch: [1] Loss: [2.1657526737604385]
2019-04-07 00:03:23 INFO     Batch: [39/120] Epoch: [1] Loss: [2.1649493515491485]
2019-04-07 00:03:23 INFO     Batch: [40/120] Epoch: [1] Loss: [2.164461310316877]
2019-04-07 00:03:23 INFO     Batch: [41/120] Epoch: [1] Loss: [2.1643115849722]
2019-04-07 00:03:24 INFO     Batch: [42/120] Epoch: [1] Loss: [2.1635169095771256]
2019-04-07 00:03:24 INFO     Batch: [43/120] Epoch: [1] Loss: [2.1629859805107117]
2019-04-07 00:03:24 INFO     Batch: [44/120] Epoch: [1] Loss: [2.1624725341796873]
2019-04-07 00:03:24 INFO     Batch: [45/120] Epoch: [1] Loss: [2.1613265846086587]
2019-04-07 00:03:24 INFO     Batch: [46/120] Epoch: [1] Loss: [2.1605478144706565]
2019-04-07 00:03:25 INFO     Batch: [47/120] Epoch: [1] Loss: [2.16004970173041]
2019-04-07 00:03:25 INFO     Batch: [48/120] Epoch: [1] Loss: [2.1592262910336864]
2019-04-07 00:03:25 INFO     Batch: [49/120] Epoch: [1] Loss: [2.1580271339416504]
2019-04-07 00:03:25 INFO     Batch: [50/120] Epoch: [1] Loss: [2.1570298017240037]
2019-04-07 00:03:25 INFO     Batch: [51/120] Epoch: [1] Loss: [2.1563539046507616]
2019-04-07 00:03:26 INFO     Batch: [52/120] Epoch: [1] Loss: [2.1550699629873598]
2019-04-07 00:03:26 INFO     Batch: [53/120] Epoch: [1] Loss: [2.1543730011692754]
2019-04-07 00:03:26 INFO     Batch: [54/120] Epoch: [1] Loss: [2.1532077529213645]
2019-04-07 00:03:26 INFO     Batch: [55/120] Epoch: [1] Loss: [2.1524104475975037]
2019-04-07 00:03:26 INFO     Batch: [56/120] Epoch: [1] Loss: [2.1516020465315435]
2019-04-07 00:03:27 INFO     Batch: [57/120] Epoch: [1] Loss: [2.150598476672995]
2019-04-07 00:03:27 INFO     Batch: [58/120] Epoch: [1] Loss: [2.149450132402323]
2019-04-07 00:03:27 INFO     Batch: [59/120] Epoch: [1] Loss: [2.148371616999308]
2019-04-07 00:03:27 INFO     Batch: [60/120] Epoch: [1] Loss: [2.1477063366624174]
2019-04-07 00:03:27 INFO     Batch: [61/120] Epoch: [1] Loss: [2.1466859579086304]
2019-04-07 00:03:28 INFO     Batch: [62/120] Epoch: [1] Loss: [2.1459331323230075]
2019-04-07 00:03:28 INFO     Batch: [63/120] Epoch: [1] Loss: [2.1449135094881058]
2019-04-07 00:03:28 INFO     Batch: [64/120] Epoch: [1] Loss: [2.144227013221154]
2019-04-07 00:03:28 INFO     Batch: [65/120] Epoch: [1] Loss: [2.143442912535234]
2019-04-07 00:03:28 INFO     Batch: [66/120] Epoch: [1] Loss: [2.1427056433549567]
2019-04-07 00:03:29 INFO     Batch: [67/120] Epoch: [1] Loss: [2.1421778692918667]
2019-04-07 00:03:29 INFO     Batch: [68/120] Epoch: [1] Loss: [2.1413790799569394]
2019-04-07 00:03:29 INFO     Batch: [69/120] Epoch: [1] Loss: [2.140583174569266]
2019-04-07 00:03:29 INFO     Batch: [70/120] Epoch: [1] Loss: [2.1401378436827323]
2019-04-07 00:03:29 INFO     Batch: [71/120] Epoch: [1] Loss: [2.1391914089520774]
2019-04-07 00:03:30 INFO     Batch: [72/120] Epoch: [1] Loss: [2.1389809536607296]
2019-04-07 00:03:30 INFO     Batch: [73/120] Epoch: [1] Loss: [2.1381347050537935]
2019-04-07 00:03:30 INFO     Batch: [74/120] Epoch: [1] Loss: [2.1373102951049803]
2019-04-07 00:03:30 INFO     Batch: [75/120] Epoch: [1] Loss: [2.136915922164917]
2019-04-07 00:03:30 INFO     Batch: [76/120] Epoch: [1] Loss: [2.136497485173213]
2019-04-07 00:03:30 INFO     Batch: [77/120] Epoch: [1] Loss: [2.136089172118749]
2019-04-07 00:03:31 INFO     Batch: [78/120] Epoch: [1] Loss: [2.1356082083303716]
2019-04-07 00:03:31 INFO     Batch: [79/120] Epoch: [1] Loss: [2.1355523258447646]
2019-04-07 00:03:31 INFO     Batch: [80/120] Epoch: [1] Loss: [2.1351193380944524]
2019-04-07 00:03:31 INFO     Batch: [81/120] Epoch: [1] Loss: [2.1345026754751437]
2019-04-07 00:03:31 INFO     Batch: [82/120] Epoch: [1] Loss: [2.133626610399729]
2019-04-07 00:03:32 INFO     Batch: [83/120] Epoch: [1] Loss: [2.1330101773852395]
2019-04-07 00:03:32 INFO     Batch: [84/120] Epoch: [1] Loss: [2.132396608240464]
2019-04-07 00:03:32 INFO     Batch: [85/120] Epoch: [1] Loss: [2.1318755427072213]
2019-04-07 00:03:32 INFO     Batch: [86/120] Epoch: [1] Loss: [2.131351385993519]
2019-04-07 00:03:32 INFO     Batch: [87/120] Epoch: [1] Loss: [2.130629902536219]
2019-04-07 00:03:33 INFO     Batch: [88/120] Epoch: [1] Loss: [2.1300329894162298]
2019-04-07 00:03:33 INFO     Batch: [89/120] Epoch: [1] Loss: [2.1293165100945366]
2019-04-07 00:03:33 INFO     Batch: [90/120] Epoch: [1] Loss: [2.128435043188242]
2019-04-07 00:03:33 INFO     Batch: [91/120] Epoch: [1] Loss: [2.127826128316962]
2019-04-07 00:03:33 INFO     Batch: [92/120] Epoch: [1] Loss: [2.1272705498562066]
2019-04-07 00:03:34 INFO     Batch: [93/120] Epoch: [1] Loss: [2.126939278967837]
2019-04-07 00:03:34 INFO     Batch: [94/120] Epoch: [1] Loss: [2.126370005858572]
2019-04-07 00:03:34 INFO     Batch: [95/120] Epoch: [1] Loss: [2.1255834673841796]
2019-04-07 00:03:34 INFO     Batch: [96/120] Epoch: [1] Loss: [2.1248001732777073]
2019-04-07 00:03:34 INFO     Batch: [97/120] Epoch: [1] Loss: [2.1241983880802078]
2019-04-07 00:03:35 INFO     Batch: [98/120] Epoch: [1] Loss: [2.1231642925378047]
2019-04-07 00:03:35 INFO     Batch: [99/120] Epoch: [1] Loss: [2.1223926377296447]
2019-04-07 00:03:35 INFO     Batch: [100/120] Epoch: [1] Loss: [2.1218607472901296]
2019-04-07 00:03:35 INFO     Batch: [101/120] Epoch: [1] Loss: [2.1212974833507166]
2019-04-07 00:03:35 INFO     Batch: [102/120] Epoch: [1] Loss: [2.120470317822058]
2019-04-07 00:03:36 INFO     Batch: [103/120] Epoch: [1] Loss: [2.119781961807838]
2019-04-07 00:03:36 INFO     Batch: [104/120] Epoch: [1] Loss: [2.1188304038274857]
2019-04-07 00:03:36 INFO     Batch: [105/120] Epoch: [1] Loss: [2.1177872891695992]
2019-04-07 00:03:36 INFO     Batch: [106/120] Epoch: [1] Loss: [2.1168653519354135]
2019-04-07 00:03:36 INFO     Batch: [107/120] Epoch: [1] Loss: [2.116004502331769]
2019-04-07 00:03:37 INFO     Batch: [108/120] Epoch: [1] Loss: [2.1151185670030226]
2019-04-07 00:03:37 INFO     Batch: [109/120] Epoch: [1] Loss: [2.1144519957629115]
2019-04-07 00:03:37 INFO     Batch: [110/120] Epoch: [1] Loss: [2.1134370232487583]
2019-04-07 00:03:37 INFO     Batch: [111/120] Epoch: [1] Loss: [2.112588650413922]
2019-04-07 00:03:37 INFO     Batch: [112/120] Epoch: [1] Loss: [2.111840203800033]
2019-04-07 00:03:38 INFO     Batch: [113/120] Epoch: [1] Loss: [2.110853339496412]
2019-04-07 00:03:38 INFO     Batch: [114/120] Epoch: [1] Loss: [2.1099865560946256]
2019-04-07 00:03:38 INFO     Batch: [115/120] Epoch: [1] Loss: [2.1091351344667633]
2019-04-07 00:03:38 INFO     Batch: [116/120] Epoch: [1] Loss: [2.108368353965955]
2019-04-07 00:03:38 INFO     Batch: [117/120] Epoch: [1] Loss: [2.107682638249155]
2019-04-07 00:03:39 INFO     Batch: [118/120] Epoch: [1] Loss: [2.1070724315002183]
2019-04-07 00:03:39 INFO     Batch: [119/120] Epoch: [1] Loss: [2.1062962114810944]
2019-04-07 00:03:40 INFO     **************** Epoch: [1/250] Accuracy: [0.24200000000000002] ****************

2019-04-07 00:03:41 INFO     Batch: [0/120] Epoch: [2] Loss: [2.036527395248413]
2019-04-07 00:03:41 INFO     Batch: [1/120] Epoch: [2] Loss: [2.025264620780945]
2019-04-07 00:03:41 INFO     Batch: [2/120] Epoch: [2] Loss: [2.0281962553660073]
2019-04-07 00:03:41 INFO     Batch: [3/120] Epoch: [2] Loss: [2.0271220207214355]
2019-04-07 00:03:42 INFO     Batch: [4/120] Epoch: [2] Loss: [2.025441598892212]
2019-04-07 00:03:42 INFO     Batch: [5/120] Epoch: [2] Loss: [2.0222395261128745]
2019-04-07 00:03:42 INFO     Batch: [6/120] Epoch: [2] Loss: [2.023514543260847]
2019-04-07 00:03:42 INFO     Batch: [7/120] Epoch: [2] Loss: [2.0236653685569763]
2019-04-07 00:03:42 INFO     Batch: [8/120] Epoch: [2] Loss: [2.0225997500949435]
2019-04-07 00:03:43 INFO     Batch: [9/120] Epoch: [2] Loss: [2.020397424697876]
2019-04-07 00:03:43 INFO     Batch: [10/120] Epoch: [2] Loss: [2.017556992444125]
2019-04-07 00:03:43 INFO     Batch: [11/120] Epoch: [2] Loss: [2.018842955430349]
2019-04-07 00:03:43 INFO     Batch: [12/120] Epoch: [2] Loss: [2.0193821833683896]
2019-04-07 00:03:43 INFO     Batch: [13/120] Epoch: [2] Loss: [2.0206358773367747]
2019-04-07 00:03:44 INFO     Batch: [14/120] Epoch: [2] Loss: [2.0203922271728514]
2019-04-07 00:03:44 INFO     Batch: [15/120] Epoch: [2] Loss: [2.020720586180687]
2019-04-07 00:03:44 INFO     Batch: [16/120] Epoch: [2] Loss: [2.0203340193804573]
2019-04-07 00:03:44 INFO     Batch: [17/120] Epoch: [2] Loss: [2.0205954843097262]
2019-04-07 00:03:44 INFO     Batch: [18/120] Epoch: [2] Loss: [2.0195050992463766]
2019-04-07 00:03:45 INFO     Batch: [19/120] Epoch: [2] Loss: [2.018731653690338]
2019-04-07 00:03:45 INFO     Batch: [20/120] Epoch: [2] Loss: [2.0194255170368014]
2019-04-07 00:03:45 INFO     Batch: [21/120] Epoch: [2] Loss: [2.020102555101568]
2019-04-07 00:03:45 INFO     Batch: [22/120] Epoch: [2] Loss: [2.0202513570370884]
2019-04-07 00:03:45 INFO     Batch: [23/120] Epoch: [2] Loss: [2.020400176445643]
2019-04-07 00:03:46 INFO     Batch: [24/120] Epoch: [2] Loss: [2.019192085266113]
2019-04-07 00:03:46 INFO     Batch: [25/120] Epoch: [2] Loss: [2.0173555475014906]
2019-04-07 00:03:46 INFO     Batch: [26/120] Epoch: [2] Loss: [2.0178397628996105]
2019-04-07 00:03:46 INFO     Batch: [27/120] Epoch: [2] Loss: [2.01782916699137]
2019-04-07 00:03:46 INFO     Batch: [28/120] Epoch: [2] Loss: [2.01784204203507]
2019-04-07 00:03:46 INFO     Batch: [29/120] Epoch: [2] Loss: [2.017605706055959]
2019-04-07 00:03:47 INFO     Batch: [30/120] Epoch: [2] Loss: [2.0172188858832083]
2019-04-07 00:03:47 INFO     Batch: [31/120] Epoch: [2] Loss: [2.015970889478922]
2019-04-07 00:03:47 INFO     Batch: [32/120] Epoch: [2] Loss: [2.0162367856863774]
2019-04-07 00:03:47 INFO     Batch: [33/120] Epoch: [2] Loss: [2.0154804832795086]
2019-04-07 00:03:47 INFO     Batch: [34/120] Epoch: [2] Loss: [2.0147866146905082]
2019-04-07 00:03:48 INFO     Batch: [35/120] Epoch: [2] Loss: [2.015744205978182]
2019-04-07 00:03:48 INFO     Batch: [36/120] Epoch: [2] Loss: [2.015648780642329]
2019-04-07 00:03:48 INFO     Batch: [37/120] Epoch: [2] Loss: [2.0152760022564937]
2019-04-07 00:03:48 INFO     Batch: [38/120] Epoch: [2] Loss: [2.013866650752532]
2019-04-07 00:03:48 INFO     Batch: [39/120] Epoch: [2] Loss: [2.01273113489151]
2019-04-07 00:03:49 INFO     Batch: [40/120] Epoch: [2] Loss: [2.0122687235111143]
2019-04-07 00:03:49 INFO     Batch: [41/120] Epoch: [2] Loss: [2.012089110556103]
2019-04-07 00:03:49 INFO     Batch: [42/120] Epoch: [2] Loss: [2.0124037043992864]
2019-04-07 00:03:49 INFO     Batch: [43/120] Epoch: [2] Loss: [2.0120691738345404]
2019-04-07 00:03:49 INFO     Batch: [44/120] Epoch: [2] Loss: [2.0120973454581366]
2019-04-07 00:03:50 INFO     Batch: [45/120] Epoch: [2] Loss: [2.012464728044427]
2019-04-07 00:03:50 INFO     Batch: [46/120] Epoch: [2] Loss: [2.0119728991325867]
2019-04-07 00:03:50 INFO     Batch: [47/120] Epoch: [2] Loss: [2.0110417753458023]
2019-04-07 00:03:50 INFO     Batch: [48/120] Epoch: [2] Loss: [2.0095248757576454]
2019-04-07 00:03:50 INFO     Batch: [49/120] Epoch: [2] Loss: [2.008982791900635]
2019-04-07 00:03:51 INFO     Batch: [50/120] Epoch: [2] Loss: [2.0075349994734224]
2019-04-07 00:03:51 INFO     Batch: [51/120] Epoch: [2] Loss: [2.0073055854210486]
2019-04-07 00:03:51 INFO     Batch: [52/120] Epoch: [2] Loss: [2.0072851900784476]
2019-04-07 00:03:51 INFO     Batch: [53/120] Epoch: [2] Loss: [2.006959272755517]
2019-04-07 00:03:51 INFO     Batch: [54/120] Epoch: [2] Loss: [2.0067355220968075]
2019-04-07 00:03:52 INFO     Batch: [55/120] Epoch: [2] Loss: [2.007110487137522]
2019-04-07 00:03:52 INFO     Batch: [56/120] Epoch: [2] Loss: [2.006356063642]
2019-04-07 00:03:52 INFO     Batch: [57/120] Epoch: [2] Loss: [2.0056848135487786]
2019-04-07 00:03:52 INFO     Batch: [58/120] Epoch: [2] Loss: [2.0057469081070463]
2019-04-07 00:03:52 INFO     Batch: [59/120] Epoch: [2] Loss: [2.004799574613571]
2019-04-07 00:03:53 INFO     Batch: [60/120] Epoch: [2] Loss: [2.004011462946407]
2019-04-07 00:03:53 INFO     Batch: [61/120] Epoch: [2] Loss: [2.0040343038497435]
2019-04-07 00:03:53 INFO     Batch: [62/120] Epoch: [2] Loss: [2.0033098761997525]
2019-04-07 00:03:53 INFO     Batch: [63/120] Epoch: [2] Loss: [2.0019025914371014]
2019-04-07 00:03:53 INFO     Batch: [64/120] Epoch: [2] Loss: [2.0020698804121753]
2019-04-07 00:03:54 INFO     Batch: [65/120] Epoch: [2] Loss: [2.0014038031751458]
2019-04-07 00:03:54 INFO     Batch: [66/120] Epoch: [2] Loss: [2.000682761420065]
2019-04-07 00:03:54 INFO     Batch: [67/120] Epoch: [2] Loss: [1.999763920026667]
2019-04-07 00:03:54 INFO     Batch: [68/120] Epoch: [2] Loss: [1.9988132749778638]
2019-04-07 00:03:54 INFO     Batch: [69/120] Epoch: [2] Loss: [1.9976127300943647]
2019-04-07 00:03:55 INFO     Batch: [70/120] Epoch: [2] Loss: [1.997337285901459]
2019-04-07 00:03:55 INFO     Batch: [71/120] Epoch: [2] Loss: [1.9964707924260034]
2019-04-07 00:03:55 INFO     Batch: [72/120] Epoch: [2] Loss: [1.9957940333510098]
2019-04-07 00:03:55 INFO     Batch: [73/120] Epoch: [2] Loss: [1.9945231949960864]
2019-04-07 00:03:55 INFO     Batch: [74/120] Epoch: [2] Loss: [1.993655652999878]
2019-04-07 00:03:56 INFO     Batch: [75/120] Epoch: [2] Loss: [1.9937339252547215]
2019-04-07 00:03:56 INFO     Batch: [76/120] Epoch: [2] Loss: [1.9929879950238514]
2019-04-07 00:03:56 INFO     Batch: [77/120] Epoch: [2] Loss: [1.9926284368221576]
2019-04-07 00:03:56 INFO     Batch: [78/120] Epoch: [2] Loss: [1.9921921325635306]
2019-04-07 00:03:56 INFO     Batch: [79/120] Epoch: [2] Loss: [1.9909374386072158]
2019-04-07 00:03:57 INFO     Batch: [80/120] Epoch: [2] Loss: [1.9902321924397974]
2019-04-07 00:03:57 INFO     Batch: [81/120] Epoch: [2] Loss: [1.990224003791809]
2019-04-07 00:03:57 INFO     Batch: [82/120] Epoch: [2] Loss: [1.9896028185465249]
2019-04-07 00:03:57 INFO     Batch: [83/120] Epoch: [2] Loss: [1.9891123785859062]
2019-04-07 00:03:57 INFO     Batch: [84/120] Epoch: [2] Loss: [1.9882100063211778]
2019-04-07 00:03:58 INFO     Batch: [85/120] Epoch: [2] Loss: [1.9875455484833828]
2019-04-07 00:03:58 INFO     Batch: [86/120] Epoch: [2] Loss: [1.9873022485053402]
2019-04-07 00:03:58 INFO     Batch: [87/120] Epoch: [2] Loss: [1.9868322773413225]
2019-04-07 00:03:58 INFO     Batch: [88/120] Epoch: [2] Loss: [1.9859993297062564]
2019-04-07 00:03:58 INFO     Batch: [89/120] Epoch: [2] Loss: [1.9855336573388842]
2019-04-07 00:03:58 INFO     Batch: [90/120] Epoch: [2] Loss: [1.985442762846475]
2019-04-07 00:03:59 INFO     Batch: [91/120] Epoch: [2] Loss: [1.984270752772041]
2019-04-07 00:03:59 INFO     Batch: [92/120] Epoch: [2] Loss: [1.9838238352088517]
2019-04-07 00:03:59 INFO     Batch: [93/120] Epoch: [2] Loss: [1.9831923639520685]
2019-04-07 00:03:59 INFO     Batch: [94/120] Epoch: [2] Loss: [1.9826152726223594]
2019-04-07 00:03:59 INFO     Batch: [95/120] Epoch: [2] Loss: [1.9817974617083867]
2019-04-07 00:04:00 INFO     Batch: [96/120] Epoch: [2] Loss: [1.9813543029667176]
2019-04-07 00:04:00 INFO     Batch: [97/120] Epoch: [2] Loss: [1.9804323303456208]
2019-04-07 00:04:00 INFO     Batch: [98/120] Epoch: [2] Loss: [1.9796532151674984]
2019-04-07 00:04:00 INFO     Batch: [99/120] Epoch: [2] Loss: [1.9788754630088805]
2019-04-07 00:04:00 INFO     Batch: [100/120] Epoch: [2] Loss: [1.9779065056602554]
2019-04-07 00:04:01 INFO     Batch: [101/120] Epoch: [2] Loss: [1.9772154513527365]
2019-04-07 00:04:01 INFO     Batch: [102/120] Epoch: [2] Loss: [1.9767360212733445]
2019-04-07 00:04:01 INFO     Batch: [103/120] Epoch: [2] Loss: [1.9761094405100896]
2019-04-07 00:04:01 INFO     Batch: [104/120] Epoch: [2] Loss: [1.9758208161308652]
2019-04-07 00:04:01 INFO     Batch: [105/120] Epoch: [2] Loss: [1.9750618406061857]
2019-04-07 00:04:02 INFO     Batch: [106/120] Epoch: [2] Loss: [1.974176805710124]
2019-04-07 00:04:02 INFO     Batch: [107/120] Epoch: [2] Loss: [1.9741284394705738]
2019-04-07 00:04:02 INFO     Batch: [108/120] Epoch: [2] Loss: [1.973357055165352]
2019-04-07 00:04:02 INFO     Batch: [109/120] Epoch: [2] Loss: [1.9730740601366217]
2019-04-07 00:04:02 INFO     Batch: [110/120] Epoch: [2] Loss: [1.9726854809769638]
2019-04-07 00:04:03 INFO     Batch: [111/120] Epoch: [2] Loss: [1.972163928406579]
2019-04-07 00:04:03 INFO     Batch: [112/120] Epoch: [2] Loss: [1.9722459284605178]
2019-04-07 00:04:03 INFO     Batch: [113/120] Epoch: [2] Loss: [1.9720269378862882]
2019-04-07 00:04:03 INFO     Batch: [114/120] Epoch: [2] Loss: [1.9718133719071098]
2019-04-07 00:04:03 INFO     Batch: [115/120] Epoch: [2] Loss: [1.9713381302767787]
2019-04-07 00:04:04 INFO     Batch: [116/120] Epoch: [2] Loss: [1.9709663513379219]
2019-04-07 00:04:04 INFO     Batch: [117/120] Epoch: [2] Loss: [1.9705910197759078]
2019-04-07 00:04:04 INFO     Batch: [118/120] Epoch: [2] Loss: [1.969704038956586]
2019-04-07 00:04:04 INFO     Batch: [119/120] Epoch: [2] Loss: [1.9695417960484822]
2019-04-07 00:04:06 INFO     **************** Epoch: [2/250] Accuracy: [0.24436363636363634] ****************

2019-04-07 00:04:06 INFO     Batch: [0/120] Epoch: [3] Loss: [1.9008944034576416]
2019-04-07 00:04:06 INFO     Batch: [1/120] Epoch: [3] Loss: [1.9266211986541748]
2019-04-07 00:04:06 INFO     Batch: [2/120] Epoch: [3] Loss: [1.9430897235870361]
2019-04-07 00:04:07 INFO     Batch: [3/120] Epoch: [3] Loss: [1.9254322350025177]
2019-04-07 00:04:07 INFO     Batch: [4/120] Epoch: [3] Loss: [1.9285919666290283]
2019-04-07 00:04:07 INFO     Batch: [5/120] Epoch: [3] Loss: [1.9271870454152424]
2019-04-07 00:04:07 INFO     Batch: [6/120] Epoch: [3] Loss: [1.9320111785616194]
2019-04-07 00:04:07 INFO     Batch: [7/120] Epoch: [3] Loss: [1.9301480948925018]
2019-04-07 00:04:08 INFO     Batch: [8/120] Epoch: [3] Loss: [1.9326166179445055]
2019-04-07 00:04:08 INFO     Batch: [9/120] Epoch: [3] Loss: [1.9321377158164978]
2019-04-07 00:04:08 INFO     Batch: [10/120] Epoch: [3] Loss: [1.929563576524908]
2019-04-07 00:04:08 INFO     Batch: [11/120] Epoch: [3] Loss: [1.9306102792421977]
2019-04-07 00:04:08 INFO     Batch: [12/120] Epoch: [3] Loss: [1.927755328325125]
2019-04-07 00:04:09 INFO     Batch: [13/120] Epoch: [3] Loss: [1.9290958983557565]
2019-04-07 00:04:09 INFO     Batch: [14/120] Epoch: [3] Loss: [1.9306829214096068]
2019-04-07 00:04:09 INFO     Batch: [15/120] Epoch: [3] Loss: [1.9294822663068771]
2019-04-07 00:04:09 INFO     Batch: [16/120] Epoch: [3] Loss: [1.9273087277131922]
2019-04-07 00:04:09 INFO     Batch: [17/120] Epoch: [3] Loss: [1.9246046940485637]
2019-04-07 00:04:10 INFO     Batch: [18/120] Epoch: [3] Loss: [1.9261995052036487]
2019-04-07 00:04:10 INFO     Batch: [19/120] Epoch: [3] Loss: [1.9244993686676026]
2019-04-07 00:04:10 INFO     Batch: [20/120] Epoch: [3] Loss: [1.9262545846757435]
2019-04-07 00:04:10 INFO     Batch: [21/120] Epoch: [3] Loss: [1.9271847659891301]
2019-04-07 00:04:10 INFO     Batch: [22/120] Epoch: [3] Loss: [1.925864981568378]
2019-04-07 00:04:11 INFO     Batch: [23/120] Epoch: [3] Loss: [1.9239914963642757]
2019-04-07 00:04:11 INFO     Batch: [24/120] Epoch: [3] Loss: [1.923924012184143]
2019-04-07 00:04:11 INFO     Batch: [25/120] Epoch: [3] Loss: [1.9227621738727276]
2019-04-07 00:04:11 INFO     Batch: [26/120] Epoch: [3] Loss: [1.9239750217508387]
2019-04-07 00:04:11 INFO     Batch: [27/120] Epoch: [3] Loss: [1.9236267634800501]
2019-04-07 00:04:12 INFO     Batch: [28/120] Epoch: [3] Loss: [1.9230897960991695]
2019-04-07 00:04:12 INFO     Batch: [29/120] Epoch: [3] Loss: [1.9230029543240865]
2019-04-07 00:04:12 INFO     Batch: [30/120] Epoch: [3] Loss: [1.921513399770183]
2019-04-07 00:04:12 INFO     Batch: [31/120] Epoch: [3] Loss: [1.9210254177451134]
2019-04-07 00:04:12 INFO     Batch: [32/120] Epoch: [3] Loss: [1.9190637884717998]
2019-04-07 00:04:13 INFO     Batch: [33/120] Epoch: [3] Loss: [1.9182590386446785]
2019-04-07 00:04:13 INFO     Batch: [34/120] Epoch: [3] Loss: [1.9179866416113718]
2019-04-07 00:04:13 INFO     Batch: [35/120] Epoch: [3] Loss: [1.9174748361110687]
2019-04-07 00:04:13 INFO     Batch: [36/120] Epoch: [3] Loss: [1.915272187542271]
2019-04-07 00:04:13 INFO     Batch: [37/120] Epoch: [3] Loss: [1.915426332699625]
2019-04-07 00:04:14 INFO     Batch: [38/120] Epoch: [3] Loss: [1.91506682909452]
2019-04-07 00:04:14 INFO     Batch: [39/120] Epoch: [3] Loss: [1.9161084294319153]
2019-04-07 00:04:14 INFO     Batch: [40/120] Epoch: [3] Loss: [1.9157484304614183]
2019-04-07 00:04:14 INFO     Batch: [41/120] Epoch: [3] Loss: [1.9160813235101246]
2019-04-07 00:04:14 INFO     Batch: [42/120] Epoch: [3] Loss: [1.9158845613169115]
2019-04-07 00:04:15 INFO     Batch: [43/120] Epoch: [3] Loss: [1.9143303497271105]
2019-04-07 00:04:15 INFO     Batch: [44/120] Epoch: [3] Loss: [1.9138274351755777]
2019-04-07 00:04:15 INFO     Batch: [45/120] Epoch: [3] Loss: [1.9123917610748955]
2019-04-07 00:04:15 INFO     Batch: [46/120] Epoch: [3] Loss: [1.9128843140094838]
2019-04-07 00:04:15 INFO     Batch: [47/120] Epoch: [3] Loss: [1.9125648861130078]
2019-04-07 00:04:16 INFO     Batch: [48/120] Epoch: [3] Loss: [1.9129175264008191]
2019-04-07 00:04:16 INFO     Batch: [49/120] Epoch: [3] Loss: [1.9122462105751037]
2019-04-07 00:04:16 INFO     Batch: [50/120] Epoch: [3] Loss: [1.9110688158110076]
2019-04-07 00:04:16 INFO     Batch: [51/120] Epoch: [3] Loss: [1.9092576595453115]
2019-04-07 00:04:16 INFO     Batch: [52/120] Epoch: [3] Loss: [1.9090104620411712]
2019-04-07 00:04:16 INFO     Batch: [53/120] Epoch: [3] Loss: [1.9082728889253404]
2019-04-07 00:04:17 INFO     Batch: [54/120] Epoch: [3] Loss: [1.9073545065793125]
2019-04-07 00:04:17 INFO     Batch: [55/120] Epoch: [3] Loss: [1.9061517758028848]
2019-04-07 00:04:17 INFO     Batch: [56/120] Epoch: [3] Loss: [1.906004591992027]
2019-04-07 00:04:17 INFO     Batch: [57/120] Epoch: [3] Loss: [1.905209633810767]
2019-04-07 00:04:17 INFO     Batch: [58/120] Epoch: [3] Loss: [1.9038594173172774]
2019-04-07 00:04:18 INFO     Batch: [59/120] Epoch: [3] Loss: [1.9046536982059479]
2019-04-07 00:04:18 INFO     Batch: [60/120] Epoch: [3] Loss: [1.9040222578361385]
2019-04-07 00:04:18 INFO     Batch: [61/120] Epoch: [3] Loss: [1.9025654542830683]
2019-04-07 00:04:18 INFO     Batch: [62/120] Epoch: [3] Loss: [1.9014130282023596]
2019-04-07 00:04:18 INFO     Batch: [63/120] Epoch: [3] Loss: [1.900414951145649]
2019-04-07 00:04:19 INFO     Batch: [64/120] Epoch: [3] Loss: [1.900155364550077]
2019-04-07 00:04:19 INFO     Batch: [65/120] Epoch: [3] Loss: [1.8996894395712651]
2019-04-07 00:04:19 INFO     Batch: [66/120] Epoch: [3] Loss: [1.899226090801296]
2019-04-07 00:04:19 INFO     Batch: [67/120] Epoch: [3] Loss: [1.8998195143306957]
2019-04-07 00:04:19 INFO     Batch: [68/120] Epoch: [3] Loss: [1.899403414864471]
2019-04-07 00:04:20 INFO     Batch: [69/120] Epoch: [3] Loss: [1.8993780715124948]
2019-04-07 00:04:20 INFO     Batch: [70/120] Epoch: [3] Loss: [1.8987464384293893]
2019-04-07 00:04:20 INFO     Batch: [71/120] Epoch: [3] Loss: [1.8989473515086703]
2019-04-07 00:04:20 INFO     Batch: [72/120] Epoch: [3] Loss: [1.8989317090543982]
2019-04-07 00:04:20 INFO     Batch: [73/120] Epoch: [3] Loss: [1.8992645466649853]
2019-04-07 00:04:21 INFO     Batch: [74/120] Epoch: [3] Loss: [1.8988398361206054]
2019-04-07 00:04:21 INFO     Batch: [75/120] Epoch: [3] Loss: [1.89919513463974]
2019-04-07 00:04:21 INFO     Batch: [76/120] Epoch: [3] Loss: [1.8988815282846425]
2019-04-07 00:04:21 INFO     Batch: [77/120] Epoch: [3] Loss: [1.8982937412384229]
2019-04-07 00:04:21 INFO     Batch: [78/120] Epoch: [3] Loss: [1.8976761826986]
2019-04-07 00:04:22 INFO     Batch: [79/120] Epoch: [3] Loss: [1.8974695339798928]
2019-04-07 00:04:22 INFO     Batch: [80/120] Epoch: [3] Loss: [1.8968275726577382]
2019-04-07 00:04:22 INFO     Batch: [81/120] Epoch: [3] Loss: [1.8972744956249143]
2019-04-07 00:04:22 INFO     Batch: [82/120] Epoch: [3] Loss: [1.8971250042857895]
2019-04-07 00:04:22 INFO     Batch: [83/120] Epoch: [3] Loss: [1.8969541944208599]
2019-04-07 00:04:23 INFO     Batch: [84/120] Epoch: [3] Loss: [1.8965515599531286]
2019-04-07 00:04:23 INFO     Batch: [85/120] Epoch: [3] Loss: [1.8966856903808063]
2019-04-07 00:04:23 INFO     Batch: [86/120] Epoch: [3] Loss: [1.896956449267508]
2019-04-07 00:04:23 INFO     Batch: [87/120] Epoch: [3] Loss: [1.896882256323641]
2019-04-07 00:04:23 INFO     Batch: [88/120] Epoch: [3] Loss: [1.8965775980038588]
2019-04-07 00:04:24 INFO     Batch: [89/120] Epoch: [3] Loss: [1.8966879725456238]
2019-04-07 00:04:24 INFO     Batch: [90/120] Epoch: [3] Loss: [1.8955843029441415]
2019-04-07 00:04:24 INFO     Batch: [91/120] Epoch: [3] Loss: [1.895221409590348]
2019-04-07 00:04:24 INFO     Batch: [92/120] Epoch: [3] Loss: [1.8951635373535978]
2019-04-07 00:04:24 INFO     Batch: [93/120] Epoch: [3] Loss: [1.8950204392696948]
2019-04-07 00:04:25 INFO     Batch: [94/120] Epoch: [3] Loss: [1.894455189453928]
2019-04-07 00:04:25 INFO     Batch: [95/120] Epoch: [3] Loss: [1.8946068411072094]
2019-04-07 00:04:25 INFO     Batch: [96/120] Epoch: [3] Loss: [1.8942454586324005]
2019-04-07 00:04:25 INFO     Batch: [97/120] Epoch: [3] Loss: [1.8941593729719823]
2019-04-07 00:04:25 INFO     Batch: [98/120] Epoch: [3] Loss: [1.894148613467361]
2019-04-07 00:04:26 INFO     Batch: [99/120] Epoch: [3] Loss: [1.8935676789283753]
2019-04-07 00:04:26 INFO     Batch: [100/120] Epoch: [3] Loss: [1.8941068047344094]
2019-04-07 00:04:26 INFO     Batch: [101/120] Epoch: [3] Loss: [1.8937965175684761]
2019-04-07 00:04:26 INFO     Batch: [102/120] Epoch: [3] Loss: [1.8933048688092278]
2019-04-07 00:04:26 INFO     Batch: [103/120] Epoch: [3] Loss: [1.8927490126628141]
2019-04-07 00:04:27 INFO     Batch: [104/120] Epoch: [3] Loss: [1.8922226814996628]
2019-04-07 00:04:27 INFO     Batch: [105/120] Epoch: [3] Loss: [1.8922971037198912]
2019-04-07 00:04:27 INFO     Batch: [106/120] Epoch: [3] Loss: [1.8916400158516715]
2019-04-07 00:04:27 INFO     Batch: [107/120] Epoch: [3] Loss: [1.8912668294376798]
2019-04-07 00:04:27 INFO     Batch: [108/120] Epoch: [3] Loss: [1.8909049427837408]
2019-04-07 00:04:28 INFO     Batch: [109/120] Epoch: [3] Loss: [1.8911750338294289]
2019-04-07 00:04:28 INFO     Batch: [110/120] Epoch: [3] Loss: [1.8910076253049009]
2019-04-07 00:04:28 INFO     Batch: [111/120] Epoch: [3] Loss: [1.89122467062303]
2019-04-07 00:04:28 INFO     Batch: [112/120] Epoch: [3] Loss: [1.8913353502222923]
2019-04-07 00:04:28 INFO     Batch: [113/120] Epoch: [3] Loss: [1.8910935343357556]
2019-04-07 00:04:28 INFO     Batch: [114/120] Epoch: [3] Loss: [1.8906211531680563]
2019-04-07 00:04:29 INFO     Batch: [115/120] Epoch: [3] Loss: [1.8909041604091381]
2019-04-07 00:04:29 INFO     Batch: [116/120] Epoch: [3] Loss: [1.8912010417025313]
2019-04-07 00:04:29 INFO     Batch: [117/120] Epoch: [3] Loss: [1.890582926192526]
2019-04-07 00:04:29 INFO     Batch: [118/120] Epoch: [3] Loss: [1.8907398826935713]
2019-04-07 00:04:29 INFO     Batch: [119/120] Epoch: [3] Loss: [1.8916262159744899]
2019-04-07 00:04:31 INFO     **************** Epoch: [3/250] Accuracy: [0.22890909090909092] ****************

2019-04-07 00:04:32 INFO     Batch: [0/120] Epoch: [4] Loss: [1.9173611402511597]
2019-04-07 00:04:32 INFO     Batch: [1/120] Epoch: [4] Loss: [1.901270568370819]
2019-04-07 00:04:32 INFO     Batch: [2/120] Epoch: [4] Loss: [1.903919021288554]
2019-04-07 00:04:32 INFO     Batch: [3/120] Epoch: [4] Loss: [1.8953743875026703]
2019-04-07 00:04:32 INFO     Batch: [4/120] Epoch: [4] Loss: [1.8910081148147584]
2019-04-07 00:04:33 INFO     Batch: [5/120] Epoch: [4] Loss: [1.880042850971222]
2019-04-07 00:04:33 INFO     Batch: [6/120] Epoch: [4] Loss: [1.8776549100875854]
2019-04-07 00:04:33 INFO     Batch: [7/120] Epoch: [4] Loss: [1.8775650262832642]
2019-04-07 00:04:33 INFO     Batch: [8/120] Epoch: [4] Loss: [1.8714060253567166]
2019-04-07 00:04:33 INFO     Batch: [9/120] Epoch: [4] Loss: [1.8746607542037963]
2019-04-07 00:04:33 INFO     Batch: [10/120] Epoch: [4] Loss: [1.869384678927335]
2019-04-07 00:04:34 INFO     Batch: [11/120] Epoch: [4] Loss: [1.8662874003251393]
2019-04-07 00:04:34 INFO     Batch: [12/120] Epoch: [4] Loss: [1.868755918282729]
2019-04-07 00:04:34 INFO     Batch: [13/120] Epoch: [4] Loss: [1.8642890283039637]
2019-04-07 00:04:34 INFO     Batch: [14/120] Epoch: [4] Loss: [1.8627604166666667]
2019-04-07 00:04:34 INFO     Batch: [15/120] Epoch: [4] Loss: [1.8605327606201172]
2019-04-07 00:04:35 INFO     Batch: [16/120] Epoch: [4] Loss: [1.8595939524033491]
2019-04-07 00:04:35 INFO     Batch: [17/120] Epoch: [4] Loss: [1.858967079056634]
2019-04-07 00:04:35 INFO     Batch: [18/120] Epoch: [4] Loss: [1.8620944901516563]
2019-04-07 00:04:35 INFO     Batch: [19/120] Epoch: [4] Loss: [1.856576883792877]
2019-04-07 00:04:35 INFO     Batch: [20/120] Epoch: [4] Loss: [1.8569928180603754]
2019-04-07 00:04:36 INFO     Batch: [21/120] Epoch: [4] Loss: [1.8552091771906072]
2019-04-07 00:04:36 INFO     Batch: [22/120] Epoch: [4] Loss: [1.8554622297701628]
2019-04-07 00:04:36 INFO     Batch: [23/120] Epoch: [4] Loss: [1.8542421360810597]
2019-04-07 00:04:36 INFO     Batch: [24/120] Epoch: [4] Loss: [1.856366786956787]
2019-04-07 00:04:36 INFO     Batch: [25/120] Epoch: [4] Loss: [1.8546427763425386]
2019-04-07 00:04:37 INFO     Batch: [26/120] Epoch: [4] Loss: [1.8539030684365168]
2019-04-07 00:04:37 INFO     Batch: [27/120] Epoch: [4] Loss: [1.8545246081692832]
2019-04-07 00:04:37 INFO     Batch: [28/120] Epoch: [4] Loss: [1.853562042630952]
2019-04-07 00:04:37 INFO     Batch: [29/120] Epoch: [4] Loss: [1.851846412817637]
2019-04-07 00:04:37 INFO     Batch: [30/120] Epoch: [4] Loss: [1.852260701117977]
2019-04-07 00:04:38 INFO     Batch: [31/120] Epoch: [4] Loss: [1.8519159071147442]
2019-04-07 00:04:38 INFO     Batch: [32/120] Epoch: [4] Loss: [1.8521239324049517]
2019-04-07 00:04:38 INFO     Batch: [33/120] Epoch: [4] Loss: [1.852464174523073]
2019-04-07 00:04:38 INFO     Batch: [34/120] Epoch: [4] Loss: [1.8535521132605417]
2019-04-07 00:04:38 INFO     Batch: [35/120] Epoch: [4] Loss: [1.8528138630919986]
2019-04-07 00:04:39 INFO     Batch: [36/120] Epoch: [4] Loss: [1.853487552823247]
2019-04-07 00:04:39 INFO     Batch: [37/120] Epoch: [4] Loss: [1.8539435863494873]
2019-04-07 00:04:39 INFO     Batch: [38/120] Epoch: [4] Loss: [1.8548260590968988]
2019-04-07 00:04:39 INFO     Batch: [39/120] Epoch: [4] Loss: [1.8557744026184082]
2019-04-07 00:04:39 INFO     Batch: [40/120] Epoch: [4] Loss: [1.8571444837058462]
2019-04-07 00:04:40 INFO     Batch: [41/120] Epoch: [4] Loss: [1.8584755801019215]
2019-04-07 00:04:40 INFO     Batch: [42/120] Epoch: [4] Loss: [1.8601070697917494]
2019-04-07 00:04:40 INFO     Batch: [43/120] Epoch: [4] Loss: [1.8599246794527227]
2019-04-07 00:04:40 INFO     Batch: [44/120] Epoch: [4] Loss: [1.8592245075437757]
2019-04-07 00:04:40 INFO     Batch: [45/120] Epoch: [4] Loss: [1.858186283837194]
2019-04-07 00:04:41 INFO     Batch: [46/120] Epoch: [4] Loss: [1.8575597773206995]
2019-04-07 00:04:41 INFO     Batch: [47/120] Epoch: [4] Loss: [1.8570720950762432]
2019-04-07 00:04:41 INFO     Batch: [48/120] Epoch: [4] Loss: [1.8572928443246959]
2019-04-07 00:04:41 INFO     Batch: [49/120] Epoch: [4] Loss: [1.857478973865509]
2019-04-07 00:04:41 INFO     Batch: [50/120] Epoch: [4] Loss: [1.8572002275317323]
2019-04-07 00:04:42 INFO     Batch: [51/120] Epoch: [4] Loss: [1.8567317632528453]
2019-04-07 00:04:42 INFO     Batch: [52/120] Epoch: [4] Loss: [1.8564581871032715]
2019-04-07 00:04:42 INFO     Batch: [53/120] Epoch: [4] Loss: [1.856431084650534]
2019-04-07 00:04:42 INFO     Batch: [54/120] Epoch: [4] Loss: [1.8565969488837502]
2019-04-07 00:04:42 INFO     Batch: [55/120] Epoch: [4] Loss: [1.8552419138806207]
2019-04-07 00:04:43 INFO     Batch: [56/120] Epoch: [4] Loss: [1.8543770961594164]
2019-04-07 00:04:43 INFO     Batch: [57/120] Epoch: [4] Loss: [1.8538141908316776]
2019-04-07 00:04:43 INFO     Batch: [58/120] Epoch: [4] Loss: [1.8537979287616277]
2019-04-07 00:04:43 INFO     Batch: [59/120] Epoch: [4] Loss: [1.8534113625685373]
2019-04-07 00:04:43 INFO     Batch: [60/120] Epoch: [4] Loss: [1.8543939023721414]
2019-04-07 00:04:44 INFO     Batch: [61/120] Epoch: [4] Loss: [1.8541630871834294]
2019-04-07 00:04:44 INFO     Batch: [62/120] Epoch: [4] Loss: [1.8533976872762044]
2019-04-07 00:04:44 INFO     Batch: [63/120] Epoch: [4] Loss: [1.8533878028392792]
2019-04-07 00:04:44 INFO     Batch: [64/120] Epoch: [4] Loss: [1.852870330443749]
2019-04-07 00:04:44 INFO     Batch: [65/120] Epoch: [4] Loss: [1.8516559600830078]
2019-04-07 00:04:45 INFO     Batch: [66/120] Epoch: [4] Loss: [1.851012041319662]
2019-04-07 00:04:45 INFO     Batch: [67/120] Epoch: [4] Loss: [1.8503840425435234]
2019-04-07 00:04:45 INFO     Batch: [68/120] Epoch: [4] Loss: [1.8506132968957874]
2019-04-07 00:04:45 INFO     Batch: [69/120] Epoch: [4] Loss: [1.8504622391292027]
2019-04-07 00:04:45 INFO     Batch: [70/120] Epoch: [4] Loss: [1.8496702271448056]
2019-04-07 00:04:45 INFO     Batch: [71/120] Epoch: [4] Loss: [1.8490472452508078]
2019-04-07 00:04:46 INFO     Batch: [72/120] Epoch: [4] Loss: [1.849007688156546]
2019-04-07 00:04:46 INFO     Batch: [73/120] Epoch: [4] Loss: [1.8479771420762345]
2019-04-07 00:04:46 INFO     Batch: [74/120] Epoch: [4] Loss: [1.8484325885772706]
2019-04-07 00:04:46 INFO     Batch: [75/120] Epoch: [4] Loss: [1.846604927590019]
2019-04-07 00:04:46 INFO     Batch: [76/120] Epoch: [4] Loss: [1.8467420587291965]
2019-04-07 00:04:47 INFO     Batch: [77/120] Epoch: [4] Loss: [1.8468232368811583]
2019-04-07 00:04:47 INFO     Batch: [78/120] Epoch: [4] Loss: [1.8461529906791976]
2019-04-07 00:04:47 INFO     Batch: [79/120] Epoch: [4] Loss: [1.8456161990761757]
2019-04-07 00:04:47 INFO     Batch: [80/120] Epoch: [4] Loss: [1.8455269792933522]
2019-04-07 00:04:47 INFO     Batch: [81/120] Epoch: [4] Loss: [1.8450404958027165]
2019-04-07 00:04:48 INFO     Batch: [82/120] Epoch: [4] Loss: [1.8452564363020012]
2019-04-07 00:04:48 INFO     Batch: [83/120] Epoch: [4] Loss: [1.8454045057296753]
2019-04-07 00:04:48 INFO     Batch: [84/120] Epoch: [4] Loss: [1.844983342114617]
2019-04-07 00:04:48 INFO     Batch: [85/120] Epoch: [4] Loss: [1.844518050204876]
2019-04-07 00:04:48 INFO     Batch: [86/120] Epoch: [4] Loss: [1.8453911460679153]
2019-04-07 00:04:49 INFO     Batch: [87/120] Epoch: [4] Loss: [1.8453647954897447]
2019-04-07 00:04:49 INFO     Batch: [88/120] Epoch: [4] Loss: [1.845232751932037]
2019-04-07 00:04:49 INFO     Batch: [89/120] Epoch: [4] Loss: [1.8454396711455452]
2019-04-07 00:04:49 INFO     Batch: [90/120] Epoch: [4] Loss: [1.8450898154751285]
2019-04-07 00:04:49 INFO     Batch: [91/120] Epoch: [4] Loss: [1.8450112614942633]
2019-04-07 00:04:50 INFO     Batch: [92/120] Epoch: [4] Loss: [1.8454797972914994]
2019-04-07 00:04:50 INFO     Batch: [93/120] Epoch: [4] Loss: [1.8444118170028037]
2019-04-07 00:04:50 INFO     Batch: [94/120] Epoch: [4] Loss: [1.8440011840117605]
2019-04-07 00:04:50 INFO     Batch: [95/120] Epoch: [4] Loss: [1.8437410754462082]
2019-04-07 00:04:50 INFO     Batch: [96/120] Epoch: [4] Loss: [1.8443441993182468]
2019-04-07 00:04:51 INFO     Batch: [97/120] Epoch: [4] Loss: [1.8437691306581303]
2019-04-07 00:04:51 INFO     Batch: [98/120] Epoch: [4] Loss: [1.8434172844645953]
2019-04-07 00:04:51 INFO     Batch: [99/120] Epoch: [4] Loss: [1.8433090877532958]
2019-04-07 00:04:51 INFO     Batch: [100/120] Epoch: [4] Loss: [1.8437401103501272]
2019-04-07 00:04:51 INFO     Batch: [101/120] Epoch: [4] Loss: [1.843780978053224]
2019-04-07 00:04:52 INFO     Batch: [102/120] Epoch: [4] Loss: [1.8430205629867258]
2019-04-07 00:04:52 INFO     Batch: [103/120] Epoch: [4] Loss: [1.8429352813042128]
2019-04-07 00:04:52 INFO     Batch: [104/120] Epoch: [4] Loss: [1.8427950382232665]
2019-04-07 00:04:52 INFO     Batch: [105/120] Epoch: [4] Loss: [1.8421450144839737]
2019-04-07 00:04:52 INFO     Batch: [106/120] Epoch: [4] Loss: [1.8421191055083943]
2019-04-07 00:04:53 INFO     Batch: [107/120] Epoch: [4] Loss: [1.8417273417667106]
2019-04-07 00:04:53 INFO     Batch: [108/120] Epoch: [4] Loss: [1.8419295932174822]
2019-04-07 00:04:53 INFO     Batch: [109/120] Epoch: [4] Loss: [1.8417008822614496]
2019-04-07 00:04:53 INFO     Batch: [110/120] Epoch: [4] Loss: [1.8415435037097416]
2019-04-07 00:04:53 INFO     Batch: [111/120] Epoch: [4] Loss: [1.840967214533261]
2019-04-07 00:04:54 INFO     Batch: [112/120] Epoch: [4] Loss: [1.840615942414883]
2019-04-07 00:04:54 INFO     Batch: [113/120] Epoch: [4] Loss: [1.8410400884193288]
2019-04-07 00:04:54 INFO     Batch: [114/120] Epoch: [4] Loss: [1.8412552688432777]
2019-04-07 00:04:54 INFO     Batch: [115/120] Epoch: [4] Loss: [1.8412723623473068]
2019-04-07 00:04:54 INFO     Batch: [116/120] Epoch: [4] Loss: [1.841505804632464]
2019-04-07 00:04:55 INFO     Batch: [117/120] Epoch: [4] Loss: [1.841127653243178]
2019-04-07 00:04:55 INFO     Batch: [118/120] Epoch: [4] Loss: [1.8408956127006466]
2019-04-07 00:04:55 INFO     Batch: [119/120] Epoch: [4] Loss: [1.8406320254007975]
2019-04-07 00:04:56 INFO     **************** Epoch: [4/250] Accuracy: [0.22909090909090904] ****************

2019-04-07 00:04:57 INFO     Batch: [0/120] Epoch: [5] Loss: [1.8475712537765503]
2019-04-07 00:04:57 INFO     Batch: [1/120] Epoch: [5] Loss: [1.8387422561645508]
2019-04-07 00:04:57 INFO     Batch: [2/120] Epoch: [5] Loss: [1.8358611663182576]
2019-04-07 00:04:57 INFO     Batch: [3/120] Epoch: [5] Loss: [1.8213814198970795]
2019-04-07 00:04:58 INFO     Batch: [4/120] Epoch: [5] Loss: [1.8100221395492553]
2019-04-07 00:04:58 INFO     Batch: [5/120] Epoch: [5] Loss: [1.816508372624715]
2019-04-07 00:04:58 INFO     Batch: [6/120] Epoch: [5] Loss: [1.8249355384281702]
2019-04-07 00:04:58 INFO     Batch: [7/120] Epoch: [5] Loss: [1.8249401301145554]
2019-04-07 00:04:58 INFO     Batch: [8/120] Epoch: [5] Loss: [1.8241243759791057]
2019-04-07 00:04:59 INFO     Batch: [9/120] Epoch: [5] Loss: [1.8297584176063537]
2019-04-07 00:04:59 INFO     Batch: [10/120] Epoch: [5] Loss: [1.8299905820326372]
2019-04-07 00:04:59 INFO     Batch: [11/120] Epoch: [5] Loss: [1.833593726158142]
2019-04-07 00:04:59 INFO     Batch: [12/120] Epoch: [5] Loss: [1.8324576707986684]
2019-04-07 00:04:59 INFO     Batch: [13/120] Epoch: [5] Loss: [1.8366216932024275]
2019-04-07 00:05:00 INFO     Batch: [14/120] Epoch: [5] Loss: [1.838206672668457]
2019-04-07 00:05:00 INFO     Batch: [15/120] Epoch: [5] Loss: [1.8390670418739319]
2019-04-07 00:05:00 INFO     Batch: [16/120] Epoch: [5] Loss: [1.8384745541740866]
2019-04-07 00:05:00 INFO     Batch: [17/120] Epoch: [5] Loss: [1.8361939589182537]
2019-04-07 00:05:00 INFO     Batch: [18/120] Epoch: [5] Loss: [1.8344037532806396]
2019-04-07 00:05:01 INFO     Batch: [19/120] Epoch: [5] Loss: [1.8330008447170258]
2019-04-07 00:05:01 INFO     Batch: [20/120] Epoch: [5] Loss: [1.8323059536161876]
2019-04-07 00:05:01 INFO     Batch: [21/120] Epoch: [5] Loss: [1.8315862742337314]
2019-04-07 00:05:01 INFO     Batch: [22/120] Epoch: [5] Loss: [1.832474454589512]
2019-04-07 00:05:01 INFO     Batch: [23/120] Epoch: [5] Loss: [1.8300707290569942]
2019-04-07 00:05:02 INFO     Batch: [24/120] Epoch: [5] Loss: [1.8303319883346558]
2019-04-07 00:05:02 INFO     Batch: [25/120] Epoch: [5] Loss: [1.8281350273352404]
2019-04-07 00:05:02 INFO     Batch: [26/120] Epoch: [5] Loss: [1.826427737871806]
2019-04-07 00:05:02 INFO     Batch: [27/120] Epoch: [5] Loss: [1.8251621552876063]
2019-04-07 00:05:02 INFO     Batch: [28/120] Epoch: [5] Loss: [1.8258000694472214]
2019-04-07 00:05:03 INFO     Batch: [29/120] Epoch: [5] Loss: [1.8246509830156963]
2019-04-07 00:05:03 INFO     Batch: [30/120] Epoch: [5] Loss: [1.8247766917751682]
2019-04-07 00:05:03 INFO     Batch: [31/120] Epoch: [5] Loss: [1.8254802078008652]
2019-04-07 00:05:03 INFO     Batch: [32/120] Epoch: [5] Loss: [1.8237360101757627]
2019-04-07 00:05:03 INFO     Batch: [33/120] Epoch: [5] Loss: [1.8243460690273958]
2019-04-07 00:05:04 INFO     Batch: [34/120] Epoch: [5] Loss: [1.8210755280085973]
2019-04-07 00:05:04 INFO     Batch: [35/120] Epoch: [5] Loss: [1.818691545062595]
2019-04-07 00:05:04 INFO     Batch: [36/120] Epoch: [5] Loss: [1.8180284854528066]
2019-04-07 00:05:04 INFO     Batch: [37/120] Epoch: [5] Loss: [1.8179152105983936]
2019-04-07 00:05:04 INFO     Batch: [38/120] Epoch: [5] Loss: [1.8180024257073035]
2019-04-07 00:05:05 INFO     Batch: [39/120] Epoch: [5] Loss: [1.8169600337743759]
2019-04-07 00:05:05 INFO     Batch: [40/120] Epoch: [5] Loss: [1.8162071908392556]
2019-04-07 00:05:05 INFO     Batch: [41/120] Epoch: [5] Loss: [1.815609648114159]
2019-04-07 00:05:05 INFO     Batch: [42/120] Epoch: [5] Loss: [1.8150923862013706]
2019-04-07 00:05:05 INFO     Batch: [43/120] Epoch: [5] Loss: [1.8156706121834842]
2019-04-07 00:05:06 INFO     Batch: [44/120] Epoch: [5] Loss: [1.8145198663075766]
2019-04-07 00:05:06 INFO     Batch: [45/120] Epoch: [5] Loss: [1.813655832539434]
2019-04-07 00:05:06 INFO     Batch: [46/120] Epoch: [5] Loss: [1.813799855556894]
2019-04-07 00:05:06 INFO     Batch: [47/120] Epoch: [5] Loss: [1.8127204750974972]
2019-04-07 00:05:06 INFO     Batch: [48/120] Epoch: [5] Loss: [1.8116461330530595]
2019-04-07 00:05:07 INFO     Batch: [49/120] Epoch: [5] Loss: [1.8121472096443176]
2019-04-07 00:05:07 INFO     Batch: [50/120] Epoch: [5] Loss: [1.8119476332383997]
2019-04-07 00:05:07 INFO     Batch: [51/120] Epoch: [5] Loss: [1.811104655265808]
2019-04-07 00:05:07 INFO     Batch: [52/120] Epoch: [5] Loss: [1.8101510349309669]
2019-04-07 00:05:07 INFO     Batch: [53/120] Epoch: [5] Loss: [1.8094790798646432]
2019-04-07 00:05:08 INFO     Batch: [54/120] Epoch: [5] Loss: [1.8083910833705554]
2019-04-07 00:05:08 INFO     Batch: [55/120] Epoch: [5] Loss: [1.807116619178227]
2019-04-07 00:05:08 INFO     Batch: [56/120] Epoch: [5] Loss: [1.8067103415204768]
2019-04-07 00:05:08 INFO     Batch: [57/120] Epoch: [5] Loss: [1.8067423516306385]
2019-04-07 00:05:08 INFO     Batch: [58/120] Epoch: [5] Loss: [1.8057489496166423]
2019-04-07 00:05:09 INFO     Batch: [59/120] Epoch: [5] Loss: [1.8073495984077455]
2019-04-07 00:05:09 INFO     Batch: [60/120] Epoch: [5] Loss: [1.8081844028879384]
2019-04-07 00:05:09 INFO     Batch: [61/120] Epoch: [5] Loss: [1.8079423692918593]
2019-04-07 00:05:09 INFO     Batch: [62/120] Epoch: [5] Loss: [1.808041358750964]
2019-04-07 00:05:09 INFO     Batch: [63/120] Epoch: [5] Loss: [1.8082193583250046]
2019-04-07 00:05:09 INFO     Batch: [64/120] Epoch: [5] Loss: [1.8087776587559627]
2019-04-07 00:05:10 INFO     Batch: [65/120] Epoch: [5] Loss: [1.8081352457855686]
2019-04-07 00:05:10 INFO     Batch: [66/120] Epoch: [5] Loss: [1.8084499675836136]
2019-04-07 00:05:10 INFO     Batch: [67/120] Epoch: [5] Loss: [1.8081711302785313]
2019-04-07 00:05:10 INFO     Batch: [68/120] Epoch: [5] Loss: [1.8081340928008591]
2019-04-07 00:05:10 INFO     Batch: [69/120] Epoch: [5] Loss: [1.8079106841768537]
2019-04-07 00:05:11 INFO     Batch: [70/120] Epoch: [5] Loss: [1.8069519173931068]
2019-04-07 00:05:11 INFO     Batch: [71/120] Epoch: [5] Loss: [1.8076376914978027]
2019-04-07 00:05:11 INFO     Batch: [72/120] Epoch: [5] Loss: [1.8069774990212428]
2019-04-07 00:05:11 INFO     Batch: [73/120] Epoch: [5] Loss: [1.8054422075684007]
2019-04-07 00:05:11 INFO     Batch: [74/120] Epoch: [5] Loss: [1.8052138980229695]
2019-04-07 00:05:12 INFO     Batch: [75/120] Epoch: [5] Loss: [1.804418339541084]
2019-04-07 00:05:12 INFO     Batch: [76/120] Epoch: [5] Loss: [1.8044920494030048]
2019-04-07 00:05:12 INFO     Batch: [77/120] Epoch: [5] Loss: [1.8042435401525252]
2019-04-07 00:05:12 INFO     Batch: [78/120] Epoch: [5] Loss: [1.803827590580228]
2019-04-07 00:05:12 INFO     Batch: [79/120] Epoch: [5] Loss: [1.8043224200606347]
2019-04-07 00:05:13 INFO     Batch: [80/120] Epoch: [5] Loss: [1.8049955368041992]
2019-04-07 00:05:13 INFO     Batch: [81/120] Epoch: [5] Loss: [1.8057001247638609]
2019-04-07 00:05:13 INFO     Batch: [82/120] Epoch: [5] Loss: [1.8053480113845273]
2019-04-07 00:05:13 INFO     Batch: [83/120] Epoch: [5] Loss: [1.8048480309191204]
2019-04-07 00:05:13 INFO     Batch: [84/120] Epoch: [5] Loss: [1.8050323318032657]
2019-04-07 00:05:14 INFO     Batch: [85/120] Epoch: [5] Loss: [1.8042043267294419]
2019-04-07 00:05:14 INFO     Batch: [86/120] Epoch: [5] Loss: [1.804506286807444]
2019-04-07 00:05:14 INFO     Batch: [87/120] Epoch: [5] Loss: [1.804981291294098]
2019-04-07 00:05:14 INFO     Batch: [88/120] Epoch: [5] Loss: [1.8048854436767234]
2019-04-07 00:05:14 INFO     Batch: [89/120] Epoch: [5] Loss: [1.8047417494985791]
2019-04-07 00:05:15 INFO     Batch: [90/120] Epoch: [5] Loss: [1.8035897396423004]
2019-04-07 00:05:15 INFO     Batch: [91/120] Epoch: [5] Loss: [1.8031949128793634]
2019-04-07 00:05:15 INFO     Batch: [92/120] Epoch: [5] Loss: [1.8035609619591826]
2019-04-07 00:05:15 INFO     Batch: [93/120] Epoch: [5] Loss: [1.8031690780152665]
2019-04-07 00:05:15 INFO     Batch: [94/120] Epoch: [5] Loss: [1.803232132761102]
2019-04-07 00:05:16 INFO     Batch: [95/120] Epoch: [5] Loss: [1.8025705801943939]
2019-04-07 00:05:16 INFO     Batch: [96/120] Epoch: [5] Loss: [1.802002927691666]
2019-04-07 00:05:16 INFO     Batch: [97/120] Epoch: [5] Loss: [1.8017611625243206]
2019-04-07 00:05:16 INFO     Batch: [98/120] Epoch: [5] Loss: [1.801537381278144]
2019-04-07 00:05:16 INFO     Batch: [99/120] Epoch: [5] Loss: [1.8021934998035432]
2019-04-07 00:05:17 INFO     Batch: [100/120] Epoch: [5] Loss: [1.8027349533420978]
2019-04-07 00:05:17 INFO     Batch: [101/120] Epoch: [5] Loss: [1.8027006738326128]
2019-04-07 00:05:17 INFO     Batch: [102/120] Epoch: [5] Loss: [1.8025460983943014]
2019-04-07 00:05:17 INFO     Batch: [103/120] Epoch: [5] Loss: [1.8025753968037093]
2019-04-07 00:05:17 INFO     Batch: [104/120] Epoch: [5] Loss: [1.8026279756001065]
2019-04-07 00:05:18 INFO     Batch: [105/120] Epoch: [5] Loss: [1.8025143978730687]
2019-04-07 00:05:18 INFO     Batch: [106/120] Epoch: [5] Loss: [1.8025560869234745]
2019-04-07 00:05:18 INFO     Batch: [107/120] Epoch: [5] Loss: [1.802581113797647]
2019-04-07 00:05:18 INFO     Batch: [108/120] Epoch: [5] Loss: [1.8016295334614745]
2019-04-07 00:05:18 INFO     Batch: [109/120] Epoch: [5] Loss: [1.8013972314921292]
2019-04-07 00:05:19 INFO     Batch: [110/120] Epoch: [5] Loss: [1.8015670217909254]
2019-04-07 00:05:19 INFO     Batch: [111/120] Epoch: [5] Loss: [1.8019691812140601]
2019-04-07 00:05:19 INFO     Batch: [112/120] Epoch: [5] Loss: [1.8021986495077083]
2019-04-07 00:05:19 INFO     Batch: [113/120] Epoch: [5] Loss: [1.802461026007669]
2019-04-07 00:05:19 INFO     Batch: [114/120] Epoch: [5] Loss: [1.8028885520022848]
2019-04-07 00:05:20 INFO     Batch: [115/120] Epoch: [5] Loss: [1.8030502056253368]
2019-04-07 00:05:20 INFO     Batch: [116/120] Epoch: [5] Loss: [1.8031094716145442]
2019-04-07 00:05:20 INFO     Batch: [117/120] Epoch: [5] Loss: [1.8032850885795335]
2019-04-07 00:05:20 INFO     Batch: [118/120] Epoch: [5] Loss: [1.8033623424898677]
2019-04-07 00:05:20 INFO     Batch: [119/120] Epoch: [5] Loss: [1.8032260239124298]
2019-04-07 00:05:22 INFO     **************** Epoch: [5/250] Accuracy: [0.20072727272727275] ****************

2019-04-07 00:05:22 INFO     Batch: [0/120] Epoch: [6] Loss: [1.8211222887039185]
2019-04-07 00:05:23 INFO     Batch: [1/120] Epoch: [6] Loss: [1.7944663166999817]
2019-04-07 00:05:23 INFO     Batch: [2/120] Epoch: [6] Loss: [1.7742019891738892]
2019-04-07 00:05:23 INFO     Batch: [3/120] Epoch: [6] Loss: [1.786247044801712]
2019-04-07 00:05:23 INFO     Batch: [4/120] Epoch: [6] Loss: [1.7839182376861573]
2019-04-07 00:05:23 INFO     Batch: [5/120] Epoch: [6] Loss: [1.7884526252746582]
2019-04-07 00:05:24 INFO     Batch: [6/120] Epoch: [6] Loss: [1.7993484565189906]
2019-04-07 00:05:24 INFO     Batch: [7/120] Epoch: [6] Loss: [1.8103496879339218]
2019-04-07 00:05:24 INFO     Batch: [8/120] Epoch: [6] Loss: [1.7990255090925429]
2019-04-07 00:05:24 INFO     Batch: [9/120] Epoch: [6] Loss: [1.802031123638153]
2019-04-07 00:05:24 INFO     Batch: [10/120] Epoch: [6] Loss: [1.801751895384355]
2019-04-07 00:05:25 INFO     Batch: [11/120] Epoch: [6] Loss: [1.7999837895234425]
2019-04-07 00:05:25 INFO     Batch: [12/120] Epoch: [6] Loss: [1.8034638808323786]
2019-04-07 00:05:25 INFO     Batch: [13/120] Epoch: [6] Loss: [1.8010231682232447]
2019-04-07 00:05:25 INFO     Batch: [14/120] Epoch: [6] Loss: [1.7962494929631552]
2019-04-07 00:05:25 INFO     Batch: [15/120] Epoch: [6] Loss: [1.796068750321865]
2019-04-07 00:05:26 INFO     Batch: [16/120] Epoch: [6] Loss: [1.7983527744517607]
2019-04-07 00:05:26 INFO     Batch: [17/120] Epoch: [6] Loss: [1.7993375327852037]
2019-04-07 00:05:26 INFO     Batch: [18/120] Epoch: [6] Loss: [1.7973703459689492]
2019-04-07 00:05:26 INFO     Batch: [19/120] Epoch: [6] Loss: [1.794146764278412]
2019-04-07 00:05:26 INFO     Batch: [20/120] Epoch: [6] Loss: [1.7932810953685216]
2019-04-07 00:05:27 INFO     Batch: [21/120] Epoch: [6] Loss: [1.7953802401369268]
2019-04-07 00:05:27 INFO     Batch: [22/120] Epoch: [6] Loss: [1.7939916279004968]
2019-04-07 00:05:27 INFO     Batch: [23/120] Epoch: [6] Loss: [1.7936583707729976]
2019-04-07 00:05:27 INFO     Batch: [24/120] Epoch: [6] Loss: [1.7954255151748657]
2019-04-07 00:05:27 INFO     Batch: [25/120] Epoch: [6] Loss: [1.7969210239557118]
2019-04-07 00:05:28 INFO     Batch: [26/120] Epoch: [6] Loss: [1.7968765673813996]
2019-04-07 00:05:28 INFO     Batch: [27/120] Epoch: [6] Loss: [1.7996786236763]
2019-04-07 00:05:28 INFO     Batch: [28/120] Epoch: [6] Loss: [1.8004758810174877]
2019-04-07 00:05:28 INFO     Batch: [29/120] Epoch: [6] Loss: [1.7979917128880818]
2019-04-07 00:05:28 INFO     Batch: [30/120] Epoch: [6] Loss: [1.7981995151888939]
2019-04-07 00:05:29 INFO     Batch: [31/120] Epoch: [6] Loss: [1.7991055361926556]
2019-04-07 00:05:29 INFO     Batch: [32/120] Epoch: [6] Loss: [1.7989444371425745]
2019-04-07 00:05:29 INFO     Batch: [33/120] Epoch: [6] Loss: [1.799060796990114]
2019-04-07 00:05:29 INFO     Batch: [34/120] Epoch: [6] Loss: [1.8007760320390973]
2019-04-07 00:05:29 INFO     Batch: [35/120] Epoch: [6] Loss: [1.8007457256317139]
2019-04-07 00:05:29 INFO     Batch: [36/120] Epoch: [6] Loss: [1.8008607851492393]
2019-04-07 00:05:30 INFO     Batch: [37/120] Epoch: [6] Loss: [1.8005040193858899]
2019-04-07 00:05:30 INFO     Batch: [38/120] Epoch: [6] Loss: [1.8007852664360633]
2019-04-07 00:05:30 INFO     Batch: [39/120] Epoch: [6] Loss: [1.8023450374603271]
2019-04-07 00:05:30 INFO     Batch: [40/120] Epoch: [6] Loss: [1.80129522230567]
2019-04-07 00:05:30 INFO     Batch: [41/120] Epoch: [6] Loss: [1.8020045558611553]
2019-04-07 00:05:31 INFO     Batch: [42/120] Epoch: [6] Loss: [1.7997262533320937]
2019-04-07 00:05:31 INFO     Batch: [43/120] Epoch: [6] Loss: [1.7990602065216412]
2019-04-07 00:05:31 INFO     Batch: [44/120] Epoch: [6] Loss: [1.7984911653730604]
2019-04-07 00:05:31 INFO     Batch: [45/120] Epoch: [6] Loss: [1.7994740734929624]
2019-04-07 00:05:31 INFO     Batch: [46/120] Epoch: [6] Loss: [1.800399493663869]
2019-04-07 00:05:32 INFO     Batch: [47/120] Epoch: [6] Loss: [1.7997036625941594]
2019-04-07 00:05:32 INFO     Batch: [48/120] Epoch: [6] Loss: [1.7990734114938853]
2019-04-07 00:05:32 INFO     Batch: [49/120] Epoch: [6] Loss: [1.7993868255615235]
2019-04-07 00:05:32 INFO     Batch: [50/120] Epoch: [6] Loss: [1.797807962286706]
2019-04-07 00:05:32 INFO     Batch: [51/120] Epoch: [6] Loss: [1.7975265727593348]
2019-04-07 00:05:33 INFO     Batch: [52/120] Epoch: [6] Loss: [1.797279695294938]
2019-04-07 00:05:33 INFO     Batch: [53/120] Epoch: [6] Loss: [1.795642422305213]
2019-04-07 00:05:33 INFO     Batch: [54/120] Epoch: [6] Loss: [1.7946477391503073]
2019-04-07 00:05:33 INFO     Batch: [55/120] Epoch: [6] Loss: [1.7950763595955712]
2019-04-07 00:05:33 INFO     Batch: [56/120] Epoch: [6] Loss: [1.795921432344537]
2019-04-07 00:05:34 INFO     Batch: [57/120] Epoch: [6] Loss: [1.795252814375121]
2019-04-07 00:05:34 INFO     Batch: [58/120] Epoch: [6] Loss: [1.7942714771981967]
2019-04-07 00:05:34 INFO     Batch: [59/120] Epoch: [6] Loss: [1.7934755742549897]
2019-04-07 00:05:34 INFO     Batch: [60/120] Epoch: [6] Loss: [1.793554997835003]
2019-04-07 00:05:34 INFO     Batch: [61/120] Epoch: [6] Loss: [1.793173232386189]
2019-04-07 00:05:35 INFO     Batch: [62/120] Epoch: [6] Loss: [1.792553290488228]
2019-04-07 00:05:35 INFO     Batch: [63/120] Epoch: [6] Loss: [1.7920604441314936]
2019-04-07 00:05:35 INFO     Batch: [64/120] Epoch: [6] Loss: [1.7919699540505043]
2019-04-07 00:05:35 INFO     Batch: [65/120] Epoch: [6] Loss: [1.7917383710543315]
2019-04-07 00:05:35 INFO     Batch: [66/120] Epoch: [6] Loss: [1.7915392526939733]
2019-04-07 00:05:36 INFO     Batch: [67/120] Epoch: [6] Loss: [1.7921262716545778]
2019-04-07 00:05:36 INFO     Batch: [68/120] Epoch: [6] Loss: [1.7913920620213384]
2019-04-07 00:05:36 INFO     Batch: [69/120] Epoch: [6] Loss: [1.7920643295560563]
2019-04-07 00:05:36 INFO     Batch: [70/120] Epoch: [6] Loss: [1.7917275025810995]
2019-04-07 00:05:36 INFO     Batch: [71/120] Epoch: [6] Loss: [1.7919320778714285]
2019-04-07 00:05:37 INFO     Batch: [72/120] Epoch: [6] Loss: [1.79140704461973]
2019-04-07 00:05:37 INFO     Batch: [73/120] Epoch: [6] Loss: [1.7916581276300791]
2019-04-07 00:05:37 INFO     Batch: [74/120] Epoch: [6] Loss: [1.7913557815551757]
2019-04-07 00:05:37 INFO     Batch: [75/120] Epoch: [6] Loss: [1.7915233248158504]
2019-04-07 00:05:37 INFO     Batch: [76/120] Epoch: [6] Loss: [1.791957906314305]
2019-04-07 00:05:38 INFO     Batch: [77/120] Epoch: [6] Loss: [1.7919856630838835]
2019-04-07 00:05:38 INFO     Batch: [78/120] Epoch: [6] Loss: [1.7922284874735]
2019-04-07 00:05:38 INFO     Batch: [79/120] Epoch: [6] Loss: [1.7929776191711426]
2019-04-07 00:05:38 INFO     Batch: [80/120] Epoch: [6] Loss: [1.7930269447373754]
2019-04-07 00:05:38 INFO     Batch: [81/120] Epoch: [6] Loss: [1.7914073234651147]
2019-04-07 00:05:39 INFO     Batch: [82/120] Epoch: [6] Loss: [1.7908471176423222]
2019-04-07 00:05:39 INFO     Batch: [83/120] Epoch: [6] Loss: [1.7916258445807867]
2019-04-07 00:05:39 INFO     Batch: [84/120] Epoch: [6] Loss: [1.7918178291881786]
2019-04-07 00:05:39 INFO     Batch: [85/120] Epoch: [6] Loss: [1.7917265379151632]
2019-04-07 00:05:39 INFO     Batch: [86/120] Epoch: [6] Loss: [1.792120712927018]
2019-04-07 00:05:40 INFO     Batch: [87/120] Epoch: [6] Loss: [1.79203324155374]
2019-04-07 00:05:40 INFO     Batch: [88/120] Epoch: [6] Loss: [1.7918595959631245]
2019-04-07 00:05:40 INFO     Batch: [89/120] Epoch: [6] Loss: [1.792625814014011]
2019-04-07 00:05:40 INFO     Batch: [90/120] Epoch: [6] Loss: [1.7927434732625773]
2019-04-07 00:05:40 INFO     Batch: [91/120] Epoch: [6] Loss: [1.792886399704477]
2019-04-07 00:05:41 INFO     Batch: [92/120] Epoch: [6] Loss: [1.793145493794513]
2019-04-07 00:05:41 INFO     Batch: [93/120] Epoch: [6] Loss: [1.7929480874792059]
2019-04-07 00:05:41 INFO     Batch: [94/120] Epoch: [6] Loss: [1.7931707156331915]
2019-04-07 00:05:41 INFO     Batch: [95/120] Epoch: [6] Loss: [1.7933618240058422]
2019-04-07 00:05:41 INFO     Batch: [96/120] Epoch: [6] Loss: [1.7938769478158854]
2019-04-07 00:05:41 INFO     Batch: [97/120] Epoch: [6] Loss: [1.793404524423638]
2019-04-07 00:05:42 INFO     Batch: [98/120] Epoch: [6] Loss: [1.7935641991971718]
2019-04-07 00:05:42 INFO     Batch: [99/120] Epoch: [6] Loss: [1.7935044133663178]
2019-04-07 00:05:42 INFO     Batch: [100/120] Epoch: [6] Loss: [1.7932441482449522]
2019-04-07 00:05:42 INFO     Batch: [101/120] Epoch: [6] Loss: [1.7935794147790647]
2019-04-07 00:05:42 INFO     Batch: [102/120] Epoch: [6] Loss: [1.7931373073059378]
2019-04-07 00:05:43 INFO     Batch: [103/120] Epoch: [6] Loss: [1.793306907782188]
2019-04-07 00:05:43 INFO     Batch: [104/120] Epoch: [6] Loss: [1.793431308155968]
2019-04-07 00:05:43 INFO     Batch: [105/120] Epoch: [6] Loss: [1.7931057990721937]
2019-04-07 00:05:43 INFO     Batch: [106/120] Epoch: [6] Loss: [1.792613100782733]
2019-04-07 00:05:43 INFO     Batch: [107/120] Epoch: [6] Loss: [1.7924479853223871]
2019-04-07 00:05:44 INFO     Batch: [108/120] Epoch: [6] Loss: [1.79236177129483]
2019-04-07 00:05:44 INFO     Batch: [109/120] Epoch: [6] Loss: [1.7922387404875322]
2019-04-07 00:05:44 INFO     Batch: [110/120] Epoch: [6] Loss: [1.7920634950603451]
2019-04-07 00:05:44 INFO     Batch: [111/120] Epoch: [6] Loss: [1.7917413264513016]
2019-04-07 00:05:44 INFO     Batch: [112/120] Epoch: [6] Loss: [1.791090833402313]
2019-04-07 00:05:45 INFO     Batch: [113/120] Epoch: [6] Loss: [1.7914109606491893]
2019-04-07 00:05:45 INFO     Batch: [114/120] Epoch: [6] Loss: [1.7911208525947901]
2019-04-07 00:05:45 INFO     Batch: [115/120] Epoch: [6] Loss: [1.7907157129254834]
2019-04-07 00:05:45 INFO     Batch: [116/120] Epoch: [6] Loss: [1.7907531567108936]
2019-04-07 00:05:45 INFO     Batch: [117/120] Epoch: [6] Loss: [1.7907082600108648]
2019-04-07 00:05:46 INFO     Batch: [118/120] Epoch: [6] Loss: [1.7909384294718254]
2019-04-07 00:05:46 INFO     Batch: [119/120] Epoch: [6] Loss: [1.7909848113854727]
2019-04-07 00:05:47 INFO     **************** Epoch: [6/250] Accuracy: [0.17909090909090908] ****************

2019-04-07 00:05:48 INFO     Batch: [0/120] Epoch: [7] Loss: [1.8288007974624634]
2019-04-07 00:05:48 INFO     Batch: [1/120] Epoch: [7] Loss: [1.7999153137207031]
2019-04-07 00:05:48 INFO     Batch: [2/120] Epoch: [7] Loss: [1.792388637860616]
2019-04-07 00:05:48 INFO     Batch: [3/120] Epoch: [7] Loss: [1.7969794571399689]
2019-04-07 00:05:49 INFO     Batch: [4/120] Epoch: [7] Loss: [1.7979838609695435]
2019-04-07 00:05:49 INFO     Batch: [5/120] Epoch: [7] Loss: [1.800743043422699]
2019-04-07 00:05:49 INFO     Batch: [6/120] Epoch: [7] Loss: [1.7978767326899938]
2019-04-07 00:05:49 INFO     Batch: [7/120] Epoch: [7] Loss: [1.7947648912668228]
2019-04-07 00:05:49 INFO     Batch: [8/120] Epoch: [7] Loss: [1.7923272450764973]
2019-04-07 00:05:50 INFO     Batch: [9/120] Epoch: [7] Loss: [1.799003040790558]
2019-04-07 00:05:50 INFO     Batch: [10/120] Epoch: [7] Loss: [1.7939111102711072]
2019-04-07 00:05:50 INFO     Batch: [11/120] Epoch: [7] Loss: [1.796968549489975]
2019-04-07 00:05:50 INFO     Batch: [12/120] Epoch: [7] Loss: [1.7955519144351666]
2019-04-07 00:05:50 INFO     Batch: [13/120] Epoch: [7] Loss: [1.7924649289676122]
2019-04-07 00:05:51 INFO     Batch: [14/120] Epoch: [7] Loss: [1.7912402470906577]
2019-04-07 00:05:51 INFO     Batch: [15/120] Epoch: [7] Loss: [1.7872249260544777]
2019-04-07 00:05:51 INFO     Batch: [16/120] Epoch: [7] Loss: [1.790105335852679]
2019-04-07 00:05:51 INFO     Batch: [17/120] Epoch: [7] Loss: [1.7880389557944403]
2019-04-07 00:05:51 INFO     Batch: [18/120] Epoch: [7] Loss: [1.7878225100667853]
