2019-04-14 18:42:22 INFO     Loading Data
2019-04-14 18:42:25 INFO     Model Setting Up
2019-04-14 18:42:30 INFO     train_dir : [../mnist/train]
2019-04-14 18:42:30 INFO     test_dir : [../mnist/test]
2019-04-14 18:42:30 INFO     save_dir : [./save]
2019-04-14 18:42:30 INFO     num_epochs : [500]
2019-04-14 18:42:30 INFO     batch_size : [300]
2019-04-14 18:42:30 INFO     num_points : [512]
2019-04-14 18:42:30 INFO     sigma : [0.05]
2019-04-14 18:42:30 INFO     log_interval : [1000]
2019-04-14 18:42:30 INFO     save_interval : [50]
2019-04-14 18:42:30 INFO     baselr : [5e-05]
2019-04-14 18:42:30 INFO     density_radius : [0.2]
2019-04-14 18:42:30 INFO     feature_out1 : [8]
2019-04-14 18:42:30 INFO     feature_out2 : [16]
2019-04-14 18:42:30 INFO     feature_out3 : [32]
2019-04-14 18:42:30 INFO     feature_out4 : [64]
2019-04-14 18:42:30 INFO     feature_out5 : [128]
2019-04-14 18:42:30 INFO     num_classes : [10]
2019-04-14 18:42:30 INFO     bandwidth_0 : [10]
2019-04-14 18:42:30 INFO     bandwidth_out1 : [10]
2019-04-14 18:42:30 INFO     bandwidth_out2 : [8]
2019-04-14 18:42:30 INFO     bandwidth_out3 : [6]
2019-04-14 18:42:30 INFO     bandwidth_out4 : [4]
2019-04-14 18:42:30 INFO     bandwidth_out5 : [2]
2019-04-14 18:42:30 INFO     resume_training : [0]
2019-04-14 18:42:30 INFO     Start Training
2019-04-14 18:42:30 INFO     Saved model checkpoints into ./save/2019-04-14_18-42-30-model.ckpt...
2019-04-14 18:42:37 INFO     Batch: [0/200] Epoch: [0] Loss: [2.311058282852173]
2019-04-14 18:42:37 INFO     Batch: [1/200] Epoch: [0] Loss: [2.3051211833953857]
2019-04-14 18:42:37 INFO     Batch: [2/200] Epoch: [0] Loss: [2.3058524131774902]
2019-04-14 18:42:37 INFO     Batch: [3/200] Epoch: [0] Loss: [2.307463526725769]
2019-04-14 18:42:38 INFO     Batch: [4/200] Epoch: [0] Loss: [2.307460069656372]
2019-04-14 18:42:38 INFO     Batch: [5/200] Epoch: [0] Loss: [2.30646280447642]
2019-04-14 18:42:38 INFO     Batch: [6/200] Epoch: [0] Loss: [2.3043323244367326]
2019-04-14 18:42:39 INFO     Batch: [7/200] Epoch: [0] Loss: [2.303945153951645]
2019-04-14 18:42:39 INFO     Batch: [8/200] Epoch: [0] Loss: [2.3029546472761364]
2019-04-14 18:42:39 INFO     Batch: [9/200] Epoch: [0] Loss: [2.3016222715377808]
2019-04-14 18:42:39 INFO     Batch: [10/200] Epoch: [0] Loss: [2.300517103888772]
2019-04-14 18:42:40 INFO     Batch: [11/200] Epoch: [0] Loss: [2.2993990778923035]
2019-04-14 18:42:40 INFO     Batch: [12/200] Epoch: [0] Loss: [2.298861466921293]
2019-04-14 18:42:40 INFO     Batch: [13/200] Epoch: [0] Loss: [2.2978902544294084]
2019-04-14 18:42:40 INFO     Batch: [14/200] Epoch: [0] Loss: [2.297351280848185]
2019-04-14 18:42:41 INFO     Batch: [15/200] Epoch: [0] Loss: [2.2966662645339966]
2019-04-14 18:42:41 INFO     Batch: [16/200] Epoch: [0] Loss: [2.295830894919003]
2019-04-14 18:42:41 INFO     Batch: [17/200] Epoch: [0] Loss: [2.2943981753455267]
2019-04-14 18:42:41 INFO     Batch: [18/200] Epoch: [0] Loss: [2.2935068230879936]
2019-04-14 18:42:42 INFO     Batch: [19/200] Epoch: [0] Loss: [2.292423903942108]
2019-04-14 18:42:42 INFO     Batch: [20/200] Epoch: [0] Loss: [2.291634196326846]
2019-04-14 18:42:42 INFO     Batch: [21/200] Epoch: [0] Loss: [2.290676398710771]
2019-04-14 18:42:42 INFO     Batch: [22/200] Epoch: [0] Loss: [2.289761719496354]
2019-04-14 18:42:43 INFO     Batch: [23/200] Epoch: [0] Loss: [2.288649837176005]
2019-04-14 18:42:43 INFO     Batch: [24/200] Epoch: [0] Loss: [2.2878962707519532]
2019-04-14 18:42:43 INFO     Batch: [25/200] Epoch: [0] Loss: [2.286620552723224]
2019-04-14 18:42:44 INFO     Batch: [26/200] Epoch: [0] Loss: [2.2858649536415383]
2019-04-14 18:42:44 INFO     Batch: [27/200] Epoch: [0] Loss: [2.2852383852005005]
2019-04-14 18:42:44 INFO     Batch: [28/200] Epoch: [0] Loss: [2.2845202150015997]
2019-04-14 18:42:44 INFO     Batch: [29/200] Epoch: [0] Loss: [2.28378533522288]
2019-04-14 18:42:45 INFO     Batch: [30/200] Epoch: [0] Loss: [2.2832227522327053]
2019-04-14 18:42:45 INFO     Batch: [31/200] Epoch: [0] Loss: [2.2823123559355736]
2019-04-14 18:42:45 INFO     Batch: [32/200] Epoch: [0] Loss: [2.281505013957168]
2019-04-14 18:42:45 INFO     Batch: [33/200] Epoch: [0] Loss: [2.280426831806407]
2019-04-14 18:42:46 INFO     Batch: [34/200] Epoch: [0] Loss: [2.2795034749167304]
2019-04-14 18:42:46 INFO     Batch: [35/200] Epoch: [0] Loss: [2.2786428332328796]
2019-04-14 18:42:46 INFO     Batch: [36/200] Epoch: [0] Loss: [2.27802308830055]
2019-04-14 18:42:46 INFO     Batch: [37/200] Epoch: [0] Loss: [2.277285193142138]
2019-04-14 18:42:47 INFO     Batch: [38/200] Epoch: [0] Loss: [2.276630597236829]
2019-04-14 18:42:47 INFO     Batch: [39/200] Epoch: [0] Loss: [2.275834733247757]
2019-04-14 18:42:47 INFO     Batch: [40/200] Epoch: [0] Loss: [2.2749867788175258]
2019-04-14 18:42:48 INFO     Batch: [41/200] Epoch: [0] Loss: [2.274053863116673]
2019-04-14 18:42:48 INFO     Batch: [42/200] Epoch: [0] Loss: [2.273299511088881]
2019-04-14 18:42:48 INFO     Batch: [43/200] Epoch: [0] Loss: [2.2724172743884]
2019-04-14 18:42:48 INFO     Batch: [44/200] Epoch: [0] Loss: [2.2717810577816433]
2019-04-14 18:42:49 INFO     Batch: [45/200] Epoch: [0] Loss: [2.271042445431585]
2019-04-14 18:42:49 INFO     Batch: [46/200] Epoch: [0] Loss: [2.2701164154296225]
2019-04-14 18:42:49 INFO     Batch: [47/200] Epoch: [0] Loss: [2.2691951791445413]
2019-04-14 18:42:49 INFO     Batch: [48/200] Epoch: [0] Loss: [2.2681686002380994]
2019-04-14 18:42:50 INFO     Batch: [49/200] Epoch: [0] Loss: [2.2672118949890137]
2019-04-14 18:42:50 INFO     Batch: [50/200] Epoch: [0] Loss: [2.2663106076857624]
2019-04-14 18:42:50 INFO     Batch: [51/200] Epoch: [0] Loss: [2.2652821036485524]
2019-04-14 18:42:50 INFO     Batch: [52/200] Epoch: [0] Loss: [2.264271272803253]
2019-04-14 18:42:51 INFO     Batch: [53/200] Epoch: [0] Loss: [2.2632062126089028]
2019-04-14 18:42:51 INFO     Batch: [54/200] Epoch: [0] Loss: [2.26249680519104]
2019-04-14 18:42:51 INFO     Batch: [55/200] Epoch: [0] Loss: [2.261617417846407]
2019-04-14 18:42:52 INFO     Batch: [56/200] Epoch: [0] Loss: [2.260509645729734]
2019-04-14 18:42:52 INFO     Batch: [57/200] Epoch: [0] Loss: [2.259615478844478]
2019-04-14 18:42:52 INFO     Batch: [58/200] Epoch: [0] Loss: [2.2586262832253667]
2019-04-14 18:42:52 INFO     Batch: [59/200] Epoch: [0] Loss: [2.257810342311859]
2019-04-14 18:42:53 INFO     Batch: [60/200] Epoch: [0] Loss: [2.2567156768236005]
2019-04-14 18:42:53 INFO     Batch: [61/200] Epoch: [0] Loss: [2.255756847320064]
2019-04-14 18:42:53 INFO     Batch: [62/200] Epoch: [0] Loss: [2.2549971928672186]
2019-04-14 18:42:53 INFO     Batch: [63/200] Epoch: [0] Loss: [2.254120521247387]
2019-04-14 18:42:54 INFO     Batch: [64/200] Epoch: [0] Loss: [2.2531866807204026]
2019-04-14 18:42:54 INFO     Batch: [65/200] Epoch: [0] Loss: [2.2523292303085327]
2019-04-14 18:42:54 INFO     Batch: [66/200] Epoch: [0] Loss: [2.251614741425016]
2019-04-14 18:42:54 INFO     Batch: [67/200] Epoch: [0] Loss: [2.2505506066715015]
2019-04-14 18:42:55 INFO     Batch: [68/200] Epoch: [0] Loss: [2.2495644852734995]
2019-04-14 18:42:55 INFO     Batch: [69/200] Epoch: [0] Loss: [2.248519607952663]
2019-04-14 18:42:55 INFO     Batch: [70/200] Epoch: [0] Loss: [2.247633010568753]
2019-04-14 18:42:56 INFO     Batch: [71/200] Epoch: [0] Loss: [2.2465711335341134]
2019-04-14 18:42:56 INFO     Batch: [72/200] Epoch: [0] Loss: [2.2456167495414]
2019-04-14 18:42:56 INFO     Batch: [73/200] Epoch: [0] Loss: [2.244809952942101]
2019-04-14 18:42:56 INFO     Batch: [74/200] Epoch: [0] Loss: [2.243877684275309]
2019-04-14 18:42:57 INFO     Batch: [75/200] Epoch: [0] Loss: [2.243136995717099]
2019-04-14 18:42:57 INFO     Batch: [76/200] Epoch: [0] Loss: [2.242311242338899]
2019-04-14 18:42:57 INFO     Batch: [77/200] Epoch: [0] Loss: [2.241270734713628]
2019-04-14 18:42:57 INFO     Batch: [78/200] Epoch: [0] Loss: [2.2402945047692406]
2019-04-14 18:42:58 INFO     Batch: [79/200] Epoch: [0] Loss: [2.2394450694322585]
2019-04-14 18:42:58 INFO     Batch: [80/200] Epoch: [0] Loss: [2.238094238587368]
2019-04-14 18:42:58 INFO     Batch: [81/200] Epoch: [0] Loss: [2.237172478582801]
2019-04-14 18:42:58 INFO     Batch: [82/200] Epoch: [0] Loss: [2.2363219261169434]
2019-04-14 18:42:59 INFO     Batch: [83/200] Epoch: [0] Loss: [2.235249400138855]
2019-04-14 18:42:59 INFO     Batch: [84/200] Epoch: [0] Loss: [2.234266368080588]
2019-04-14 18:42:59 INFO     Batch: [85/200] Epoch: [0] Loss: [2.2333385445350826]
2019-04-14 18:43:00 INFO     Batch: [86/200] Epoch: [0] Loss: [2.2324320091598335]
2019-04-14 18:43:00 INFO     Batch: [87/200] Epoch: [0] Loss: [2.2317445874214172]
2019-04-14 18:43:00 INFO     Batch: [88/200] Epoch: [0] Loss: [2.2306972246491505]
2019-04-14 18:43:00 INFO     Batch: [89/200] Epoch: [0] Loss: [2.2296779447131687]
2019-04-14 18:43:01 INFO     Batch: [90/200] Epoch: [0] Loss: [2.2286087156652092]
2019-04-14 18:43:01 INFO     Batch: [91/200] Epoch: [0] Loss: [2.227826338747273]
2019-04-14 18:43:01 INFO     Batch: [92/200] Epoch: [0] Loss: [2.2266976397524596]
2019-04-14 18:43:01 INFO     Batch: [93/200] Epoch: [0] Loss: [2.225381262758945]
2019-04-14 18:43:02 INFO     Batch: [94/200] Epoch: [0] Loss: [2.2243270874023438]
2019-04-14 18:43:02 INFO     Batch: [95/200] Epoch: [0] Loss: [2.223601626853148]
2019-04-14 18:43:02 INFO     Batch: [96/200] Epoch: [0] Loss: [2.2226726640131056]
2019-04-14 18:43:02 INFO     Batch: [97/200] Epoch: [0] Loss: [2.2220578485605667]
2019-04-14 18:43:03 INFO     Batch: [98/200] Epoch: [0] Loss: [2.221164932154646]
2019-04-14 18:43:03 INFO     Batch: [99/200] Epoch: [0] Loss: [2.22022358417511]
2019-04-14 18:43:03 INFO     Batch: [100/200] Epoch: [0] Loss: [2.219208221624393]
2019-04-14 18:43:04 INFO     Batch: [101/200] Epoch: [0] Loss: [2.218458883902606]
2019-04-14 18:43:04 INFO     Batch: [102/200] Epoch: [0] Loss: [2.2175415765891953]
2019-04-14 18:43:04 INFO     Batch: [103/200] Epoch: [0] Loss: [2.216596546081396]
2019-04-14 18:43:04 INFO     Batch: [104/200] Epoch: [0] Loss: [2.2158043452671596]
2019-04-14 18:43:05 INFO     Batch: [105/200] Epoch: [0] Loss: [2.2149640051823742]
2019-04-14 18:43:05 INFO     Batch: [106/200] Epoch: [0] Loss: [2.2137061702870877]
2019-04-14 18:43:05 INFO     Batch: [107/200] Epoch: [0] Loss: [2.2127639342237404]
2019-04-14 18:43:05 INFO     Batch: [108/200] Epoch: [0] Loss: [2.2118367755084956]
2019-04-14 18:43:06 INFO     Batch: [109/200] Epoch: [0] Loss: [2.210849497535012]
2019-04-14 18:43:06 INFO     Batch: [110/200] Epoch: [0] Loss: [2.210005657092945]
2019-04-14 18:43:06 INFO     Batch: [111/200] Epoch: [0] Loss: [2.20910906791687]
2019-04-14 18:43:06 INFO     Batch: [112/200] Epoch: [0] Loss: [2.208210980997676]
2019-04-14 18:43:07 INFO     Batch: [113/200] Epoch: [0] Loss: [2.2071172584567154]
2019-04-14 18:43:07 INFO     Batch: [114/200] Epoch: [0] Loss: [2.2065076599950375]
2019-04-14 18:43:07 INFO     Batch: [115/200] Epoch: [0] Loss: [2.205437353972731]
2019-04-14 18:43:08 INFO     Batch: [116/200] Epoch: [0] Loss: [2.204401152765649]
2019-04-14 18:43:08 INFO     Batch: [117/200] Epoch: [0] Loss: [2.2036796990087475]
2019-04-14 18:43:08 INFO     Batch: [118/200] Epoch: [0] Loss: [2.2028312823351692]
2019-04-14 18:43:08 INFO     Batch: [119/200] Epoch: [0] Loss: [2.2018123030662538]
2019-04-14 18:43:09 INFO     Batch: [120/200] Epoch: [0] Loss: [2.2006136149414313]
2019-04-14 18:43:09 INFO     Batch: [121/200] Epoch: [0] Loss: [2.1994987804381574]
2019-04-14 18:43:09 INFO     Batch: [122/200] Epoch: [0] Loss: [2.1984312573099523]
2019-04-14 18:43:09 INFO     Batch: [123/200] Epoch: [0] Loss: [2.1980505489533946]
2019-04-14 18:43:10 INFO     Batch: [124/200] Epoch: [0] Loss: [2.19711114692688]
2019-04-14 18:43:10 INFO     Batch: [125/200] Epoch: [0] Loss: [2.196299475336832]
2019-04-14 18:43:10 INFO     Batch: [126/200] Epoch: [0] Loss: [2.195330837580163]
2019-04-14 18:43:10 INFO     Batch: [127/200] Epoch: [0] Loss: [2.194082882255316]
2019-04-14 18:43:11 INFO     Batch: [128/200] Epoch: [0] Loss: [2.1936219200607416]
2019-04-14 18:43:11 INFO     Batch: [129/200] Epoch: [0] Loss: [2.192478053386395]
2019-04-14 18:43:11 INFO     Batch: [130/200] Epoch: [0] Loss: [2.1915923620908315]
2019-04-14 18:43:11 INFO     Batch: [131/200] Epoch: [0] Loss: [2.190443459785346]
2019-04-14 18:43:12 INFO     Batch: [132/200] Epoch: [0] Loss: [2.189553081541133]
2019-04-14 18:43:12 INFO     Batch: [133/200] Epoch: [0] Loss: [2.1887382482414814]
2019-04-14 18:43:12 INFO     Batch: [134/200] Epoch: [0] Loss: [2.1879340383741592]
2019-04-14 18:43:13 INFO     Batch: [135/200] Epoch: [0] Loss: [2.187057716004989]
2019-04-14 18:43:13 INFO     Batch: [136/200] Epoch: [0] Loss: [2.186248982909822]
2019-04-14 18:43:13 INFO     Batch: [137/200] Epoch: [0] Loss: [2.1851991622344307]
2019-04-14 18:43:13 INFO     Batch: [138/200] Epoch: [0] Loss: [2.1845241845082892]
2019-04-14 18:43:14 INFO     Batch: [139/200] Epoch: [0] Loss: [2.183657908439636]
2019-04-14 18:43:14 INFO     Batch: [140/200] Epoch: [0] Loss: [2.1828839153262742]
2019-04-14 18:43:14 INFO     Batch: [141/200] Epoch: [0] Loss: [2.1820330468701643]
2019-04-14 18:43:14 INFO     Batch: [142/200] Epoch: [0] Loss: [2.1812855180326873]
2019-04-14 18:43:15 INFO     Batch: [143/200] Epoch: [0] Loss: [2.180429458618164]
2019-04-14 18:43:15 INFO     Batch: [144/200] Epoch: [0] Loss: [2.1796384679860084]
2019-04-14 18:43:15 INFO     Batch: [145/200] Epoch: [0] Loss: [2.17847721707331]
2019-04-14 18:43:15 INFO     Batch: [146/200] Epoch: [0] Loss: [2.177256098409899]
2019-04-14 18:43:16 INFO     Batch: [147/200] Epoch: [0] Loss: [2.17646418954875]
2019-04-14 18:43:16 INFO     Batch: [148/200] Epoch: [0] Loss: [2.175826319912136]
2019-04-14 18:43:16 INFO     Batch: [149/200] Epoch: [0] Loss: [2.1747841747601826]
2019-04-14 18:43:17 INFO     Batch: [150/200] Epoch: [0] Loss: [2.173796746115021]
2019-04-14 18:43:17 INFO     Batch: [151/200] Epoch: [0] Loss: [2.172875025554707]
2019-04-14 18:43:17 INFO     Batch: [152/200] Epoch: [0] Loss: [2.1717825302111557]
2019-04-14 18:43:17 INFO     Batch: [153/200] Epoch: [0] Loss: [2.171032347462394]
2019-04-14 18:43:18 INFO     Batch: [154/200] Epoch: [0] Loss: [2.1702446806815363]
2019-04-14 18:43:18 INFO     Batch: [155/200] Epoch: [0] Loss: [2.1691981225441666]
2019-04-14 18:43:18 INFO     Batch: [156/200] Epoch: [0] Loss: [2.1683307886123657]
2019-04-14 18:43:18 INFO     Batch: [157/200] Epoch: [0] Loss: [2.167286119129084]
2019-04-14 18:43:19 INFO     Batch: [158/200] Epoch: [0] Loss: [2.1665728969394036]
2019-04-14 18:43:19 INFO     Batch: [159/200] Epoch: [0] Loss: [2.1659283064305783]
2019-04-14 18:43:19 INFO     Batch: [160/200] Epoch: [0] Loss: [2.165442251270602]
2019-04-14 18:43:19 INFO     Batch: [161/200] Epoch: [0] Loss: [2.1645783796722506]
2019-04-14 18:43:20 INFO     Batch: [162/200] Epoch: [0] Loss: [2.1641046467002916]
2019-04-14 18:43:20 INFO     Batch: [163/200] Epoch: [0] Loss: [2.1635033379240736]
2019-04-14 18:43:20 INFO     Batch: [164/200] Epoch: [0] Loss: [2.162668624791232]
2019-04-14 18:43:21 INFO     Batch: [165/200] Epoch: [0] Loss: [2.1615736822047866]
2019-04-14 18:43:21 INFO     Batch: [166/200] Epoch: [0] Loss: [2.1604517526969222]
2019-04-14 18:43:21 INFO     Batch: [167/200] Epoch: [0] Loss: [2.1594878349985396]
2019-04-14 18:43:21 INFO     Batch: [168/200] Epoch: [0] Loss: [2.158888816833496]
2019-04-14 18:43:22 INFO     Batch: [169/200] Epoch: [0] Loss: [2.1580139538821053]
2019-04-14 18:43:22 INFO     Batch: [170/200] Epoch: [0] Loss: [2.157173128853067]
2019-04-14 18:43:22 INFO     Batch: [171/200] Epoch: [0] Loss: [2.1563535998033925]
2019-04-14 18:43:22 INFO     Batch: [172/200] Epoch: [0] Loss: [2.155591735950095]
2019-04-14 18:43:23 INFO     Batch: [173/200] Epoch: [0] Loss: [2.154570440451304]
2019-04-14 18:43:23 INFO     Batch: [174/200] Epoch: [0] Loss: [2.154066312653678]
2019-04-14 18:43:23 INFO     Batch: [175/200] Epoch: [0] Loss: [2.1532829370010984]
2019-04-14 18:43:23 INFO     Batch: [176/200] Epoch: [0] Loss: [2.1524978364254794]
2019-04-14 18:43:24 INFO     Batch: [177/200] Epoch: [0] Loss: [2.1518176117639864]
2019-04-14 18:43:24 INFO     Batch: [178/200] Epoch: [0] Loss: [2.1507874700610197]
2019-04-14 18:43:24 INFO     Batch: [179/200] Epoch: [0] Loss: [2.1499419887860616]
2019-04-14 18:43:25 INFO     Batch: [180/200] Epoch: [0] Loss: [2.1489490303545367]
2019-04-14 18:43:25 INFO     Batch: [181/200] Epoch: [0] Loss: [2.1482030899970086]
2019-04-14 18:43:25 INFO     Batch: [182/200] Epoch: [0] Loss: [2.1474952658668895]
2019-04-14 18:43:25 INFO     Batch: [183/200] Epoch: [0] Loss: [2.146830687056417]
2019-04-14 18:43:26 INFO     Batch: [184/200] Epoch: [0] Loss: [2.145951599043769]
2019-04-14 18:43:26 INFO     Batch: [185/200] Epoch: [0] Loss: [2.145556631267712]
2019-04-14 18:43:26 INFO     Batch: [186/200] Epoch: [0] Loss: [2.1446073877620186]
2019-04-14 18:43:26 INFO     Batch: [187/200] Epoch: [0] Loss: [2.1437099487223525]
2019-04-14 18:43:27 INFO     Batch: [188/200] Epoch: [0] Loss: [2.1429960992601185]
2019-04-14 18:43:27 INFO     Batch: [189/200] Epoch: [0] Loss: [2.1420248677856044]
2019-04-14 18:43:27 INFO     Batch: [190/200] Epoch: [0] Loss: [2.141655594266522]
2019-04-14 18:43:27 INFO     Batch: [191/200] Epoch: [0] Loss: [2.141016064211726]
2019-04-14 18:43:28 INFO     Batch: [192/200] Epoch: [0] Loss: [2.14004060826771]
2019-04-14 18:43:28 INFO     Batch: [193/200] Epoch: [0] Loss: [2.1392204220761957]
2019-04-14 18:43:28 INFO     Batch: [194/200] Epoch: [0] Loss: [2.1384284496307373]
2019-04-14 18:43:29 INFO     Batch: [195/200] Epoch: [0] Loss: [2.1375224912653166]
2019-04-14 18:43:29 INFO     Batch: [196/200] Epoch: [0] Loss: [2.1367585059955037]
2019-04-14 18:43:29 INFO     Batch: [197/200] Epoch: [0] Loss: [2.1362655650485647]
2019-04-14 18:43:29 INFO     Batch: [198/200] Epoch: [0] Loss: [2.1353878411815392]
2019-04-14 18:43:30 INFO     Batch: [199/200] Epoch: [0] Loss: [2.1343814635276797]
2019-04-14 18:43:31 INFO     **************** Epoch: [0/500] Accuracy: [0.04666666666666666] ****************

2019-04-14 18:43:32 INFO     Batch: [0/200] Epoch: [1] Loss: [1.9729695320129395]
2019-04-14 18:43:32 INFO     Batch: [1/200] Epoch: [1] Loss: [1.9683056473731995]
2019-04-14 18:43:32 INFO     Batch: [2/200] Epoch: [1] Loss: [1.9674700101216633]
2019-04-14 18:43:32 INFO     Batch: [3/200] Epoch: [1] Loss: [1.963769018650055]
2019-04-14 18:43:33 INFO     Batch: [4/200] Epoch: [1] Loss: [1.9589233875274659]
2019-04-14 18:43:33 INFO     Batch: [5/200] Epoch: [1] Loss: [1.9509034355481465]
2019-04-14 18:43:33 INFO     Batch: [6/200] Epoch: [1] Loss: [1.9570531163896834]
2019-04-14 18:43:34 INFO     Batch: [7/200] Epoch: [1] Loss: [1.9566296488046646]
2019-04-14 18:43:34 INFO     Batch: [8/200] Epoch: [1] Loss: [1.9616900152630277]
2019-04-14 18:43:34 INFO     Batch: [9/200] Epoch: [1] Loss: [1.9610212802886964]
2019-04-14 18:43:34 INFO     Batch: [10/200] Epoch: [1] Loss: [1.9656541347503662]
2019-04-14 18:43:35 INFO     Batch: [11/200] Epoch: [1] Loss: [1.963190774122874]
2019-04-14 18:43:35 INFO     Batch: [12/200] Epoch: [1] Loss: [1.964330636537992]
2019-04-14 18:43:35 INFO     Batch: [13/200] Epoch: [1] Loss: [1.9642343776566642]
2019-04-14 18:43:35 INFO     Batch: [14/200] Epoch: [1] Loss: [1.9652214288711547]
2019-04-14 18:43:36 INFO     Batch: [15/200] Epoch: [1] Loss: [1.9658464267849922]
2019-04-14 18:43:36 INFO     Batch: [16/200] Epoch: [1] Loss: [1.9600057321436264]
2019-04-14 18:43:36 INFO     Batch: [17/200] Epoch: [1] Loss: [1.955555624432034]
2019-04-14 18:43:36 INFO     Batch: [18/200] Epoch: [1] Loss: [1.9572535502283197]
2019-04-14 18:43:37 INFO     Batch: [19/200] Epoch: [1] Loss: [1.9577405750751495]
2019-04-14 18:43:37 INFO     Batch: [20/200] Epoch: [1] Loss: [1.9588723750341506]
2019-04-14 18:43:37 INFO     Batch: [21/200] Epoch: [1] Loss: [1.9590673771771518]
2019-04-14 18:43:38 INFO     Batch: [22/200] Epoch: [1] Loss: [1.960607269535894]
2019-04-14 18:43:38 INFO     Batch: [23/200] Epoch: [1] Loss: [1.9568735907475154]
2019-04-14 18:43:38 INFO     Batch: [24/200] Epoch: [1] Loss: [1.9560974359512329]
2019-04-14 18:43:38 INFO     Batch: [25/200] Epoch: [1] Loss: [1.9542149534592261]
2019-04-14 18:43:39 INFO     Batch: [26/200] Epoch: [1] Loss: [1.9542093012068007]
2019-04-14 18:43:39 INFO     Batch: [27/200] Epoch: [1] Loss: [1.9544946934495653]
2019-04-14 18:43:39 INFO     Batch: [28/200] Epoch: [1] Loss: [1.9527085074063004]
2019-04-14 18:43:39 INFO     Batch: [29/200] Epoch: [1] Loss: [1.9528795758883157]
2019-04-14 18:43:40 INFO     Batch: [30/200] Epoch: [1] Loss: [1.9531901997904624]
2019-04-14 18:43:40 INFO     Batch: [31/200] Epoch: [1] Loss: [1.9535524733364582]
2019-04-14 18:43:40 INFO     Batch: [32/200] Epoch: [1] Loss: [1.9541011542984934]
2019-04-14 18:43:40 INFO     Batch: [33/200] Epoch: [1] Loss: [1.9530898192349602]
2019-04-14 18:43:41 INFO     Batch: [34/200] Epoch: [1] Loss: [1.9518332379204886]
2019-04-14 18:43:41 INFO     Batch: [35/200] Epoch: [1] Loss: [1.952361719475852]
2019-04-14 18:43:41 INFO     Batch: [36/200] Epoch: [1] Loss: [1.9510576918318465]
2019-04-14 18:43:42 INFO     Batch: [37/200] Epoch: [1] Loss: [1.9522976153775264]
2019-04-14 18:43:42 INFO     Batch: [38/200] Epoch: [1] Loss: [1.9520798371388361]
2019-04-14 18:43:42 INFO     Batch: [39/200] Epoch: [1] Loss: [1.950994336605072]
2019-04-14 18:43:42 INFO     Batch: [40/200] Epoch: [1] Loss: [1.9510778130554571]
2019-04-14 18:43:43 INFO     Batch: [41/200] Epoch: [1] Loss: [1.9499010897818065]
2019-04-14 18:43:43 INFO     Batch: [42/200] Epoch: [1] Loss: [1.9489270725915597]
2019-04-14 18:43:43 INFO     Batch: [43/200] Epoch: [1] Loss: [1.9479793391444467]
2019-04-14 18:43:43 INFO     Batch: [44/200] Epoch: [1] Loss: [1.9465715063942803]
2019-04-14 18:43:44 INFO     Batch: [45/200] Epoch: [1] Loss: [1.9481533843538035]
2019-04-14 18:43:44 INFO     Batch: [46/200] Epoch: [1] Loss: [1.9481964009873411]
2019-04-14 18:43:44 INFO     Batch: [47/200] Epoch: [1] Loss: [1.946927624444167]
2019-04-14 18:43:44 INFO     Batch: [48/200] Epoch: [1] Loss: [1.9472842167834847]
2019-04-14 18:43:45 INFO     Batch: [49/200] Epoch: [1] Loss: [1.9472841286659242]
2019-04-14 18:43:45 INFO     Batch: [50/200] Epoch: [1] Loss: [1.9458755418366076]
2019-04-14 18:43:45 INFO     Batch: [51/200] Epoch: [1] Loss: [1.9442999890217414]
2019-04-14 18:43:46 INFO     Batch: [52/200] Epoch: [1] Loss: [1.9434595985232659]
2019-04-14 18:43:46 INFO     Batch: [53/200] Epoch: [1] Loss: [1.9435922459319785]
2019-04-14 18:43:46 INFO     Batch: [54/200] Epoch: [1] Loss: [1.94240882396698]
2019-04-14 18:43:46 INFO     Batch: [55/200] Epoch: [1] Loss: [1.9429134300776891]
2019-04-14 18:43:47 INFO     Batch: [56/200] Epoch: [1] Loss: [1.9430392583211262]
2019-04-14 18:43:47 INFO     Batch: [57/200] Epoch: [1] Loss: [1.9438277647413056]
2019-04-14 18:43:47 INFO     Batch: [58/200] Epoch: [1] Loss: [1.9432477304490947]
2019-04-14 18:43:47 INFO     Batch: [59/200] Epoch: [1] Loss: [1.9439421574274698]
2019-04-14 18:43:48 INFO     Batch: [60/200] Epoch: [1] Loss: [1.9447082163857632]
2019-04-14 18:43:48 INFO     Batch: [61/200] Epoch: [1] Loss: [1.9438046928375]
2019-04-14 18:43:48 INFO     Batch: [62/200] Epoch: [1] Loss: [1.9432429113085308]
2019-04-14 18:43:48 INFO     Batch: [63/200] Epoch: [1] Loss: [1.9427824951708317]
2019-04-14 18:43:49 INFO     Batch: [64/200] Epoch: [1] Loss: [1.9439552967364973]
2019-04-14 18:43:49 INFO     Batch: [65/200] Epoch: [1] Loss: [1.9425192529504949]
2019-04-14 18:43:49 INFO     Batch: [66/200] Epoch: [1] Loss: [1.9425534098895627]
2019-04-14 18:43:50 INFO     Batch: [67/200] Epoch: [1] Loss: [1.941869954852497]
2019-04-14 18:43:50 INFO     Batch: [68/200] Epoch: [1] Loss: [1.942006118055703]
2019-04-14 18:43:50 INFO     Batch: [69/200] Epoch: [1] Loss: [1.941180043561118]
2019-04-14 18:43:50 INFO     Batch: [70/200] Epoch: [1] Loss: [1.9419119777813765]
2019-04-14 18:43:51 INFO     Batch: [71/200] Epoch: [1] Loss: [1.9406941069497003]
2019-04-14 18:43:51 INFO     Batch: [72/200] Epoch: [1] Loss: [1.941267140924114]
2019-04-14 18:43:51 INFO     Batch: [73/200] Epoch: [1] Loss: [1.9400972417882971]
2019-04-14 18:43:51 INFO     Batch: [74/200] Epoch: [1] Loss: [1.9399466721216838]
2019-04-14 18:43:52 INFO     Batch: [75/200] Epoch: [1] Loss: [1.9400207635603453]
2019-04-14 18:43:52 INFO     Batch: [76/200] Epoch: [1] Loss: [1.9401424085939085]
2019-04-14 18:43:52 INFO     Batch: [77/200] Epoch: [1] Loss: [1.9401873457126129]
2019-04-14 18:43:52 INFO     Batch: [78/200] Epoch: [1] Loss: [1.9392156193527994]
2019-04-14 18:43:53 INFO     Batch: [79/200] Epoch: [1] Loss: [1.9377607449889183]
2019-04-14 18:43:53 INFO     Batch: [80/200] Epoch: [1] Loss: [1.9375549392935671]
2019-04-14 18:43:53 INFO     Batch: [81/200] Epoch: [1] Loss: [1.9367905157368357]
2019-04-14 18:43:54 INFO     Batch: [82/200] Epoch: [1] Loss: [1.9358980569494777]
2019-04-14 18:43:54 INFO     Batch: [83/200] Epoch: [1] Loss: [1.9361657542841775]
2019-04-14 18:43:54 INFO     Batch: [84/200] Epoch: [1] Loss: [1.93561870210311]
2019-04-14 18:43:54 INFO     Batch: [85/200] Epoch: [1] Loss: [1.936284298120543]
2019-04-14 18:43:55 INFO     Batch: [86/200] Epoch: [1] Loss: [1.934372477147771]
2019-04-14 18:43:55 INFO     Batch: [87/200] Epoch: [1] Loss: [1.932980233972723]
2019-04-14 18:43:55 INFO     Batch: [88/200] Epoch: [1] Loss: [1.9330170784103737]
2019-04-14 18:43:55 INFO     Batch: [89/200] Epoch: [1] Loss: [1.932100686762068]
2019-04-14 18:43:56 INFO     Batch: [90/200] Epoch: [1] Loss: [1.9312060403299856]
2019-04-14 18:43:56 INFO     Batch: [91/200] Epoch: [1] Loss: [1.9305631285128386]
2019-04-14 18:43:56 INFO     Batch: [92/200] Epoch: [1] Loss: [1.9295454191905197]
2019-04-14 18:43:56 INFO     Batch: [93/200] Epoch: [1] Loss: [1.929285003783855]
2019-04-14 18:43:57 INFO     Batch: [94/200] Epoch: [1] Loss: [1.9284067492736012]
2019-04-14 18:43:57 INFO     Batch: [95/200] Epoch: [1] Loss: [1.9275600736339886]
2019-04-14 18:43:57 INFO     Batch: [96/200] Epoch: [1] Loss: [1.926691458397305]
2019-04-14 18:43:58 INFO     Batch: [97/200] Epoch: [1] Loss: [1.9266971118596135]
2019-04-14 18:43:58 INFO     Batch: [98/200] Epoch: [1] Loss: [1.9266933828893333]
2019-04-14 18:43:58 INFO     Batch: [99/200] Epoch: [1] Loss: [1.9265746867656708]
2019-04-14 18:43:58 INFO     Batch: [100/200] Epoch: [1] Loss: [1.9265961434581491]
2019-04-14 18:43:59 INFO     Batch: [101/200] Epoch: [1] Loss: [1.925622412971422]
2019-04-14 18:43:59 INFO     Batch: [102/200] Epoch: [1] Loss: [1.9250137516595784]
2019-04-14 18:43:59 INFO     Batch: [103/200] Epoch: [1] Loss: [1.9253880347196872]
2019-04-14 18:43:59 INFO     Batch: [104/200] Epoch: [1] Loss: [1.9250296842484247]
2019-04-14 18:44:00 INFO     Batch: [105/200] Epoch: [1] Loss: [1.9257889108837776]
2019-04-14 18:44:00 INFO     Batch: [106/200] Epoch: [1] Loss: [1.9259244326119112]
2019-04-14 18:44:00 INFO     Batch: [107/200] Epoch: [1] Loss: [1.9258459916821233]
2019-04-14 18:44:00 INFO     Batch: [108/200] Epoch: [1] Loss: [1.9257006229610618]
2019-04-14 18:44:01 INFO     Batch: [109/200] Epoch: [1] Loss: [1.925086707418615]
2019-04-14 18:44:01 INFO     Batch: [110/200] Epoch: [1] Loss: [1.924033903860831]
2019-04-14 18:44:01 INFO     Batch: [111/200] Epoch: [1] Loss: [1.9235433552946364]
2019-04-14 18:44:02 INFO     Batch: [112/200] Epoch: [1] Loss: [1.923070602712378]
2019-04-14 18:44:02 INFO     Batch: [113/200] Epoch: [1] Loss: [1.9226852791351186]
2019-04-14 18:44:02 INFO     Batch: [114/200] Epoch: [1] Loss: [1.9220424382582955]
2019-04-14 18:44:02 INFO     Batch: [115/200] Epoch: [1] Loss: [1.9220073171730698]
2019-04-14 18:44:03 INFO     Batch: [116/200] Epoch: [1] Loss: [1.9213243936881041]
2019-04-14 18:44:03 INFO     Batch: [117/200] Epoch: [1] Loss: [1.9205841795872833]
2019-04-14 18:44:03 INFO     Batch: [118/200] Epoch: [1] Loss: [1.9204803284476786]
2019-04-14 18:44:03 INFO     Batch: [119/200] Epoch: [1] Loss: [1.919790643453598]
2019-04-14 18:44:04 INFO     Batch: [120/200] Epoch: [1] Loss: [1.9193616071023232]
2019-04-14 18:44:04 INFO     Batch: [121/200] Epoch: [1] Loss: [1.919206841070144]
2019-04-14 18:44:04 INFO     Batch: [122/200] Epoch: [1] Loss: [1.918312996383605]
2019-04-14 18:44:04 INFO     Batch: [123/200] Epoch: [1] Loss: [1.9181011876752299]
2019-04-14 18:44:05 INFO     Batch: [124/200] Epoch: [1] Loss: [1.9176510400772095]
2019-04-14 18:44:05 INFO     Batch: [125/200] Epoch: [1] Loss: [1.9178224234353929]
2019-04-14 18:44:05 INFO     Batch: [126/200] Epoch: [1] Loss: [1.917291395307526]
2019-04-14 18:44:06 INFO     Batch: [127/200] Epoch: [1] Loss: [1.9170859521254897]
2019-04-14 18:44:06 INFO     Batch: [128/200] Epoch: [1] Loss: [1.9162079548650934]
2019-04-14 18:44:06 INFO     Batch: [129/200] Epoch: [1] Loss: [1.916511697952564]
2019-04-14 18:44:06 INFO     Batch: [130/200] Epoch: [1] Loss: [1.9164515306021421]
2019-04-14 18:44:07 INFO     Batch: [131/200] Epoch: [1] Loss: [1.916276039499225]
2019-04-14 18:44:07 INFO     Batch: [132/200] Epoch: [1] Loss: [1.9167031139359438]
2019-04-14 18:44:07 INFO     Batch: [133/200] Epoch: [1] Loss: [1.9160586809044453]
2019-04-14 18:44:07 INFO     Batch: [134/200] Epoch: [1] Loss: [1.9156147647787023]
2019-04-14 18:44:08 INFO     Batch: [135/200] Epoch: [1] Loss: [1.9153065646395964]
2019-04-14 18:44:08 INFO     Batch: [136/200] Epoch: [1] Loss: [1.9145839536277047]
2019-04-14 18:44:08 INFO     Batch: [137/200] Epoch: [1] Loss: [1.9142185933348062]
2019-04-14 18:44:08 INFO     Batch: [138/200] Epoch: [1] Loss: [1.9137522977033108]
2019-04-14 18:44:09 INFO     Batch: [139/200] Epoch: [1] Loss: [1.9131550243922641]
2019-04-14 18:44:09 INFO     Batch: [140/200] Epoch: [1] Loss: [1.9125250755472387]
2019-04-14 18:44:09 INFO     Batch: [141/200] Epoch: [1] Loss: [1.912094987614054]
2019-04-14 18:44:10 INFO     Batch: [142/200] Epoch: [1] Loss: [1.9116675095124678]
2019-04-14 18:44:10 INFO     Batch: [143/200] Epoch: [1] Loss: [1.9110662208663092]
2019-04-14 18:44:10 INFO     Batch: [144/200] Epoch: [1] Loss: [1.9107328546458278]
2019-04-14 18:44:10 INFO     Batch: [145/200] Epoch: [1] Loss: [1.910629823599776]
2019-04-14 18:44:11 INFO     Batch: [146/200] Epoch: [1] Loss: [1.9106805551619757]
2019-04-14 18:44:11 INFO     Batch: [147/200] Epoch: [1] Loss: [1.910658462627514]
2019-04-14 18:44:11 INFO     Batch: [148/200] Epoch: [1] Loss: [1.9102215174860602]
2019-04-14 18:44:11 INFO     Batch: [149/200] Epoch: [1] Loss: [1.9096078014373778]
2019-04-14 18:44:12 INFO     Batch: [150/200] Epoch: [1] Loss: [1.9096754544618113]
2019-04-14 18:44:12 INFO     Batch: [151/200] Epoch: [1] Loss: [1.909759606969984]
2019-04-14 18:44:12 INFO     Batch: [152/200] Epoch: [1] Loss: [1.9095033601997724]
2019-04-14 18:44:12 INFO     Batch: [153/200] Epoch: [1] Loss: [1.9093390540643171]
2019-04-14 18:44:13 INFO     Batch: [154/200] Epoch: [1] Loss: [1.908852909457299]
2019-04-14 18:44:13 INFO     Batch: [155/200] Epoch: [1] Loss: [1.9084848257211537]
2019-04-14 18:44:13 INFO     Batch: [156/200] Epoch: [1] Loss: [1.9079674641797497]
2019-04-14 18:44:14 INFO     Batch: [157/200] Epoch: [1] Loss: [1.9078440515300896]
2019-04-14 18:44:14 INFO     Batch: [158/200] Epoch: [1] Loss: [1.9072856453229796]
2019-04-14 18:44:14 INFO     Batch: [159/200] Epoch: [1] Loss: [1.9067465491592883]
2019-04-14 18:44:14 INFO     Batch: [160/200] Epoch: [1] Loss: [1.9064542869603411]
2019-04-14 18:44:15 INFO     Batch: [161/200] Epoch: [1] Loss: [1.9061344148200234]
2019-04-14 18:44:15 INFO     Batch: [162/200] Epoch: [1] Loss: [1.9058217841423362]
2019-04-14 18:44:15 INFO     Batch: [163/200] Epoch: [1] Loss: [1.9056914826718772]
2019-04-14 18:44:15 INFO     Batch: [164/200] Epoch: [1] Loss: [1.9050904924219305]
2019-04-14 18:44:16 INFO     Batch: [165/200] Epoch: [1] Loss: [1.9046365482261383]
2019-04-14 18:44:16 INFO     Batch: [166/200] Epoch: [1] Loss: [1.9043397753538487]
2019-04-14 18:44:16 INFO     Batch: [167/200] Epoch: [1] Loss: [1.9035796622435253]
2019-04-14 18:44:16 INFO     Batch: [168/200] Epoch: [1] Loss: [1.9035524052275707]
2019-04-14 18:44:17 INFO     Batch: [169/200] Epoch: [1] Loss: [1.9030629143995397]
2019-04-14 18:44:17 INFO     Batch: [170/200] Epoch: [1] Loss: [1.9024485593650773]
2019-04-14 18:44:17 INFO     Batch: [171/200] Epoch: [1] Loss: [1.901865546786508]
2019-04-14 18:44:18 INFO     Batch: [172/200] Epoch: [1] Loss: [1.9014239318108972]
2019-04-14 18:44:18 INFO     Batch: [173/200] Epoch: [1] Loss: [1.9011478855692108]
2019-04-14 18:44:18 INFO     Batch: [174/200] Epoch: [1] Loss: [1.9003000708988735]
2019-04-14 18:44:18 INFO     Batch: [175/200] Epoch: [1] Loss: [1.8999207026579163]
2019-04-14 18:44:19 INFO     Batch: [176/200] Epoch: [1] Loss: [1.8996175702682323]
2019-04-14 18:44:19 INFO     Batch: [177/200] Epoch: [1] Loss: [1.8993173228220994]
2019-04-14 18:44:19 INFO     Batch: [178/200] Epoch: [1] Loss: [1.8988590879813252]
2019-04-14 18:44:19 INFO     Batch: [179/200] Epoch: [1] Loss: [1.897846871614456]
2019-04-14 18:44:20 INFO     Batch: [180/200] Epoch: [1] Loss: [1.8974438477616284]
2019-04-14 18:44:20 INFO     Batch: [181/200] Epoch: [1] Loss: [1.8971184210462884]
2019-04-14 18:44:20 INFO     Batch: [182/200] Epoch: [1] Loss: [1.8969247745034472]
2019-04-14 18:44:20 INFO     Batch: [183/200] Epoch: [1] Loss: [1.8962438048227974]
2019-04-14 18:44:21 INFO     Batch: [184/200] Epoch: [1] Loss: [1.8952813193604754]
2019-04-14 18:44:21 INFO     Batch: [185/200] Epoch: [1] Loss: [1.8951436697795827]
2019-04-14 18:44:21 INFO     Batch: [186/200] Epoch: [1] Loss: [1.8949543779546565]
2019-04-14 18:44:22 INFO     Batch: [187/200] Epoch: [1] Loss: [1.8942212766789375]
2019-04-14 18:44:22 INFO     Batch: [188/200] Epoch: [1] Loss: [1.8942163696995489]
2019-04-14 18:44:22 INFO     Batch: [189/200] Epoch: [1] Loss: [1.89367574892546]
2019-04-14 18:44:22 INFO     Batch: [190/200] Epoch: [1] Loss: [1.8933723191316214]
2019-04-14 18:44:23 INFO     Batch: [191/200] Epoch: [1] Loss: [1.8928458200146754]
2019-04-14 18:44:23 INFO     Batch: [192/200] Epoch: [1] Loss: [1.8929163977272152]
2019-04-14 18:44:23 INFO     Batch: [193/200] Epoch: [1] Loss: [1.892739748217396]
2019-04-14 18:44:23 INFO     Batch: [194/200] Epoch: [1] Loss: [1.8923654489028148]
2019-04-14 18:44:24 INFO     Batch: [195/200] Epoch: [1] Loss: [1.8924352922001664]
2019-04-14 18:44:24 INFO     Batch: [196/200] Epoch: [1] Loss: [1.8918913820673366]
2019-04-14 18:44:24 INFO     Batch: [197/200] Epoch: [1] Loss: [1.8916488807610792]
2019-04-14 18:44:24 INFO     Batch: [198/200] Epoch: [1] Loss: [1.8913779779894269]
2019-04-14 18:44:25 INFO     Batch: [199/200] Epoch: [1] Loss: [1.8909843319654465]
2019-04-14 18:44:26 INFO     **************** Epoch: [1/500] Accuracy: [0.04363636363636363] ****************

2019-04-14 18:44:27 INFO     Batch: [0/200] Epoch: [2] Loss: [1.7964255809783936]
2019-04-14 18:44:27 INFO     Batch: [1/200] Epoch: [2] Loss: [1.7849319577217102]
2019-04-14 18:44:27 INFO     Batch: [2/200] Epoch: [2] Loss: [1.8017027378082275]
2019-04-14 18:44:28 INFO     Batch: [3/200] Epoch: [2] Loss: [1.8101891577243805]
2019-04-14 18:44:28 INFO     Batch: [4/200] Epoch: [2] Loss: [1.8193722009658813]
2019-04-14 18:44:28 INFO     Batch: [5/200] Epoch: [2] Loss: [1.827884833017985]
2019-04-14 18:44:28 INFO     Batch: [6/200] Epoch: [2] Loss: [1.835564238684518]
2019-04-14 18:44:29 INFO     Batch: [7/200] Epoch: [2] Loss: [1.8427923619747162]
2019-04-14 18:44:29 INFO     Batch: [8/200] Epoch: [2] Loss: [1.8403522438473172]
2019-04-14 18:44:29 INFO     Batch: [9/200] Epoch: [2] Loss: [1.8386235594749452]
2019-04-14 18:44:29 INFO     Batch: [10/200] Epoch: [2] Loss: [1.8337961652062156]
2019-04-14 18:44:30 INFO     Batch: [11/200] Epoch: [2] Loss: [1.8325297733147938]
2019-04-14 18:44:30 INFO     Batch: [12/200] Epoch: [2] Loss: [1.8409517544966478]
2019-04-14 18:44:30 INFO     Batch: [13/200] Epoch: [2] Loss: [1.8374297363417489]
2019-04-14 18:44:31 INFO     Batch: [14/200] Epoch: [2] Loss: [1.8362996419270834]
2019-04-14 18:44:31 INFO     Batch: [15/200] Epoch: [2] Loss: [1.8340945318341255]
2019-04-14 18:44:31 INFO     Batch: [16/200] Epoch: [2] Loss: [1.832632352324093]
2019-04-14 18:44:31 INFO     Batch: [17/200] Epoch: [2] Loss: [1.8331521418359544]
2019-04-14 18:44:32 INFO     Batch: [18/200] Epoch: [2] Loss: [1.832963924658926]
2019-04-14 18:44:32 INFO     Batch: [19/200] Epoch: [2] Loss: [1.8324887454509735]
2019-04-14 18:44:32 INFO     Batch: [20/200] Epoch: [2] Loss: [1.8295485859825498]
2019-04-14 18:44:32 INFO     Batch: [21/200] Epoch: [2] Loss: [1.8257632743228565]
2019-04-14 18:44:33 INFO     Batch: [22/200] Epoch: [2] Loss: [1.8206292287163113]
2019-04-14 18:44:33 INFO     Batch: [23/200] Epoch: [2] Loss: [1.8212223251660664]
2019-04-14 18:44:33 INFO     Batch: [24/200] Epoch: [2] Loss: [1.821145968437195]
2019-04-14 18:44:33 INFO     Batch: [25/200] Epoch: [2] Loss: [1.817292882845952]
2019-04-14 18:44:34 INFO     Batch: [26/200] Epoch: [2] Loss: [1.820475114716424]
2019-04-14 18:44:34 INFO     Batch: [27/200] Epoch: [2] Loss: [1.8219712930066245]
2019-04-14 18:44:34 INFO     Batch: [28/200] Epoch: [2] Loss: [1.8208196615350658]
2019-04-14 18:44:35 INFO     Batch: [29/200] Epoch: [2] Loss: [1.8204542994499207]
2019-04-14 18:44:35 INFO     Batch: [30/200] Epoch: [2] Loss: [1.8187282700692453]
2019-04-14 18:44:35 INFO     Batch: [31/200] Epoch: [2] Loss: [1.8167968317866325]
2019-04-14 18:44:35 INFO     Batch: [32/200] Epoch: [2] Loss: [1.8149790872227063]
2019-04-14 18:44:36 INFO     Batch: [33/200] Epoch: [2] Loss: [1.8132750391960144]
2019-04-14 18:44:36 INFO     Batch: [34/200] Epoch: [2] Loss: [1.8140858854566302]
2019-04-14 18:44:36 INFO     Batch: [35/200] Epoch: [2] Loss: [1.8119361367490556]
2019-04-14 18:44:36 INFO     Batch: [36/200] Epoch: [2] Loss: [1.8089078954748206]
2019-04-14 18:44:37 INFO     Batch: [37/200] Epoch: [2] Loss: [1.8069780343457271]
2019-04-14 18:44:37 INFO     Batch: [38/200] Epoch: [2] Loss: [1.805802733470232]
2019-04-14 18:44:37 INFO     Batch: [39/200] Epoch: [2] Loss: [1.8063043028116226]
2019-04-14 18:44:37 INFO     Batch: [40/200] Epoch: [2] Loss: [1.8079024466072642]
2019-04-14 18:44:38 INFO     Batch: [41/200] Epoch: [2] Loss: [1.8062331477801006]
2019-04-14 18:44:38 INFO     Batch: [42/200] Epoch: [2] Loss: [1.8052226637685023]
2019-04-14 18:44:38 INFO     Batch: [43/200] Epoch: [2] Loss: [1.8048337210308423]
2019-04-14 18:44:39 INFO     Batch: [44/200] Epoch: [2] Loss: [1.8042493316862318]
2019-04-14 18:44:39 INFO     Batch: [45/200] Epoch: [2] Loss: [1.8032036838324175]
2019-04-14 18:44:39 INFO     Batch: [46/200] Epoch: [2] Loss: [1.8029840702706195]
2019-04-14 18:44:39 INFO     Batch: [47/200] Epoch: [2] Loss: [1.8043281609813373]
2019-04-14 18:44:40 INFO     Batch: [48/200] Epoch: [2] Loss: [1.8048804341530313]
2019-04-14 18:44:40 INFO     Batch: [49/200] Epoch: [2] Loss: [1.8054114866256714]
2019-04-14 18:44:40 INFO     Batch: [50/200] Epoch: [2] Loss: [1.8045038125094246]
2019-04-14 18:44:40 INFO     Batch: [51/200] Epoch: [2] Loss: [1.8038166738473451]
2019-04-14 18:44:41 INFO     Batch: [52/200] Epoch: [2] Loss: [1.8041983977803644]
2019-04-14 18:44:41 INFO     Batch: [53/200] Epoch: [2] Loss: [1.8058333683896948]
2019-04-14 18:44:41 INFO     Batch: [54/200] Epoch: [2] Loss: [1.8045666066083041]
2019-04-14 18:44:41 INFO     Batch: [55/200] Epoch: [2] Loss: [1.8055866062641144]
2019-04-14 18:44:42 INFO     Batch: [56/200] Epoch: [2] Loss: [1.8058837254842122]
2019-04-14 18:44:42 INFO     Batch: [57/200] Epoch: [2] Loss: [1.8043217638443256]
2019-04-14 18:44:42 INFO     Batch: [58/200] Epoch: [2] Loss: [1.803143662921453]
2019-04-14 18:44:43 INFO     Batch: [59/200] Epoch: [2] Loss: [1.8025462627410889]
2019-04-14 18:44:43 INFO     Batch: [60/200] Epoch: [2] Loss: [1.8029516622668407]
2019-04-14 18:44:43 INFO     Batch: [61/200] Epoch: [2] Loss: [1.8038631043126505]
2019-04-14 18:44:43 INFO     Batch: [62/200] Epoch: [2] Loss: [1.8045986304207453]
2019-04-14 18:44:44 INFO     Batch: [63/200] Epoch: [2] Loss: [1.8059496581554413]
2019-04-14 18:44:44 INFO     Batch: [64/200] Epoch: [2] Loss: [1.8060990847074068]
2019-04-14 18:44:44 INFO     Batch: [65/200] Epoch: [2] Loss: [1.8064822897766575]
2019-04-14 18:44:44 INFO     Batch: [66/200] Epoch: [2] Loss: [1.806162700724246]
2019-04-14 18:44:45 INFO     Batch: [67/200] Epoch: [2] Loss: [1.8059678200413198]
2019-04-14 18:44:45 INFO     Batch: [68/200] Epoch: [2] Loss: [1.804712618606678]
2019-04-14 18:44:45 INFO     Batch: [69/200] Epoch: [2] Loss: [1.8050667234829494]
2019-04-14 18:44:45 INFO     Batch: [70/200] Epoch: [2] Loss: [1.8039714584887867]
2019-04-14 18:44:46 INFO     Batch: [71/200] Epoch: [2] Loss: [1.803364901079072]
2019-04-14 18:44:46 INFO     Batch: [72/200] Epoch: [2] Loss: [1.8038521286559432]
2019-04-14 18:44:46 INFO     Batch: [73/200] Epoch: [2] Loss: [1.8026793566909995]
2019-04-14 18:44:47 INFO     Batch: [74/200] Epoch: [2] Loss: [1.8023449929555257]
2019-04-14 18:44:47 INFO     Batch: [75/200] Epoch: [2] Loss: [1.8030898335732912]
2019-04-14 18:44:47 INFO     Batch: [76/200] Epoch: [2] Loss: [1.8033397863437604]
2019-04-14 18:44:47 INFO     Batch: [77/200] Epoch: [2] Loss: [1.8030440043180416]
2019-04-14 18:44:48 INFO     Batch: [78/200] Epoch: [2] Loss: [1.8021229686616342]
2019-04-14 18:44:48 INFO     Batch: [79/200] Epoch: [2] Loss: [1.8023250102996826]
2019-04-14 18:44:48 INFO     Batch: [80/200] Epoch: [2] Loss: [1.8019443014521657]
2019-04-14 18:44:48 INFO     Batch: [81/200] Epoch: [2] Loss: [1.802739431218403]
2019-04-14 18:44:49 INFO     Batch: [82/200] Epoch: [2] Loss: [1.802323539573026]
2019-04-14 18:44:49 INFO     Batch: [83/200] Epoch: [2] Loss: [1.802088615440187]
2019-04-14 18:44:49 INFO     Batch: [84/200] Epoch: [2] Loss: [1.801957270678352]
2019-04-14 18:44:49 INFO     Batch: [85/200] Epoch: [2] Loss: [1.8006509611772936]
2019-04-14 18:44:50 INFO     Batch: [86/200] Epoch: [2] Loss: [1.8017352148034107]
2019-04-14 18:44:50 INFO     Batch: [87/200] Epoch: [2] Loss: [1.8009788231416182]
2019-04-14 18:44:50 INFO     Batch: [88/200] Epoch: [2] Loss: [1.8005265385917064]
2019-04-14 18:44:51 INFO     Batch: [89/200] Epoch: [2] Loss: [1.8004137502776252]
2019-04-14 18:44:51 INFO     Batch: [90/200] Epoch: [2] Loss: [1.800223940021389]
2019-04-14 18:44:51 INFO     Batch: [91/200] Epoch: [2] Loss: [1.8004831969738007]
2019-04-14 18:44:51 INFO     Batch: [92/200] Epoch: [2] Loss: [1.8007613228213402]
2019-04-14 18:44:52 INFO     Batch: [93/200] Epoch: [2] Loss: [1.8008068001016657]
2019-04-14 18:44:52 INFO     Batch: [94/200] Epoch: [2] Loss: [1.800743768089696]
2019-04-14 18:44:52 INFO     Batch: [95/200] Epoch: [2] Loss: [1.8014577055970828]
2019-04-14 18:44:52 INFO     Batch: [96/200] Epoch: [2] Loss: [1.8018104894874023]
2019-04-14 18:44:53 INFO     Batch: [97/200] Epoch: [2] Loss: [1.8016441050840883]
2019-04-14 18:44:53 INFO     Batch: [98/200] Epoch: [2] Loss: [1.8014243022359984]
2019-04-14 18:44:53 INFO     Batch: [99/200] Epoch: [2] Loss: [1.8014679896831511]
2019-04-14 18:44:53 INFO     Batch: [100/200] Epoch: [2] Loss: [1.8010579453836573]
2019-04-14 18:44:54 INFO     Batch: [101/200] Epoch: [2] Loss: [1.8013042386840372]
2019-04-14 18:44:54 INFO     Batch: [102/200] Epoch: [2] Loss: [1.8014235623831887]
2019-04-14 18:44:54 INFO     Batch: [103/200] Epoch: [2] Loss: [1.800068275286601]
2019-04-14 18:44:55 INFO     Batch: [104/200] Epoch: [2] Loss: [1.8008775881358556]
2019-04-14 18:44:55 INFO     Batch: [105/200] Epoch: [2] Loss: [1.799952140394247]
2019-04-14 18:44:55 INFO     Batch: [106/200] Epoch: [2] Loss: [1.79979545490764]
2019-04-14 18:44:55 INFO     Batch: [107/200] Epoch: [2] Loss: [1.7991238413033661]
2019-04-14 18:44:56 INFO     Batch: [108/200] Epoch: [2] Loss: [1.7981347304965378]
2019-04-14 18:44:56 INFO     Batch: [109/200] Epoch: [2] Loss: [1.7982982050288807]
2019-04-14 18:44:56 INFO     Batch: [110/200] Epoch: [2] Loss: [1.7975924949388247]
2019-04-14 18:44:56 INFO     Batch: [111/200] Epoch: [2] Loss: [1.798167809844017]
2019-04-14 18:44:57 INFO     Batch: [112/200] Epoch: [2] Loss: [1.7969898038205847]
2019-04-14 18:44:57 INFO     Batch: [113/200] Epoch: [2] Loss: [1.7970396499884755]
2019-04-14 18:44:57 INFO     Batch: [114/200] Epoch: [2] Loss: [1.7976237877555516]
2019-04-14 18:44:57 INFO     Batch: [115/200] Epoch: [2] Loss: [1.797819901129295]
2019-04-14 18:44:58 INFO     Batch: [116/200] Epoch: [2] Loss: [1.7969294113990588]
2019-04-14 18:44:58 INFO     Batch: [117/200] Epoch: [2] Loss: [1.7968484163284302]
2019-04-14 18:44:58 INFO     Batch: [118/200] Epoch: [2] Loss: [1.7972035087457223]
2019-04-14 18:44:59 INFO     Batch: [119/200] Epoch: [2] Loss: [1.7970997055371603]
2019-04-14 18:44:59 INFO     Batch: [120/200] Epoch: [2] Loss: [1.79662027634865]
2019-04-14 18:44:59 INFO     Batch: [121/200] Epoch: [2] Loss: [1.7961090920401401]
2019-04-14 18:44:59 INFO     Batch: [122/200] Epoch: [2] Loss: [1.795408557100994]
2019-04-14 18:45:00 INFO     Batch: [123/200] Epoch: [2] Loss: [1.795121306373227]
2019-04-14 18:45:00 INFO     Batch: [124/200] Epoch: [2] Loss: [1.795205641746521]
2019-04-14 18:45:00 INFO     Batch: [125/200] Epoch: [2] Loss: [1.7948501999416049]
2019-04-14 18:45:00 INFO     Batch: [126/200] Epoch: [2] Loss: [1.7948827255429245]
2019-04-14 18:45:01 INFO     Batch: [127/200] Epoch: [2] Loss: [1.7950917417183518]
2019-04-14 18:45:01 INFO     Batch: [128/200] Epoch: [2] Loss: [1.7952576912650766]
2019-04-14 18:45:01 INFO     Batch: [129/200] Epoch: [2] Loss: [1.7947654384833116]
2019-04-14 18:45:01 INFO     Batch: [130/200] Epoch: [2] Loss: [1.7945384806349078]
2019-04-14 18:45:02 INFO     Batch: [131/200] Epoch: [2] Loss: [1.794009397427241]
2019-04-14 18:45:02 INFO     Batch: [132/200] Epoch: [2] Loss: [1.793395799801762]
2019-04-14 18:45:02 INFO     Batch: [133/200] Epoch: [2] Loss: [1.7930404419329629]
2019-04-14 18:45:03 INFO     Batch: [134/200] Epoch: [2] Loss: [1.7937483540287724]
2019-04-14 18:45:03 INFO     Batch: [135/200] Epoch: [2] Loss: [1.7936603873968124]
2019-04-14 18:45:03 INFO     Batch: [136/200] Epoch: [2] Loss: [1.7934528328206418]
2019-04-14 18:45:03 INFO     Batch: [137/200] Epoch: [2] Loss: [1.7934598940006201]
2019-04-14 18:45:04 INFO     Batch: [138/200] Epoch: [2] Loss: [1.7935268818903312]
2019-04-14 18:45:04 INFO     Batch: [139/200] Epoch: [2] Loss: [1.7924196549824305]
2019-04-14 18:45:04 INFO     Batch: [140/200] Epoch: [2] Loss: [1.791895623748184]
2019-04-14 18:45:04 INFO     Batch: [141/200] Epoch: [2] Loss: [1.7915638785966685]
2019-04-14 18:45:05 INFO     Batch: [142/200] Epoch: [2] Loss: [1.7913388797453234]
2019-04-14 18:45:05 INFO     Batch: [143/200] Epoch: [2] Loss: [1.7912501345078151]
2019-04-14 18:45:05 INFO     Batch: [144/200] Epoch: [2] Loss: [1.79076287088723]
2019-04-14 18:45:05 INFO     Batch: [145/200] Epoch: [2] Loss: [1.7907203533878064]
2019-04-14 18:45:06 INFO     Batch: [146/200] Epoch: [2] Loss: [1.7904686319584748]
2019-04-14 18:45:06 INFO     Batch: [147/200] Epoch: [2] Loss: [1.790300395843145]
2019-04-14 18:45:06 INFO     Batch: [148/200] Epoch: [2] Loss: [1.789790560735152]
2019-04-14 18:45:07 INFO     Batch: [149/200] Epoch: [2] Loss: [1.7900271813074748]
2019-04-14 18:45:07 INFO     Batch: [150/200] Epoch: [2] Loss: [1.7900485668750787]
2019-04-14 18:45:07 INFO     Batch: [151/200] Epoch: [2] Loss: [1.789753407239914]
2019-04-14 18:45:07 INFO     Batch: [152/200] Epoch: [2] Loss: [1.789655397140902]
2019-04-14 18:45:08 INFO     Batch: [153/200] Epoch: [2] Loss: [1.7892957531012499]
2019-04-14 18:45:08 INFO     Batch: [154/200] Epoch: [2] Loss: [1.7887862267032746]
2019-04-14 18:45:08 INFO     Batch: [155/200] Epoch: [2] Loss: [1.7881503854042444]
2019-04-14 18:45:08 INFO     Batch: [156/200] Epoch: [2] Loss: [1.7879773492266418]
2019-04-14 18:45:09 INFO     Batch: [157/200] Epoch: [2] Loss: [1.7881160287917415]
2019-04-14 18:45:09 INFO     Batch: [158/200] Epoch: [2] Loss: [1.7875339137683124]
2019-04-14 18:45:09 INFO     Batch: [159/200] Epoch: [2] Loss: [1.7874449275434017]
2019-04-14 18:45:09 INFO     Batch: [160/200] Epoch: [2] Loss: [1.7873688129164418]
2019-04-14 18:45:10 INFO     Batch: [161/200] Epoch: [2] Loss: [1.786881720578229]
2019-04-14 18:45:10 INFO     Batch: [162/200] Epoch: [2] Loss: [1.7862727027729246]
2019-04-14 18:45:10 INFO     Batch: [163/200] Epoch: [2] Loss: [1.786661716496072]
2019-04-14 18:45:11 INFO     Batch: [164/200] Epoch: [2] Loss: [1.786332420869307]
2019-04-14 18:45:11 INFO     Batch: [165/200] Epoch: [2] Loss: [1.7863334517881095]
2019-04-14 18:45:11 INFO     Batch: [166/200] Epoch: [2] Loss: [1.7859278860206376]
2019-04-14 18:45:11 INFO     Batch: [167/200] Epoch: [2] Loss: [1.7860801475388663]
2019-04-14 18:45:12 INFO     Batch: [168/200] Epoch: [2] Loss: [1.7855157287868522]
2019-04-14 18:45:12 INFO     Batch: [169/200] Epoch: [2] Loss: [1.785129542911754]
2019-04-14 18:45:12 INFO     Batch: [170/200] Epoch: [2] Loss: [1.7853705903940034]
2019-04-14 18:45:12 INFO     Batch: [171/200] Epoch: [2] Loss: [1.7848045278427214]
2019-04-14 18:45:13 INFO     Batch: [172/200] Epoch: [2] Loss: [1.7843855288676445]
2019-04-14 18:45:13 INFO     Batch: [173/200] Epoch: [2] Loss: [1.7843963024259983]
2019-04-14 18:45:13 INFO     Batch: [174/200] Epoch: [2] Loss: [1.7840202597209385]
2019-04-14 18:45:13 INFO     Batch: [175/200] Epoch: [2] Loss: [1.7838234799829396]
2019-04-14 18:45:14 INFO     Batch: [176/200] Epoch: [2] Loss: [1.7835169283010193]
2019-04-14 18:45:14 INFO     Batch: [177/200] Epoch: [2] Loss: [1.7836884146326044]
2019-04-14 18:45:14 INFO     Batch: [178/200] Epoch: [2] Loss: [1.7833541465205187]
2019-04-14 18:45:15 INFO     Batch: [179/200] Epoch: [2] Loss: [1.783143444856008]
2019-04-14 18:45:15 INFO     Batch: [180/200] Epoch: [2] Loss: [1.7833930115673424]
2019-04-14 18:45:15 INFO     Batch: [181/200] Epoch: [2] Loss: [1.7833651697242654]
2019-04-14 18:45:15 INFO     Batch: [182/200] Epoch: [2] Loss: [1.7828171370459385]
2019-04-14 18:45:16 INFO     Batch: [183/200] Epoch: [2] Loss: [1.7820500724989434]
2019-04-14 18:45:16 INFO     Batch: [184/200] Epoch: [2] Loss: [1.7817942148930317]
2019-04-14 18:45:16 INFO     Batch: [185/200] Epoch: [2] Loss: [1.781261081336647]
2019-04-14 18:45:16 INFO     Batch: [186/200] Epoch: [2] Loss: [1.781007425032835]
2019-04-14 18:45:17 INFO     Batch: [187/200] Epoch: [2] Loss: [1.7809300308531903]
2019-04-14 18:45:17 INFO     Batch: [188/200] Epoch: [2] Loss: [1.7804142293475924]
2019-04-14 18:45:17 INFO     Batch: [189/200] Epoch: [2] Loss: [1.7800651606760527]
2019-04-14 18:45:17 INFO     Batch: [190/200] Epoch: [2] Loss: [1.7801486303668996]
2019-04-14 18:45:18 INFO     Batch: [191/200] Epoch: [2] Loss: [1.7798608851929505]
2019-04-14 18:45:18 INFO     Batch: [192/200] Epoch: [2] Loss: [1.779816542264711]
2019-04-14 18:45:18 INFO     Batch: [193/200] Epoch: [2] Loss: [1.7802019475661601]
2019-04-14 18:45:19 INFO     Batch: [194/200] Epoch: [2] Loss: [1.7796280274024376]
2019-04-14 18:45:19 INFO     Batch: [195/200] Epoch: [2] Loss: [1.77988586924514]
2019-04-14 18:45:19 INFO     Batch: [196/200] Epoch: [2] Loss: [1.7797606293925174]
2019-04-14 18:45:19 INFO     Batch: [197/200] Epoch: [2] Loss: [1.7793817429831533]
2019-04-14 18:45:20 INFO     Batch: [198/200] Epoch: [2] Loss: [1.7789395742080918]
2019-04-14 18:45:20 INFO     Batch: [199/200] Epoch: [2] Loss: [1.7789530813694001]
2019-04-14 18:45:21 INFO     **************** Epoch: [2/500] Accuracy: [0.05545454545454545] ****************

2019-04-14 18:45:22 INFO     Batch: [0/200] Epoch: [3] Loss: [1.8022359609603882]
2019-04-14 18:45:22 INFO     Batch: [1/200] Epoch: [3] Loss: [1.8274977803230286]
2019-04-14 18:45:22 INFO     Batch: [2/200] Epoch: [3] Loss: [1.8461298942565918]
2019-04-14 18:45:23 INFO     Batch: [3/200] Epoch: [3] Loss: [1.8409597277641296]
2019-04-14 18:45:23 INFO     Batch: [4/200] Epoch: [3] Loss: [1.8313423633575439]
2019-04-14 18:45:23 INFO     Batch: [5/200] Epoch: [3] Loss: [1.8116663495699565]
2019-04-14 18:45:24 INFO     Batch: [6/200] Epoch: [3] Loss: [1.803135769707816]
2019-04-14 18:45:24 INFO     Batch: [7/200] Epoch: [3] Loss: [1.8004787266254425]
2019-04-14 18:45:24 INFO     Batch: [8/200] Epoch: [3] Loss: [1.7932875686221652]
2019-04-14 18:45:24 INFO     Batch: [9/200] Epoch: [3] Loss: [1.790865433216095]
2019-04-14 18:45:25 INFO     Batch: [10/200] Epoch: [3] Loss: [1.785374803976579]
2019-04-14 18:45:25 INFO     Batch: [11/200] Epoch: [3] Loss: [1.7760120530923207]
2019-04-14 18:45:25 INFO     Batch: [12/200] Epoch: [3] Loss: [1.7771911712793202]
2019-04-14 18:45:25 INFO     Batch: [13/200] Epoch: [3] Loss: [1.771652945450374]
2019-04-14 18:45:26 INFO     Batch: [14/200] Epoch: [3] Loss: [1.7632155974706014]
2019-04-14 18:45:26 INFO     Batch: [15/200] Epoch: [3] Loss: [1.756630964577198]
2019-04-14 18:45:26 INFO     Batch: [16/200] Epoch: [3] Loss: [1.7606263932059794]
2019-04-14 18:45:26 INFO     Batch: [17/200] Epoch: [3] Loss: [1.7553645372390747]
2019-04-14 18:45:27 INFO     Batch: [18/200] Epoch: [3] Loss: [1.7584686279296875]
2019-04-14 18:45:27 INFO     Batch: [19/200] Epoch: [3] Loss: [1.7609666645526887]
2019-04-14 18:45:27 INFO     Batch: [20/200] Epoch: [3] Loss: [1.7641433874766033]
2019-04-14 18:45:28 INFO     Batch: [21/200] Epoch: [3] Loss: [1.7676308317617937]
2019-04-14 18:45:28 INFO     Batch: [22/200] Epoch: [3] Loss: [1.7661425911861917]
2019-04-14 18:45:28 INFO     Batch: [23/200] Epoch: [3] Loss: [1.7610347469647725]
2019-04-14 18:45:28 INFO     Batch: [24/200] Epoch: [3] Loss: [1.7614086008071899]
2019-04-14 18:45:29 INFO     Batch: [25/200] Epoch: [3] Loss: [1.7600389581460218]
2019-04-14 18:45:29 INFO     Batch: [26/200] Epoch: [3] Loss: [1.7613084183798895]
2019-04-14 18:45:29 INFO     Batch: [27/200] Epoch: [3] Loss: [1.7596660341535295]
2019-04-14 18:45:29 INFO     Batch: [28/200] Epoch: [3] Loss: [1.7559808780407082]
2019-04-14 18:45:30 INFO     Batch: [29/200] Epoch: [3] Loss: [1.7562556505203246]
2019-04-14 18:45:30 INFO     Batch: [30/200] Epoch: [3] Loss: [1.7563341894457418]
2019-04-14 18:45:30 INFO     Batch: [31/200] Epoch: [3] Loss: [1.755746141076088]
2019-04-14 18:45:30 INFO     Batch: [32/200] Epoch: [3] Loss: [1.7550469853661277]
2019-04-14 18:45:31 INFO     Batch: [33/200] Epoch: [3] Loss: [1.7530029626453625]
2019-04-14 18:45:31 INFO     Batch: [34/200] Epoch: [3] Loss: [1.7534126009259905]
2019-04-14 18:45:31 INFO     Batch: [35/200] Epoch: [3] Loss: [1.7519938978883955]
2019-04-14 18:45:32 INFO     Batch: [36/200] Epoch: [3] Loss: [1.7497384064906352]
2019-04-14 18:45:32 INFO     Batch: [37/200] Epoch: [3] Loss: [1.748600683714214]
2019-04-14 18:45:32 INFO     Batch: [38/200] Epoch: [3] Loss: [1.7478477221268873]
2019-04-14 18:45:32 INFO     Batch: [39/200] Epoch: [3] Loss: [1.746440514922142]
2019-04-14 18:45:33 INFO     Batch: [40/200] Epoch: [3] Loss: [1.7473705251042435]
2019-04-14 18:45:33 INFO     Batch: [41/200] Epoch: [3] Loss: [1.744612543355851]
2019-04-14 18:45:33 INFO     Batch: [42/200] Epoch: [3] Loss: [1.7422690142032713]
2019-04-14 18:45:33 INFO     Batch: [43/200] Epoch: [3] Loss: [1.7419602247801693]
2019-04-14 18:45:34 INFO     Batch: [44/200] Epoch: [3] Loss: [1.7425249682532415]
2019-04-14 18:45:34 INFO     Batch: [45/200] Epoch: [3] Loss: [1.7417681657749673]
2019-04-14 18:45:34 INFO     Batch: [46/200] Epoch: [3] Loss: [1.7407973751108696]
2019-04-14 18:45:35 INFO     Batch: [47/200] Epoch: [3] Loss: [1.7393920173247654]
2019-04-14 18:45:35 INFO     Batch: [48/200] Epoch: [3] Loss: [1.7397724414358333]
2019-04-14 18:45:35 INFO     Batch: [49/200] Epoch: [3] Loss: [1.7398192381858826]
2019-04-14 18:45:35 INFO     Batch: [50/200] Epoch: [3] Loss: [1.7404973203060674]
2019-04-14 18:45:36 INFO     Batch: [51/200] Epoch: [3] Loss: [1.7409973580103655]
2019-04-14 18:45:36 INFO     Batch: [52/200] Epoch: [3] Loss: [1.7407110254719573]
2019-04-14 18:45:36 INFO     Batch: [53/200] Epoch: [3] Loss: [1.7390107446246676]
2019-04-14 18:45:36 INFO     Batch: [54/200] Epoch: [3] Loss: [1.7392885381525214]
2019-04-14 18:45:37 INFO     Batch: [55/200] Epoch: [3] Loss: [1.7379390427044459]
2019-04-14 18:45:37 INFO     Batch: [56/200] Epoch: [3] Loss: [1.7376770596755178]
2019-04-14 18:45:37 INFO     Batch: [57/200] Epoch: [3] Loss: [1.7380676947791]
2019-04-14 18:45:37 INFO     Batch: [58/200] Epoch: [3] Loss: [1.7373580629542722]
2019-04-14 18:45:38 INFO     Batch: [59/200] Epoch: [3] Loss: [1.7383729914824169]
2019-04-14 18:45:38 INFO     Batch: [60/200] Epoch: [3] Loss: [1.7391152166929402]
2019-04-14 18:45:38 INFO     Batch: [61/200] Epoch: [3] Loss: [1.740053907517464]
2019-04-14 18:45:39 INFO     Batch: [62/200] Epoch: [3] Loss: [1.7383594418328905]
2019-04-14 18:45:39 INFO     Batch: [63/200] Epoch: [3] Loss: [1.7378334980458021]
2019-04-14 18:45:39 INFO     Batch: [64/200] Epoch: [3] Loss: [1.7372014045715332]
2019-04-14 18:45:39 INFO     Batch: [65/200] Epoch: [3] Loss: [1.7365843671740908]
2019-04-14 18:45:40 INFO     Batch: [66/200] Epoch: [3] Loss: [1.7355522290984196]
2019-04-14 18:45:40 INFO     Batch: [67/200] Epoch: [3] Loss: [1.7339414831470041]
2019-04-14 18:45:40 INFO     Batch: [68/200] Epoch: [3] Loss: [1.734781933867413]
2019-04-14 18:45:40 INFO     Batch: [69/200] Epoch: [3] Loss: [1.734907054901123]
2019-04-14 18:45:41 INFO     Batch: [70/200] Epoch: [3] Loss: [1.735587413881866]
2019-04-14 18:45:41 INFO     Batch: [71/200] Epoch: [3] Loss: [1.7356406715181139]
2019-04-14 18:45:41 INFO     Batch: [72/200] Epoch: [3] Loss: [1.7363982870154184]
2019-04-14 18:45:41 INFO     Batch: [73/200] Epoch: [3] Loss: [1.737178692946563]
2019-04-14 18:45:42 INFO     Batch: [74/200] Epoch: [3] Loss: [1.7368238083521526]
2019-04-14 18:45:42 INFO     Batch: [75/200] Epoch: [3] Loss: [1.7367065909661745]
2019-04-14 18:45:42 INFO     Batch: [76/200] Epoch: [3] Loss: [1.7364238252887478]
2019-04-14 18:45:43 INFO     Batch: [77/200] Epoch: [3] Loss: [1.735876141450344]
2019-04-14 18:45:43 INFO     Batch: [78/200] Epoch: [3] Loss: [1.7359239692929425]
2019-04-14 18:45:43 INFO     Batch: [79/200] Epoch: [3] Loss: [1.7344549909234046]
2019-04-14 18:45:43 INFO     Batch: [80/200] Epoch: [3] Loss: [1.7339022954305012]
2019-04-14 18:45:44 INFO     Batch: [81/200] Epoch: [3] Loss: [1.734208130254978]
2019-04-14 18:45:44 INFO     Batch: [82/200] Epoch: [3] Loss: [1.7333508945373168]
2019-04-14 18:45:44 INFO     Batch: [83/200] Epoch: [3] Loss: [1.7339725366660528]
2019-04-14 18:45:44 INFO     Batch: [84/200] Epoch: [3] Loss: [1.7333077500848209]
2019-04-14 18:45:45 INFO     Batch: [85/200] Epoch: [3] Loss: [1.7339682468148165]
2019-04-14 18:45:45 INFO     Batch: [86/200] Epoch: [3] Loss: [1.7342289028496578]
2019-04-14 18:45:45 INFO     Batch: [87/200] Epoch: [3] Loss: [1.7341892949559472]
2019-04-14 18:45:45 INFO     Batch: [88/200] Epoch: [3] Loss: [1.7341004663638855]
2019-04-14 18:45:46 INFO     Batch: [89/200] Epoch: [3] Loss: [1.734265187051561]
2019-04-14 18:45:46 INFO     Batch: [90/200] Epoch: [3] Loss: [1.733915579188001]
2019-04-14 18:45:46 INFO     Batch: [91/200] Epoch: [3] Loss: [1.7340538151886151]
2019-04-14 18:45:47 INFO     Batch: [92/200] Epoch: [3] Loss: [1.7342540333347936]
2019-04-14 18:45:47 INFO     Batch: [93/200] Epoch: [3] Loss: [1.7346937846630177]
2019-04-14 18:45:47 INFO     Batch: [94/200] Epoch: [3] Loss: [1.7344361581300434]
2019-04-14 18:45:47 INFO     Batch: [95/200] Epoch: [3] Loss: [1.7338906079530716]
2019-04-14 18:45:48 INFO     Batch: [96/200] Epoch: [3] Loss: [1.734453305755694]
2019-04-14 18:45:48 INFO     Batch: [97/200] Epoch: [3] Loss: [1.7356508033616203]
2019-04-14 18:45:48 INFO     Batch: [98/200] Epoch: [3] Loss: [1.7355195139393662]
2019-04-14 18:45:48 INFO     Batch: [99/200] Epoch: [3] Loss: [1.7362806153297425]
2019-04-14 18:45:49 INFO     Batch: [100/200] Epoch: [3] Loss: [1.7360400858491953]
2019-04-14 18:45:49 INFO     Batch: [101/200] Epoch: [3] Loss: [1.736307375571307]
2019-04-14 18:45:49 INFO     Batch: [102/200] Epoch: [3] Loss: [1.7357749256115516]
2019-04-14 18:45:50 INFO     Batch: [103/200] Epoch: [3] Loss: [1.7346244259522512]
2019-04-14 18:45:50 INFO     Batch: [104/200] Epoch: [3] Loss: [1.7353261050723847]
2019-04-14 18:45:50 INFO     Batch: [105/200] Epoch: [3] Loss: [1.7342937926076494]
2019-04-14 18:45:50 INFO     Batch: [106/200] Epoch: [3] Loss: [1.7345887355715315]
2019-04-14 18:45:51 INFO     Batch: [107/200] Epoch: [3] Loss: [1.7343373397986095]
2019-04-14 18:45:51 INFO     Batch: [108/200] Epoch: [3] Loss: [1.7344949376692467]
2019-04-14 18:45:51 INFO     Batch: [109/200] Epoch: [3] Loss: [1.7335496403954245]
2019-04-14 18:45:51 INFO     Batch: [110/200] Epoch: [3] Loss: [1.7336359507328756]
2019-04-14 18:45:52 INFO     Batch: [111/200] Epoch: [3] Loss: [1.7331707530788012]
2019-04-14 18:45:52 INFO     Batch: [112/200] Epoch: [3] Loss: [1.7329540495323923]
2019-04-14 18:45:52 INFO     Batch: [113/200] Epoch: [3] Loss: [1.733746874750706]
2019-04-14 18:45:52 INFO     Batch: [114/200] Epoch: [3] Loss: [1.7333231635715651]
2019-04-14 18:45:53 INFO     Batch: [115/200] Epoch: [3] Loss: [1.7333970707038353]
2019-04-14 18:45:53 INFO     Batch: [116/200] Epoch: [3] Loss: [1.733489417622232]
2019-04-14 18:45:53 INFO     Batch: [117/200] Epoch: [3] Loss: [1.73457080529908]
2019-04-14 18:45:54 INFO     Batch: [118/200] Epoch: [3] Loss: [1.7344723328822802]
2019-04-14 18:45:54 INFO     Batch: [119/200] Epoch: [3] Loss: [1.7340695192416509]
2019-04-14 18:45:54 INFO     Batch: [120/200] Epoch: [3] Loss: [1.7341852483670575]
2019-04-14 18:45:54 INFO     Batch: [121/200] Epoch: [3] Loss: [1.7338227395151482]
2019-04-14 18:45:55 INFO     Batch: [122/200] Epoch: [3] Loss: [1.733160124561651]
2019-04-14 18:45:55 INFO     Batch: [123/200] Epoch: [3] Loss: [1.7326255363802756]
2019-04-14 18:45:55 INFO     Batch: [124/200] Epoch: [3] Loss: [1.7330913925170899]
2019-04-14 18:45:55 INFO     Batch: [125/200] Epoch: [3] Loss: [1.7328442249979292]
2019-04-14 18:45:56 INFO     Batch: [126/200] Epoch: [3] Loss: [1.7326381459949523]
2019-04-14 18:45:56 INFO     Batch: [127/200] Epoch: [3] Loss: [1.7325371643528342]
2019-04-14 18:45:56 INFO     Batch: [128/200] Epoch: [3] Loss: [1.7327060764150102]
2019-04-14 18:45:56 INFO     Batch: [129/200] Epoch: [3] Loss: [1.732399843289302]
2019-04-14 18:45:57 INFO     Batch: [130/200] Epoch: [3] Loss: [1.7325324420710557]
2019-04-14 18:45:57 INFO     Batch: [131/200] Epoch: [3] Loss: [1.7321259894154288]
2019-04-14 18:45:57 INFO     Batch: [132/200] Epoch: [3] Loss: [1.7316186938967024]
2019-04-14 18:45:58 INFO     Batch: [133/200] Epoch: [3] Loss: [1.7319289401395996]
2019-04-14 18:45:58 INFO     Batch: [134/200] Epoch: [3] Loss: [1.7314387286150896]
2019-04-14 18:45:58 INFO     Batch: [135/200] Epoch: [3] Loss: [1.7320004324702656]
2019-04-14 18:45:58 INFO     Batch: [136/200] Epoch: [3] Loss: [1.732227586481693]
2019-04-14 18:45:59 INFO     Batch: [137/200] Epoch: [3] Loss: [1.7314631938934326]
2019-04-14 18:45:59 INFO     Batch: [138/200] Epoch: [3] Loss: [1.7310573565874168]
2019-04-14 18:45:59 INFO     Batch: [139/200] Epoch: [3] Loss: [1.7307671538421086]
2019-04-14 18:45:59 INFO     Batch: [140/200] Epoch: [3] Loss: [1.7308991665535784]
2019-04-14 18:46:00 INFO     Batch: [141/200] Epoch: [3] Loss: [1.730974856396796]
2019-04-14 18:46:00 INFO     Batch: [142/200] Epoch: [3] Loss: [1.7307267789240484]
2019-04-14 18:46:00 INFO     Batch: [143/200] Epoch: [3] Loss: [1.7307015185554822]
2019-04-14 18:46:00 INFO     Batch: [144/200] Epoch: [3] Loss: [1.7309198478172565]
2019-04-14 18:46:01 INFO     Batch: [145/200] Epoch: [3] Loss: [1.7308148431451353]
2019-04-14 18:46:01 INFO     Batch: [146/200] Epoch: [3] Loss: [1.7309526132077586]
2019-04-14 18:46:01 INFO     Batch: [147/200] Epoch: [3] Loss: [1.7303760929687604]
2019-04-14 18:46:02 INFO     Batch: [148/200] Epoch: [3] Loss: [1.7304220911640449]
2019-04-14 18:46:02 INFO     Batch: [149/200] Epoch: [3] Loss: [1.7301998885472616]
2019-04-14 18:46:02 INFO     Batch: [150/200] Epoch: [3] Loss: [1.730114856303133]
2019-04-14 18:46:02 INFO     Batch: [151/200] Epoch: [3] Loss: [1.7302111481365405]
2019-04-14 18:46:03 INFO     Batch: [152/200] Epoch: [3] Loss: [1.7297155724631414]
2019-04-14 18:46:03 INFO     Batch: [153/200] Epoch: [3] Loss: [1.7296189069747925]
2019-04-14 18:46:03 INFO     Batch: [154/200] Epoch: [3] Loss: [1.7299992076812252]
2019-04-14 18:46:03 INFO     Batch: [155/200] Epoch: [3] Loss: [1.7299945728901105]
2019-04-14 18:46:04 INFO     Batch: [156/200] Epoch: [3] Loss: [1.729568459425762]
2019-04-14 18:46:04 INFO     Batch: [157/200] Epoch: [3] Loss: [1.7297871022284785]
2019-04-14 18:46:04 INFO     Batch: [158/200] Epoch: [3] Loss: [1.730215553217714]
2019-04-14 18:46:04 INFO     Batch: [159/200] Epoch: [3] Loss: [1.7301525361835957]
2019-04-14 18:46:05 INFO     Batch: [160/200] Epoch: [3] Loss: [1.7305349452154977]
2019-04-14 18:46:05 INFO     Batch: [161/200] Epoch: [3] Loss: [1.7303153541353014]
2019-04-14 18:46:05 INFO     Batch: [162/200] Epoch: [3] Loss: [1.7303656712631506]
2019-04-14 18:46:06 INFO     Batch: [163/200] Epoch: [3] Loss: [1.729943069016061]
2019-04-14 18:46:06 INFO     Batch: [164/200] Epoch: [3] Loss: [1.7294753659855235]
2019-04-14 18:46:06 INFO     Batch: [165/200] Epoch: [3] Loss: [1.7293924861643688]
2019-04-14 18:46:06 INFO     Batch: [166/200] Epoch: [3] Loss: [1.7291650193893982]
2019-04-14 18:46:07 INFO     Batch: [167/200] Epoch: [3] Loss: [1.729169840614001]
2019-04-14 18:46:07 INFO     Batch: [168/200] Epoch: [3] Loss: [1.7296958907821474]
2019-04-14 18:46:07 INFO     Batch: [169/200] Epoch: [3] Loss: [1.7294488023309147]
2019-04-14 18:46:07 INFO     Batch: [170/200] Epoch: [3] Loss: [1.7295887219278436]
2019-04-14 18:46:08 INFO     Batch: [171/200] Epoch: [3] Loss: [1.7294574414574824]
2019-04-14 18:46:08 INFO     Batch: [172/200] Epoch: [3] Loss: [1.729485981726233]
2019-04-14 18:46:08 INFO     Batch: [173/200] Epoch: [3] Loss: [1.7291787198220177]
2019-04-14 18:46:09 INFO     Batch: [174/200] Epoch: [3] Loss: [1.7293696308135986]
2019-04-14 18:46:09 INFO     Batch: [175/200] Epoch: [3] Loss: [1.7293554415757006]
2019-04-14 18:46:09 INFO     Batch: [176/200] Epoch: [3] Loss: [1.7290007307031061]
2019-04-14 18:46:09 INFO     Batch: [177/200] Epoch: [3] Loss: [1.7290926073374373]
2019-04-14 18:46:10 INFO     Batch: [178/200] Epoch: [3] Loss: [1.7292832016278912]
2019-04-14 18:46:10 INFO     Batch: [179/200] Epoch: [3] Loss: [1.7288497156567044]
2019-04-14 18:46:10 INFO     Batch: [180/200] Epoch: [3] Loss: [1.7290827892103249]
2019-04-14 18:46:10 INFO     Batch: [181/200] Epoch: [3] Loss: [1.729039496772892]
2019-04-14 18:46:11 INFO     Batch: [182/200] Epoch: [3] Loss: [1.7287676028215169]
2019-04-14 18:46:11 INFO     Batch: [183/200] Epoch: [3] Loss: [1.7282779916473057]
2019-04-14 18:46:11 INFO     Batch: [184/200] Epoch: [3] Loss: [1.7279083290615598]
2019-04-14 18:46:11 INFO     Batch: [185/200] Epoch: [3] Loss: [1.7278273458121924]
2019-04-14 18:46:12 INFO     Batch: [186/200] Epoch: [3] Loss: [1.7275325212886627]
2019-04-14 18:46:12 INFO     Batch: [187/200] Epoch: [3] Loss: [1.7268856370702703]
2019-04-14 18:46:12 INFO     Batch: [188/200] Epoch: [3] Loss: [1.7272998504537753]
2019-04-14 18:46:13 INFO     Batch: [189/200] Epoch: [3] Loss: [1.7268580166917098]
2019-04-14 18:46:13 INFO     Batch: [190/200] Epoch: [3] Loss: [1.7265236795884777]
2019-04-14 18:46:13 INFO     Batch: [191/200] Epoch: [3] Loss: [1.7269264372686546]
2019-04-14 18:46:13 INFO     Batch: [192/200] Epoch: [3] Loss: [1.726811468910059]
2019-04-14 18:46:14 INFO     Batch: [193/200] Epoch: [3] Loss: [1.726409244168665]
2019-04-14 18:46:14 INFO     Batch: [194/200] Epoch: [3] Loss: [1.726389146462465]
2019-04-14 18:46:14 INFO     Batch: [195/200] Epoch: [3] Loss: [1.72625078169667]
2019-04-14 18:46:14 INFO     Batch: [196/200] Epoch: [3] Loss: [1.7259765839213648]
2019-04-14 18:46:15 INFO     Batch: [197/200] Epoch: [3] Loss: [1.7257816797555094]
2019-04-14 18:46:15 INFO     Batch: [198/200] Epoch: [3] Loss: [1.7258948758618915]
2019-04-14 18:46:15 INFO     Batch: [199/200] Epoch: [3] Loss: [1.7252873241901399]
2019-04-14 18:46:17 INFO     **************** Epoch: [3/500] Accuracy: [0.06303030303030302] ****************

2019-04-14 18:46:17 INFO     Batch: [0/200] Epoch: [4] Loss: [1.707512617111206]
2019-04-14 18:46:18 INFO     Batch: [1/200] Epoch: [4] Loss: [1.6780261993408203]
2019-04-14 18:46:18 INFO     Batch: [2/200] Epoch: [4] Loss: [1.694523771603902]
2019-04-14 18:46:18 INFO     Batch: [3/200] Epoch: [4] Loss: [1.6867112815380096]
2019-04-14 18:46:18 INFO     Batch: [4/200] Epoch: [4] Loss: [1.6953529596328736]
2019-04-14 18:46:19 INFO     Batch: [5/200] Epoch: [4] Loss: [1.6984257102012634]
2019-04-14 18:46:19 INFO     Batch: [6/200] Epoch: [4] Loss: [1.6870000873293196]
2019-04-14 18:46:19 INFO     Batch: [7/200] Epoch: [4] Loss: [1.6864227950572968]
2019-04-14 18:46:19 INFO     Batch: [8/200] Epoch: [4] Loss: [1.6886719597710504]
2019-04-14 18:46:20 INFO     Batch: [9/200] Epoch: [4] Loss: [1.6909948110580444]
2019-04-14 18:46:20 INFO     Batch: [10/200] Epoch: [4] Loss: [1.6846891424872659]
2019-04-14 18:46:20 INFO     Batch: [11/200] Epoch: [4] Loss: [1.6820905208587646]
2019-04-14 18:46:21 INFO     Batch: [12/200] Epoch: [4] Loss: [1.6832106113433838]
2019-04-14 18:46:21 INFO     Batch: [13/200] Epoch: [4] Loss: [1.6911885057176863]
2019-04-14 18:46:21 INFO     Batch: [14/200] Epoch: [4] Loss: [1.6906616687774658]
2019-04-14 18:46:21 INFO     Batch: [15/200] Epoch: [4] Loss: [1.6888901740312576]
2019-04-14 18:46:22 INFO     Batch: [16/200] Epoch: [4] Loss: [1.6879906864727245]
2019-04-14 18:46:22 INFO     Batch: [17/200] Epoch: [4] Loss: [1.6926798158221774]
2019-04-14 18:46:22 INFO     Batch: [18/200] Epoch: [4] Loss: [1.6934733579033299]
2019-04-14 18:46:22 INFO     Batch: [19/200] Epoch: [4] Loss: [1.695138931274414]
2019-04-14 18:46:23 INFO     Batch: [20/200] Epoch: [4] Loss: [1.6945293971470423]
2019-04-14 18:46:23 INFO     Batch: [21/200] Epoch: [4] Loss: [1.6941279335455461]
2019-04-14 18:46:23 INFO     Batch: [22/200] Epoch: [4] Loss: [1.6951574657274329]
2019-04-14 18:46:23 INFO     Batch: [23/200] Epoch: [4] Loss: [1.6950363715489705]
2019-04-14 18:46:24 INFO     Batch: [24/200] Epoch: [4] Loss: [1.6968250465393067]
2019-04-14 18:46:24 INFO     Batch: [25/200] Epoch: [4] Loss: [1.697817467726194]
2019-04-14 18:46:24 INFO     Batch: [26/200] Epoch: [4] Loss: [1.6969909447210807]
2019-04-14 18:46:25 INFO     Batch: [27/200] Epoch: [4] Loss: [1.6979600403990065]
2019-04-14 18:46:25 INFO     Batch: [28/200] Epoch: [4] Loss: [1.6985249560454796]
2019-04-14 18:46:25 INFO     Batch: [29/200] Epoch: [4] Loss: [1.6996015985806783]
2019-04-14 18:46:25 INFO     Batch: [30/200] Epoch: [4] Loss: [1.6997484737826931]
2019-04-14 18:46:26 INFO     Batch: [31/200] Epoch: [4] Loss: [1.7002654820680618]
2019-04-14 18:46:26 INFO     Batch: [32/200] Epoch: [4] Loss: [1.702011643034039]
2019-04-14 18:46:26 INFO     Batch: [33/200] Epoch: [4] Loss: [1.7018924460691565]
2019-04-14 18:46:26 INFO     Batch: [34/200] Epoch: [4] Loss: [1.7013689143317086]
2019-04-14 18:46:27 INFO     Batch: [35/200] Epoch: [4] Loss: [1.699940585427814]
2019-04-14 18:46:27 INFO     Batch: [36/200] Epoch: [4] Loss: [1.7005634082330239]
2019-04-14 18:46:27 INFO     Batch: [37/200] Epoch: [4] Loss: [1.7007419247376292]
2019-04-14 18:46:27 INFO     Batch: [38/200] Epoch: [4] Loss: [1.701130631642464]
2019-04-14 18:46:28 INFO     Batch: [39/200] Epoch: [4] Loss: [1.7001815766096116]
2019-04-14 18:46:28 INFO     Batch: [40/200] Epoch: [4] Loss: [1.7004710901074294]
2019-04-14 18:46:28 INFO     Batch: [41/200] Epoch: [4] Loss: [1.700446898028964]
2019-04-14 18:46:29 INFO     Batch: [42/200] Epoch: [4] Loss: [1.700846561165743]
2019-04-14 18:46:29 INFO     Batch: [43/200] Epoch: [4] Loss: [1.7003970742225647]
2019-04-14 18:46:29 INFO     Batch: [44/200] Epoch: [4] Loss: [1.701094431347317]
2019-04-14 18:46:29 INFO     Batch: [45/200] Epoch: [4] Loss: [1.7007360873015032]
2019-04-14 18:46:30 INFO     Batch: [46/200] Epoch: [4] Loss: [1.7009171272845978]
2019-04-14 18:46:30 INFO     Batch: [47/200] Epoch: [4] Loss: [1.7018641779820125]
2019-04-14 18:46:30 INFO     Batch: [48/200] Epoch: [4] Loss: [1.7030279490412499]
2019-04-14 18:46:30 INFO     Batch: [49/200] Epoch: [4] Loss: [1.7025492143630983]
2019-04-14 18:46:31 INFO     Batch: [50/200] Epoch: [4] Loss: [1.7030158136405198]
2019-04-14 18:46:31 INFO     Batch: [51/200] Epoch: [4] Loss: [1.702903456412829]
2019-04-14 18:46:31 INFO     Batch: [52/200] Epoch: [4] Loss: [1.7029326749297808]
2019-04-14 18:46:31 INFO     Batch: [53/200] Epoch: [4] Loss: [1.702043146998794]
2019-04-14 18:46:32 INFO     Batch: [54/200] Epoch: [4] Loss: [1.7033167557282882]
2019-04-14 18:46:32 INFO     Batch: [55/200] Epoch: [4] Loss: [1.7021114804915018]
2019-04-14 18:46:32 INFO     Batch: [56/200] Epoch: [4] Loss: [1.70139928031386]
2019-04-14 18:46:33 INFO     Batch: [57/200] Epoch: [4] Loss: [1.701611929926379]
2019-04-14 18:46:33 INFO     Batch: [58/200] Epoch: [4] Loss: [1.7011212837898124]
2019-04-14 18:46:33 INFO     Batch: [59/200] Epoch: [4] Loss: [1.700691467523575]
2019-04-14 18:46:33 INFO     Batch: [60/200] Epoch: [4] Loss: [1.700871195949492]
2019-04-14 18:46:34 INFO     Batch: [61/200] Epoch: [4] Loss: [1.70064829626391]
2019-04-14 18:46:34 INFO     Batch: [62/200] Epoch: [4] Loss: [1.7007085652578444]
2019-04-14 18:46:34 INFO     Batch: [63/200] Epoch: [4] Loss: [1.7011280432343483]
2019-04-14 18:46:34 INFO     Batch: [64/200] Epoch: [4] Loss: [1.7011011343735916]
2019-04-14 18:46:35 INFO     Batch: [65/200] Epoch: [4] Loss: [1.7009283719640789]
2019-04-14 18:46:35 INFO     Batch: [66/200] Epoch: [4] Loss: [1.701143531656977]
2019-04-14 18:46:35 INFO     Batch: [67/200] Epoch: [4] Loss: [1.7010686187183155]
2019-04-14 18:46:36 INFO     Batch: [68/200] Epoch: [4] Loss: [1.7005784321522368]
2019-04-14 18:46:36 INFO     Batch: [69/200] Epoch: [4] Loss: [1.6998146431786674]
2019-04-14 18:46:36 INFO     Batch: [70/200] Epoch: [4] Loss: [1.7006785567377654]
2019-04-14 18:46:36 INFO     Batch: [71/200] Epoch: [4] Loss: [1.7001645929283566]
2019-04-14 18:46:37 INFO     Batch: [72/200] Epoch: [4] Loss: [1.7001173202305624]
2019-04-14 18:46:37 INFO     Batch: [73/200] Epoch: [4] Loss: [1.6987382431288023]
2019-04-14 18:46:37 INFO     Batch: [74/200] Epoch: [4] Loss: [1.6976314496994018]
2019-04-14 18:46:37 INFO     Batch: [75/200] Epoch: [4] Loss: [1.6979513733010543]
2019-04-14 18:46:38 INFO     Batch: [76/200] Epoch: [4] Loss: [1.6973366257432219]
2019-04-14 18:46:38 INFO     Batch: [77/200] Epoch: [4] Loss: [1.697822427138304]
2019-04-14 18:46:38 INFO     Batch: [78/200] Epoch: [4] Loss: [1.6977542201174964]
2019-04-14 18:46:38 INFO     Batch: [79/200] Epoch: [4] Loss: [1.6978124871850013]
2019-04-14 18:46:39 INFO     Batch: [80/200] Epoch: [4] Loss: [1.6984523019672912]
2019-04-14 18:46:39 INFO     Batch: [81/200] Epoch: [4] Loss: [1.6979982765709483]
2019-04-14 18:46:39 INFO     Batch: [82/200] Epoch: [4] Loss: [1.6976047122334859]
2019-04-14 18:46:40 INFO     Batch: [83/200] Epoch: [4] Loss: [1.6973303258419037]
2019-04-14 18:46:40 INFO     Batch: [84/200] Epoch: [4] Loss: [1.6972767675624174]
2019-04-14 18:46:40 INFO     Batch: [85/200] Epoch: [4] Loss: [1.6971650955288908]
2019-04-14 18:46:40 INFO     Batch: [86/200] Epoch: [4] Loss: [1.696991746453033]
2019-04-14 18:46:41 INFO     Batch: [87/200] Epoch: [4] Loss: [1.696056230501695]
2019-04-14 18:46:41 INFO     Batch: [88/200] Epoch: [4] Loss: [1.696675328726179]
2019-04-14 18:46:41 INFO     Batch: [89/200] Epoch: [4] Loss: [1.696147949165768]
2019-04-14 18:46:41 INFO     Batch: [90/200] Epoch: [4] Loss: [1.695438264490484]
2019-04-14 18:46:42 INFO     Batch: [91/200] Epoch: [4] Loss: [1.6954919618109]
2019-04-14 18:46:42 INFO     Batch: [92/200] Epoch: [4] Loss: [1.694446934166775]
2019-04-14 18:46:42 INFO     Batch: [93/200] Epoch: [4] Loss: [1.69419235117892]
2019-04-14 18:46:42 INFO     Batch: [94/200] Epoch: [4] Loss: [1.693966427602266]
2019-04-14 18:46:43 INFO     Batch: [95/200] Epoch: [4] Loss: [1.6937117849787076]
2019-04-14 18:46:43 INFO     Batch: [96/200] Epoch: [4] Loss: [1.693178117889719]
2019-04-14 18:46:43 INFO     Batch: [97/200] Epoch: [4] Loss: [1.6929024153826189]
2019-04-14 18:46:44 INFO     Batch: [98/200] Epoch: [4] Loss: [1.6924315185257883]
2019-04-14 18:46:44 INFO     Batch: [99/200] Epoch: [4] Loss: [1.6928268933296204]
2019-04-14 18:46:44 INFO     Batch: [100/200] Epoch: [4] Loss: [1.69292948387637]
2019-04-14 18:46:44 INFO     Batch: [101/200] Epoch: [4] Loss: [1.6924372981576359]
2019-04-14 18:46:45 INFO     Batch: [102/200] Epoch: [4] Loss: [1.6928931127474145]
2019-04-14 18:46:45 INFO     Batch: [103/200] Epoch: [4] Loss: [1.6925580237920468]
2019-04-14 18:46:45 INFO     Batch: [104/200] Epoch: [4] Loss: [1.6921883299237206]
2019-04-14 18:46:45 INFO     Batch: [105/200] Epoch: [4] Loss: [1.6919242458523445]
2019-04-14 18:46:46 INFO     Batch: [106/200] Epoch: [4] Loss: [1.6918020950299557]
2019-04-14 18:46:46 INFO     Batch: [107/200] Epoch: [4] Loss: [1.6910665973469063]
2019-04-14 18:46:46 INFO     Batch: [108/200] Epoch: [4] Loss: [1.691292717916156]
2019-04-14 18:46:46 INFO     Batch: [109/200] Epoch: [4] Loss: [1.6913029584017667]
2019-04-14 18:46:47 INFO     Batch: [110/200] Epoch: [4] Loss: [1.6911673331045889]
2019-04-14 18:46:47 INFO     Batch: [111/200] Epoch: [4] Loss: [1.690587304532528]
2019-04-14 18:46:47 INFO     Batch: [112/200] Epoch: [4] Loss: [1.6909775217022516]
2019-04-14 18:46:48 INFO     Batch: [113/200] Epoch: [4] Loss: [1.6909961240333424]
2019-04-14 18:46:48 INFO     Batch: [114/200] Epoch: [4] Loss: [1.6910748492116514]
2019-04-14 18:46:48 INFO     Batch: [115/200] Epoch: [4] Loss: [1.6908301156142662]
2019-04-14 18:46:48 INFO     Batch: [116/200] Epoch: [4] Loss: [1.6910180444391365]
2019-04-14 18:46:49 INFO     Batch: [117/200] Epoch: [4] Loss: [1.6911755204200745]
2019-04-14 18:46:49 INFO     Batch: [118/200] Epoch: [4] Loss: [1.691337212794969]
2019-04-14 18:46:49 INFO     Batch: [119/200] Epoch: [4] Loss: [1.6912709216276804]
2019-04-14 18:46:49 INFO     Batch: [120/200] Epoch: [4] Loss: [1.691101505736674]
2019-04-14 18:46:50 INFO     Batch: [121/200] Epoch: [4] Loss: [1.6908260105086155]
2019-04-14 18:46:50 INFO     Batch: [122/200] Epoch: [4] Loss: [1.6905276281077688]
2019-04-14 18:46:50 INFO     Batch: [123/200] Epoch: [4] Loss: [1.691078712863307]
2019-04-14 18:46:51 INFO     Batch: [124/200] Epoch: [4] Loss: [1.69098858833313]
2019-04-14 18:46:51 INFO     Batch: [125/200] Epoch: [4] Loss: [1.6916849944326613]
2019-04-14 18:46:51 INFO     Batch: [126/200] Epoch: [4] Loss: [1.6912768760065393]
2019-04-14 18:46:51 INFO     Batch: [127/200] Epoch: [4] Loss: [1.6910876324400306]
2019-04-14 18:46:52 INFO     Batch: [128/200] Epoch: [4] Loss: [1.690673824428588]
2019-04-14 18:46:52 INFO     Batch: [129/200] Epoch: [4] Loss: [1.690766925078172]
