2019-04-01 21:30:45 INFO     Loading Data
2019-04-01 21:30:46 INFO     Model Setting Up
2019-04-01 21:30:54 INFO     Start Training
2019-04-01 21:31:03 INFO     Batch: [0/120] Epoch: [0] Loss: [2.3059005737304688]
2019-04-01 21:31:04 INFO     Accuracy: [0.10018181818181816]

2019-04-01 21:31:04 INFO     Batch: [1/120] Epoch: [0] Loss: [2.3004215955734253]
2019-04-01 21:31:04 INFO     Batch: [2/120] Epoch: [0] Loss: [2.2967015902201333]
2019-04-01 21:31:04 INFO     Batch: [3/120] Epoch: [0] Loss: [2.2937607765197754]
2019-04-01 21:31:04 INFO     Batch: [4/120] Epoch: [0] Loss: [2.289025974273682]
2019-04-01 21:31:04 INFO     Batch: [5/120] Epoch: [0] Loss: [2.283232490221659]
2019-04-01 21:31:05 INFO     Batch: [6/120] Epoch: [0] Loss: [2.277397802897862]
2019-04-01 21:31:05 INFO     Batch: [7/120] Epoch: [0] Loss: [2.2727282643318176]
2019-04-01 21:31:05 INFO     Batch: [8/120] Epoch: [0] Loss: [2.2678538958231607]
2019-04-01 21:31:05 INFO     Batch: [9/120] Epoch: [0] Loss: [2.2634413719177244]
2019-04-01 21:31:05 INFO     Batch: [10/120] Epoch: [0] Loss: [2.257719256661155]
2019-04-01 21:31:05 INFO     Batch: [11/120] Epoch: [0] Loss: [2.2534771164258323]
2019-04-01 21:31:05 INFO     Batch: [12/120] Epoch: [0] Loss: [2.2474363583784838]
2019-04-01 21:31:06 INFO     Batch: [13/120] Epoch: [0] Loss: [2.2429534707750594]
2019-04-01 21:31:06 INFO     Batch: [14/120] Epoch: [0] Loss: [2.2384206612904864]
2019-04-01 21:31:06 INFO     Batch: [15/120] Epoch: [0] Loss: [2.2355473935604095]
2019-04-01 21:31:06 INFO     Batch: [16/120] Epoch: [0] Loss: [2.229880515266867]
2019-04-01 21:31:06 INFO     Batch: [17/120] Epoch: [0] Loss: [2.2259676853815713]
2019-04-01 21:31:06 INFO     Batch: [18/120] Epoch: [0] Loss: [2.2211058390767953]
2019-04-01 21:31:06 INFO     Batch: [19/120] Epoch: [0] Loss: [2.2166154026985168]
2019-04-01 21:31:07 INFO     Batch: [20/120] Epoch: [0] Loss: [2.2126091548374722]
2019-04-01 21:31:07 INFO     Batch: [21/120] Epoch: [0] Loss: [2.2094627618789673]
2019-04-01 21:31:07 INFO     Batch: [22/120] Epoch: [0] Loss: [2.2049100502677588]
2019-04-01 21:31:07 INFO     Batch: [23/120] Epoch: [0] Loss: [2.2009114424387612]
2019-04-01 21:31:07 INFO     Batch: [24/120] Epoch: [0] Loss: [2.1973566436767578]
2019-04-01 21:31:07 INFO     Batch: [25/120] Epoch: [0] Loss: [2.1947885201527524]
2019-04-01 21:31:07 INFO     Batch: [26/120] Epoch: [0] Loss: [2.1920956947185375]
2019-04-01 21:31:08 INFO     Batch: [27/120] Epoch: [0] Loss: [2.187300775732313]
2019-04-01 21:31:08 INFO     Batch: [28/120] Epoch: [0] Loss: [2.185060920386479]
2019-04-01 21:31:08 INFO     Batch: [29/120] Epoch: [0] Loss: [2.1819841702779135]
2019-04-01 21:31:08 INFO     Batch: [30/120] Epoch: [0] Loss: [2.1787735954407723]
2019-04-01 21:31:08 INFO     Batch: [31/120] Epoch: [0] Loss: [2.1745581179857254]
2019-04-01 21:31:08 INFO     Batch: [32/120] Epoch: [0] Loss: [2.171141263210412]
2019-04-01 21:31:08 INFO     Batch: [33/120] Epoch: [0] Loss: [2.168320992413689]
2019-04-01 21:31:08 INFO     Batch: [34/120] Epoch: [0] Loss: [2.1657560007912773]
2019-04-01 21:31:09 INFO     Batch: [35/120] Epoch: [0] Loss: [2.162447373072306]
2019-04-01 21:31:09 INFO     Batch: [36/120] Epoch: [0] Loss: [2.1586852782481425]
2019-04-01 21:31:09 INFO     Batch: [37/120] Epoch: [0] Loss: [2.15549173480586]
2019-04-01 21:31:09 INFO     Batch: [38/120] Epoch: [0] Loss: [2.151353664887257]
2019-04-01 21:31:09 INFO     Batch: [39/120] Epoch: [0] Loss: [2.148148399591446]
2019-04-01 21:31:09 INFO     Batch: [40/120] Epoch: [0] Loss: [2.1461642951500126]
2019-04-01 21:31:10 INFO     Batch: [41/120] Epoch: [0] Loss: [2.1435643264225552]
2019-04-01 21:31:10 INFO     Batch: [42/120] Epoch: [0] Loss: [2.141012274941733]
2019-04-01 21:31:10 INFO     Batch: [43/120] Epoch: [0] Loss: [2.138882739977403]
2019-04-01 21:31:10 INFO     Batch: [44/120] Epoch: [0] Loss: [2.1357941362592907]
2019-04-01 21:31:10 INFO     Batch: [45/120] Epoch: [0] Loss: [2.1336614567300547]
2019-04-01 21:31:10 INFO     Batch: [46/120] Epoch: [0] Loss: [2.1312934895779225]
2019-04-01 21:31:10 INFO     Batch: [47/120] Epoch: [0] Loss: [2.1286324163277945]
2019-04-01 21:31:10 INFO     Batch: [48/120] Epoch: [0] Loss: [2.1260165243732687]
2019-04-01 21:31:11 INFO     Batch: [49/120] Epoch: [0] Loss: [2.1242188692092894]
2019-04-01 21:31:11 INFO     Batch: [50/120] Epoch: [0] Loss: [2.122072032853669]
2019-04-01 21:31:11 INFO     Batch: [51/120] Epoch: [0] Loss: [2.1193282352044034]
2019-04-01 21:31:11 INFO     Batch: [52/120] Epoch: [0] Loss: [2.1179376255791142]
2019-04-01 21:31:11 INFO     Batch: [53/120] Epoch: [0] Loss: [2.1161327560742698]
2019-04-01 21:31:11 INFO     Batch: [54/120] Epoch: [0] Loss: [2.114548273520036]
2019-04-01 21:31:11 INFO     Batch: [55/120] Epoch: [0] Loss: [2.111950220806258]
2019-04-01 21:31:12 INFO     Batch: [56/120] Epoch: [0] Loss: [2.1096552568569518]
2019-04-01 21:31:12 INFO     Batch: [57/120] Epoch: [0] Loss: [2.107834678271721]
2019-04-01 21:31:12 INFO     Batch: [58/120] Epoch: [0] Loss: [2.1054920624878446]
2019-04-01 21:31:12 INFO     Batch: [59/120] Epoch: [0] Loss: [2.1029893279075624]
2019-04-01 21:31:12 INFO     Batch: [60/120] Epoch: [0] Loss: [2.1016410217910515]
2019-04-01 21:31:12 INFO     Batch: [61/120] Epoch: [0] Loss: [2.0994255811937395]
2019-04-01 21:31:12 INFO     Batch: [62/120] Epoch: [0] Loss: [2.096909210795448]
2019-04-01 21:31:13 INFO     Batch: [63/120] Epoch: [0] Loss: [2.0951860155910254]
2019-04-01 21:31:13 INFO     Batch: [64/120] Epoch: [0] Loss: [2.0937163224587074]
2019-04-01 21:31:13 INFO     Batch: [65/120] Epoch: [0] Loss: [2.0913267587170457]
2019-04-01 21:31:13 INFO     Batch: [66/120] Epoch: [0] Loss: [2.0898132822406827]
2019-04-01 21:31:13 INFO     Batch: [67/120] Epoch: [0] Loss: [2.0872754402020397]
2019-04-01 21:31:13 INFO     Batch: [68/120] Epoch: [0] Loss: [2.0853780853575556]
2019-04-01 21:31:13 INFO     Batch: [69/120] Epoch: [0] Loss: [2.083293391977038]
2019-04-01 21:31:14 INFO     Batch: [70/120] Epoch: [0] Loss: [2.0816738118588085]
2019-04-01 21:31:14 INFO     Batch: [71/120] Epoch: [0] Loss: [2.0792837970786624]
2019-04-01 21:31:14 INFO     Batch: [72/120] Epoch: [0] Loss: [2.077081964440542]
2019-04-01 21:31:14 INFO     Batch: [73/120] Epoch: [0] Loss: [2.0747516171352283]
2019-04-01 21:31:14 INFO     Batch: [74/120] Epoch: [0] Loss: [2.072402407328288]
2019-04-01 21:31:14 INFO     Batch: [75/120] Epoch: [0] Loss: [2.0703394146342027]
2019-04-01 21:31:14 INFO     Batch: [76/120] Epoch: [0] Loss: [2.068384336186694]
2019-04-01 21:31:15 INFO     Batch: [77/120] Epoch: [0] Loss: [2.065778134725033]
2019-04-01 21:31:15 INFO     Batch: [78/120] Epoch: [0] Loss: [2.0637547396406344]
2019-04-01 21:31:15 INFO     Batch: [79/120] Epoch: [0] Loss: [2.062311889231205]
2019-04-01 21:31:15 INFO     Batch: [80/120] Epoch: [0] Loss: [2.0607010655932956]
2019-04-01 21:31:15 INFO     Batch: [81/120] Epoch: [0] Loss: [2.0585616710709362]
2019-04-01 21:31:15 INFO     Batch: [82/120] Epoch: [0] Loss: [2.056975354631263]
2019-04-01 21:31:15 INFO     Batch: [83/120] Epoch: [0] Loss: [2.055750321774256]
2019-04-01 21:31:16 INFO     Batch: [84/120] Epoch: [0] Loss: [2.053376451660605]
2019-04-01 21:31:16 INFO     Batch: [85/120] Epoch: [0] Loss: [2.0515774876572364]
2019-04-01 21:31:16 INFO     Batch: [86/120] Epoch: [0] Loss: [2.0502913820332496]
2019-04-01 21:31:16 INFO     Batch: [87/120] Epoch: [0] Loss: [2.0485505190762607]
2019-04-01 21:31:16 INFO     Batch: [88/120] Epoch: [0] Loss: [2.0463808252570335]
2019-04-01 21:31:16 INFO     Batch: [89/120] Epoch: [0] Loss: [2.0447805245717365]
2019-04-01 21:31:16 INFO     Batch: [90/120] Epoch: [0] Loss: [2.043083828884167]
2019-04-01 21:31:16 INFO     Batch: [91/120] Epoch: [0] Loss: [2.040769337312035]
2019-04-01 21:31:17 INFO     Batch: [92/120] Epoch: [0] Loss: [2.039842769663821]
2019-04-01 21:31:17 INFO     Batch: [93/120] Epoch: [0] Loss: [2.0377482049008635]
2019-04-01 21:31:17 INFO     Batch: [94/120] Epoch: [0] Loss: [2.035808918350621]
2019-04-01 21:31:17 INFO     Batch: [95/120] Epoch: [0] Loss: [2.033314353475968]
2019-04-01 21:31:17 INFO     Batch: [96/120] Epoch: [0] Loss: [2.031701298104119]
2019-04-01 21:31:17 INFO     Batch: [97/120] Epoch: [0] Loss: [2.0295173002749074]
2019-04-01 21:31:17 INFO     Batch: [98/120] Epoch: [0] Loss: [2.027044322755602]
2019-04-01 21:31:18 INFO     Batch: [99/120] Epoch: [0] Loss: [2.0252717006206513]
2019-04-01 21:31:18 INFO     Batch: [100/120] Epoch: [0] Loss: [2.023454749938285]
2019-04-01 21:31:18 INFO     Batch: [101/120] Epoch: [0] Loss: [2.0214993229099347]
2019-04-01 21:31:18 INFO     Batch: [102/120] Epoch: [0] Loss: [2.019710097498107]
2019-04-01 21:31:18 INFO     Batch: [103/120] Epoch: [0] Loss: [2.018442390056757]
2019-04-01 21:31:18 INFO     Batch: [104/120] Epoch: [0] Loss: [2.0165285700843447]
2019-04-01 21:31:18 INFO     Batch: [105/120] Epoch: [0] Loss: [2.0147534440148553]
2019-04-01 21:31:19 INFO     Batch: [106/120] Epoch: [0] Loss: [2.01337023984606]
2019-04-01 21:31:19 INFO     Batch: [107/120] Epoch: [0] Loss: [2.011425304192084]
2019-04-01 21:31:19 INFO     Batch: [108/120] Epoch: [0] Loss: [2.0100862717409744]
2019-04-01 21:31:19 INFO     Batch: [109/120] Epoch: [0] Loss: [2.0084979100660845]
2019-04-01 21:31:19 INFO     Batch: [110/120] Epoch: [0] Loss: [2.0066469166729903]
2019-04-01 21:31:19 INFO     Batch: [111/120] Epoch: [0] Loss: [2.00535495366369]
2019-04-01 21:31:19 INFO     Batch: [112/120] Epoch: [0] Loss: [2.0032140712822435]
2019-04-01 21:31:20 INFO     Batch: [113/120] Epoch: [0] Loss: [2.001959020631355]
2019-04-01 21:31:20 INFO     Batch: [114/120] Epoch: [0] Loss: [2.0000866205795953]
2019-04-01 21:31:20 INFO     Batch: [115/120] Epoch: [0] Loss: [1.9982044470721279]
2019-04-01 21:31:20 INFO     Batch: [116/120] Epoch: [0] Loss: [1.9960241022273006]
2019-04-01 21:31:20 INFO     Batch: [117/120] Epoch: [0] Loss: [1.994765397855791]
2019-04-01 21:31:20 INFO     Batch: [118/120] Epoch: [0] Loss: [1.9931079750301457]
2019-04-01 21:31:20 INFO     Batch: [119/120] Epoch: [0] Loss: [1.9913472165664037]
2019-04-01 21:31:22 INFO     Epoch: [0/200] Loss: [1.9913472165664037] Accuracy: [0.3945454545454546]
2019-04-01 21:31:22 INFO     Batch: [0/120] Epoch: [1] Loss: [1.782127857208252]
2019-04-01 21:31:23 INFO     Accuracy: [0.3938181818181818]

2019-04-01 21:31:23 INFO     Batch: [1/120] Epoch: [1] Loss: [1.799370288848877]
2019-04-01 21:31:24 INFO     Batch: [2/120] Epoch: [1] Loss: [1.7873575687408447]
2019-04-01 21:31:24 INFO     Batch: [3/120] Epoch: [1] Loss: [1.7845820188522339]
2019-04-01 21:31:24 INFO     Batch: [4/120] Epoch: [1] Loss: [1.7797624111175536]
2019-04-01 21:31:24 INFO     Batch: [5/120] Epoch: [1] Loss: [1.7689277331034343]
2019-04-01 21:31:24 INFO     Batch: [6/120] Epoch: [1] Loss: [1.7571674755641393]
2019-04-01 21:31:24 INFO     Batch: [7/120] Epoch: [1] Loss: [1.755218893289566]
2019-04-01 21:31:24 INFO     Batch: [8/120] Epoch: [1] Loss: [1.75472092628479]
2019-04-01 21:31:25 INFO     Batch: [9/120] Epoch: [1] Loss: [1.75538889169693]
2019-04-01 21:31:25 INFO     Batch: [10/120] Epoch: [1] Loss: [1.7592292698946865]
2019-04-01 21:31:25 INFO     Batch: [11/120] Epoch: [1] Loss: [1.75514754652977]
2019-04-01 21:31:25 INFO     Batch: [12/120] Epoch: [1] Loss: [1.7548738076136663]
2019-04-01 21:31:25 INFO     Batch: [13/120] Epoch: [1] Loss: [1.7581542049135481]
2019-04-01 21:31:25 INFO     Batch: [14/120] Epoch: [1] Loss: [1.7573285897572835]
2019-04-01 21:31:25 INFO     Batch: [15/120] Epoch: [1] Loss: [1.7619160860776901]
2019-04-01 21:31:26 INFO     Batch: [16/120] Epoch: [1] Loss: [1.7583840875064625]
2019-04-01 21:31:26 INFO     Batch: [17/120] Epoch: [1] Loss: [1.7560044063462152]
2019-04-01 21:31:26 INFO     Batch: [18/120] Epoch: [1] Loss: [1.7542055719777156]
2019-04-01 21:31:26 INFO     Batch: [19/120] Epoch: [1] Loss: [1.7537188053131103]
2019-04-01 21:31:26 INFO     Batch: [20/120] Epoch: [1] Loss: [1.7539866538274855]
2019-04-01 21:31:26 INFO     Batch: [21/120] Epoch: [1] Loss: [1.7532587972554294]
2019-04-01 21:31:26 INFO     Batch: [22/120] Epoch: [1] Loss: [1.7511821933414624]
2019-04-01 21:31:27 INFO     Batch: [23/120] Epoch: [1] Loss: [1.7524653772513072]
2019-04-01 21:31:27 INFO     Batch: [24/120] Epoch: [1] Loss: [1.7505853128433229]
2019-04-01 21:31:27 INFO     Batch: [25/120] Epoch: [1] Loss: [1.7498588928809533]
2019-04-01 21:31:27 INFO     Batch: [26/120] Epoch: [1] Loss: [1.7493304897237707]
2019-04-01 21:31:27 INFO     Batch: [27/120] Epoch: [1] Loss: [1.7483442979199546]
2019-04-01 21:31:27 INFO     Batch: [28/120] Epoch: [1] Loss: [1.7485682347725178]
2019-04-01 21:31:27 INFO     Batch: [29/120] Epoch: [1] Loss: [1.7476819157600403]
2019-04-01 21:31:27 INFO     Batch: [30/120] Epoch: [1] Loss: [1.7478868384515085]
2019-04-01 21:31:28 INFO     Batch: [31/120] Epoch: [1] Loss: [1.7473834604024887]
2019-04-01 21:31:28 INFO     Batch: [32/120] Epoch: [1] Loss: [1.7449978590011597]
2019-04-01 21:31:28 INFO     Batch: [33/120] Epoch: [1] Loss: [1.743398732998792]
2019-04-01 21:31:28 INFO     Batch: [34/120] Epoch: [1] Loss: [1.7441342864717757]
2019-04-01 21:31:28 INFO     Batch: [35/120] Epoch: [1] Loss: [1.7432874143123627]
2019-04-01 21:31:28 INFO     Batch: [36/120] Epoch: [1] Loss: [1.7416592965254913]
2019-04-01 21:31:28 INFO     Batch: [37/120] Epoch: [1] Loss: [1.7416934684703225]
2019-04-01 21:31:29 INFO     Batch: [38/120] Epoch: [1] Loss: [1.7414798828271718]
2019-04-01 21:31:29 INFO     Batch: [39/120] Epoch: [1] Loss: [1.7416486769914628]
2019-04-01 21:31:29 INFO     Batch: [40/120] Epoch: [1] Loss: [1.7413671540050972]
2019-04-01 21:31:29 INFO     Batch: [41/120] Epoch: [1] Loss: [1.7413732693308877]
2019-04-01 21:31:29 INFO     Batch: [42/120] Epoch: [1] Loss: [1.740306859792665]
2019-04-01 21:31:29 INFO     Batch: [43/120] Epoch: [1] Loss: [1.740824740041386]
2019-04-01 21:31:29 INFO     Batch: [44/120] Epoch: [1] Loss: [1.7396285772323608]
2019-04-01 21:31:30 INFO     Batch: [45/120] Epoch: [1] Loss: [1.7398248884988867]
2019-04-01 21:31:30 INFO     Batch: [46/120] Epoch: [1] Loss: [1.7383520831453039]
2019-04-01 21:31:30 INFO     Batch: [47/120] Epoch: [1] Loss: [1.738737275203069]
2019-04-01 21:31:30 INFO     Batch: [48/120] Epoch: [1] Loss: [1.738564749153293]
2019-04-01 21:31:30 INFO     Batch: [49/120] Epoch: [1] Loss: [1.7414530444145202]
2019-04-01 21:31:30 INFO     Batch: [50/120] Epoch: [1] Loss: [1.740754482792873]
2019-04-01 21:31:30 INFO     Batch: [51/120] Epoch: [1] Loss: [1.7402632465729346]
2019-04-01 21:31:31 INFO     Batch: [52/120] Epoch: [1] Loss: [1.7405018626518969]
2019-04-01 21:31:31 INFO     Batch: [53/120] Epoch: [1] Loss: [1.7415060643796567]
2019-04-01 21:31:31 INFO     Batch: [54/120] Epoch: [1] Loss: [1.7426076889038087]
2019-04-01 21:31:31 INFO     Batch: [55/120] Epoch: [1] Loss: [1.7423398792743683]
2019-04-01 21:31:31 INFO     Batch: [56/120] Epoch: [1] Loss: [1.7420601133714642]
2019-04-01 21:31:31 INFO     Batch: [57/120] Epoch: [1] Loss: [1.7430093308974957]
2019-04-01 21:31:31 INFO     Batch: [58/120] Epoch: [1] Loss: [1.7434657448429172]
2019-04-01 21:31:32 INFO     Batch: [59/120] Epoch: [1] Loss: [1.7424793720245362]
2019-04-01 21:31:32 INFO     Batch: [60/120] Epoch: [1] Loss: [1.741518708526111]
2019-04-01 21:31:32 INFO     Batch: [61/120] Epoch: [1] Loss: [1.7425605673943796]
2019-04-01 21:31:32 INFO     Batch: [62/120] Epoch: [1] Loss: [1.7434904083373055]
2019-04-01 21:31:32 INFO     Batch: [63/120] Epoch: [1] Loss: [1.742642244324088]
2019-04-01 21:31:32 INFO     Batch: [64/120] Epoch: [1] Loss: [1.743032303223243]
2019-04-01 21:31:32 INFO     Batch: [65/120] Epoch: [1] Loss: [1.7420833002437244]
2019-04-01 21:31:33 INFO     Batch: [66/120] Epoch: [1] Loss: [1.741939372091151]
2019-04-01 21:31:33 INFO     Batch: [67/120] Epoch: [1] Loss: [1.7422293407075546]
2019-04-01 21:31:33 INFO     Batch: [68/120] Epoch: [1] Loss: [1.7425505354784536]
2019-04-01 21:31:33 INFO     Batch: [69/120] Epoch: [1] Loss: [1.7413730706487383]
2019-04-01 21:31:33 INFO     Batch: [70/120] Epoch: [1] Loss: [1.7414767926847432]
2019-04-01 21:31:33 INFO     Batch: [71/120] Epoch: [1] Loss: [1.7412309961186514]
2019-04-01 21:31:33 INFO     Batch: [72/120] Epoch: [1] Loss: [1.7409569825211617]
2019-04-01 21:31:33 INFO     Batch: [73/120] Epoch: [1] Loss: [1.740302693199467]
2019-04-01 21:31:34 INFO     Batch: [74/120] Epoch: [1] Loss: [1.739261164665222]
2019-04-01 21:31:34 INFO     Batch: [75/120] Epoch: [1] Loss: [1.7373801140408767]
2019-04-01 21:31:34 INFO     Batch: [76/120] Epoch: [1] Loss: [1.7370303807320533]
2019-04-01 21:31:34 INFO     Batch: [77/120] Epoch: [1] Loss: [1.7352674511762767]
2019-04-01 21:31:34 INFO     Batch: [78/120] Epoch: [1] Loss: [1.7344173781479462]
2019-04-01 21:31:34 INFO     Batch: [79/120] Epoch: [1] Loss: [1.7333578675985337]
2019-04-01 21:31:34 INFO     Batch: [80/120] Epoch: [1] Loss: [1.731937461429172]
2019-04-01 21:31:35 INFO     Batch: [81/120] Epoch: [1] Loss: [1.730854861619996]
2019-04-01 21:31:35 INFO     Batch: [82/120] Epoch: [1] Loss: [1.729813794055617]
2019-04-01 21:31:35 INFO     Batch: [83/120] Epoch: [1] Loss: [1.7291844600722903]
2019-04-01 21:31:35 INFO     Batch: [84/120] Epoch: [1] Loss: [1.7280787678325877]
2019-04-01 21:31:35 INFO     Batch: [85/120] Epoch: [1] Loss: [1.7269725744114366]
2019-04-01 21:31:35 INFO     Batch: [86/120] Epoch: [1] Loss: [1.7266434458480484]
2019-04-01 21:31:35 INFO     Batch: [87/120] Epoch: [1] Loss: [1.725275233387947]
2019-04-01 21:31:36 INFO     Batch: [88/120] Epoch: [1] Loss: [1.7248273257459148]
2019-04-01 21:31:36 INFO     Batch: [89/120] Epoch: [1] Loss: [1.723828989929623]
2019-04-01 21:31:36 INFO     Batch: [90/120] Epoch: [1] Loss: [1.722918302148253]
2019-04-01 21:31:36 INFO     Batch: [91/120] Epoch: [1] Loss: [1.7225686661575152]
2019-04-01 21:31:36 INFO     Batch: [92/120] Epoch: [1] Loss: [1.7224274604551253]
2019-04-01 21:31:36 INFO     Batch: [93/120] Epoch: [1] Loss: [1.7218001611689304]
2019-04-01 21:31:36 INFO     Batch: [94/120] Epoch: [1] Loss: [1.7213089240224737]
2019-04-01 21:31:37 INFO     Batch: [95/120] Epoch: [1] Loss: [1.721122854699691]
2019-04-01 21:31:37 INFO     Batch: [96/120] Epoch: [1] Loss: [1.7203311354843611]
2019-04-01 21:31:37 INFO     Batch: [97/120] Epoch: [1] Loss: [1.7197441495194727]
2019-04-01 21:31:37 INFO     Batch: [98/120] Epoch: [1] Loss: [1.7188577242571899]
2019-04-01 21:31:37 INFO     Batch: [99/120] Epoch: [1] Loss: [1.7184544312953949]
2019-04-01 21:31:37 INFO     Batch: [100/120] Epoch: [1] Loss: [1.7178398429757298]
2019-04-01 21:31:37 INFO     Batch: [101/120] Epoch: [1] Loss: [1.7173976606013728]
2019-04-01 21:31:38 INFO     Batch: [102/120] Epoch: [1] Loss: [1.7167682346788424]
2019-04-01 21:31:38 INFO     Batch: [103/120] Epoch: [1] Loss: [1.716327694746164]
2019-04-01 21:31:38 INFO     Batch: [104/120] Epoch: [1] Loss: [1.7160684415272305]
2019-04-01 21:31:38 INFO     Batch: [105/120] Epoch: [1] Loss: [1.7154833944338672]
2019-04-01 21:31:38 INFO     Batch: [106/120] Epoch: [1] Loss: [1.714969413302769]
2019-04-01 21:31:38 INFO     Batch: [107/120] Epoch: [1] Loss: [1.714127998661112]
2019-04-01 21:31:38 INFO     Batch: [108/120] Epoch: [1] Loss: [1.7141919234477052]
2019-04-01 21:31:38 INFO     Batch: [109/120] Epoch: [1] Loss: [1.7131747234951367]
2019-04-01 21:31:39 INFO     Batch: [110/120] Epoch: [1] Loss: [1.7125894883731465]
2019-04-01 21:31:39 INFO     Batch: [111/120] Epoch: [1] Loss: [1.7118494542581695]
2019-04-01 21:31:39 INFO     Batch: [112/120] Epoch: [1] Loss: [1.7112129673493648]
2019-04-01 21:31:39 INFO     Batch: [113/120] Epoch: [1] Loss: [1.7100779058640463]
2019-04-01 21:31:39 INFO     Batch: [114/120] Epoch: [1] Loss: [1.7090943813323975]
2019-04-01 21:31:39 INFO     Batch: [115/120] Epoch: [1] Loss: [1.7085502281271179]
2019-04-01 21:31:39 INFO     Batch: [116/120] Epoch: [1] Loss: [1.7078579623475034]
2019-04-01 21:31:40 INFO     Batch: [117/120] Epoch: [1] Loss: [1.706506362405874]
2019-04-01 21:31:40 INFO     Batch: [118/120] Epoch: [1] Loss: [1.705478102219205]
2019-04-01 21:31:40 INFO     Batch: [119/120] Epoch: [1] Loss: [1.7048286199569702]
2019-04-01 21:31:41 INFO     Epoch: [1/200] Loss: [1.7048286199569702] Accuracy: [0.4814545454545454]
2019-04-01 21:31:42 INFO     Batch: [0/120] Epoch: [2] Loss: [1.5364264249801636]
2019-04-01 21:31:43 INFO     Accuracy: [0.47218181818181826]

2019-04-01 21:31:43 INFO     Batch: [1/120] Epoch: [2] Loss: [1.5475719571113586]
2019-04-01 21:31:43 INFO     Batch: [2/120] Epoch: [2] Loss: [1.5386824210484822]
2019-04-01 21:31:43 INFO     Batch: [3/120] Epoch: [2] Loss: [1.5409145057201385]
2019-04-01 21:31:43 INFO     Batch: [4/120] Epoch: [2] Loss: [1.5412861347198485]
2019-04-01 21:31:43 INFO     Batch: [5/120] Epoch: [2] Loss: [1.547305961449941]
2019-04-01 21:31:44 INFO     Batch: [6/120] Epoch: [2] Loss: [1.5502195187977381]
2019-04-01 21:31:44 INFO     Batch: [7/120] Epoch: [2] Loss: [1.54915289580822]
2019-04-01 21:31:44 INFO     Batch: [8/120] Epoch: [2] Loss: [1.5458453761206732]
2019-04-01 21:31:44 INFO     Batch: [9/120] Epoch: [2] Loss: [1.545286762714386]
2019-04-01 21:31:44 INFO     Batch: [10/120] Epoch: [2] Loss: [1.5412277525121516]
2019-04-01 21:31:44 INFO     Batch: [11/120] Epoch: [2] Loss: [1.5330602129300435]
2019-04-01 21:31:44 INFO     Batch: [12/120] Epoch: [2] Loss: [1.5340995330076952]
2019-04-01 21:31:45 INFO     Batch: [13/120] Epoch: [2] Loss: [1.5322130152157374]
2019-04-01 21:31:45 INFO     Batch: [14/120] Epoch: [2] Loss: [1.5286807616551716]
2019-04-01 21:31:45 INFO     Batch: [15/120] Epoch: [2] Loss: [1.5258337706327438]
2019-04-01 21:31:45 INFO     Batch: [16/120] Epoch: [2] Loss: [1.524343161021962]
2019-04-01 21:31:45 INFO     Batch: [17/120] Epoch: [2] Loss: [1.5226800839106243]
2019-04-01 21:31:45 INFO     Batch: [18/120] Epoch: [2] Loss: [1.5204826405173855]
2019-04-01 21:31:45 INFO     Batch: [19/120] Epoch: [2] Loss: [1.5174691736698152]
2019-04-01 21:31:46 INFO     Batch: [20/120] Epoch: [2] Loss: [1.515452958288647]
2019-04-01 21:31:46 INFO     Batch: [21/120] Epoch: [2] Loss: [1.515614704652266]
2019-04-01 21:31:46 INFO     Batch: [22/120] Epoch: [2] Loss: [1.5175165870915288]
2019-04-01 21:31:46 INFO     Batch: [23/120] Epoch: [2] Loss: [1.5180630882581074]
2019-04-01 21:31:46 INFO     Batch: [24/120] Epoch: [2] Loss: [1.5201817321777344]
2019-04-01 21:31:46 INFO     Batch: [25/120] Epoch: [2] Loss: [1.519920023588034]
2019-04-01 21:31:46 INFO     Batch: [26/120] Epoch: [2] Loss: [1.5191122911594532]
2019-04-01 21:31:47 INFO     Batch: [27/120] Epoch: [2] Loss: [1.5222117347376687]
2019-04-01 21:31:47 INFO     Batch: [28/120] Epoch: [2] Loss: [1.520609892647842]
2019-04-01 21:31:47 INFO     Batch: [29/120] Epoch: [2] Loss: [1.5171249707539876]
2019-04-01 21:31:47 INFO     Batch: [30/120] Epoch: [2] Loss: [1.5181917336679274]
2019-04-01 21:31:47 INFO     Batch: [31/120] Epoch: [2] Loss: [1.5187143497169018]
2019-04-01 21:31:47 INFO     Batch: [32/120] Epoch: [2] Loss: [1.51886637283094]
2019-04-01 21:31:47 INFO     Batch: [33/120] Epoch: [2] Loss: [1.52005395117928]
2019-04-01 21:31:48 INFO     Batch: [34/120] Epoch: [2] Loss: [1.5226664747510636]
2019-04-01 21:31:48 INFO     Batch: [35/120] Epoch: [2] Loss: [1.5229454404777951]
2019-04-01 21:31:48 INFO     Batch: [36/120] Epoch: [2] Loss: [1.5222816660597518]
2019-04-01 21:31:48 INFO     Batch: [37/120] Epoch: [2] Loss: [1.5221046303447925]
2019-04-01 21:31:48 INFO     Batch: [38/120] Epoch: [2] Loss: [1.523458725366837]
2019-04-01 21:31:48 INFO     Batch: [39/120] Epoch: [2] Loss: [1.5231978297233582]
2019-04-01 21:31:48 INFO     Batch: [40/120] Epoch: [2] Loss: [1.52261980277736]
2019-04-01 21:31:49 INFO     Batch: [41/120] Epoch: [2] Loss: [1.5202673957461403]
2019-04-01 21:31:49 INFO     Batch: [42/120] Epoch: [2] Loss: [1.521354827769967]
2019-04-01 21:31:49 INFO     Batch: [43/120] Epoch: [2] Loss: [1.5225319022482091]
2019-04-01 21:31:49 INFO     Batch: [44/120] Epoch: [2] Loss: [1.5224343326356675]
2019-04-01 21:31:49 INFO     Batch: [45/120] Epoch: [2] Loss: [1.5207677690879158]
2019-04-01 21:31:49 INFO     Batch: [46/120] Epoch: [2] Loss: [1.5232484847941297]
2019-04-01 21:31:49 INFO     Batch: [47/120] Epoch: [2] Loss: [1.5222049976388614]
2019-04-01 21:31:50 INFO     Batch: [48/120] Epoch: [2] Loss: [1.5210869920497039]
2019-04-01 21:31:50 INFO     Batch: [49/120] Epoch: [2] Loss: [1.5195487689971925]
2019-04-01 21:31:50 INFO     Batch: [50/120] Epoch: [2] Loss: [1.5184259765288408]
2019-04-01 21:31:50 INFO     Batch: [51/120] Epoch: [2] Loss: [1.517753970164519]
2019-04-01 21:31:50 INFO     Batch: [52/120] Epoch: [2] Loss: [1.517110399480136]
2019-04-01 21:31:50 INFO     Batch: [53/120] Epoch: [2] Loss: [1.5169482120761164]
2019-04-01 21:31:50 INFO     Batch: [54/120] Epoch: [2] Loss: [1.5155347282236273]
2019-04-01 21:31:51 INFO     Batch: [55/120] Epoch: [2] Loss: [1.5144845758165633]
2019-04-01 21:31:51 INFO     Batch: [56/120] Epoch: [2] Loss: [1.5138317723023265]
2019-04-01 21:31:51 INFO     Batch: [57/120] Epoch: [2] Loss: [1.5121118570196217]
2019-04-01 21:31:51 INFO     Batch: [58/120] Epoch: [2] Loss: [1.5108581235853291]
2019-04-01 21:31:51 INFO     Batch: [59/120] Epoch: [2] Loss: [1.5095107893149058]
2019-04-01 21:31:51 INFO     Batch: [60/120] Epoch: [2] Loss: [1.5083684569499531]
2019-04-01 21:31:51 INFO     Batch: [61/120] Epoch: [2] Loss: [1.50686728185223]
2019-04-01 21:31:51 INFO     Batch: [62/120] Epoch: [2] Loss: [1.5067992475297716]
2019-04-01 21:31:52 INFO     Batch: [63/120] Epoch: [2] Loss: [1.5058456268161535]
2019-04-01 21:31:52 INFO     Batch: [64/120] Epoch: [2] Loss: [1.5042573800453773]
2019-04-01 21:31:52 INFO     Batch: [65/120] Epoch: [2] Loss: [1.5025550307649556]
2019-04-01 21:31:52 INFO     Batch: [66/120] Epoch: [2] Loss: [1.5019646046766595]
2019-04-01 21:31:52 INFO     Batch: [67/120] Epoch: [2] Loss: [1.499413632294711]
2019-04-01 21:31:52 INFO     Batch: [68/120] Epoch: [2] Loss: [1.4974595688391423]
2019-04-01 21:31:52 INFO     Batch: [69/120] Epoch: [2] Loss: [1.4966127634048463]
2019-04-01 21:31:53 INFO     Batch: [70/120] Epoch: [2] Loss: [1.4955532215010952]
2019-04-01 21:31:53 INFO     Batch: [71/120] Epoch: [2] Loss: [1.494436964392662]
2019-04-01 21:31:53 INFO     Batch: [72/120] Epoch: [2] Loss: [1.4944011936449024]
2019-04-01 21:31:53 INFO     Batch: [73/120] Epoch: [2] Loss: [1.493524250146505]
2019-04-01 21:31:53 INFO     Batch: [74/120] Epoch: [2] Loss: [1.490975726445516]
2019-04-01 21:31:53 INFO     Batch: [75/120] Epoch: [2] Loss: [1.4910902318201567]
2019-04-01 21:31:53 INFO     Batch: [76/120] Epoch: [2] Loss: [1.4900227011024179]
2019-04-01 21:31:54 INFO     Batch: [77/120] Epoch: [2] Loss: [1.4891332051692865]
2019-04-01 21:31:54 INFO     Batch: [78/120] Epoch: [2] Loss: [1.4888311564167844]
2019-04-01 21:31:54 INFO     Batch: [79/120] Epoch: [2] Loss: [1.4873432263731956]
2019-04-01 21:31:54 INFO     Batch: [80/120] Epoch: [2] Loss: [1.4863958947452498]
2019-04-01 21:31:54 INFO     Batch: [81/120] Epoch: [2] Loss: [1.4857694666560104]
2019-04-01 21:31:54 INFO     Batch: [82/120] Epoch: [2] Loss: [1.4849777164229427]
2019-04-01 21:31:54 INFO     Batch: [83/120] Epoch: [2] Loss: [1.4837107289405096]
2019-04-01 21:31:55 INFO     Batch: [84/120] Epoch: [2] Loss: [1.48274868516361]
2019-04-01 21:31:55 INFO     Batch: [85/120] Epoch: [2] Loss: [1.4812680469002835]
2019-04-01 21:31:55 INFO     Batch: [86/120] Epoch: [2] Loss: [1.481140365545777]
2019-04-01 21:31:55 INFO     Batch: [87/120] Epoch: [2] Loss: [1.4806927279992537]
2019-04-01 21:31:55 INFO     Batch: [88/120] Epoch: [2] Loss: [1.4801803760314256]
2019-04-01 21:31:55 INFO     Batch: [89/120] Epoch: [2] Loss: [1.480640955766042]
2019-04-01 21:31:55 INFO     Batch: [90/120] Epoch: [2] Loss: [1.480253171134781]
2019-04-01 21:31:56 INFO     Batch: [91/120] Epoch: [2] Loss: [1.480150422324305]
2019-04-01 21:31:56 INFO     Batch: [92/120] Epoch: [2] Loss: [1.480077479475288]
2019-04-01 21:31:56 INFO     Batch: [93/120] Epoch: [2] Loss: [1.4804186998529638]
2019-04-01 21:31:56 INFO     Batch: [94/120] Epoch: [2] Loss: [1.48109349451567]
2019-04-01 21:31:56 INFO     Batch: [95/120] Epoch: [2] Loss: [1.4807088014980156]
2019-04-01 21:31:56 INFO     Batch: [96/120] Epoch: [2] Loss: [1.479981858705737]
2019-04-01 21:31:56 INFO     Batch: [97/120] Epoch: [2] Loss: [1.4796481704225346]
2019-04-01 21:31:56 INFO     Batch: [98/120] Epoch: [2] Loss: [1.479128850830926]
2019-04-01 21:31:57 INFO     Batch: [99/120] Epoch: [2] Loss: [1.4786820888519288]
2019-04-01 21:31:57 INFO     Batch: [100/120] Epoch: [2] Loss: [1.478269091927179]
2019-04-01 21:31:57 INFO     Batch: [101/120] Epoch: [2] Loss: [1.4779059980429856]
2019-04-01 21:31:57 INFO     Batch: [102/120] Epoch: [2] Loss: [1.4776050454204521]
2019-04-01 21:31:57 INFO     Batch: [103/120] Epoch: [2] Loss: [1.4775771762316043]
2019-04-01 21:31:57 INFO     Batch: [104/120] Epoch: [2] Loss: [1.4770447004409064]
2019-04-01 21:31:57 INFO     Batch: [105/120] Epoch: [2] Loss: [1.4772082544722647]
2019-04-01 21:31:58 INFO     Batch: [106/120] Epoch: [2] Loss: [1.4772174558906912]
2019-04-01 21:31:58 INFO     Batch: [107/120] Epoch: [2] Loss: [1.4767042056277946]
2019-04-01 21:31:58 INFO     Batch: [108/120] Epoch: [2] Loss: [1.4758900054004214]
2019-04-01 21:31:58 INFO     Batch: [109/120] Epoch: [2] Loss: [1.474847336248918]
2019-04-01 21:31:58 INFO     Batch: [110/120] Epoch: [2] Loss: [1.474231186213794]
2019-04-01 21:31:58 INFO     Batch: [111/120] Epoch: [2] Loss: [1.4736501361642564]
2019-04-01 21:31:58 INFO     Batch: [112/120] Epoch: [2] Loss: [1.4733058182539138]
2019-04-01 21:31:59 INFO     Batch: [113/120] Epoch: [2] Loss: [1.4727943633732044]
2019-04-01 21:31:59 INFO     Batch: [114/120] Epoch: [2] Loss: [1.4714010570360267]
2019-04-01 21:31:59 INFO     Batch: [115/120] Epoch: [2] Loss: [1.471361532293517]
2019-04-01 21:31:59 INFO     Batch: [116/120] Epoch: [2] Loss: [1.470977471424983]
2019-04-01 21:31:59 INFO     Batch: [117/120] Epoch: [2] Loss: [1.4697458622819286]
2019-04-01 21:31:59 INFO     Batch: [118/120] Epoch: [2] Loss: [1.4690217831555534]
2019-04-01 21:31:59 INFO     Batch: [119/120] Epoch: [2] Loss: [1.4681271235148112]
2019-04-01 21:32:01 INFO     Epoch: [2/200] Loss: [1.4681271235148112] Accuracy: [0.5258181818181819]
2019-04-01 21:32:01 INFO     Batch: [0/120] Epoch: [3] Loss: [1.3611938953399658]
2019-04-01 21:32:02 INFO     Accuracy: [0.5281818181818182]

2019-04-01 21:32:02 INFO     Batch: [1/120] Epoch: [3] Loss: [1.3505843877792358]
2019-04-01 21:32:02 INFO     Batch: [2/120] Epoch: [3] Loss: [1.3357356786727905]
2019-04-01 21:32:03 INFO     Batch: [3/120] Epoch: [3] Loss: [1.3262554705142975]
2019-04-01 21:32:03 INFO     Batch: [4/120] Epoch: [3] Loss: [1.3212412357330323]
2019-04-01 21:32:03 INFO     Batch: [5/120] Epoch: [3] Loss: [1.3174763917922974]
2019-04-01 21:32:03 INFO     Batch: [6/120] Epoch: [3] Loss: [1.327803134918213]
2019-04-01 21:32:03 INFO     Batch: [7/120] Epoch: [3] Loss: [1.3377262204885483]
2019-04-01 21:32:03 INFO     Batch: [8/120] Epoch: [3] Loss: [1.3406116829978094]
2019-04-01 21:32:03 INFO     Batch: [9/120] Epoch: [3] Loss: [1.3371141076087951]
2019-04-01 21:32:04 INFO     Batch: [10/120] Epoch: [3] Loss: [1.3319751132618298]
2019-04-01 21:32:04 INFO     Batch: [11/120] Epoch: [3] Loss: [1.3342035214106243]
2019-04-01 21:32:04 INFO     Batch: [12/120] Epoch: [3] Loss: [1.328821429839501]
2019-04-01 21:32:04 INFO     Batch: [13/120] Epoch: [3] Loss: [1.3315460341317313]
2019-04-01 21:32:04 INFO     Batch: [14/120] Epoch: [3] Loss: [1.331129995981852]
2019-04-01 21:32:04 INFO     Batch: [15/120] Epoch: [3] Loss: [1.3287542834877968]
2019-04-01 21:32:04 INFO     Batch: [16/120] Epoch: [3] Loss: [1.3296048150343054]
2019-04-01 21:32:05 INFO     Batch: [17/120] Epoch: [3] Loss: [1.3352380593617756]
2019-04-01 21:32:05 INFO     Batch: [18/120] Epoch: [3] Loss: [1.3394707253104763]
2019-04-01 21:32:05 INFO     Batch: [19/120] Epoch: [3] Loss: [1.3358228862285615]
2019-04-01 21:32:05 INFO     Batch: [20/120] Epoch: [3] Loss: [1.3362242607843309]
2019-04-01 21:32:05 INFO     Batch: [21/120] Epoch: [3] Loss: [1.3362625620581887]
2019-04-01 21:32:05 INFO     Batch: [22/120] Epoch: [3] Loss: [1.3337864875793457]
2019-04-01 21:32:05 INFO     Batch: [23/120] Epoch: [3] Loss: [1.330758328239123]
2019-04-01 21:32:06 INFO     Batch: [24/120] Epoch: [3] Loss: [1.3290538167953492]
2019-04-01 21:32:06 INFO     Batch: [25/120] Epoch: [3] Loss: [1.3310582775336046]
2019-04-01 21:32:06 INFO     Batch: [26/120] Epoch: [3] Loss: [1.3341904966919511]
2019-04-01 21:32:06 INFO     Batch: [27/120] Epoch: [3] Loss: [1.3356836991650718]
2019-04-01 21:32:06 INFO     Batch: [28/120] Epoch: [3] Loss: [1.339649800596566]
2019-04-01 21:32:06 INFO     Batch: [29/120] Epoch: [3] Loss: [1.3428371747334797]
2019-04-01 21:32:06 INFO     Batch: [30/120] Epoch: [3] Loss: [1.3461036605219687]
2019-04-01 21:32:07 INFO     Batch: [31/120] Epoch: [3] Loss: [1.34841138869524]
2019-04-01 21:32:07 INFO     Batch: [32/120] Epoch: [3] Loss: [1.3476097547646724]
2019-04-01 21:32:07 INFO     Batch: [33/120] Epoch: [3] Loss: [1.3470209135728723]
2019-04-01 21:32:07 INFO     Batch: [34/120] Epoch: [3] Loss: [1.349702252660479]
2019-04-01 21:32:07 INFO     Batch: [35/120] Epoch: [3] Loss: [1.351225687397851]
2019-04-01 21:32:07 INFO     Batch: [36/120] Epoch: [3] Loss: [1.3521103955603935]
2019-04-01 21:32:07 INFO     Batch: [37/120] Epoch: [3] Loss: [1.3557835723224438]
2019-04-01 21:32:07 INFO     Batch: [38/120] Epoch: [3] Loss: [1.3593574792910845]
2019-04-01 21:32:08 INFO     Batch: [39/120] Epoch: [3] Loss: [1.3623592853546143]
2019-04-01 21:32:08 INFO     Batch: [40/120] Epoch: [3] Loss: [1.3644831413176002]
2019-04-01 21:32:08 INFO     Batch: [41/120] Epoch: [3] Loss: [1.3656334735098339]
2019-04-01 21:32:08 INFO     Batch: [42/120] Epoch: [3] Loss: [1.367163339326548]
2019-04-01 21:32:08 INFO     Batch: [43/120] Epoch: [3] Loss: [1.3696591556072235]
2019-04-01 21:32:08 INFO     Batch: [44/120] Epoch: [3] Loss: [1.3697479486465454]
2019-04-01 21:32:08 INFO     Batch: [45/120] Epoch: [3] Loss: [1.3708524574404177]
2019-04-01 21:32:09 INFO     Batch: [46/120] Epoch: [3] Loss: [1.370672380670588]
2019-04-01 21:32:09 INFO     Batch: [47/120] Epoch: [3] Loss: [1.3720399489005406]
2019-04-01 21:32:09 INFO     Batch: [48/120] Epoch: [3] Loss: [1.3722676306354755]
2019-04-01 21:32:09 INFO     Batch: [49/120] Epoch: [3] Loss: [1.3735567212104798]
2019-04-01 21:32:09 INFO     Batch: [50/120] Epoch: [3] Loss: [1.3746660153071086]
2019-04-01 21:32:09 INFO     Batch: [51/120] Epoch: [3] Loss: [1.3744689111526196]
2019-04-01 21:32:09 INFO     Batch: [52/120] Epoch: [3] Loss: [1.3748416203372884]
2019-04-01 21:32:10 INFO     Batch: [53/120] Epoch: [3] Loss: [1.3745377152054399]
2019-04-01 21:32:10 INFO     Batch: [54/120] Epoch: [3] Loss: [1.3712727828459306]
2019-04-01 21:32:10 INFO     Batch: [55/120] Epoch: [3] Loss: [1.3701399288007192]
2019-04-01 21:32:10 INFO     Batch: [56/120] Epoch: [3] Loss: [1.3685013725046526]
2019-04-01 21:32:10 INFO     Batch: [57/120] Epoch: [3] Loss: [1.36722417535453]
2019-04-01 21:32:10 INFO     Batch: [58/120] Epoch: [3] Loss: [1.3679449255183591]
2019-04-01 21:32:10 INFO     Batch: [59/120] Epoch: [3] Loss: [1.3662782609462738]
2019-04-01 21:32:10 INFO     Batch: [60/120] Epoch: [3] Loss: [1.36331684667556]
2019-04-01 21:32:11 INFO     Batch: [61/120] Epoch: [3] Loss: [1.3615878282054779]
2019-04-01 21:32:11 INFO     Batch: [62/120] Epoch: [3] Loss: [1.360713252945552]
2019-04-01 21:32:11 INFO     Batch: [63/120] Epoch: [3] Loss: [1.3584139291197062]
2019-04-01 21:32:11 INFO     Batch: [64/120] Epoch: [3] Loss: [1.357383469434885]
2019-04-01 21:32:11 INFO     Batch: [65/120] Epoch: [3] Loss: [1.3568293235518716]
2019-04-01 21:32:11 INFO     Batch: [66/120] Epoch: [3] Loss: [1.3561937595481304]
2019-04-01 21:32:11 INFO     Batch: [67/120] Epoch: [3] Loss: [1.3557363520650303]
2019-04-01 21:32:12 INFO     Batch: [68/120] Epoch: [3] Loss: [1.3560725243195244]
2019-04-01 21:32:12 INFO     Batch: [69/120] Epoch: [3] Loss: [1.3552045583724976]
2019-04-01 21:32:12 INFO     Batch: [70/120] Epoch: [3] Loss: [1.353553360616657]
2019-04-01 21:32:12 INFO     Batch: [71/120] Epoch: [3] Loss: [1.3531255837943819]
2019-04-01 21:32:12 INFO     Batch: [72/120] Epoch: [3] Loss: [1.3510958527865475]
2019-04-01 21:32:12 INFO     Batch: [73/120] Epoch: [3] Loss: [1.3501366344658103]
2019-04-01 21:32:12 INFO     Batch: [74/120] Epoch: [3] Loss: [1.348519819577535]
2019-04-01 21:32:12 INFO     Batch: [75/120] Epoch: [3] Loss: [1.348061906663995]
2019-04-01 21:32:13 INFO     Batch: [76/120] Epoch: [3] Loss: [1.3465836977029775]
2019-04-01 21:32:13 INFO     Batch: [77/120] Epoch: [3] Loss: [1.3451540653522198]
2019-04-01 21:32:13 INFO     Batch: [78/120] Epoch: [3] Loss: [1.3448304707490946]
2019-04-01 21:32:13 INFO     Batch: [79/120] Epoch: [3] Loss: [1.3451267451047897]
2019-04-01 21:32:13 INFO     Batch: [80/120] Epoch: [3] Loss: [1.3450869542581063]
2019-04-01 21:32:13 INFO     Batch: [81/120] Epoch: [3] Loss: [1.3448823137981136]
2019-04-01 21:32:13 INFO     Batch: [82/120] Epoch: [3] Loss: [1.3444125738488621]
2019-04-01 21:32:14 INFO     Batch: [83/120] Epoch: [3] Loss: [1.3441589786892845]
2019-04-01 21:32:14 INFO     Batch: [84/120] Epoch: [3] Loss: [1.3444066706825706]
2019-04-01 21:32:14 INFO     Batch: [85/120] Epoch: [3] Loss: [1.3451864663944688]
2019-04-01 21:32:14 INFO     Batch: [86/120] Epoch: [3] Loss: [1.3460035008945683]
2019-04-01 21:32:14 INFO     Batch: [87/120] Epoch: [3] Loss: [1.3477070737968793]
2019-04-01 21:32:14 INFO     Batch: [88/120] Epoch: [3] Loss: [1.3471164850706465]
2019-04-01 21:32:14 INFO     Batch: [89/120] Epoch: [3] Loss: [1.3468977663252089]
2019-04-01 21:32:14 INFO     Batch: [90/120] Epoch: [3] Loss: [1.348658704495692]
2019-04-01 21:32:15 INFO     Batch: [91/120] Epoch: [3] Loss: [1.3504087471443673]
2019-04-01 21:32:15 INFO     Batch: [92/120] Epoch: [3] Loss: [1.349674262026305]
2019-04-01 21:32:15 INFO     Batch: [93/120] Epoch: [3] Loss: [1.3502627179977742]
2019-04-01 21:32:15 INFO     Batch: [94/120] Epoch: [3] Loss: [1.3520684970052619]
2019-04-01 21:32:15 INFO     Batch: [95/120] Epoch: [3] Loss: [1.3535490160187085]
2019-04-01 21:32:15 INFO     Batch: [96/120] Epoch: [3] Loss: [1.3539831048434543]
2019-04-01 21:32:15 INFO     Batch: [97/120] Epoch: [3] Loss: [1.3548494881513167]
2019-04-01 21:32:16 INFO     Batch: [98/120] Epoch: [3] Loss: [1.3555590480264992]
2019-04-01 21:32:16 INFO     Batch: [99/120] Epoch: [3] Loss: [1.3554463136196135]
2019-04-01 21:32:16 INFO     Batch: [100/120] Epoch: [3] Loss: [1.3564034712196578]
2019-04-01 21:32:16 INFO     Batch: [101/120] Epoch: [3] Loss: [1.3563071746452182]
2019-04-01 21:32:16 INFO     Batch: [102/120] Epoch: [3] Loss: [1.3563873443788694]
2019-04-01 21:32:16 INFO     Batch: [103/120] Epoch: [3] Loss: [1.3572204869527082]
2019-04-01 21:32:16 INFO     Batch: [104/120] Epoch: [3] Loss: [1.3581953707195464]
2019-04-01 21:32:17 INFO     Batch: [105/120] Epoch: [3] Loss: [1.3592139999821502]
2019-04-01 21:32:17 INFO     Batch: [106/120] Epoch: [3] Loss: [1.3599325852973438]
2019-04-01 21:32:17 INFO     Batch: [107/120] Epoch: [3] Loss: [1.3597859828560441]
2019-04-01 21:32:17 INFO     Batch: [108/120] Epoch: [3] Loss: [1.359134485962194]
2019-04-01 21:32:17 INFO     Batch: [109/120] Epoch: [3] Loss: [1.358990333297036]
2019-04-01 21:32:17 INFO     Batch: [110/120] Epoch: [3] Loss: [1.3596613471572463]
2019-04-01 21:32:17 INFO     Batch: [111/120] Epoch: [3] Loss: [1.3609807065555029]
2019-04-01 21:32:18 INFO     Batch: [112/120] Epoch: [3] Loss: [1.3607641817194172]
2019-04-01 21:32:18 INFO     Batch: [113/120] Epoch: [3] Loss: [1.3610348032231916]
2019-04-01 21:32:18 INFO     Batch: [114/120] Epoch: [3] Loss: [1.3612829291302224]
2019-04-01 21:32:18 INFO     Batch: [115/120] Epoch: [3] Loss: [1.3613736732252713]
2019-04-01 21:32:18 INFO     Batch: [116/120] Epoch: [3] Loss: [1.361150704897367]
2019-04-01 21:32:18 INFO     Batch: [117/120] Epoch: [3] Loss: [1.360991526458223]
2019-04-01 21:32:18 INFO     Batch: [118/120] Epoch: [3] Loss: [1.3613262667375452]
2019-04-01 21:32:19 INFO     Batch: [119/120] Epoch: [3] Loss: [1.3606988529364268]
2019-04-01 21:32:20 INFO     Epoch: [3/200] Loss: [1.3606988529364268] Accuracy: [0.5338181818181819]
2019-04-01 21:32:20 INFO     Batch: [0/120] Epoch: [4] Loss: [1.3616060018539429]
2019-04-01 21:32:21 INFO     Accuracy: [0.5330909090909092]

2019-04-01 21:32:21 INFO     Batch: [1/120] Epoch: [4] Loss: [1.3833059668540955]
2019-04-01 21:32:22 INFO     Batch: [2/120] Epoch: [4] Loss: [1.3709853887557983]
