2019-07-24 18:31:53 INFO     Loading Data
2019-07-24 18:31:55 INFO     Model Setting Up
2019-07-24 18:33:34 INFO     train_dir : [../datasets/mnist/train]
2019-07-24 18:33:34 INFO     test_dir : [../datasets/mnist/test]
2019-07-24 18:33:34 INFO     save_dir : [./save]
2019-07-24 18:33:34 INFO     gpu : [2]
2019-07-24 18:33:34 INFO     num_epochs : [200]
2019-07-24 18:33:34 INFO     batch_size : [256]
2019-07-24 18:33:34 INFO     num_points : [512]
2019-07-24 18:33:34 INFO     visualize : [False]
2019-07-24 18:33:34 INFO     log_interval : [1000]
2019-07-24 18:33:34 INFO     save_interval : [20]
2019-07-24 18:33:34 INFO     baselr : [5e-05]
2019-07-24 18:33:34 INFO     density_radius : [0.2]
2019-07-24 18:33:34 INFO     num_grids : [3]
2019-07-24 18:33:34 INFO     base_radius : [1]
2019-07-24 18:33:34 INFO     static_sigma : [0.05]
2019-07-24 18:33:34 INFO     use_static_sigma : [False]
2019-07-24 18:33:34 INFO     use_weights : [False]
2019-07-24 18:33:34 INFO     sigma_layer_diff : [True]
2019-07-24 18:33:34 INFO     feature_out1 : [8]
2019-07-24 18:33:34 INFO     feature_out2 : [16]
2019-07-24 18:33:34 INFO     feature_out3 : [32]
2019-07-24 18:33:34 INFO     feature_out4 : [64]
2019-07-24 18:33:34 INFO     feature_out5 : [128]
2019-07-24 18:33:34 INFO     num_classes : [10]
2019-07-24 18:33:34 INFO     num_so3_layers : [3]
2019-07-24 18:33:34 INFO     bandwidth_0 : [10]
2019-07-24 18:33:34 INFO     bandwidth_out1 : [10]
2019-07-24 18:33:34 INFO     bandwidth_out2 : [8]
2019-07-24 18:33:34 INFO     bandwidth_out3 : [6]
2019-07-24 18:33:34 INFO     bandwidth_out4 : [4]
2019-07-24 18:33:34 INFO     bandwidth_out5 : [2]
2019-07-24 18:33:34 INFO     resume_training : [0]
2019-07-24 18:33:34 INFO     Start Training
2019-07-24 18:34:36 INFO     Batch: [0/235] Epoch: [0] Loss: [2.2821223735809326]
2019-07-24 18:34:38 INFO     Batch: [1/235] Epoch: [0] Loss: [2.2805135250091553]
2019-07-24 18:34:39 INFO     Batch: [2/235] Epoch: [0] Loss: [2.279984712600708]
2019-07-24 18:34:46 INFO     Batch: [3/235] Epoch: [0] Loss: [2.2806469202041626]
2019-07-24 18:34:47 INFO     Batch: [4/235] Epoch: [0] Loss: [2.282431650161743]
2019-07-24 18:34:49 INFO     Batch: [5/235] Epoch: [0] Loss: [2.28397528330485]
2019-07-24 18:34:50 INFO     Batch: [6/235] Epoch: [0] Loss: [2.2827258791242326]
2019-07-24 18:34:50 INFO     Batch: [7/235] Epoch: [0] Loss: [2.2814954221248627]
2019-07-24 18:34:52 INFO     Batch: [8/235] Epoch: [0] Loss: [2.28050963083903]
2019-07-24 18:34:52 INFO     Batch: [9/235] Epoch: [0] Loss: [2.278871703147888]
2019-07-24 18:34:52 INFO     Batch: [10/235] Epoch: [0] Loss: [2.2778954939408735]
2019-07-24 18:34:53 INFO     Batch: [11/235] Epoch: [0] Loss: [2.2764857610066733]
2019-07-24 18:34:53 INFO     Batch: [12/235] Epoch: [0] Loss: [2.2758499475625844]
2019-07-24 18:34:53 INFO     Batch: [13/235] Epoch: [0] Loss: [2.274973750114441]
2019-07-24 18:34:53 INFO     Batch: [14/235] Epoch: [0] Loss: [2.274165646235148]
2019-07-24 18:34:54 INFO     Batch: [15/235] Epoch: [0] Loss: [2.27324478328228]
2019-07-24 18:34:54 INFO     Batch: [16/235] Epoch: [0] Loss: [2.2722407930037556]
2019-07-24 18:34:54 INFO     Batch: [17/235] Epoch: [0] Loss: [2.271752569410536]
2019-07-24 18:34:55 INFO     Batch: [18/235] Epoch: [0] Loss: [2.270829175647936]
2019-07-24 18:34:55 INFO     Batch: [19/235] Epoch: [0] Loss: [2.269491422176361]
2019-07-24 18:34:55 INFO     Batch: [20/235] Epoch: [0] Loss: [2.268866005397978]
2019-07-24 18:34:56 INFO     Batch: [21/235] Epoch: [0] Loss: [2.2673929171128706]
2019-07-24 18:34:56 INFO     Batch: [22/235] Epoch: [0] Loss: [2.2665238484092383]
2019-07-24 18:34:56 INFO     Batch: [23/235] Epoch: [0] Loss: [2.265846937894821]
2019-07-24 18:34:56 INFO     Batch: [24/235] Epoch: [0] Loss: [2.2651127910614015]
2019-07-24 18:34:57 INFO     Batch: [25/235] Epoch: [0] Loss: [2.264530924650339]
2019-07-24 18:34:57 INFO     Batch: [26/235] Epoch: [0] Loss: [2.263910487846092]
2019-07-24 18:34:57 INFO     Batch: [27/235] Epoch: [0] Loss: [2.2627525414739336]
2019-07-24 18:34:58 INFO     Batch: [28/235] Epoch: [0] Loss: [2.2614156295513284]
2019-07-24 18:34:58 INFO     Batch: [29/235] Epoch: [0] Loss: [2.2602749268213906]
2019-07-24 18:34:58 INFO     Batch: [30/235] Epoch: [0] Loss: [2.259402951886577]
2019-07-24 18:34:58 INFO     Batch: [31/235] Epoch: [0] Loss: [2.258524499833584]
2019-07-24 18:34:59 INFO     Batch: [32/235] Epoch: [0] Loss: [2.257540327129942]
2019-07-24 18:34:59 INFO     Batch: [33/235] Epoch: [0] Loss: [2.2570742859559902]
2019-07-24 18:34:59 INFO     Batch: [34/235] Epoch: [0] Loss: [2.256464467729841]
2019-07-24 18:35:00 INFO     Batch: [35/235] Epoch: [0] Loss: [2.255431373914083]
2019-07-24 18:35:00 INFO     Batch: [36/235] Epoch: [0] Loss: [2.2547565215342753]
2019-07-24 18:35:00 INFO     Batch: [37/235] Epoch: [0] Loss: [2.2539428660744116]
2019-07-24 18:35:00 INFO     Batch: [38/235] Epoch: [0] Loss: [2.2528743193699765]
2019-07-24 18:35:01 INFO     Batch: [39/235] Epoch: [0] Loss: [2.251671755313873]
2019-07-24 18:35:01 INFO     Batch: [40/235] Epoch: [0] Loss: [2.2510572642814823]
2019-07-24 18:35:01 INFO     Batch: [41/235] Epoch: [0] Loss: [2.2499062220255532]
2019-07-24 18:35:02 INFO     Batch: [42/235] Epoch: [0] Loss: [2.249131163885427]
2019-07-24 18:35:02 INFO     Batch: [43/235] Epoch: [0] Loss: [2.248409991914576]
2019-07-24 18:35:02 INFO     Batch: [44/235] Epoch: [0] Loss: [2.2474799897935656]
2019-07-24 18:35:03 INFO     Batch: [45/235] Epoch: [0] Loss: [2.24666688753211]
2019-07-24 18:35:03 INFO     Batch: [46/235] Epoch: [0] Loss: [2.2458163119376975]
2019-07-24 18:35:03 INFO     Batch: [47/235] Epoch: [0] Loss: [2.244986971219381]
2019-07-24 18:35:03 INFO     Batch: [48/235] Epoch: [0] Loss: [2.243996274714567]
2019-07-24 18:35:04 INFO     Batch: [49/235] Epoch: [0] Loss: [2.242892656326294]
2019-07-24 18:35:04 INFO     Batch: [50/235] Epoch: [0] Loss: [2.2421581698398962]
2019-07-24 18:35:04 INFO     Batch: [51/235] Epoch: [0] Loss: [2.240934816690592]
2019-07-24 18:35:05 INFO     Batch: [52/235] Epoch: [0] Loss: [2.2403324280145034]
2019-07-24 18:35:05 INFO     Batch: [53/235] Epoch: [0] Loss: [2.239273296462165]
2019-07-24 18:35:05 INFO     Batch: [54/235] Epoch: [0] Loss: [2.237993777881969]
2019-07-24 18:35:05 INFO     Batch: [55/235] Epoch: [0] Loss: [2.236959172146661]
2019-07-24 18:35:06 INFO     Batch: [56/235] Epoch: [0] Loss: [2.2362484304528487]
2019-07-24 18:35:06 INFO     Batch: [57/235] Epoch: [0] Loss: [2.234911018404467]
2019-07-24 18:35:06 INFO     Batch: [58/235] Epoch: [0] Loss: [2.2339711350909734]
2019-07-24 18:35:07 INFO     Batch: [59/235] Epoch: [0] Loss: [2.232682212193807]
2019-07-24 18:35:07 INFO     Batch: [60/235] Epoch: [0] Loss: [2.231781900906172]
2019-07-24 18:35:07 INFO     Batch: [61/235] Epoch: [0] Loss: [2.2307986713224843]
2019-07-24 18:35:07 INFO     Batch: [62/235] Epoch: [0] Loss: [2.2296387089623346]
2019-07-24 18:35:08 INFO     Batch: [63/235] Epoch: [0] Loss: [2.228792157024145]
2019-07-24 18:35:08 INFO     Batch: [64/235] Epoch: [0] Loss: [2.227569506718562]
2019-07-24 18:35:08 INFO     Batch: [65/235] Epoch: [0] Loss: [2.2262253002686934]
2019-07-24 18:35:09 INFO     Batch: [66/235] Epoch: [0] Loss: [2.225196831261934]
2019-07-24 18:35:09 INFO     Batch: [67/235] Epoch: [0] Loss: [2.22397161581937]
2019-07-24 18:35:09 INFO     Batch: [68/235] Epoch: [0] Loss: [2.222741617672685]
2019-07-24 18:35:10 INFO     Batch: [69/235] Epoch: [0] Loss: [2.2219334500176564]
2019-07-24 18:35:10 INFO     Batch: [70/235] Epoch: [0] Loss: [2.2207292133653667]
2019-07-24 18:35:10 INFO     Batch: [71/235] Epoch: [0] Loss: [2.2202014889982014]
2019-07-24 18:35:10 INFO     Batch: [72/235] Epoch: [0] Loss: [2.219165083480208]
2019-07-24 18:35:11 INFO     Batch: [73/235] Epoch: [0] Loss: [2.217614196442269]
2019-07-24 18:35:11 INFO     Batch: [74/235] Epoch: [0] Loss: [2.2167098712921143]
2019-07-24 18:35:11 INFO     Batch: [75/235] Epoch: [0] Loss: [2.2154930453551445]
2019-07-24 18:35:12 INFO     Batch: [76/235] Epoch: [0] Loss: [2.214397046473119]
2019-07-24 18:35:12 INFO     Batch: [77/235] Epoch: [0] Loss: [2.213390726309556]
2019-07-24 18:35:12 INFO     Batch: [78/235] Epoch: [0] Loss: [2.2118918171411828]
2019-07-24 18:35:12 INFO     Batch: [79/235] Epoch: [0] Loss: [2.2106329590082168]
2019-07-24 18:35:13 INFO     Batch: [80/235] Epoch: [0] Loss: [2.2098289801750655]
2019-07-24 18:35:13 INFO     Batch: [81/235] Epoch: [0] Loss: [2.20939370190225]
2019-07-24 18:35:13 INFO     Batch: [82/235] Epoch: [0] Loss: [2.208329723541995]
2019-07-24 18:35:14 INFO     Batch: [83/235] Epoch: [0] Loss: [2.207734485467275]
2019-07-24 18:35:14 INFO     Batch: [84/235] Epoch: [0] Loss: [2.206799540800207]
2019-07-24 18:35:14 INFO     Batch: [85/235] Epoch: [0] Loss: [2.205869516661001]
2019-07-24 18:35:15 INFO     Batch: [86/235] Epoch: [0] Loss: [2.205382306000282]
2019-07-24 18:35:15 INFO     Batch: [87/235] Epoch: [0] Loss: [2.204511658711867]
2019-07-24 18:35:15 INFO     Batch: [88/235] Epoch: [0] Loss: [2.2037956044915017]
2019-07-24 18:35:15 INFO     Batch: [89/235] Epoch: [0] Loss: [2.20272909005483]
2019-07-24 18:35:16 INFO     Batch: [90/235] Epoch: [0] Loss: [2.201885925544487]
2019-07-24 18:35:16 INFO     Batch: [91/235] Epoch: [0] Loss: [2.2010053473970164]
2019-07-24 18:35:16 INFO     Batch: [92/235] Epoch: [0] Loss: [2.200017165112239]
2019-07-24 18:35:17 INFO     Batch: [93/235] Epoch: [0] Loss: [2.198771694873242]
2019-07-24 18:35:17 INFO     Batch: [94/235] Epoch: [0] Loss: [2.1979163772181463]
2019-07-24 18:35:17 INFO     Batch: [95/235] Epoch: [0] Loss: [2.1965372214714685]
2019-07-24 18:35:17 INFO     Batch: [96/235] Epoch: [0] Loss: [2.1959373606848964]
2019-07-24 18:35:18 INFO     Batch: [97/235] Epoch: [0] Loss: [2.195071030636223]
2019-07-24 18:35:18 INFO     Batch: [98/235] Epoch: [0] Loss: [2.194122011011297]
2019-07-24 18:35:18 INFO     Batch: [99/235] Epoch: [0] Loss: [2.193149778842926]
2019-07-24 18:35:19 INFO     Batch: [100/235] Epoch: [0] Loss: [2.19217050429618]
2019-07-24 18:35:19 INFO     Batch: [101/235] Epoch: [0] Loss: [2.191495418548584]
2019-07-24 18:35:19 INFO     Batch: [102/235] Epoch: [0] Loss: [2.1908634704293557]
2019-07-24 18:35:20 INFO     Batch: [103/235] Epoch: [0] Loss: [2.1903941195744734]
2019-07-24 18:35:20 INFO     Batch: [104/235] Epoch: [0] Loss: [2.189288212004162]
2019-07-24 18:35:20 INFO     Batch: [105/235] Epoch: [0] Loss: [2.1884678332310803]
2019-07-24 18:35:20 INFO     Batch: [106/235] Epoch: [0] Loss: [2.187752957656005]
2019-07-24 18:35:21 INFO     Batch: [107/235] Epoch: [0] Loss: [2.186997667506889]
2019-07-24 18:35:21 INFO     Batch: [108/235] Epoch: [0] Loss: [2.186112202635599]
2019-07-24 18:35:21 INFO     Batch: [109/235] Epoch: [0] Loss: [2.1851348053325306]
2019-07-24 18:35:22 INFO     Batch: [110/235] Epoch: [0] Loss: [2.184083085876327]
2019-07-24 18:35:22 INFO     Batch: [111/235] Epoch: [0] Loss: [2.1836473111595427]
2019-07-24 18:35:22 INFO     Batch: [112/235] Epoch: [0] Loss: [2.1828821275086527]
2019-07-24 18:35:22 INFO     Batch: [113/235] Epoch: [0] Loss: [2.182029834964819]
2019-07-24 18:35:23 INFO     Batch: [114/235] Epoch: [0] Loss: [2.181074909541918]
2019-07-24 18:35:23 INFO     Batch: [115/235] Epoch: [0] Loss: [2.180310376759233]
2019-07-24 18:35:23 INFO     Batch: [116/235] Epoch: [0] Loss: [2.179790423466609]
2019-07-24 18:35:24 INFO     Batch: [117/235] Epoch: [0] Loss: [2.178734848054789]
2019-07-24 18:35:24 INFO     Batch: [118/235] Epoch: [0] Loss: [2.177722476109737]
2019-07-24 18:35:24 INFO     Batch: [119/235] Epoch: [0] Loss: [2.1765362044175465]
2019-07-24 18:35:24 INFO     Batch: [120/235] Epoch: [0] Loss: [2.1756925661701803]
2019-07-24 18:35:25 INFO     Batch: [121/235] Epoch: [0] Loss: [2.174576987985705]
2019-07-24 18:35:25 INFO     Batch: [122/235] Epoch: [0] Loss: [2.173782530838881]
2019-07-24 18:35:25 INFO     Batch: [123/235] Epoch: [0] Loss: [2.173009462894932]
2019-07-24 18:35:26 INFO     Batch: [124/235] Epoch: [0] Loss: [2.17216233253479]
2019-07-24 18:35:26 INFO     Batch: [125/235] Epoch: [0] Loss: [2.171155131052411]
2019-07-24 18:35:26 INFO     Batch: [126/235] Epoch: [0] Loss: [2.170303500543429]
2019-07-24 18:35:27 INFO     Batch: [127/235] Epoch: [0] Loss: [2.1694813445210457]
2019-07-24 18:35:27 INFO     Batch: [128/235] Epoch: [0] Loss: [2.168871275214262]
2019-07-24 18:35:27 INFO     Batch: [129/235] Epoch: [0] Loss: [2.1680988513506376]
2019-07-24 18:35:27 INFO     Batch: [130/235] Epoch: [0] Loss: [2.166997747566864]
2019-07-24 18:35:28 INFO     Batch: [131/235] Epoch: [0] Loss: [2.166218253699216]
2019-07-24 18:35:28 INFO     Batch: [132/235] Epoch: [0] Loss: [2.16526534682826]
2019-07-24 18:35:28 INFO     Batch: [133/235] Epoch: [0] Loss: [2.1641603174494275]
2019-07-24 18:35:29 INFO     Batch: [134/235] Epoch: [0] Loss: [2.16363213857015]
2019-07-24 18:35:29 INFO     Batch: [135/235] Epoch: [0] Loss: [2.162763493902543]
2019-07-24 18:35:29 INFO     Batch: [136/235] Epoch: [0] Loss: [2.1621994763395214]
2019-07-24 18:35:29 INFO     Batch: [137/235] Epoch: [0] Loss: [2.1616776162299556]
2019-07-24 18:35:30 INFO     Batch: [138/235] Epoch: [0] Loss: [2.1608157586708345]
2019-07-24 18:35:30 INFO     Batch: [139/235] Epoch: [0] Loss: [2.1602582829339165]
2019-07-24 18:35:30 INFO     Batch: [140/235] Epoch: [0] Loss: [2.1592125199365277]
2019-07-24 18:35:31 INFO     Batch: [141/235] Epoch: [0] Loss: [2.1582433354686685]
2019-07-24 18:35:31 INFO     Batch: [142/235] Epoch: [0] Loss: [2.157828906199315]
2019-07-24 18:35:31 INFO     Batch: [143/235] Epoch: [0] Loss: [2.1566802031464047]
2019-07-24 18:35:32 INFO     Batch: [144/235] Epoch: [0] Loss: [2.1556763237920302]
2019-07-24 18:35:32 INFO     Batch: [145/235] Epoch: [0] Loss: [2.15482555676813]
2019-07-24 18:35:32 INFO     Batch: [146/235] Epoch: [0] Loss: [2.153666637381729]
2019-07-24 18:35:32 INFO     Batch: [147/235] Epoch: [0] Loss: [2.15257078811929]
2019-07-24 18:35:33 INFO     Batch: [148/235] Epoch: [0] Loss: [2.152047246094518]
2019-07-24 18:35:33 INFO     Batch: [149/235] Epoch: [0] Loss: [2.1515630316734313]
2019-07-24 18:35:33 INFO     Batch: [150/235] Epoch: [0] Loss: [2.1510937016531333]
2019-07-24 18:35:34 INFO     Batch: [151/235] Epoch: [0] Loss: [2.1502472028920523]
2019-07-24 18:35:34 INFO     Batch: [152/235] Epoch: [0] Loss: [2.1492246615341286]
2019-07-24 18:35:34 INFO     Batch: [153/235] Epoch: [0] Loss: [2.148483751656173]
2019-07-24 18:35:34 INFO     Batch: [154/235] Epoch: [0] Loss: [2.147486294469526]
2019-07-24 18:35:35 INFO     Batch: [155/235] Epoch: [0] Loss: [2.146683396437229]
2019-07-24 18:35:35 INFO     Batch: [156/235] Epoch: [0] Loss: [2.1455383414675477]
2019-07-24 18:35:35 INFO     Batch: [157/235] Epoch: [0] Loss: [2.1441317185570923]
2019-07-24 18:35:36 INFO     Batch: [158/235] Epoch: [0] Loss: [2.143173545411548]
2019-07-24 18:35:36 INFO     Batch: [159/235] Epoch: [0] Loss: [2.141992674022913]
2019-07-24 18:35:36 INFO     Batch: [160/235] Epoch: [0] Loss: [2.141023189384745]
2019-07-24 18:35:37 INFO     Batch: [161/235] Epoch: [0] Loss: [2.1402368420436058]
2019-07-24 18:35:37 INFO     Batch: [162/235] Epoch: [0] Loss: [2.1395364926636584]
2019-07-24 18:35:37 INFO     Batch: [163/235] Epoch: [0] Loss: [2.1383955231527003]
2019-07-24 18:35:37 INFO     Batch: [164/235] Epoch: [0] Loss: [2.1375308990478517]
2019-07-24 18:35:38 INFO     Batch: [165/235] Epoch: [0] Loss: [2.136563017425767]
2019-07-24 18:35:38 INFO     Batch: [166/235] Epoch: [0] Loss: [2.1354056111352886]
2019-07-24 18:35:38 INFO     Batch: [167/235] Epoch: [0] Loss: [2.134385062825112]
2019-07-24 18:35:39 INFO     Batch: [168/235] Epoch: [0] Loss: [2.1333639064484093]
2019-07-24 18:35:39 INFO     Batch: [169/235] Epoch: [0] Loss: [2.1326297388357274]
2019-07-24 18:35:39 INFO     Batch: [170/235] Epoch: [0] Loss: [2.131594374863028]
2019-07-24 18:35:39 INFO     Batch: [171/235] Epoch: [0] Loss: [2.1308156827161477]
2019-07-24 18:35:40 INFO     Batch: [172/235] Epoch: [0] Loss: [2.130043878031604]
2019-07-24 18:35:40 INFO     Batch: [173/235] Epoch: [0] Loss: [2.1290363662544336]
2019-07-24 18:35:40 INFO     Batch: [174/235] Epoch: [0] Loss: [2.1283512510572162]
2019-07-24 18:35:41 INFO     Batch: [175/235] Epoch: [0] Loss: [2.1270960223945705]
2019-07-24 18:35:41 INFO     Batch: [176/235] Epoch: [0] Loss: [2.1263863198501243]
2019-07-24 18:35:41 INFO     Batch: [177/235] Epoch: [0] Loss: [2.1257134615705255]
2019-07-24 18:35:42 INFO     Batch: [178/235] Epoch: [0] Loss: [2.124928768786638]
2019-07-24 18:35:42 INFO     Batch: [179/235] Epoch: [0] Loss: [2.124190392759111]
2019-07-24 18:35:42 INFO     Batch: [180/235] Epoch: [0] Loss: [2.1233404130566846]
2019-07-24 18:35:42 INFO     Batch: [181/235] Epoch: [0] Loss: [2.1221880244684743]
2019-07-24 18:35:43 INFO     Batch: [182/235] Epoch: [0] Loss: [2.1216960995575116]
2019-07-24 18:35:43 INFO     Batch: [183/235] Epoch: [0] Loss: [2.121202659347783]
2019-07-24 18:35:43 INFO     Batch: [184/235] Epoch: [0] Loss: [2.1206055615399335]
2019-07-24 18:35:44 INFO     Batch: [185/235] Epoch: [0] Loss: [2.1199858970539545]
2019-07-24 18:35:44 INFO     Batch: [186/235] Epoch: [0] Loss: [2.1188698337677327]
2019-07-24 18:35:44 INFO     Batch: [187/235] Epoch: [0] Loss: [2.118134652680539]
2019-07-24 18:35:44 INFO     Batch: [188/235] Epoch: [0] Loss: [2.1176362914383096]
2019-07-24 18:35:45 INFO     Batch: [189/235] Epoch: [0] Loss: [2.1165808847076013]
2019-07-24 18:35:45 INFO     Batch: [190/235] Epoch: [0] Loss: [2.1157559537138613]
2019-07-24 18:35:45 INFO     Batch: [191/235] Epoch: [0] Loss: [2.114993169903755]
2019-07-24 18:35:46 INFO     Batch: [192/235] Epoch: [0] Loss: [2.1140406984121687]
2019-07-24 18:35:46 INFO     Batch: [193/235] Epoch: [0] Loss: [2.1135380513889275]
2019-07-24 18:35:46 INFO     Batch: [194/235] Epoch: [0] Loss: [2.1129932122352795]
2019-07-24 18:35:46 INFO     Batch: [195/235] Epoch: [0] Loss: [2.112525972784782]
2019-07-24 18:35:47 INFO     Batch: [196/235] Epoch: [0] Loss: [2.111906157532319]
2019-07-24 18:35:47 INFO     Batch: [197/235] Epoch: [0] Loss: [2.111131889049453]
2019-07-24 18:35:47 INFO     Batch: [198/235] Epoch: [0] Loss: [2.110538084902356]
2019-07-24 18:35:48 INFO     Batch: [199/235] Epoch: [0] Loss: [2.1095741027593613]
2019-07-24 18:35:48 INFO     Batch: [200/235] Epoch: [0] Loss: [2.108859936989362]
2019-07-24 18:35:48 INFO     Batch: [201/235] Epoch: [0] Loss: [2.107730738007196]
2019-07-24 18:35:49 INFO     Batch: [202/235] Epoch: [0] Loss: [2.1071367839287065]
2019-07-24 18:35:49 INFO     Batch: [203/235] Epoch: [0] Loss: [2.10606639992957]
2019-07-24 18:35:49 INFO     Batch: [204/235] Epoch: [0] Loss: [2.105513886707585]
2019-07-24 18:35:49 INFO     Batch: [205/235] Epoch: [0] Loss: [2.1046435103833097]
2019-07-24 18:35:50 INFO     Batch: [206/235] Epoch: [0] Loss: [2.104051843933437]
2019-07-24 18:35:50 INFO     Batch: [207/235] Epoch: [0] Loss: [2.103263705968857]
2019-07-24 18:35:50 INFO     Batch: [208/235] Epoch: [0] Loss: [2.1024360246065132]
2019-07-24 18:35:51 INFO     Batch: [209/235] Epoch: [0] Loss: [2.101440229302361]
2019-07-24 18:35:51 INFO     Batch: [210/235] Epoch: [0] Loss: [2.1009685060989236]
2019-07-24 18:35:51 INFO     Batch: [211/235] Epoch: [0] Loss: [2.100292639912299]
2019-07-24 18:35:51 INFO     Batch: [212/235] Epoch: [0] Loss: [2.0995843835839643]
2019-07-24 18:35:52 INFO     Batch: [213/235] Epoch: [0] Loss: [2.098747768691767]
2019-07-24 18:35:52 INFO     Batch: [214/235] Epoch: [0] Loss: [2.098156510397445]
2019-07-24 18:35:52 INFO     Batch: [215/235] Epoch: [0] Loss: [2.097150585717625]
2019-07-24 18:35:53 INFO     Batch: [216/235] Epoch: [0] Loss: [2.096397239491687]
2019-07-24 18:35:53 INFO     Batch: [217/235] Epoch: [0] Loss: [2.095918220664383]
2019-07-24 18:35:53 INFO     Batch: [218/235] Epoch: [0] Loss: [2.0950684678064633]
2019-07-24 18:35:54 INFO     Batch: [219/235] Epoch: [0] Loss: [2.0947780522433193]
2019-07-24 18:35:54 INFO     Batch: [220/235] Epoch: [0] Loss: [2.0936020715204298]
2019-07-24 18:35:54 INFO     Batch: [221/235] Epoch: [0] Loss: [2.09343497710185]
2019-07-24 18:35:54 INFO     Batch: [222/235] Epoch: [0] Loss: [2.0925333499908447]
2019-07-24 18:35:55 INFO     Batch: [223/235] Epoch: [0] Loss: [2.0922782623342107]
2019-07-24 18:35:55 INFO     Batch: [224/235] Epoch: [0] Loss: [2.0917315181096394]
2019-07-24 18:35:55 INFO     Batch: [225/235] Epoch: [0] Loss: [2.091273948154618]
2019-07-24 18:35:56 INFO     Batch: [226/235] Epoch: [0] Loss: [2.0907534691730785]
2019-07-24 18:35:56 INFO     Batch: [227/235] Epoch: [0] Loss: [2.0905199950201467]
2019-07-24 18:35:56 INFO     Batch: [228/235] Epoch: [0] Loss: [2.089943104956348]
2019-07-24 18:35:56 INFO     Batch: [229/235] Epoch: [0] Loss: [2.089274937173595]
2019-07-24 18:35:57 INFO     Batch: [230/235] Epoch: [0] Loss: [2.0886051546443594]
2019-07-24 18:35:57 INFO     Batch: [231/235] Epoch: [0] Loss: [2.0878851264715195]
2019-07-24 18:35:57 INFO     Batch: [232/235] Epoch: [0] Loss: [2.087644027026426]
2019-07-24 18:35:58 INFO     Batch: [233/235] Epoch: [0] Loss: [2.087161105922145]
2019-07-24 18:36:22 INFO     Batch: [234/235] Epoch: [0] Loss: [2.0868068948705147]
2019-07-24 18:36:22 INFO     ================================ Eval ================================

2019-07-24 18:37:00 INFO     [epoch 0] Accuracy: [0.3185546875]
2019-07-24 18:37:07 INFO     [epoch 1] Accuracy: [0.312109375]
2019-07-24 18:37:13 INFO     [epoch 2] Accuracy: [0.31884765625]
2019-07-24 18:37:20 INFO     [epoch 3] Accuracy: [0.31806640625]
2019-07-24 18:37:27 INFO     [epoch 4] Accuracy: [0.31787109375]
2019-07-24 18:37:27 INFO     ======================================================================

2019-07-24 18:37:27 INFO     **************** Epoch: [0/200] [NR] Accuracy: [0.31884765625] ****************

2019-07-24 18:37:27 INFO     ================================ Eval ================================

2019-07-24 18:37:34 INFO     [epoch 0] Accuracy: [0.30810546875]
2019-07-24 18:37:41 INFO     [epoch 1] Accuracy: [0.30791015625]
2019-07-24 18:37:47 INFO     [epoch 2] Accuracy: [0.30849609375]
2019-07-24 18:37:54 INFO     [epoch 3] Accuracy: [0.3072265625]
2019-07-24 18:38:00 INFO     [epoch 4] Accuracy: [0.313671875]
2019-07-24 18:38:00 INFO     ======================================================================

2019-07-24 18:38:00 INFO     **************** Epoch: [0/200] [R] Accuracy: [0.313671875] ****************

2019-07-24 18:38:00 INFO     Saved model checkpoints into ./save/2019-07-24_18-33-34-[NR]-[0.31884765625]-model.ckpt...
2019-07-24 18:38:00 INFO     Saved model checkpoints into ./save/2019-07-24_18-33-34-[R]-[0.313671875]-model.ckpt...
2019-07-24 18:38:01 INFO     Batch: [0/235] Epoch: [1] Loss: [1.8908928632736206]
2019-07-24 18:38:01 INFO     Batch: [1/235] Epoch: [1] Loss: [1.888587772846222]
2019-07-24 18:38:01 INFO     Batch: [2/235] Epoch: [1] Loss: [1.903866171836853]
2019-07-24 18:38:02 INFO     Batch: [3/235] Epoch: [1] Loss: [1.8996141254901886]
2019-07-24 18:38:02 INFO     Batch: [4/235] Epoch: [1] Loss: [1.8990211009979248]
2019-07-24 18:38:02 INFO     Batch: [5/235] Epoch: [1] Loss: [1.9116238156954448]
2019-07-24 18:38:03 INFO     Batch: [6/235] Epoch: [1] Loss: [1.9161274433135986]
2019-07-24 18:38:03 INFO     Batch: [7/235] Epoch: [1] Loss: [1.9204981178045273]
2019-07-24 18:38:03 INFO     Batch: [8/235] Epoch: [1] Loss: [1.9259619580374823]
2019-07-24 18:38:04 INFO     Batch: [9/235] Epoch: [1] Loss: [1.930191695690155]
2019-07-24 18:38:04 INFO     Batch: [10/235] Epoch: [1] Loss: [1.9268921613693237]
2019-07-24 18:38:04 INFO     Batch: [11/235] Epoch: [1] Loss: [1.9246828357378643]
2019-07-24 18:38:04 INFO     Batch: [12/235] Epoch: [1] Loss: [1.9243072454745953]
2019-07-24 18:38:05 INFO     Batch: [13/235] Epoch: [1] Loss: [1.926373609474727]
2019-07-24 18:38:05 INFO     Batch: [14/235] Epoch: [1] Loss: [1.9278828938802084]
2019-07-24 18:38:05 INFO     Batch: [15/235] Epoch: [1] Loss: [1.932394728064537]
2019-07-24 18:38:06 INFO     Batch: [16/235] Epoch: [1] Loss: [1.9313947242849014]
2019-07-24 18:38:06 INFO     Batch: [17/235] Epoch: [1] Loss: [1.9290138946639166]
2019-07-24 18:38:06 INFO     Batch: [18/235] Epoch: [1] Loss: [1.9327379590586613]
2019-07-24 18:38:06 INFO     Batch: [19/235] Epoch: [1] Loss: [1.934058779478073]
2019-07-24 18:38:07 INFO     Batch: [20/235] Epoch: [1] Loss: [1.935217783564613]
2019-07-24 18:38:07 INFO     Batch: [21/235] Epoch: [1] Loss: [1.9299388582056218]
2019-07-24 18:38:07 INFO     Batch: [22/235] Epoch: [1] Loss: [1.9275307914485103]
2019-07-24 18:38:08 INFO     Batch: [23/235] Epoch: [1] Loss: [1.9254369288682938]
2019-07-24 18:38:08 INFO     Batch: [24/235] Epoch: [1] Loss: [1.9250395917892456]
2019-07-24 18:38:08 INFO     Batch: [25/235] Epoch: [1] Loss: [1.9257665872573853]
2019-07-24 18:38:09 INFO     Batch: [26/235] Epoch: [1] Loss: [1.9254927591041282]
2019-07-24 18:38:09 INFO     Batch: [27/235] Epoch: [1] Loss: [1.9215227024895805]
2019-07-24 18:38:09 INFO     Batch: [28/235] Epoch: [1] Loss: [1.9192293841263344]
2019-07-24 18:38:09 INFO     Batch: [29/235] Epoch: [1] Loss: [1.9187190055847168]
2019-07-24 18:38:10 INFO     Batch: [30/235] Epoch: [1] Loss: [1.9173832362697971]
2019-07-24 18:38:10 INFO     Batch: [31/235] Epoch: [1] Loss: [1.9151670336723328]
2019-07-24 18:38:10 INFO     Batch: [32/235] Epoch: [1] Loss: [1.9132348190654407]
2019-07-24 18:38:11 INFO     Batch: [33/235] Epoch: [1] Loss: [1.9110486472354216]
2019-07-24 18:38:11 INFO     Batch: [34/235] Epoch: [1] Loss: [1.9105661221912928]
2019-07-24 18:38:11 INFO     Batch: [35/235] Epoch: [1] Loss: [1.9075395663579304]
2019-07-24 18:38:12 INFO     Batch: [36/235] Epoch: [1] Loss: [1.90691724339047]
2019-07-24 18:38:12 INFO     Batch: [37/235] Epoch: [1] Loss: [1.9065509281660382]
2019-07-24 18:38:12 INFO     Batch: [38/235] Epoch: [1] Loss: [1.9065934755863287]
2019-07-24 18:38:12 INFO     Batch: [39/235] Epoch: [1] Loss: [1.9070715636014939]
2019-07-24 18:38:13 INFO     Batch: [40/235] Epoch: [1] Loss: [1.9079296821501197]
2019-07-24 18:38:13 INFO     Batch: [41/235] Epoch: [1] Loss: [1.9080357466425215]
2019-07-24 18:38:13 INFO     Batch: [42/235] Epoch: [1] Loss: [1.9074824882108112]
2019-07-24 18:38:14 INFO     Batch: [43/235] Epoch: [1] Loss: [1.907055453820662]
2019-07-24 18:38:14 INFO     Batch: [44/235] Epoch: [1] Loss: [1.906274347835117]
2019-07-24 18:38:14 INFO     Batch: [45/235] Epoch: [1] Loss: [1.9067002794016963]
2019-07-24 18:38:14 INFO     Batch: [46/235] Epoch: [1] Loss: [1.9054096987906923]
2019-07-24 18:38:15 INFO     Batch: [47/235] Epoch: [1] Loss: [1.9043411339322727]
2019-07-24 18:38:15 INFO     Batch: [48/235] Epoch: [1] Loss: [1.9033637265769803]
2019-07-24 18:38:15 INFO     Batch: [49/235] Epoch: [1] Loss: [1.904018452167511]
2019-07-24 18:38:16 INFO     Batch: [50/235] Epoch: [1] Loss: [1.9040338665831322]
2019-07-24 18:38:16 INFO     Batch: [51/235] Epoch: [1] Loss: [1.9039931343151972]
2019-07-24 18:38:16 INFO     Batch: [52/235] Epoch: [1] Loss: [1.9027669722179197]
2019-07-24 18:38:17 INFO     Batch: [53/235] Epoch: [1] Loss: [1.90366205462703]
2019-07-24 18:38:17 INFO     Batch: [54/235] Epoch: [1] Loss: [1.9021439769051292]
2019-07-24 18:38:17 INFO     Batch: [55/235] Epoch: [1] Loss: [1.9021411133663995]
2019-07-24 18:38:17 INFO     Batch: [56/235] Epoch: [1] Loss: [1.901928933043229]
2019-07-24 18:38:18 INFO     Batch: [57/235] Epoch: [1] Loss: [1.9011370087492054]
2019-07-24 18:38:18 INFO     Batch: [58/235] Epoch: [1] Loss: [1.9016199334193085]
2019-07-24 18:38:18 INFO     Batch: [59/235] Epoch: [1] Loss: [1.9017495652039846]
2019-07-24 18:38:19 INFO     Batch: [60/235] Epoch: [1] Loss: [1.903077832988051]
2019-07-24 18:38:19 INFO     Batch: [61/235] Epoch: [1] Loss: [1.902464799342617]
2019-07-24 18:38:19 INFO     Batch: [62/235] Epoch: [1] Loss: [1.9025787455695016]
2019-07-24 18:38:19 INFO     Batch: [63/235] Epoch: [1] Loss: [1.9032794758677483]
2019-07-24 18:38:20 INFO     Batch: [64/235] Epoch: [1] Loss: [1.9027746897477371]
2019-07-24 18:38:20 INFO     Batch: [65/235] Epoch: [1] Loss: [1.9025750629829639]
2019-07-24 18:38:20 INFO     Batch: [66/235] Epoch: [1] Loss: [1.9019288162686931]
2019-07-24 18:38:21 INFO     Batch: [67/235] Epoch: [1] Loss: [1.9022932017550749]
2019-07-24 18:38:21 INFO     Batch: [68/235] Epoch: [1] Loss: [1.902022537977799]
2019-07-24 18:38:21 INFO     Batch: [69/235] Epoch: [1] Loss: [1.9018154263496398]
2019-07-24 18:38:22 INFO     Batch: [70/235] Epoch: [1] Loss: [1.9029066529072507]
2019-07-24 18:38:22 INFO     Batch: [71/235] Epoch: [1] Loss: [1.9026294499635696]
2019-07-24 18:38:22 INFO     Batch: [72/235] Epoch: [1] Loss: [1.90188476974017]
2019-07-24 18:38:24 INFO     Batch: [73/235] Epoch: [1] Loss: [1.90243437483504]
2019-07-24 18:38:24 INFO     Batch: [74/235] Epoch: [1] Loss: [1.9014531167348225]
2019-07-24 18:38:25 INFO     Batch: [75/235] Epoch: [1] Loss: [1.900580318350541]
2019-07-24 18:38:25 INFO     Batch: [76/235] Epoch: [1] Loss: [1.8998374412586163]
2019-07-24 18:38:25 INFO     Batch: [77/235] Epoch: [1] Loss: [1.9000530930665822]
2019-07-24 18:38:25 INFO     Batch: [78/235] Epoch: [1] Loss: [1.8990077293371852]
2019-07-24 18:38:26 INFO     Batch: [79/235] Epoch: [1] Loss: [1.8990783497691155]
2019-07-24 18:38:26 INFO     Batch: [80/235] Epoch: [1] Loss: [1.8993029756310544]
2019-07-24 18:38:26 INFO     Batch: [81/235] Epoch: [1] Loss: [1.8984978780513857]
2019-07-24 18:38:27 INFO     Batch: [82/235] Epoch: [1] Loss: [1.8976494260581143]
2019-07-24 18:38:27 INFO     Batch: [83/235] Epoch: [1] Loss: [1.8968237922305153]
2019-07-24 18:38:27 INFO     Batch: [84/235] Epoch: [1] Loss: [1.896817428925458]
2019-07-24 18:38:27 INFO     Batch: [85/235] Epoch: [1] Loss: [1.8972931878511297]
2019-07-24 18:38:28 INFO     Batch: [86/235] Epoch: [1] Loss: [1.8975748344399463]
2019-07-24 18:38:28 INFO     Batch: [87/235] Epoch: [1] Loss: [1.8970315998250789]
2019-07-24 18:38:28 INFO     Batch: [88/235] Epoch: [1] Loss: [1.8965308358160298]
2019-07-24 18:38:29 INFO     Batch: [89/235] Epoch: [1] Loss: [1.8965631087621053]
2019-07-24 18:38:29 INFO     Batch: [90/235] Epoch: [1] Loss: [1.8959238830503526]
2019-07-24 18:38:29 INFO     Batch: [91/235] Epoch: [1] Loss: [1.8949039915333623]
2019-07-24 18:38:30 INFO     Batch: [92/235] Epoch: [1] Loss: [1.895325631223699]
2019-07-24 18:38:30 INFO     Batch: [93/235] Epoch: [1] Loss: [1.8951859372727415]
2019-07-24 18:38:30 INFO     Batch: [94/235] Epoch: [1] Loss: [1.8949038505554199]
2019-07-24 18:38:30 INFO     Batch: [95/235] Epoch: [1] Loss: [1.8950721633931]
2019-07-24 18:38:31 INFO     Batch: [96/235] Epoch: [1] Loss: [1.8946267206644274]
2019-07-24 18:38:31 INFO     Batch: [97/235] Epoch: [1] Loss: [1.894177790807218]
2019-07-24 18:38:31 INFO     Batch: [98/235] Epoch: [1] Loss: [1.8926790073664501]
2019-07-24 18:38:32 INFO     Batch: [99/235] Epoch: [1] Loss: [1.892220596075058]
2019-07-24 18:38:32 INFO     Batch: [100/235] Epoch: [1] Loss: [1.8915185432622927]
2019-07-24 18:38:32 INFO     Batch: [101/235] Epoch: [1] Loss: [1.8911547614078896]
2019-07-24 18:38:33 INFO     Batch: [102/235] Epoch: [1] Loss: [1.8911688825459156]
2019-07-24 18:38:33 INFO     Batch: [103/235] Epoch: [1] Loss: [1.8907826795027807]
2019-07-24 18:38:33 INFO     Batch: [104/235] Epoch: [1] Loss: [1.8909065371467955]
2019-07-24 18:38:33 INFO     Batch: [105/235] Epoch: [1] Loss: [1.8908413524897594]
2019-07-24 18:38:34 INFO     Batch: [106/235] Epoch: [1] Loss: [1.890729196717806]
2019-07-24 18:38:34 INFO     Batch: [107/235] Epoch: [1] Loss: [1.8894909863118772]
2019-07-24 18:38:34 INFO     Batch: [108/235] Epoch: [1] Loss: [1.8897173984335103]
2019-07-24 18:38:35 INFO     Batch: [109/235] Epoch: [1] Loss: [1.8888738014481283]
2019-07-24 18:38:35 INFO     Batch: [110/235] Epoch: [1] Loss: [1.888623204317179]
2019-07-24 18:38:35 INFO     Batch: [111/235] Epoch: [1] Loss: [1.8881860854370254]
2019-07-24 18:38:35 INFO     Batch: [112/235] Epoch: [1] Loss: [1.8885667260769194]
2019-07-24 18:38:36 INFO     Batch: [113/235] Epoch: [1] Loss: [1.8886093256766336]
2019-07-24 18:38:36 INFO     Batch: [114/235] Epoch: [1] Loss: [1.8888871690501337]
2019-07-24 18:38:36 INFO     Batch: [115/235] Epoch: [1] Loss: [1.8886826398043797]
2019-07-24 18:38:37 INFO     Batch: [116/235] Epoch: [1] Loss: [1.889043072350005]
2019-07-24 18:38:37 INFO     Batch: [117/235] Epoch: [1] Loss: [1.8889518471087439]
2019-07-24 18:38:37 INFO     Batch: [118/235] Epoch: [1] Loss: [1.8886478007340632]
2019-07-24 18:38:38 INFO     Batch: [119/235] Epoch: [1] Loss: [1.8877967735131582]
2019-07-24 18:38:38 INFO     Batch: [120/235] Epoch: [1] Loss: [1.8868887522989068]
2019-07-24 18:38:40 INFO     Batch: [121/235] Epoch: [1] Loss: [1.8867867305630543]
2019-07-24 18:38:40 INFO     Batch: [122/235] Epoch: [1] Loss: [1.8859520830759189]
2019-07-24 18:38:40 INFO     Batch: [123/235] Epoch: [1] Loss: [1.8860159843198714]
2019-07-24 18:38:40 INFO     Batch: [124/235] Epoch: [1] Loss: [1.8852310247421264]
2019-07-24 18:38:41 INFO     Batch: [125/235] Epoch: [1] Loss: [1.884121038610973]
2019-07-24 18:38:41 INFO     Batch: [126/235] Epoch: [1] Loss: [1.883701051314046]
2019-07-24 18:38:41 INFO     Batch: [127/235] Epoch: [1] Loss: [1.8831427618861198]
2019-07-24 18:38:42 INFO     Batch: [128/235] Epoch: [1] Loss: [1.8823047423547552]
2019-07-24 18:38:42 INFO     Batch: [129/235] Epoch: [1] Loss: [1.8826476353865402]
2019-07-24 18:38:42 INFO     Batch: [130/235] Epoch: [1] Loss: [1.8827790868191319]
2019-07-24 18:38:43 INFO     Batch: [131/235] Epoch: [1] Loss: [1.882660347403902]
2019-07-24 18:38:43 INFO     Batch: [132/235] Epoch: [1] Loss: [1.8821117994480563]
2019-07-24 18:38:43 INFO     Batch: [133/235] Epoch: [1] Loss: [1.8811078400754218]
2019-07-24 18:38:43 INFO     Batch: [134/235] Epoch: [1] Loss: [1.880739355970312]
2019-07-24 18:38:44 INFO     Batch: [135/235] Epoch: [1] Loss: [1.8802555124549305]
2019-07-24 18:38:44 INFO     Batch: [136/235] Epoch: [1] Loss: [1.8800491973431441]
2019-07-24 18:38:44 INFO     Batch: [137/235] Epoch: [1] Loss: [1.8801370479058528]
2019-07-24 18:38:45 INFO     Batch: [138/235] Epoch: [1] Loss: [1.8791795497317967]
2019-07-24 18:38:45 INFO     Batch: [139/235] Epoch: [1] Loss: [1.8792720564774104]
2019-07-24 18:38:45 INFO     Batch: [140/235] Epoch: [1] Loss: [1.8790065210761753]
2019-07-24 18:38:45 INFO     Batch: [141/235] Epoch: [1] Loss: [1.8788727118935384]
2019-07-24 18:38:46 INFO     Batch: [142/235] Epoch: [1] Loss: [1.8788940289637426]
2019-07-24 18:38:46 INFO     Batch: [143/235] Epoch: [1] Loss: [1.8788753549257915]
2019-07-24 18:38:46 INFO     Batch: [144/235] Epoch: [1] Loss: [1.879104627411941]
2019-07-24 18:38:47 INFO     Batch: [145/235] Epoch: [1] Loss: [1.8792149449047977]
2019-07-24 18:38:47 INFO     Batch: [146/235] Epoch: [1] Loss: [1.8786836327338705]
2019-07-24 18:38:47 INFO     Batch: [147/235] Epoch: [1] Loss: [1.8780964250500138]
2019-07-24 18:38:48 INFO     Batch: [148/235] Epoch: [1] Loss: [1.8786514749462973]
2019-07-24 18:38:48 INFO     Batch: [149/235] Epoch: [1] Loss: [1.87782168785731]
2019-07-24 18:38:48 INFO     Batch: [150/235] Epoch: [1] Loss: [1.877540755745591]
2019-07-24 18:38:48 INFO     Batch: [151/235] Epoch: [1] Loss: [1.8770407838256735]
2019-07-24 18:38:49 INFO     Batch: [152/235] Epoch: [1] Loss: [1.8762217206892624]
2019-07-24 18:38:49 INFO     Batch: [153/235] Epoch: [1] Loss: [1.8757471279664473]
2019-07-24 18:38:49 INFO     Batch: [154/235] Epoch: [1] Loss: [1.8759494758421376]
2019-07-24 18:38:50 INFO     Batch: [155/235] Epoch: [1] Loss: [1.8755748982612903]
2019-07-24 18:38:50 INFO     Batch: [156/235] Epoch: [1] Loss: [1.8753062266453056]
2019-07-24 18:38:50 INFO     Batch: [157/235] Epoch: [1] Loss: [1.8748947314069242]
2019-07-24 18:38:50 INFO     Batch: [158/235] Epoch: [1] Loss: [1.875277005651462]
2019-07-24 18:38:51 INFO     Batch: [159/235] Epoch: [1] Loss: [1.8749763257801533]
2019-07-24 18:38:51 INFO     Batch: [160/235] Epoch: [1] Loss: [1.8747073648879247]
2019-07-24 18:38:51 INFO     Batch: [161/235] Epoch: [1] Loss: [1.87429752835521]
2019-07-24 18:38:52 INFO     Batch: [162/235] Epoch: [1] Loss: [1.8741545567483258]
2019-07-24 18:38:52 INFO     Batch: [163/235] Epoch: [1] Loss: [1.873700977825537]
2019-07-24 18:38:52 INFO     Batch: [164/235] Epoch: [1] Loss: [1.873149857376561]
2019-07-24 18:38:53 INFO     Batch: [165/235] Epoch: [1] Loss: [1.872761282576136]
2019-07-24 18:38:53 INFO     Batch: [166/235] Epoch: [1] Loss: [1.8725990663745447]
2019-07-24 18:38:53 INFO     Batch: [167/235] Epoch: [1] Loss: [1.8719233927272616]
2019-07-24 18:38:53 INFO     Batch: [168/235] Epoch: [1] Loss: [1.8719908344675098]
2019-07-24 18:38:54 INFO     Batch: [169/235] Epoch: [1] Loss: [1.8715157810379477]
2019-07-24 18:38:54 INFO     Batch: [170/235] Epoch: [1] Loss: [1.8707301958262572]
2019-07-24 18:38:54 INFO     Batch: [171/235] Epoch: [1] Loss: [1.8703527346599933]
2019-07-24 18:38:55 INFO     Batch: [172/235] Epoch: [1] Loss: [1.8702786464911665]
2019-07-24 18:38:55 INFO     Batch: [173/235] Epoch: [1] Loss: [1.8697241147359211]
2019-07-24 18:38:55 INFO     Batch: [174/235] Epoch: [1] Loss: [1.8700578199114117]
2019-07-24 18:38:55 INFO     Batch: [175/235] Epoch: [1] Loss: [1.869467087767341]
2019-07-24 18:38:56 INFO     Batch: [176/235] Epoch: [1] Loss: [1.869316042479822]
2019-07-24 18:38:56 INFO     Batch: [177/235] Epoch: [1] Loss: [1.8692649134089439]
2019-07-24 18:38:56 INFO     Batch: [178/235] Epoch: [1] Loss: [1.8692822196630126]
2019-07-24 18:38:57 INFO     Batch: [179/235] Epoch: [1] Loss: [1.8690947208139632]
2019-07-24 18:38:57 INFO     Batch: [180/235] Epoch: [1] Loss: [1.8689711166350222]
2019-07-24 18:38:57 INFO     Batch: [181/235] Epoch: [1] Loss: [1.8684135518231235]
2019-07-24 18:38:58 INFO     Batch: [182/235] Epoch: [1] Loss: [1.867701502445617]
2019-07-24 18:38:58 INFO     Batch: [183/235] Epoch: [1] Loss: [1.8675310035114703]
2019-07-24 18:38:58 INFO     Batch: [184/235] Epoch: [1] Loss: [1.8670224215533282]
2019-07-24 18:38:58 INFO     Batch: [185/235] Epoch: [1] Loss: [1.8666558778414162]
2019-07-24 18:38:59 INFO     Batch: [186/235] Epoch: [1] Loss: [1.8664840740316055]
2019-07-24 18:38:59 INFO     Batch: [187/235] Epoch: [1] Loss: [1.8662269350062026]
2019-07-24 18:38:59 INFO     Batch: [188/235] Epoch: [1] Loss: [1.8654810316348203]
2019-07-24 18:39:00 INFO     Batch: [189/235] Epoch: [1] Loss: [1.8649265703402067]
2019-07-24 18:39:00 INFO     Batch: [190/235] Epoch: [1] Loss: [1.8649855078202893]
2019-07-24 18:39:00 INFO     Batch: [191/235] Epoch: [1] Loss: [1.8644673277934392]
2019-07-24 18:39:00 INFO     Batch: [192/235] Epoch: [1] Loss: [1.8637675287810014]
2019-07-24 18:39:01 INFO     Batch: [193/235] Epoch: [1] Loss: [1.8636043090181253]
2019-07-24 18:39:01 INFO     Batch: [194/235] Epoch: [1] Loss: [1.8632958106505566]
2019-07-24 18:39:01 INFO     Batch: [195/235] Epoch: [1] Loss: [1.863254038655028]
2019-07-24 18:39:02 INFO     Batch: [196/235] Epoch: [1] Loss: [1.8628797827638346]
2019-07-24 18:39:02 INFO     Batch: [197/235] Epoch: [1] Loss: [1.862295955720574]
2019-07-24 18:39:02 INFO     Batch: [198/235] Epoch: [1] Loss: [1.8620618683608932]
2019-07-24 18:39:03 INFO     Batch: [199/235] Epoch: [1] Loss: [1.862161127924919]
2019-07-24 18:39:03 INFO     Batch: [200/235] Epoch: [1] Loss: [1.8618224194986903]
2019-07-24 18:39:03 INFO     Batch: [201/235] Epoch: [1] Loss: [1.8613944071354251]
2019-07-24 18:39:03 INFO     Batch: [202/235] Epoch: [1] Loss: [1.86143290585485]
2019-07-24 18:39:04 INFO     Batch: [203/235] Epoch: [1] Loss: [1.8606550424706703]
2019-07-24 18:39:04 INFO     Batch: [204/235] Epoch: [1] Loss: [1.8603563105187766]
2019-07-24 18:39:04 INFO     Batch: [205/235] Epoch: [1] Loss: [1.859616689311648]
2019-07-24 18:39:05 INFO     Batch: [206/235] Epoch: [1] Loss: [1.8589646096390802]
2019-07-24 18:39:05 INFO     Batch: [207/235] Epoch: [1] Loss: [1.8588524672847528]
2019-07-24 18:39:05 INFO     Batch: [208/235] Epoch: [1] Loss: [1.8585713782378932]
2019-07-24 18:39:05 INFO     Batch: [209/235] Epoch: [1] Loss: [1.8584489044688997]
2019-07-24 18:39:06 INFO     Batch: [210/235] Epoch: [1] Loss: [1.8581237233645542]
2019-07-24 18:39:06 INFO     Batch: [211/235] Epoch: [1] Loss: [1.857752577313837]
2019-07-24 18:39:06 INFO     Batch: [212/235] Epoch: [1] Loss: [1.8575104788435457]
2019-07-24 18:39:07 INFO     Batch: [213/235] Epoch: [1] Loss: [1.8573894784829328]
2019-07-24 18:39:07 INFO     Batch: [214/235] Epoch: [1] Loss: [1.857135028062865]
2019-07-24 18:39:07 INFO     Batch: [215/235] Epoch: [1] Loss: [1.856969295276536]
2019-07-24 18:39:08 INFO     Batch: [216/235] Epoch: [1] Loss: [1.8566373877810993]
2019-07-24 18:39:08 INFO     Batch: [217/235] Epoch: [1] Loss: [1.856638877216829]
2019-07-24 18:39:08 INFO     Batch: [218/235] Epoch: [1] Loss: [1.8561646083718566]
2019-07-24 18:39:08 INFO     Batch: [219/235] Epoch: [1] Loss: [1.856163598732515]
2019-07-24 18:39:09 INFO     Batch: [220/235] Epoch: [1] Loss: [1.8561909587135141]
2019-07-24 18:39:09 INFO     Batch: [221/235] Epoch: [1] Loss: [1.8559182946746413]
2019-07-24 18:39:09 INFO     Batch: [222/235] Epoch: [1] Loss: [1.8555934498662905]
2019-07-24 18:39:10 INFO     Batch: [223/235] Epoch: [1] Loss: [1.855023973754474]
2019-07-24 18:39:10 INFO     Batch: [224/235] Epoch: [1] Loss: [1.8541879977120292]
2019-07-24 18:39:10 INFO     Batch: [225/235] Epoch: [1] Loss: [1.8538177002847722]
2019-07-24 18:39:10 INFO     Batch: [226/235] Epoch: [1] Loss: [1.853304224392391]
2019-07-24 18:39:11 INFO     Batch: [227/235] Epoch: [1] Loss: [1.8533005296138294]
2019-07-24 18:39:11 INFO     Batch: [228/235] Epoch: [1] Loss: [1.852730139894777]
2019-07-24 18:39:11 INFO     Batch: [229/235] Epoch: [1] Loss: [1.8526885680530383]
2019-07-24 18:39:12 INFO     Batch: [230/235] Epoch: [1] Loss: [1.852196140722795]
2019-07-24 18:39:12 INFO     Batch: [231/235] Epoch: [1] Loss: [1.8519141293805221]
2019-07-24 18:39:12 INFO     Batch: [232/235] Epoch: [1] Loss: [1.8519902940471797]
2019-07-24 18:39:13 INFO     Batch: [233/235] Epoch: [1] Loss: [1.8517898759271345]
2019-07-24 18:39:13 INFO     Batch: [234/235] Epoch: [1] Loss: [1.8511467243762727]
2019-07-24 18:39:13 INFO     ================================ Eval ================================

2019-07-24 18:39:20 INFO     [epoch 0] Accuracy: [0.385546875]
2019-07-24 18:39:26 INFO     [epoch 1] Accuracy: [0.37021484375]
2019-07-24 18:39:33 INFO     [epoch 2] Accuracy: [0.37578125]
2019-07-24 18:39:40 INFO     [epoch 3] Accuracy: [0.3740234375]
2019-07-24 18:39:46 INFO     [epoch 4] Accuracy: [0.38232421875]
2019-07-24 18:39:46 INFO     ======================================================================

2019-07-24 18:39:46 INFO     **************** Epoch: [1/200] [NR] Accuracy: [0.385546875] ****************

2019-07-24 18:39:46 INFO     ================================ Eval ================================

2019-07-24 18:39:53 INFO     [epoch 0] Accuracy: [0.35107421875]
2019-07-24 18:40:00 INFO     [epoch 1] Accuracy: [0.35078125]
2019-07-24 18:40:06 INFO     [epoch 2] Accuracy: [0.35234375]
2019-07-24 18:40:13 INFO     [epoch 3] Accuracy: [0.351953125]
2019-07-24 18:40:20 INFO     [epoch 4] Accuracy: [0.35322265625]
2019-07-24 18:40:20 INFO     ======================================================================

2019-07-24 18:40:20 INFO     **************** Epoch: [1/200] [R] Accuracy: [0.35322265625] ****************

2019-07-24 18:40:20 INFO     Saved model checkpoints into ./save/2019-07-24_18-33-34-[NR]-[0.385546875]-model.ckpt...
2019-07-24 18:40:20 INFO     Saved model checkpoints into ./save/2019-07-24_18-33-34-[R]-[0.35322265625]-model.ckpt...
2019-07-24 18:40:20 INFO     Batch: [0/235] Epoch: [2] Loss: [1.6493927240371704]
2019-07-24 18:40:20 INFO     Batch: [1/235] Epoch: [2] Loss: [1.714427411556244]
2019-07-24 18:40:21 INFO     Batch: [2/235] Epoch: [2] Loss: [1.708780845006307]
2019-07-24 18:40:21 INFO     Batch: [3/235] Epoch: [2] Loss: [1.718655288219452]
2019-07-24 18:40:21 INFO     Batch: [4/235] Epoch: [2] Loss: [1.7251404523849487]
2019-07-24 18:40:22 INFO     Batch: [5/235] Epoch: [2] Loss: [1.7285479704538982]
2019-07-24 18:40:22 INFO     Batch: [6/235] Epoch: [2] Loss: [1.731311457497733]
2019-07-24 18:40:22 INFO     Batch: [7/235] Epoch: [2] Loss: [1.7343135178089142]
2019-07-24 18:40:22 INFO     Batch: [8/235] Epoch: [2] Loss: [1.742552677790324]
2019-07-24 18:40:23 INFO     Batch: [9/235] Epoch: [2] Loss: [1.742015826702118]
2019-07-24 18:40:23 INFO     Batch: [10/235] Epoch: [2] Loss: [1.7431890639391812]
2019-07-24 18:40:23 INFO     Batch: [11/235] Epoch: [2] Loss: [1.7455100913842518]
2019-07-24 18:40:24 INFO     Batch: [12/235] Epoch: [2] Loss: [1.7498263028951793]
2019-07-24 18:40:24 INFO     Batch: [13/235] Epoch: [2] Loss: [1.7481159312384469]
2019-07-24 18:40:24 INFO     Batch: [14/235] Epoch: [2] Loss: [1.7544358571370442]
2019-07-24 18:40:25 INFO     Batch: [15/235] Epoch: [2] Loss: [1.7556921914219856]
2019-07-24 18:40:25 INFO     Batch: [16/235] Epoch: [2] Loss: [1.754960165304296]
2019-07-24 18:40:25 INFO     Batch: [17/235] Epoch: [2] Loss: [1.7560789055294461]
2019-07-24 18:40:25 INFO     Batch: [18/235] Epoch: [2] Loss: [1.7547954383649325]
2019-07-24 18:40:26 INFO     Batch: [19/235] Epoch: [2] Loss: [1.75385724902153]
2019-07-24 18:40:26 INFO     Batch: [20/235] Epoch: [2] Loss: [1.7545614015488398]
2019-07-24 18:40:26 INFO     Batch: [21/235] Epoch: [2] Loss: [1.7535617730834268]
2019-07-24 18:40:27 INFO     Batch: [22/235] Epoch: [2] Loss: [1.7534719653751538]
2019-07-24 18:40:27 INFO     Batch: [23/235] Epoch: [2] Loss: [1.753279795249303]
2019-07-24 18:40:27 INFO     Batch: [24/235] Epoch: [2] Loss: [1.75080144405365]
2019-07-24 18:40:27 INFO     Batch: [25/235] Epoch: [2] Loss: [1.752992753799145]
2019-07-24 18:40:28 INFO     Batch: [26/235] Epoch: [2] Loss: [1.7527184221479628]
2019-07-24 18:40:28 INFO     Batch: [27/235] Epoch: [2] Loss: [1.7524998869214738]
2019-07-24 18:40:28 INFO     Batch: [28/235] Epoch: [2] Loss: [1.754739235187399]
2019-07-24 18:40:29 INFO     Batch: [29/235] Epoch: [2] Loss: [1.757876718044281]
2019-07-24 18:40:29 INFO     Batch: [30/235] Epoch: [2] Loss: [1.7603305309049544]
2019-07-24 18:40:29 INFO     Batch: [31/235] Epoch: [2] Loss: [1.7599093429744244]
2019-07-24 18:40:30 INFO     Batch: [32/235] Epoch: [2] Loss: [1.7573402469808406]
2019-07-24 18:40:30 INFO     Batch: [33/235] Epoch: [2] Loss: [1.757231684292064]
2019-07-24 18:40:30 INFO     Batch: [34/235] Epoch: [2] Loss: [1.7584166390555245]
2019-07-24 18:40:30 INFO     Batch: [35/235] Epoch: [2] Loss: [1.7589583264456854]
2019-07-24 18:40:31 INFO     Batch: [36/235] Epoch: [2] Loss: [1.7586775277111981]
2019-07-24 18:40:31 INFO     Batch: [37/235] Epoch: [2] Loss: [1.757648860153399]
2019-07-24 18:40:31 INFO     Batch: [38/235] Epoch: [2] Loss: [1.757845169458634]
2019-07-24 18:40:32 INFO     Batch: [39/235] Epoch: [2] Loss: [1.7588555425405503]
2019-07-24 18:40:32 INFO     Batch: [40/235] Epoch: [2] Loss: [1.7586931804331338]
2019-07-24 18:40:32 INFO     Batch: [41/235] Epoch: [2] Loss: [1.7599525224594843]
2019-07-24 18:40:33 INFO     Batch: [42/235] Epoch: [2] Loss: [1.759964155596356]
2019-07-24 18:40:33 INFO     Batch: [43/235] Epoch: [2] Loss: [1.7594150602817535]
2019-07-24 18:40:33 INFO     Batch: [44/235] Epoch: [2] Loss: [1.759548274676005]
2019-07-24 18:40:33 INFO     Batch: [45/235] Epoch: [2] Loss: [1.7575127171433491]
2019-07-24 18:40:34 INFO     Batch: [46/235] Epoch: [2] Loss: [1.7572279153986181]
2019-07-24 18:40:34 INFO     Batch: [47/235] Epoch: [2] Loss: [1.7570657456914585]
2019-07-24 18:40:34 INFO     Batch: [48/235] Epoch: [2] Loss: [1.7566549729327767]
2019-07-24 18:40:35 INFO     Batch: [49/235] Epoch: [2] Loss: [1.7555669808387757]
2019-07-24 18:40:35 INFO     Batch: [50/235] Epoch: [2] Loss: [1.756485616459566]
2019-07-24 18:40:35 INFO     Batch: [51/235] Epoch: [2] Loss: [1.7559323654725]
2019-07-24 18:40:35 INFO     Batch: [52/235] Epoch: [2] Loss: [1.7553096019996788]
2019-07-24 18:40:36 INFO     Batch: [53/235] Epoch: [2] Loss: [1.753446446524726]
2019-07-24 18:40:36 INFO     Batch: [54/235] Epoch: [2] Loss: [1.752960467338562]
2019-07-24 18:40:36 INFO     Batch: [55/235] Epoch: [2] Loss: [1.7531035670212336]
2019-07-24 18:40:37 INFO     Batch: [56/235] Epoch: [2] Loss: [1.753874375109087]
2019-07-24 18:40:37 INFO     Batch: [57/235] Epoch: [2] Loss: [1.75375090796372]
2019-07-24 18:40:37 INFO     Batch: [58/235] Epoch: [2] Loss: [1.7536217317742817]
2019-07-24 18:40:38 INFO     Batch: [59/235] Epoch: [2] Loss: [1.7539439181486765]
2019-07-24 18:40:38 INFO     Batch: [60/235] Epoch: [2] Loss: [1.7537077020426266]
2019-07-24 18:40:38 INFO     Batch: [61/235] Epoch: [2] Loss: [1.754539543582547]
2019-07-24 18:40:38 INFO     Batch: [62/235] Epoch: [2] Loss: [1.7547132439083524]
2019-07-24 18:40:39 INFO     Batch: [63/235] Epoch: [2] Loss: [1.7543811723589897]
2019-07-24 18:40:39 INFO     Batch: [64/235] Epoch: [2] Loss: [1.7548243797742404]
2019-07-24 18:40:39 INFO     Batch: [65/235] Epoch: [2] Loss: [1.7541194756825764]
2019-07-24 18:40:40 INFO     Batch: [66/235] Epoch: [2] Loss: [1.7537218688139276]
2019-07-24 18:40:40 INFO     Batch: [67/235] Epoch: [2] Loss: [1.7541132253759049]
2019-07-24 18:40:40 INFO     Batch: [68/235] Epoch: [2] Loss: [1.754576147466466]
2019-07-24 18:40:40 INFO     Batch: [69/235] Epoch: [2] Loss: [1.7545681238174438]
2019-07-24 18:40:41 INFO     Batch: [70/235] Epoch: [2] Loss: [1.7540069700966419]
2019-07-24 18:40:41 INFO     Batch: [71/235] Epoch: [2] Loss: [1.7547542485925887]
2019-07-24 18:40:41 INFO     Batch: [72/235] Epoch: [2] Loss: [1.7547236125763148]
2019-07-24 18:40:42 INFO     Batch: [73/235] Epoch: [2] Loss: [1.7539306379653312]
2019-07-24 18:40:42 INFO     Batch: [74/235] Epoch: [2] Loss: [1.7541733614603678]
2019-07-24 18:40:42 INFO     Batch: [75/235] Epoch: [2] Loss: [1.7533420685090517]
2019-07-24 18:40:43 INFO     Batch: [76/235] Epoch: [2] Loss: [1.753509555544172]
2019-07-24 18:40:43 INFO     Batch: [77/235] Epoch: [2] Loss: [1.7532318830490112]
2019-07-24 18:40:43 INFO     Batch: [78/235] Epoch: [2] Loss: [1.7529820747013334]
2019-07-24 18:40:43 INFO     Batch: [79/235] Epoch: [2] Loss: [1.7529448032379151]
2019-07-24 18:40:44 INFO     Batch: [80/235] Epoch: [2] Loss: [1.7530169119069605]
2019-07-24 18:40:44 INFO     Batch: [81/235] Epoch: [2] Loss: [1.753402176426678]
2019-07-24 18:40:44 INFO     Batch: [82/235] Epoch: [2] Loss: [1.7543443556291511]
2019-07-24 18:40:45 INFO     Batch: [83/235] Epoch: [2] Loss: [1.755164968115943]
2019-07-24 18:40:45 INFO     Batch: [84/235] Epoch: [2] Loss: [1.754930866465849]
2019-07-24 18:40:45 INFO     Batch: [85/235] Epoch: [2] Loss: [1.7540258501851282]
2019-07-24 18:40:45 INFO     Batch: [86/235] Epoch: [2] Loss: [1.7528516177473397]
2019-07-24 18:40:46 INFO     Batch: [87/235] Epoch: [2] Loss: [1.7532333894209429]
2019-07-24 18:40:46 INFO     Batch: [88/235] Epoch: [2] Loss: [1.752151625879695]
2019-07-24 18:40:46 INFO     Batch: [89/235] Epoch: [2] Loss: [1.7509351200527614]
2019-07-24 18:40:47 INFO     Batch: [90/235] Epoch: [2] Loss: [1.750651791855529]
2019-07-24 18:40:47 INFO     Batch: [91/235] Epoch: [2] Loss: [1.7510192342426465]
2019-07-24 18:40:47 INFO     Batch: [92/235] Epoch: [2] Loss: [1.750719666481018]
2019-07-24 18:40:48 INFO     Batch: [93/235] Epoch: [2] Loss: [1.7512211698166869]
2019-07-24 18:40:48 INFO     Batch: [94/235] Epoch: [2] Loss: [1.7502390108610455]
2019-07-24 18:40:48 INFO     Batch: [95/235] Epoch: [2] Loss: [1.7502494690318902]
2019-07-24 18:40:48 INFO     Batch: [96/235] Epoch: [2] Loss: [1.7498338124186723]
2019-07-24 18:40:49 INFO     Batch: [97/235] Epoch: [2] Loss: [1.7504102782327302]
2019-07-24 18:40:49 INFO     Batch: [98/235] Epoch: [2] Loss: [1.749613764310124]
2019-07-24 18:40:49 INFO     Batch: [99/235] Epoch: [2] Loss: [1.7494492781162263]
2019-07-24 18:40:50 INFO     Batch: [100/235] Epoch: [2] Loss: [1.7484822721764592]
2019-07-24 18:40:50 INFO     Batch: [101/235] Epoch: [2] Loss: [1.7493177219933154]
2019-07-24 18:40:50 INFO     Batch: [102/235] Epoch: [2] Loss: [1.7484830930395034]
2019-07-24 18:40:51 INFO     Batch: [103/235] Epoch: [2] Loss: [1.747800934773225]
2019-07-24 18:40:51 INFO     Batch: [104/235] Epoch: [2] Loss: [1.747423639751616]
2019-07-24 18:40:51 INFO     Batch: [105/235] Epoch: [2] Loss: [1.746743433880356]
2019-07-24 18:40:51 INFO     Batch: [106/235] Epoch: [2] Loss: [1.7452976737066963]
2019-07-24 18:40:52 INFO     Batch: [107/235] Epoch: [2] Loss: [1.7452344298362732]
2019-07-24 18:40:52 INFO     Batch: [108/235] Epoch: [2] Loss: [1.7450947466246578]
2019-07-24 18:40:52 INFO     Batch: [109/235] Epoch: [2] Loss: [1.7453230879523538]
2019-07-24 18:40:53 INFO     Batch: [110/235] Epoch: [2] Loss: [1.7448867784964073]
2019-07-24 18:40:53 INFO     Batch: [111/235] Epoch: [2] Loss: [1.7446247158305985]
2019-07-24 18:40:53 INFO     Batch: [112/235] Epoch: [2] Loss: [1.7443252422113333]
2019-07-24 18:40:53 INFO     Batch: [113/235] Epoch: [2] Loss: [1.7441289477181017]
2019-07-24 18:40:54 INFO     Batch: [114/235] Epoch: [2] Loss: [1.744396802653437]
2019-07-24 18:40:54 INFO     Batch: [115/235] Epoch: [2] Loss: [1.7439346498456494]
2019-07-24 18:40:54 INFO     Batch: [116/235] Epoch: [2] Loss: [1.7434702846739027]
2019-07-24 18:40:55 INFO     Batch: [117/235] Epoch: [2] Loss: [1.742887761633275]
2019-07-24 18:40:55 INFO     Batch: [118/235] Epoch: [2] Loss: [1.742898373042836]
2019-07-24 18:40:55 INFO     Batch: [119/235] Epoch: [2] Loss: [1.7427282929420471]
2019-07-24 18:40:56 INFO     Batch: [120/235] Epoch: [2] Loss: [1.7422246864019346]
2019-07-24 18:40:56 INFO     Batch: [121/235] Epoch: [2] Loss: [1.7415748942093772]
2019-07-24 18:40:56 INFO     Batch: [122/235] Epoch: [2] Loss: [1.7407305163096607]
2019-07-24 18:40:56 INFO     Batch: [123/235] Epoch: [2] Loss: [1.7404764506124681]
2019-07-24 18:40:57 INFO     Batch: [124/235] Epoch: [2] Loss: [1.739680329322815]
2019-07-24 18:40:57 INFO     Batch: [125/235] Epoch: [2] Loss: [1.7393533294163053]
2019-07-24 18:40:57 INFO     Batch: [126/235] Epoch: [2] Loss: [1.7388111371693649]
2019-07-24 18:40:58 INFO     Batch: [127/235] Epoch: [2] Loss: [1.7387005416676402]
2019-07-24 18:40:58 INFO     Batch: [128/235] Epoch: [2] Loss: [1.7384977322216182]
2019-07-24 18:40:58 INFO     Batch: [129/235] Epoch: [2] Loss: [1.7374760811145489]
2019-07-24 18:40:58 INFO     Batch: [130/235] Epoch: [2] Loss: [1.738118355510799]
2019-07-24 18:40:59 INFO     Batch: [131/235] Epoch: [2] Loss: [1.73714736736182]
2019-07-24 18:40:59 INFO     Batch: [132/235] Epoch: [2] Loss: [1.7366928848108851]
2019-07-24 18:40:59 INFO     Batch: [133/235] Epoch: [2] Loss: [1.7361326226547582]
2019-07-24 18:41:00 INFO     Batch: [134/235] Epoch: [2] Loss: [1.7359767375168977]
2019-07-24 18:41:00 INFO     Batch: [135/235] Epoch: [2] Loss: [1.735955239218824]
2019-07-24 18:41:00 INFO     Batch: [136/235] Epoch: [2] Loss: [1.7355184833498767]
2019-07-24 18:41:01 INFO     Batch: [137/235] Epoch: [2] Loss: [1.7351260470307392]
2019-07-24 18:41:01 INFO     Batch: [138/235] Epoch: [2] Loss: [1.7347140878224545]
2019-07-24 18:41:01 INFO     Batch: [139/235] Epoch: [2] Loss: [1.7346857232706887]
2019-07-24 18:41:01 INFO     Batch: [140/235] Epoch: [2] Loss: [1.734053967692328]
2019-07-24 18:41:02 INFO     Batch: [141/235] Epoch: [2] Loss: [1.7340736347185055]
2019-07-24 18:41:02 INFO     Batch: [142/235] Epoch: [2] Loss: [1.7335978604696847]
2019-07-24 18:41:02 INFO     Batch: [143/235] Epoch: [2] Loss: [1.7331140231755044]
2019-07-24 18:41:03 INFO     Batch: [144/235] Epoch: [2] Loss: [1.733278047627416]
2019-07-24 18:41:03 INFO     Batch: [145/235] Epoch: [2] Loss: [1.7330274720714516]
2019-07-24 18:41:03 INFO     Batch: [146/235] Epoch: [2] Loss: [1.7330502636578617]
2019-07-24 18:41:03 INFO     Batch: [147/235] Epoch: [2] Loss: [1.7325261758791435]
2019-07-24 18:41:04 INFO     Batch: [148/235] Epoch: [2] Loss: [1.7326212905397351]
2019-07-24 18:41:04 INFO     Batch: [149/235] Epoch: [2] Loss: [1.7323295124371847]
2019-07-24 18:41:04 INFO     Batch: [150/235] Epoch: [2] Loss: [1.7319297222112189]
2019-07-24 18:41:05 INFO     Batch: [151/235] Epoch: [2] Loss: [1.7316296618235738]
2019-07-24 18:41:05 INFO     Batch: [152/235] Epoch: [2] Loss: [1.7316710645077276]
2019-07-24 18:41:05 INFO     Batch: [153/235] Epoch: [2] Loss: [1.7316094737548333]
2019-07-24 18:41:06 INFO     Batch: [154/235] Epoch: [2] Loss: [1.731054307568458]
2019-07-24 18:41:06 INFO     Batch: [155/235] Epoch: [2] Loss: [1.7308663328488667]
2019-07-24 18:41:06 INFO     Batch: [156/235] Epoch: [2] Loss: [1.7305680483010164]
2019-07-24 18:41:06 INFO     Batch: [157/235] Epoch: [2] Loss: [1.7308027110522306]
2019-07-24 18:41:07 INFO     Batch: [158/235] Epoch: [2] Loss: [1.730618232451145]
2019-07-24 18:41:07 INFO     Batch: [159/235] Epoch: [2] Loss: [1.730157708376646]
2019-07-24 18:41:07 INFO     Batch: [160/235] Epoch: [2] Loss: [1.7299614485746586]
2019-07-24 18:41:08 INFO     Batch: [161/235] Epoch: [2] Loss: [1.7296993371881084]
2019-07-24 18:41:08 INFO     Batch: [162/235] Epoch: [2] Loss: [1.7294680435964667]
2019-07-24 18:41:08 INFO     Batch: [163/235] Epoch: [2] Loss: [1.7292972621394367]
2019-07-24 18:41:08 INFO     Batch: [164/235] Epoch: [2] Loss: [1.7288388461777657]
2019-07-24 18:41:09 INFO     Batch: [165/235] Epoch: [2] Loss: [1.7288260029022953]
2019-07-24 18:41:09 INFO     Batch: [166/235] Epoch: [2] Loss: [1.7284228708929645]
2019-07-24 18:41:09 INFO     Batch: [167/235] Epoch: [2] Loss: [1.7283931544848852]
2019-07-24 18:41:10 INFO     Batch: [168/235] Epoch: [2] Loss: [1.728266986869496]
2019-07-24 18:41:10 INFO     Batch: [169/235] Epoch: [2] Loss: [1.7278148924603183]
2019-07-24 18:41:10 INFO     Batch: [170/235] Epoch: [2] Loss: [1.7274645441456844]
2019-07-24 18:41:11 INFO     Batch: [171/235] Epoch: [2] Loss: [1.7273629203785297]
2019-07-24 18:41:11 INFO     Batch: [172/235] Epoch: [2] Loss: [1.7275662780497116]
2019-07-24 18:41:11 INFO     Batch: [173/235] Epoch: [2] Loss: [1.727331090932605]
2019-07-24 18:41:11 INFO     Batch: [174/235] Epoch: [2] Loss: [1.7274225882121494]
2019-07-24 18:41:12 INFO     Batch: [175/235] Epoch: [2] Loss: [1.7273504043167287]
2019-07-24 18:41:12 INFO     Batch: [176/235] Epoch: [2] Loss: [1.7274229378350037]
2019-07-24 18:41:12 INFO     Batch: [177/235] Epoch: [2] Loss: [1.7271155333251096]
2019-07-24 18:41:13 INFO     Batch: [178/235] Epoch: [2] Loss: [1.7267168527208894]
2019-07-24 18:41:13 INFO     Batch: [179/235] Epoch: [2] Loss: [1.7267376436127557]
2019-07-24 18:41:13 INFO     Batch: [180/235] Epoch: [2] Loss: [1.7262242103808492]
2019-07-24 18:41:13 INFO     Batch: [181/235] Epoch: [2] Loss: [1.725133241532923]
2019-07-24 18:41:14 INFO     Batch: [182/235] Epoch: [2] Loss: [1.7247559893978097]
2019-07-24 18:41:14 INFO     Batch: [183/235] Epoch: [2] Loss: [1.7246941541847975]
2019-07-24 18:41:14 INFO     Batch: [184/235] Epoch: [2] Loss: [1.724562254467526]
2019-07-24 18:41:15 INFO     Batch: [185/235] Epoch: [2] Loss: [1.7246148708046123]
2019-07-24 18:41:15 INFO     Batch: [186/235] Epoch: [2] Loss: [1.7243255109073006]
2019-07-24 18:41:15 INFO     Batch: [187/235] Epoch: [2] Loss: [1.7243133624817462]
2019-07-24 18:41:16 INFO     Batch: [188/235] Epoch: [2] Loss: [1.7240651549485626]
2019-07-24 18:41:16 INFO     Batch: [189/235] Epoch: [2] Loss: [1.7234292519719978]
2019-07-24 18:41:16 INFO     Batch: [190/235] Epoch: [2] Loss: [1.723052803134419]
2019-07-24 18:41:16 INFO     Batch: [191/235] Epoch: [2] Loss: [1.7224910917381446]
2019-07-24 18:41:17 INFO     Batch: [192/235] Epoch: [2] Loss: [1.7216993842100232]
2019-07-24 18:41:17 INFO     Batch: [193/235] Epoch: [2] Loss: [1.7214556520747155]
2019-07-24 18:41:17 INFO     Batch: [194/235] Epoch: [2] Loss: [1.7209363179329114]
2019-07-24 18:41:18 INFO     Batch: [195/235] Epoch: [2] Loss: [1.7204639984636891]
2019-07-24 18:41:18 INFO     Batch: [196/235] Epoch: [2] Loss: [1.7204660709739337]
2019-07-24 18:41:18 INFO     Batch: [197/235] Epoch: [2] Loss: [1.7207861452391653]
2019-07-24 18:41:19 INFO     Batch: [198/235] Epoch: [2] Loss: [1.7208363332940106]
2019-07-24 18:41:19 INFO     Batch: [199/235] Epoch: [2] Loss: [1.7206741124391556]
2019-07-24 18:41:19 INFO     Batch: [200/235] Epoch: [2] Loss: [1.7201788348345022]
2019-07-24 18:41:19 INFO     Batch: [201/235] Epoch: [2] Loss: [1.720111109242581]
2019-07-24 18:41:20 INFO     Batch: [202/235] Epoch: [2] Loss: [1.7194990360090885]
2019-07-24 18:41:20 INFO     Batch: [203/235] Epoch: [2] Loss: [1.7189990813825644]
2019-07-24 18:41:20 INFO     Batch: [204/235] Epoch: [2] Loss: [1.7190912973590013]
2019-07-24 18:41:21 INFO     Batch: [205/235] Epoch: [2] Loss: [1.7191264530987416]
2019-07-24 18:41:21 INFO     Batch: [206/235] Epoch: [2] Loss: [1.7186871882222126]
2019-07-24 18:41:21 INFO     Batch: [207/235] Epoch: [2] Loss: [1.7186638930669198]
2019-07-24 18:41:21 INFO     Batch: [208/235] Epoch: [2] Loss: [1.7182773939160068]
2019-07-24 18:41:22 INFO     Batch: [209/235] Epoch: [2] Loss: [1.7178016787483579]
2019-07-24 18:41:22 INFO     Batch: [210/235] Epoch: [2] Loss: [1.7175425895582443]
2019-07-24 18:41:22 INFO     Batch: [211/235] Epoch: [2] Loss: [1.7175248889428265]
2019-07-24 18:41:23 INFO     Batch: [212/235] Epoch: [2] Loss: [1.7175519567140392]
2019-07-24 18:41:23 INFO     Batch: [213/235] Epoch: [2] Loss: [1.7169639457052]
2019-07-24 18:41:23 INFO     Batch: [214/235] Epoch: [2] Loss: [1.7166968733765358]
2019-07-24 18:41:24 INFO     Batch: [215/235] Epoch: [2] Loss: [1.716526930530866]
2019-07-24 18:41:24 INFO     Batch: [216/235] Epoch: [2] Loss: [1.7163290433619978]
2019-07-24 18:41:24 INFO     Batch: [217/235] Epoch: [2] Loss: [1.7156260893979203]
2019-07-24 18:41:24 INFO     Batch: [218/235] Epoch: [2] Loss: [1.715198049262234]
2019-07-24 18:41:25 INFO     Batch: [219/235] Epoch: [2] Loss: [1.7148755886337974]
2019-07-24 18:41:25 INFO     Batch: [220/235] Epoch: [2] Loss: [1.714911779666918]
2019-07-24 18:41:25 INFO     Batch: [221/235] Epoch: [2] Loss: [1.7143720973719347]
2019-07-24 18:41:26 INFO     Batch: [222/235] Epoch: [2] Loss: [1.7142189596800526]
2019-07-24 18:41:26 INFO     Batch: [223/235] Epoch: [2] Loss: [1.713765453015055]
2019-07-24 18:41:26 INFO     Batch: [224/235] Epoch: [2] Loss: [1.7134828058878582]
2019-07-24 18:41:26 INFO     Batch: [225/235] Epoch: [2] Loss: [1.7137553902853906]
2019-07-24 18:41:27 INFO     Batch: [226/235] Epoch: [2] Loss: [1.7129118584326186]
2019-07-24 18:41:27 INFO     Batch: [227/235] Epoch: [2] Loss: [1.7123669574135227]
2019-07-24 18:41:27 INFO     Batch: [228/235] Epoch: [2] Loss: [1.7119030124755925]
2019-07-24 18:41:28 INFO     Batch: [229/235] Epoch: [2] Loss: [1.7118156847746475]
2019-07-24 18:41:28 INFO     Batch: [230/235] Epoch: [2] Loss: [1.711456924289852]
2019-07-24 18:41:28 INFO     Batch: [231/235] Epoch: [2] Loss: [1.7110021936482396]
2019-07-24 18:41:29 INFO     Batch: [232/235] Epoch: [2] Loss: [1.7107517836943205]
2019-07-24 18:41:29 INFO     Batch: [233/235] Epoch: [2] Loss: [1.710590941274268]
2019-07-24 18:41:29 INFO     Batch: [234/235] Epoch: [2] Loss: [1.7105741160981198]
2019-07-24 18:41:29 INFO     ================================ Eval ================================

2019-07-24 18:41:36 INFO     [epoch 0] Accuracy: [0.40947265625]
2019-07-24 18:41:43 INFO     [epoch 1] Accuracy: [0.4056640625]
2019-07-24 18:41:49 INFO     [epoch 2] Accuracy: [0.409375]
2019-07-24 18:41:56 INFO     [epoch 3] Accuracy: [0.4140625]
2019-07-24 18:42:03 INFO     [epoch 4] Accuracy: [0.40908203125]
2019-07-24 18:42:03 INFO     ======================================================================

2019-07-24 18:42:03 INFO     **************** Epoch: [2/200] [NR] Accuracy: [0.4140625] ****************

2019-07-24 18:42:03 INFO     ================================ Eval ================================

2019-07-24 18:42:10 INFO     [epoch 0] Accuracy: [0.39326171875]
2019-07-24 18:42:16 INFO     [epoch 1] Accuracy: [0.3974609375]
2019-07-24 18:42:23 INFO     [epoch 2] Accuracy: [0.39921875]
2019-07-24 18:42:29 INFO     [epoch 3] Accuracy: [0.39365234375]
2019-07-24 18:42:36 INFO     [epoch 4] Accuracy: [0.39375]
2019-07-24 18:42:36 INFO     ======================================================================

2019-07-24 18:42:36 INFO     **************** Epoch: [2/200] [R] Accuracy: [0.39921875] ****************

2019-07-24 18:42:36 INFO     Saved model checkpoints into ./save/2019-07-24_18-33-34-[NR]-[0.4140625]-model.ckpt...
2019-07-24 18:42:36 INFO     Saved model checkpoints into ./save/2019-07-24_18-33-34-[R]-[0.39921875]-model.ckpt...
2019-07-24 18:42:36 INFO     Batch: [0/235] Epoch: [3] Loss: [1.5524760484695435]
2019-07-24 18:42:37 INFO     Batch: [1/235] Epoch: [3] Loss: [1.599525272846222]
2019-07-24 18:42:37 INFO     Batch: [2/235] Epoch: [3] Loss: [1.6179311275482178]
2019-07-24 18:42:37 INFO     Batch: [3/235] Epoch: [3] Loss: [1.6463998556137085]
2019-07-24 18:42:38 INFO     Batch: [4/235] Epoch: [3] Loss: [1.6175847053527832]
2019-07-24 18:42:38 INFO     Batch: [5/235] Epoch: [3] Loss: [1.615734875202179]
2019-07-24 18:42:38 INFO     Batch: [6/235] Epoch: [3] Loss: [1.6201447929654802]
2019-07-24 18:42:38 INFO     Batch: [7/235] Epoch: [3] Loss: [1.6310907304286957]
2019-07-24 18:42:39 INFO     Batch: [8/235] Epoch: [3] Loss: [1.6319090392854478]
2019-07-24 18:42:39 INFO     Batch: [9/235] Epoch: [3] Loss: [1.6206162691116333]
2019-07-24 18:42:39 INFO     Batch: [10/235] Epoch: [3] Loss: [1.6276106292551213]
2019-07-24 18:42:40 INFO     Batch: [11/235] Epoch: [3] Loss: [1.6269074380397797]
2019-07-24 18:42:40 INFO     Batch: [12/235] Epoch: [3] Loss: [1.623093421642597]
2019-07-24 18:42:40 INFO     Batch: [13/235] Epoch: [3] Loss: [1.6247013296399797]
2019-07-24 18:42:41 INFO     Batch: [14/235] Epoch: [3] Loss: [1.6277602195739747]
2019-07-24 18:42:41 INFO     Batch: [15/235] Epoch: [3] Loss: [1.627130851149559]
2019-07-24 18:42:41 INFO     Batch: [16/235] Epoch: [3] Loss: [1.6266075092203476]
2019-07-24 18:42:41 INFO     Batch: [17/235] Epoch: [3] Loss: [1.625667777326372]
2019-07-24 18:42:42 INFO     Batch: [18/235] Epoch: [3] Loss: [1.6229905517477738]
2019-07-24 18:42:42 INFO     Batch: [19/235] Epoch: [3] Loss: [1.6194806456565858]
2019-07-24 18:42:42 INFO     Batch: [20/235] Epoch: [3] Loss: [1.6254315262749082]
2019-07-24 18:42:43 INFO     Batch: [21/235] Epoch: [3] Loss: [1.6266551505435596]
2019-07-24 18:42:43 INFO     Batch: [22/235] Epoch: [3] Loss: [1.627833578897559]
2019-07-24 18:42:43 INFO     Batch: [23/235] Epoch: [3] Loss: [1.6273576617240906]
2019-07-24 18:42:43 INFO     Batch: [24/235] Epoch: [3] Loss: [1.6286350917816161]
2019-07-24 18:42:44 INFO     Batch: [25/235] Epoch: [3] Loss: [1.6306226895405695]
2019-07-24 18:42:44 INFO     Batch: [26/235] Epoch: [3] Loss: [1.629376839708399]
2019-07-24 18:42:44 INFO     Batch: [27/235] Epoch: [3] Loss: [1.6297608060496194]
2019-07-24 18:42:45 INFO     Batch: [28/235] Epoch: [3] Loss: [1.6305584907531738]
2019-07-24 18:42:45 INFO     Batch: [29/235] Epoch: [3] Loss: [1.6331310669581096]
2019-07-24 18:42:45 INFO     Batch: [30/235] Epoch: [3] Loss: [1.6324400632612166]
2019-07-24 18:42:46 INFO     Batch: [31/235] Epoch: [3] Loss: [1.6332776322960854]
2019-07-24 18:42:46 INFO     Batch: [32/235] Epoch: [3] Loss: [1.6332865700577244]
2019-07-24 18:42:46 INFO     Batch: [33/235] Epoch: [3] Loss: [1.6325315903214848]
2019-07-24 18:42:46 INFO     Batch: [34/235] Epoch: [3] Loss: [1.6349512815475464]
2019-07-24 18:42:47 INFO     Batch: [35/235] Epoch: [3] Loss: [1.6355893479453192]
2019-07-24 18:42:47 INFO     Batch: [36/235] Epoch: [3] Loss: [1.632177410898982]
2019-07-24 18:42:47 INFO     Batch: [37/235] Epoch: [3] Loss: [1.6315439563048513]
2019-07-24 18:42:48 INFO     Batch: [38/235] Epoch: [3] Loss: [1.6317359484159029]
2019-07-24 18:42:48 INFO     Batch: [39/235] Epoch: [3] Loss: [1.630926528573036]
2019-07-24 18:42:48 INFO     Batch: [40/235] Epoch: [3] Loss: [1.6298401704648646]
2019-07-24 18:42:48 INFO     Batch: [41/235] Epoch: [3] Loss: [1.6289757859139216]
2019-07-24 18:42:49 INFO     Batch: [42/235] Epoch: [3] Loss: [1.6287771518840346]
2019-07-24 18:42:49 INFO     Batch: [43/235] Epoch: [3] Loss: [1.629125478592786]
2019-07-24 18:42:49 INFO     Batch: [44/235] Epoch: [3] Loss: [1.6285848591062757]
2019-07-24 18:42:50 INFO     Batch: [45/235] Epoch: [3] Loss: [1.6285887179167375]
2019-07-24 18:42:50 INFO     Batch: [46/235] Epoch: [3] Loss: [1.629474589165221]
2019-07-24 18:42:50 INFO     Batch: [47/235] Epoch: [3] Loss: [1.6306266238292058]
2019-07-24 18:42:51 INFO     Batch: [48/235] Epoch: [3] Loss: [1.6306118356938264]
2019-07-24 18:42:51 INFO     Batch: [49/235] Epoch: [3] Loss: [1.6284453082084656]
2019-07-24 18:42:51 INFO     Batch: [50/235] Epoch: [3] Loss: [1.6286448497398227]
2019-07-24 18:42:51 INFO     Batch: [51/235] Epoch: [3] Loss: [1.630709707736969]
2019-07-24 18:42:52 INFO     Batch: [52/235] Epoch: [3] Loss: [1.63091789551501]
2019-07-24 18:42:52 INFO     Batch: [53/235] Epoch: [3] Loss: [1.6324329089235377]
2019-07-24 18:42:52 INFO     Batch: [54/235] Epoch: [3] Loss: [1.6323630983179265]
2019-07-24 18:42:53 INFO     Batch: [55/235] Epoch: [3] Loss: [1.6334451607295446]
2019-07-24 18:42:53 INFO     Batch: [56/235] Epoch: [3] Loss: [1.6353166500727336]
2019-07-24 18:42:53 INFO     Batch: [57/235] Epoch: [3] Loss: [1.6335876399073108]
2019-07-24 18:42:53 INFO     Batch: [58/235] Epoch: [3] Loss: [1.6314021530797926]
2019-07-24 18:42:54 INFO     Batch: [59/235] Epoch: [3] Loss: [1.6308827976385751]
2019-07-24 18:42:54 INFO     Batch: [60/235] Epoch: [3] Loss: [1.6301817327249246]
2019-07-24 18:42:54 INFO     Batch: [61/235] Epoch: [3] Loss: [1.6302682142103873]
2019-07-24 18:42:55 INFO     Batch: [62/235] Epoch: [3] Loss: [1.6312491136883933]
2019-07-24 18:42:55 INFO     Batch: [63/235] Epoch: [3] Loss: [1.6315208971500397]
2019-07-24 18:42:55 INFO     Batch: [64/235] Epoch: [3] Loss: [1.6309388454143818]
2019-07-24 18:42:56 INFO     Batch: [65/235] Epoch: [3] Loss: [1.6305137168277393]
2019-07-24 18:42:56 INFO     Batch: [66/235] Epoch: [3] Loss: [1.630312748809359]
2019-07-24 18:42:56 INFO     Batch: [67/235] Epoch: [3] Loss: [1.6306794688982122]
2019-07-24 18:42:56 INFO     Batch: [68/235] Epoch: [3] Loss: [1.6309190401132556]
2019-07-24 18:42:57 INFO     Batch: [69/235] Epoch: [3] Loss: [1.630682248728616]
2019-07-24 18:42:57 INFO     Batch: [70/235] Epoch: [3] Loss: [1.6301225793193763]
2019-07-24 18:42:57 INFO     Batch: [71/235] Epoch: [3] Loss: [1.6304170307185915]
2019-07-24 18:42:58 INFO     Batch: [72/235] Epoch: [3] Loss: [1.6311253733830908]
2019-07-24 18:42:58 INFO     Batch: [73/235] Epoch: [3] Loss: [1.6299896659077824]
2019-07-24 18:42:58 INFO     Batch: [74/235] Epoch: [3] Loss: [1.6301049137115478]
2019-07-24 18:42:59 INFO     Batch: [75/235] Epoch: [3] Loss: [1.6298129417394336]
2019-07-24 18:42:59 INFO     Batch: [76/235] Epoch: [3] Loss: [1.62842819597814]
2019-07-24 18:42:59 INFO     Batch: [77/235] Epoch: [3] Loss: [1.6279705044550774]
2019-07-24 18:42:59 INFO     Batch: [78/235] Epoch: [3] Loss: [1.6281167917613741]
2019-07-24 18:43:00 INFO     Batch: [79/235] Epoch: [3] Loss: [1.6269131362438203]
2019-07-24 18:43:00 INFO     Batch: [80/235] Epoch: [3] Loss: [1.6284744827835649]
2019-07-24 18:43:00 INFO     Batch: [81/235] Epoch: [3] Loss: [1.62817527898928]
2019-07-24 18:43:01 INFO     Batch: [82/235] Epoch: [3] Loss: [1.626786648509014]
2019-07-24 18:43:01 INFO     Batch: [83/235] Epoch: [3] Loss: [1.6267831609362648]
2019-07-24 18:43:01 INFO     Batch: [84/235] Epoch: [3] Loss: [1.6261723041534424]
2019-07-24 18:43:01 INFO     Batch: [85/235] Epoch: [3] Loss: [1.6262776394223057]
2019-07-24 18:43:02 INFO     Batch: [86/235] Epoch: [3] Loss: [1.626874381098254]
2019-07-24 18:43:02 INFO     Batch: [87/235] Epoch: [3] Loss: [1.6261792223561893]
2019-07-24 18:43:02 INFO     Batch: [88/235] Epoch: [3] Loss: [1.6263492040419847]
2019-07-24 18:43:03 INFO     Batch: [89/235] Epoch: [3] Loss: [1.6253873811827766]
2019-07-24 18:43:03 INFO     Batch: [90/235] Epoch: [3] Loss: [1.6252428188428774]
2019-07-24 18:43:03 INFO     Batch: [91/235] Epoch: [3] Loss: [1.624799071446709]
2019-07-24 18:43:04 INFO     Batch: [92/235] Epoch: [3] Loss: [1.6235067613663212]
2019-07-24 18:43:04 INFO     Batch: [93/235] Epoch: [3] Loss: [1.624385637171725]
2019-07-24 18:43:04 INFO     Batch: [94/235] Epoch: [3] Loss: [1.623687908523961]
2019-07-24 18:43:04 INFO     Batch: [95/235] Epoch: [3] Loss: [1.624693722774585]
2019-07-24 18:43:05 INFO     Batch: [96/235] Epoch: [3] Loss: [1.624172305323414]
2019-07-24 18:43:05 INFO     Batch: [97/235] Epoch: [3] Loss: [1.6242869982914048]
2019-07-24 18:43:05 INFO     Batch: [98/235] Epoch: [3] Loss: [1.6244455323074802]
2019-07-24 18:43:06 INFO     Batch: [99/235] Epoch: [3] Loss: [1.624728400707245]
2019-07-24 18:43:06 INFO     Batch: [100/235] Epoch: [3] Loss: [1.6245948961465666]
2019-07-24 18:43:06 INFO     Batch: [101/235] Epoch: [3] Loss: [1.6246337727004407]
2019-07-24 18:43:06 INFO     Batch: [102/235] Epoch: [3] Loss: [1.6246408444006466]
2019-07-24 18:43:07 INFO     Batch: [103/235] Epoch: [3] Loss: [1.6244452251837804]
2019-07-24 18:43:07 INFO     Batch: [104/235] Epoch: [3] Loss: [1.6246213549659365]
2019-07-24 18:43:07 INFO     Batch: [105/235] Epoch: [3] Loss: [1.6248876519922941]
2019-07-24 18:43:08 INFO     Batch: [106/235] Epoch: [3] Loss: [1.6239335046750363]
2019-07-24 18:43:08 INFO     Batch: [107/235] Epoch: [3] Loss: [1.624216753023642]
2019-07-24 18:43:08 INFO     Batch: [108/235] Epoch: [3] Loss: [1.6235009322472669]
2019-07-24 18:43:09 INFO     Batch: [109/235] Epoch: [3] Loss: [1.6235578060150146]
2019-07-24 18:43:09 INFO     Batch: [110/235] Epoch: [3] Loss: [1.6227046068724211]
2019-07-24 18:43:09 INFO     Batch: [111/235] Epoch: [3] Loss: [1.6227414831519127]
2019-07-24 18:43:09 INFO     Batch: [112/235] Epoch: [3] Loss: [1.6226113834212312]
2019-07-24 18:43:10 INFO     Batch: [113/235] Epoch: [3] Loss: [1.6222599807538485]
2019-07-24 18:43:10 INFO     Batch: [114/235] Epoch: [3] Loss: [1.6222733704940133]
2019-07-24 18:43:10 INFO     Batch: [115/235] Epoch: [3] Loss: [1.6223224411750663]
